debs$start:INTEGER(64 bits),debs$end:INTEGER(64 bits),debs$sid:INTEGER(64 bits),debs$absolute_v:INTEGER(64 bits),timestamp
10629000,10630000,98,1699540063781,1699540063843
10634000,10635000,63,1699540063685,1699540064823
10634000,10635000,47,1699540063704,1699540064823
10634000,10635000,54,1699540063714,1699540064823
10634000,10635000,24,1699540063724,1699540064823
10634000,10635000,74,1699540063748,1699540064823
10634000,10635000,100,1699540063758,1699540064823
10634000,10635000,13,1699540063771,1699540064823
10635000,10636000,63,1699540063706,1699540069119
10635000,10636000,54,1699540063718,1699540069119
10635000,10636000,24,1699540063747,1699540069119
10635000,10636000,74,1699540063769,1699540069119
10635000,10636000,100,1699540063780,1699540069119
10635000,10636000,13,1699540063792,1699540069119
10635000,10636000,98,1699540063788,1699540069119
10635000,10636000,47,1699540064762,1699540069119
10636000,10637000,98,1699540065914,1699540073354
10636000,10637000,54,1699540066913,1699540073354
10636000,10637000,63,1699540067934,1699540073354
10636000,10637000,74,1699540068002,1699540073354
10636000,10637000,100,1699540068002,1699540073354
10636000,10637000,47,1699540069001,1699540073354
10636000,10637000,24,1699540069021,1699540073354
10636000,10637000,13,1699540069069,1699540073354
10637000,10638000,98,1699540069064,1699540078644
10637000,10638000,54,1699540072175,1699540078644
10637000,10638000,100,1699540072225,1699540078644
10637000,10638000,74,1699540072234,1699540078644
10637000,10638000,63,1699540073192,1699540078644
10637000,10638000,47,1699540073236,1699540078644
10637000,10638000,24,1699540073258,1699540078644
10637000,10638000,13,1699540073311,1699540078644
10638000,10639000,98,1699540070126,1699540082876
10638000,10639000,54,1699540076413,1699540082876
10638000,10639000,100,1699540076450,1699540082876
10638000,10639000,74,1699540076467,1699540082876
10638000,10639000,63,1699540077421,1699540082876
10638000,10639000,47,1699540077471,1699540082876
10638000,10639000,24,1699540077476,1699540082876
10638000,10639000,13,1699540078582,1699540082876
10639000,10640000,98,1699540073295,1699540087108
10639000,10640000,54,1699540080650,1699540087108
10639000,10640000,100,1699540080675,1699540087108
10639000,10640000,74,1699540080698,1699540087108
10639000,10640000,63,1699540081650,1699540087108
10639000,10640000,47,1699540081705,1699540087108
10639000,10640000,24,1699540081714,1699540087108
10639000,10640000,13,1699540082828,1699540087108
10640000,10641000,98,1699540074363,1699540092395
10640000,10641000,54,1699540084884,1699540092395
10640000,10641000,100,1699540084902,1699540092395
10640000,10641000,63,1699540085881,1699540092395
10640000,10641000,47,1699540085942,1699540092395
10640000,10641000,24,1699540085949,1699540092395
10640000,10641000,74,1699540085966,1699540092395
10640000,10641000,13,1699540087066,1699540092395
10641000,10642000,98,1699540078589,1699540096631
10641000,10642000,54,1699540089119,1699540096631
10641000,10642000,100,1699540089125,1699540096631
10641000,10642000,63,1699540090106,1699540096631
10641000,10642000,74,1699540090200,1699540096631
10641000,10642000,47,1699540091211,1699540096631
10641000,10642000,24,1699540091214,1699540096631
10641000,10642000,13,1699540092339,1699540096631
10642000,10643000,98,1699540081768,1699540100863
10642000,10643000,54,1699540093349,1699540100863
10642000,10643000,100,1699540093344,1699540100863
10642000,10643000,63,1699540094331,1699540100863
10642000,10643000,74,1699540094431,1699540100863
10642000,10643000,47,1699540095450,1699540100863
10642000,10643000,24,1699540095455,1699540100863
10642000,10643000,13,1699540096585,1699540100863
10643000,10644000,100,1699540097563,1699540106152
10643000,10644000,54,1699540097583,1699540106152
10643000,10644000,63,1699540098561,1699540106152
10643000,10644000,74,1699540098664,1699540106152
10643000,10644000,24,1699540099688,1699540106152
10643000,10644000,47,1699540099685,1699540106152
10643000,10644000,13,1699540100823,1699540106152
10644000,10645000,100,1699540101785,1699540110386
10644000,10645000,63,1699540102786,1699540110386
10644000,10645000,54,1699540102853,1699540110386
10644000,10645000,74,1699540102896,1699540110386
10644000,10645000,24,1699540103924,1699540110386
10644000,10645000,47,1699540103919,1699540110386
10644000,10645000,13,1699540106101,1699540110386
10645000,10646000,98,1699540084916,1699540115677
10645000,10646000,100,1699540104979,1699540115677
10645000,10646000,63,1699540107012,1699540115677
10645000,10646000,54,1699540107089,1699540115677
10645000,10646000,74,1699540107129,1699540115677
10645000,10646000,47,1699540108152,1699540115677
10645000,10646000,24,1699540109198,1699540115677
10645000,10646000,13,1699540110341,1699540115677
10646000,10647000,98,1699540084938,1699540119910
10646000,10647000,100,1699540109202,1699540119910
10646000,10647000,63,1699540111237,1699540119910
10646000,10647000,54,1699540111328,1699540119910
10646000,10647000,74,1699540111363,1699540119910
10646000,10647000,24,1699540113432,1699540119910
10646000,10647000,47,1699540113417,1699540119910
10646000,10647000,13,1699540115615,1699540119910
10647000,10648000,100,1699540113428,1699540124143
10647000,10648000,63,1699540115465,1699540124143
10647000,10648000,54,1699540115559,1699540124143
10647000,10648000,74,1699540115592,1699540124143
10647000,10648000,24,1699540117664,1699540124143
10647000,10648000,47,1699540117654,1699540124143
10647000,10648000,13,1699540119859,1699540124143
10648000,10649000,100,1699540117650,1699540129435
10648000,10649000,63,1699540119693,1699540129435
10648000,10649000,54,1699540119795,1699540129435
10648000,10649000,74,1699540119826,1699540129435
10648000,10649000,47,1699540121894,1699540129435
10648000,10649000,24,1699540122936,1699540129435
10648000,10649000,13,1699540124101,1699540129435
10649000,10650000,98,1699540085991,1699540133664
10649000,10650000,100,1699540121873,1699540133664
10649000,10650000,54,1699540124029,1699540133664
10649000,10650000,74,1699540124059,1699540133664
10649000,10650000,63,1699540124952,1699540133664
10649000,10650000,47,1699540126129,1699540133664
10649000,10650000,24,1699540127174,1699540133664
10649000,10650000,13,1699540129377,1699540133664
10650000,10651000,98,1699540089156,1699540137895
10650000,10651000,100,1699540126094,1699540137895
10650000,10651000,54,1699540128263,1699540137895
10650000,10651000,74,1699540128293,1699540137895
10650000,10651000,63,1699540129180,1699540137895
10650000,10651000,47,1699540130364,1699540137895
10650000,10651000,24,1699540131410,1699540137895
10650000,10651000,13,1699540133617,1699540137895
10651000,10652000,100,1699540130321,1699540143185
10651000,10652000,74,1699540132525,1699540143185
10651000,10652000,63,1699540133408,1699540143185
10651000,10652000,54,1699540133531,1699540143185
10651000,10652000,47,1699540134595,1699540143185
10651000,10652000,24,1699540136673,1699540143185
10651000,10652000,13,1699540137855,1699540143185
10652000,10653000,100,1699540134542,1699540147416
10652000,10653000,74,1699540136755,1699540147416
10652000,10653000,63,1699540137636,1699540147416
10652000,10653000,54,1699540137767,1699540147416
10652000,10653000,24,1699540139855,1699540147416
10652000,10653000,47,1699540139861,1699540147416
10652000,10653000,13,1699540143134,1699540147416
10653000,10654000,98,1699540090212,1699540152709
10653000,10654000,100,1699540138758,1699540152709
10653000,10654000,74,1699540140986,1699540152709
10653000,10654000,63,1699540141863,1699540152709
10653000,10654000,54,1699540142005,1699540152709
10653000,10654000,24,1699540144089,1699540152709
10653000,10654000,47,1699540144100,1699540152709
10653000,10654000,13,1699540147372,1699540152709
10654000,10655000,98,1699540093384,1699540156935
10654000,10655000,100,1699540142981,1699540156935
10654000,10655000,74,1699540145219,1699540156935
10654000,10655000,63,1699540146093,1699540156935
10654000,10655000,54,1699540146240,1699540156935
10654000,10655000,47,1699540148337,1699540156935
10654000,10655000,24,1699540149358,1699540156935
10654000,10655000,13,1699540152647,1699540156935
10655000,10656000,98,1699540096555,1699540161168
10655000,10656000,100,1699540146171,1699540161168
10655000,10656000,74,1699540149450,1699540161168
10655000,10656000,63,1699540150318,1699540161168
10655000,10656000,54,1699540150474,1699540161168
10655000,10656000,47,1699540152564,1699540161168
10655000,10656000,24,1699540153598,1699540161168
10655000,10656000,13,1699540156887,1699540161168
10656000,10657000,98,1699540100781,1699540166460
10656000,10657000,100,1699540150394,1699540166460
10656000,10657000,74,1699540153681,1699540166460
10656000,10657000,63,1699540154544,1699540166460
10656000,10657000,54,1699540154710,1699540166460
10656000,10657000,47,1699540156798,1699540166460
10656000,10657000,24,1699540157834,1699540166460
10656000,10657000,13,1699540161126,1699540166460
10657000,10658000,98,1699540102898,1699540170694
10657000,10658000,100,1699540154612,1699540170694
10657000,10658000,74,1699540157912,1699540170694
10657000,10658000,63,1699540158770,1699540170694
10657000,10658000,54,1699540158942,1699540170694
10657000,10658000,47,1699540161033,1699540170694
10657000,10658000,24,1699540162069,1699540170694
10657000,10658000,13,1699540166404,1699540170694
10658000,10659000,98,1699540106070,1699540174928
10658000,10659000,100,1699540158838,1699540174928
10658000,10659000,74,1699540162145,1699540174928
10658000,10659000,63,1699540162994,1699540174928
10658000,10659000,54,1699540163177,1699540174928
10658000,10659000,47,1699540166303,1699540174928
10658000,10659000,24,1699540167340,1699540174928
10658000,10659000,13,1699540170646,1699540174928
10659000,10660000,98,1699540106074,1699540180221
10659000,10660000,100,1699540163065,1699540180221
10659000,10660000,74,1699540166377,1699540180221
10659000,10660000,63,1699540167220,1699540180221
10659000,10660000,54,1699540168447,1699540180221
10659000,10660000,24,1699540169469,1699540180221
10659000,10660000,47,1699540170542,1699540180221
10659000,10660000,13,1699540174887,1699540180221
10660000,10661000,100,1699540167290,1699540184450
10660000,10661000,54,1699540169510,1699540184450
10660000,10661000,74,1699540170610,1699540184450
10660000,10661000,63,1699540172479,1699540184450
10660000,10661000,24,1699540174741,1699540184450
10660000,10661000,47,1699540174776,1699540184450
10660000,10661000,13,1699540180167,1699540184450
10661000,10662000,98,1699540107125,1699540189742
10661000,10662000,100,1699540171518,1699540189742
10661000,10662000,54,1699540173743,1699540189742
10661000,10662000,74,1699540174841,1699540189742
10661000,10662000,63,1699540176707,1699540189742
10661000,10662000,24,1699540178975,1699540189742
10661000,10662000,47,1699540179011,1699540189742
10661000,10662000,13,1699540184406,1699540189742
10662000,10663000,98,1699540109232,1699540193973
10662000,10663000,100,1699540175743,1699540193973
10662000,10663000,54,1699540177979,1699540193973
10662000,10663000,74,1699540179072,1699540193973
10662000,10663000,63,1699540180934,1699540193973
10662000,10663000,24,1699540183209,1699540193973
10662000,10663000,47,1699540183243,1699540193973
10662000,10663000,13,1699540189679,1699540193973
10663000,10664000,100,1699540179966,1699540198202
10663000,10664000,54,1699540182213,1699540198202
10663000,10664000,74,1699540183305,1699540198202
10663000,10664000,63,1699540185164,1699540198202
10663000,10664000,24,1699540187425,1699540198202
10663000,10664000,47,1699540188511,1699540198202
10663000,10664000,13,1699540193924,1699540198202
10664000,10665000,100,1699540184189,1699540203493
10664000,10665000,54,1699540186447,1699540203493
10664000,10665000,74,1699540187537,1699540203493
10664000,10665000,63,1699540189392,1699540203493
10664000,10665000,24,1699540191664,1699540203493
10664000,10665000,47,1699540192750,1699540203493
10664000,10665000,13,1699540198160,1699540203493
10665000,10666000,98,1699540110295,1699540207724
10665000,10666000,100,1699540187383,1699540207724
10665000,10666000,54,1699540190684,1699540207724
10665000,10666000,74,1699540191770,1699540207724
10665000,10666000,63,1699540193623,1699540207724
10665000,10666000,24,1699540195898,1699540207724
10665000,10666000,47,1699540196987,1699540207724
10665000,10666000,13,1699540203435,1699540207724
10666000,10667000,98,1699540112401,1699540211956
10666000,10667000,100,1699540191610,1699540211956
10666000,10667000,54,1699540194916,1699540211956
10666000,10667000,74,1699540196001,1699540211956
10666000,10667000,63,1699540197850,1699540211956
10666000,10667000,24,1699540201165,1699540211956
10666000,10667000,47,1699540201222,1699540211956
10666000,10667000,13,1699540207678,1699540211956
10667000,10668000,98,1699540115584,1699540217245
10667000,10668000,100,1699540195836,1699540217245
10667000,10668000,54,1699540200181,1699540217245
10667000,10668000,74,1699540200233,1699540217245
10667000,10668000,63,1699540202078,1699540217245
10667000,10668000,24,1699540205400,1699540217245
10667000,10668000,47,1699540205457,1699540217245
10667000,10668000,13,1699540211915,1699540217245
10668000,10669000,98,1699540116643,1699540221477
10668000,10669000,100,1699540200062,1699540221477
10668000,10669000,54,1699540204420,1699540221477
10668000,10669000,74,1699540204466,1699540221477
10668000,10669000,63,1699540206308,1699540221477
10668000,10669000,24,1699540209616,1699540221477
10668000,10669000,47,1699540209693,1699540221477
10668000,10669000,13,1699540217194,1699540221477
10669000,10670000,98,1699540117702,1699540226766
10669000,10670000,100,1699540204289,1699540226766
10669000,10670000,54,1699540208655,1699540226766
10669000,10670000,74,1699540208696,1699540226766
10669000,10670000,63,1699540210534,1699540226766
10669000,10670000,24,1699540213857,1699540226766
10669000,10670000,47,1699540214962,1699540226766
10669000,10670000,13,1699540221432,1699540226766
10670000,10671000,98,1699540121915,1699540230997
10670000,10671000,100,1699540208511,1699540230997
10670000,10671000,54,1699540212873,1699540230997
10670000,10671000,74,1699540212928,1699540230997
10670000,10671000,63,1699540214762,1699540230997
10670000,10671000,24,1699540218095,1699540230997
10670000,10671000,47,1699540219202,1699540230997
10670000,10671000,13,1699540226703,1699540230997
10671000,10672000,98,1699540125094,1699540235229
10671000,10672000,100,1699540212737,1699540235229
10671000,10672000,54,1699540217112,1699540235229
10671000,10672000,74,1699540217161,1699540235229
10671000,10672000,63,1699540220022,1699540235229
10671000,10672000,24,1699540222329,1699540235229
10671000,10672000,47,1699540223439,1699540235229
10671000,10672000,13,1699540230948,1699540235229
10672000,10673000,98,1699540127190,1699540240518
10672000,10673000,100,1699540216958,1699540240518
10672000,10673000,54,1699540221345,1699540240518
10672000,10673000,74,1699540221393,1699540240518
10672000,10673000,63,1699540224254,1699540240518
10672000,10673000,24,1699540227599,1699540240518
10672000,10673000,47,1699540227674,1699540240518
10672000,10673000,13,1699540235186,1699540240518
10673000,10674000,100,1699540221179,1699540244746
10673000,10674000,54,1699540225584,1699540244746
10673000,10674000,74,1699540226658,1699540244746
10673000,10674000,63,1699540228485,1699540244746
10673000,10674000,24,1699540231835,1699540244746
10673000,10674000,47,1699540231905,1699540244746
10673000,10674000,13,1699540240461,1699540244746
10674000,10675000,100,1699540225401,1699540248978
10674000,10675000,54,1699540229819,1699540248978
10674000,10675000,74,1699540230892,1699540248978
10674000,10675000,63,1699540232713,1699540248978
10674000,10675000,24,1699540236068,1699540248978
10674000,10675000,47,1699540236137,1699540248978
10674000,10675000,13,1699540244698,1699540248978
10675000,10676000,98,1699540128267,1699540254268
10675000,10676000,100,1699540228595,1699540254268
10675000,10676000,54,1699540234053,1699540254268
10675000,10676000,74,1699540235124,1699540254268
10675000,10676000,63,1699540236943,1699540254268
10675000,10676000,24,1699540241342,1699540254268
10675000,10676000,47,1699540241408,1699540254268
10675000,10676000,13,1699540248937,1699540254268
10676000,10677000,98,1699540130371,1699540258499
10676000,10677000,100,1699540232821,1699540258499
10676000,10677000,54,1699540238287,1699540258499
10676000,10677000,74,1699540239357,1699540258499
10676000,10677000,63,1699540241168,1699540258499
10676000,10677000,24,1699540245572,1699540258499
10676000,10677000,47,1699540245646,1699540258499
10676000,10677000,13,1699540254216,1699540258499
10677000,10678000,98,1699540131429,1699540263786
10677000,10678000,100,1699540237044,1699540263786
10677000,10678000,54,1699540242522,1699540263786
10677000,10678000,74,1699540243588,1699540263786
10677000,10678000,63,1699540245396,1699540263786
10677000,10678000,24,1699540249808,1699540263786
10677000,10678000,47,1699540249878,1699540263786
10677000,10678000,13,1699540258455,1699540263786
10678000,10679000,98,1699540132497,1699540268015
10678000,10679000,100,1699540241271,1699540268015
10678000,10679000,54,1699540247794,1699540268015
10678000,10679000,74,1699540247819,1699540268015
10678000,10679000,63,1699540249617,1699540268015
10678000,10679000,24,1699540254030,1699540268015
10678000,10679000,47,1699540254113,1699540268015
10678000,10679000,13,1699540263726,1699540268015
10679000,10680000,98,1699540135657,1699540272251
10679000,10680000,100,1699540245497,1699540272251
10679000,10680000,54,1699540250982,1699540272251
10679000,10680000,74,1699540252052,1699540272251
10679000,10680000,63,1699540253844,1699540272251
10679000,10680000,24,1699540258265,1699540272251
10679000,10680000,47,1699540258345,1699540272251
10679000,10680000,13,1699540267967,1699540272251
10680000,10681000,100,1699540249723,1699540277542
10680000,10681000,54,1699540255217,1699540277542
10680000,10681000,74,1699540256285,1699540277542
10680000,10681000,63,1699540258069,1699540277542
10680000,10681000,24,1699540263534,1699540277542
10680000,10681000,47,1699540263613,1699540277542
10680000,10681000,13,1699540272209,1699540277542
10681000,10682000,100,1699540253951,1699540281768
10681000,10682000,54,1699540259451,1699540281768
10681000,10682000,74,1699540260517,1699540281768
10681000,10682000,63,1699540262299,1699540281768
10681000,10682000,24,1699540267768,1699540281768
10681000,10682000,47,1699540267850,1699540281768
10681000,10682000,13,1699540277486,1699540281768
10682000,10683000,98,1699540136719,1699540285996
10682000,10683000,100,1699540258177,1699540285996
10682000,10683000,54,1699540264721,1699540285996
10682000,10683000,74,1699540264751,1699540285996
10682000,10683000,63,1699540267558,1699540285996
10682000,10683000,24,1699540272001,1699540285996
10682000,10683000,47,1699540272089,1699540285996
10682000,10683000,13,1699540281722,1699540285996
10683000,10684000,98,1699540139885,1699540291286
10683000,10684000,100,1699540262404,1699540291286
10683000,10684000,54,1699540268959,1699540291286
10683000,10684000,74,1699540268984,1699540291286
10683000,10684000,63,1699540271789,1699540291286
10683000,10684000,47,1699540276321,1699540291286
10683000,10684000,24,1699540277269,1699540291286
10683000,10684000,13,1699540285956,1699540291286
10684000,10685000,98,1699540144110,1699540295520
10684000,10685000,100,1699540266628,1699540295520
10684000,10685000,54,1699540273197,1699540295520
10684000,10685000,74,1699540273218,1699540295520
10684000,10685000,63,1699540276017,1699540295520
10684000,10685000,47,1699540280556,1699540295520
10684000,10685000,24,1699540281510,1699540295520
10684000,10685000,13,1699540291233,1699540295520
10685000,10686000,98,1699540148336,1699540300807
10685000,10686000,100,1699540267698,1699540300807
10685000,10686000,54,1699540277432,1699540300807
10685000,10686000,74,1699540277450,1699540300807
10685000,10686000,63,1699540280245,1699540300807
10685000,10686000,47,1699540284790,1699540300807
10685000,10686000,24,1699540285746,1699540300807
10685000,10686000,13,1699540295476,1699540300807
10686000,10687000,100,1699540269802,1699540305039
10686000,10687000,54,1699540281665,1699540305039
10686000,10687000,74,1699540281683,1699540305039
10686000,10687000,63,1699540284478,1699540305039
10686000,10687000,24,1699540289978,1699540305039
10686000,10687000,47,1699540290058,1699540305039
10686000,10687000,13,1699540300744,1699540305039
10687000,10688000,98,1699540148348,1699540309274
10687000,10688000,100,1699540274026,1699540309274
10687000,10688000,54,1699540285899,1699540309274
10687000,10688000,74,1699540285909,1699540309274
10687000,10688000,63,1699540288701,1699540309274
10687000,10688000,47,1699540294296,1699540309274
10687000,10688000,24,1699540295253,1699540309274
10687000,10688000,13,1699540304991,1699540309274
10688000,10689000,98,1699540151512,1699540314565
10688000,10689000,100,1699540277220,1699540314565
10688000,10689000,54,1699540290132,1699540314565
10688000,10689000,74,1699540290145,1699540314565
10688000,10689000,63,1699540292930,1699540314565
10688000,10689000,47,1699540298535,1699540314565
10688000,10689000,24,1699540299487,1699540314565
10688000,10689000,13,1699540309231,1699540314565
10689000,10690000,98,1699540155735,1699540318793
10689000,10690000,100,1699540281446,1699540318793
10689000,10690000,74,1699540294377,1699540318793
10689000,10690000,54,1699540295401,1699540318793
10689000,10690000,63,1699540297159,1699540318793
10689000,10690000,47,1699540302768,1699540318793
10689000,10690000,24,1699540303720,1699540318793
10689000,10690000,13,1699540314509,1699540318793
10690000,10691000,98,1699540155736,1699540323025
10690000,10691000,100,1699540285674,1699540323025
10690000,10691000,54,1699540298589,1699540323025
10690000,10691000,74,1699540298609,1699540323025
10690000,10691000,63,1699540301385,1699540323025
10690000,10691000,47,1699540307002,1699540323025
10690000,10691000,24,1699540308991,1699540323025
10690000,10691000,13,1699540318746,1699540323025
10691000,10692000,98,1699540156811,1699540328312
10691000,10692000,100,1699540289901,1699540328312
10691000,10692000,54,1699540300708,1699540328312
10691000,10692000,74,1699540302842,1699540328312
10691000,10692000,63,1699540305614,1699540328312
10691000,10692000,47,1699540311232,1699540328312
10691000,10692000,24,1699540313226,1699540328312
10691000,10692000,13,1699540322984,1699540328312
10692000,10693000,100,1699540294128,1699540332546
10692000,10693000,54,1699540304942,1699540332546
10692000,10693000,74,1699540307074,1699540332546
10692000,10693000,63,1699540309839,1699540332546
10692000,10693000,47,1699540316500,1699540332546
10692000,10693000,24,1699540317462,1699540332546
10692000,10693000,13,1699540328259,1699540332546
10693000,10694000,100,1699540298356,1699540337835
10693000,10694000,54,1699540309176,1699540337835
10693000,10694000,74,1699540311303,1699540337835
10693000,10694000,63,1699540315092,1699540337835
10693000,10694000,47,1699540320735,1699540337835
10693000,10694000,24,1699540322731,1699540337835
10693000,10694000,13,1699540332500,1699540337835
10694000,10695000,98,1699540158915,1699540342067
10694000,10695000,100,1699540302581,1699540342067
10694000,10695000,54,1699540314443,1699540342067
10694000,10695000,74,1699540315533,1699540342067
10694000,10695000,63,1699540319321,1699540342067
10694000,10695000,47,1699540324972,1699540342067
10694000,10695000,24,1699540326971,1699540342067
10694000,10695000,13,1699540337773,1699540342067
10695000,10696000,98,1699540162095,1699540346298
10695000,10696000,100,1699540306803,1699540346298
10695000,10696000,54,1699540318682,1699540346298
10695000,10696000,74,1699540319765,1699540346298
10695000,10696000,63,1699540323552,1699540346298
10695000,10696000,47,1699540329207,1699540346298
10695000,10696000,24,1699540331205,1699540346298
10695000,10696000,13,1699540342017,1699540346298
10696000,10697000,98,1699540166321,1699540351587
10696000,10697000,100,1699540311029,1699540351587
10696000,10697000,54,1699540322918,1699540351587
10696000,10697000,74,1699540323997,1699540351587
10696000,10697000,63,1699540327784,1699540351587
10696000,10697000,47,1699540333438,1699540351587
10696000,10697000,24,1699540336475,1699540351587
10696000,10697000,13,1699540346255,1699540351587
10697000,10698000,98,1699540168431,1699540355811
10697000,10698000,100,1699540315252,1699540355811
10697000,10698000,54,1699540327153,1699540355811
10697000,10698000,74,1699540328229,1699540355811
10697000,10698000,63,1699540332010,1699540355811
10697000,10698000,47,1699540338706,1699540355811
10697000,10698000,24,1699540340710,1699540355811
10697000,10698000,13,1699540351529,1699540355811
10698000,10699000,98,1699540169487,1699540360044
10698000,10699000,100,1699540318447,1699540360044
10698000,10699000,54,1699540331388,1699540360044
10698000,10699000,74,1699540332459,1699540360044
10698000,10699000,63,1699540336236,1699540360044
10698000,10699000,47,1699540342940,1699540360044
10698000,10699000,24,1699540344946,1699540360044
10698000,10699000,13,1699540355764,1699540360044
10699000,10700000,98,1699540170537,1699540363217
10699000,10700000,100,1699540322673,1699540363217
10699000,10700000,54,1699540335623,1699540363217
10699000,10700000,74,1699540336690,1699540363217
10699000,10700000,63,1699540340461,1699540363217
10699000,10700000,47,1699540347179,1699540363217
10699000,10700000,24,1699540349181,1699540363217
10699000,10700000,13,1699540360003,1699540363217
10700000,10701000,98,1699540173712,1699540367449
10700000,10701000,100,1699540326900,1699540367449
10700000,10701000,54,1699540339856,1699540367449
10700000,10701000,74,1699540340919,1699540367449
10700000,10701000,63,1699540344686,1699540367449
10700000,10701000,47,1699540351413,1699540367449
10700000,10701000,24,1699540354455,1699540367449
10700000,10701000,13,1699540363172,1699540367449
10701000,10702000,98,1699540177937,1699540371679
10701000,10702000,100,1699540327959,1699540371679
10701000,10702000,54,1699540345121,1699540371679
10701000,10702000,74,1699540345151,1699540371679
10701000,10702000,63,1699540348907,1699540371679
10701000,10702000,47,1699540355645,1699540371679
10701000,10702000,24,1699540358693,1699540371679
10701000,10702000,13,1699540367395,1699540371679
10702000,10703000,98,1699540181116,1699540376968
10702000,10703000,100,1699540332177,1699540376968
10702000,10703000,54,1699540349355,1699540376968
10702000,10703000,74,1699540349381,1699540376968
10702000,10703000,63,1699540353137,1699540376968
10702000,10703000,47,1699540359879,1699540376968
10702000,10703000,24,1699540362928,1699540376968
10702000,10703000,13,1699540371634,1699540376968
10703000,10704000,98,1699540183218,1699540381204
10703000,10704000,100,1699540336405,1699540381204
10703000,10704000,54,1699540353590,1699540381204
10703000,10704000,74,1699540353613,1699540381204
10703000,10704000,63,1699540357365,1699540381204
10703000,10704000,47,1699540365146,1699540381204
10703000,10704000,24,1699540368202,1699540381204
10703000,10704000,13,1699540376909,1699540381204
10704000,10705000,98,1699540186384,1699540385437
10704000,10705000,100,1699540340630,1699540385437
10704000,10705000,54,1699540357828,1699540385437
10704000,10705000,74,1699540357844,1699540385437
10704000,10705000,63,1699540361593,1699540385437
10704000,10705000,47,1699540369384,1699540385437
10704000,10705000,24,1699540372438,1699540385437
10704000,10705000,13,1699540381155,1699540385437
10705000,10706000,98,1699540190605,1699540390728
10705000,10706000,100,1699540342750,1699540390728
10705000,10706000,54,1699540362058,1699540390728
10705000,10706000,74,1699540363109,1699540390728
10705000,10706000,63,1699540366855,1699540390728
10705000,10706000,47,1699540373623,1699540390728
10705000,10706000,24,1699540376667,1699540390728
10705000,10706000,13,1699540385394,1699540390728
10706000,10707000,98,1699540191667,1699540394960
10706000,10707000,100,1699540346976,1699540394960
10706000,10707000,74,1699540365242,1699540394960
10706000,10707000,54,1699540366293,1699540394960
10706000,10707000,63,1699540371086,1699540394960
10706000,10707000,47,1699540377855,1699540394960
10706000,10707000,24,1699540381937,1699540394960
10706000,10707000,13,1699540390670,1699540394960
10707000,10708000,98,1699540195892,1699540399189
10707000,10708000,100,1699540351199,1699540399189
10707000,10708000,74,1699540368407,1699540399189
10707000,10708000,54,1699540370528,1699540399189
10707000,10708000,63,1699540375315,1699540399189
10707000,10708000,47,1699540382088,1699540399189
10707000,10708000,24,1699540386173,1699540399189
10707000,10708000,13,1699540394913,1699540399189
10708000,10709000,98,1699540200112,1699540404480
10708000,10709000,100,1699540354366,1699540404480
10708000,10709000,74,1699540372641,1699540404480
10708000,10709000,54,1699540375797,1699540404480
10708000,10709000,63,1699540379544,1699540404480
10708000,10709000,47,1699540386323,1699540404480
10708000,10709000,24,1699540390405,1699540404480
10708000,10709000,13,1699540399149,1699540404480
10709000,10710000,98,1699540203305,1699540408709
10709000,10710000,100,1699540357554,1699540408709
10709000,10710000,74,1699540376875,1699540408709
10709000,10710000,54,1699540380034,1699540408709
10709000,10710000,63,1699540383771,1699540408709
10709000,10710000,47,1699540391591,1699540408709
10709000,10710000,24,1699540395674,1699540408709
10709000,10710000,13,1699540404427,1699540408709
10710000,10711000,98,1699540206475,1699540414001
10710000,10711000,100,1699540361776,1699540414001
10710000,10711000,74,1699540381110,1699540414001
10710000,10711000,54,1699540383219,1699540414001
10710000,10711000,63,1699540388000,1699540414001
10710000,10711000,47,1699540395830,1699540414001
10710000,10711000,24,1699540399912,1699540414001
10710000,10711000,13,1699540408665,1699540414001
10711000,10712000,98,1699540208591,1699540418236
10711000,10712000,100,1699540366003,1699540418236
10711000,10712000,74,1699540385342,1699540418236
10711000,10712000,54,1699540387453,1699540418236
10711000,10712000,63,1699540392226,1699540418236
10711000,10712000,47,1699540400064,1699540418236
10711000,10712000,24,1699540404141,1699540418236
10711000,10712000,13,1699540413941,1699540418236
10712000,10713000,98,1699540212815,1699540422464
10712000,10713000,100,1699540368119,1699540422464
10712000,10713000,74,1699540389575,1699540422464
10712000,10713000,54,1699540391687,1699540422464
10712000,10713000,63,1699540396456,1699540422464
10712000,10713000,24,1699540404145,1699540422464
10712000,10713000,47,1699540404295,1699540422464
10712000,10713000,13,1699540418185,1699540422464
10713000,10714000,98,1699540217038,1699540427756
10713000,10714000,100,1699540372345,1699540427756
10713000,10714000,74,1699540393806,1699540427756
10713000,10714000,54,1699540396951,1699540427756
10713000,10714000,63,1699540400681,1699540427756
10713000,10714000,47,1699540408530,1699540427756
10713000,10714000,24,1699540409417,1699540427756
10713000,10714000,13,1699540422423,1699540427756
10714000,10715000,98,1699540221264,1699540431987
10714000,10715000,100,1699540375510,1699540431987
10714000,10715000,74,1699540398037,1699540431987
10714000,10715000,54,1699540401188,1699540431987
10714000,10715000,63,1699540404906,1699540431987
10714000,10715000,47,1699540412760,1699540431987
10714000,10715000,24,1699540413655,1699540431987
10714000,10715000,13,1699540427699,1699540431987
10715000,10716000,98,1699540225487,1699540436222
10715000,10716000,100,1699540379737,1699540436222
10715000,10716000,74,1699540402271,1699540436222
10715000,10716000,54,1699540405427,1699540436222
10715000,10716000,63,1699540409131,1699540436222
10715000,10716000,24,1699540417892,1699540436222
10715000,10716000,47,1699540418030,1699540436222
10715000,10716000,13,1699540431941,1699540436222
10716000,10717000,98,1699540229713,1699540441509
10716000,10717000,100,1699540382895,1699540441509
10716000,10717000,74,1699540406504,1699540441509
10716000,10717000,54,1699540409663,1699540441509
10716000,10717000,63,1699540414390,1699540441509
10716000,10717000,47,1699540422269,1699540441509
10716000,10717000,24,1699540423158,1699540441509
10716000,10717000,13,1699540436181,1699540441509
10717000,10718000,98,1699540233939,1699540445739
10717000,10718000,100,1699540387116,1699540445739
10717000,10718000,74,1699540410736,1699540445739
10717000,10718000,54,1699540413897,1699540445739
10717000,10718000,63,1699540418619,1699540445739
10717000,10718000,47,1699540426505,1699540445739
10717000,10718000,24,1699540427394,1699540445739
10717000,10718000,13,1699540441456,1699540445739
10718000,10719000,98,1699540238162,1699540451029
10718000,10719000,100,1699540390309,1699540451029
10718000,10719000,74,1699540414969,1699540451029
10718000,10719000,54,1699540418122,1699540451029
10718000,10719000,63,1699540422847,1699540451029
10718000,10719000,47,1699540430740,1699540451029
10718000,10719000,24,1699540431627,1699540451029
10718000,10719000,13,1699540445695,1699540451029
10719000,10720000,98,1699540242388,1699540455262
10719000,10720000,100,1699540394534,1699540455262
10719000,10720000,74,1699540419201,1699540455262
10719000,10720000,54,1699540422351,1699540455262
10719000,10720000,63,1699540427078,1699540455262
10719000,10720000,47,1699540434975,1699540455262
10719000,10720000,24,1699540435861,1699540455262
10719000,10720000,13,1699540450969,1699540455262
10720000,10721000,98,1699540246608,1699540459494
10720000,10721000,100,1699540398761,1699540459494
10720000,10721000,74,1699540423427,1699540459494
10720000,10721000,54,1699540426585,1699540459494
10720000,10721000,63,1699540431302,1699540459494
10720000,10721000,47,1699540440244,1699540459494
10720000,10721000,24,1699540441133,1699540459494
10720000,10721000,13,1699540455213,1699540459494
10721000,10722000,98,1699540249794,1699540464787
10721000,10722000,100,1699540401921,1699540464787
10721000,10722000,74,1699540427659,1699540464787
10721000,10722000,54,1699540430819,1699540464787
10721000,10722000,63,1699540435533,1699540464787
10721000,10722000,47,1699540444482,1699540464787
10721000,10722000,24,1699540445370,1699540464787
10721000,10722000,13,1699540459451,1699540464787
10722000,10723000,98,1699540254017,1699540469015
10722000,10723000,100,1699540406149,1699540469015
10722000,10723000,74,1699540431892,1699540469015
10722000,10723000,54,1699540435053,1699540469015
10722000,10723000,63,1699540439762,1699540469015
10722000,10723000,47,1699540448716,1699540469015
10722000,10723000,24,1699540449603,1699540469015
10722000,10723000,13,1699540464729,1699540469015
10723000,10724000,98,1699540258244,1699540473248
10723000,10724000,100,1699540410373,1699540473248
10723000,10724000,74,1699540436123,1699540473248
10723000,10724000,54,1699540439285,1699540473248
10723000,10724000,63,1699540443994,1699540473248
10723000,10724000,47,1699540452950,1699540473248
10723000,10724000,24,1699540454877,1699540473248
10723000,10724000,13,1699540468970,1699540473248
10724000,10725000,98,1699540262467,1699540478533
10724000,10725000,100,1699540414596,1699540478533
10724000,10725000,74,1699540440356,1699540478533
10724000,10725000,54,1699540444554,1699540478533
10724000,10725000,63,1699540448222,1699540478533
10724000,10725000,47,1699540457182,1699540478533
10724000,10725000,24,1699540459115,1699540478533
10724000,10725000,13,1699540473208,1699540478533
10725000,10726000,98,1699540266690,1699540482764
10725000,10726000,100,1699540417786,1699540482764
10725000,10726000,74,1699540444580,1699540482764
10725000,10726000,54,1699540448792,1699540482764
10725000,10726000,63,1699540452446,1699540482764
10725000,10726000,47,1699540461417,1699540482764
10725000,10726000,24,1699540463350,1699540482764
10725000,10726000,13,1699540478478,1699540482764
10726000,10727000,98,1699540270914,1699540488053
10726000,10727000,100,1699540422011,1699540488053
10726000,10727000,74,1699540448812,1699540488053
10726000,10727000,54,1699540453030,1699540488053
10726000,10727000,63,1699540456672,1699540488053
10726000,10727000,47,1699540466687,1699540488053
10726000,10727000,24,1699540468616,1699540488053
10726000,10727000,13,1699540482720,1699540488053
10727000,10728000,98,1699540274101,1699540492282
10727000,10728000,100,1699540426237,1699540492282
10727000,10728000,74,1699540453045,1699540492282
10727000,10728000,54,1699540457265,1699540492282
10727000,10728000,63,1699540461930,1699540492282
10727000,10728000,47,1699540470927,1699540492282
10727000,10728000,24,1699540472856,1699540492282
10727000,10728000,13,1699540487990,1699540492282
10728000,10729000,98,1699540276223,1699540496514
10728000,10729000,100,1699540430462,1699540496514
10728000,10729000,74,1699540457278,1699540496514
10728000,10729000,54,1699540461499,1699540496514
10728000,10729000,63,1699540466161,1699540496514
10728000,10729000,47,1699540475164,1699540496514
10728000,10729000,24,1699540477092,1699540496514
10728000,10729000,13,1699540492233,1699540496514
10729000,10730000,98,1699540280449,1699540501802
10729000,10730000,100,1699540434686,1699540501802
10729000,10730000,74,1699540461510,1699540501802
10729000,10730000,54,1699540465733,1699540501802
10729000,10730000,63,1699540470389,1699540501802
10729000,10730000,47,1699540479399,1699540501802
10729000,10730000,24,1699540482358,1699540501802
10729000,10730000,13,1699540496471,1699540501802
10730000,10731000,98,1699540284676,1699540506034
10730000,10731000,100,1699540438911,1699540506034
10730000,10731000,74,1699540465740,1699540506034
10730000,10731000,54,1699540469967,1699540506034
10730000,10731000,63,1699540474621,1699540506034
10730000,10731000,47,1699540483633,1699540506034
10730000,10731000,24,1699540486599,1699540506034
10730000,10731000,13,1699540501747,1699540506034
10731000,10732000,98,1699540288898,1699540510263
10731000,10732000,100,1699540443138,1699540510263
10731000,10732000,74,1699540469972,1699540510263
10731000,10732000,54,1699540475239,1699540510263
10731000,10732000,63,1699540478847,1699540510263
10731000,10732000,47,1699540487865,1699540510263
10731000,10732000,24,1699540490833,1699540510263
10731000,10732000,13,1699540505986,1699540510263
10732000,10733000,98,1699540293122,1699540515554
10732000,10733000,100,1699540447363,1699540515554
10732000,10733000,74,1699540474201,1699540515554
10732000,10733000,54,1699540479474,1699540515554
10732000,10733000,63,1699540483075,1699540515554
10732000,10733000,47,1699540493134,1699540515554
10732000,10733000,24,1699540495069,1699540515554
10732000,10733000,13,1699540510224,1699540515554
10733000,10734000,98,1699540297352,1699540519785
10733000,10734000,100,1699540451586,1699540519785
10733000,10734000,74,1699540479466,1699540519785
10733000,10734000,54,1699540483706,1699540519785
10733000,10734000,63,1699540487301,1699540519785
10733000,10734000,47,1699540497371,1699540519785
10733000,10734000,24,1699540500342,1699540519785
10733000,10734000,13,1699540515503,1699540519785
10734000,10735000,98,1699540300530,1699540525075
10734000,10735000,100,1699540453705,1699540525075
10734000,10735000,74,1699540483695,1699540525075
10734000,10735000,54,1699540487942,1699540525075
10734000,10735000,63,1699540491523,1699540525075
10734000,10735000,47,1699540501604,1699540525075
10734000,10735000,24,1699540504577,1699540525075
10734000,10735000,13,1699540519741,1699540525075
10735000,10736000,98,1699540304755,1699540529308
10735000,10736000,100,1699540456877,1699540529308
10735000,10736000,74,1699540487927,1699540529308
10735000,10736000,54,1699540492176,1699540529308
10735000,10736000,63,1699540495750,1699540529308
10735000,10736000,47,1699540505840,1699540529308
10735000,10736000,24,1699540508811,1699540529308
10735000,10736000,13,1699540525014,1699540529308
10736000,10737000,98,1699540304762,1699540533541
10736000,10737000,100,1699540461103,1699540533541
10736000,10737000,74,1699540492162,1699540533541
10736000,10737000,54,1699540496410,1699540533541
10736000,10737000,63,1699540499978,1699540533541
10736000,10737000,47,1699540510071,1699540533541
10736000,10737000,24,1699540514079,1699540533541
10736000,10737000,13,1699540529260,1699540533541
10737000,10738000,98,1699540307923,1699540538829
10737000,10738000,100,1699540465328,1699540538829
10737000,10738000,74,1699540496395,1699540538829
10737000,10738000,54,1699540500644,1699540538829
10737000,10738000,63,1699540504204,1699540538829
10737000,10738000,47,1699540515340,1699540538829
10737000,10738000,24,1699540518314,1699540538829
10737000,10738000,13,1699540533498,1699540538829
10738000,10739000,98,1699540308986,1699540543059
10738000,10739000,100,1699540469550,1699540543059
10738000,10739000,74,1699540500629,1699540543059
10738000,10739000,54,1699540505913,1699540543059
10738000,10739000,63,1699540509461,1699540543059
10738000,10739000,47,1699540519579,1699540543059
10738000,10739000,24,1699540522547,1699540543059
10738000,10739000,13,1699540538773,1699540543059
10739000,10740000,98,1699540311081,1699540546234
10739000,10740000,100,1699540472740,1699540546234
10739000,10740000,74,1699540504861,1699540546234
10739000,10740000,54,1699540510149,1699540546234
10739000,10740000,63,1699540512645,1699540546234
10739000,10740000,47,1699540523815,1699540546234
10739000,10740000,24,1699540527820,1699540546234
10739000,10740000,13,1699540543012,1699540546234
10740000,10741000,98,1699540314271,1699540549406
10740000,10741000,100,1699540476971,1699540549406
10740000,10741000,74,1699540509094,1699540549406
10740000,10741000,54,1699540514385,1699540549406
10740000,10741000,63,1699540516866,1699540549406
10740000,10741000,47,1699540528048,1699540549406
10740000,10741000,24,1699540532057,1699540549406
10740000,10741000,13,1699540546183,1699540549406
10741000,10742000,98,1699540318496,1699540554694
10741000,10742000,100,1699540479069,1699540554694
10741000,10742000,74,1699540513327,1699540554694
10741000,10742000,54,1699540518620,1699540554694
10741000,10742000,63,1699540521092,1699540554694
10741000,10742000,47,1699540532282,1699540554694
10741000,10742000,24,1699540536289,1699540554694
10741000,10742000,13,1699540549364,1699540554694
10742000,10743000,98,1699540322711,1699540558920
10742000,10743000,100,1699540483293,1699540558920
10742000,10743000,74,1699540517561,1699540558920
10742000,10743000,54,1699540522849,1699540558920
10742000,10743000,63,1699540525321,1699540558920
10742000,10743000,47,1699540536517,1699540558920
10742000,10743000,24,1699540541558,1699540558920
10742000,10743000,13,1699540554642,1699540558920
10743000,10744000,98,1699540324832,1699540564212
10743000,10744000,100,1699540487514,1699540564212
10743000,10744000,74,1699540521794,1699540564212
10743000,10744000,54,1699540527084,1699540564212
10743000,10744000,63,1699540529550,1699540564212
10743000,10744000,47,1699540541786,1699540564212
10743000,10744000,24,1699540545799,1699540564212
10743000,10744000,13,1699540558876,1699540564212
10744000,10745000,100,1699540487537,1699540568444
10744000,10745000,74,1699540526029,1699540568444
10744000,10745000,54,1699540531318,1699540568444
10744000,10745000,63,1699540533777,1699540568444
10744000,10745000,47,1699540546022,1699540568444
10744000,10745000,24,1699540550032,1699540568444
10744000,10745000,13,1699540564149,1699540568444
10745000,10746000,98,1699540325885,1699540572673
10745000,10746000,100,1699540490701,1699540572673
10745000,10746000,74,1699540530262,1699540572673
10745000,10746000,54,1699540536587,1699540572673
10745000,10746000,63,1699540539039,1699540572673
10745000,10746000,47,1699540550260,1699540572673
10745000,10746000,24,1699540555296,1699540572673
10745000,10746000,13,1699540568395,1699540572673
10746000,10747000,98,1699540326936,1699540577961
10746000,10747000,100,1699540492805,1699540577961
10746000,10747000,74,1699540534491,1699540577961
10746000,10747000,54,1699540540817,1699540577961
10746000,10747000,63,1699540543267,1699540577961
10746000,10747000,47,1699540554491,1699540577961
10746000,10747000,24,1699540559539,1699540577961
10746000,10747000,13,1699540572629,1699540577961
10747000,10748000,100,1699540497029,1699540582189
10747000,10748000,74,1699540538725,1699540582189
10747000,10748000,54,1699540545055,1699540582189
10747000,10748000,63,1699540545391,1699540582189
10747000,10748000,47,1699540558725,1699540582189
10747000,10748000,24,1699540563774,1699540582189
10747000,10748000,13,1699540577903,1699540582189
10748000,10749000,98,1699540331157,1699540586422
10748000,10749000,100,1699540501250,1699540586422
10748000,10749000,74,1699540542959,1699540586422
10748000,10749000,54,1699540549291,1699540586422
10748000,10749000,63,1699540549613,1699540586422
10748000,10749000,47,1699540562960,1699540586422
10748000,10749000,24,1699540568008,1699540586422
10748000,10749000,13,1699540582142,1699540586422
10749000,10750000,100,1699540504443,1699540591714
10749000,10750000,74,1699540547189,1699540591714
10749000,10750000,54,1699540553524,1699540591714
10749000,10750000,63,1699540553842,1699540591714
10749000,10750000,47,1699540568230,1699540591714
10749000,10750000,24,1699540573281,1699540591714
10749000,10750000,13,1699540586381,1699540591714
10750000,10751000,98,1699540332228,1699540595945
10750000,10751000,100,1699540508666,1699540595945
10750000,10751000,74,1699540551421,1699540595945
10750000,10751000,54,1699540557759,1699540595945
10750000,10751000,63,1699540558068,1699540595945
10750000,10751000,47,1699540572469,1699540595945
10750000,10751000,24,1699540577513,1699540595945
10750000,10751000,13,1699540591661,1699540595945
10751000,10752000,98,1699540333281,1699540601234
10751000,10752000,100,1699540512877,1699540601234
10751000,10752000,74,1699540555654,1699540601234
10751000,10752000,54,1699540561994,1699540601234
10751000,10752000,63,1699540562297,1699540601234
10751000,10752000,47,1699540576701,1699540601234
10751000,10752000,24,1699540581747,1699540601234
10751000,10752000,13,1699540595900,1699540601234
10752000,10753000,98,1699540333285,1699540605459
10752000,10753000,100,1699540516066,1699540605459
10752000,10753000,74,1699540559887,1699540605459
10752000,10753000,63,1699540566522,1699540605459
10752000,10753000,54,1699540567262,1699540605459
10752000,10753000,47,1699540580933,1699540605459
10752000,10753000,24,1699540587018,1699540605459
10752000,10753000,13,1699540601169,1699540605459
10753000,10754000,98,1699540334336,1699540608632
10753000,10754000,100,1699540520291,1699540608632
10753000,10754000,74,1699540564119,1699540608632
10753000,10754000,54,1699540570455,1699540608632
10753000,10754000,63,1699540570742,1699540608632
10753000,10754000,47,1699540585168,1699540608632
10753000,10754000,24,1699540591253,1699540608632
10753000,10754000,13,1699540605411,1699540608632
10754000,10755000,98,1699540336446,1699540613924
10754000,10755000,100,1699540524514,1699540613924
10754000,10755000,74,1699540568351,1699540613924
10754000,10755000,54,1699540574688,1699540613924
10754000,10755000,63,1699540574969,1699540613924
10754000,10755000,47,1699540590436,1699540613924
10754000,10755000,24,1699540595486,1699540613924
10754000,10755000,13,1699540608591,1699540613924
10755000,10756000,98,1699540340667,1699540618153
10755000,10756000,100,1699540528740,1699540618153
10755000,10756000,74,1699540572584,1699540618153
10755000,10756000,54,1699540578923,1699540618153
10755000,10756000,63,1699540579198,1699540618153
10755000,10756000,47,1699540594675,1699540618153
10755000,10756000,24,1699540600755,1699540618153
10755000,10756000,13,1699540613868,1699540618153
10756000,10757000,98,1699540343850,1699540622385
10756000,10757000,100,1699540532962,1699540622385
10756000,10757000,74,1699540576815,1699540622385
10756000,10757000,63,1699540583423,1699540622385
10756000,10757000,54,1699540584190,1699540622385
10756000,10757000,47,1699540598912,1699540622385
10756000,10757000,24,1699540604996,1699540622385
10756000,10757000,13,1699540618106,1699540622385
10757000,10758000,98,1699540347017,1699540627673
10757000,10758000,100,1699540536129,1699540627673
10757000,10758000,74,1699540581045,1699540627673
10757000,10758000,54,1699540587380,1699540627673
10757000,10758000,63,1699540587649,1699540627673
10757000,10758000,47,1699540603147,1699540627673
10757000,10758000,24,1699540609229,1699540627673
10757000,10758000,13,1699540622344,1699540627673
10758000,10759000,98,1699540351242,1699540631907
10758000,10759000,100,1699540540352,1699540631907
10758000,10759000,74,1699540585277,1699540631907
10758000,10759000,54,1699540591614,1699540631907
10758000,10759000,63,1699540591878,1699540631907
10758000,10759000,47,1699540607382,1699540631907
10758000,10759000,24,1699540613449,1699540631907
10758000,10759000,13,1699540627620,1699540631907
10759000,10760000,98,1699540355469,1699540637200
10759000,10760000,100,1699540542471,1699540637200
10759000,10760000,74,1699540589511,1699540637200
10759000,10760000,54,1699540595848,1699540637200
10759000,10760000,63,1699540596107,1699540637200
10759000,10760000,47,1699540611616,1699540637200
10759000,10760000,24,1699540616634,1699540637200
10759000,10760000,13,1699540631864,1699540637200
10760000,10761000,98,1699540359696,1699540641433
10760000,10761000,100,1699540545644,1699540641433
10760000,10761000,74,1699540593743,1699540641433
10760000,10761000,54,1699540600084,1699540641433
10760000,10761000,63,1699540601367,1699540641433
10760000,10761000,47,1699540616882,1699540641433
10760000,10761000,24,1699540621911,1699540641433
10760000,10761000,13,1699540637138,1699540641433
10761000,10762000,98,1699540362857,1699540645663
10761000,10762000,100,1699540549867,1699540645663
10761000,10762000,74,1699540597975,1699540645663
10761000,10762000,54,1699540604317,1699540645663
10761000,10762000,63,1699540605594,1699540645663
10761000,10762000,47,1699540621122,1699540645663
10761000,10762000,24,1699540626146,1699540645663
10761000,10762000,13,1699540641384,1699540645663
10762000,10763000,98,1699540366040,1699540650952
10762000,10763000,100,1699540554095,1699540650952
10762000,10763000,74,1699540602207,1699540650952
10762000,10763000,54,1699540609588,1699540650952
10762000,10763000,63,1699540609821,1699540650952
10762000,10763000,47,1699540625357,1699540650952
10762000,10763000,24,1699540630380,1699540650952
10762000,10763000,13,1699540645622,1699540650952
10763000,10764000,98,1699540369211,1699540655185
10763000,10764000,100,1699540558318,1699540655185
10763000,10764000,74,1699540606440,1699540655185
10763000,10764000,54,1699540613826,1699540655185
10763000,10764000,63,1699540614048,1699540655185
10763000,10764000,47,1699540629591,1699540655185
10763000,10764000,24,1699540635655,1699540655185
10763000,10764000,13,1699540650899,1699540655185
10764000,10765000,98,1699540373430,1699540659417
10764000,10765000,100,1699540562541,1699540659417
10764000,10765000,74,1699540610673,1699540659417
10764000,10765000,54,1699540618062,1699540659417
10764000,10765000,63,1699540618275,1699540659417
10764000,10765000,47,1699540633827,1699540659417
10764000,10765000,24,1699540639890,1699540659417
10764000,10765000,13,1699540655139,1699540659417
