debs$start:INTEGER(64 bits),debs$end:INTEGER(64 bits),debs$sid:INTEGER(64 bits),debs$absolute_v:INTEGER(64 bits),timestamp
10629000,10630000,98,1699538560626,1699538560688
10634000,10635000,54,1699538560637,1699538560697
10634000,10635000,13,1699538560647,1699538560707
10634000,10635000,100,1699538560656,1699538560719
10634000,10635000,63,1699538560686,1699538560748
10634000,10635000,74,1699538560696,1699538560759
10634000,10635000,24,1699538560725,1699538560787
10634000,10635000,47,1699538560715,1699538561831
10635000,10636000,98,1699538560633,1699538562803
10635000,10636000,54,1699538560640,1699538563867
10635000,10636000,100,1699538560679,1699538564943
10635000,10636000,63,1699538560707,1699538564977
10635000,10636000,74,1699538560718,1699538564982
10636000,10637000,98,1699538562762,1699538565976
10635000,10636000,13,1699538560667,1699538565993
10635000,10636000,47,1699538561773,1699538566058
10635000,10636000,24,1699538560748,1699538566068
10637000,10638000,98,1699538565915,1699538567034
10636000,10637000,54,1699538563828,1699538569150
10636000,10637000,100,1699538564902,1699538569174
10636000,10637000,74,1699538564943,1699538569211
10638000,10639000,98,1699538566979,1699538570209
10636000,10637000,13,1699538565942,1699538570221
10636000,10637000,63,1699538564938,1699538570267
10636000,10637000,47,1699538566007,1699538570281
10636000,10637000,24,1699538566015,1699538570297
10639000,10640000,98,1699538570150,1699538571267
10637000,10638000,54,1699538569091,1699538573374
10637000,10638000,100,1699538569131,1699538573402
10637000,10638000,74,1699538569172,1699538573442
10637000,10638000,63,1699538570205,1699538574498
10637000,10638000,47,1699538570236,1699538574508
10637000,10638000,24,1699538570254,1699538574528
10640000,10641000,98,1699538571222,1699538575499
10637000,10638000,13,1699538570179,1699538575507
10638000,10639000,54,1699538573322,1699538577597
10638000,10639000,100,1699538573358,1699538577627
10638000,10639000,74,1699538573403,1699538577670
10641000,10642000,98,1699538575451,1699538578673
10638000,10639000,63,1699538574441,1699538578725
10638000,10639000,47,1699538574464,1699538578734
10638000,10639000,24,1699538574472,1699538578757
10638000,10639000,13,1699538575445,1699538579731
10639000,10640000,54,1699538577550,1699538581825
10642000,10643000,98,1699538578634,1699538581847
10645000,10646000,98,1699538581784,1699538581849
10639000,10640000,100,1699538577580,1699538581855
10646000,10647000,98,1699538581807,1699538582904
10639000,10640000,74,1699538577632,1699538582950
10639000,10640000,63,1699538578671,1699538582956
10639000,10640000,47,1699538578693,1699538582960
10639000,10640000,24,1699538578712,1699538582988
10639000,10640000,13,1699538579684,1699538583962
10640000,10641000,54,1699538581780,1699538586050
10649000,10650000,98,1699538582858,1699538586076
10640000,10641000,100,1699538581807,1699538586082
10650000,10651000,98,1699538586028,1699538587135
10640000,10641000,74,1699538582890,1699538587179
10640000,10641000,63,1699538582906,1699538587189
10640000,10641000,47,1699538582923,1699538588246
10640000,10641000,24,1699538582948,1699538588273
10640000,10641000,13,1699538583921,1699538589247
10641000,10642000,54,1699538586007,1699538590278
10653000,10654000,98,1699538587085,1699538590307
10641000,10642000,100,1699538586033,1699538590309
10641000,10642000,74,1699538587119,1699538591406
10641000,10642000,63,1699538587141,1699538591417
10641000,10642000,47,1699538588190,1699538592473
10641000,10642000,24,1699538588215,1699538592504
10641000,10642000,13,1699538589192,1699538593474
10654000,10655000,98,1699538590263,1699538593480
10642000,10643000,54,1699538590237,1699538594502
10642000,10643000,100,1699538590255,1699538594530
10642000,10643000,74,1699538591347,1699538595634
10642000,10643000,63,1699538591370,1699538595648
10642000,10643000,47,1699538592423,1699538596702
10642000,10643000,24,1699538592458,1699538596736
10642000,10643000,13,1699538593429,1699538597702
10655000,10656000,98,1699538593435,1699538597713
10643000,10644000,100,1699538594473,1699538598755
10643000,10644000,54,1699538594463,1699538599785
10656000,10657000,98,1699538597664,1699538599829
10643000,10644000,74,1699538595576,1699538599861
10643000,10644000,63,1699538595604,1699538599878
10643000,10644000,47,1699538596657,1699538600928
10643000,10644000,24,1699538596695,1699538600968
10644000,10645000,100,1699538598693,1699538601929
10643000,10644000,13,1699538597663,1699538602987
10657000,10658000,98,1699538599783,1699538603003
10658000,10659000,98,1699538602958,1699538603005
10644000,10645000,54,1699538599726,1699538604010
10659000,10660000,98,1699538602962,1699538604060
10644000,10645000,74,1699538599804,1699538604085
10644000,10645000,63,1699538599835,1699538604110
10644000,10645000,47,1699538600886,1699538605157
10645000,10646000,100,1699538601890,1699538606153
10661000,10662000,98,1699538604013,1699538606175
10644000,10645000,24,1699538600932,1699538606255
10644000,10645000,13,1699538602936,1699538607217
10662000,10663000,98,1699538606119,1699538607232
10645000,10646000,54,1699538603956,1699538608233
10645000,10646000,74,1699538604029,1699538608311
10645000,10646000,63,1699538604069,1699538608340
10665000,10666000,98,1699538607184,1699538609347
10646000,10647000,100,1699538606113,1699538610379
10645000,10646000,47,1699538605117,1699538610438
10645000,10646000,24,1699538606204,1699538610485
10646000,10647000,54,1699538608186,1699538612458
10645000,10646000,13,1699538607175,1699538612506
10666000,10667000,98,1699538609291,1699538612520
10646000,10647000,74,1699538608257,1699538612534
10646000,10647000,63,1699538608301,1699538612569
10667000,10668000,98,1699538612477,1699538613578
10647000,10648000,100,1699538610337,1699538614609
10668000,10669000,98,1699538613537,1699538614635
10646000,10647000,47,1699538610378,1699538614665
10646000,10647000,24,1699538610442,1699538614710
10647000,10648000,54,1699538612412,1699538616681
10646000,10647000,13,1699538612446,1699538616734
10647000,10648000,74,1699538612482,1699538616761
10647000,10648000,63,1699538612531,1699538616798
10648000,10649000,100,1699538614565,1699538618837
10669000,10670000,98,1699538614597,1699538618867
10647000,10648000,47,1699538614612,1699538618891
10647000,10648000,24,1699538614672,1699538619998
10648000,10649000,54,1699538616638,1699538620906
10647000,10648000,13,1699538616688,1699538620966
10648000,10649000,74,1699538616709,1699538620987
10670000,10671000,98,1699538618815,1699538622040
10648000,10649000,63,1699538616761,1699538622085
10649000,10650000,100,1699538618791,1699538623059
10648000,10649000,47,1699538618842,1699538623118
10671000,10672000,98,1699538621998,1699538624155
10648000,10649000,24,1699538619946,1699538624227
10649000,10650000,54,1699538620865,1699538625134
10672000,10673000,98,1699538624098,1699538625211
10649000,10650000,74,1699538620938,1699538625215
10648000,10649000,13,1699538620925,1699538626250
10649000,10650000,63,1699538622027,1699538626314
10650000,10651000,100,1699538623010,1699538627287
10675000,10676000,98,1699538625172,1699538627326
10649000,10650000,47,1699538623074,1699538627346
10676000,10677000,98,1699538627277,1699538628384
10649000,10650000,24,1699538624183,1699538628458
10677000,10678000,98,1699538628335,1699538629441
10650000,10651000,74,1699538625163,1699538629442
10650000,10651000,54,1699538625095,1699538630415
10649000,10650000,13,1699538626195,1699538630482
10650000,10651000,63,1699538626261,1699538630544
10651000,10652000,100,1699538627236,1699538631514
10650000,10651000,47,1699538627304,1699538631566
10678000,10679000,98,1699538629401,1699538632616
10651000,10652000,74,1699538629394,1699538633663
10679000,10680000,98,1699538632564,1699538633673
10650000,10651000,24,1699538628419,1699538633746
10651000,10652000,54,1699538630354,1699538634644
10650000,10651000,13,1699538630437,1699538634709
10651000,10652000,63,1699538630493,1699538634774
10652000,10653000,100,1699538631462,1699538635742
10682000,10683000,98,1699538633625,1699538636845
10651000,10652000,47,1699538631527,1699538636849
10651000,10652000,24,1699538633692,1699538636918
10652000,10653000,74,1699538633615,1699538637891
10652000,10653000,54,1699538634588,1699538638870
10652000,10653000,63,1699538634725,1699538639005
10653000,10654000,100,1699538635685,1699538639966
10651000,10652000,13,1699538634672,1699538639994
10652000,10653000,47,1699538636792,1699538641074
10683000,10684000,98,1699538636793,1699538641076
10652000,10653000,24,1699538636871,1699538641145
10653000,10654000,74,1699538637843,1699538642115
10653000,10654000,54,1699538638819,1699538643098
10654000,10655000,100,1699538639905,1699538643137
10653000,10654000,63,1699538638959,1699538643236
10652000,10653000,13,1699538639946,1699538644225
10653000,10654000,47,1699538641024,1699538645298
10684000,10685000,98,1699538641020,1699538645309
10685000,10686000,98,1699538645249,1699538645311
10654000,10655000,74,1699538642068,1699538646337
10653000,10654000,24,1699538641105,1699538646432
10654000,10655000,54,1699538643052,1699538647325
10655000,10656000,100,1699538643098,1699538647365
10654000,10655000,63,1699538643190,1699538647464
10687000,10688000,98,1699538645259,1699538648482
10653000,10654000,13,1699538644182,1699538649508
10654000,10655000,47,1699538645252,1699538649521
10655000,10656000,74,1699538646290,1699538650567
10654000,10655000,24,1699538646371,1699538650662
10655000,10656000,54,1699538647282,1699538651549
10656000,10657000,100,1699538647324,1699538651591
10655000,10656000,63,1699538647421,1699538651694
10688000,10689000,98,1699538648428,1699538652715
10689000,10690000,98,1699538652657,1699538652717
10654000,10655000,13,1699538649453,1699538653738
10655000,10656000,47,1699538649479,1699538653750
10690000,10691000,98,1699538652659,1699538653772
10656000,10657000,74,1699538650521,1699538654791
10655000,10656000,24,1699538650614,1699538654890
10656000,10657000,54,1699538651508,1699538655775
10657000,10658000,100,1699538651548,1699538655818
10691000,10692000,98,1699538653735,1699538655888
10656000,10657000,63,1699538651652,1699538655925
10655000,10656000,13,1699538653691,1699538657966
10656000,10657000,47,1699538653710,1699538657980
10657000,10658000,74,1699538654746,1699538659022
10694000,10695000,98,1699538655841,1699538659059
10656000,10657000,24,1699538654847,1699538659121
10657000,10658000,54,1699538655736,1699538660002
10658000,10659000,100,1699538655774,1699538660042
10657000,10658000,63,1699538655885,1699538660155
10658000,10659000,74,1699538658976,1699538663248
10656000,10657000,13,1699538657926,1699538663253
10657000,10658000,47,1699538657943,1699538663263
10695000,10696000,98,1699538659018,1699538663290
10659000,10660000,100,1699538659997,1699538664264
10658000,10659000,63,1699538660115,1699538664385
10657000,10658000,24,1699538659084,1699538664401
10658000,10659000,54,1699538659964,1699538665282
10696000,10697000,98,1699538663248,1699538665407
10659000,10660000,54,1699538665226,1699538666337
10697000,10698000,98,1699538665362,1699538666464
10658000,10659000,24,1699538664352,1699538666516
10659000,10660000,74,1699538663203,1699538667476
10657000,10658000,13,1699538663197,1699538667482
10658000,10659000,47,1699538663207,1699538667490
10698000,10699000,98,1699538666419,1699538667522
10660000,10661000,100,1699538664215,1699538668492
10659000,10660000,63,1699538664347,1699538669672
10660000,10661000,54,1699538666287,1699538670561
10699000,10700000,98,1699538667470,1699538670695
10660000,10661000,74,1699538667432,1699538671698
10658000,10659000,13,1699538667438,1699538671710
10659000,10660000,47,1699538667442,1699538671714
10659000,10660000,24,1699538666479,1699538671800
10661000,10662000,100,1699538668442,1699538672718
10660000,10661000,63,1699538669613,1699538673903
10661000,10662000,54,1699538670510,1699538674785
10700000,10701000,98,1699538670646,1699538674927
10661000,10662000,74,1699538671655,1699538675927
10660000,10661000,47,1699538671670,1699538675943
10660000,10661000,24,1699538671749,1699538676030
10662000,10663000,100,1699538672666,1699538676946
10659000,10660000,13,1699538671672,1699538676994
10701000,10702000,98,1699538674875,1699538678100
10661000,10662000,63,1699538673848,1699538678132
10662000,10663000,54,1699538674739,1699538679013
10662000,10663000,74,1699538675884,1699538680147
10661000,10662000,47,1699538675900,1699538680171
10702000,10703000,98,1699538678057,1699538680216
10661000,10662000,24,1699538675986,1699538680262
10663000,10664000,100,1699538676889,1699538681174
10660000,10661000,13,1699538676945,1699538681221
10662000,10663000,63,1699538678080,1699538682362
10663000,10664000,54,1699538678969,1699538683240
10703000,10704000,98,1699538680166,1699538683391
10664000,10665000,100,1699538681111,1699538684345
10663000,10664000,74,1699538680105,1699538684374
10662000,10663000,24,1699538680223,1699538684493
10662000,10663000,47,1699538680132,1699538685454
10661000,10662000,13,1699538681179,1699538686506
10663000,10664000,63,1699538682314,1699538686594
10664000,10665000,54,1699538683198,1699538687466
10704000,10705000,98,1699538683332,1699538687620
10665000,10666000,100,1699538684306,1699538688570
10664000,10665000,74,1699538684333,1699538688601
10705000,10706000,98,1699538687561,1699538688678
10663000,10664000,24,1699538684439,1699538688722
10663000,10664000,47,1699538685394,1699538689678
10662000,10663000,13,1699538686446,1699538690734
10664000,10665000,63,1699538686547,1699538690825
10665000,10666000,54,1699538687426,1699538691689
10666000,10667000,100,1699538688529,1699538692794
10665000,10666000,74,1699538688559,1699538692831
10706000,10707000,98,1699538688624,1699538692903
10664000,10665000,24,1699538688677,1699538692950
10664000,10665000,47,1699538689626,1699538693902
10663000,10664000,13,1699538690687,1699538694964
10665000,10666000,63,1699538690780,1699538695054
10666000,10667000,54,1699538691651,1699538696972
10667000,10668000,100,1699538692752,1699538697017
10666000,10667000,74,1699538692790,1699538697060
10707000,10708000,98,1699538692850,1699538697134
10665000,10666000,47,1699538693855,1699538698128
10665000,10666000,24,1699538692911,1699538698239
10666000,10667000,63,1699538695010,1699538699286
10664000,10665000,13,1699538694925,1699538700251
10708000,10709000,98,1699538697073,1699538700307
10667000,10668000,54,1699538696914,1699538701192
10668000,10669000,100,1699538696972,1699538701243
10667000,10668000,74,1699538697019,1699538701287
10666000,10667000,47,1699538698081,1699538702353
10666000,10667000,24,1699538698182,1699538702469
10709000,10710000,98,1699538700269,1699538703476
10667000,10668000,63,1699538699244,1699538703517
10665000,10666000,13,1699538700196,1699538704481
10668000,10669000,54,1699538701140,1699538705417
10669000,10670000,100,1699538701197,1699538705470
10668000,10669000,74,1699538701247,1699538705517
10710000,10711000,98,1699538703437,1699538705592
10667000,10668000,47,1699538702312,1699538706581
10667000,10668000,24,1699538702424,1699538706698
10668000,10669000,63,1699538703477,1699538707746
10666000,10667000,13,1699538704436,1699538708707
10669000,10670000,54,1699538705370,1699538709641
10670000,10671000,100,1699538705421,1699538709694
10669000,10670000,74,1699538705478,1699538709745
10711000,10712000,98,1699538705553,1699538709823
10668000,10669000,24,1699538706640,1699538710929
10668000,10669000,47,1699538706542,1699538711865
10669000,10670000,63,1699538707707,1699538711977
10670000,10671000,54,1699538709581,1699538713866
10671000,10672000,100,1699538709645,1699538713922
10670000,10671000,74,1699538709707,1699538713973
10667000,10668000,13,1699538708669,1699538713991
10712000,10713000,98,1699538709782,1699538714054
10669000,10670000,24,1699538710882,1699538715150
10669000,10670000,47,1699538711806,1699538716093
10670000,10671000,63,1699538711939,1699538717263
10671000,10672000,54,1699538713811,1699538718091
10672000,10673000,100,1699538713868,1699538718151
10671000,10672000,74,1699538713935,1699538718198
10668000,10669000,13,1699538713941,1699538718222
10713000,10714000,98,1699538714012,1699538718284
10670000,10671000,24,1699538715108,1699538719381
10670000,10671000,47,1699538716042,1699538720315
10671000,10672000,63,1699538717203,1699538721494
10672000,10673000,54,1699538718040,1699538722318
10673000,10674000,100,1699538718094,1699538722380
10714000,10715000,98,1699538718239,1699538722514
10672000,10673000,74,1699538718161,1699538723483
10669000,10670000,13,1699538718179,1699538723507
10671000,10672000,47,1699538720268,1699538724542
10671000,10672000,24,1699538719344,1699538724666
10674000,10675000,100,1699538722318,1699538725551
10672000,10673000,63,1699538721437,1699538725725
10673000,10674000,54,1699538722272,1699538726546
10715000,10716000,98,1699538722467,1699538726744
10673000,10674000,74,1699538723422,1699538727711
10670000,10671000,13,1699538723447,1699538727735
10672000,10673000,47,1699538724498,1699538728770
10672000,10673000,24,1699538724618,1699538728896
10675000,10676000,100,1699538725512,1699538729778
10673000,10674000,63,1699538725671,1699538729953
10674000,10675000,54,1699538726502,1699538730773
10716000,10717000,98,1699538726697,1699538730975
10674000,10675000,74,1699538727651,1699538731935
10671000,10672000,13,1699538727688,1699538731962
10673000,10674000,47,1699538728729,1699538732995
10673000,10674000,24,1699538728853,1699538733125
10676000,10677000,100,1699538729738,1699538734006
10674000,10675000,63,1699538729901,1699538734182
10675000,10676000,54,1699538730732,1699538735001
10717000,10718000,98,1699538730925,1699538735207
10675000,10676000,74,1699538731877,1699538736158
10672000,10673000,13,1699538731922,1699538737249
10677000,10678000,100,1699538733963,1699538738233
10674000,10675000,47,1699538732957,1699538738281
10675000,10676000,63,1699538734134,1699538738409
10674000,10675000,24,1699538733088,1699538738412
10676000,10677000,54,1699538734962,1699538739226
10718000,10719000,98,1699538735152,1699538739435
10676000,10677000,74,1699538736100,1699538740387
10673000,10674000,13,1699538737193,1699538741479
10678000,10679000,100,1699538738189,1699538742459
10675000,10676000,47,1699538738226,1699538742509
10676000,10677000,63,1699538738365,1699538742635
10675000,10676000,24,1699538738361,1699538742641
10719000,10720000,98,1699538739377,1699538743666
10677000,10678000,54,1699538739190,1699538744510
10677000,10678000,74,1699538740331,1699538744611
10674000,10675000,13,1699538741435,1699538745708
10679000,10680000,100,1699538742412,1699538746686
10676000,10677000,47,1699538742461,1699538746736
10720000,10721000,98,1699538743604,1699538746835
10677000,10678000,63,1699538742591,1699538746865
10676000,10677000,24,1699538742597,1699538746869
10678000,10679000,54,1699538744454,1699538747680
10678000,10679000,74,1699538744557,1699538748839
10680000,10681000,100,1699538746639,1699538750914
10677000,10678000,47,1699538746691,1699538750962
10675000,10676000,13,1699538745670,1699538750993
10721000,10722000,98,1699538746790,1699538751067
10678000,10679000,63,1699538746823,1699538751094
10677000,10678000,24,1699538746831,1699538751098
10679000,10680000,54,1699538747638,1699538751909
10679000,10680000,74,1699538748786,1699538753066
10681000,10682000,100,1699538750865,1699538755142
10678000,10679000,47,1699538750919,1699538755185
10676000,10677000,13,1699538750945,1699538755222
10722000,10723000,98,1699538751020,1699538755299
10679000,10680000,63,1699538751053,1699538755325
10678000,10679000,24,1699538751053,1699538755329
10680000,10681000,54,1699538751869,1699538756134
10680000,10681000,74,1699538753015,1699538757295
10682000,10683000,100,1699538755088,1699538759370
10723000,10724000,98,1699538755250,1699538759531
10680000,10681000,63,1699538755286,1699538759553
10679000,10680000,47,1699538755146,1699538760470
10677000,10678000,13,1699538755180,1699538760506
10679000,10680000,24,1699538755289,1699538760609
10681000,10682000,54,1699538756096,1699538761418
10681000,10682000,74,1699538757244,1699538761523
10683000,10684000,100,1699538759310,1699538763597
10724000,10725000,98,1699538759477,1699538763761
10684000,10685000,100,1699538763536,1699538764654
10680000,10681000,47,1699538760409,1699538764696
10678000,10679000,13,1699538760446,1699538764734
10680000,10681000,24,1699538760553,1699538764838
10681000,10682000,63,1699538759516,1699538764842
10682000,10683000,54,1699538761359,1699538765644
10682000,10683000,74,1699538761473,1699538765750
10685000,10686000,100,1699538764606,1699538766767
10725000,10726000,98,1699538763705,1699538767992
10681000,10682000,47,1699538764642,1699538768922
10679000,10680000,13,1699538764688,1699538768961
10681000,10682000,24,1699538764792,1699538769069
10682000,10683000,63,1699538764782,1699538769073
10683000,10684000,54,1699538765591,1699538769863
10683000,10684000,74,1699538765700,1699538769979
10686000,10687000,100,1699538766710,1699538770995
10726000,10727000,98,1699538767933,1699538771167
10682000,10683000,47,1699538768875,1699538773150
10727000,10728000,98,1699538771121,1699538773283
10683000,10684000,63,1699538769015,1699538773303
10684000,10685000,54,1699538769817,1699538774089
10687000,10688000,100,1699538770933,1699538774166
10684000,10685000,74,1699538769931,1699538774206
10680000,10681000,13,1699538768922,1699538774246
10682000,10683000,24,1699538769028,1699538774354
10683000,10684000,47,1699538773105,1699538777378
10728000,10729000,98,1699538773246,1699538777515
10684000,10685000,63,1699538773250,1699538777533
10685000,10686000,54,1699538774045,1699538778317
10688000,10689000,100,1699538774127,1699538778394
10685000,10686000,74,1699538774159,1699538778434
10681000,10682000,13,1699538774193,1699538778474
10683000,10684000,24,1699538774295,1699538778585
10684000,10685000,47,1699538777336,1699538781601
10729000,10730000,98,1699538777476,1699538781748
10685000,10686000,63,1699538777483,1699538781764
10686000,10687000,54,1699538778274,1699538782545
10689000,10690000,100,1699538778353,1699538782621
10686000,10687000,74,1699538778387,1699538782662
10682000,10683000,13,1699538778430,1699538782698
10684000,10685000,24,1699538778538,1699538782808
10730000,10731000,98,1699538781707,1699538785975
10686000,10687000,63,1699538781717,1699538785992
10687000,10688000,54,1699538782505,1699538786773
10690000,10691000,100,1699538782579,1699538786850
10685000,10686000,47,1699538781563,1699538786886
10687000,10688000,74,1699538782616,1699538786887
10685000,10686000,24,1699538782766,1699538787038
10683000,10684000,13,1699538782660,1699538787985
10731000,10732000,98,1699538785933,1699538790204
10687000,10688000,63,1699538785947,1699538790222
10691000,10692000,100,1699538786806,1699538791075
10686000,10687000,47,1699538786828,1699538791108
10688000,10689000,74,1699538786841,1699538791116
10688000,10689000,54,1699538786735,1699538792060
10684000,10685000,13,1699538787935,1699538792214
10686000,10687000,24,1699538787002,1699538792322
10732000,10733000,98,1699538790160,1699538794435
10688000,10689000,63,1699538790178,1699538794453
10689000,10690000,54,1699538792000,1699538795230
10692000,10693000,100,1699538791029,1699538795302
10687000,10688000,47,1699538791056,1699538795334
10689000,10690000,74,1699538791069,1699538795343
10687000,10688000,24,1699538792273,1699538796550
10690000,10691000,54,1699538795185,1699538797341
10685000,10686000,13,1699538792172,1699538797500
10733000,10734000,98,1699538794389,1699538797608
10689000,10690000,63,1699538794410,1699538798685
10693000,10694000,100,1699538795254,1699538799531
10688000,10689000,47,1699538795288,1699538799561
10690000,10691000,74,1699538795298,1699538799570
10688000,10689000,24,1699538796507,1699538800781
10691000,10692000,54,1699538797300,1699538801565
10686000,10687000,13,1699538797439,1699538801727
10734000,10735000,98,1699538797569,1699538801839
10735000,10736000,98,1699538801796,1699538801841
10690000,10691000,63,1699538798643,1699538802913
10694000,10695000,100,1699538799482,1699538803759
10689000,10690000,47,1699538799518,1699538803788
10691000,10692000,74,1699538799526,1699538803797
10736000,10737000,98,1699538801802,1699538805005
10692000,10693000,54,1699538801526,1699538805793
10687000,10688000,13,1699538801680,1699538805951
10737000,10738000,98,1699538804955,1699538806063
10689000,10690000,24,1699538800742,1699538806065
10691000,10692000,63,1699538802873,1699538807138
10695000,10696000,100,1699538803705,1699538807989
10690000,10691000,47,1699538803748,1699538808014
10692000,10693000,74,1699538803753,1699538808026
10738000,10739000,98,1699538806022,1699538808179
10690000,10691000,24,1699538806011,1699538810293
10693000,10694000,54,1699538805756,1699538811073
10688000,10689000,13,1699538805912,1699538811239
10739000,10740000,98,1699538808118,1699538811352
10696000,10697000,100,1699538807930,1699538812218
10693000,10694000,74,1699538807983,1699538812251
10692000,10693000,63,1699538807099,1699538812425
10691000,10692000,47,1699538807976,1699538813301
10691000,10692000,24,1699538810248,1699538814522
10694000,10695000,54,1699538811018,1699538815301
10697000,10698000,100,1699538812157,1699538815389
10689000,10690000,13,1699538811184,1699538815465
10740000,10741000,98,1699538811314,1699538815583
10694000,10695000,74,1699538812208,1699538816479
10693000,10694000,63,1699538812362,1699538816655
10692000,10693000,47,1699538813244,1699538817524
10695000,10696000,54,1699538815250,1699538819529
10698000,10699000,100,1699538815350,1699538819614
10690000,10691000,13,1699538815421,1699538819693
10692000,10693000,24,1699538814482,1699538819806
10741000,10742000,98,1699538815544,1699538819812
10695000,10696000,74,1699538816436,1699538820707
10694000,10695000,63,1699538816597,1699538820886
10693000,10694000,47,1699538817472,1699538821752
10742000,10743000,98,1699538819762,1699538821928
10743000,10744000,98,1699538821884,1699538822987
10696000,10697000,54,1699538819482,1699538823757
10699000,10700000,100,1699538819573,1699538823842
10693000,10694000,24,1699538819751,1699538824034
10745000,10746000,98,1699538822939,1699538824044
10700000,10701000,100,1699538823799,1699538824898
10696000,10697000,74,1699538820664,1699538824935
10691000,10692000,13,1699538819655,1699538824974
10695000,10696000,63,1699538820832,1699538825117
10694000,10695000,47,1699538821704,1699538825979
10697000,10698000,54,1699538823713,1699538827985
10694000,10695000,24,1699538823988,1699538828259
10746000,10747000,98,1699538823992,1699538828274
10701000,10702000,100,1699538824858,1699538829123
10697000,10698000,74,1699538824893,1699538829157
10692000,10693000,13,1699538824926,1699538829201
10748000,10749000,98,1699538828217,1699538829331
10696000,10697000,63,1699538825065,1699538829348
10695000,10696000,47,1699538825936,1699538830209
10750000,10751000,98,1699538829291,1699538830389
10751000,10752000,98,1699538830346,1699538830391
10752000,10753000,98,1699538830349,1699538831447
10698000,10699000,54,1699538827943,1699538832209
10702000,10703000,100,1699538829075,1699538833350
10698000,10699000,74,1699538829115,1699538833384
10695000,10696000,24,1699538828218,1699538833545
10753000,10754000,98,1699538831403,1699538833562
10697000,10698000,63,1699538829299,1699538833578
10693000,10694000,13,1699538829159,1699538834489
10696000,10697000,47,1699538830169,1699538835494
10699000,10700000,54,1699538832168,1699538836432
10703000,10704000,100,1699538833301,1699538837574
10699000,10700000,74,1699538833343,1699538837613
10696000,10697000,24,1699538833488,1699538837774
10754000,10755000,98,1699538833516,1699538837791
10698000,10699000,63,1699538833532,1699538837809
10694000,10695000,13,1699538834428,1699538838718
10704000,10705000,100,1699538837521,1699538839689
10697000,10698000,47,1699538835433,1699538839718
10755000,10756000,98,1699538837743,1699538840963
10700000,10701000,54,1699538836395,1699538841717
10700000,10701000,74,1699538837573,1699538841841
10697000,10698000,24,1699538837727,1699538842002
10699000,10700000,63,1699538837765,1699538842040
10695000,10696000,13,1699538838672,1699538842947
10705000,10706000,100,1699538839642,1699538843918
10698000,10699000,47,1699538839664,1699538843946
10756000,10757000,98,1699538840925,1699538844136
10701000,10702000,54,1699538841659,1699538845945
10701000,10702000,74,1699538841802,1699538846067
10698000,10699000,24,1699538841960,1699538846230
10700000,10701000,63,1699538841997,1699538846270
10706000,10707000,100,1699538843869,1699538848144
10699000,10700000,47,1699538843898,1699538848173
10696000,10697000,13,1699538842907,1699538848234
10757000,10758000,98,1699538844093,1699538848367
10702000,10703000,54,1699538845892,1699538850173
10702000,10703000,74,1699538846028,1699538850293
10701000,10702000,63,1699538846229,1699538850502
10707000,10708000,100,1699538848091,1699538851318
10699000,10700000,24,1699538846193,1699538851514
10700000,10701000,47,1699538848128,1699538852402
10697000,10698000,13,1699538848181,1699538852461
10758000,10759000,98,1699538848323,1699538852595
10703000,10704000,54,1699538850126,1699538854397
10708000,10709000,100,1699538851257,1699538854486
10703000,10704000,74,1699538850255,1699538854519
10702000,10703000,63,1699538850462,1699538854733
10700000,10701000,24,1699538851465,1699538855742
10701000,10702000,47,1699538852360,1699538856630
10698000,10699000,13,1699538852417,1699538856689
10759000,10760000,98,1699538852549,1699538856824
10704000,10705000,54,1699538854353,1699538858621
10709000,10710000,100,1699538854445,1699538858715
10703000,10704000,63,1699538854694,1699538858965
10704000,10705000,74,1699538854481,1699538859805
10699000,10700000,13,1699538856651,1699538859858
10701000,10702000,24,1699538855699,1699538859971
10760000,10761000,98,1699538856777,1699538859997
10702000,10703000,47,1699538856591,1699538861910
10705000,10706000,74,1699538859742,1699538861918
10705000,10706000,54,1699538858578,1699538862846
10710000,10711000,100,1699538858672,1699538862942
10761000,10762000,98,1699538859938,1699538863170
10700000,10701000,13,1699538859816,1699538864088
10704000,10705000,63,1699538858928,1699538864250
10711000,10712000,100,1699538862898,1699538865054
10706000,10707000,74,1699538861874,1699538865087
10702000,10703000,24,1699538859934,1699538865258
10703000,10704000,47,1699538861852,1699538866134
10762000,10763000,98,1699538863120,1699538866342
10706000,10707000,54,1699538862805,1699538867070
10701000,10702000,13,1699538864038,1699538868317
10705000,10706000,63,1699538864191,1699538868482
10712000,10713000,100,1699538865015,1699538869278
10707000,10708000,74,1699538865034,1699538869314
10703000,10704000,24,1699538865207,1699538869489
10704000,10705000,47,1699538866083,1699538870359
10763000,10764000,98,1699538866295,1699538870572
10707000,10708000,54,1699538867031,1699538872350
10713000,10714000,100,1699538869237,1699538872450
10706000,10707000,63,1699538868428,1699538872715
10708000,10709000,74,1699538869263,1699538873542
10702000,10703000,13,1699538868275,1699538873602
10704000,10705000,24,1699538869445,1699538873716
10764000,10765000,98,1699538870525,1699538873744
10705000,10706000,47,1699538870312,1699538874586
10708000,10709000,54,1699538872291,1699538876577
10714000,10715000,100,1699538872406,1699538876677
10707000,10708000,63,1699538872663,1699538876942
10709000,10710000,74,1699538873492,1699538877767
10703000,10704000,13,1699538873543,1699538877827
10765000,10766000,98,1699538873698,1699538877974
10706000,10707000,47,1699538874542,1699538878810
10705000,10706000,24,1699538873677,1699538879002
10709000,10710000,54,1699538876524,1699538879749
10715000,10716000,100,1699538876632,1699538879848
10766000,10767000,98,1699538877922,1699538881147
10708000,10709000,63,1699538876894,1699538881173
10710000,10711000,74,1699538877718,1699538881995
10704000,10705000,13,1699538877780,1699538882054
10707000,10708000,47,1699538878769,1699538883039
10706000,10707000,24,1699538878949,1699538883231
10710000,10711000,54,1699538879705,1699538883974
10716000,10717000,100,1699538879790,1699538884075
10767000,10768000,98,1699538881097,1699538885379
10709000,10710000,63,1699538881127,1699538885403
10711000,10712000,74,1699538881946,1699538886222
10717000,10718000,100,1699538884013,1699538887248
10705000,10706000,13,1699538882014,1699538887342
10707000,10708000,24,1699538883185,1699538887461
10711000,10712000,54,1699538883933,1699538888201
10708000,10709000,47,1699538883001,1699538888325
10768000,10769000,98,1699538885325,1699538889611
10710000,10711000,63,1699538885358,1699538889630
10712000,10713000,74,1699538886174,1699538890449
10718000,10719000,100,1699538887208,1699538891475
10706000,10707000,13,1699538887289,1699538891570
10709000,10710000,47,1699538888267,1699538892550
10708000,10709000,24,1699538887421,1699538892745
10712000,10713000,54,1699538888163,1699538893485
10769000,10770000,98,1699538889553,1699538893840
10711000,10712000,63,1699538889587,1699538893861
10713000,10714000,74,1699538890398,1699538894675
10719000,10720000,100,1699538891435,1699538895703
10707000,10708000,13,1699538891525,1699538895798
10770000,10771000,98,1699538893778,1699538895955
10710000,10711000,47,1699538892502,1699538896778
10709000,10710000,24,1699538892688,1699538896975
10713000,10714000,54,1699538893424,1699538897713
10771000,10772000,98,1699538895906,1699538898067
10712000,10713000,63,1699538893820,1699538898091
10720000,10721000,100,1699538895661,1699538898874
10714000,10715000,74,1699538894628,1699538898903
10711000,10712000,47,1699538896732,1699538901002
10708000,10709000,13,1699538895761,1699538901085
10710000,10711000,24,1699538896926,1699538901205
10711000,10712000,24,1699538901158,1699538901206
10714000,10715000,54,1699538897658,1699538901937
10772000,10773000,98,1699538898030,1699538902296
10713000,10714000,63,1699538898051,1699538902323
10721000,10722000,100,1699538898826,1699538903098
10715000,10716000,74,1699538898856,1699538903131
10712000,10713000,47,1699538900959,1699538905227
10709000,10710000,13,1699538901035,1699538905314
10715000,10716000,54,1699538901889,1699538906157
10712000,10713000,24,1699538901163,1699538906493
10773000,10774000,98,1699538902253,1699538906529
10714000,10715000,63,1699538902284,1699538906553
10722000,10723000,100,1699538903048,1699538907323
10716000,10717000,74,1699538903084,1699538907359
10713000,10714000,47,1699538905186,1699538909450
10774000,10775000,98,1699538906484,1699538909702
10716000,10717000,54,1699538906111,1699538910378
10710000,10711000,13,1699538905272,1699538910598
10713000,10714000,24,1699538906434,1699538910721
10723000,10724000,100,1699538907268,1699538911550
10717000,10718000,74,1699538907313,1699538911583
10715000,10716000,63,1699538906516,1699538911843
10777000,10778000,98,1699538909662,1699538912875
10717000,10718000,54,1699538910334,1699538914603
10724000,10725000,100,1699538911492,1699538914718
10714000,10715000,47,1699538909413,1699538914732
10711000,10712000,13,1699538910540,1699538914825
10714000,10715000,24,1699538910675,1699538914940
10718000,10719000,74,1699538911538,1699538915808
10716000,10717000,63,1699538911782,1699538916071
10778000,10779000,98,1699538912828,1699538917104
10779000,10780000,98,1699538917052,1699538918160
10718000,10719000,54,1699538914553,1699538918830
10725000,10726000,100,1699538914680,1699538918942
10715000,10716000,47,1699538914678,1699538918960
10712000,10713000,13,1699538914779,1699538919053
10719000,10720000,74,1699538915762,1699538920038
10715000,10716000,24,1699538914898,1699538920225
10717000,10718000,63,1699538916016,1699538920301
10780000,10781000,98,1699538918122,1699538921332
10719000,10720000,54,1699538918782,1699538923054
10726000,10727000,100,1699538918902,1699538923166
10716000,10717000,47,1699538918914,1699538923187
10720000,10721000,74,1699538919994,1699538924263
10713000,10714000,13,1699538919014,1699538924338
10716000,10717000,24,1699538920164,1699538924453
10781000,10782000,98,1699538921280,1699538924504
10718000,10719000,63,1699538920248,1699538924533
10720000,10721000,54,1699538923010,1699538927281
10727000,10728000,100,1699538923125,1699538927394
10717000,10718000,47,1699538923142,1699538927414
10721000,10722000,74,1699538924219,1699538928490
10714000,10715000,13,1699538924285,1699538928566
10717000,10718000,24,1699538924406,1699538928684
10782000,10783000,98,1699538924457,1699538928737
10719000,10720000,63,1699538924484,1699538928764
10721000,10722000,54,1699538927240,1699538931508
10728000,10729000,100,1699538927351,1699538931618
10718000,10719000,47,1699538927373,1699538931641
10722000,10723000,74,1699538928447,1699538932716
10715000,10716000,13,1699538928522,1699538932794
10718000,10719000,24,1699538928641,1699538932914
10783000,10784000,98,1699538928687,1699538932965
10720000,10721000,63,1699538928716,1699538932994
10722000,10723000,54,1699538931469,1699538935734
10729000,10730000,100,1699538931573,1699538935842
10719000,10720000,47,1699538931603,1699538936927
10723000,10724000,74,1699538932673,1699538936946
10784000,10785000,98,1699538932914,1699538937196
10721000,10722000,63,1699538932949,1699538937226
10716000,10717000,13,1699538932756,1699538938079
10719000,10720000,24,1699538932877,1699538938200
10730000,10731000,100,1699538935796,1699538940070
10785000,10786000,98,1699538937140,1699538940371
10723000,10724000,54,1699538935696,1699538941017
10720000,10721000,47,1699538936867,1699538941154
10724000,10725000,74,1699538936904,1699538941174
10722000,10723000,63,1699538937182,1699538941454
10717000,10718000,13,1699538938030,1699538942310
10720000,10721000,24,1699538938149,1699538942428
10786000,10787000,98,1699538940323,1699538943544
10731000,10732000,100,1699538940022,1699538944298
10789000,10790000,98,1699538943506,1699538944603
10790000,10791000,98,1699538944544,1699538944604
10724000,10725000,54,1699538940961,1699538945243
10721000,10722000,47,1699538941103,1699538945375
10725000,10726000,74,1699538941133,1699538945398
10723000,10724000,63,1699538941412,1699538945685
10721000,10722000,24,1699538942384,1699538946658
10718000,10719000,13,1699538942268,1699538947599
10791000,10792000,98,1699538944563,1699538947777
10732000,10733000,100,1699538944246,1699538948523
10725000,10726000,54,1699538945192,1699538949469
10722000,10723000,47,1699538945327,1699538949602
10726000,10727000,74,1699538945357,1699538949626
10724000,10725000,63,1699538945644,1699538949917
10733000,10734000,100,1699538948467,1699538950638
10719000,10720000,13,1699538947541,1699538951829
10722000,10723000,24,1699538946619,1699538951944
10792000,10793000,98,1699538947735,1699538952009
10726000,10727000,54,1699538949423,1699538953698
10734000,10735000,100,1699538950586,1699538953811
10723000,10724000,47,1699538949558,1699538953830
10727000,10728000,74,1699538949586,1699538953850
10725000,10726000,63,1699538949878,1699538954149
10720000,10721000,13,1699538951783,1699538956058
10723000,10724000,24,1699538951890,1699538956173
10793000,10794000,98,1699538951966,1699538956239
10727000,10728000,54,1699538953654,1699538957926
10735000,10736000,100,1699538953760,1699538958039
10724000,10725000,47,1699538953790,1699538958059
10728000,10729000,74,1699538953811,1699538958074
10726000,10727000,63,1699538954111,1699538959438
10724000,10725000,24,1699538956129,1699538960405
10794000,10795000,98,1699538956196,1699538960471
10721000,10722000,13,1699538956018,1699538961343
10728000,10729000,54,1699538957884,1699538962153
10736000,10737000,100,1699538957986,1699538962266
10729000,10730000,74,1699538958035,1699538962306
10725000,10726000,47,1699538958022,1699538963342
10727000,10728000,63,1699538959378,1699538963669
10795000,10796000,98,1699538960425,1699538964699
10722000,10723000,13,1699538961288,1699538965570
10725000,10726000,24,1699538960365,1699538965686
10729000,10730000,54,1699538962114,1699538966379
10737000,10738000,100,1699538962211,1699538966494
10730000,10731000,74,1699538962266,1699538966537
10726000,10727000,47,1699538963286,1699538967565
10796000,10797000,98,1699538964651,1699538967871
10728000,10729000,63,1699538963611,1699538967900
10738000,10739000,100,1699538966434,1699538969662
10723000,10724000,13,1699538965526,1699538969793
10726000,10727000,24,1699538965630,1699538969914
10731000,10732000,74,1699538966499,1699538970767
10730000,10731000,54,1699538966342,1699538971661
10727000,10728000,47,1699538967516,1699538971790
10797000,10798000,98,1699538967830,1699538972103
10729000,10730000,63,1699538967847,1699538972132
10739000,10740000,100,1699538969624,1699538973887
10727000,10728000,24,1699538969868,1699538974142
10724000,10725000,13,1699538969755,1699538975077
10731000,10732000,54,1699538971604,1699538975885
10740000,10741000,100,1699538973847,1699538976002
10728000,10729000,47,1699538971745,1699538976017
10732000,10733000,74,1699538970728,1699538976051
10798000,10799000,98,1699538972051,1699538976335
10730000,10731000,63,1699538972081,1699538976360
10725000,10726000,13,1699538975029,1699538979307
10728000,10729000,24,1699538974102,1699538979430
10732000,10733000,54,1699538975834,1699538980110
10741000,10742000,100,1699538975950,1699538980227
10729000,10730000,47,1699538975975,1699538980244
10733000,10734000,74,1699538975989,1699538980277
10799000,10800000,98,1699538976277,1699538980560
10731000,10732000,63,1699538976310,1699538980590
10729000,10730000,24,1699538979371,1699538983661
10800000,10801000,98,1699538980500,1699538983733
10733000,10734000,54,1699538980063,1699538984337
10742000,10743000,100,1699538980170,1699538984454
10743000,10744000,100,1699538984394,1699538984456
10730000,10731000,47,1699538980204,1699538984469
10734000,10735000,74,1699538980215,1699538984506
10726000,10727000,13,1699538979265,1699538984588
10732000,10733000,63,1699538980544,1699538984821
10744000,10745000,100,1699538984416,1699538987626
10730000,10731000,24,1699538983614,1699538987888
10801000,10802000,98,1699538983675,1699538987964
10734000,10735000,54,1699538984293,1699538988565
10735000,10736000,74,1699538984447,1699538988734
10727000,10728000,13,1699538984529,1699538988820
10733000,10734000,63,1699538984776,1699538989050
10745000,10746000,100,1699538987581,1699538989738
10731000,10732000,47,1699538984433,1699538989749
10802000,10803000,98,1699538987902,1699538991136
10731000,10732000,24,1699538987847,1699538992118
10735000,10736000,54,1699538988522,1699538992790
10736000,10737000,74,1699538988675,1699538992958
10728000,10729000,13,1699538988773,1699538993047
10734000,10735000,63,1699538989007,1699538993280
10746000,10747000,100,1699538989686,1699538993966
10732000,10733000,47,1699538989697,1699538993980
10803000,10804000,98,1699538991091,1699538995368
10804000,10805000,98,1699538995321,1699538996428
10806000,10807000,98,1699538996376,1699538996430
10736000,10737000,54,1699538992750,1699538997018
10737000,10738000,74,1699538992903,1699538997188
10732000,10733000,24,1699538992081,1699538997404
10735000,10736000,63,1699538993238,1699538997506
10747000,10748000,100,1699538993908,1699538998198
10733000,10734000,47,1699538993933,1699538998208
10729000,10730000,13,1699538993007,1699538998334
10807000,10808000,98,1699538996390,1699539000659
10748000,10749000,100,1699538998135,1699539001367
10738000,10739000,74,1699538997131,1699539001415
10733000,10734000,24,1699538997354,1699539001633
10736000,10737000,63,1699538997467,1699539001733
10737000,10738000,54,1699538996980,1699539002301
10734000,10735000,47,1699538998164,1699539002434
10730000,10731000,13,1699538998280,1699539002561
10808000,10809000,98,1699539000621,1699539004891
10749000,10750000,100,1699539001327,1699539005594
10739000,10740000,74,1699539001361,1699539005638
10734000,10735000,24,1699539001590,1699539005862
10738000,10739000,54,1699539002244,1699539006522
10735000,10736000,47,1699539002392,1699539006658
10731000,10732000,13,1699539002518,1699539006790
10737000,10738000,63,1699539001695,1699539007021
10809000,10810000,98,1699539004851,1699539009122
10750000,10751000,100,1699539005553,1699539009822
10740000,10741000,74,1699539005585,1699539009867
10738000,10739000,63,1699539006958,1699539010194
10739000,10740000,54,1699539006470,1699539010749
10735000,10736000,24,1699539005824,1699539011148
10736000,10737000,47,1699539006619,1699539011939
10732000,10733000,13,1699539006752,1699539012075
10751000,10752000,100,1699539009763,1699539012993
10810000,10811000,98,1699539009080,1699539013353
10741000,10742000,74,1699539009816,1699539014095
10739000,10740000,63,1699539010149,1699539014423
10740000,10741000,54,1699539010702,1699539014973
10736000,10737000,24,1699539011098,1699539015378
10737000,10738000,47,1699539011880,1699539016169
10733000,10734000,13,1699539012027,1699539016303
10752000,10753000,100,1699539012952,1699539017219
10811000,10812000,98,1699539013309,1699539017585
10812000,10813000,98,1699539017539,1699539017586
10742000,10743000,74,1699539014045,1699539018323
10813000,10814000,98,1699539017545,1699539018642
10740000,10741000,63,1699539014379,1699539018654
10741000,10742000,54,1699539014929,1699539019198
10737000,10738000,24,1699539015333,1699539019606
10738000,10739000,47,1699539016116,1699539020396
10753000,10754000,100,1699539017176,1699539021446
10734000,10735000,13,1699539016261,1699539021590
10814000,10815000,98,1699539018600,1699539021814
10743000,10744000,74,1699539018274,1699539022548
10741000,10742000,63,1699539018612,1699539022882
10742000,10743000,54,1699539019155,1699539023422
10815000,10816000,98,1699539021765,1699539023927
10739000,10740000,47,1699539020351,1699539024622
10738000,10739000,24,1699539019567,1699539024890
10754000,10755000,100,1699539021402,1699539025670
10735000,10736000,13,1699539021529,1699539025818
10744000,10745000,74,1699539022497,1699539026777
10742000,10743000,63,1699539022842,1699539027114
10743000,10744000,54,1699539023381,1699539027648
10816000,10817000,98,1699539023877,1699539028157
10740000,10741000,47,1699539024578,1699539028849
10739000,10740000,24,1699539024836,1699539029113
10817000,10818000,98,1699539028105,1699539029215
10755000,10756000,100,1699539025624,1699539029895
10736000,10737000,13,1699539025773,1699539030047
10818000,10819000,98,1699539029174,1699539030272
10745000,10746000,74,1699539026727,1699539030999
10743000,10744000,63,1699539027075,1699539031342
10744000,10745000,54,1699539027610,1699539032929
10756000,10757000,100,1699539029847,1699539033070
10741000,10742000,47,1699539028808,1699539033077
10740000,10741000,24,1699539029067,1699539033344
10819000,10820000,98,1699539030226,1699539033447
10746000,10747000,74,1699539030951,1699539035227
10737000,10738000,13,1699539030007,1699539035333
10820000,10821000,98,1699539033402,1699539036620
10744000,10745000,63,1699539031305,1699539036628
10745000,10746000,54,1699539032870,1699539037153
10757000,10758000,100,1699539033021,1699539037297
10742000,10743000,47,1699539033040,1699539038354
10741000,10742000,24,1699539033303,1699539038629
10758000,10759000,100,1699539037243,1699539039410
10747000,10748000,74,1699539035180,1699539039455
10738000,10739000,13,1699539035279,1699539039562
10821000,10822000,98,1699539036578,1699539039793
10745000,10746000,63,1699539036569,1699539040859
10746000,10747000,54,1699539037100,1699539041376
10743000,10744000,47,1699539038298,1699539042578
10759000,10760000,100,1699539039363,1699539042580
10739000,10740000,13,1699539039519,1699539042734
10742000,10743000,24,1699539038571,1699539042858
10822000,10823000,98,1699539039754,1699539042966
10746000,10747000,63,1699539040803,1699539042971
10748000,10749000,74,1699539039408,1699539043683
10747000,10748000,54,1699539041328,1699539045604
10740000,10741000,13,1699539042686,1699539045906
10823000,10824000,98,1699539042927,1699539046134
10744000,10745000,47,1699539042530,1699539046805
10760000,10761000,100,1699539042532,1699539046807
10743000,10744000,24,1699539042811,1699539047086
10747000,10748000,63,1699539042923,1699539047202
10749000,10750000,74,1699539043636,1699539047912
10824000,10825000,98,1699539046085,1699539048249
10748000,10749000,54,1699539045559,1699539049829
10745000,10746000,47,1699539046760,1699539051033
10761000,10762000,100,1699539046759,1699539051038
10741000,10742000,13,1699539045869,1699539051194
10825000,10826000,98,1699539048206,1699539051423
10748000,10749000,63,1699539047157,1699539051434
10750000,10751000,74,1699539047866,1699539052139
10744000,10745000,24,1699539047044,1699539052370
10749000,10750000,54,1699539049786,1699539054056
10762000,10763000,100,1699539050985,1699539055262
10746000,10747000,47,1699539050990,1699539055264
10742000,10743000,13,1699539051145,1699539055420
10827000,10828000,98,1699539051370,1699539055655
10749000,10750000,63,1699539051390,1699539055664
10751000,10752000,74,1699539052094,1699539056363
10745000,10746000,24,1699539052310,1699539056598
10750000,10751000,54,1699539054015,1699539058282
10763000,10764000,100,1699539055207,1699539059486
10747000,10748000,47,1699539055223,1699539059490
10828000,10829000,98,1699539055598,1699539059887
10750000,10751000,63,1699539055622,1699539059897
10752000,10753000,74,1699539056318,1699539060591
10743000,10744000,13,1699539055377,1699539060706
10746000,10747000,24,1699539056550,1699539060829
10829000,10830000,98,1699539059827,1699539062003
10764000,10765000,100,1699539059429,1699539062651
10751000,10752000,54,1699539058243,1699539063565
10830000,10831000,98,1699539061952,1699539064118
10751000,10752000,63,1699539059856,1699539064126
10748000,10749000,47,1699539059453,1699539064773
10753000,10754000,74,1699539060547,1699539064819
10744000,10745000,13,1699539060647,1699539064934
10747000,10748000,24,1699539060786,1699539065057
10831000,10832000,98,1699539064073,1699539065176
10765000,10766000,100,1699539062612,1699539065823
10752000,10753000,54,1699539063505,1699539066734
10832000,10833000,98,1699539065133,1699539068345
10752000,10753000,63,1699539064087,1699539068357
10749000,10750000,47,1699539064720,1699539068998
10754000,10755000,74,1699539064775,1699539069046
10745000,10746000,13,1699539064888,1699539069166
10766000,10767000,100,1699539065768,1699539070051
10748000,10749000,24,1699539065020,1699539070344
10753000,10754000,54,1699539066690,1699539070961
10833000,10834000,98,1699539068291,1699539072576
10753000,10754000,63,1699539068310,1699539072589
10767000,10768000,100,1699539069991,1699539073222
10750000,10751000,47,1699539068951,1699539073223
10755000,10756000,74,1699539069003,1699539073274
10746000,10747000,13,1699539069126,1699539074453
10749000,10750000,24,1699539070291,1699539074570
10754000,10755000,54,1699539070919,1699539075188
10834000,10835000,98,1699539072521,1699539076805
10835000,10836000,98,1699539076747,1699539076810
10754000,10755000,63,1699539072544,1699539076819
10751000,10752000,47,1699539073177,1699539077450
10768000,10769000,100,1699539073184,1699539077452
10756000,10757000,74,1699539073231,1699539077499
10836000,10837000,98,1699539076762,1699539077863
10747000,10748000,13,1699539074399,1699539078681
10750000,10751000,24,1699539074526,1699539078799
10837000,10838000,98,1699539077825,1699539078920
10755000,10756000,54,1699539075150,1699539080472
10755000,10756000,63,1699539076775,1699539081049
10752000,10753000,47,1699539077408,1699539081674
10769000,10770000,100,1699539077410,1699539081679
10757000,10758000,74,1699539077457,1699539081727
10838000,10839000,98,1699539078879,1699539082095
10748000,10749000,13,1699539078637,1699539082911
10756000,10757000,54,1699539080410,1699539083644
10751000,10752000,24,1699539078760,1699539084085
10839000,10840000,98,1699539082052,1699539085269
10756000,10757000,63,1699539081008,1699539085278
10770000,10771000,100,1699539081637,1699539085909
10758000,10759000,74,1699539081685,1699539085954
10753000,10754000,47,1699539081635,1699539086959
10757000,10758000,54,1699539083598,1699539087869
10749000,10750000,13,1699539082873,1699539088198
10752000,10753000,24,1699539084030,1699539088313
10840000,10841000,98,1699539085223,1699539089500
10757000,10758000,63,1699539085237,1699539089510
10771000,10772000,100,1699539085866,1699539090138
10759000,10760000,74,1699539085913,1699539090179
10754000,10755000,47,1699539086899,1699539091186
10758000,10759000,54,1699539087826,1699539092094
10750000,10751000,13,1699539088149,1699539092423
10753000,10754000,24,1699539088269,1699539092537
10841000,10842000,98,1699539089453,1699539093732
10758000,10759000,63,1699539089471,1699539093741
10772000,10773000,100,1699539090093,1699539094363
10760000,10761000,74,1699539090138,1699539094405
10755000,10756000,47,1699539091135,1699539095413
10759000,10760000,54,1699539092052,1699539096318
10751000,10752000,13,1699539092381,1699539097709
10754000,10755000,24,1699539092497,1699539097823
10842000,10843000,98,1699539093684,1699539097964
10773000,10774000,100,1699539094316,1699539098587
10761000,10762000,74,1699539094365,1699539098630
10759000,10760000,63,1699539093703,1699539099026
10756000,10757000,47,1699539095367,1699539099640
10843000,10844000,98,1699539097913,1699539100080
10760000,10761000,54,1699539096279,1699539100545
10752000,10753000,13,1699539097649,1699539101941
10755000,10756000,24,1699539097766,1699539102053
10774000,10775000,100,1699539098537,1699539102814
10762000,10763000,74,1699539098591,1699539102855
10844000,10845000,98,1699539100035,1699539103252
10760000,10761000,63,1699539098967,1699539103256
10757000,10758000,47,1699539099597,1699539103864
10753000,10754000,13,1699539101892,1699539105111
10761000,10762000,54,1699539100508,1699539105824
10756000,10757000,24,1699539102007,1699539106280
10775000,10776000,100,1699539102762,1699539107043
10763000,10764000,74,1699539102817,1699539107085
10845000,10846000,98,1699539103208,1699539107485
10761000,10762000,63,1699539103199,1699539107486
10758000,10759000,47,1699539103823,1699539108091
10762000,10763000,54,1699539105768,1699539110049
10754000,10755000,13,1699539105071,1699539110398
10757000,10758000,24,1699539106239,1699539110506
10846000,10847000,98,1699539107438,1699539110660
10776000,10777000,100,1699539106987,1699539111270
10764000,10765000,74,1699539107047,1699539111313
10762000,10763000,63,1699539107432,1699539111718
10847000,10848000,98,1699539110619,1699539112773
10759000,10760000,47,1699539108053,1699539113377
10758000,10759000,24,1699539110456,1699539113680
10763000,10764000,54,1699539110000,1699539114273
10777000,10778000,100,1699539111210,1699539114439
10755000,10756000,13,1699539110345,1699539114629
10763000,10764000,63,1699539111667,1699539115949
10765000,10766000,74,1699539111275,1699539116597
10848000,10849000,98,1699539112728,1699539117003
10760000,10761000,47,1699539113319,1699539117602
10778000,10779000,100,1699539114400,1699539117609
10764000,10765000,54,1699539114227,1699539118498
10756000,10757000,13,1699539114586,1699539118858
10759000,10760000,24,1699539113643,1699539118964
10764000,10765000,63,1699539115902,1699539120177
10766000,10767000,74,1699539116535,1699539120819
10849000,10850000,98,1699539116957,1699539121235
10761000,10762000,47,1699539117553,1699539121826
10779000,10780000,100,1699539117566,1699539121832
10765000,10766000,54,1699539118454,1699539122724
10760000,10761000,24,1699539118915,1699539123194
10757000,10758000,13,1699539118821,1699539124147
10765000,10766000,63,1699539120131,1699539124402
10767000,10768000,74,1699539120759,1699539125047
10850000,10851000,98,1699539121187,1699539125465
10762000,10763000,47,1699539121780,1699539126050
10780000,10781000,100,1699539121783,1699539126063
10766000,10767000,54,1699539122681,1699539126950
10768000,10769000,74,1699539124988,1699539127161
10761000,10762000,24,1699539123151,1699539127425
10758000,10759000,13,1699539124099,1699539128377
10766000,10767000,63,1699539124357,1699539128634
10851000,10852000,98,1699539125415,1699539128639
10763000,10764000,47,1699539126007,1699539130274
10781000,10782000,100,1699539126015,1699539130291
10767000,10768000,54,1699539126910,1699539131173
10769000,10770000,74,1699539127120,1699539131387
10852000,10853000,98,1699539128581,1699539131810
10762000,10763000,24,1699539127387,1699539132713
10767000,10768000,63,1699539128591,1699539132865
10759000,10760000,13,1699539128336,1699539133663
10853000,10854000,98,1699539131763,1699539133925
10764000,10765000,47,1699539130234,1699539134502
10782000,10783000,100,1699539130238,1699539134521
10770000,10771000,74,1699539131347,1699539135618
10854000,10855000,98,1699539133881,1699539136041
10768000,10769000,54,1699539131136,1699539136458
10763000,10764000,24,1699539132661,1699539136941
10768000,10769000,63,1699539132824,1699539137097
10765000,10766000,47,1699539134465,1699539137673
10760000,10761000,13,1699539133606,1699539137894
10783000,10784000,100,1699539134466,1699539138746
10771000,10772000,74,1699539135578,1699539139848
10855000,10856000,98,1699539136003,1699539140272
10769000,10770000,54,1699539136401,1699539140682
10764000,10765000,24,1699539136898,1699539141170
10769000,10770000,63,1699539137057,1699539141329
10766000,10767000,47,1699539137628,1699539141901
10784000,10785000,100,1699539138688,1699539141916
10761000,10762000,13,1699539137849,1699539142122
10856000,10857000,98,1699539140225,1699539142387
10785000,10786000,100,1699539141879,1699539144026
10772000,10773000,74,1699539139808,1699539144078
10770000,10771000,54,1699539140630,1699539144906
10770000,10771000,63,1699539141291,1699539145561
10767000,10768000,47,1699539141858,1699539146126
10765000,10766000,24,1699539141131,1699539146457
10858000,10859000,98,1699539142344,1699539146619
10773000,10774000,74,1699539144039,1699539147248
10762000,10763000,13,1699539142083,1699539147406
10786000,10787000,100,1699539143985,1699539148254
10771000,10772000,54,1699539144859,1699539149132
10771000,10772000,63,1699539145505,1699539149790
10859000,10860000,98,1699539146557,1699539149792
10768000,10769000,47,1699539146086,1699539150354
10766000,10767000,24,1699539146401,1699539150689
10774000,10775000,74,1699539147201,1699539151475
10763000,10764000,13,1699539147355,1699539151634
10787000,10788000,100,1699539148212,1699539152481
10772000,10773000,54,1699539149086,1699539153354
10772000,10773000,63,1699539149739,1699539154022
10860000,10861000,98,1699539149754,1699539154024
10767000,10768000,24,1699539150641,1699539154917
10769000,10770000,47,1699539150316,1699539155634
10788000,10789000,100,1699539152437,1699539155650
10775000,10776000,74,1699539151420,1699539155700
10764000,10765000,13,1699539151591,1699539155862
10773000,10774000,54,1699539153312,1699539157581
10790000,10791000,100,1699539155604,1699539157762
10773000,10774000,63,1699539153973,1699539158251
10861000,10862000,98,1699539153985,1699539158254
10770000,10771000,47,1699539155580,1699539159862
10791000,10792000,100,1699539157721,1699539159877
10776000,10777000,74,1699539155646,1699539159927
10768000,10769000,24,1699539154878,1699539160205
