debs$start:INTEGER(64 bits),debs$end:INTEGER(64 bits),debs$sid:INTEGER(64 bits),debs$absolute_v:INTEGER(64 bits),timestamp
10634000,10635000,54,1700225303297,1700225303359
10634000,10635000,100,1700225303299,1700225303546
10634000,10635000,24,1700225303302,1700225303547
10634000,10635000,47,1700225303305,1700225303552
10634000,10635000,63,1700225303308,1700225303554
10634000,10635000,13,1700225303318,1700225303565
10635000,10636000,54,1700225303297,1700225304296
10635000,10636000,100,1700225303512,1700225304606
10635000,10636000,63,1700225303518,1700225304621
10635000,10636000,24,1700225303514,1700225304697
10635000,10636000,47,1700225303517,1700225304703
10635000,10636000,13,1700225303530,1700225304727
10636000,10637000,54,1700225304260,1700225305464
10636000,10637000,100,1700225304567,1700225305551
10636000,10637000,63,1700225304584,1700225305686
10636000,10637000,24,1700225304661,1700225305743
10636000,10637000,47,1700225304671,1700225305754
10636000,10637000,13,1700225304690,1700225305889
10637000,10638000,54,1700225305427,1700225306534
10637000,10638000,100,1700225305519,1700225306606
10637000,10638000,24,1700225305707,1700225306693
10637000,10638000,63,1700225305651,1700225306754
10637000,10638000,47,1700225305718,1700225306907
10637000,10638000,13,1700225305853,1700225307042
10638000,10639000,54,1700225306498,1700225307603
10638000,10639000,100,1700225306569,1700225307660
10638000,10639000,63,1700225306720,1700225307824
10638000,10639000,24,1700225306656,1700225307850
10638000,10639000,47,1700225306875,1700225307955
10638000,10639000,13,1700225307008,1700225308091
10639000,10640000,100,1700225307623,1700225308717
10639000,10640000,54,1700225307567,1700225308777
10639000,10640000,63,1700225307788,1700225308998
10639000,10640000,47,1700225307920,1700225309012
10639000,10640000,24,1700225307812,1700225309017
10639000,10640000,13,1700225308060,1700225309252
10640000,10641000,100,1700225308679,1700225309667
10640000,10641000,54,1700225308740,1700225309846
10640000,10641000,63,1700225308961,1700225310066
10640000,10641000,47,1700225308975,1700225310157
10640000,10641000,24,1700225308979,1700225310172
10640000,10641000,13,1700225309220,1700225310408
10641000,10642000,100,1700225309631,1700225310720
10641000,10642000,54,1700225309809,1700225310914
10641000,10642000,63,1700225310029,1700225311133
10641000,10642000,47,1700225310125,1700225311215
10641000,10642000,24,1700225310135,1700225311232
10641000,10642000,13,1700225310372,1700225311567
10642000,10643000,100,1700225310683,1700225311779
10642000,10643000,54,1700225310878,1700225312090
10642000,10643000,63,1700225311096,1700225312201
10642000,10643000,47,1700225311180,1700225312375
10642000,10643000,24,1700225311197,1700225312394
10642000,10643000,13,1700225311536,1700225312730
10643000,10644000,100,1700225311741,1700225312829
10643000,10644000,54,1700225312052,1700225313157
10643000,10644000,63,1700225312166,1700225313374
10643000,10644000,47,1700225312337,1700225313428
10643000,10644000,24,1700225312356,1700225313550
10644000,10645000,100,1700225312796,1700225313780
10643000,10644000,13,1700225312695,1700225313891
10644000,10645000,54,1700225313122,1700225314228
10644000,10645000,63,1700225313337,1700225314439
10644000,10645000,47,1700225313391,1700225314583
10644000,10645000,24,1700225313518,1700225314716
10645000,10646000,100,1700225313746,1700225314831
10644000,10645000,13,1700225313855,1700225315045
10645000,10646000,54,1700225314192,1700225315403
10645000,10646000,63,1700225314402,1700225315507
10645000,10646000,47,1700225314546,1700225315639
10645000,10646000,24,1700225314681,1700225315866
10646000,10647000,100,1700225314796,1700225315882
10645000,10646000,13,1700225315014,1700225316198
10646000,10647000,54,1700225315367,1700225316474
10646000,10647000,63,1700225315470,1700225316573
10646000,10647000,47,1700225315602,1700225316695
10646000,10647000,24,1700225315833,1700225316917
10647000,10648000,100,1700225315843,1700225316935
10646000,10647000,13,1700225316165,1700225317353
10647000,10648000,54,1700225316438,1700225317545
10647000,10648000,63,1700225316539,1700225317642
10647000,10648000,47,1700225316660,1700225317851
10648000,10649000,100,1700225316902,1700225317882
10647000,10648000,24,1700225316886,1700225318076
10647000,10648000,13,1700225317315,1700225318514
10648000,10649000,54,1700225317509,1700225318720
10648000,10649000,63,1700225317607,1700225318818
10648000,10649000,47,1700225317812,1700225318905
10649000,10650000,100,1700225317845,1700225318934
10648000,10649000,24,1700225318039,1700225319232
10648000,10649000,13,1700225318477,1700225319673
10649000,10650000,54,1700225318683,1700225319791
10649000,10650000,63,1700225318781,1700225319887
10650000,10651000,100,1700225318896,1700225319987
10649000,10650000,47,1700225318871,1700225320062
10649000,10650000,24,1700225319200,1700225320394
10649000,10650000,13,1700225319635,1700225320835
10650000,10651000,63,1700225319851,1700225320954
10650000,10651000,54,1700225319754,1700225320966
10651000,10652000,100,1700225319950,1700225321037
10650000,10651000,47,1700225320029,1700225321114
10650000,10651000,24,1700225320356,1700225321447
10652000,10653000,100,1700225321005,1700225321991
10650000,10651000,13,1700225320799,1700225322001
10651000,10652000,63,1700225320918,1700225322021
10651000,10652000,54,1700225320929,1700225322032
10651000,10652000,47,1700225321078,1700225322263
10651000,10652000,24,1700225321411,1700225322392
10653000,10654000,100,1700225321959,1700225323051
10652000,10653000,54,1700225321996,1700225323102
10651000,10652000,13,1700225321964,1700225323158
10652000,10653000,63,1700225321987,1700225323198
10652000,10653000,47,1700225322231,1700225323312
10652000,10653000,24,1700225322354,1700225323445
10654000,10655000,100,1700225323014,1700225324099
10653000,10654000,63,1700225323162,1700225324268
10653000,10654000,54,1700225323067,1700225324282
10652000,10653000,13,1700225323126,1700225324314
10653000,10654000,47,1700225323280,1700225324468
10653000,10654000,24,1700225323408,1700225324598
10655000,10656000,100,1700225324066,1700225325153
10654000,10655000,63,1700225324232,1700225325338
10654000,10655000,54,1700225324243,1700225325350
10653000,10654000,13,1700225324282,1700225325477
10654000,10655000,47,1700225324435,1700225325519
10654000,10655000,24,1700225324566,1700225325751
10656000,10657000,100,1700225325121,1700225326103
10655000,10656000,63,1700225325301,1700225326407
10655000,10656000,54,1700225325314,1700225326420
10654000,10655000,13,1700225325439,1700225326527
10655000,10656000,47,1700225325487,1700225326574
10655000,10656000,24,1700225325719,1700225326908
10657000,10658000,100,1700225326071,1700225327157
10656000,10657000,63,1700225326371,1700225327471
10656000,10657000,54,1700225326385,1700225327598
10655000,10656000,13,1700225326491,1700225327671
10656000,10657000,47,1700225326537,1700225327724
10656000,10657000,24,1700225326871,1700225327956
10658000,10659000,100,1700225327123,1700225328215
10657000,10658000,63,1700225327437,1700225328645
10657000,10658000,54,1700225327561,1700225328668
10657000,10658000,47,1700225327692,1700225328771
10656000,10657000,13,1700225327637,1700225328827
10657000,10658000,24,1700225327921,1700225329124
10659000,10660000,100,1700225328178,1700225329274
10658000,10659000,63,1700225328607,1700225329714
10658000,10659000,54,1700225328632,1700225329736
10658000,10659000,24,1700225329088,1700225329862
10658000,10659000,47,1700225328739,1700225329927
10657000,10658000,13,1700225328796,1700225329981
10659000,10660000,54,1700225329702,1700225330059
10660000,10661000,100,1700225329235,1700225330216
10659000,10660000,63,1700225329677,1700225330780
10659000,10660000,47,1700225329890,1700225330978
10659000,10660000,24,1700225329825,1700225331026
10660000,10661000,54,1700225330023,1700225331126
10658000,10659000,13,1700225329950,1700225331139
10661000,10662000,100,1700225330180,1700225331264
10660000,10661000,63,1700225330743,1700225331848
10660000,10661000,24,1700225330987,1700225332072
10660000,10661000,47,1700225330942,1700225332121
10661000,10662000,54,1700225331089,1700225332195
10659000,10660000,13,1700225331108,1700225332305
10662000,10663000,100,1700225331227,1700225332317
10661000,10662000,63,1700225331813,1700225333022
10661000,10662000,47,1700225332088,1700225333181
10661000,10662000,24,1700225332041,1700225333235
10663000,10664000,100,1700225332279,1700225333369
10662000,10663000,54,1700225332160,1700225333369
10660000,10661000,13,1700225332268,1700225333467
10662000,10663000,24,1700225333199,1700225334074
10662000,10663000,63,1700225332986,1700225334087
10664000,10665000,100,1700225333331,1700225334319
10662000,10663000,47,1700225333145,1700225334327
10663000,10664000,54,1700225333332,1700225334435
10661000,10662000,13,1700225333431,1700225334622
10663000,10664000,63,1700225334051,1700225335154
10663000,10664000,24,1700225334042,1700225335230
10665000,10666000,100,1700225334282,1700225335374
10663000,10664000,47,1700225334295,1700225335380
10664000,10665000,54,1700225334400,1700225335501
10662000,10663000,13,1700225334586,1700225335771
10664000,10665000,63,1700225335119,1700225336224
10664000,10665000,24,1700225335198,1700225336390
10666000,10667000,100,1700225335342,1700225336429
10664000,10665000,47,1700225335348,1700225336440
10665000,10666000,54,1700225335466,1700225336675
10663000,10664000,13,1700225335735,1700225336926
10665000,10666000,63,1700225336188,1700225337293
10667000,10668000,100,1700225336397,1700225337484
10665000,10666000,24,1700225336352,1700225337543
10665000,10666000,47,1700225336403,1700225337592
10666000,10667000,54,1700225336638,1700225337746
10664000,10665000,13,1700225336889,1700225338071
10668000,10669000,100,1700225337446,1700225338428
10666000,10667000,63,1700225337256,1700225338468
10666000,10667000,47,1700225337557,1700225338639
10666000,10667000,24,1700225337505,1700225338695
10667000,10668000,54,1700225337709,1700225338922
10665000,10666000,13,1700225338040,1700225339232
10669000,10670000,100,1700225338396,1700225339492
10667000,10668000,63,1700225338432,1700225339538
10667000,10668000,24,1700225338657,1700225339650
10667000,10668000,47,1700225338601,1700225339793
10668000,10669000,54,1700225338884,1700225339989
10666000,10667000,13,1700225339201,1700225340392
10670000,10671000,100,1700225339455,1700225340552
10668000,10669000,63,1700225339502,1700225340601
10668000,10669000,24,1700225339614,1700225340707
10668000,10669000,47,1700225339756,1700225340846
10669000,10670000,54,1700225339952,1700225340952
10667000,10668000,13,1700225340355,1700225341547
10671000,10672000,100,1700225340515,1700225341606
10669000,10670000,63,1700225340567,1700225341672
10669000,10670000,24,1700225340672,1700225341865
10669000,10670000,47,1700225340810,1700225342003
10670000,10671000,54,1700225340915,1700225342017
10672000,10673000,100,1700225341568,1700225342558
10668000,10669000,13,1700225341515,1700225342714
10670000,10671000,63,1700225341637,1700225342844
10670000,10671000,24,1700225341830,1700225343024
10670000,10671000,47,1700225341965,1700225343058
10671000,10672000,54,1700225341980,1700225343192
10673000,10674000,100,1700225342521,1700225343613
10669000,10670000,13,1700225342676,1700225343876
10671000,10672000,63,1700225342808,1700225343912
10671000,10672000,47,1700225343021,1700225344115
10671000,10672000,24,1700225342987,1700225344184
10672000,10673000,54,1700225343155,1700225344263
10674000,10675000,100,1700225343576,1700225344667
10672000,10673000,63,1700225343877,1700225344979
10670000,10671000,13,1700225343839,1700225345034
10672000,10673000,47,1700225344079,1700225345277
10673000,10674000,54,1700225344227,1700225345330
10672000,10673000,24,1700225344147,1700225345346
10675000,10676000,100,1700225344629,1700225345717
10673000,10674000,63,1700225344944,1700225346046
10671000,10672000,13,1700225344996,1700225346074
10673000,10674000,47,1700225345240,1700225346320
10673000,10674000,24,1700225345309,1700225346404
10674000,10675000,54,1700225345295,1700225346506
10676000,10677000,100,1700225345680,1700225346669
10674000,10675000,63,1700225346011,1700225347223
10672000,10673000,13,1700225346043,1700225347234
10674000,10675000,47,1700225346288,1700225347475
10674000,10675000,24,1700225346367,1700225347561
10675000,10676000,54,1700225346469,1700225347576
10677000,10678000,100,1700225346633,1700225347722
10675000,10676000,63,1700225347186,1700225348290
10673000,10674000,13,1700225347197,1700225348397
10675000,10676000,47,1700225347443,1700225348537
10676000,10677000,54,1700225347539,1700225348644
10675000,10676000,24,1700225347524,1700225348716
10678000,10679000,100,1700225347684,1700225348771
10676000,10677000,63,1700225348253,1700225349356
10674000,10675000,13,1700225348361,1700225349558
10676000,10677000,47,1700225348500,1700225349690
10677000,10678000,54,1700225348608,1700225349822
10679000,10680000,100,1700225348733,1700225349826
10676000,10677000,24,1700225348681,1700225349875
10677000,10678000,63,1700225349319,1700225350425
10675000,10676000,13,1700225349522,1700225350706
10677000,10678000,47,1700225349652,1700225350737
10680000,10681000,100,1700225349793,1700225350776
10678000,10679000,54,1700225349784,1700225350783
10677000,10678000,24,1700225349843,1700225350829
10678000,10679000,63,1700225350390,1700225351489
10681000,10682000,100,1700225350740,1700225351830
10679000,10680000,54,1700225350746,1700225351850
10676000,10677000,13,1700225350674,1700225351860
10678000,10679000,24,1700225350792,1700225351881
10678000,10679000,47,1700225350700,1700225351897
10679000,10680000,63,1700225351454,1700225352665
10682000,10683000,100,1700225351793,1700225352886
10680000,10681000,54,1700225351814,1700225352914
10679000,10680000,47,1700225351859,1700225352953
10677000,10678000,13,1700225351829,1700225353022
10679000,10680000,24,1700225351849,1700225353038
10680000,10681000,63,1700225352628,1700225353731
10683000,10684000,100,1700225352847,1700225353935
10680000,10681000,47,1700225352916,1700225354004
10681000,10682000,54,1700225352882,1700225354090
10678000,10679000,13,1700225352985,1700225354175
10680000,10681000,24,1700225353001,1700225354193
10684000,10685000,100,1700225353896,1700225354249
10685000,10686000,100,1700225354214,1700225354674
10681000,10682000,63,1700225353696,1700225354803
10681000,10682000,47,1700225353972,1700225355149
10682000,10683000,54,1700225354054,1700225355161
10679000,10680000,13,1700225354141,1700225355346
10681000,10682000,24,1700225354161,1700225355354
10686000,10687000,100,1700225354637,1700225355735
10682000,10683000,63,1700225354766,1700225355871
10682000,10683000,47,1700225355117,1700225356202
10683000,10684000,54,1700225355123,1700225356229
10680000,10681000,13,1700225355309,1700225356511
10682000,10683000,24,1700225355317,1700225356518
10687000,10688000,100,1700225355697,1700225356787
10683000,10684000,63,1700225355836,1700225357045
10683000,10684000,47,1700225356171,1700225357370
10684000,10685000,54,1700225356194,1700225357401
10683000,10684000,24,1700225356480,1700225357569
10681000,10682000,13,1700225356474,1700225357669
10688000,10689000,100,1700225356750,1700225357842
10684000,10685000,63,1700225357008,1700225358114
10684000,10685000,47,1700225357333,1700225358420
10685000,10686000,54,1700225357363,1700225358469
10684000,10685000,24,1700225357533,1700225358718
10689000,10690000,100,1700225357803,1700225358785
10682000,10683000,13,1700225357632,1700225358822
10685000,10686000,63,1700225358077,1700225359176
10686000,10687000,54,1700225358432,1700225359538
10685000,10686000,47,1700225358388,1700225359579
10690000,10691000,100,1700225358749,1700225359836
10685000,10686000,24,1700225358681,1700225359877
10683000,10684000,13,1700225358786,1700225359977
10686000,10687000,63,1700225359140,1700225360245
10686000,10687000,47,1700225359541,1700225360635
10687000,10688000,54,1700225359503,1700225360714
10691000,10692000,100,1700225359804,1700225360892
10686000,10687000,24,1700225359845,1700225361039
10684000,10685000,13,1700225359939,1700225361136
10687000,10688000,63,1700225360210,1700225361308
10688000,10689000,54,1700225360676,1700225361779
10687000,10688000,47,1700225360598,1700225361789
10692000,10693000,100,1700225360855,1700225361949
10687000,10688000,24,1700225361001,1700225362094
10685000,10686000,13,1700225361099,1700225362290
10688000,10689000,63,1700225361274,1700225362483
10689000,10690000,54,1700225361742,1700225362742
10688000,10689000,47,1700225361755,1700225362840
10693000,10694000,100,1700225361910,1700225362894
10688000,10689000,24,1700225362057,1700225363254
10690000,10691000,54,1700225362705,1700225363278
10686000,10687000,13,1700225362258,1700225363458
10689000,10690000,63,1700225362447,1700225363554
10689000,10690000,47,1700225362803,1700225363899
10694000,10695000,100,1700225362857,1700225363947
10689000,10690000,24,1700225363218,1700225364415
10691000,10692000,54,1700225363241,1700225364450
10687000,10688000,13,1700225363419,1700225364518
10690000,10691000,63,1700225363517,1700225364619
10695000,10696000,100,1700225363910,1700225365002
10690000,10691000,47,1700225363864,1700225365052
10692000,10693000,54,1700225364413,1700225365521
10690000,10691000,24,1700225364378,1700225365568
10688000,10689000,13,1700225364483,1700225365682
10691000,10692000,63,1700225364586,1700225365689
10696000,10697000,100,1700225364964,1700225366058
10691000,10692000,47,1700225365020,1700225366098
10693000,10694000,54,1700225365483,1700225366588
10691000,10692000,24,1700225365535,1700225366723
10689000,10690000,13,1700225365647,1700225366839
10692000,10693000,63,1700225365654,1700225366865
10697000,10698000,100,1700225366019,1700225367012
10692000,10693000,47,1700225366064,1700225367258
10694000,10695000,54,1700225366554,1700225367766
10692000,10693000,24,1700225366690,1700225367770
10693000,10694000,63,1700225366827,1700225367932
10690000,10691000,13,1700225366807,1700225367995
10698000,10699000,100,1700225366976,1700225368067
10693000,10694000,47,1700225367221,1700225368307
10695000,10696000,54,1700225367728,1700225368834
10693000,10694000,24,1700225367735,1700225368928
10694000,10695000,63,1700225367896,1700225369001
10699000,10700000,100,1700225368030,1700225369108
10691000,10692000,13,1700225367959,1700225369153
10700000,10701000,100,1700225369075,1700225369429
10694000,10695000,47,1700225368275,1700225369460
10696000,10697000,54,1700225368797,1700225369898
10695000,10696000,63,1700225368964,1700225370068
10694000,10695000,24,1700225368896,1700225370082
10692000,10693000,13,1700225369122,1700225370311
10701000,10702000,100,1700225369392,1700225370376
10695000,10696000,47,1700225369424,1700225370499
10697000,10698000,54,1700225369862,1700225371068
10696000,10697000,63,1700225370032,1700225371134
10695000,10696000,24,1700225370050,1700225371249
10702000,10703000,100,1700225370344,1700225371328
10693000,10694000,13,1700225370275,1700225371467
10696000,10697000,47,1700225370466,1700225371667
10698000,10699000,54,1700225371033,1700225372138
10696000,10697000,24,1700225371211,1700225372294
10697000,10698000,63,1700225371099,1700225372309
10703000,10704000,100,1700225371292,1700225372379
10694000,10695000,13,1700225371432,1700225372622
10697000,10698000,47,1700225371629,1700225372722
10704000,10705000,100,1700225372343,1700225373011
10699000,10700000,54,1700225372101,1700225373203
10698000,10699000,63,1700225372272,1700225373379
10697000,10698000,24,1700225372263,1700225373451
10698000,10699000,47,1700225372684,1700225373775
10695000,10696000,13,1700225372586,1700225373787
10705000,10706000,100,1700225372973,1700225373963
10700000,10701000,54,1700225373166,1700225374379
10699000,10700000,63,1700225373343,1700225374448
10698000,10699000,24,1700225373415,1700225374612
10699000,10700000,47,1700225373739,1700225374927
10696000,10697000,13,1700225373750,1700225374948
10706000,10707000,100,1700225373926,1700225375014
10701000,10702000,54,1700225374341,1700225375446
10700000,10701000,63,1700225374414,1700225375517
10707000,10708000,100,1700225374979,1700225375754
10699000,10700000,24,1700225374576,1700225375768
10700000,10701000,47,1700225374891,1700225375983
10697000,10698000,13,1700225374911,1700225376100
10702000,10703000,54,1700225375411,1700225376517
10701000,10702000,63,1700225375481,1700225376691
10708000,10709000,100,1700225375722,1700225376810
10700000,10701000,24,1700225375730,1700225376919
10701000,10702000,47,1700225375947,1700225377137
10698000,10699000,13,1700225376068,1700225377254
10703000,10704000,54,1700225376480,1700225377683
10702000,10703000,63,1700225376655,1700225377759
10709000,10710000,100,1700225376773,1700225377762
10701000,10702000,24,1700225376883,1700225377973
10699000,10700000,13,1700225377222,1700225377986
10702000,10703000,47,1700225377099,1700225378184
10704000,10705000,54,1700225377650,1700225378753
10710000,10711000,100,1700225377725,1700225378810
10703000,10704000,63,1700225377723,1700225378827
10700000,10701000,13,1700225377954,1700225378935
10702000,10703000,24,1700225377936,1700225379130
10703000,10704000,47,1700225378150,1700225379344
10711000,10712000,100,1700225378773,1700225379448
10705000,10706000,54,1700225378715,1700225379821
10704000,10705000,63,1700225378792,1700225379896
10701000,10702000,13,1700225378903,1700225380090
10703000,10704000,24,1700225379093,1700225380286
10704000,10705000,47,1700225379308,1700225380392
10712000,10713000,100,1700225379411,1700225380502
10705000,10706000,63,1700225379861,1700225380966
10706000,10707000,54,1700225379786,1700225380996
10713000,10714000,100,1700225380464,1700225381233
10702000,10703000,13,1700225380058,1700225381254
10704000,10705000,24,1700225380249,1700225381440
10705000,10706000,47,1700225380360,1700225381449
10707000,10708000,54,1700225380960,1700225382066
10706000,10707000,63,1700225380931,1700225382138
10714000,10715000,100,1700225381195,1700225382179
10703000,10704000,13,1700225381218,1700225382409
10705000,10706000,24,1700225381403,1700225382493
10706000,10707000,47,1700225381413,1700225382606
10715000,10716000,100,1700225382147,1700225382923
10708000,10709000,54,1700225382030,1700225383130
10707000,10708000,63,1700225382101,1700225383207
10704000,10705000,13,1700225382371,1700225383571
10706000,10707000,24,1700225382457,1700225383652
10707000,10708000,47,1700225382569,1700225383656
10716000,10717000,100,1700225382884,1700225383982
10709000,10710000,54,1700225383094,1700225384090
10708000,10709000,63,1700225383170,1700225384271
10705000,10706000,13,1700225383539,1700225384628
10707000,10708000,24,1700225383616,1700225384804
10708000,10709000,47,1700225383621,1700225384823
10717000,10718000,100,1700225383943,1700225384930
10710000,10711000,54,1700225384054,1700225385159
10709000,10710000,63,1700225384237,1700225385342
10706000,10707000,13,1700225384592,1700225385784
10709000,10710000,47,1700225384786,1700225385866
10708000,10709000,24,1700225384768,1700225385967
10718000,10719000,100,1700225384894,1700225385987
10711000,10712000,54,1700225385123,1700225386335
10710000,10711000,63,1700225385307,1700225386517
10707000,10708000,13,1700225385750,1700225386938
10710000,10711000,47,1700225385830,1700225387019
10719000,10720000,100,1700225385950,1700225387042
10709000,10710000,24,1700225385930,1700225387116
10712000,10713000,54,1700225386298,1700225387404
10711000,10712000,63,1700225386480,1700225387585
10720000,10721000,100,1700225387003,1700225387673
10711000,10712000,47,1700225386984,1700225388082
10708000,10709000,13,1700225386903,1700225388089
10710000,10711000,24,1700225387084,1700225388173
10711000,10712000,24,1700225388136,1700225388173
10713000,10714000,54,1700225387368,1700225388474
10712000,10713000,63,1700225387549,1700225388654
10721000,10722000,100,1700225387638,1700225388728
10712000,10713000,47,1700225388045,1700225389232
10709000,10710000,13,1700225388053,1700225389252
10712000,10713000,24,1700225388137,1700225389323
10714000,10715000,54,1700225388438,1700225389649
10713000,10714000,63,1700225388618,1700225389723
10722000,10723000,100,1700225388691,1700225389782
10713000,10714000,47,1700225389196,1700225390280
10710000,10711000,13,1700225389220,1700225390410
10713000,10714000,24,1700225389291,1700225390488
10715000,10716000,54,1700225389611,1700225390714
10714000,10715000,63,1700225389689,1700225390794
10723000,10724000,100,1700225389744,1700225390841
10714000,10715000,47,1700225390248,1700225391338
10711000,10712000,13,1700225390374,1700225391566
10714000,10715000,24,1700225390453,1700225391654
10716000,10717000,54,1700225390678,1700225391783
10724000,10725000,100,1700225390805,1700225391796
10715000,10716000,63,1700225390759,1700225391971
10715000,10716000,47,1700225391301,1700225392486
10712000,10713000,13,1700225391529,1700225392716
10715000,10716000,24,1700225391617,1700225392807
10725000,10726000,100,1700225391760,1700225392851
10717000,10718000,54,1700225391749,1700225392854
10716000,10717000,63,1700225391934,1700225393040
10716000,10717000,47,1700225392454,1700225393543
10716000,10717000,24,1700225392771,1700225393863
10713000,10714000,13,1700225392685,1700225393882
10726000,10727000,100,1700225392816,1700225393906
10718000,10719000,54,1700225392818,1700225393922
10717000,10718000,63,1700225393003,1700225394107
10717000,10718000,47,1700225393511,1700225394695
10727000,10728000,100,1700225393868,1700225394964
10719000,10720000,54,1700225393887,1700225394993
10717000,10718000,24,1700225393827,1700225395012
10714000,10715000,13,1700225393845,1700225395041
10718000,10719000,63,1700225394072,1700225395176
10718000,10719000,47,1700225394658,1700225395748
10728000,10729000,100,1700225394929,1700225395914
10720000,10721000,54,1700225394957,1700225396165
10718000,10719000,24,1700225394978,1700225396167
10715000,10716000,13,1700225395005,1700225396197
10719000,10720000,63,1700225395142,1700225396354
10719000,10720000,47,1700225395711,1700225396900
10729000,10730000,100,1700225395882,1700225396973
10721000,10722000,54,1700225396129,1700225397231
10719000,10720000,24,1700225396130,1700225397317
10716000,10717000,13,1700225396160,1700225397361
10720000,10721000,63,1700225396317,1700225397425
10720000,10721000,47,1700225396864,1700225397944
10730000,10731000,100,1700225396936,1700225398024
10722000,10723000,54,1700225397195,1700225398301
10720000,10721000,24,1700225397285,1700225398376
10721000,10722000,63,1700225397387,1700225398491
10717000,10718000,13,1700225397325,1700225398515
10731000,10732000,100,1700225397987,1700225399080
10721000,10722000,47,1700225397909,1700225399102
10723000,10724000,54,1700225398265,1700225399478
10721000,10722000,24,1700225398345,1700225399543
10722000,10723000,63,1700225398454,1700225399554
10718000,10719000,13,1700225398479,1700225399675
10732000,10733000,100,1700225399047,1700225400024
10722000,10723000,47,1700225399070,1700225400151
10724000,10725000,54,1700225399441,1700225400548
10723000,10724000,63,1700225399519,1700225400622
10733000,10734000,100,1700225399992,1700225400656
10722000,10723000,24,1700225399506,1700225400695
10719000,10720000,13,1700225399643,1700225400832
10723000,10724000,47,1700225400119,1700225401205
10734000,10735000,100,1700225400619,1700225401393
10725000,10726000,54,1700225400511,1700225401618
10724000,10725000,63,1700225400588,1700225401800
10723000,10724000,24,1700225400664,1700225401863
10720000,10721000,13,1700225400796,1700225401994
10724000,10725000,47,1700225401169,1700225402353
10735000,10736000,100,1700225401361,1700225402446
10726000,10727000,54,1700225401582,1700225402794
10725000,10726000,63,1700225401764,1700225402866
10724000,10725000,24,1700225401824,1700225403015
10721000,10722000,13,1700225401957,1700225403040
10725000,10726000,47,1700225402321,1700225403410
10736000,10737000,100,1700225402409,1700225403490
10727000,10728000,54,1700225402757,1700225403865
10726000,10727000,63,1700225402830,1700225403936
10725000,10726000,24,1700225402982,1700225404059
10722000,10723000,13,1700225403004,1700225404201
10737000,10738000,100,1700225403459,1700225404546
10726000,10727000,47,1700225403374,1700225404559
10727000,10728000,63,1700225403902,1700225405005
10728000,10729000,54,1700225403827,1700225405042
10726000,10727000,24,1700225404026,1700225405209
10723000,10724000,13,1700225404167,1700225405357
10738000,10739000,100,1700225404508,1700225405496
10727000,10728000,47,1700225404526,1700225405608
10729000,10730000,54,1700225405003,1700225406104
10728000,10729000,63,1700225404970,1700225406182
10727000,10728000,24,1700225405177,1700225406366
10724000,10725000,13,1700225405321,1700225406512
10739000,10740000,100,1700225405462,1700225406550
10728000,10729000,47,1700225405572,1700225406762
10740000,10741000,100,1700225406514,1700225406973
10730000,10731000,54,1700225406067,1700225407171
10729000,10730000,63,1700225406145,1700225407252
10728000,10729000,24,1700225406330,1700225407530
10725000,10726000,13,1700225406476,1700225407673
10729000,10730000,47,1700225406724,1700225407825
10741000,10742000,100,1700225406939,1700225407922
10730000,10731000,63,1700225407216,1700225408319
10731000,10732000,54,1700225407136,1700225408344
10729000,10730000,24,1700225407494,1700225408580
10726000,10727000,13,1700225407636,1700225408823
10730000,10731000,47,1700225407789,1700225408876
10742000,10743000,100,1700225407886,1700225408980
10743000,10744000,100,1700225408943,1700225409189
10731000,10732000,63,1700225408284,1700225409389
10732000,10733000,54,1700225408306,1700225409414
10730000,10731000,24,1700225408544,1700225409733
10744000,10745000,100,1700225409153,1700225409921
10727000,10728000,13,1700225408792,1700225409986
10731000,10732000,47,1700225408841,1700225410031
10745000,10746000,100,1700225409886,1700225410349
10732000,10733000,63,1700225409354,1700225410461
10733000,10734000,54,1700225409377,1700225410478
10731000,10732000,24,1700225409702,1700225410889
10732000,10733000,47,1700225409993,1700225411083
10728000,10729000,13,1700225409949,1700225411141
10746000,10747000,100,1700225410314,1700225411403
10733000,10734000,63,1700225410426,1700225411635
10734000,10735000,54,1700225410443,1700225411655
10732000,10733000,24,1700225410852,1700225412031
10733000,10734000,47,1700225411046,1700225412245
10729000,10730000,13,1700225411105,1700225412301
10747000,10748000,100,1700225411371,1700225412455
10734000,10735000,63,1700225411599,1700225412702
10735000,10736000,54,1700225411618,1700225412723
10733000,10734000,24,1700225411999,1700225413194
10734000,10735000,47,1700225412207,1700225413290
10748000,10749000,100,1700225412423,1700225413402
10730000,10731000,13,1700225412269,1700225413464
10735000,10736000,63,1700225412666,1700225413770
10736000,10737000,54,1700225412688,1700225413784
10734000,10735000,24,1700225413155,1700225414244
10735000,10736000,47,1700225413254,1700225414444
10749000,10750000,100,1700225413370,1700225414455
10731000,10732000,13,1700225413427,1700225414625
10736000,10737000,63,1700225413735,1700225414839
10737000,10738000,54,1700225413749,1700225414958
10750000,10751000,100,1700225414419,1700225415306
10735000,10736000,24,1700225414208,1700225415403
10736000,10737000,47,1700225414411,1700225415498
10732000,10733000,13,1700225414593,1700225415782
10737000,10738000,63,1700225414803,1700225416015
10738000,10739000,54,1700225414920,1700225416025
10751000,10752000,100,1700225415268,1700225416250
10736000,10737000,24,1700225415371,1700225416562
10737000,10738000,47,1700225415466,1700225416665
10738000,10739000,63,1700225415979,1700225416869
10733000,10734000,13,1700225415750,1700225416938
10739000,10740000,54,1700225415989,1700225417095
10752000,10753000,100,1700225416213,1700225417299
10738000,10739000,47,1700225416631,1700225417718
10737000,10738000,24,1700225416525,1700225417718
10739000,10740000,63,1700225416833,1700225418042
10734000,10735000,13,1700225416906,1700225418091
10740000,10741000,54,1700225417059,1700225418271
10753000,10754000,100,1700225417263,1700225418355
10738000,10739000,24,1700225417686,1700225418772
10739000,10740000,47,1700225417679,1700225418775
10740000,10741000,63,1700225418004,1700225419111
10735000,10736000,13,1700225418059,1700225419257
10741000,10742000,54,1700225418234,1700225419341
10754000,10755000,100,1700225418319,1700225419412
10739000,10740000,24,1700225418737,1700225419934
10740000,10741000,47,1700225418739,1700225419941
10741000,10742000,63,1700225419074,1700225420175
10755000,10756000,100,1700225419375,1700225420366
10742000,10743000,54,1700225419305,1700225420410
10736000,10737000,13,1700225419218,1700225420414
10741000,10742000,47,1700225419903,1700225420988
10740000,10741000,24,1700225419897,1700225421081
10756000,10757000,100,1700225420330,1700225421215
10742000,10743000,63,1700225420138,1700225421241
10737000,10738000,13,1700225420378,1700225421572
10743000,10744000,54,1700225420374,1700225421586
10742000,10743000,47,1700225420956,1700225422146
10741000,10742000,24,1700225421049,1700225422238
10757000,10758000,100,1700225421179,1700225422266
10743000,10744000,63,1700225421205,1700225422309
10738000,10739000,13,1700225421534,1700225422624
10744000,10745000,54,1700225421550,1700225422657
10758000,10759000,100,1700225422232,1700225422796
10743000,10744000,47,1700225422109,1700225423189
10742000,10743000,24,1700225422205,1700225423286
10739000,10740000,13,1700225422593,1700225423473
10744000,10745000,63,1700225422274,1700225423481
10759000,10760000,100,1700225422759,1700225423641
10745000,10746000,54,1700225422621,1700225423727
10740000,10741000,13,1700225423437,1700225424318
10744000,10745000,47,1700225423158,1700225424350
10743000,10744000,24,1700225423254,1700225424449
10745000,10746000,63,1700225423447,1700225424550
10760000,10761000,100,1700225423607,1700225424586
10746000,10747000,54,1700225423690,1700225424899
10746000,10747000,63,1700225424515,1700225425189
10745000,10746000,47,1700225424316,1700225425400
10741000,10742000,13,1700225424284,1700225425479
10744000,10745000,24,1700225424412,1700225425612
10761000,10762000,100,1700225424554,1700225425647
10747000,10748000,54,1700225424862,1700225425963
10747000,10748000,63,1700225425156,1700225426255
10746000,10747000,47,1700225425368,1700225426565
10742000,10743000,13,1700225425443,1700225426639
10762000,10763000,100,1700225425611,1700225426707
10745000,10746000,24,1700225425575,1700225426768
10748000,10749000,54,1700225425927,1700225427033
10748000,10749000,63,1700225426219,1700225427318
10747000,10748000,47,1700225426526,1700225427615
10763000,10764000,100,1700225426670,1700225427756
10743000,10744000,13,1700225426603,1700225427792
10746000,10747000,24,1700225426731,1700225427932
10749000,10750000,54,1700225426997,1700225428210
10749000,10750000,63,1700225427283,1700225428386
10748000,10749000,47,1700225427578,1700225428669
10764000,10765000,100,1700225427718,1700225428698
10744000,10745000,13,1700225427761,1700225428951
10747000,10748000,24,1700225427894,1700225428988
10750000,10751000,54,1700225428173,1700225429279
10765000,10766000,100,1700225428664,1700225429332
10750000,10751000,63,1700225428352,1700225429454
10749000,10750000,47,1700225428636,1700225429826
10745000,10746000,13,1700225428916,1700225430112
10748000,10749000,24,1700225428952,1700225430151
10766000,10767000,100,1700225429296,1700225430388
10751000,10752000,54,1700225429243,1700225430454
10751000,10752000,63,1700225429419,1700225430626
10750000,10751000,47,1700225429788,1700225430873
10746000,10747000,13,1700225430076,1700225431267
10749000,10750000,24,1700225430114,1700225431305
10752000,10753000,54,1700225430417,1700225431307
10767000,10768000,100,1700225430350,1700225431342
10752000,10753000,63,1700225430590,1700225431588
10751000,10752000,47,1700225430840,1700225432037
10768000,10769000,100,1700225431305,1700225432400
10747000,10748000,13,1700225431231,1700225432422
10750000,10751000,24,1700225431268,1700225432472
10753000,10754000,54,1700225431273,1700225432485
10753000,10754000,63,1700225431552,1700225432659
10752000,10753000,47,1700225432001,1700225433085
10769000,10770000,100,1700225432363,1700225433446
10751000,10752000,24,1700225432434,1700225433527
10754000,10755000,54,1700225432448,1700225433553
10748000,10749000,13,1700225432387,1700225433589
10754000,10755000,63,1700225432622,1700225433722
10753000,10754000,47,1700225433048,1700225434250
10770000,10771000,100,1700225433414,1700225434502
10752000,10753000,24,1700225433492,1700225434686
10755000,10756000,54,1700225433517,1700225434722
10749000,10750000,13,1700225433552,1700225434751
10755000,10756000,63,1700225433686,1700225434792
10754000,10755000,47,1700225434213,1700225435301
10771000,10772000,100,1700225434464,1700225435441
10756000,10757000,54,1700225434685,1700225435578
10753000,10754000,24,1700225434654,1700225435839
10756000,10757000,63,1700225434757,1700225435860
10750000,10751000,13,1700225434715,1700225435906
10755000,10756000,47,1700225435266,1700225436354
10772000,10773000,100,1700225435409,1700225436502
10757000,10758000,54,1700225435541,1700225436646
10754000,10755000,24,1700225435807,1700225436990
10757000,10758000,63,1700225435826,1700225437036
10751000,10752000,13,1700225435871,1700225437063
10756000,10757000,47,1700225436322,1700225437512
10773000,10774000,100,1700225436469,1700225437553
10758000,10759000,54,1700225436610,1700225437820
10758000,10759000,63,1700225437000,1700225438104
10755000,10756000,24,1700225436957,1700225438146
10752000,10753000,13,1700225437026,1700225438224
10757000,10758000,47,1700225437475,1700225438556
10774000,10775000,100,1700225437516,1700225438610
10759000,10760000,54,1700225437783,1700225438885
10753000,10754000,13,1700225438188,1700225439062
10759000,10760000,63,1700225438067,1700225439173
10756000,10757000,24,1700225438109,1700225439199
10775000,10776000,100,1700225438571,1700225439562
10758000,10759000,47,1700225438522,1700225439712
10760000,10761000,54,1700225438849,1700225439953
10757000,10758000,24,1700225439164,1700225440150
10754000,10755000,13,1700225439030,1700225440217
10760000,10761000,63,1700225439136,1700225440242
10776000,10777000,100,1700225439526,1700225440620
10759000,10760000,47,1700225439675,1700225440764
10758000,10759000,24,1700225440112,1700225441092
10761000,10762000,54,1700225439918,1700225441127
10755000,10756000,13,1700225440182,1700225441370
10761000,10762000,63,1700225440206,1700225441417
10777000,10778000,100,1700225440588,1700225441679
10760000,10761000,47,1700225440729,1700225441925
10762000,10763000,54,1700225441090,1700225442191
10759000,10760000,24,1700225441060,1700225442248
10778000,10779000,100,1700225441641,1700225442419
10762000,10763000,63,1700225441378,1700225442485
10756000,10757000,13,1700225441333,1700225442530
10761000,10762000,47,1700225441888,1700225442970
10779000,10780000,100,1700225442380,1700225443365
10763000,10764000,54,1700225442155,1700225443366
10760000,10761000,24,1700225442216,1700225443401
10763000,10764000,63,1700225442448,1700225443549
10757000,10758000,13,1700225442494,1700225443679
10762000,10763000,47,1700225442933,1700225444124
10780000,10781000,100,1700225443330,1700225444424
10764000,10765000,54,1700225443329,1700225444437
10761000,10762000,24,1700225443370,1700225444561
10764000,10765000,63,1700225443513,1700225444616
10758000,10759000,13,1700225443648,1700225444836
10763000,10764000,47,1700225444087,1700225445169
10781000,10782000,100,1700225444387,1700225445483
10765000,10766000,54,1700225444400,1700225445506
10765000,10766000,63,1700225444582,1700225445687
10762000,10763000,24,1700225444528,1700225445713
10759000,10760000,13,1700225444804,1700225445994
10764000,10765000,47,1700225445134,1700225446218
10782000,10783000,100,1700225445451,1700225446434
10766000,10767000,54,1700225445470,1700225446683
10763000,10764000,24,1700225445681,1700225446770
10766000,10767000,63,1700225445652,1700225446862
10765000,10766000,47,1700225446182,1700225446955
10760000,10761000,13,1700225445957,1700225447153
10783000,10784000,100,1700225446397,1700225447487
10767000,10768000,54,1700225446645,1700225447750
10767000,10768000,63,1700225446825,1700225447930
10764000,10765000,24,1700225446735,1700225447934
10766000,10767000,47,1700225446917,1700225448003
10761000,10762000,13,1700225447117,1700225448310
10784000,10785000,100,1700225447455,1700225448539
10768000,10769000,54,1700225447714,1700225448817
10768000,10769000,63,1700225447893,1700225448998
10785000,10786000,100,1700225448507,1700225449067
10765000,10766000,24,1700225447899,1700225449095
10767000,10768000,47,1700225447971,1700225449166
10762000,10763000,13,1700225448274,1700225449474
10769000,10770000,54,1700225448780,1700225449988
10786000,10787000,100,1700225449027,1700225450012
10769000,10770000,63,1700225448961,1700225450064
10768000,10769000,47,1700225449129,1700225450220
10766000,10767000,24,1700225449058,1700225450248
10763000,10764000,13,1700225449435,1700225450628
10770000,10771000,63,1700225450030,1700225450919
10770000,10771000,54,1700225449952,1700225451059
10787000,10788000,100,1700225449977,1700225451067
10769000,10770000,47,1700225450182,1700225451269
10767000,10768000,24,1700225450217,1700225451302
10764000,10765000,13,1700225450592,1700225451685
10788000,10789000,100,1700225451035,1700225451810
10771000,10772000,63,1700225450884,1700225452098
10771000,10772000,54,1700225451023,1700225452130
10770000,10771000,47,1700225451238,1700225452421
10790000,10791000,100,1700225451774,1700225452440
10768000,10769000,24,1700225451266,1700225452459
10765000,10766000,13,1700225451649,1700225452845
10791000,10792000,100,1700225452405,1700225452966
10772000,10773000,63,1700225452060,1700225453166
10772000,10773000,54,1700225452094,1700225453307
10771000,10772000,47,1700225452389,1700225453481
10766000,10767000,13,1700225452810,1700225453590
10769000,10770000,24,1700225452423,1700225453620
10792000,10793000,100,1700225452930,1700225454019
10773000,10774000,63,1700225453129,1700225454231
10773000,10774000,54,1700225453269,1700225454374
10772000,10773000,47,1700225453445,1700225454631
10767000,10768000,13,1700225453553,1700225454742
10770000,10771000,24,1700225453583,1700225454778
10793000,10794000,100,1700225453983,1700225455081
10774000,10775000,63,1700225454195,1700225455300
10774000,10775000,54,1700225454338,1700225455332
10773000,10774000,47,1700225454594,1700225455682
10768000,10769000,13,1700225454705,1700225455905
10771000,10772000,24,1700225454740,1700225455926
10794000,10795000,100,1700225455044,1700225456132
10775000,10776000,54,1700225455295,1700225456399
10775000,10776000,63,1700225455264,1700225456472
10774000,10775000,47,1700225455646,1700225456842
10795000,10796000,100,1700225456095,1700225456875
10772000,10773000,24,1700225455893,1700225456984
10769000,10770000,13,1700225455868,1700225457060
10798000,10799000,100,1700225456839,1700225457184
10776000,10777000,63,1700225456436,1700225457541
10776000,10777000,54,1700225456365,1700225457577
10773000,10774000,24,1700225456948,1700225457713
10775000,10776000,47,1700225456810,1700225457895
10770000,10771000,13,1700225457024,1700225458222
10799000,10800000,100,1700225457153,1700225458243
10777000,10778000,63,1700225457505,1700225458611
10777000,10778000,54,1700225457539,1700225458646
10774000,10775000,24,1700225457681,1700225458882
10776000,10777000,47,1700225457859,1700225459049
10800000,10801000,100,1700225458206,1700225459079
10771000,10772000,13,1700225458185,1700225459368
10801000,10802000,100,1700225459047,1700225459605
10778000,10779000,63,1700225458575,1700225459679
10778000,10779000,54,1700225458609,1700225459714
10775000,10776000,24,1700225458847,1700225460038
10777000,10778000,47,1700225459017,1700225460094
10779000,10780000,63,1700225459644,1700225460430
10772000,10773000,13,1700225459336,1700225460527
10802000,10803000,100,1700225459573,1700225460565
10778000,10779000,47,1700225460061,1700225460822
10779000,10780000,54,1700225459679,1700225460891
10776000,10777000,24,1700225460002,1700225461197
10780000,10781000,63,1700225460392,1700225461284
10779000,10780000,47,1700225460786,1700225461455
10803000,10804000,100,1700225460528,1700225461512
10773000,10774000,13,1700225460492,1700225461583
10780000,10781000,47,1700225461418,1700225461769
10780000,10781000,54,1700225460854,1700225461962
10777000,10778000,24,1700225461160,1700225462349
10781000,10782000,63,1700225461247,1700225462351
10804000,10805000,100,1700225461475,1700225462568
10781000,10782000,47,1700225461730,1700225462714
10774000,10775000,13,1700225461548,1700225462747
10781000,10782000,54,1700225461925,1700225463138
10778000,10779000,24,1700225462311,1700225463406
10782000,10783000,63,1700225462314,1700225463417
10805000,10806000,100,1700225462531,1700225463511
10782000,10783000,47,1700225462682,1700225463766
10775000,10776000,13,1700225462710,1700225463905
10782000,10783000,54,1700225463100,1700225464204
10783000,10784000,63,1700225463381,1700225464483
10779000,10780000,24,1700225463370,1700225464561
10806000,10807000,100,1700225463479,1700225464566
10783000,10784000,47,1700225463729,1700225464819
10776000,10777000,13,1700225463869,1700225465056
10783000,10784000,54,1700225464168,1700225465272
10807000,10808000,100,1700225464529,1700225465613
10784000,10785000,63,1700225464450,1700225465659
10780000,10781000,24,1700225464524,1700225465714
10784000,10785000,47,1700225464786,1700225465983
10777000,10778000,13,1700225465025,1700225466112
10784000,10785000,54,1700225465237,1700225466442
10808000,10809000,100,1700225465581,1700225466669
10785000,10786000,63,1700225465622,1700225466725
10781000,10782000,24,1700225465678,1700225466874
10785000,10786000,47,1700225465946,1700225467030
10778000,10779000,13,1700225466080,1700225467165
10785000,10786000,54,1700225466405,1700225467502
10809000,10810000,100,1700225466635,1700225467609
10786000,10787000,63,1700225466689,1700225467794
10779000,10780000,13,1700225467129,1700225467802
10782000,10783000,24,1700225466837,1700225467926
10786000,10787000,47,1700225466999,1700225468187
10786000,10787000,54,1700225467466,1700225468573
10810000,10811000,100,1700225467577,1700225468664
10787000,10788000,63,1700225467758,1700225468861
10780000,10781000,13,1700225467766,1700225468958
10783000,10784000,24,1700225467888,1700225469081
10787000,10788000,47,1700225468150,1700225469242
10811000,10812000,100,1700225468633,1700225469512
10787000,10788000,54,1700225468536,1700225469749
10784000,10785000,24,1700225469044,1700225469918
10788000,10789000,63,1700225468827,1700225469929
10781000,10782000,13,1700225468926,1700225470116
10788000,10789000,47,1700225469205,1700225470402
10812000,10813000,100,1700225469476,1700225470462
10785000,10786000,24,1700225469885,1700225470764
10788000,10789000,54,1700225469712,1700225470821
10789000,10790000,63,1700225469896,1700225471105
10782000,10783000,13,1700225470079,1700225471278
10789000,10790000,47,1700225470370,1700225471450
10813000,10814000,100,1700225470430,1700225471510
10786000,10787000,24,1700225470732,1700225471813
10789000,10790000,54,1700225470783,1700225471885
10790000,10791000,63,1700225471067,1700225472167
10783000,10784000,13,1700225471241,1700225472331
10814000,10815000,100,1700225471478,1700225472463
10790000,10791000,47,1700225471414,1700225472607
10787000,10788000,24,1700225471776,1700225472960
10790000,10791000,54,1700225471849,1700225473058
10791000,10792000,63,1700225472135,1700225473236
10784000,10785000,13,1700225472296,1700225473489
10815000,10816000,100,1700225472426,1700225473512
10791000,10792000,47,1700225472569,1700225473661
10788000,10789000,24,1700225472929,1700225473909
10791000,10792000,54,1700225473020,1700225474123
10792000,10793000,63,1700225473201,1700225474306
10816000,10817000,100,1700225473480,1700225474458
10785000,10786000,13,1700225473452,1700225474642
10792000,10793000,47,1700225473629,1700225474715
10789000,10790000,24,1700225473872,1700225475066
10792000,10793000,54,1700225474087,1700225475195
10793000,10794000,63,1700225474271,1700225475483
10817000,10818000,100,1700225474422,1700225475511
10786000,10787000,13,1700225474607,1700225475794
10793000,10794000,47,1700225474681,1700225475868
10790000,10791000,24,1700225475033,1700225476112
10793000,10794000,54,1700225475159,1700225476367
10794000,10795000,63,1700225475447,1700225476552
10818000,10819000,100,1700225475478,1700225476563
10794000,10795000,47,1700225475832,1700225476931
10787000,10788000,13,1700225475763,1700225476959
10791000,10792000,24,1700225476079,1700225477273
10794000,10795000,54,1700225476329,1700225477437
10795000,10796000,63,1700225476517,1700225477623
10819000,10820000,100,1700225476531,1700225477625
10788000,10789000,13,1700225476923,1700225478010
10795000,10796000,47,1700225476895,1700225478089
10792000,10793000,24,1700225477237,1700225478436
10795000,10796000,54,1700225477401,1700225478507
10820000,10821000,100,1700225477589,1700225478570
10796000,10797000,63,1700225477588,1700225478690
10821000,10822000,100,1700225478538,1700225478984
10789000,10790000,13,1700225477973,1700225479073
10796000,10797000,47,1700225478053,1700225479142
10793000,10794000,24,1700225478399,1700225479588
10796000,10797000,54,1700225478471,1700225479677
10797000,10798000,63,1700225478655,1700225479758
10822000,10823000,100,1700225478952,1700225480038
10790000,10791000,13,1700225479037,1700225480234
10797000,10798000,47,1700225479107,1700225480289
10794000,10795000,24,1700225479556,1700225480643
10797000,10798000,54,1700225479638,1700225480741
10798000,10799000,63,1700225479724,1700225480928
10823000,10824000,100,1700225480001,1700225481091
10798000,10799000,47,1700225480252,1700225481342
10791000,10792000,13,1700225480197,1700225481401
10795000,10796000,24,1700225480608,1700225481798
10798000,10799000,54,1700225480705,1700225481811
10799000,10800000,63,1700225480893,1700225481998
10824000,10825000,100,1700225481054,1700225482150
10799000,10800000,47,1700225481310,1700225482399
10792000,10793000,13,1700225481364,1700225482461
10796000,10797000,24,1700225481763,1700225482952
10799000,10800000,54,1700225481777,1700225482990
10800000,10801000,63,1700225481962,1700225483067
10825000,10826000,100,1700225482113,1700225483098
10800000,10801000,47,1700225482364,1700225483561
10793000,10794000,13,1700225482426,1700225483626
10800000,10801000,54,1700225482952,1700225484059
10797000,10798000,24,1700225482919,1700225484107
10801000,10802000,63,1700225483031,1700225484134
10826000,10827000,100,1700225483063,1700225484159
10801000,10802000,47,1700225483523,1700225484613
10794000,10795000,13,1700225483591,1700225484781
10801000,10802000,54,1700225484022,1700225485127
10827000,10828000,100,1700225484123,1700225485218
10798000,10799000,24,1700225484074,1700225485261
10802000,10803000,63,1700225484098,1700225485309
10802000,10803000,47,1700225484578,1700225485783
10795000,10796000,13,1700225484749,1700225485938
10828000,10829000,100,1700225485181,1700225486283
10802000,10803000,54,1700225485092,1700225486302
10799000,10800000,24,1700225485229,1700225486314
10803000,10804000,63,1700225485272,1700225486374
10803000,10804000,47,1700225485745,1700225486837
10796000,10797000,13,1700225485907,1700225487097
10804000,10805000,63,1700225486337,1700225487122
10829000,10830000,100,1700225486245,1700225487226
10803000,10804000,54,1700225486264,1700225487371
10800000,10801000,24,1700225486280,1700225487473
10805000,10806000,63,1700225487085,1700225487975
10804000,10805000,47,1700225486805,1700225487995
10797000,10798000,13,1700225487061,1700225488256
10830000,10831000,100,1700225487190,1700225488284
10804000,10805000,54,1700225487336,1700225488549
10801000,10802000,24,1700225487436,1700225488625
10806000,10807000,63,1700225487939,1700225489043
10805000,10806000,47,1700225487958,1700225489045
10831000,10832000,100,1700225488247,1700225489329
10798000,10799000,13,1700225488220,1700225489414
10805000,10806000,54,1700225488512,1700225489619
10802000,10803000,24,1700225488588,1700225489686
10806000,10807000,47,1700225489009,1700225490202
10807000,10808000,63,1700225489008,1700225490221
10799000,10800000,13,1700225489378,1700225490266
10832000,10833000,100,1700225489291,1700225490380
10806000,10807000,54,1700225489583,1700225490689
10803000,10804000,24,1700225489648,1700225490735
10807000,10808000,47,1700225490163,1700225491243
10808000,10809000,63,1700225490183,1700225491284
10800000,10801000,13,1700225490230,1700225491329
10833000,10834000,100,1700225490348,1700225491330
10804000,10805000,24,1700225490701,1700225491470
10807000,10808000,54,1700225490654,1700225491867
10805000,10806000,24,1700225491434,1700225492200
10808000,10809000,47,1700225491211,1700225492295
10809000,10810000,63,1700225491248,1700225492350
10834000,10835000,100,1700225491298,1700225492390
10801000,10802000,13,1700225491292,1700225492486
10808000,10809000,54,1700225491828,1700225492934
10810000,10811000,63,1700225492314,1700225493202
10806000,10807000,24,1700225492169,1700225493358
10835000,10836000,100,1700225492353,1700225493442
10809000,10810000,47,1700225492264,1700225493458
10802000,10803000,13,1700225492450,1700225493649
10809000,10810000,54,1700225492898,1700225494003
10811000,10812000,63,1700225493168,1700225494375
10836000,10837000,100,1700225493404,1700225494489
10803000,10804000,13,1700225493612,1700225494489
10810000,10811000,47,1700225493423,1700225494505
10807000,10808000,24,1700225493322,1700225494511
10810000,10811000,54,1700225493968,1700225495071
10837000,10838000,100,1700225494457,1700225495442
10812000,10813000,63,1700225494339,1700225495444
10808000,10809000,24,1700225494479,1700225495566
10804000,10805000,13,1700225494451,1700225495661
10811000,10812000,47,1700225494474,1700225495665
10811000,10812000,54,1700225495033,1700225496140
10838000,10839000,100,1700225495406,1700225496501
10813000,10814000,63,1700225495409,1700225496513
10805000,10806000,13,1700225495622,1700225496707
10812000,10813000,47,1700225495628,1700225496715
10809000,10810000,24,1700225495529,1700225496716
10812000,10813000,54,1700225496103,1700225497207
10814000,10815000,63,1700225496477,1700225497474
10839000,10840000,100,1700225496470,1700225497555
10813000,10814000,47,1700225496683,1700225497867
10806000,10807000,13,1700225496675,1700225497869
10810000,10811000,24,1700225496679,1700225497879
10813000,10814000,54,1700225497172,1700225498386
10815000,10816000,63,1700225497438,1700225498543
10840000,10841000,100,1700225497523,1700225498613
10814000,10815000,47,1700225497835,1700225498929
10807000,10808000,13,1700225497834,1700225499030
10811000,10812000,24,1700225497841,1700225499043
10814000,10815000,54,1700225498348,1700225499450
10841000,10842000,100,1700225498575,1700225499549
10816000,10817000,63,1700225498507,1700225499610
10812000,10813000,24,1700225499008,1700225499991
10815000,10816000,47,1700225498893,1700225500077
10808000,10809000,13,1700225498995,1700225500185
10815000,10816000,54,1700225499413,1700225500411
10817000,10818000,63,1700225499574,1700225500573
10842000,10843000,100,1700225499518,1700225500598
10816000,10817000,47,1700225500041,1700225501128
10813000,10814000,24,1700225499954,1700225501141
10809000,10810000,13,1700225500151,1700225501343
10818000,10819000,63,1700225500535,1700225501427
10819000,10820000,63,1700225501390,1700225501427
10816000,10817000,54,1700225500374,1700225501481
10843000,10844000,100,1700225500562,1700225501659
10820000,10821000,63,1700225501391,1700225502065
10817000,10818000,47,1700225501096,1700225502187
10814000,10815000,24,1700225501108,1700225502195
10810000,10811000,13,1700225501307,1700225502491
10817000,10818000,54,1700225501446,1700225502546
10844000,10845000,100,1700225501622,1700225502711
10821000,10822000,63,1700225502028,1700225503134
10815000,10816000,24,1700225502164,1700225503145
10818000,10819000,47,1700225502151,1700225503338
10811000,10812000,13,1700225502455,1700225503655
10845000,10846000,100,1700225502674,1700225503666
10818000,10819000,54,1700225502510,1700225503720
10822000,10823000,63,1700225503098,1700225504196
10816000,10817000,24,1700225503109,1700225504306
10819000,10820000,47,1700225503306,1700225504387
10846000,10847000,100,1700225503630,1700225504718
10819000,10820000,54,1700225503684,1700225504788
10812000,10813000,13,1700225503619,1700225504812
10823000,10824000,63,1700225504160,1700225505370
10817000,10818000,24,1700225504274,1700225505465
10820000,10821000,47,1700225504356,1700225505540
10847000,10848000,100,1700225504681,1700225505770
10820000,10821000,54,1700225504752,1700225505964
10813000,10814000,13,1700225504779,1700225505973
10848000,10849000,100,1700225505733,1700225506409
10824000,10825000,63,1700225505333,1700225506439
10818000,10819000,24,1700225505427,1700225506517
10821000,10822000,47,1700225505508,1700225506591
10814000,10815000,13,1700225505938,1700225507031
10821000,10822000,54,1700225505927,1700225507033
10849000,10850000,100,1700225506371,1700225507357
10825000,10826000,63,1700225506402,1700225507507
10819000,10820000,24,1700225506484,1700225507680
10822000,10823000,47,1700225506554,1700225507744
10822000,10823000,54,1700225506997,1700225508100
10815000,10816000,13,1700225507000,1700225508200
10850000,10851000,100,1700225507321,1700225508418
10826000,10827000,63,1700225507471,1700225508571
10823000,10824000,47,1700225507711,1700225508794
10820000,10821000,24,1700225507644,1700225508838
10816000,10817000,13,1700225508163,1700225509251
10823000,10824000,54,1700225508065,1700225509278
10851000,10852000,100,1700225508382,1700225509469
10827000,10828000,63,1700225508536,1700225509747
10824000,10825000,47,1700225508759,1700225509948
10821000,10822000,24,1700225508801,1700225510002
10824000,10825000,54,1700225509241,1700225510347
10817000,10818000,13,1700225509216,1700225510414
10852000,10853000,100,1700225509433,1700225510530
10828000,10829000,63,1700225509711,1700225510817
10825000,10826000,47,1700225509911,1700225511003
10822000,10823000,24,1700225509964,1700225511148
10825000,10826000,54,1700225510310,1700225511418
10853000,10854000,100,1700225510492,1700225511475
10818000,10819000,13,1700225510379,1700225511570
10829000,10830000,63,1700225510781,1700225511885
10826000,10827000,47,1700225510966,1700225512058
10823000,10824000,24,1700225511115,1700225512204
10854000,10855000,100,1700225511438,1700225512525
10826000,10827000,54,1700225511381,1700225512597
10819000,10820000,13,1700225511539,1700225512718
10830000,10831000,63,1700225511848,1700225512953
10827000,10828000,47,1700225512022,1700225513220
10824000,10825000,24,1700225512172,1700225513352
10855000,10856000,100,1700225512493,1700225513586
10827000,10828000,54,1700225512558,1700225513663
10820000,10821000,13,1700225512686,1700225513883
10831000,10832000,63,1700225512918,1700225514023
10828000,10829000,47,1700225513183,1700225514269
10825000,10826000,24,1700225513320,1700225514519
10856000,10857000,100,1700225513554,1700225514640
10828000,10829000,54,1700225513626,1700225514731
10829000,10830000,47,1700225514234,1700225515012
10821000,10822000,13,1700225513847,1700225515040
10832000,10833000,63,1700225513988,1700225515195
10857000,10858000,100,1700225514603,1700225515583
10830000,10831000,47,1700225514977,1700225515650
10826000,10827000,24,1700225514482,1700225515673
10829000,10830000,54,1700225514696,1700225515910
10822000,10823000,13,1700225515009,1700225515984
10833000,10834000,63,1700225515159,1700225516259
10858000,10859000,100,1700225515551,1700225516631
10831000,10832000,47,1700225515613,1700225516703
10827000,10828000,24,1700225515635,1700225516718
10823000,10824000,13,1700225515952,1700225516934
10830000,10831000,54,1700225515872,1700225516981
10834000,10835000,63,1700225516223,1700225517326
10859000,10860000,100,1700225516599,1700225517692
10832000,10833000,47,1700225516671,1700225517864
10828000,10829000,24,1700225516685,1700225517875
10831000,10832000,54,1700225516944,1700225518051
10824000,10825000,13,1700225516898,1700225518094
10835000,10836000,63,1700225517291,1700225518386
10860000,10861000,100,1700225517655,1700225518752
10833000,10834000,47,1700225517832,1700225518916
10829000,10830000,24,1700225517843,1700225519043
10832000,10833000,54,1700225518015,1700225519226
10825000,10826000,13,1700225518058,1700225519251
10836000,10837000,63,1700225518351,1700225519562
10861000,10862000,100,1700225518715,1700225519699
10834000,10835000,47,1700225518884,1700225519966
10830000,10831000,24,1700225519004,1700225520201
10833000,10834000,54,1700225519188,1700225520292
10826000,10827000,13,1700225519214,1700225520410
10837000,10838000,63,1700225519525,1700225520631
10862000,10863000,100,1700225519664,1700225520747
10835000,10836000,47,1700225519931,1700225521120
10834000,10835000,54,1700225520257,1700225521356
10831000,10832000,24,1700225520169,1700225521358
10827000,10828000,13,1700225520377,1700225521570
10838000,10839000,63,1700225520594,1700225521696
10863000,10864000,100,1700225520716,1700225521806
10836000,10837000,47,1700225521088,1700225521853
10832000,10833000,24,1700225521326,1700225522417
10835000,10836000,54,1700225521325,1700225522529
10828000,10829000,13,1700225521534,1700225522731
10839000,10840000,63,1700225521661,1700225522756
10837000,10838000,47,1700225521818,1700225522804
10864000,10865000,100,1700225521768,1700225522857
10833000,10834000,24,1700225522385,1700225523471
10836000,10837000,54,1700225522491,1700225523597
10829000,10830000,13,1700225522694,1700225523789
10865000,10866000,100,1700225522818,1700225523812
10840000,10841000,63,1700225522722,1700225523827
10838000,10839000,47,1700225522767,1700225523962
10834000,10835000,24,1700225523434,1700225524628
10837000,10838000,54,1700225523561,1700225524663
10866000,10867000,100,1700225523776,1700225524863
10830000,10831000,13,1700225523753,1700225524942
10841000,10842000,63,1700225523792,1700225525000
10839000,10840000,47,1700225523926,1700225525015
10835000,10836000,24,1700225524595,1700225525783
10838000,10839000,54,1700225524627,1700225525841
10867000,10868000,100,1700225524825,1700225525918
10842000,10843000,63,1700225524964,1700225526071
10831000,10832000,13,1700225524905,1700225526094
10840000,10841000,47,1700225524980,1700225526171
10841000,10842000,47,1700225526139,1700225526810
10836000,10837000,24,1700225525747,1700225526839
10839000,10840000,54,1700225525805,1700225526909
10868000,10869000,100,1700225525882,1700225526972
10843000,10844000,63,1700225526035,1700225527141
10832000,10833000,13,1700225526060,1700225527248
10869000,10870000,100,1700225526934,1700225527806
10842000,10843000,47,1700225526774,1700225527862
10840000,10841000,54,1700225526873,1700225527979
10837000,10838000,24,1700225526803,1700225528006
10844000,10845000,63,1700225527105,1700225528210
10833000,10834000,13,1700225527212,1700225528398
10871000,10872000,100,1700225527774,1700225528437
10843000,10844000,47,1700225527827,1700225529027
10841000,10842000,54,1700225527944,1700225529156
10838000,10839000,24,1700225527970,1700225529166
10872000,10873000,100,1700225528404,1700225529383
10845000,10846000,63,1700225528175,1700225529389
10834000,10835000,13,1700225528365,1700225529567
10844000,10845000,47,1700225528989,1700225530078
10846000,10847000,63,1700225529350,1700225530133
10842000,10843000,54,1700225529119,1700225530221
10839000,10840000,24,1700225529129,1700225530333
10873000,10874000,100,1700225529346,1700225530437
10835000,10836000,13,1700225529536,1700225530722
10847000,10848000,63,1700225530099,1700225531093
10845000,10846000,47,1700225530041,1700225531244
10840000,10841000,24,1700225530295,1700225531376
10843000,10844000,54,1700225530186,1700225531399
10874000,10875000,100,1700225530405,1700225531491
10836000,10837000,13,1700225530691,1700225531880
10848000,10849000,63,1700225531058,1700225532163
10846000,10847000,47,1700225531206,1700225532290
10844000,10845000,54,1700225531362,1700225532471
10841000,10842000,24,1700225531344,1700225532532
10875000,10876000,100,1700225531454,1700225532545
10837000,10838000,13,1700225531849,1700225533027
10849000,10850000,63,1700225532128,1700225533338
10847000,10848000,47,1700225532254,1700225533340
10876000,10877000,100,1700225532507,1700225533496
10845000,10846000,54,1700225532434,1700225533538
10842000,10843000,24,1700225532498,1700225533693
10877000,10878000,100,1700225533461,1700225533914
10838000,10839000,13,1700225532996,1700225534190
10850000,10851000,63,1700225533302,1700225534194
10848000,10849000,47,1700225533308,1700225534494
10846000,10847000,54,1700225533503,1700225534715
10843000,10844000,24,1700225533656,1700225534850
10878000,10879000,100,1700225533882,1700225534962
10839000,10840000,13,1700225534152,1700225535333
10849000,10850000,47,1700225534462,1700225535346
10851000,10852000,63,1700225534159,1700225535366
10847000,10848000,54,1700225534677,1700225535782
10844000,10845000,24,1700225534812,1700225536012
10879000,10880000,100,1700225534930,1700225536015
10852000,10853000,63,1700225535328,1700225536432
10840000,10841000,13,1700225535300,1700225536491
10850000,10851000,47,1700225535309,1700225536506
10848000,10849000,54,1700225535746,1700225536853
10880000,10881000,100,1700225535982,1700225536968
10845000,10846000,24,1700225535975,1700225537050
10853000,10854000,63,1700225536396,1700225537502
10851000,10852000,47,1700225536468,1700225537559
10841000,10842000,13,1700225536454,1700225537653
10881000,10882000,100,1700225536932,1700225538022
10849000,10850000,54,1700225536817,1700225538026
10846000,10847000,24,1700225537018,1700225538206
10854000,10855000,63,1700225537466,1700225538464
10852000,10853000,47,1700225537523,1700225538716
10842000,10843000,13,1700225537617,1700225538812
10882000,10883000,100,1700225537985,1700225539071
10850000,10851000,54,1700225537989,1700225539093
10847000,10848000,24,1700225538171,1700225539360
10855000,10856000,63,1700225538428,1700225539530
10853000,10854000,47,1700225538679,1700225539767
10843000,10844000,13,1700225538781,1700225539972
10883000,10884000,100,1700225539039,1700225540124
10851000,10852000,54,1700225539058,1700225540162
10848000,10849000,24,1700225539328,1700225540518
10856000,10857000,63,1700225539495,1700225540594
10854000,10855000,47,1700225539731,1700225540831
10884000,10885000,100,1700225540088,1700225541063
10844000,10845000,13,1700225539936,1700225541130
10852000,10853000,54,1700225540125,1700225541336
10849000,10850000,24,1700225540481,1700225541569
10857000,10858000,63,1700225540563,1700225541662
10855000,10856000,47,1700225540795,1700225541990
10885000,10886000,100,1700225541031,1700225542127
10845000,10846000,13,1700225541095,1700225542182
10853000,10854000,54,1700225541300,1700225542409
10850000,10851000,24,1700225541538,1700225542723
10858000,10859000,63,1700225541629,1700225542836
10856000,10857000,47,1700225541953,1700225543040
10886000,10887000,100,1700225542092,1700225543172
10846000,10847000,13,1700225542146,1700225543337
10854000,10855000,54,1700225542372,1700225543478
10851000,10852000,24,1700225542687,1700225543885
10859000,10860000,63,1700225542800,1700225543900
10857000,10858000,47,1700225543003,1700225544188
10887000,10888000,100,1700225543135,1700225544226
10847000,10848000,13,1700225543301,1700225544485
10855000,10856000,54,1700225543442,1700225544654
10860000,10861000,63,1700225543865,1700225544967
10852000,10853000,24,1700225543852,1700225545047
10888000,10889000,100,1700225544189,1700225545175
10858000,10859000,47,1700225544156,1700225545242
10848000,10849000,13,1700225544451,1700225545643
10856000,10857000,54,1700225544617,1700225545725
10861000,10862000,63,1700225544935,1700225546035
10853000,10854000,24,1700225545012,1700225546207
10889000,10890000,100,1700225545138,1700225546226
10859000,10860000,47,1700225545210,1700225546403
10857000,10858000,54,1700225545688,1700225546789
10849000,10850000,13,1700225545612,1700225546793
10862000,10863000,63,1700225546002,1700225546994
10854000,10855000,24,1700225546169,1700225547258
10890000,10891000,100,1700225546191,1700225547280
10860000,10861000,47,1700225546366,1700225547454
10863000,10864000,63,1700225546958,1700225547740
10850000,10851000,13,1700225546762,1700225547959
10858000,10859000,54,1700225546754,1700225547965
10891000,10892000,100,1700225547243,1700225548342
10855000,10856000,24,1700225547227,1700225548416
10861000,10862000,47,1700225547421,1700225548614
10864000,10865000,63,1700225547706,1700225548915
10859000,10860000,54,1700225547928,1700225549035
10851000,10852000,13,1700225547923,1700225549112
10892000,10893000,100,1700225548309,1700225549282
10856000,10857000,24,1700225548385,1700225549580
10862000,10863000,47,1700225548575,1700225549660
10865000,10866000,63,1700225548879,1700225549878
10860000,10861000,54,1700225548998,1700225550100
10852000,10853000,13,1700225549080,1700225550269
10893000,10894000,100,1700225549249,1700225550339
10863000,10864000,47,1700225549623,1700225550717
10866000,10867000,63,1700225549843,1700225550729
10857000,10858000,24,1700225549548,1700225550747
10861000,10862000,54,1700225550065,1700225551277
10894000,10895000,100,1700225550308,1700225551394
10853000,10854000,13,1700225550236,1700225551425
10858000,10859000,24,1700225550710,1700225551799
10867000,10868000,63,1700225550698,1700225551802
10864000,10865000,47,1700225550681,1700225551876
10862000,10863000,54,1700225551241,1700225552346
10895000,10896000,100,1700225551356,1700225552450
10854000,10855000,13,1700225551390,1700225552584
10868000,10869000,63,1700225551766,1700225552869
10865000,10866000,47,1700225551840,1700225552934
10859000,10860000,24,1700225551763,1700225552959
10896000,10897000,100,1700225552411,1700225553393
10863000,10864000,54,1700225552310,1700225553416
10855000,10856000,13,1700225552547,1700225553738
10869000,10870000,63,1700225552833,1700225554044
10866000,10867000,47,1700225552898,1700225554095
10860000,10861000,24,1700225552928,1700225554122
10897000,10898000,100,1700225553358,1700225554446
10864000,10865000,54,1700225553382,1700225554594
10856000,10857000,13,1700225553705,1700225554899
10898000,10899000,100,1700225554411,1700225554979
10870000,10871000,63,1700225554007,1700225555113
10867000,10868000,47,1700225554058,1700225555148
10861000,10862000,24,1700225554085,1700225555280
10865000,10866000,54,1700225554555,1700225555659
10899000,10900000,100,1700225554944,1700225555922
10857000,10858000,13,1700225554862,1700225556061
10871000,10872000,63,1700225555075,1700225556181
10868000,10869000,47,1700225555112,1700225556305
10862000,10863000,24,1700225555247,1700225556436
10866000,10867000,54,1700225555622,1700225556836
10900000,10901000,100,1700225555891,1700225556977
10858000,10859000,13,1700225556030,1700225557225
10872000,10873000,63,1700225556144,1700225557246
10869000,10870000,47,1700225556269,1700225557365
10863000,10864000,24,1700225556403,1700225557497
10859000,10860000,13,1700225557188,1700225557857
10867000,10868000,54,1700225556798,1700225557906
10901000,10902000,100,1700225556945,1700225558032
10873000,10874000,63,1700225557212,1700225558312
10870000,10871000,47,1700225557327,1700225558516
10902000,10903000,100,1700225557994,1700225558559
10864000,10865000,24,1700225557461,1700225558658
10860000,10861000,13,1700225557825,1700225558911
10868000,10869000,54,1700225557869,1700225558974
10874000,10875000,63,1700225558277,1700225559059
10871000,10872000,47,1700225558482,1700225559576
10903000,10904000,100,1700225558528,1700225559618
10865000,10866000,24,1700225558620,1700225559811
10869000,10870000,54,1700225558940,1700225560043
10861000,10862000,13,1700225558875,1700225560062
10875000,10876000,63,1700225559025,1700225560236
10904000,10905000,100,1700225559582,1700225560356
10872000,10873000,47,1700225559539,1700225560633
10866000,10867000,24,1700225559778,1700225560972
10870000,10871000,54,1700225560005,1700225561108
10862000,10863000,13,1700225560031,1700225561225
10876000,10877000,63,1700225560201,1700225561302
10905000,10906000,100,1700225560319,1700225561404
10873000,10874000,47,1700225560598,1700225561790
10867000,10868000,24,1700225560934,1700225562018
10871000,10872000,54,1700225561073,1700225562181
10906000,10907000,100,1700225561372,1700225562351
10877000,10878000,63,1700225561267,1700225562368
10863000,10864000,13,1700225561189,1700225562382
10874000,10875000,47,1700225561757,1700225562847
10868000,10869000,24,1700225561982,1700225563179
10872000,10873000,54,1700225562144,1700225563355
10907000,10908000,100,1700225562320,1700225563402
10878000,10879000,63,1700225562332,1700225563434
10864000,10865000,13,1700225562347,1700225563539
10875000,10876000,47,1700225562812,1700225564002
10869000,10870000,24,1700225563143,1700225564339
10873000,10874000,54,1700225563318,1700225564426
10908000,10909000,100,1700225563365,1700225564456
10879000,10880000,63,1700225563399,1700225564609
10865000,10866000,13,1700225563503,1700225564692
10876000,10877000,47,1700225563970,1700225565062
10874000,10875000,54,1700225564389,1700225565487
10870000,10871000,24,1700225564301,1700225565495
10909000,10910000,100,1700225564419,1700225565507
10880000,10881000,63,1700225564570,1700225565670
10866000,10867000,13,1700225564656,1700225565854
10871000,10872000,24,1700225565460,1700225566223
10877000,10878000,47,1700225565026,1700225566224
10910000,10911000,100,1700225565470,1700225566458
10875000,10876000,54,1700225565452,1700225566663
10881000,10882000,63,1700225565633,1700225566736
10867000,10868000,13,1700225565818,1700225567013
10878000,10879000,47,1700225566188,1700225567277
10872000,10873000,24,1700225566186,1700225567377
10911000,10912000,100,1700225566425,1700225567501
10876000,10877000,54,1700225566627,1700225567731
10882000,10883000,63,1700225566701,1700225567803
10868000,10869000,13,1700225566976,1700225568171
10873000,10874000,24,1700225567340,1700225568221
10879000,10880000,47,1700225567246,1700225568329
10912000,10913000,100,1700225567465,1700225568563
10883000,10884000,63,1700225567768,1700225568767
10877000,10878000,54,1700225567696,1700225568798
10869000,10870000,13,1700225568135,1700225569327
10874000,10875000,24,1700225568185,1700225569375
10880000,10881000,47,1700225568293,1700225569493
10913000,10914000,100,1700225568526,1700225569621
10884000,10885000,63,1700225568731,1700225569837
10878000,10879000,54,1700225568763,1700225569970
10870000,10871000,13,1700225569290,1700225570481
10875000,10876000,24,1700225569343,1700225570532
10881000,10882000,47,1700225569456,1700225570544
10914000,10915000,100,1700225569583,1700225570565
10885000,10886000,63,1700225569802,1700225570689
10879000,10880000,54,1700225569932,1700225571038
10886000,10887000,63,1700225570653,1700225571541
10871000,10872000,13,1700225570446,1700225571544
10915000,10916000,100,1700225570533,1700225571618
10876000,10877000,24,1700225570495,1700225571699
10882000,10883000,47,1700225570509,1700225571710
10880000,10881000,54,1700225571000,1700225572105
10887000,10888000,63,1700225571506,1700225572607
10916000,10917000,100,1700225571582,1700225572671
10872000,10873000,13,1700225571513,1700225572700
10883000,10884000,47,1700225571672,1700225572757
10877000,10878000,24,1700225571661,1700225572854
10881000,10882000,54,1700225572070,1700225573282
10917000,10918000,100,1700225572634,1700225573719
10888000,10889000,63,1700225572573,1700225573785
10873000,10874000,13,1700225572666,1700225573855
10878000,10879000,24,1700225572822,1700225573910
10884000,10885000,47,1700225572720,1700225573916
10882000,10883000,54,1700225573245,1700225574351
10918000,10919000,100,1700225573681,1700225574667
10889000,10890000,63,1700225573747,1700225574853
10885000,10886000,47,1700225573885,1700225574965
10874000,10875000,13,1700225573824,1700225575012
10879000,10880000,24,1700225573873,1700225575068
10883000,10884000,54,1700225574316,1700225575418
10919000,10920000,100,1700225574635,1700225575724
10890000,10891000,63,1700225574818,1700225575919
10886000,10887000,47,1700225574928,1700225576119
10875000,10876000,13,1700225574978,1700225576177
10880000,10881000,24,1700225575032,1700225576222
10884000,10885000,54,1700225575382,1700225576597
10920000,10921000,100,1700225575691,1700225576673
10891000,10892000,63,1700225575885,1700225576881
10887000,10888000,47,1700225576081,1700225577175
10876000,10877000,13,1700225576140,1700225577338
10881000,10882000,24,1700225576185,1700225577377
10921000,10922000,100,1700225576641,1700225577623
10885000,10886000,54,1700225576559,1700225577663
10892000,10893000,63,1700225576847,1700225577953
10888000,10889000,47,1700225577138,1700225578226
10882000,10883000,24,1700225577345,1700225578433
10877000,10878000,13,1700225577306,1700225578496
10922000,10923000,100,1700225577588,1700225578674
10886000,10887000,54,1700225577628,1700225578729
10893000,10894000,63,1700225577916,1700225579021
10889000,10890000,47,1700225578195,1700225579377
10923000,10924000,100,1700225578640,1700225579410
10883000,10884000,24,1700225578396,1700225579585
10878000,10879000,13,1700225578460,1700225579660
10894000,10895000,63,1700225578986,1700225579873
10887000,10888000,54,1700225578694,1700225579902
10924000,10925000,100,1700225579373,1700225580251
10890000,10891000,47,1700225579341,1700225580423
10884000,10885000,24,1700225579554,1700225580755
10879000,10880000,13,1700225579623,1700225580811
10895000,10896000,63,1700225579837,1700225580937
10888000,10889000,54,1700225579865,1700225580968
10925000,10926000,100,1700225580213,1700225581204
10891000,10892000,47,1700225580387,1700225581584
10896000,10897000,63,1700225580900,1700225581898
10885000,10886000,24,1700225580719,1700225581914
10880000,10881000,13,1700225580780,1700225581968
10889000,10890000,54,1700225580933,1700225582038
10926000,10927000,100,1700225581169,1700225582264
10892000,10893000,47,1700225581547,1700225582635
10897000,10898000,63,1700225581862,1700225582969
10886000,10887000,24,1700225581880,1700225583082
10881000,10882000,13,1700225581931,1700225583119
10890000,10891000,54,1700225582003,1700225583216
10927000,10928000,100,1700225582228,1700225583314
10893000,10894000,47,1700225582601,1700225583787
10898000,10899000,63,1700225582932,1700225584037
10887000,10888000,24,1700225583045,1700225584120
10891000,10892000,54,1700225583179,1700225584282
10882000,10883000,13,1700225583088,1700225584286
10928000,10929000,100,1700225583281,1700225584378
10894000,10895000,47,1700225583755,1700225584842
10899000,10900000,63,1700225584002,1700225585209
10888000,10889000,24,1700225584089,1700225585283
10929000,10930000,100,1700225584341,1700225585323
10883000,10884000,13,1700225584249,1700225585451
10892000,10893000,54,1700225584246,1700225585460
10895000,10896000,47,1700225584810,1700225586003
10900000,10901000,63,1700225585171,1700225586275
10930000,10931000,100,1700225585288,1700225586380
10889000,10890000,24,1700225585247,1700225586446
10893000,10894000,54,1700225585422,1700225586530
10884000,10885000,13,1700225585414,1700225586598
10896000,10897000,47,1700225585966,1700225587047
10901000,10902000,63,1700225586239,1700225587339
10931000,10932000,100,1700225586347,1700225587435
10894000,10895000,54,1700225586492,1700225587598
10890000,10891000,24,1700225586410,1700225587613
10885000,10886000,13,1700225586566,1700225587769
10897000,10898000,47,1700225587011,1700225588093
10932000,10933000,100,1700225587398,1700225588177
10902000,10903000,63,1700225587304,1700225588404
10891000,10892000,24,1700225587575,1700225588659
10895000,10896000,54,1700225587560,1700225588770
10886000,10887000,13,1700225587731,1700225588923
10933000,10934000,100,1700225588141,1700225589229
10898000,10899000,47,1700225588056,1700225589245
10903000,10904000,63,1700225588371,1700225589579
10892000,10893000,24,1700225588621,1700225589806
10896000,10897000,54,1700225588731,1700225589838
10887000,10888000,13,1700225588888,1700225589973
10899000,10900000,47,1700225589208,1700225590297
10934000,10935000,100,1700225589193,1700225590298
10904000,10905000,63,1700225589542,1700225590647
10897000,10898000,54,1700225589802,1700225590908
10893000,10894000,24,1700225589775,1700225590958
10888000,10889000,13,1700225589938,1700225591139
10935000,10936000,100,1700225590261,1700225591250
10900000,10901000,47,1700225590265,1700225591463
10905000,10906000,63,1700225590612,1700225591609
10898000,10899000,54,1700225590872,1700225592082
10894000,10895000,24,1700225590920,1700225592110
10889000,10890000,13,1700225591103,1700225592303
10936000,10937000,100,1700225591214,1700225592313
10901000,10902000,47,1700225591426,1700225592522
10906000,10907000,63,1700225591573,1700225592571
10899000,10900000,54,1700225592046,1700225593145
10895000,10896000,24,1700225592078,1700225593171
10937000,10938000,100,1700225592276,1700225593355
10890000,10891000,13,1700225592268,1700225593467
10902000,10903000,47,1700225592486,1700225593681
10907000,10908000,63,1700225592536,1700225593747
10900000,10901000,54,1700225593109,1700225594201
10896000,10897000,24,1700225593139,1700225594326
10938000,10939000,100,1700225593324,1700225594421
10908000,10909000,63,1700225593710,1700225594494
10891000,10892000,13,1700225593432,1700225594628
10903000,10904000,47,1700225593644,1700225594729
10939000,10940000,100,1700225594384,1700225595369
10901000,10902000,54,1700225594168,1700225595377
10897000,10898000,24,1700225594289,1700225595482
10909000,10910000,63,1700225594460,1700225595563
10904000,10905000,47,1700225594697,1700225595780
10892000,10893000,13,1700225594597,1700225595781
10940000,10941000,100,1700225595333,1700225596422
10902000,10903000,54,1700225595338,1700225596443
10910000,10911000,63,1700225595528,1700225596623
10898000,10899000,24,1700225595445,1700225596643
10893000,10894000,13,1700225595748,1700225596935
10905000,10906000,47,1700225595743,1700225596941
10941000,10942000,100,1700225596390,1700225597469
10903000,10904000,54,1700225596407,1700225597513
10911000,10912000,63,1700225596589,1700225597801
10899000,10900000,24,1700225596605,1700225597803
10906000,10907000,47,1700225596908,1700225597992
10894000,10895000,13,1700225596904,1700225598094
10912000,10913000,63,1700225597764,1700225598439
10942000,10943000,100,1700225597437,1700225598526
10904000,10905000,54,1700225597476,1700225598687
10900000,10901000,24,1700225597766,1700225598856
10907000,10908000,47,1700225597960,1700225599142
10895000,10896000,13,1700225598060,1700225599252
10943000,10944000,100,1700225598489,1700225599470
10913000,10914000,63,1700225598403,1700225599613
10905000,10906000,54,1700225598650,1700225599757
10901000,10902000,24,1700225598819,1700225600011
10908000,10909000,47,1700225599110,1700225600189
10896000,10897000,13,1700225599217,1700225600403
10944000,10945000,100,1700225599433,1700225600527
10914000,10915000,63,1700225599576,1700225600680
10906000,10907000,54,1700225599721,1700225600822
10902000,10903000,24,1700225599977,1700225601170
10909000,10910000,47,1700225600158,1700225601362
10897000,10898000,13,1700225600367,1700225601567
10945000,10946000,100,1700225600491,1700225601578
10915000,10916000,63,1700225600645,1700225601749
10907000,10908000,54,1700225600790,1700225601994
10903000,10904000,24,1700225601133,1700225602327
10910000,10911000,47,1700225601323,1700225602418
10946000,10947000,100,1700225601541,1700225602638
10898000,10899000,13,1700225601530,1700225602734
10916000,10917000,63,1700225601714,1700225602815
10908000,10909000,54,1700225601958,1700225603066
10904000,10905000,24,1700225602289,1700225603377
10911000,10912000,47,1700225602382,1700225603571
10947000,10948000,100,1700225602601,1700225603581
10917000,10918000,63,1700225602781,1700225603882
10899000,10900000,13,1700225602699,1700225603888
10909000,10910000,54,1700225603030,1700225604138
