debs$start:INTEGER(64 bits),debs$end:INTEGER(64 bits),debs$sid:INTEGER(64 bits),debs$absolute_v:INTEGER(64 bits),timestamp
1700472142000,1700472143000,54,12314917,1700472143090
1700472142000,1700472143000,63,6983597,1700472143090
1700472142000,1700472143000,13,13625900,1700472143125
1700472142000,1700472143000,100,9424635,1700472143125
1700472142000,1700472143000,24,20447901,1700472143162
1700472142000,1700472143000,47,11279083,1700472143162
1700472143000,1700472144000,13,21961580,1700472144063
1700472143000,1700472144000,100,26011299,1700472144063
1700472143000,1700472144000,24,19339367,1700472144089
1700472143000,1700472144000,47,16268777,1700472144089
1700472143000,1700472144000,54,29413865,1700472144127
1700472143000,1700472144000,63,14180190,1700472144127
1700472144000,1700472145000,54,27009668,1700472145063
1700472144000,1700472145000,63,15933823,1700472145063
1700472144000,1700472145000,13,24980466,1700472145096
1700472144000,1700472145000,100,42864895,1700472145096
1700472144000,1700472145000,24,30789289,1700472145128
1700472144000,1700472145000,47,18230720,1700472145128
1700472145000,1700472146000,24,25201253,1700472146061
1700472145000,1700472146000,47,33487992,1700472146061
1700472145000,1700472146000,54,23399493,1700472146103
1700472145000,1700472146000,63,13576587,1700472146103
1700472145000,1700472146000,13,24024833,1700472146137
1700472145000,1700472146000,100,56111967,1700472146137
1700472146000,1700472147000,13,17867111,1700472147066
1700472146000,1700472147000,100,56732295,1700472147066
1700472146000,1700472147000,24,18040995,1700472147098
1700472146000,1700472147000,47,48029298,1700472147098
1700472146000,1700472147000,54,23414314,1700472147140
1700472146000,1700472147000,63,18120066,1700472147140
1700472147000,1700472148000,13,19379299,1700472148077
1700472147000,1700472148000,100,65821228,1700472148077
1700472147000,1700472148000,54,25224461,1700472148081
1700472147000,1700472148000,63,13183824,1700472148081
1700472147000,1700472148000,24,21030522,1700472148133
1700472147000,1700472148000,47,18317725,1700472148133
1700472148000,1700472149000,24,22502514,1700472149065
1700472148000,1700472149000,47,18403099,1700472149065
1700472148000,1700472149000,13,22619262,1700472149117
1700472148000,1700472149000,100,60187547,1700472149117
1700472148000,1700472149000,54,34758586,1700472149119
1700472148000,1700472149000,63,12980139,1700472149119
1700472149000,1700472150000,13,15764962,1700472150073
1700472149000,1700472150000,100,25764568,1700472150073
1700472149000,1700472150000,24,25716128,1700472150077
1700472149000,1700472150000,47,17635468,1700472150077
1700472149000,1700472150000,54,32371064,1700472150162
1700472149000,1700472150000,63,18959528,1700472150162
1700472150000,1700472151000,54,25040152,1700472151098
1700472150000,1700472151000,63,16139825,1700472151098
1700472150000,1700472151000,13,19129698,1700472151113
1700472150000,1700472151000,100,20004569,1700472151113
1700472150000,1700472151000,24,25040586,1700472151139
1700472150000,1700472151000,47,19110099,1700472151139
1700472151000,1700472152000,24,22844671,1700472152072
1700472151000,1700472152000,47,16914685,1700472152072
1700472151000,1700472152000,54,27250742,1700472152134
1700472151000,1700472152000,63,13880666,1700472152134
1700472151000,1700472152000,13,30604587,1700472152150
1700472151000,1700472152000,100,17449929,1700472152150
1700472152000,1700472153000,54,27308236,1700472153071
1700472152000,1700472153000,63,16769892,1700472153071
1700472152000,1700472153000,13,18060333,1700472153085
1700472152000,1700472153000,100,18620148,1700472153085
1700472152000,1700472153000,24,23337942,1700472153106
1700472152000,1700472153000,47,15415325,1700472153106
1700472153000,1700472154000,54,31960024,1700472154107
1700472153000,1700472154000,63,18975002,1700472154107
1700472153000,1700472154000,13,23140997,1700472154124
1700472153000,1700472154000,100,15951183,1700472154124
1700472153000,1700472154000,24,31040688,1700472154142
1700472153000,1700472154000,47,18925873,1700472154142
1700472154000,1700472155000,24,36700418,1700472155073
1700472154000,1700472155000,47,13566564,1700472155073
1700472154000,1700472155000,54,20112120,1700472155148
1700472154000,1700472155000,63,16386102,1700472155148
1700472154000,1700472155000,13,19491469,1700472155161
1700472154000,1700472155000,100,18284955,1700472155161
1700472155000,1700472156000,54,21894335,1700472156085
1700472155000,1700472156000,63,13226697,1700472156085
1700472155000,1700472156000,13,21766561,1700472156094
1700472155000,1700472156000,100,21418293,1700472156094
1700472155000,1700472156000,24,35334806,1700472156108
1700472155000,1700472156000,47,18620301,1700472156108
1700472156000,1700472157000,24,44439415,1700472157119
1700472156000,1700472157000,47,19296389,1700472157119
1700472156000,1700472157000,54,23208238,1700472157122
1700472156000,1700472157000,63,13304659,1700472157122
1700472156000,1700472157000,13,22497762,1700472157133
1700472156000,1700472157000,100,20366446,1700472157133
1700472157000,1700472158000,54,25201941,1700472158059
1700472157000,1700472158000,63,14742790,1700472158059
1700472157000,1700472158000,13,17789734,1700472158069
1700472157000,1700472158000,100,20653291,1700472158069
1700472157000,1700472158000,24,21332710,1700472158086
1700472157000,1700472158000,47,13527605,1700472158086
1700472158000,1700472159000,54,19672515,1700472159101
1700472158000,1700472159000,63,17247848,1700472159101
1700472158000,1700472159000,13,20070727,1700472159109
1700472158000,1700472159000,100,18736583,1700472159109
1700472158000,1700472159000,24,25583934,1700472159125
1700472158000,1700472159000,47,16037892,1700472159125
1700472159000,1700472160000,24,35453722,1700472160122
1700472159000,1700472160000,47,15113976,1700472160122
1700472159000,1700472160000,54,23767953,1700472160139
1700472159000,1700472160000,63,15293882,1700472160139
1700472159000,1700472160000,13,19088942,1700472160148
1700472159000,1700472160000,100,23969428,1700472160148
1700472160000,1700472161000,54,39129719,1700472161075
1700472160000,1700472161000,63,15911821,1700472161075
1700472160000,1700472161000,13,22219204,1700472161082
1700472160000,1700472161000,100,20338420,1700472161082
1700472160000,1700472161000,24,31241886,1700472161104
1700472160000,1700472161000,47,14217709,1700472161104
1700472161000,1700472162000,24,26893969,1700472162092
1700472161000,1700472162000,47,29011721,1700472162092
1700472161000,1700472162000,54,38468135,1700472162114
1700472161000,1700472162000,63,13900507,1700472162114
1700472161000,1700472162000,13,28737811,1700472162118
1700472161000,1700472162000,100,19825461,1700472162118
1700472162000,1700472163000,24,22394188,1700472163131
1700472162000,1700472163000,47,17349578,1700472163131
1700472162000,1700472163000,54,28975289,1700472163155
1700472162000,1700472163000,63,44413794,1700472163155
1700472162000,1700472163000,13,18660930,1700472163160
1700472162000,1700472163000,100,23466875,1700472163160
1700472163000,1700472164000,54,22278163,1700472164094
1700472163000,1700472164000,63,14813408,1700472164094
1700472163000,1700472164000,13,17173403,1700472164099
1700472163000,1700472164000,100,15131114,1700472164099
1700472163000,1700472164000,24,29321517,1700472164118
1700472163000,1700472164000,47,45598940,1700472164118
1700472164000,1700472165000,24,30234724,1700472165105
1700472164000,1700472165000,47,22788805,1700472165105
1700472164000,1700472165000,54,20207547,1700472165132
1700472164000,1700472165000,63,17502138,1700472165132
1700472164000,1700472165000,13,20798500,1700472165138
1700472164000,1700472165000,100,23714570,1700472165138
1700472165000,1700472166000,54,16544217,1700472166069
1700472165000,1700472166000,63,13081723,1700472166069
1700472165000,1700472166000,13,21841275,1700472166073
1700472165000,1700472166000,100,13621082,1700472166073
1700472165000,1700472166000,24,23623962,1700472166094
1700472165000,1700472166000,47,46785726,1700472166094
1700472166000,1700472167000,54,20171188,1700472167109
1700472166000,1700472167000,63,20875903,1700472167109
1700472166000,1700472167000,13,16668763,1700472167113
1700472166000,1700472167000,100,18303817,1700472167113
1700472166000,1700472167000,24,28459743,1700472167132
1700472166000,1700472167000,47,30806701,1700472167132
1700472167000,1700472168000,24,30540802,1700472168108
1700472167000,1700472168000,47,36328688,1700472168108
1700472167000,1700472168000,54,18696116,1700472168110
1700472167000,1700472168000,63,13646135,1700472168110
1700472167000,1700472168000,13,40767673,1700472168122
1700472167000,1700472168000,100,29552694,1700472168122
1700472168000,1700472169000,13,35448853,1700472169090
1700472168000,1700472169000,100,45321836,1700472169090
1700472168000,1700472169000,54,28715674,1700472169091
1700472168000,1700472169000,63,13430171,1700472169091
1700472168000,1700472169000,24,32712581,1700472169106
1700472168000,1700472169000,47,34531216,1700472169106
1700472169000,1700472170000,24,20377816,1700472170081
1700472169000,1700472170000,47,49368247,1700472170081
1700472169000,1700472170000,13,37342230,1700472170129
1700472169000,1700472170000,100,81621656,1700472170129
1700472169000,1700472170000,54,25922328,1700472170130
1700472169000,1700472170000,63,18446494,1700472170130
1700472170000,1700472171000,24,25710616,1700472171121
1700472170000,1700472171000,47,16169210,1700472171121
1700472170000,1700472171000,54,25519065,1700472171124
1700472170000,1700472171000,63,15223186,1700472171124
1700472170000,1700472171000,13,19478177,1700472171129
1700472170000,1700472171000,100,40461498,1700472171129
1700472171000,1700472172000,54,22603208,1700472172105
1700472171000,1700472172000,63,13888256,1700472172105
1700472171000,1700472172000,13,28216683,1700472172106
1700472171000,1700472172000,100,65990092,1700472172106
1700472171000,1700472172000,24,32258678,1700472172121
1700472171000,1700472172000,47,44654133,1700472172121
1700472172000,1700472173000,24,19992047,1700472173097
1700472172000,1700472173000,47,14584483,1700472173097
1700472172000,1700472173000,54,22127619,1700472173099
1700472172000,1700472173000,63,15872796,1700472173099
1700472172000,1700472173000,13,28087958,1700472173101
1700472172000,1700472173000,100,37075637,1700472173101
1700472173000,1700472174000,54,26369565,1700472174082
1700472173000,1700472174000,63,13117393,1700472174082
1700472173000,1700472174000,13,20704279,1700472174085
1700472173000,1700472174000,100,43153559,1700472174085
1700472173000,1700472174000,24,30770416,1700472174092
1700472173000,1700472174000,47,10094995,1700472174092
1700472174000,1700472175000,54,36081857,1700472175124
1700472174000,1700472175000,63,16336490,1700472175124
1700472174000,1700472175000,13,22864854,1700472175127
1700472174000,1700472175000,100,81458076,1700472175127
1700472174000,1700472175000,24,22217352,1700472175129
1700472174000,1700472175000,47,9621909,1700472175129
1700472175000,1700472176000,13,34203510,1700472176111
1700472175000,1700472176000,100,80308226,1700472176111
1700472175000,1700472176000,24,22647224,1700472176113
1700472175000,1700472176000,47,10358815,1700472176113
1700472175000,1700472176000,54,19693011,1700472176115
1700472175000,1700472176000,63,14982357,1700472176115
1700472176000,1700472177000,13,25807115,1700472177101
1700472176000,1700472177000,100,58855247,1700472177101
1700472176000,1700472177000,54,21412203,1700472177104
1700472176000,1700472177000,63,17038476,1700472177104
1700472176000,1700472177000,24,26527534,1700472177104
1700472176000,1700472177000,47,11634072,1700472177104
1700472177000,1700472178000,13,18786769,1700472178085
1700472177000,1700472178000,100,36776934,1700472178085
1700472177000,1700472178000,24,30131913,1700472178088
1700472177000,1700472178000,47,10808869,1700472178088
1700472177000,1700472178000,54,28784764,1700472178090
1700472177000,1700472178000,63,14734367,1700472178090
1700472178000,1700472179000,13,24832763,1700472179125
1700472178000,1700472179000,100,22052629,1700472179125
1700472178000,1700472179000,24,23621970,1700472179129
1700472178000,1700472179000,47,11101319,1700472179129
1700472178000,1700472179000,54,30187591,1700472179131
1700472178000,1700472179000,63,19205045,1700472179131
1700472179000,1700472180000,54,19766991,1700472180119
1700472179000,1700472180000,63,16070834,1700472180119
1700472179000,1700472180000,24,26287427,1700472180120
1700472179000,1700472180000,47,10025458,1700472180120
1700472179000,1700472180000,13,31832270,1700472180124
1700472179000,1700472180000,100,17175362,1700472180124
1700472180000,1700472181000,13,32140188,1700472181101
1700472180000,1700472181000,100,16324689,1700472181101
1700472180000,1700472181000,24,17549797,1700472181103
1700472180000,1700472181000,47,14086857,1700472181103
1700472180000,1700472181000,54,15669314,1700472181106
1700472180000,1700472181000,63,17144677,1700472181106
1700472181000,1700472182000,24,21807615,1700472182095
1700472181000,1700472182000,47,11804508,1700472182095
1700472181000,1700472182000,54,29374667,1700472182096
1700472181000,1700472182000,63,14394893,1700472182096
1700472181000,1700472182000,13,19691229,1700472182101
1700472181000,1700472182000,100,22235102,1700472182101
1700472182000,1700472183000,13,26312465,1700472183077
1700472182000,1700472183000,100,24870828,1700472183077
1700472182000,1700472183000,24,19804683,1700472183134
1700472182000,1700472183000,47,15809074,1700472183134
1700472182000,1700472183000,54,85667403,1700472183135
1700472182000,1700472183000,63,17045853,1700472183135
1700472183000,1700472184000,24,23063682,1700472184115
1700472183000,1700472184000,47,14326912,1700472184115
1700472183000,1700472184000,13,30487421,1700472184118
1700472183000,1700472184000,100,21621514,1700472184118
1700472183000,1700472184000,54,30878573,1700472184122
1700472183000,1700472184000,63,16378071,1700472184122
1700472184000,1700472185000,54,52876797,1700472185107
1700472184000,1700472185000,63,13118709,1700472185107
1700472184000,1700472185000,24,19971095,1700472185108
1700472184000,1700472185000,47,15509270,1700472185108
1700472184000,1700472185000,13,23069799,1700472185120
1700472184000,1700472185000,100,15122854,1700472185120
1700472185000,1700472186000,24,18949520,1700472186091
1700472185000,1700472186000,47,32967082,1700472186091
1700472185000,1700472186000,54,23888171,1700472186092
1700472185000,1700472186000,63,13978294,1700472186092
1700472185000,1700472186000,13,16655095,1700472186095
1700472185000,1700472186000,100,20026176,1700472186095
1700472186000,1700472187000,24,27969774,1700472187129
1700472186000,1700472187000,47,28741563,1700472187129
1700472186000,1700472187000,54,20242177,1700472187131
1700472186000,1700472187000,63,17010425,1700472187131
1700472186000,1700472187000,13,17534922,1700472187134
1700472186000,1700472187000,100,27809111,1700472187134
1700472187000,1700472188000,54,34136523,1700472188120
1700472187000,1700472188000,63,15469078,1700472188120
1700472187000,1700472188000,24,35286388,1700472188125
1700472187000,1700472188000,47,16609757,1700472188125
1700472187000,1700472188000,13,25450001,1700472188137
1700472187000,1700472188000,100,36216048,1700472188137
1700472188000,1700472189000,24,22876958,1700472189100
1700472188000,1700472189000,47,17003648,1700472189100
1700472188000,1700472189000,54,47906390,1700472189101
1700472188000,1700472189000,63,19204813,1700472189101
1700472188000,1700472189000,13,22049735,1700472189103
1700472188000,1700472189000,100,34994400,1700472189103
1700472189000,1700472190000,54,20271626,1700472190097
1700472189000,1700472190000,63,23013720,1700472190097
1700472189000,1700472190000,24,31366763,1700472190103
1700472189000,1700472190000,47,32708260,1700472190103
1700472189000,1700472190000,13,31329124,1700472190113
1700472189000,1700472190000,100,35013685,1700472190113
1700472190000,1700472191000,54,24884233,1700472191068
1700472190000,1700472191000,63,17513485,1700472191068
1700472190000,1700472191000,24,43809595,1700472191070
1700472190000,1700472191000,47,17266791,1700472191070
1700472190000,1700472191000,13,18002179,1700472191077
1700472190000,1700472191000,100,21421715,1700472191077
1700472191000,1700472192000,54,30553471,1700472192107
1700472191000,1700472192000,63,32507155,1700472192107
1700472191000,1700472192000,24,37400968,1700472192108
1700472191000,1700472192000,47,28180617,1700472192108
1700472191000,1700472192000,13,49097109,1700472192117
1700472191000,1700472192000,100,21132667,1700472192117
1700472192000,1700472193000,54,22663386,1700472193115
1700472192000,1700472193000,63,65356065,1700472193115
1700472192000,1700472193000,24,36282168,1700472193120
1700472192000,1700472193000,47,17716698,1700472193120
1700472192000,1700472193000,13,22666199,1700472193158
1700472192000,1700472193000,100,22028227,1700472193158
1700472193000,1700472194000,54,17514995,1700472194080
1700472193000,1700472194000,63,102883259,1700472194080
1700472193000,1700472194000,24,21701479,1700472194085
1700472193000,1700472194000,47,20206567,1700472194085
1700472193000,1700472194000,13,20642716,1700472194093
1700472193000,1700472194000,100,24608989,1700472194093
1700472194000,1700472195000,54,17265738,1700472195121
1700472194000,1700472195000,63,65678362,1700472195121
1700472194000,1700472195000,24,32853475,1700472195123
1700472194000,1700472195000,47,15634704,1700472195123
1700472194000,1700472195000,13,40270008,1700472195133
1700472194000,1700472195000,100,19895614,1700472195133
1700472195000,1700472196000,13,21580945,1700472196069
1700472195000,1700472196000,100,23530911,1700472196069
1700472195000,1700472196000,24,27112367,1700472196136
1700472195000,1700472196000,47,13185624,1700472196136
1700472195000,1700472196000,54,21997685,1700472196161
1700472195000,1700472196000,63,74057105,1700472196161
1700472196000,1700472197000,54,23355975,1700472197097
1700472196000,1700472197000,63,34612164,1700472197097
1700472196000,1700472197000,24,28749529,1700472197102
1700472196000,1700472197000,47,12364802,1700472197102
1700472196000,1700472197000,13,41421307,1700472197108
1700472196000,1700472197000,100,23745705,1700472197108
1700472197000,1700472198000,24,29878360,1700472198112
1700472197000,1700472198000,47,10063894,1700472198112
1700472197000,1700472198000,54,63913985,1700472198133
1700472197000,1700472198000,63,29734381,1700472198133
1700472197000,1700472198000,13,28641597,1700472198147
1700472197000,1700472198000,100,16445249,1700472198147
1700472198000,1700472199000,54,23026692,1700472199069
1700472198000,1700472199000,63,13392948,1700472199069
1700472198000,1700472199000,24,21877402,1700472199077
1700472198000,1700472199000,47,14152045,1700472199077
1700472198000,1700472199000,13,31454631,1700472199083
1700472198000,1700472199000,100,20051734,1700472199083
1700472199000,1700472200000,54,31760151,1700472200107
1700472199000,1700472200000,63,18586005,1700472200107
1700472199000,1700472200000,24,31853993,1700472200116
1700472199000,1700472200000,47,12867931,1700472200116
1700472199000,1700472200000,13,30151653,1700472200124
1700472199000,1700472200000,100,19518090,1700472200124
1700472200000,1700472201000,13,21287619,1700472201063
1700472200000,1700472201000,100,23728528,1700472201063
1700472200000,1700472201000,24,24646284,1700472201129
1700472200000,1700472201000,47,15736291,1700472201129
1700472200000,1700472201000,54,45007241,1700472201146
1700472200000,1700472201000,63,16581679,1700472201146
1700472201000,1700472202000,54,57447418,1700472202081
1700472201000,1700472202000,63,17073336,1700472202081
1700472201000,1700472202000,24,26886461,1700472202092
1700472201000,1700472202000,47,13593917,1700472202092
1700472201000,1700472202000,13,23275793,1700472202102
1700472201000,1700472202000,100,19486061,1700472202102
1700472202000,1700472203000,54,23817822,1700472203120
1700472202000,1700472203000,63,21310279,1700472203120
1700472202000,1700472203000,24,27366405,1700472203132
1700472202000,1700472203000,47,17533713,1700472203132
1700472202000,1700472203000,13,24949891,1700472203140
1700472202000,1700472203000,100,20258857,1700472203140
1700472203000,1700472204000,24,25501604,1700472204069
1700472203000,1700472204000,47,12404472,1700472204069
1700472203000,1700472204000,13,43357328,1700472204076
1700472203000,1700472204000,100,19318106,1700472204076
1700472203000,1700472204000,54,31085772,1700472204159
1700472203000,1700472204000,63,11212861,1700472204159
1700472204000,1700472205000,54,22498801,1700472205097
1700472204000,1700472205000,63,13817687,1700472205097
1700472204000,1700472205000,24,22538418,1700472205107
1700472204000,1700472205000,47,16709666,1700472205107
1700472204000,1700472205000,13,32412391,1700472205115
1700472204000,1700472205000,100,25500470,1700472205115
1700472205000,1700472206000,54,71892830,1700472206138
1700472205000,1700472206000,63,15489794,1700472206138
1700472205000,1700472206000,24,21050140,1700472206145
1700472205000,1700472206000,47,13933944,1700472206145
1700472205000,1700472206000,13,23442820,1700472206153
1700472205000,1700472206000,100,24479150,1700472206153
1700472206000,1700472207000,54,93979663,1700472207070
1700472206000,1700472207000,63,18032719,1700472207070
1700472206000,1700472207000,24,24567307,1700472207077
1700472206000,1700472207000,47,14204496,1700472207077
1700472206000,1700472207000,13,29091890,1700472207084
1700472206000,1700472207000,100,55869754,1700472207084
1700472207000,1700472208000,54,135431162,1700472208114
1700472207000,1700472208000,63,58503529,1700472208114
1700472207000,1700472208000,24,33488292,1700472208117
1700472207000,1700472208000,47,14941816,1700472208117
1700472207000,1700472208000,13,23180978,1700472208123
1700472207000,1700472208000,100,85494639,1700472208123
1700472208000,1700472209000,24,33416182,1700472209157
1700472208000,1700472209000,47,25185266,1700472209157
1700472208000,1700472209000,54,221026476,1700472209158
1700472208000,1700472209000,63,87497203,1700472209158
1700472208000,1700472209000,13,26961100,1700472209162
1700472208000,1700472209000,100,87520999,1700472209162
1700472209000,1700472210000,24,35787427,1700472210094
1700472209000,1700472210000,47,37745190,1700472210094
1700472209000,1700472210000,54,177846485,1700472210095
1700472209000,1700472210000,63,208620099,1700472210095
1700472209000,1700472210000,13,25060707,1700472210099
1700472209000,1700472210000,100,61924943,1700472210099
1700472210000,1700472211000,24,130323314,1700472211135
1700472210000,1700472211000,47,161002407,1700472211135
1700472210000,1700472211000,13,35070145,1700472211137
1700472210000,1700472211000,100,95636600,1700472211137
1700472210000,1700472211000,54,171463671,1700472211139
1700472210000,1700472211000,63,246678387,1700472211139
1700472211000,1700472212000,24,165261128,1700472212069
1700472211000,1700472212000,47,50707169,1700472212069
1700472211000,1700472212000,13,33664784,1700472212074
1700472211000,1700472212000,100,37152590,1700472212074
1700472211000,1700472212000,54,187141543,1700472212075
1700472211000,1700472212000,63,141587679,1700472212075
1700472212000,1700472213000,24,102191154,1700472213105
1700472212000,1700472213000,47,184750008,1700472213105
1700472212000,1700472213000,13,40130543,1700472213115
1700472212000,1700472213000,100,71803071,1700472213115
1700472212000,1700472213000,54,137654273,1700472213118
1700472212000,1700472213000,63,122508615,1700472213118
1700472213000,1700472214000,13,232354135,1700472214127
1700472213000,1700472214000,100,74002963,1700472214127
1700472213000,1700472214000,24,129112021,1700472214146
1700472213000,1700472214000,47,184106120,1700472214146
1700472213000,1700472214000,54,102392084,1700472214152
1700472213000,1700472214000,63,40494363,1700472214152
1700472214000,1700472215000,54,84215571,1700472215083
1700472214000,1700472215000,63,32805047,1700472215083
1700472214000,1700472215000,24,210828791,1700472215086
1700472214000,1700472215000,47,87639388,1700472215086
1700472214000,1700472215000,13,78145657,1700472215096
1700472214000,1700472215000,100,69781774,1700472215096
1700472215000,1700472216000,13,260040240,1700472216102
1700472215000,1700472216000,100,53431325,1700472216102
1700472215000,1700472216000,54,51582327,1700472216122
1700472215000,1700472216000,63,71046091,1700472216122
1700472215000,1700472216000,24,171882211,1700472216126
1700472215000,1700472216000,47,177596919,1700472216126
1700472216000,1700472217000,24,102784389,1700472217064
1700472216000,1700472217000,47,89912574,1700472217064
1700472216000,1700472217000,13,245844850,1700472217074
1700472216000,1700472217000,100,88833754,1700472217074
1700472216000,1700472217000,54,33363994,1700472217160
1700472216000,1700472217000,63,62845320,1700472217160
1700472217000,1700472218000,54,118222671,1700472218097
1700472217000,1700472218000,63,29822094,1700472218097
1700472217000,1700472218000,24,172501433,1700472218105
1700472217000,1700472218000,47,38575475,1700472218105
1700472217000,1700472218000,13,220141474,1700472218113
1700472217000,1700472218000,100,92161669,1700472218113
1700472218000,1700472219000,13,55912505,1700472219113
1700472218000,1700472219000,100,53517421,1700472219113
1700472218000,1700472219000,54,40437012,1700472219137
1700472218000,1700472219000,63,28962842,1700472219137
1700472218000,1700472219000,24,45850245,1700472219139
1700472218000,1700472219000,47,36026706,1700472219139
1700472219000,1700472220000,24,58298369,1700472220069
1700472219000,1700472220000,47,130139452,1700472220069
1700472219000,1700472220000,54,29826993,1700472220072
1700472219000,1700472220000,63,45459571,1700472220072
1700472219000,1700472220000,13,142514526,1700472220092
1700472219000,1700472220000,100,60371098,1700472220092
1700472220000,1700472221000,24,27588859,1700472221110
1700472220000,1700472221000,47,31932576,1700472221110
1700472220000,1700472221000,54,155815178,1700472221114
1700472220000,1700472221000,63,18156633,1700472221114
1700472220000,1700472221000,13,34382915,1700472221131
1700472220000,1700472221000,100,67183339,1700472221131
1700472221000,1700472222000,13,33207570,1700472222132
1700472221000,1700472222000,100,36051832,1700472222132
1700472221000,1700472222000,24,28540360,1700472222149
1700472221000,1700472222000,47,15156894,1700472222149
1700472221000,1700472222000,54,153425822,1700472222154
1700472221000,1700472222000,63,19166594,1700472222154
1700472222000,1700472223000,24,30743672,1700472223085
1700472222000,1700472223000,47,27815509,1700472223085
1700472222000,1700472223000,54,132543492,1700472223089
1700472222000,1700472223000,63,15758616,1700472223089
1700472222000,1700472223000,13,45026249,1700472223103
1700472222000,1700472223000,100,31606646,1700472223103
1700472223000,1700472224000,13,36407195,1700472224110
1700472223000,1700472224000,100,141070596,1700472224110
1700472223000,1700472224000,24,80694808,1700472224124
1700472223000,1700472224000,47,58031080,1700472224124
1700472223000,1700472224000,54,65814475,1700472224129
1700472223000,1700472224000,63,82565239,1700472224129
1700472224000,1700472225000,54,22194737,1700472225066
1700472224000,1700472225000,63,68086496,1700472225066
1700472224000,1700472225000,13,47515620,1700472225077
1700472224000,1700472225000,100,40734309,1700472225077
1700472224000,1700472225000,24,231736552,1700472225135
1700472224000,1700472225000,47,30555178,1700472225135
1700472225000,1700472226000,24,123213076,1700472226102
1700472225000,1700472226000,47,50520250,1700472226102
1700472225000,1700472226000,54,22037139,1700472226105
1700472225000,1700472226000,63,31609579,1700472226105
1700472225000,1700472226000,13,47859456,1700472226118
1700472225000,1700472226000,100,136865294,1700472226118
1700472226000,1700472227000,24,136390105,1700472227111
1700472226000,1700472227000,47,77776834,1700472227111
1700472226000,1700472227000,13,51735438,1700472227125
1700472226000,1700472227000,100,72523249,1700472227125
1700472226000,1700472227000,54,36276067,1700472227146
1700472226000,1700472227000,63,22934212,1700472227146
1700472227000,1700472228000,24,17498653,1700472228076
1700472227000,1700472228000,47,33754796,1700472228076
1700472227000,1700472228000,54,152827803,1700472228080
1700472227000,1700472228000,63,23702939,1700472228080
1700472227000,1700472228000,13,34173873,1700472228093
1700472227000,1700472228000,100,84663340,1700472228093
1700472228000,1700472229000,24,24815936,1700472229113
1700472228000,1700472229000,47,63716188,1700472229113
1700472228000,1700472229000,54,95598839,1700472229123
1700472228000,1700472229000,63,32025916,1700472229123
1700472228000,1700472229000,13,25776468,1700472229134
1700472228000,1700472229000,100,67409574,1700472229134
1700472229000,1700472230000,24,66863758,1700472230121
1700472229000,1700472230000,47,65535741,1700472230121
1700472229000,1700472230000,13,24094258,1700472230132
1700472229000,1700472230000,100,46898065,1700472230132
1700472229000,1700472230000,54,85516027,1700472230160
1700472229000,1700472230000,63,37199919,1700472230160
1700472230000,1700472231000,24,116513448,1700472231085
1700472230000,1700472231000,47,64419407,1700472231085
1700472230000,1700472231000,54,79189414,1700472231098
1700472230000,1700472231000,63,22572493,1700472231098
1700472230000,1700472231000,13,19735538,1700472231111
1700472230000,1700472231000,100,38413498,1700472231111
1700472231000,1700472232000,13,24153517,1700472232095
1700472231000,1700472232000,100,25577079,1700472232095
1700472231000,1700472232000,24,106675468,1700472232124
1700472231000,1700472232000,47,58762070,1700472232124
1700472231000,1700472232000,54,78578376,1700472232136
1700472231000,1700472232000,63,25113934,1700472232136
1700472232000,1700472233000,54,117389183,1700472233072
1700472232000,1700472233000,63,16753396,1700472233072
1700472232000,1700472233000,13,24308511,1700472233128
1700472232000,1700472233000,100,27050398,1700472233128
1700472232000,1700472233000,24,112729836,1700472233134
1700472232000,1700472233000,47,26785796,1700472233134
1700472233000,1700472234000,24,54753793,1700472234100
1700472233000,1700472234000,47,113922318,1700472234100
1700472233000,1700472234000,54,44418231,1700472234117
1700472233000,1700472234000,63,19321333,1700472234117
1700472233000,1700472234000,13,36750291,1700472234128
1700472233000,1700472234000,100,101500606,1700472234128
1700472234000,1700472235000,13,34147877,1700472235092
1700472234000,1700472235000,100,104645421,1700472235092
1700472234000,1700472235000,24,89657751,1700472235113
1700472234000,1700472235000,47,25156064,1700472235113
1700472234000,1700472235000,54,54205361,1700472235154
1700472234000,1700472235000,63,16071508,1700472235154
1700472235000,1700472236000,24,54839440,1700472236078
1700472235000,1700472236000,47,59353435,1700472236078
1700472235000,1700472236000,54,36803730,1700472236116
1700472235000,1700472236000,63,19030153,1700472236116
1700472235000,1700472236000,13,35051191,1700472236131
1700472235000,1700472236000,100,37971631,1700472236131
1700472236000,1700472237000,13,26787841,1700472237067
1700472236000,1700472237000,100,79303549,1700472237067
1700472236000,1700472237000,24,33865852,1700472237119
1700472236000,1700472237000,47,20927768,1700472237119
1700472236000,1700472237000,54,33546181,1700472237157
1700472236000,1700472237000,63,14531894,1700472237157
1700472237000,1700472238000,54,42049195,1700472238093
1700472237000,1700472238000,63,13905401,1700472238093
1700472237000,1700472238000,13,30184228,1700472238103
1700472237000,1700472238000,100,113375180,1700472238103
1700472237000,1700472238000,24,160354491,1700472238130
1700472237000,1700472238000,47,19145757,1700472238130
1700472238000,1700472239000,24,56809234,1700472239096
1700472238000,1700472239000,47,51504087,1700472239096
1700472238000,1700472239000,54,66985257,1700472239134
1700472238000,1700472239000,63,26028206,1700472239134
1700472238000,1700472239000,13,28418409,1700472239139
1700472238000,1700472239000,100,314147117,1700472239139
1700472239000,1700472240000,54,67078527,1700472240074
1700472239000,1700472240000,63,40599062,1700472240074
1700472239000,1700472240000,13,19926533,1700472240076
1700472239000,1700472240000,100,335329216,1700472240076
1700472239000,1700472240000,24,169189823,1700472240135
1700472239000,1700472240000,47,28055498,1700472240135
1700472240000,1700472241000,24,35997676,1700472241069
1700472240000,1700472241000,47,18057579,1700472241069
1700472240000,1700472241000,13,101541065,1700472241112
1700472240000,1700472241000,100,662584587,1700472241112
1700472240000,1700472241000,54,31654730,1700472241116
1700472240000,1700472241000,63,71372984,1700472241116
1700472241000,1700472242000,24,75810828,1700472242108
1700472241000,1700472242000,47,26678442,1700472242108
1700472241000,1700472242000,54,26329609,1700472242119
1700472241000,1700472242000,63,136364024,1700472242119
1700472241000,1700472242000,13,42043119,1700472242150
1700472241000,1700472242000,100,750496303,1700472242150
1700472242000,1700472243000,13,26185067,1700472243087
1700472242000,1700472243000,100,774922647,1700472243087
1700472242000,1700472243000,54,19981958,1700472243094
1700472242000,1700472243000,63,149046661,1700472243094
1700472242000,1700472243000,24,27343519,1700472243110
1700472242000,1700472243000,47,21983403,1700472243110
1700472243000,1700472244000,24,51083689,1700472244081
1700472243000,1700472244000,47,18292250,1700472244081
1700472243000,1700472244000,13,32407483,1700472244127
1700472243000,1700472244000,100,816771397,1700472244127
1700472243000,1700472244000,54,24368533,1700472244134
1700472243000,1700472244000,63,84558140,1700472244134
1700472244000,1700472245000,24,22282372,1700472245119
1700472244000,1700472245000,47,22587437,1700472245119
1700472244000,1700472245000,13,21918472,1700472245130
1700472244000,1700472245000,100,805498549,1700472245130
1700472244000,1700472245000,54,32886196,1700472245134
1700472244000,1700472245000,63,126207972,1700472245134
1700472245000,1700472246000,13,33593025,1700472246106
1700472245000,1700472246000,100,792001113,1700472246106
1700472245000,1700472246000,54,86453874,1700472246112
1700472245000,1700472246000,63,30891852,1700472246112
1700472245000,1700472246000,24,27635653,1700472246117
1700472245000,1700472246000,47,23396006,1700472246117
1700472246000,1700472247000,24,24013053,1700472247093
1700472246000,1700472247000,47,20245825,1700472247093
1700472246000,1700472247000,13,25000388,1700472247101
1700472246000,1700472247000,100,853356871,1700472247101
1700472246000,1700472247000,54,276609743,1700472247111
1700472246000,1700472247000,63,23827530,1700472247111
1700472247000,1700472248000,13,49210436,1700472248084
1700472247000,1700472248000,100,275501676,1700472248084
1700472247000,1700472248000,54,390988920,1700472248088
1700472247000,1700472248000,63,53173285,1700472248088
1700472247000,1700472248000,24,25030773,1700472248131
1700472247000,1700472248000,47,29201093,1700472248131
1700472248000,1700472249000,13,30198919,1700472249124
1700472248000,1700472249000,100,253492624,1700472249124
1700472248000,1700472249000,54,468518999,1700472249129
1700472248000,1700472249000,63,152079166,1700472249129
1700472248000,1700472249000,24,66365509,1700472249131
1700472248000,1700472249000,47,71220708,1700472249131
1700472249000,1700472250000,24,47073828,1700472250105
1700472249000,1700472250000,47,97064777,1700472250105
1700472249000,1700472250000,13,31755065,1700472250114
1700472249000,1700472250000,100,259169022,1700472250114
1700472249000,1700472250000,54,457912336,1700472250125
1700472249000,1700472250000,63,222190225,1700472250125
1700472250000,1700472251000,13,42679915,1700472251102
1700472250000,1700472251000,100,242199261,1700472251102
1700472250000,1700472251000,54,263112571,1700472251107
1700472250000,1700472251000,63,243073626,1700472251107
1700472250000,1700472251000,24,99331122,1700472251107
1700472250000,1700472251000,47,229634217,1700472251107
1700472251000,1700472252000,13,39953756,1700472252083
1700472251000,1700472252000,100,225712495,1700472252083
1700472251000,1700472252000,24,173249110,1700472252085
1700472251000,1700472252000,47,261309042,1700472252085
1700472251000,1700472252000,54,247804122,1700472252098
1700472251000,1700472252000,63,199192693,1700472252098
1700472252000,1700472253000,13,162877313,1700472253117
1700472252000,1700472253000,100,236107834,1700472253117
1700472252000,1700472253000,24,83704304,1700472253125
1700472252000,1700472253000,47,253262352,1700472253125
1700472252000,1700472253000,54,133790244,1700472253136
1700472252000,1700472253000,63,231684688,1700472253136
1700472253000,1700472254000,24,123572681,1700472254123
1700472253000,1700472254000,47,234463188,1700472254123
1700472253000,1700472254000,13,320109169,1700472254125
1700472253000,1700472254000,100,94080131,1700472254125
1700472253000,1700472254000,54,115613448,1700472254126
1700472253000,1700472254000,63,164889736,1700472254126
1700472254000,1700472255000,13,300115564,1700472255094
1700472254000,1700472255000,100,161891424,1700472255094
1700472254000,1700472255000,24,82859523,1700472255103
1700472254000,1700472255000,47,242670468,1700472255103
1700472254000,1700472255000,54,159075180,1700472255109
1700472254000,1700472255000,63,147188896,1700472255109
1700472255000,1700472256000,24,156102188,1700472256100
1700472255000,1700472256000,47,176862446,1700472256100
1700472255000,1700472256000,54,128211252,1700472256105
1700472255000,1700472256000,63,185503794,1700472256105
1700472255000,1700472256000,13,265126424,1700472256136
1700472255000,1700472256000,100,115470033,1700472256136
1700472256000,1700472257000,13,161337845,1700472257071
1700472256000,1700472257000,100,144994395,1700472257071
1700472256000,1700472257000,24,144219534,1700472257077
1700472256000,1700472257000,47,180512594,1700472257077
1700472256000,1700472257000,54,110061639,1700472257084
1700472256000,1700472257000,63,113647745,1700472257084
1700472257000,1700472258000,13,262783106,1700472258115
1700472257000,1700472258000,100,205194303,1700472258115
1700472257000,1700472258000,24,67833440,1700472258119
1700472257000,1700472258000,47,217423845,1700472258119
1700472257000,1700472258000,54,84627650,1700472258126
1700472257000,1700472258000,63,98316626,1700472258126
1700472258000,1700472259000,54,141324510,1700472259116
1700472258000,1700472259000,63,89124562,1700472259116
1700472258000,1700472259000,24,128728204,1700472259116
1700472258000,1700472259000,47,152470883,1700472259116
1700472258000,1700472259000,13,324304789,1700472259152
1700472258000,1700472259000,100,225953993,1700472259152
1700472259000,1700472260000,13,319143803,1700472260088
1700472259000,1700472260000,100,130884942,1700472260088
1700472259000,1700472260000,24,31692996,1700472260098
1700472259000,1700472260000,47,115632023,1700472260098
1700472259000,1700472260000,54,67497773,1700472260100
1700472259000,1700472260000,63,68974663,1700472260100
1700472260000,1700472261000,24,152055235,1700472261091
1700472260000,1700472261000,47,135027709,1700472261091
1700472260000,1700472261000,54,91731448,1700472261095
1700472260000,1700472261000,63,60497311,1700472261095
1700472260000,1700472261000,13,301738647,1700472261124
1700472260000,1700472261000,100,320256252,1700472261124
1700472261000,1700472262000,13,482045406,1700472262058
1700472261000,1700472262000,100,254600851,1700472262058
1700472261000,1700472262000,54,71697334,1700472262074
1700472261000,1700472262000,63,69867567,1700472262074
1700472261000,1700472262000,24,35166243,1700472262132
1700472261000,1700472262000,47,100648821,1700472262132
1700472262000,1700472263000,13,282049781,1700472263102
1700472262000,1700472263000,100,275655028,1700472263102
1700472262000,1700472263000,54,124473199,1700472263113
1700472262000,1700472263000,63,133353082,1700472263113
1700472262000,1700472263000,24,44037443,1700472263120
1700472262000,1700472263000,47,57424396,1700472263120
1700472263000,1700472264000,24,73371801,1700472264103
1700472263000,1700472264000,47,15317817,1700472264103
1700472263000,1700472264000,54,48664999,1700472264111
1700472263000,1700472264000,63,40332492,1700472264111
1700472263000,1700472264000,13,140528625,1700472264139
1700472263000,1700472264000,100,176041624,1700472264139
1700472264000,1700472265000,13,148956712,1700472265076
1700472264000,1700472265000,100,196976233,1700472265076
1700472264000,1700472265000,54,73159716,1700472265090
1700472264000,1700472265000,63,135147338,1700472265090
1700472264000,1700472265000,24,26940579,1700472265095
1700472264000,1700472265000,47,18421539,1700472265095
1700472265000,1700472266000,13,34029082,1700472266116
1700472265000,1700472266000,100,226134962,1700472266116
1700472265000,1700472266000,54,140926818,1700472266125
1700472265000,1700472266000,63,61907240,1700472266125
1700472265000,1700472266000,24,151657909,1700472266133
1700472265000,1700472266000,47,19665883,1700472266133
1700472266000,1700472267000,24,38102628,1700472267109
1700472266000,1700472267000,47,100406145,1700472267109
1700472266000,1700472267000,54,108451781,1700472267128
1700472266000,1700472267000,63,127970416,1700472267128
1700472266000,1700472267000,13,22374570,1700472267155
1700472266000,1700472267000,100,251126977,1700472267155
1700472267000,1700472268000,13,221724164,1700472268093
1700472267000,1700472268000,100,220806057,1700472268093
1700472267000,1700472268000,54,167362152,1700472268100
1700472267000,1700472268000,63,170368107,1700472268100
1700472267000,1700472268000,24,30136784,1700472268112
1700472267000,1700472268000,47,143169315,1700472268112
1700472268000,1700472269000,24,69332516,1700472269078
1700472268000,1700472269000,47,80303232,1700472269078
1700472268000,1700472269000,54,324849591,1700472269102
1700472268000,1700472269000,63,397016851,1700472269102
1700472268000,1700472269000,13,196810760,1700472269134
1700472268000,1700472269000,100,154763700,1700472269134
1700472269000,1700472270000,13,61753683,1700472270069
1700472269000,1700472270000,100,267957087,1700472270069
1700472269000,1700472270000,54,629215884,1700472270076
1700472269000,1700472270000,63,462748589,1700472270076
1700472269000,1700472270000,24,211847096,1700472270114
1700472269000,1700472270000,47,219335731,1700472270114
1700472270000,1700472271000,54,588347092,1700472271115
1700472270000,1700472271000,63,391061795,1700472271115
1700472270000,1700472271000,13,144195988,1700472271115
1700472270000,1700472271000,100,285444764,1700472271115
1700472270000,1700472271000,24,65198000,1700472271117
1700472270000,1700472271000,47,147368224,1700472271117
1700472271000,1700472272000,24,168093503,1700472272083
1700472271000,1700472272000,47,365648672,1700472272083
1700472271000,1700472272000,54,498819204,1700472272116
1700472271000,1700472272000,63,283817880,1700472272116
1700472271000,1700472272000,13,36276511,1700472272153
1700472271000,1700472272000,100,197949362,1700472272153
1700472272000,1700472273000,54,380451977,1700472273087
1700472272000,1700472273000,63,367777423,1700472273087
1700472272000,1700472273000,13,66181332,1700472273091
1700472272000,1700472273000,100,125386171,1700472273091
1700472272000,1700472273000,24,199950233,1700472273118
1700472272000,1700472273000,47,283722824,1700472273118
1700472273000,1700472274000,24,299722018,1700472274125
1700472273000,1700472274000,47,306193375,1700472274125
1700472273000,1700472274000,54,551318588,1700472274127
1700472273000,1700472274000,63,431560936,1700472274127
1700472273000,1700472274000,13,118063649,1700472274132
1700472273000,1700472274000,100,190911779,1700472274132
1700472274000,1700472275000,54,467512744,1700472275064
1700472274000,1700472275000,63,348721808,1700472275064
1700472274000,1700472275000,13,79815771,1700472275066
1700472274000,1700472275000,100,136261944,1700472275066
1700472274000,1700472275000,24,524130415,1700472275089
1700472274000,1700472275000,47,342199825,1700472275089
1700472275000,1700472276000,54,605192097,1700472276104
1700472275000,1700472276000,63,352950297,1700472276104
1700472275000,1700472276000,13,46926305,1700472276108
1700472275000,1700472276000,100,156315690,1700472276108
1700472275000,1700472276000,24,453104152,1700472276129
1700472275000,1700472276000,47,376264817,1700472276129
1700472276000,1700472277000,24,450638195,1700472277063
1700472276000,1700472277000,47,468677131,1700472277063
1700472276000,1700472277000,54,661107448,1700472277114
1700472276000,1700472277000,63,252697708,1700472277114
1700472276000,1700472277000,13,69350359,1700472277149
1700472276000,1700472277000,100,178447422,1700472277149
1700472277000,1700472278000,54,265764066,1700472278081
1700472277000,1700472278000,63,197472060,1700472278081
1700472277000,1700472278000,13,224882605,1700472278083
1700472277000,1700472278000,100,115844677,1700472278083
1700472277000,1700472278000,24,532828505,1700472278105
1700472277000,1700472278000,47,468407922,1700472278105
1700472278000,1700472279000,54,582502493,1700472279120
1700472278000,1700472279000,63,124710631,1700472279120
1700472278000,1700472279000,13,95846121,1700472279126
1700472278000,1700472279000,100,190581934,1700472279126
1700472278000,1700472279000,24,607206470,1700472279142
1700472278000,1700472279000,47,650335417,1700472279142
1700472279000,1700472280000,24,500139201,1700472280078
1700472279000,1700472280000,47,557988393,1700472280078
1700472279000,1700472280000,54,865133761,1700472280125
1700472279000,1700472280000,63,258993727,1700472280125
1700472279000,1700472280000,13,184355585,1700472280162
1700472279000,1700472280000,100,215874868,1700472280162
1700472280000,1700472281000,54,730789290,1700472281095
1700472280000,1700472281000,63,257475138,1700472281095
1700472280000,1700472281000,13,21522065,1700472281101
1700472280000,1700472281000,100,295215098,1700472281101
1700472280000,1700472281000,24,318868578,1700472281117
1700472280000,1700472281000,47,864055072,1700472281117
1700472281000,1700472282000,54,356476030,1700472282134
1700472281000,1700472282000,63,151195385,1700472282134
1700472281000,1700472282000,13,252504676,1700472282144
1700472281000,1700472282000,100,271564095,1700472282144
1700472281000,1700472282000,24,537734218,1700472282156
1700472281000,1700472282000,47,192895615,1700472282156
1700472282000,1700472283000,13,66547490,1700472283050
1700472282000,1700472283000,100,152103841,1700472283050
1700472282000,1700472283000,24,472094426,1700472283092
1700472282000,1700472283000,47,540140248,1700472283092
1700472282000,1700472283000,54,269362516,1700472283130
1700472282000,1700472283000,63,197181074,1700472283130
1700472283000,1700472284000,54,459266963,1700472284107
1700472283000,1700472284000,63,399577953,1700472284107
1700472283000,1700472284000,13,261117424,1700472284116
1700472283000,1700472284000,100,136267883,1700472284116
1700472283000,1700472284000,24,518123512,1700472284130
1700472283000,1700472284000,47,676930690,1700472284130
1700472284000,1700472285000,24,616177820,1700472285066
1700472284000,1700472285000,47,534161783,1700472285066
1700472284000,1700472285000,54,638950243,1700472285104
1700472284000,1700472285000,63,668382497,1700472285104
1700472284000,1700472285000,13,182691286,1700472285153
1700472284000,1700472285000,100,272893924,1700472285153
1700472285000,1700472286000,54,845336513,1700472286081
1700472285000,1700472286000,63,542419799,1700472286081
1700472285000,1700472286000,13,80442606,1700472286090
1700472285000,1700472286000,100,405146866,1700472286090
1700472285000,1700472286000,24,939172703,1700472286102
1700472285000,1700472286000,47,532377715,1700472286102
1700472286000,1700472287000,54,598524061,1700472287118
1700472286000,1700472287000,63,632921225,1700472287118
1700472286000,1700472287000,13,111167158,1700472287131
1700472286000,1700472287000,100,565498333,1700472287131
1700472286000,1700472287000,24,889995392,1700472287144
1700472286000,1700472287000,47,451740475,1700472287144
1700472287000,1700472288000,13,104233651,1700472288065
1700472287000,1700472288000,100,364954821,1700472288065
1700472287000,1700472288000,24,254837347,1700472288077
1700472287000,1700472288000,47,680060485,1700472288077
1700472287000,1700472288000,54,507913835,1700472288120
1700472287000,1700472288000,63,394970311,1700472288120
1700472288000,1700472289000,54,570394273,1700472289096
1700472288000,1700472289000,63,507580056,1700472289096
1700472288000,1700472289000,13,208596342,1700472289105
1700472288000,1700472289000,100,308879813,1700472289105
1700472288000,1700472289000,24,666388323,1700472289111
1700472288000,1700472289000,47,784565584,1700472289111
1700472289000,1700472290000,54,372856603,1700472290102
1700472289000,1700472290000,63,524913763,1700472290102
1700472289000,1700472290000,13,308405842,1700472290143
1700472289000,1700472290000,100,154148773,1700472290143
1700472289000,1700472290000,24,618307799,1700472290152
1700472289000,1700472290000,47,772021067,1700472290152
1700472290000,1700472291000,54,319457936,1700472291075
1700472290000,1700472291000,63,491568879,1700472291075
1700472290000,1700472291000,13,256832229,1700472291075
1700472290000,1700472291000,100,141131703,1700472291075
1700472290000,1700472291000,24,941892874,1700472291085
1700472290000,1700472291000,47,587379115,1700472291085
1700472291000,1700472292000,54,625037622,1700472292114
1700472291000,1700472292000,63,419478989,1700472292114
1700472291000,1700472292000,13,181440455,1700472292116
1700472291000,1700472292000,100,116509547,1700472292116
1700472291000,1700472292000,24,750429449,1700472292125
1700472291000,1700472292000,47,504866917,1700472292125
1700472292000,1700472293000,24,407798034,1700472293063
1700472292000,1700472293000,47,396339499,1700472293063
1700472292000,1700472293000,54,354294285,1700472293122
1700472292000,1700472293000,63,611403025,1700472293122
1700472292000,1700472293000,13,92364464,1700472293155
1700472292000,1700472293000,100,97318680,1700472293155
1700472293000,1700472294000,13,294049269,1700472294090
1700472293000,1700472294000,100,114253107,1700472294090
1700472293000,1700472294000,54,839231677,1700472294093
1700472293000,1700472294000,63,445843038,1700472294093
1700472293000,1700472294000,24,629068125,1700472294104
1700472293000,1700472294000,47,493237741,1700472294104
1700472294000,1700472295000,13,317391717,1700472295133
1700472294000,1700472295000,100,100823886,1700472295133
1700472294000,1700472295000,54,1248349034,1700472295133
1700472294000,1700472295000,63,522749473,1700472295133
1700472294000,1700472295000,24,318070628,1700472295149
1700472294000,1700472295000,47,443728100,1700472295149
1700472295000,1700472296000,13,122854514,1700472296066
1700472295000,1700472296000,100,126030286,1700472296066
1700472295000,1700472296000,54,933107097,1700472296070
1700472295000,1700472296000,63,708541365,1700472296070
1700472295000,1700472296000,24,101070453,1700472296086
1700472295000,1700472296000,47,546683176,1700472296086
1700472296000,1700472297000,13,247865800,1700472297102
1700472296000,1700472297000,100,280001064,1700472297102
1700472296000,1700472297000,54,629642871,1700472297112
1700472296000,1700472297000,63,492199516,1700472297112
1700472296000,1700472297000,24,699586385,1700472297125
1700472296000,1700472297000,47,491038901,1700472297125
1700472297000,1700472298000,24,625158860,1700472298062
1700472297000,1700472298000,47,501082610,1700472298062
1700472297000,1700472298000,54,610613874,1700472298114
1700472297000,1700472298000,63,683708909,1700472298114
1700472297000,1700472298000,13,299787620,1700472298143
1700472297000,1700472298000,100,255428406,1700472298143
1700472298000,1700472299000,13,147423940,1700472299075
1700472298000,1700472299000,100,155745771,1700472299075
1700472298000,1700472299000,54,897763737,1700472299091
1700472298000,1700472299000,63,716064521,1700472299091
1700472298000,1700472299000,24,432917016,1700472299099
1700472298000,1700472299000,47,882504174,1700472299099
1700472299000,1700472300000,24,920744340,1700472300114
1700472299000,1700472300000,47,815917187,1700472300114
1700472299000,1700472300000,13,244929755,1700472300117
1700472299000,1700472300000,100,190707069,1700472300117
1700472299000,1700472300000,54,620049278,1700472300130
1700472299000,1700472300000,63,1136813739,1700472300130
1700472300000,1700472301000,24,714355315,1700472301053
1700472300000,1700472301000,47,249019066,1700472301053
1700472300000,1700472301000,54,797348343,1700472301128
1700472300000,1700472301000,63,1214332839,1700472301128
1700472300000,1700472301000,13,342856207,1700472301158
1700472300000,1700472301000,100,244490860,1700472301158
1700472301000,1700472302000,13,424498472,1700472302066
1700472301000,1700472302000,100,298300864,1700472302066
1700472301000,1700472302000,24,1089173169,1700472302093
1700472301000,1700472302000,47,413264240,1700472302093
1700472301000,1700472302000,54,711992870,1700472302104
1700472301000,1700472302000,63,1089656544,1700472302104
1700472302000,1700472303000,54,658329422,1700472303109
1700472302000,1700472303000,63,1002660068,1700472303109
1700472302000,1700472303000,13,365551298,1700472303129
1700472302000,1700472303000,100,282387582,1700472303129
1700472302000,1700472303000,24,915515102,1700472303159
1700472302000,1700472303000,47,713362555,1700472303159
1700472303000,1700472304000,24,828923392,1700472304066
1700472303000,1700472304000,47,489800009,1700472304066
1700472303000,1700472304000,54,713341816,1700472304081
1700472303000,1700472304000,63,807183329,1700472304081
1700472303000,1700472304000,13,488937091,1700472304164
1700472303000,1700472304000,100,227314953,1700472304164
1700472304000,1700472305000,13,526140139,1700472305092
1700472304000,1700472305000,100,223476326,1700472305092
1700472304000,1700472305000,54,467369362,1700472305120
1700472304000,1700472305000,63,710365856,1700472305120
1700472304000,1700472305000,24,333133070,1700472305132
1700472304000,1700472305000,47,599320125,1700472305132
1700472305000,1700472306000,24,771804598,1700472306065
1700472305000,1700472306000,47,568826823,1700472306065
1700472305000,1700472306000,54,423106362,1700472306123
1700472305000,1700472306000,63,384813943,1700472306123
1700472305000,1700472306000,13,264390214,1700472306129
1700472305000,1700472306000,100,167729828,1700472306129
1700472306000,1700472307000,13,25569245,1700472307065
1700472306000,1700472307000,100,190124063,1700472307065
1700472306000,1700472307000,54,376234297,1700472307099
1700472306000,1700472307000,63,270653225,1700472307099
1700472306000,1700472307000,24,696938243,1700472307105
1700472306000,1700472307000,47,502346985,1700472307105
1700472307000,1700472308000,54,257436957,1700472308095
1700472307000,1700472308000,63,272492547,1700472308095
1700472307000,1700472308000,13,135101722,1700472308103
1700472307000,1700472308000,100,193753637,1700472308103
1700472307000,1700472308000,24,747510024,1700472308143
1700472307000,1700472308000,47,794171069,1700472308143
1700472308000,1700472309000,24,393991316,1700472309081
1700472308000,1700472309000,47,546957717,1700472309081
1700472308000,1700472309000,54,352717419,1700472309135
1700472308000,1700472309000,63,246859765,1700472309135
1700472308000,1700472309000,13,192214025,1700472309144
1700472308000,1700472309000,100,203955411,1700472309144
1700472309000,1700472310000,13,222225924,1700472310080
1700472309000,1700472310000,100,225377962,1700472310080
1700472309000,1700472310000,54,369484411,1700472310118
1700472309000,1700472310000,63,46015225,1700472310118
1700472309000,1700472310000,24,362485239,1700472310121
1700472309000,1700472310000,47,427165672,1700472310121
1700472310000,1700472311000,54,260688313,1700472311114
1700472310000,1700472311000,63,64206975,1700472311114
1700472310000,1700472311000,13,367498763,1700472311120
1700472310000,1700472311000,100,222182832,1700472311120
1700472310000,1700472311000,24,351351735,1700472311162
1700472310000,1700472311000,47,229038778,1700472311162
1700472311000,1700472312000,54,209287177,1700472312093
1700472311000,1700472312000,63,111183191,1700472312093
1700472311000,1700472312000,24,323562025,1700472312093
1700472311000,1700472312000,47,314841487,1700472312093
1700472311000,1700472312000,13,356902421,1700472312163
1700472311000,1700472312000,100,185629690,1700472312163
1700472312000,1700472313000,13,315811423,1700472313097
1700472312000,1700472313000,100,140113305,1700472313097
1700472312000,1700472313000,54,167735624,1700472313132
1700472312000,1700472313000,63,456390746,1700472313132
1700472312000,1700472313000,24,310911470,1700472313135
1700472312000,1700472313000,47,363548248,1700472313135
1700472313000,1700472314000,24,291992057,1700472314069
1700472313000,1700472314000,47,341529326,1700472314069
1700472313000,1700472314000,54,56445231,1700472314134
1700472313000,1700472314000,63,500890599,1700472314134
1700472313000,1700472314000,13,244397362,1700472314141
1700472313000,1700472314000,100,131067810,1700472314141
1700472314000,1700472315000,13,159321813,1700472315077
1700472314000,1700472315000,100,167900343,1700472315077
1700472314000,1700472315000,24,323728982,1700472315104
1700472314000,1700472315000,47,329286445,1700472315104
1700472314000,1700472315000,54,58204068,1700472315104
1700472314000,1700472315000,63,494886083,1700472315104
1700472315000,1700472316000,13,220821317,1700472316119
1700472315000,1700472316000,100,114828579,1700472316119
1700472315000,1700472316000,54,114104905,1700472316141
1700472315000,1700472316000,63,604288929,1700472316141
1700472315000,1700472316000,24,336070554,1700472316143
1700472315000,1700472316000,47,281463506,1700472316143
1700472316000,1700472317000,24,292347294,1700472317076
1700472316000,1700472317000,47,419598678,1700472317076
1700472316000,1700472317000,54,309467945,1700472317077
1700472316000,1700472317000,63,350786456,1700472317077
1700472316000,1700472317000,13,313143210,1700472317164
1700472316000,1700472317000,100,129597072,1700472317164
1700472317000,1700472318000,13,286401603,1700472318100
1700472317000,1700472318000,100,244748433,1700472318100
1700472317000,1700472318000,24,305409059,1700472318113
1700472317000,1700472318000,47,613906612,1700472318113
1700472317000,1700472318000,54,281557459,1700472318118
1700472317000,1700472318000,63,419705464,1700472318118
1700472318000,1700472319000,13,140657223,1700472319138
1700472318000,1700472319000,100,309247781,1700472319138
1700472318000,1700472319000,24,245006944,1700472319151
1700472318000,1700472319000,47,336315908,1700472319151
1700472318000,1700472319000,54,153874909,1700472319158
1700472318000,1700472319000,63,576525679,1700472319158
1700472319000,1700472320000,13,206363464,1700472320074
1700472319000,1700472320000,100,220575575,1700472320074
1700472319000,1700472320000,24,282807071,1700472320085
1700472319000,1700472320000,47,367952946,1700472320085
1700472319000,1700472320000,54,203267148,1700472320093
1700472319000,1700472320000,63,874394358,1700472320093
1700472320000,1700472321000,13,295976578,1700472321109
1700472320000,1700472321000,100,246405295,1700472321109
1700472320000,1700472321000,24,211377603,1700472321124
1700472320000,1700472321000,47,402299178,1700472321124
1700472320000,1700472321000,54,207388979,1700472321134
1700472320000,1700472321000,63,935283686,1700472321134
1700472321000,1700472322000,24,457216952,1700472322060
1700472321000,1700472322000,47,612734801,1700472322060
1700472321000,1700472322000,54,296566229,1700472322069
1700472321000,1700472322000,63,401534206,1700472322069
1700472321000,1700472322000,13,273322639,1700472322150
1700472321000,1700472322000,100,154353363,1700472322150
1700472322000,1700472323000,13,113243091,1700472323086
1700472322000,1700472323000,100,105169572,1700472323086
1700472322000,1700472323000,24,574017514,1700472323101
1700472322000,1700472323000,47,629950338,1700472323101
1700472322000,1700472323000,54,277457024,1700472323108
1700472322000,1700472323000,63,314841911,1700472323108
1700472323000,1700472324000,54,262124548,1700472324115
1700472323000,1700472324000,63,499886076,1700472324115
1700472323000,1700472324000,13,283529074,1700472324121
1700472323000,1700472324000,100,197182072,1700472324121
1700472323000,1700472324000,24,347336090,1700472324143
1700472323000,1700472324000,47,285106445,1700472324143
1700472324000,1700472325000,24,331459661,1700472325074
1700472324000,1700472325000,47,307812558,1700472325074
1700472324000,1700472325000,54,411329216,1700472325086
1700472324000,1700472325000,63,449426063,1700472325086
1700472324000,1700472325000,13,281785652,1700472325162
1700472324000,1700472325000,100,206267064,1700472325162
1700472325000,1700472326000,13,46436110,1700472326097
1700472325000,1700472326000,100,151234888,1700472326097
1700472325000,1700472326000,24,616877996,1700472326115
1700472325000,1700472326000,47,375739614,1700472326115
1700472325000,1700472326000,54,532168661,1700472326130
1700472325000,1700472326000,63,426096495,1700472326130
1700472326000,1700472327000,54,640851409,1700472327123
1700472326000,1700472327000,63,402506586,1700472327123
1700472326000,1700472327000,13,299963978,1700472327134
1700472326000,1700472327000,100,165174257,1700472327134
1700472326000,1700472327000,24,547681978,1700472327158
1700472326000,1700472327000,47,594104786,1700472327158
1700472327000,1700472328000,13,114630359,1700472328067
1700472327000,1700472328000,100,140205104,1700472328067
1700472327000,1700472328000,24,556956616,1700472328094
1700472327000,1700472328000,47,835161181,1700472328094
1700472327000,1700472328000,54,580226674,1700472328106
1700472327000,1700472328000,63,242925335,1700472328106
1700472328000,1700472329000,54,295619978,1700472329096
1700472328000,1700472329000,63,180374536,1700472329096
1700472328000,1700472329000,13,126696714,1700472329109
1700472328000,1700472329000,100,164684288,1700472329109
1700472328000,1700472329000,24,556885701,1700472329133
1700472328000,1700472329000,47,1118150643,1700472329133
1700472329000,1700472330000,24,469152633,1700472330069
1700472329000,1700472330000,47,241335726,1700472330069
1700472329000,1700472330000,54,336552492,1700472330138
1700472329000,1700472330000,63,36434730,1700472330138
1700472329000,1700472330000,13,175858245,1700472330146
1700472329000,1700472330000,100,177206224,1700472330146
1700472330000,1700472331000,13,469791184,1700472331081
1700472330000,1700472331000,100,236834298,1700472331081
1700472330000,1700472331000,24,771777157,1700472331109
1700472330000,1700472331000,47,187427021,1700472331109
1700472330000,1700472331000,54,257822511,1700472331123
1700472330000,1700472331000,63,84893210,1700472331123
1700472331000,1700472332000,54,298316826,1700472332118
1700472331000,1700472332000,63,344944903,1700472332118
1700472331000,1700472332000,13,323080141,1700472332120
1700472331000,1700472332000,100,138675953,1700472332120
1700472331000,1700472332000,24,711902924,1700472332146
1700472331000,1700472332000,47,373136462,1700472332146
1700472332000,1700472333000,24,816691360,1700472333085
1700472332000,1700472333000,47,306526442,1700472333085
1700472332000,1700472333000,54,250067307,1700472333095
1700472332000,1700472333000,63,205078166,1700472333095
1700472332000,1700472333000,13,388007698,1700472333157
1700472332000,1700472333000,100,178181494,1700472333157
1700472333000,1700472334000,13,237514643,1700472334093
1700472333000,1700472334000,100,172208591,1700472334093
1700472333000,1700472334000,24,447984434,1700472334126
1700472333000,1700472334000,47,385788413,1700472334126
1700472333000,1700472334000,54,107536505,1700472334131
1700472333000,1700472334000,63,683757954,1700472334131
1700472334000,1700472335000,13,397722288,1700472335134
1700472334000,1700472335000,100,296058425,1700472335134
1700472334000,1700472335000,54,63381268,1700472335135
1700472334000,1700472335000,63,827820722,1700472335135
1700472334000,1700472335000,24,300464879,1700472335162
1700472334000,1700472335000,47,335574742,1700472335162
1700472335000,1700472336000,13,210348483,1700472336071
1700472335000,1700472336000,100,332992570,1700472336071
1700472335000,1700472336000,24,300235835,1700472336100
1700472335000,1700472336000,47,356870465,1700472336100
1700472335000,1700472336000,54,142737044,1700472336108
1700472335000,1700472336000,63,616550193,1700472336108
1700472336000,1700472337000,13,303185706,1700472337109
1700472336000,1700472337000,100,370632541,1700472337109
1700472336000,1700472337000,54,198912678,1700472337118
1700472336000,1700472337000,63,853324523,1700472337118
1700472336000,1700472337000,24,582276364,1700472337142
1700472336000,1700472337000,47,276274373,1700472337142
1700472337000,1700472338000,24,573423730,1700472338077
1700472337000,1700472338000,47,360936905,1700472338077
1700472337000,1700472338000,54,499850197,1700472338084
1700472337000,1700472338000,63,153970403,1700472338084
1700472337000,1700472338000,13,202949557,1700472338115
1700472337000,1700472338000,100,194847391,1700472338115
1700472338000,1700472339000,13,244090442,1700472339086
1700472338000,1700472339000,100,153369764,1700472339086
1700472338000,1700472339000,24,526497754,1700472339116
1700472338000,1700472339000,47,425721396,1700472339116
1700472338000,1700472339000,54,632106415,1700472339124
1700472338000,1700472339000,63,462944282,1700472339124
1700472339000,1700472340000,54,737479831,1700472340061
1700472339000,1700472340000,63,633253346,1700472340061
1700472339000,1700472340000,13,81179690,1700472340126
1700472339000,1700472340000,100,235731169,1700472340126
1700472339000,1700472340000,24,359670229,1700472340151
1700472339000,1700472340000,47,329465308,1700472340151
1700472340000,1700472341000,24,279114044,1700472341088
1700472340000,1700472341000,47,475157013,1700472341088
1700472340000,1700472341000,54,520677008,1700472341103
1700472340000,1700472341000,63,627383615,1700472341103
1700472340000,1700472341000,13,139382975,1700472341131
1700472340000,1700472341000,100,162453097,1700472341131
1700472341000,1700472342000,13,105434423,1700472342101
1700472341000,1700472342000,100,102669797,1700472342101
1700472341000,1700472342000,54,330638000,1700472342116
1700472341000,1700472342000,63,613725097,1700472342116
1700472341000,1700472342000,24,249990331,1700472342128
1700472341000,1700472342000,47,655552235,1700472342128
1700472342000,1700472343000,24,369010519,1700472343064
1700472342000,1700472343000,47,489606065,1700472343064
1700472342000,1700472343000,54,378686512,1700472343081
1700472342000,1700472343000,63,420781119,1700472343081
1700472342000,1700472343000,13,229117938,1700472343106
1700472342000,1700472343000,100,133193877,1700472343106
1700472343000,1700472344000,13,59837543,1700472344077
1700472343000,1700472344000,100,173354650,1700472344077
1700472343000,1700472344000,24,878286040,1700472344106
1700472343000,1700472344000,47,293747708,1700472344106
1700472343000,1700472344000,54,641769941,1700472344123
1700472343000,1700472344000,63,508314084,1700472344123
1700472344000,1700472345000,13,119061409,1700472345117
1700472344000,1700472345000,100,254705630,1700472345117
1700472344000,1700472345000,54,742292371,1700472345133
1700472344000,1700472345000,63,579631749,1700472345133
1700472344000,1700472345000,24,713042008,1700472345145
1700472344000,1700472345000,47,540606030,1700472345145
1700472345000,1700472346000,24,727162155,1700472346082
1700472345000,1700472346000,47,601628462,1700472346082
1700472345000,1700472346000,54,639836621,1700472346099
1700472345000,1700472346000,63,441842472,1700472346099
1700472345000,1700472346000,13,150498583,1700472346123
1700472345000,1700472346000,100,291740003,1700472346123
1700472346000,1700472347000,13,54398094,1700472347094
1700472346000,1700472347000,100,217048271,1700472347094
1700472346000,1700472347000,54,807060868,1700472347107
1700472346000,1700472347000,63,347857074,1700472347107
1700472346000,1700472347000,24,518841221,1700472347122
1700472346000,1700472347000,47,560877302,1700472347122
1700472347000,1700472348000,54,700485865,1700472348078
1700472347000,1700472348000,63,289095701,1700472348078
1700472347000,1700472348000,13,271199159,1700472348134
1700472347000,1700472348000,100,211077532,1700472348134
1700472347000,1700472348000,24,460039542,1700472348160
1700472347000,1700472348000,47,462938856,1700472348160
1700472348000,1700472349000,13,255789973,1700472349070
1700472348000,1700472349000,100,173446805,1700472349070
1700472348000,1700472349000,24,805333290,1700472349096
1700472348000,1700472349000,47,483518904,1700472349096
1700472348000,1700472349000,54,464619315,1700472349118
1700472348000,1700472349000,63,296333395,1700472349118
1700472349000,1700472350000,13,330121567,1700472350110
1700472349000,1700472350000,100,187069485,1700472350110
1700472349000,1700472350000,54,543797959,1700472350117
1700472349000,1700472350000,63,339078243,1700472350117
1700472349000,1700472350000,24,865471549,1700472350139
1700472349000,1700472350000,47,666224523,1700472350139
1700472350000,1700472351000,24,864849797,1700472351074
1700472350000,1700472351000,47,306715234,1700472351074
1700472350000,1700472351000,54,750603248,1700472351092
1700472350000,1700472351000,63,233274579,1700472351092
1700472350000,1700472351000,13,296118211,1700472351114
1700472350000,1700472351000,100,198904388,1700472351114
1700472351000,1700472352000,13,320714744,1700472352086
1700472351000,1700472352000,100,199052014,1700472352086
1700472351000,1700472352000,24,1134369211,1700472352112
1700472351000,1700472352000,47,89487240,1700472352112
1700472351000,1700472352000,54,629394761,1700472352131
1700472351000,1700472352000,63,380698310,1700472352131
1700472352000,1700472353000,13,238935734,1700472353126
1700472352000,1700472353000,100,263154482,1700472353126
1700472352000,1700472353000,54,508041352,1700472353127
1700472352000,1700472353000,63,224530999,1700472353127
1700472352000,1700472353000,24,925050458,1700472353154
1700472352000,1700472353000,47,293006347,1700472353154
1700472353000,1700472354000,24,308044779,1700472354088
1700472353000,1700472354000,47,315655717,1700472354088
1700472353000,1700472354000,54,325446476,1700472354110
1700472353000,1700472354000,63,225866269,1700472354110
1700472353000,1700472354000,13,326469354,1700472354131
1700472353000,1700472354000,100,260516256,1700472354131
1700472354000,1700472355000,13,196053336,1700472355102
1700472354000,1700472355000,100,185349724,1700472355102
1700472354000,1700472355000,54,131850345,1700472355103
1700472354000,1700472355000,63,183136712,1700472355103
1700472354000,1700472355000,24,273567327,1700472355126
1700472354000,1700472355000,47,282328721,1700472355126
1700472355000,1700472356000,24,259481492,1700472356065
1700472355000,1700472356000,47,215420211,1700472356065
1700472355000,1700472356000,54,241265151,1700472356087
1700472355000,1700472356000,63,340587587,1700472356087
1700472355000,1700472356000,13,169894121,1700472356109
1700472355000,1700472356000,100,190493144,1700472356109
1700472356000,1700472357000,13,367391677,1700472357073
1700472356000,1700472357000,100,147989894,1700472357073
1700472356000,1700472357000,24,343640321,1700472357104
1700472356000,1700472357000,47,254542800,1700472357104
1700472356000,1700472357000,54,249497079,1700472357126
1700472356000,1700472357000,63,665626596,1700472357126
1700472357000,1700472358000,13,188876251,1700472358109
1700472357000,1700472358000,100,157830823,1700472358109
1700472357000,1700472358000,54,188115588,1700472358119
1700472357000,1700472358000,63,681185115,1700472358119
1700472357000,1700472358000,24,419783356,1700472358146
1700472357000,1700472358000,47,335719859,1700472358146
1700472358000,1700472359000,24,516840364,1700472359078
1700472358000,1700472359000,47,471948021,1700472359078
1700472358000,1700472359000,54,199768716,1700472359104
1700472358000,1700472359000,63,895363098,1700472359104
1700472358000,1700472359000,13,225495828,1700472359150
1700472358000,1700472359000,100,98306330,1700472359150
1700472359000,1700472360000,13,40723134,1700472360085
1700472359000,1700472360000,100,199628344,1700472360085
1700472359000,1700472360000,54,242185900,1700472360096
1700472359000,1700472360000,63,844884947,1700472360096
1700472359000,1700472360000,24,349329380,1700472360119
1700472359000,1700472360000,47,556254869,1700472360119
1700472360000,1700472361000,13,519714820,1700472361122
1700472360000,1700472361000,100,287111288,1700472361122
1700472360000,1700472361000,54,469759504,1700472361131
1700472360000,1700472361000,63,300862711,1700472361131
1700472360000,1700472361000,24,298290486,1700472361159
1700472360000,1700472361000,47,489704603,1700472361159
1700472361000,1700472362000,13,109900423,1700472362062
1700472361000,1700472362000,100,544870355,1700472362062
1700472361000,1700472362000,24,297165675,1700472362092
1700472361000,1700472362000,47,338906350,1700472362092
1700472361000,1700472362000,54,269484341,1700472362124
1700472361000,1700472362000,63,386317795,1700472362124
1700472362000,1700472363000,13,189510945,1700472363096
1700472362000,1700472363000,100,573014865,1700472363096
1700472362000,1700472363000,54,729064598,1700472363106
1700472362000,1700472363000,63,354490252,1700472363106
1700472362000,1700472363000,24,319177425,1700472363133
1700472362000,1700472363000,47,453018444,1700472363133
1700472363000,1700472364000,24,374038963,1700472364067
1700472363000,1700472364000,47,716305171,1700472364067
1700472363000,1700472364000,54,489257392,1700472364103
1700472363000,1700472364000,63,111196556,1700472364103
1700472363000,1700472364000,13,473194125,1700472364135
1700472363000,1700472364000,100,475257349,1700472364135
1700472364000,1700472365000,13,237784890,1700472365073
1700472364000,1700472365000,100,69149400,1700472365073
1700472364000,1700472365000,54,353026902,1700472365083
1700472364000,1700472365000,63,291387236,1700472365083
1700472364000,1700472365000,24,653734364,1700472365102
1700472364000,1700472365000,47,783922191,1700472365102
1700472365000,1700472366000,13,489255518,1700472366113
1700472365000,1700472366000,100,36860425,1700472366113
1700472365000,1700472366000,54,286206022,1700472366124
1700472365000,1700472366000,63,280815457,1700472366124
1700472365000,1700472366000,24,340564802,1700472366143
1700472365000,1700472366000,47,306843776,1700472366143
1700472366000,1700472367000,24,477477660,1700472367073
1700472366000,1700472367000,47,258258763,1700472367073
1700472366000,1700472367000,54,387845927,1700472367123
1700472366000,1700472367000,63,611249337,1700472367123
1700472366000,1700472367000,13,755272325,1700472367154
1700472366000,1700472367000,100,66067605,1700472367154
1700472367000,1700472368000,13,573388816,1700472368089
1700472367000,1700472368000,100,177884586,1700472368089
1700472367000,1700472368000,54,403824392,1700472368093
1700472367000,1700472368000,63,523579529,1700472368093
1700472367000,1700472368000,24,938921005,1700472368114
1700472367000,1700472368000,47,399220509,1700472368114
1700472368000,1700472369000,13,429166872,1700472369127
1700472368000,1700472369000,100,202406252,1700472369127
1700472368000,1700472369000,54,240508533,1700472369134
1700472368000,1700472369000,63,557799399,1700472369134
1700472368000,1700472369000,24,714903164,1700472369149
1700472368000,1700472369000,47,75378993,1700472369149
1700472369000,1700472370000,13,294205692,1700472370064
1700472369000,1700472370000,100,167401442,1700472370064
1700472369000,1700472370000,54,261978200,1700472370069
1700472369000,1700472370000,63,312358892,1700472370069
1700472369000,1700472370000,24,988643614,1700472370083
1700472369000,1700472370000,47,146088023,1700472370083
1700472370000,1700472371000,13,262766180,1700472371104
1700472370000,1700472371000,100,264900443,1700472371104
1700472370000,1700472371000,54,242315123,1700472371110
1700472370000,1700472371000,63,196946882,1700472371110
1700472370000,1700472371000,24,687113568,1700472371127
1700472370000,1700472371000,47,227871267,1700472371127
1700472371000,1700472372000,24,345066338,1700472372063
1700472371000,1700472372000,47,506705702,1700472372063
1700472371000,1700472372000,13,169035438,1700472372143
1700472371000,1700472372000,100,309671013,1700472372143
1700472371000,1700472372000,54,297021817,1700472372149
1700472371000,1700472372000,63,230952557,1700472372149
1700472372000,1700472373000,13,318026021,1700472373076
1700472372000,1700472373000,100,266266850,1700472373076
1700472372000,1700472373000,54,296917717,1700472373086
1700472372000,1700472373000,63,315724685,1700472373086
1700472372000,1700472373000,24,467916850,1700472373100
1700472372000,1700472373000,47,502940871,1700472373100
1700472373000,1700472374000,13,327894262,1700472374116
1700472373000,1700472374000,100,227051322,1700472374116
1700472373000,1700472374000,54,352135586,1700472374127
1700472373000,1700472374000,63,318538333,1700472374127
1700472373000,1700472374000,24,746159744,1700472374141
1700472373000,1700472374000,47,494070104,1700472374141
1700472374000,1700472375000,54,395143579,1700472375063
1700472374000,1700472375000,63,325203034,1700472375063
1700472374000,1700472375000,24,475932884,1700472375074
1700472374000,1700472375000,47,213915231,1700472375074
1700472374000,1700472375000,13,330421176,1700472375165
1700472374000,1700472375000,100,225583518,1700472375165
1700472375000,1700472376000,13,120374435,1700472376096
1700472375000,1700472376000,100,148904435,1700472376096
1700472375000,1700472376000,54,396998804,1700472376105
1700472375000,1700472376000,63,585333593,1700472376105
1700472375000,1700472376000,24,373796963,1700472376115
1700472375000,1700472376000,47,556331446,1700472376115
1700472376000,1700472377000,54,198045963,1700472377114
1700472376000,1700472377000,63,455883402,1700472377114
1700472376000,1700472377000,13,120801858,1700472377134
1700472376000,1700472377000,100,161622962,1700472377134
1700472376000,1700472377000,24,526851756,1700472377155
1700472376000,1700472377000,47,302254428,1700472377155
1700472377000,1700472378000,13,243952084,1700472378071
1700472377000,1700472378000,100,163536286,1700472378071
1700472377000,1700472378000,54,273216263,1700472378086
1700472377000,1700472378000,63,222126261,1700472378086
1700472377000,1700472378000,24,566932516,1700472378095
1700472377000,1700472378000,47,516374883,1700472378095
1700472378000,1700472379000,13,284699013,1700472379109
1700472378000,1700472379000,100,153242881,1700472379109
1700472378000,1700472379000,54,292699450,1700472379130
1700472378000,1700472379000,63,202219386,1700472379130
1700472378000,1700472379000,24,667666917,1700472379136
1700472378000,1700472379000,47,424741483,1700472379136
1700472379000,1700472380000,24,529227030,1700472380072
1700472379000,1700472380000,47,308699999,1700472380072
1700472379000,1700472380000,54,561792287,1700472380130
1700472379000,1700472380000,63,247481030,1700472380130
1700472379000,1700472380000,13,105614128,1700472380148
1700472379000,1700472380000,100,111538262,1700472380148
1700472380000,1700472381000,13,102765374,1700472381085
1700472380000,1700472381000,100,113247422,1700472381085
1700472380000,1700472381000,54,802307188,1700472381109
1700472380000,1700472381000,63,242454398,1700472381109
1700472380000,1700472381000,24,831310589,1700472381115
1700472380000,1700472381000,47,207801866,1700472381115
1700472381000,1700472382000,54,398109936,1700472382103
1700472381000,1700472382000,63,471747752,1700472382103
1700472381000,1700472382000,13,261954194,1700472382126
1700472381000,1700472382000,100,150736615,1700472382126
1700472381000,1700472382000,24,622453961,1700472382157
1700472381000,1700472382000,47,291433090,1700472382157
1700472382000,1700472383000,54,260354320,1700472383087
1700472382000,1700472383000,63,678348299,1700472383087
1700472382000,1700472383000,24,306256977,1700472383095
1700472382000,1700472383000,47,370239161,1700472383095
1700472382000,1700472383000,13,58591802,1700472383137
1700472382000,1700472383000,100,175302144,1700472383137
1700472383000,1700472384000,13,154638274,1700472384101
1700472383000,1700472384000,100,274277284,1700472384101
1700472383000,1700472384000,54,313466066,1700472384130
1700472383000,1700472384000,63,1032996916,1700472384130
1700472383000,1700472384000,24,321798987,1700472384133
1700472383000,1700472384000,47,478509469,1700472384133
1700472384000,1700472385000,24,565657502,1700472385067
1700472384000,1700472385000,47,98252046,1700472385067
1700472384000,1700472385000,13,336642811,1700472385113
1700472384000,1700472385000,100,256313147,1700472385113
1700472384000,1700472385000,54,367423476,1700472385117
1700472384000,1700472385000,63,1127451539,1700472385117
1700472385000,1700472386000,13,330673990,1700472386080
1700472385000,1700472386000,100,177337388,1700472386080
1700472385000,1700472386000,54,402240970,1700472386104
1700472385000,1700472386000,63,1319552729,1700472386104
1700472385000,1700472386000,24,650894672,1700472386106
1700472385000,1700472386000,47,272274097,1700472386106
1700472386000,1700472387000,54,447367017,1700472387095
1700472386000,1700472387000,63,1070342003,1700472387095
1700472386000,1700472387000,13,154229700,1700472387119
1700472386000,1700472387000,100,111791834,1700472387119
1700472386000,1700472387000,24,631586046,1700472387145
1700472386000,1700472387000,47,415585454,1700472387145
1700472387000,1700472388000,24,700038930,1700472388081
1700472387000,1700472388000,47,658632806,1700472388081
1700472387000,1700472388000,13,119915302,1700472388127
1700472387000,1700472388000,100,207726285,1700472388127
1700472387000,1700472388000,54,510233232,1700472388136
1700472387000,1700472388000,63,970309863,1700472388136
1700472388000,1700472389000,13,202034501,1700472389097
1700472388000,1700472389000,100,178417112,1700472389097
1700472388000,1700472389000,54,381928272,1700472389121
1700472388000,1700472389000,63,631676385,1700472389121
1700472388000,1700472389000,24,567103760,1700472389122
1700472388000,1700472389000,47,695768276,1700472389122
1700472389000,1700472390000,13,260319261,1700472390102
1700472389000,1700472390000,100,233533613,1700472390102
1700472389000,1700472390000,54,384239052,1700472390112
1700472389000,1700472390000,63,781881320,1700472390112
1700472389000,1700472390000,24,294362306,1700472390163
1700472389000,1700472390000,47,731147117,1700472390163
1700472390000,1700472391000,13,236215197,1700472391073
1700472390000,1700472391000,100,220252328,1700472391073
1700472390000,1700472391000,54,432454807,1700472391088
1700472390000,1700472391000,63,719060226,1700472391088
1700472390000,1700472391000,24,310366229,1700472391096
1700472390000,1700472391000,47,1020025949,1700472391096
1700472391000,1700472392000,13,252814566,1700472392112
1700472391000,1700472392000,100,210198863,1700472392112
1700472391000,1700472392000,54,691553231,1700472392128
1700472391000,1700472392000,63,507127756,1700472392128
1700472391000,1700472392000,24,191435513,1700472392135
1700472391000,1700472392000,47,1295602117,1700472392135
1700472392000,1700472393000,24,667231014,1700472393074
1700472392000,1700472393000,47,1235173480,1700472393074
1700472392000,1700472393000,54,515012841,1700472393121
1700472392000,1700472393000,63,477113634,1700472393121
1700472392000,1700472393000,13,374181954,1700472393148
1700472392000,1700472393000,100,215360056,1700472393148
1700472393000,1700472394000,13,286974496,1700472394082
1700472393000,1700472394000,100,376939480,1700472394082
1700472393000,1700472394000,54,660212484,1700472394103
1700472393000,1700472394000,63,618496929,1700472394103
1700472393000,1700472394000,24,576401771,1700472394110
1700472393000,1700472394000,47,1518880006,1700472394110
1700472394000,1700472395000,54,512084507,1700472395094
1700472394000,1700472395000,63,684537573,1700472395094
1700472394000,1700472395000,13,236370827,1700472395124
1700472394000,1700472395000,100,293763275,1700472395124
1700472394000,1700472395000,24,352268272,1700472395153
1700472394000,1700472395000,47,1274443842,1700472395153
1700472395000,1700472396000,13,123881213,1700472396061
1700472395000,1700472396000,100,172394297,1700472396061
1700472395000,1700472396000,24,537070115,1700472396087
1700472395000,1700472396000,47,532386463,1700472396087
1700472395000,1700472396000,54,325195829,1700472396134
1700472395000,1700472396000,63,703249743,1700472396134
1700472396000,1700472397000,13,117467013,1700472397077
1700472396000,1700472397000,100,264029163,1700472397077
1700472396000,1700472397000,54,306349418,1700472397119
1700472396000,1700472397000,63,914346974,1700472397119
1700472396000,1700472397000,24,777578405,1700472397130
1700472396000,1700472397000,47,360243304,1700472397130
1700472397000,1700472398000,24,612096533,1700472398067
1700472397000,1700472398000,47,541535259,1700472398067
1700472397000,1700472398000,54,343905152,1700472398108
1700472397000,1700472398000,63,942783164,1700472398108
1700472397000,1700472398000,13,188299717,1700472398133
1700472397000,1700472398000,100,289551840,1700472398133
1700472398000,1700472399000,13,112841857,1700472399061
1700472398000,1700472399000,100,274734365,1700472399061
1700472398000,1700472399000,54,501723415,1700472399098
1700472398000,1700472399000,63,744272751,1700472399098
1700472398000,1700472399000,24,720924719,1700472399107
1700472398000,1700472399000,47,886763647,1700472399107
1700472399000,1700472400000,13,139686312,1700472400094
1700472399000,1700472400000,100,308175966,1700472400094
1700472399000,1700472400000,54,684777810,1700472400138
1700472399000,1700472400000,63,650204311,1700472400138
1700472399000,1700472400000,24,793243231,1700472400146
1700472399000,1700472400000,47,1170308051,1700472400146
1700472400000,1700472401000,24,575928700,1700472401082
1700472400000,1700472401000,47,1032786105,1700472401082
1700472400000,1700472401000,54,547356562,1700472401118
1700472400000,1700472401000,63,293204568,1700472401118
1700472400000,1700472401000,13,296190647,1700472401130
1700472400000,1700472401000,100,392657246,1700472401130
1700472401000,1700472402000,54,421368630,1700472402113
1700472401000,1700472402000,63,198088254,1700472402113
1700472401000,1700472402000,24,583442559,1700472402121
1700472401000,1700472402000,47,800103012,1700472402121
1700472401000,1700472402000,13,283660402,1700472402135
1700472401000,1700472402000,100,349813026,1700472402135
1700472402000,1700472403000,13,155538489,1700472403094
1700472402000,1700472403000,100,231767839,1700472403094
1700472402000,1700472403000,54,526755373,1700472403094
1700472402000,1700472403000,63,259852308,1700472403094
1700472402000,1700472403000,24,522542506,1700472403158
1700472402000,1700472403000,47,566548273,1700472403158
1700472403000,1700472404000,24,703197979,1700472404091
1700472403000,1700472404000,47,594047879,1700472404091
1700472403000,1700472404000,13,235364643,1700472404131
1700472403000,1700472404000,100,131341361,1700472404131
1700472403000,1700472404000,54,528865715,1700472404135
1700472403000,1700472404000,63,349458419,1700472404135
1700472404000,1700472405000,13,297872692,1700472405067
1700472404000,1700472405000,100,174399134,1700472405067
1700472404000,1700472405000,24,625645174,1700472405128
1700472404000,1700472405000,47,593063852,1700472405128
1700472404000,1700472405000,54,474839281,1700472405136
1700472404000,1700472405000,63,282342634,1700472405136
1700472405000,1700472406000,13,268388445,1700472406108
1700472405000,1700472406000,100,199937944,1700472406108
1700472405000,1700472406000,54,590850732,1700472406109
1700472405000,1700472406000,63,180215780,1700472406109
1700472405000,1700472406000,24,1039952207,1700472406164
1700472405000,1700472406000,47,426408100,1700472406164
1700472406000,1700472407000,24,790194926,1700472407099
1700472406000,1700472407000,47,474597312,1700472407099
1700472406000,1700472407000,54,327781053,1700472407120
1700472406000,1700472407000,63,232284039,1700472407120
1700472406000,1700472407000,13,59669605,1700472407148
1700472406000,1700472407000,100,230135166,1700472407148
1700472407000,1700472408000,54,363722693,1700472408084
1700472407000,1700472408000,63,117861789,1700472408084
1700472407000,1700472408000,13,272320068,1700472408085
1700472407000,1700472408000,100,275918077,1700472408085
1700472407000,1700472408000,24,541074823,1700472408138
1700472407000,1700472408000,47,555194890,1700472408138
1700472408000,1700472409000,24,618425911,1700472409074
1700472408000,1700472409000,47,363973120,1700472409074
1700472408000,1700472409000,13,96257525,1700472409125
1700472408000,1700472409000,100,288767678,1700472409125
1700472408000,1700472409000,54,407577062,1700472409126
1700472408000,1700472409000,63,297379557,1700472409126
1700472409000,1700472410000,13,216359004,1700472410060
1700472409000,1700472410000,100,220077408,1700472410060
1700472409000,1700472410000,54,224141625,1700472410062
1700472409000,1700472410000,63,315801677,1700472410062
1700472409000,1700472410000,24,744393265,1700472410115
1700472409000,1700472410000,47,257645966,1700472410115
1700472410000,1700472411000,13,131336146,1700472411101
1700472410000,1700472411000,100,136613312,1700472411101
1700472410000,1700472411000,54,384218275,1700472411104
1700472410000,1700472411000,63,330572873,1700472411104
1700472410000,1700472411000,24,550316390,1700472411153
1700472410000,1700472411000,47,170340862,1700472411153
1700472411000,1700472412000,24,498780818,1700472412091
1700472411000,1700472412000,47,214741128,1700472412091
1700472411000,1700472412000,13,205930600,1700472412143
1700472411000,1700472412000,100,338786632,1700472412143
1700472411000,1700472412000,54,493559248,1700472412146
1700472411000,1700472412000,63,156331368,1700472412146
1700472412000,1700472413000,13,176766677,1700472413078
1700472412000,1700472413000,100,480915699,1700472413078
1700472412000,1700472413000,54,516195086,1700472413081
1700472412000,1700472413000,63,230527293,1700472413081
1700472412000,1700472413000,24,618431181,1700472413129
1700472412000,1700472413000,47,329035293,1700472413129
1700472413000,1700472414000,24,593093048,1700472414065
1700472413000,1700472414000,47,162608699,1700472414065
1700472413000,1700472414000,13,306867304,1700472414116
1700472413000,1700472414000,100,366969185,1700472414116
1700472413000,1700472414000,54,395045116,1700472414121
1700472413000,1700472414000,63,312726354,1700472414121
1700472414000,1700472415000,24,804416158,1700472415104
1700472414000,1700472415000,47,164460061,1700472415104
1700472414000,1700472415000,54,207993898,1700472415132
1700472414000,1700472415000,63,310168879,1700472415132
1700472414000,1700472415000,13,252810782,1700472415165
1700472414000,1700472415000,100,268444610,1700472415165
1700472415000,1700472416000,54,206065909,1700472416096
1700472415000,1700472416000,63,329717533,1700472416096
1700472415000,1700472416000,13,369793864,1700472416102
1700472415000,1700472416000,100,143325629,1700472416102
1700472415000,1700472416000,24,575227497,1700472416144
1700472415000,1700472416000,47,274300658,1700472416144
1700472416000,1700472417000,24,476466677,1700472417080
1700472416000,1700472417000,47,574665427,1700472417080
1700472416000,1700472417000,54,249159564,1700472417135
1700472416000,1700472417000,63,319927026,1700472417135
1700472416000,1700472417000,13,277900394,1700472417139
1700472416000,1700472417000,100,237949034,1700472417139
1700472417000,1700472418000,54,170394667,1700472418070
1700472417000,1700472418000,63,304980415,1700472418070
1700472417000,1700472418000,13,240872707,1700472418079
1700472417000,1700472418000,100,247205515,1700472418079
1700472417000,1700472418000,24,800603216,1700472418121
1700472417000,1700472418000,47,622562453,1700472418121
1700472418000,1700472419000,54,212890375,1700472419109
1700472418000,1700472419000,63,392812483,1700472419109
1700472418000,1700472419000,13,196831582,1700472419114
1700472418000,1700472419000,100,300837902,1700472419114
1700472418000,1700472419000,24,585236424,1700472419160
1700472418000,1700472419000,47,583104844,1700472419160
1700472419000,1700472420000,24,279332620,1700472420095
1700472419000,1700472420000,47,161104324,1700472420095
1700472419000,1700472420000,54,284309601,1700472420150
1700472419000,1700472420000,63,638818426,1700472420150
1700472419000,1700472420000,13,101549158,1700472420157
1700472419000,1700472420000,100,240510391,1700472420157
1700472420000,1700472421000,54,373772813,1700472421085
1700472420000,1700472421000,63,462893992,1700472421085
1700472420000,1700472421000,13,235589228,1700472421091
1700472420000,1700472421000,100,228104414,1700472421091
1700472420000,1700472421000,24,210706560,1700472421135
1700472420000,1700472421000,47,384350649,1700472421135
1700472421000,1700472422000,24,373598456,1700472422070
1700472421000,1700472422000,47,90275586,1700472422070
1700472421000,1700472422000,54,397755019,1700472422125
1700472421000,1700472422000,63,210356552,1700472422125
1700472421000,1700472422000,13,299266380,1700472422132
1700472421000,1700472422000,100,223083107,1700472422132
1700472422000,1700472423000,13,295444526,1700472423067
1700472422000,1700472423000,100,249464479,1700472423067
1700472422000,1700472423000,24,382811359,1700472423111
1700472422000,1700472423000,47,187154921,1700472423111
1700472422000,1700472423000,54,363320377,1700472423131
1700472422000,1700472423000,63,310446788,1700472423131
1700472423000,1700472424000,13,265643535,1700472424085
1700472423000,1700472424000,100,315861535,1700472424085
1700472423000,1700472424000,54,380997995,1700472424102
1700472423000,1700472424000,63,456895766,1700472424102
1700472423000,1700472424000,24,321295609,1700472424148
1700472423000,1700472424000,47,336060327,1700472424148
1700472424000,1700472425000,24,200536445,1700472425081
1700472424000,1700472425000,47,395781096,1700472425081
1700472424000,1700472425000,54,227252239,1700472425102
1700472424000,1700472425000,63,423862218,1700472425102
1700472424000,1700472425000,13,187132039,1700472425148
1700472424000,1700472425000,100,311211785,1700472425148
1700472425000,1700472426000,54,453540730,1700472426080
1700472425000,1700472426000,63,384196854,1700472426080
1700472425000,1700472426000,13,252158463,1700472426088
1700472425000,1700472426000,100,258974081,1700472426088
1700472425000,1700472426000,24,332224956,1700472426122
1700472425000,1700472426000,47,350192387,1700472426122
1700472426000,1700472427000,54,545297189,1700472427122
1700472426000,1700472427000,63,394616990,1700472427122
1700472426000,1700472427000,13,140315115,1700472427125
1700472426000,1700472427000,100,212373250,1700472427125
1700472426000,1700472427000,24,315549927,1700472427128
1700472426000,1700472427000,47,347729300,1700472427128
1700472427000,1700472428000,13,170262349,1700472428035
1700472427000,1700472428000,100,149375397,1700472428035
1700472427000,1700472428000,24,259707595,1700472428097
1700472427000,1700472428000,47,328225976,1700472428097
1700472427000,1700472428000,54,868412605,1700472428116
1700472427000,1700472428000,63,523262300,1700472428116
1700472428000,1700472429000,54,1008997013,1700472429098
1700472428000,1700472429000,63,520116345,1700472429098
1700472428000,1700472429000,13,222162541,1700472429099
1700472428000,1700472429000,100,132855465,1700472429099
1700472428000,1700472429000,24,434584742,1700472429136
1700472428000,1700472429000,47,335080607,1700472429136
1700472429000,1700472430000,54,949731554,1700472430092
1700472429000,1700472430000,63,898242377,1700472430092
1700472429000,1700472430000,24,415514476,1700472430092
1700472429000,1700472430000,47,276906974,1700472430092
1700472429000,1700472430000,13,91623956,1700472430141
1700472429000,1700472430000,100,79501403,1700472430141
1700472430000,1700472431000,13,220050302,1700472431076
1700472430000,1700472431000,100,64649922,1700472431076
1700472430000,1700472431000,24,708457157,1700472431131
1700472430000,1700472431000,47,368789646,1700472431131
1700472430000,1700472431000,54,552031944,1700472431131
1700472430000,1700472431000,63,680427171,1700472431131
1700472431000,1700472432000,24,592185981,1700472432064
1700472431000,1700472432000,47,357070054,1700472432064
1700472431000,1700472432000,54,628852404,1700472432118
1700472431000,1700472432000,63,274270644,1700472432118
1700472431000,1700472432000,13,62634527,1700472432119
1700472431000,1700472432000,100,62470990,1700472432119
1700472432000,1700472433000,24,586071946,1700472433102
1700472432000,1700472433000,47,362428262,1700472433102
1700472432000,1700472433000,54,416045945,1700472433103
1700472432000,1700472433000,63,658481302,1700472433103
1700472432000,1700472433000,13,155668862,1700472433158
1700472432000,1700472433000,100,129962403,1700472433158
1700472433000,1700472434000,13,69395789,1700472434094
1700472433000,1700472434000,100,198094149,1700472434094
1700472433000,1700472434000,54,399947371,1700472434095
1700472433000,1700472434000,63,625872036,1700472434095
1700472433000,1700472434000,24,708351291,1700472434142
1700472433000,1700472434000,47,380296081,1700472434142
1700472434000,1700472435000,24,526328534,1700472435077
1700472434000,1700472435000,47,356030211,1700472435077
1700472434000,1700472435000,13,156571353,1700472435130
1700472434000,1700472435000,100,80136751,1700472435130
1700472434000,1700472435000,54,422212793,1700472435136
1700472434000,1700472435000,63,1018971719,1700472435136
1700472435000,1700472436000,13,292368201,1700472436068
1700472435000,1700472436000,100,231197493,1700472436068
1700472435000,1700472436000,24,765016040,1700472436112
1700472435000,1700472436000,47,577206108,1700472436112
1700472435000,1700472436000,54,314528106,1700472436116
1700472435000,1700472436000,63,747346331,1700472436116
1700472436000,1700472437000,13,269648277,1700472437107
1700472436000,1700472437000,100,263794005,1700472437107
1700472436000,1700472437000,54,364553334,1700472437110
1700472436000,1700472437000,63,696252463,1700472437110
1700472436000,1700472437000,24,656593652,1700472437155
1700472436000,1700472437000,47,342200823,1700472437155
1700472437000,1700472438000,24,87479322,1700472438085
1700472437000,1700472438000,47,811700628,1700472438085
1700472437000,1700472438000,54,403251188,1700472438087
1700472437000,1700472438000,63,551926907,1700472438087
1700472437000,1700472438000,13,354550919,1700472438150
1700472437000,1700472438000,100,198942351,1700472438150
1700472438000,1700472439000,13,371384088,1700472439084
1700472438000,1700472439000,100,124780470,1700472439084
1700472438000,1700472439000,24,274312253,1700472439126
1700472438000,1700472439000,47,978012485,1700472439126
1700472438000,1700472439000,54,575226495,1700472439127
1700472438000,1700472439000,63,796052425,1700472439127
1700472439000,1700472440000,13,349257268,1700472440127
1700472439000,1700472440000,100,131164921,1700472440127
1700472439000,1700472440000,24,345576600,1700472440128
1700472439000,1700472440000,47,855497473,1700472440128
1700472439000,1700472440000,54,324222719,1700472440129
1700472439000,1700472440000,63,664439886,1700472440129
1700472440000,1700472441000,13,83966082,1700472441060
1700472440000,1700472441000,100,141281469,1700472441060
1700472440000,1700472441000,54,127883891,1700472441102
1700472440000,1700472441000,63,790633056,1700472441102
1700472440000,1700472441000,24,428686355,1700472441106
1700472440000,1700472441000,47,490308561,1700472441106
1700472441000,1700472442000,24,693435316,1700472442096
1700472441000,1700472442000,47,407225545,1700472442096
1700472441000,1700472442000,13,284088132,1700472442104
1700472441000,1700472442000,100,82214871,1700472442104
1700472441000,1700472442000,54,610235494,1700472442107
1700472441000,1700472442000,63,588735888,1700472442107
1700472442000,1700472443000,54,902064714,1700472443079
1700472442000,1700472443000,63,482586066,1700472443079
1700472442000,1700472443000,13,330195045,1700472443143
1700472442000,1700472443000,100,132796169,1700472443143
