debs$start:INTEGER(64 bits),debs$end:INTEGER(64 bits),debs$sid:INTEGER(64 bits),debs$absolute_v:INTEGER(64 bits),timestamp
1700492748000,1700492749000,54,931252,1700492749065
1700492748000,1700492749000,13,1956882,1700492749118
1700492748000,1700492749000,24,4060067,1700492749121
1700492748000,1700492749000,47,2609515,1700492749129
1700492748000,1700492749000,63,1790697,1700492749140
1700492748000,1700492749000,100,1537815,1700492749141
1700492749000,1700492750000,24,24382305,1700492750068
1700492749000,1700492750000,13,19306629,1700492750071
1700492749000,1700492750000,54,22776998,1700492750075
1700492749000,1700492750000,47,16234341,1700492750075
1700492749000,1700492750000,63,12745234,1700492750085
1700492749000,1700492750000,100,24242664,1700492750086
1700492750000,1700492751000,100,23242665,1700492751038
1700492750000,1700492751000,13,27845826,1700492751120
1700492750000,1700492751000,24,23127130,1700492751121
1700492750000,1700492751000,54,35550432,1700492751126
1700492750000,1700492751000,47,18936516,1700492751140
1700492750000,1700492751000,63,17073948,1700492751141
1700492751000,1700492752000,13,20789643,1700492752062
1700492751000,1700492752000,54,20627364,1700492752064
1700492751000,1700492752000,24,27845680,1700492752072
1700492751000,1700492752000,47,18034146,1700492752089
1700492751000,1700492752000,63,11970660,1700492752089
1700492751000,1700492752000,100,68131854,1700492752089
1700492752000,1700492753000,100,47065184,1700492753039
1700492752000,1700492753000,47,47654916,1700492753041
1700492752000,1700492753000,13,22953599,1700492753113
1700492752000,1700492753000,24,25739690,1700492753120
1700492752000,1700492753000,54,25413975,1700492753126
1700492752000,1700492753000,63,18518014,1700492753144
1700492753000,1700492754000,13,16047605,1700492754065
1700492753000,1700492754000,63,14823392,1700492754065
1700492753000,1700492754000,24,17098024,1700492754068
1700492753000,1700492754000,54,22184843,1700492754071
1700492753000,1700492754000,47,29919176,1700492754097
1700492753000,1700492754000,100,62697781,1700492754099
1700492754000,1700492755000,100,47442978,1700492755041
1700492754000,1700492755000,47,17872233,1700492755049
1700492754000,1700492755000,13,22118139,1700492755118
1700492754000,1700492755000,54,32559983,1700492755124
1700492754000,1700492755000,24,24490987,1700492755125
1700492754000,1700492755000,63,10428663,1700492755147
1700492755000,1700492756000,54,24879742,1700492756057
1700492755000,1700492756000,13,19211626,1700492756061
1700492755000,1700492756000,63,16469317,1700492756065
1700492755000,1700492756000,24,19851049,1700492756067
1700492755000,1700492756000,100,57156611,1700492756096
1700492755000,1700492756000,47,21053552,1700492756101
1700492756000,1700492757000,100,20834840,1700492757038
1700492756000,1700492757000,47,16743673,1700492757058
1700492756000,1700492757000,54,34179452,1700492757117
1700492756000,1700492757000,24,28610680,1700492757117
1700492756000,1700492757000,13,16689222,1700492757118
1700492756000,1700492757000,63,15441608,1700492757145
1700492757000,1700492758000,63,17794943,1700492758053
1700492757000,1700492758000,54,22704475,1700492758059
1700492757000,1700492758000,13,20737290,1700492758069
1700492757000,1700492758000,24,20104860,1700492758072
1700492757000,1700492758000,100,18692241,1700492758088
1700492757000,1700492758000,47,17641691,1700492758120
1700492758000,1700492759000,100,15329852,1700492759035
1700492758000,1700492759000,47,14915642,1700492759063
1700492758000,1700492759000,63,12327656,1700492759107
1700492758000,1700492759000,54,27907613,1700492759118
1700492758000,1700492759000,24,25568297,1700492759125
1700492758000,1700492759000,13,26888812,1700492759125
1700492759000,1700492760000,63,17641237,1700492760059
1700492759000,1700492760000,54,29870558,1700492760064
1700492759000,1700492760000,13,20453895,1700492760082
1700492759000,1700492760000,24,23421061,1700492760083
1700492759000,1700492760000,100,16902076,1700492760088
1700492759000,1700492760000,47,16769626,1700492760114
1700492760000,1700492761000,100,18173786,1700492761039
1700492760000,1700492761000,47,16271588,1700492761067
1700492760000,1700492761000,63,19734627,1700492761109
1700492760000,1700492761000,54,30235297,1700492761122
1700492760000,1700492761000,13,21332883,1700492761137
1700492760000,1700492761000,24,36070830,1700492761141
1700492761000,1700492762000,63,14012642,1700492762052
1700492761000,1700492762000,54,17348783,1700492762072
1700492761000,1700492762000,13,21518200,1700492762087
1700492761000,1700492762000,24,30896729,1700492762093
1700492761000,1700492762000,100,19422979,1700492762101
1700492761000,1700492762000,47,16829608,1700492762121
1700492762000,1700492763000,24,32394290,1700492763036
1700492762000,1700492763000,100,20095864,1700492763052
1700492762000,1700492763000,47,15818880,1700492763071
1700492762000,1700492763000,63,14746368,1700492763105
1700492762000,1700492763000,54,27617955,1700492763128
1700492762000,1700492763000,13,21504123,1700492763134
1700492763000,1700492764000,63,11669782,1700492764049
1700492763000,1700492764000,54,18159292,1700492764071
1700492763000,1700492764000,13,20337376,1700492764086
1700492763000,1700492764000,24,44166091,1700492764093
1700492763000,1700492764000,100,20416293,1700492764111
1700492763000,1700492764000,47,21289752,1700492764123
1700492764000,1700492765000,24,20690290,1700492765039
1700492764000,1700492765000,13,16578894,1700492765045
1700492764000,1700492765000,100,19060346,1700492765058
1700492764000,1700492765000,47,10940927,1700492765079
1700492764000,1700492765000,63,16542066,1700492765111
1700492764000,1700492765000,54,24110336,1700492765130
1700492765000,1700492766000,63,15325329,1700492766060
1700492765000,1700492766000,54,19366846,1700492766071
1700492765000,1700492766000,24,23461159,1700492766097
1700492765000,1700492766000,13,20075229,1700492766105
1700492765000,1700492766000,100,24520252,1700492766116
1700492765000,1700492766000,47,16614254,1700492766138
1700492766000,1700492767000,24,36966495,1700492767041
1700492766000,1700492767000,13,18597890,1700492767042
1700492766000,1700492767000,100,19305109,1700492767066
1700492766000,1700492767000,47,13649233,1700492767093
1700492766000,1700492767000,63,16151035,1700492767109
1700492766000,1700492767000,54,26514920,1700492767125
1700492767000,1700492768000,47,16853201,1700492768044
1700492767000,1700492768000,63,15093260,1700492768055
1700492767000,1700492768000,54,38131132,1700492768065
1700492767000,1700492768000,24,32513666,1700492768095
1700492767000,1700492768000,13,25859031,1700492768097
1700492767000,1700492768000,100,20075244,1700492768130
1700492768000,1700492769000,13,23442042,1700492769045
1700492768000,1700492769000,24,29112292,1700492769050
1700492768000,1700492769000,100,20555408,1700492769082
1700492768000,1700492769000,47,26669448,1700492769097
1700492768000,1700492769000,63,16987456,1700492769114
1700492768000,1700492769000,54,35560093,1700492769118
1700492769000,1700492770000,47,15437961,1700492770046
1700492769000,1700492770000,54,29411040,1700492770050
1700492769000,1700492770000,63,41835740,1700492770055
1700492769000,1700492770000,13,20337999,1700492770095
1700492769000,1700492770000,24,21083695,1700492770096
1700492769000,1700492770000,100,19996539,1700492770138
1700492770000,1700492771000,24,25297367,1700492771042
1700492770000,1700492771000,13,15682155,1700492771045
1700492770000,1700492771000,100,15382921,1700492771094
1700492770000,1700492771000,47,47852392,1700492771108
1700492770000,1700492771000,54,21366076,1700492771109
1700492770000,1700492771000,63,15214928,1700492771110
1700492771000,1700492772000,100,22395879,1700492772041
1700492771000,1700492772000,54,19242383,1700492772045
1700492771000,1700492772000,63,15961725,1700492772053
1700492771000,1700492772000,47,20535353,1700492772057
1700492771000,1700492772000,24,30915273,1700492772091
1700492771000,1700492772000,13,23666984,1700492772095
1700492772000,1700492773000,13,18917266,1700492773038
1700492772000,1700492773000,24,23815234,1700492773050
1700492772000,1700492773000,100,14598335,1700492773096
1700492772000,1700492773000,54,18289129,1700492773097
1700492772000,1700492773000,47,52114783,1700492773110
1700492772000,1700492773000,63,13493622,1700492773114
1700492773000,1700492774000,100,19095559,1700492774041
1700492773000,1700492774000,54,17366185,1700492774042
1700492773000,1700492774000,47,25477644,1700492774061
1700492773000,1700492774000,63,19810419,1700492774062
1700492773000,1700492774000,13,17517173,1700492774089
1700492773000,1700492774000,24,27869696,1700492774112
1700492774000,1700492775000,13,40628393,1700492775039
1700492774000,1700492775000,24,30577387,1700492775062
1700492774000,1700492775000,54,22410979,1700492775087
1700492774000,1700492775000,100,31409624,1700492775107
1700492774000,1700492775000,63,13347547,1700492775107
1700492774000,1700492775000,47,36328688,1700492775115
1700492775000,1700492776000,100,45911898,1700492776050
1700492775000,1700492776000,63,13125925,1700492776060
1700492775000,1700492776000,47,34531216,1700492776070
1700492775000,1700492776000,13,37408148,1700492776088
1700492775000,1700492776000,24,31695683,1700492776113
1700492775000,1700492776000,54,29799484,1700492776129
1700492776000,1700492777000,13,33119911,1700492777038
1700492776000,1700492777000,24,20877510,1700492777058
1700492776000,1700492777000,54,23074228,1700492777080
1700492776000,1700492777000,63,19680099,1700492777113
1700492776000,1700492777000,100,83486982,1700492777114
1700492776000,1700492777000,47,49368247,1700492777129
1700492777000,1700492778000,63,11959562,1700492778059
1700492777000,1700492778000,100,32552703,1700492778059
1700492777000,1700492778000,47,13860255,1700492778075
1700492777000,1700492778000,13,20818646,1700492778092
1700492777000,1700492778000,24,25680864,1700492778114
1700492777000,1700492778000,54,26024669,1700492778134
1700492778000,1700492779000,13,26876214,1700492779038
1700492778000,1700492779000,24,29562962,1700492779063
1700492778000,1700492779000,54,21498693,1700492779078
1700492778000,1700492779000,63,18177762,1700492779111
1700492778000,1700492779000,100,69496648,1700492779112
1700492778000,1700492779000,47,46963088,1700492779130
1700492779000,1700492780000,100,33569081,1700492780055
1700492779000,1700492780000,63,13452605,1700492780058
1700492779000,1700492780000,47,13571135,1700492780087
1700492779000,1700492780000,13,29710847,1700492780092
1700492779000,1700492780000,24,22323499,1700492780123
1700492779000,1700492780000,54,28900510,1700492780134
1700492780000,1700492781000,13,19081390,1700492781032
1700492780000,1700492781000,47,10017098,1700492781043
1700492780000,1700492781000,24,28438964,1700492781065
1700492780000,1700492781000,54,19698223,1700492781079
1700492780000,1700492781000,100,53905729,1700492781111
1700492780000,1700492781000,63,15197869,1700492781118
1700492781000,1700492782000,100,70705906,1700492782057
1700492781000,1700492782000,63,13408610,1700492782064
1700492781000,1700492782000,13,22864854,1700492782088
1700492781000,1700492782000,47,9697105,1700492782106
1700492781000,1700492782000,24,22217352,1700492782116
1700492781000,1700492782000,54,34664757,1700492782127
1700492782000,1700492783000,13,34203510,1700492783038
1700492782000,1700492783000,47,9999551,1700492783059
1700492782000,1700492783000,24,22647224,1700492783062
1700492782000,1700492783000,54,19614388,1700492783070
1700492782000,1700492783000,63,14893682,1700492783117
1700492782000,1700492783000,100,80308226,1700492783117
1700492783000,1700492784000,100,58855247,1700492784064
1700492783000,1700492784000,63,17552966,1700492784065
1700492783000,1700492784000,13,25807115,1700492784085
1700492783000,1700492784000,24,26527534,1700492784107
1700492783000,1700492784000,47,11690694,1700492784110
1700492783000,1700492784000,54,27392226,1700492784113
1700492784000,1700492785000,13,19726863,1700492785031
1700492784000,1700492785000,24,30131913,1700492785054
1700492784000,1700492785000,54,24482220,1700492785062
1700492784000,1700492785000,47,10554743,1700492785062
1700492784000,1700492785000,100,36776934,1700492785127
1700492784000,1700492785000,63,13817028,1700492785128
1700492785000,1700492786000,13,23892669,1700492786082
1700492785000,1700492786000,100,20483216,1700492786084
1700492785000,1700492786000,63,18087554,1700492786084
1700492785000,1700492786000,54,28904767,1700492786106
1700492785000,1700492786000,24,23621970,1700492786106
1700492785000,1700492786000,47,11087182,1700492786122
1700492786000,1700492787000,54,17225665,1700492787049
1700492786000,1700492787000,24,24311351,1700492787058
1700492786000,1700492787000,47,9597889,1700492787071
1700492786000,1700492787000,63,17830553,1700492787137
1700492786000,1700492787000,100,18744775,1700492787138
1700492786000,1700492787000,13,31832270,1700492787139
1700492787000,1700492788000,63,15384958,1700492788085
1700492787000,1700492788000,100,14078675,1700492788085
1700492787000,1700492788000,13,32140188,1700492788089
1700492787000,1700492788000,54,24294611,1700492788097
1700492787000,1700492788000,24,19525873,1700492788114
1700492787000,1700492788000,47,12901562,1700492788134
1700492788000,1700492789000,100,24124578,1700492789035
1700492788000,1700492789000,13,19248177,1700492789036
1700492788000,1700492789000,54,23469608,1700492789045
1700492788000,1700492789000,24,21049096,1700492789066
1700492788000,1700492789000,47,12807163,1700492789075
1700492788000,1700492789000,63,15784692,1700492789141
1700492789000,1700492790000,54,85891923,1700492790093
1700492789000,1700492790000,13,26755517,1700492790094
1700492789000,1700492790000,63,15656054,1700492790094
1700492789000,1700492790000,100,23833353,1700492790094
1700492789000,1700492790000,24,18433168,1700492790117
1700492789000,1700492790000,47,14190543,1700492790130
1700492790000,1700492791000,13,28988731,1700492791044
1700492790000,1700492791000,100,20141910,1700492791045
1700492790000,1700492791000,24,23601829,1700492791070
1700492790000,1700492791000,47,12850853,1700492791075
1700492790000,1700492791000,54,33576976,1700492791140
1700492790000,1700492791000,63,16378071,1700492791151
1700492791000,1700492792000,63,13118709,1700492792071
1700492791000,1700492792000,54,49365593,1700492792077
1700492791000,1700492792000,13,23042972,1700492792095
1700492791000,1700492792000,100,16391954,1700492792099
1700492791000,1700492792000,24,20346544,1700492792118
1700492791000,1700492792000,47,16212435,1700492792134
1700492792000,1700492793000,13,14620826,1700492793041
1700492792000,1700492793000,100,16431046,1700492793050
1700492792000,1700492793000,24,17826214,1700492793081
1700492792000,1700492793000,47,26797895,1700492793082
1700492792000,1700492793000,63,13978294,1700492793125
1700492792000,1700492793000,54,23211404,1700492793136
1700492793000,1700492794000,63,15782337,1700492794065
1700492793000,1700492794000,54,19254866,1700492794082
1700492793000,1700492794000,13,20001231,1700492794089
1700492793000,1700492794000,100,28852525,1700492794114
1700492793000,1700492794000,24,24411008,1700492794130
1700492793000,1700492794000,47,31336419,1700492794141
1700492794000,1700492795000,13,21155724,1700492795035
1700492794000,1700492795000,100,29779225,1700492795060
1700492794000,1700492795000,47,18608750,1700492795087
1700492794000,1700492795000,24,33724961,1700492795091
1700492794000,1700492795000,63,16697166,1700492795118
1700492794000,1700492795000,54,40404399,1700492795138
1700492795000,1700492796000,24,25407117,1700492796033
1700492795000,1700492796000,47,14279035,1700492796046
1700492795000,1700492796000,63,17334351,1700492796062
1700492795000,1700492796000,13,25040413,1700492796079
1700492795000,1700492796000,54,42589468,1700492796079
1700492795000,1700492796000,100,40484479,1700492796118
1700492796000,1700492797000,100,32208754,1700492797070
1700492796000,1700492797000,24,29055683,1700492797090
1700492796000,1700492797000,47,32221864,1700492797108
1700492796000,1700492797000,63,22284955,1700492797109
1700492796000,1700492797000,13,31368857,1700492797130
1700492796000,1700492797000,54,19642602,1700492797134
1700492797000,1700492798000,24,41074025,1700492798039
1700492797000,1700492798000,47,20129397,1700492798056
1700492797000,1700492798000,63,17169919,1700492798059
1700492797000,1700492798000,13,18156944,1700492798071
1700492797000,1700492798000,54,25685788,1700492798073
1700492797000,1700492798000,100,25906513,1700492798122
1700492798000,1700492799000,100,18889436,1700492799070
1700492798000,1700492799000,24,38146743,1700492799090
1700492798000,1700492799000,63,30973710,1700492799117
1700492798000,1700492799000,47,23067580,1700492799118
1700492798000,1700492799000,13,49057238,1700492799124
1700492798000,1700492799000,54,31248814,1700492799128
1700492799000,1700492800000,24,33762231,1700492800042
1700492799000,1700492800000,63,66657863,1700492800057
1700492799000,1700492800000,47,21654878,1700492800069
1700492799000,1700492800000,13,21653087,1700492800074
1700492799000,1700492800000,54,19356590,1700492800074
1700492799000,1700492800000,100,24540622,1700492800123
1700492800000,1700492801000,100,17914396,1700492801072
1700492800000,1700492801000,24,29185726,1700492801088
1700492800000,1700492801000,63,97182359,1700492801113
1700492800000,1700492801000,54,18932694,1700492801125
1700492800000,1700492801000,47,18689012,1700492801128
1700492800000,1700492801000,13,20220966,1700492801132
1700492801000,1700492802000,24,23662872,1700492802037
1700492801000,1700492802000,63,46808625,1700492802055
1700492801000,1700492802000,54,15848039,1700492802068
1700492801000,1700492802000,13,38978155,1700492802075
1700492801000,1700492802000,47,16186488,1700492802076
1700492801000,1700492802000,100,25924489,1700492802133
1700492802000,1700492803000,100,17944264,1700492803080
1700492802000,1700492803000,24,34480278,1700492803092
1700492802000,1700492803000,63,99522882,1700492803107
1700492802000,1700492803000,54,21997685,1700492803110
1700492802000,1700492803000,13,23932074,1700492803122
1700492802000,1700492803000,47,16027445,1700492803135
1700492803000,1700492804000,24,27758402,1700492804031
1700492803000,1700492804000,63,27080049,1700492804046
1700492803000,1700492804000,54,23355975,1700492804056
1700492803000,1700492804000,13,39821752,1700492804065
1700492803000,1700492804000,47,12483664,1700492804076
1700492803000,1700492804000,100,24028597,1700492804130
1700492804000,1700492805000,100,19787363,1700492805080
1700492804000,1700492805000,24,30608176,1700492805085
1700492804000,1700492805000,63,33288723,1700492805099
1700492804000,1700492805000,54,63913985,1700492805103
1700492804000,1700492805000,13,27087766,1700492805133
1700492804000,1700492805000,47,11701310,1700492805138
1700492805000,1700492806000,54,23026692,1700492806042
1700492805000,1700492806000,63,17216364,1700492806043
1700492805000,1700492806000,13,29278929,1700492806071
1700492805000,1700492806000,47,10137896,1700492806082
1700492805000,1700492806000,100,17951771,1700492806133
1700492805000,1700492806000,24,23524258,1700492806139
1700492806000,1700492807000,100,21740413,1700492807079
1700492806000,1700492807000,24,25711885,1700492807087
1700492806000,1700492807000,54,31760151,1700492807094
1700492806000,1700492807000,63,18074841,1700492807095
1700492806000,1700492807000,13,34930339,1700492807127
1700492806000,1700492807000,47,16010072,1700492807136
1700492807000,1700492808000,63,13381781,1700492808042
1700492807000,1700492808000,54,37879751,1700492808045
1700492807000,1700492808000,13,22006500,1700492808065
1700492807000,1700492808000,47,11841859,1700492808090
1700492807000,1700492808000,100,23602835,1700492808135
1700492807000,1700492808000,24,29980857,1700492808137
1700492808000,1700492809000,47,14091409,1700492809039
1700492808000,1700492809000,100,17373381,1700492809081
1700492808000,1700492809000,63,20960233,1700492809083
1700492808000,1700492809000,24,26990896,1700492809084
1700492808000,1700492809000,54,64574908,1700492809095
1700492808000,1700492809000,13,21329074,1700492809118
1700492809000,1700492810000,63,15502918,1700492810039
1700492809000,1700492810000,24,18371243,1700492810041
1700492809000,1700492810000,54,22313847,1700492810046
1700492809000,1700492810000,13,20262116,1700492810067
1700492809000,1700492810000,47,16093889,1700492810105
1700492809000,1700492810000,100,19474813,1700492810137
1700492810000,1700492811000,47,13030432,1700492811057
1700492810000,1700492811000,63,16975249,1700492811088
1700492810000,1700492811000,100,18755446,1700492811089
1700492810000,1700492811000,24,31822900,1700492811094
1700492810000,1700492811000,54,27196290,1700492811101
1700492810000,1700492811000,13,38101058,1700492811114
1700492811000,1700492812000,54,25054313,1700492812041
1700492811000,1700492812000,24,20197782,1700492812043
1700492811000,1700492812000,13,36048021,1700492812061
1700492811000,1700492812000,47,16182875,1700492812114
1700492811000,1700492812000,63,12157406,1700492812140
1700492811000,1700492812000,100,22466534,1700492812140
1700492812000,1700492813000,47,15460700,1700492813063
1700492812000,1700492813000,63,14004042,1700492813090
1700492812000,1700492813000,100,25547692,1700492813090
1700492812000,1700492813000,54,69760493,1700492813093
1700492812000,1700492813000,24,23853519,1700492813094
1700492812000,1700492813000,13,27578435,1700492813115
1700492813000,1700492814000,54,78420898,1700492814038
1700492813000,1700492814000,100,37638926,1700492814039
1700492813000,1700492814000,24,20379424,1700492814039
1700492813000,1700492814000,13,22013901,1700492814071
1700492813000,1700492814000,47,14505837,1700492814121
1700492813000,1700492814000,63,21009668,1700492814145
1700492814000,1700492815000,47,12785765,1700492815065
1700492814000,1700492815000,63,35218762,1700492815075
1700492814000,1700492815000,54,140944786,1700492815085
1700492814000,1700492815000,24,33500504,1700492815094
1700492814000,1700492815000,100,84699341,1700492815105
1700492814000,1700492815000,13,30250457,1700492815126
1700492815000,1700492816000,24,29427135,1700492816042
1700492815000,1700492816000,100,68040744,1700492816051
1700492815000,1700492816000,13,23171342,1700492816070
1700492815000,1700492816000,47,18671226,1700492816119
1700492815000,1700492816000,63,104952161,1700492816125
1700492815000,1700492816000,54,222010543,1700492816131
1700492816000,1700492817000,63,196930780,1700492817067
1700492816000,1700492817000,47,22316031,1700492817082
1700492816000,1700492817000,54,159288955,1700492817083
1700492816000,1700492817000,24,40125081,1700492817098
1700492816000,1700492817000,100,89367861,1700492817110
1700492816000,1700492817000,13,28629973,1700492817128
1700492817000,1700492818000,47,71070672,1700492818036
1700492817000,1700492818000,100,52035953,1700492818046
1700492817000,1700492818000,13,24373645,1700492818067
1700492817000,1700492818000,63,182136660,1700492818115
1700492817000,1700492818000,54,190789312,1700492818129
1700492817000,1700492818000,24,111150824,1700492818134
1700492818000,1700492819000,63,135667310,1700492819063
1700492818000,1700492819000,54,195853173,1700492819074
1700492818000,1700492819000,24,69544173,1700492819083
1700492818000,1700492819000,47,131984365,1700492819100
1700492818000,1700492819000,100,89610105,1700492819106
1700492818000,1700492819000,13,37596941,1700492819120
1700492819000,1700492820000,100,23593919,1700492820047
1700492819000,1700492820000,47,78378368,1700492820053
1700492819000,1700492820000,13,28808445,1700492820075
1700492819000,1700492820000,63,191428221,1700492820107
1700492819000,1700492820000,54,133937424,1700492820126
1700492819000,1700492820000,24,177713884,1700492820133
1700492820000,1700492821000,63,45372032,1700492821053
1700492820000,1700492821000,54,61633211,1700492821057
1700492820000,1700492821000,24,162085037,1700492821077
1700492820000,1700492821000,47,158417329,1700492821107
1700492820000,1700492821000,100,103972690,1700492821109
1700492820000,1700492821000,13,149882246,1700492821130
1700492821000,1700492822000,100,47128891,1700492822052
1700492821000,1700492822000,47,195964168,1700492822063
1700492821000,1700492822000,13,139165838,1700492822079
1700492821000,1700492822000,54,129655958,1700492822110
1700492821000,1700492822000,63,40447731,1700492822112
1700492821000,1700492822000,24,149240495,1700492822125
1700492822000,1700492823000,54,48110673,1700492823040
1700492822000,1700492823000,63,37352936,1700492823058
1700492822000,1700492823000,24,102834948,1700492823081
1700492822000,1700492823000,100,74651209,1700492823106
1700492822000,1700492823000,47,130345954,1700492823110
1700492822000,1700492823000,13,258712960,1700492823134
1700492823000,1700492824000,100,71995061,1700492824052
1700492823000,1700492824000,47,114097379,1700492824063
1700492823000,1700492824000,13,258365641,1700492824082
1700492823000,1700492824000,54,31264934,1700492824090
1700492823000,1700492824000,63,67914732,1700492824103
1700492823000,1700492824000,24,228033744,1700492824131
1700492824000,1700492825000,54,104395618,1700492825040
1700492824000,1700492825000,63,58119805,1700492825054
1700492824000,1700492825000,24,139382750,1700492825090
1700492824000,1700492825000,100,85972937,1700492825109
1700492824000,1700492825000,47,103062099,1700492825113
1700492824000,1700492825000,13,136153974,1700492825139
1700492825000,1700492826000,24,70715143,1700492826046
1700492825000,1700492826000,100,76676499,1700492826052
1700492825000,1700492826000,47,25030489,1700492826062
1700492825000,1700492826000,13,148364834,1700492826086
1700492825000,1700492826000,54,56702979,1700492826090
1700492825000,1700492826000,63,24675508,1700492826110
1700492826000,1700492827000,54,30932418,1700492827038
1700492826000,1700492827000,13,104036590,1700492827042
1700492826000,1700492827000,63,49846181,1700492827053
1700492826000,1700492827000,24,58344085,1700492827093
1700492826000,1700492827000,100,58102785,1700492827109
1700492826000,1700492827000,47,38931398,1700492827125
1700492827000,1700492828000,24,44411476,1700492828038
1700492827000,1700492828000,100,55017631,1700492828061
1700492827000,1700492828000,54,152246263,1700492828081
1700492827000,1700492828000,47,131899633,1700492828082
1700492827000,1700492828000,13,84092951,1700492828090
1700492827000,1700492828000,63,21667009,1700492828097
1700492828000,1700492829000,13,30208607,1700492829032
1700492828000,1700492829000,63,15452314,1700492829047
1700492828000,1700492829000,24,24342587,1700492829097
1700492828000,1700492829000,100,58534295,1700492829121
1700492828000,1700492829000,54,124742863,1700492829126
1700492828000,1700492829000,47,26572690,1700492829139
1700492829000,1700492830000,24,28158776,1700492830041
1700492829000,1700492830000,100,32078190,1700492830062
1700492829000,1700492830000,54,142411173,1700492830063
1700492829000,1700492830000,13,31039464,1700492830084
1700492829000,1700492830000,47,15614763,1700492830091
1700492829000,1700492830000,63,17921440,1700492830107
1700492830000,1700492831000,13,46889655,1700492831037
1700492830000,1700492831000,47,25927504,1700492831041
1700492830000,1700492831000,63,24881123,1700492831062
1700492830000,1700492831000,24,42041530,1700492831095
1700492830000,1700492831000,54,89641466,1700492831106
1700492830000,1700492831000,100,86109321,1700492831119
1700492831000,1700492832000,24,94173395,1700492832046
1700492831000,1700492832000,54,23022722,1700492832058
1700492831000,1700492832000,100,93030939,1700492832067
1700492831000,1700492832000,13,35918098,1700492832078
1700492831000,1700492832000,47,58031080,1700492832102
1700492831000,1700492832000,63,112048591,1700492832108
1700492832000,1700492833000,47,30555178,1700492833054
1700492832000,1700492833000,63,36702866,1700492833057
1700492832000,1700492833000,24,254684116,1700492833101
1700492832000,1700492833000,54,20159626,1700492833113
1700492832000,1700492833000,13,53022263,1700492833131
1700492832000,1700492833000,100,77945763,1700492833132
1700492833000,1700492834000,24,137352574,1700492834042
1700492833000,1700492834000,54,32603177,1700492834061
1700492833000,1700492834000,13,52473624,1700492834072
1700492833000,1700492834000,100,119565714,1700492834073
1700492833000,1700492834000,63,26517134,1700492834106
1700492833000,1700492834000,47,50520250,1700492834115
1700492834000,1700492835000,63,21761398,1700492835061
1700492834000,1700492835000,47,77776834,1700492835065
1700492834000,1700492835000,24,70737185,1700492835102
1700492834000,1700492835000,54,125513205,1700492835107
1700492834000,1700492835000,13,45945860,1700492835127
1700492834000,1700492835000,100,70954402,1700492835138
1700492835000,1700492836000,24,17155290,1700492836050
1700492835000,1700492836000,54,88522591,1700492836055
1700492835000,1700492836000,13,24125196,1700492836083
1700492835000,1700492836000,100,64481967,1700492836086
1700492835000,1700492836000,63,27186690,1700492836123
1700492835000,1700492836000,47,33754796,1700492836124
1700492836000,1700492837000,13,26032627,1700492837036
1700492836000,1700492837000,63,34033547,1700492837070
1700492836000,1700492837000,47,56773063,1700492837076
1700492836000,1700492837000,24,50131817,1700492837098
1700492836000,1700492837000,54,120315587,1700492837107
1700492836000,1700492837000,100,60256809,1700492837139
1700492837000,1700492838000,24,42709700,1700492838036
1700492837000,1700492838000,54,47711512,1700492838054
1700492837000,1700492838000,13,22853608,1700492838079
1700492837000,1700492838000,100,54981196,1700492838087
1700492837000,1700492838000,63,33121892,1700492838121
1700492837000,1700492838000,47,72478866,1700492838137
1700492838000,1700492839000,100,30352481,1700492839035
1700492838000,1700492839000,63,21078640,1700492839071
1700492838000,1700492839000,24,178403061,1700492839086
1700492838000,1700492839000,47,52841220,1700492839087
1700492838000,1700492839000,54,104931851,1700492839098
1700492838000,1700492839000,13,21779867,1700492839133
1700492839000,1700492840000,24,49762492,1700492840034
1700492839000,1700492840000,54,93522192,1700492840041
1700492839000,1700492840000,13,22633064,1700492840075
1700492839000,1700492840000,100,26064649,1700492840087
1700492839000,1700492840000,63,23099923,1700492840118
1700492839000,1700492840000,47,67167133,1700492840143
1700492840000,1700492841000,63,17727330,1700492841071
1700492840000,1700492841000,24,125980964,1700492841086
1700492840000,1700492841000,54,69268620,1700492841087
1700492840000,1700492841000,47,26751844,1700492841095
1700492840000,1700492841000,13,25266309,1700492841132
1700492840000,1700492841000,100,28088206,1700492841139
1700492841000,1700492842000,47,109712543,1700492842046
1700492841000,1700492842000,13,39033978,1700492842072
1700492841000,1700492842000,100,99734127,1700492842083
1700492841000,1700492842000,63,17417791,1700492842120
1700492841000,1700492842000,24,37167550,1700492842137
1700492841000,1700492842000,54,60225200,1700492842138
1700492842000,1700492843000,100,102677363,1700492843035
1700492842000,1700492843000,63,16392281,1700492843069
1700492842000,1700492843000,54,30983972,1700492843078
1700492842000,1700492843000,24,98813044,1700492843089
1700492842000,1700492843000,47,29335572,1700492843102
1700492842000,1700492843000,13,35070181,1700492843114
1700492843000,1700492844000,24,43823832,1700492844045
1700492843000,1700492844000,47,43410330,1700492844051
1700492843000,1700492844000,13,31195543,1700492844066
1700492843000,1700492844000,100,40273963,1700492844093
1700492843000,1700492844000,54,35571311,1700492844124
1700492843000,1700492844000,63,19626699,1700492844126
1700492844000,1700492845000,100,88174726,1700492845043
1700492844000,1700492845000,63,12862594,1700492845074
1700492844000,1700492845000,54,26780794,1700492845075
1700492844000,1700492845000,24,47491409,1700492845106
1700492844000,1700492845000,47,36018809,1700492845110
1700492844000,1700492845000,13,26822549,1700492845117
1700492845000,1700492846000,24,146410777,1700492846049
1700492845000,1700492846000,13,27944728,1700492846057
1700492845000,1700492846000,47,19567519,1700492846062
1700492845000,1700492846000,100,118364904,1700492846097
1700492845000,1700492846000,54,78710825,1700492846119
1700492845000,1700492846000,63,14646218,1700492846129
1700492846000,1700492847000,100,295529172,1700492847042
1700492846000,1700492847000,54,52370349,1700492847069
1700492846000,1700492847000,63,44850650,1700492847075
1700492846000,1700492847000,24,102151541,1700492847102
1700492846000,1700492847000,13,26967627,1700492847105
1700492846000,1700492847000,47,42117666,1700492847119
1700492847000,1700492848000,24,123298529,1700492848042
1700492847000,1700492848000,13,25004699,1700492848058
1700492847000,1700492848000,47,34333488,1700492848067
1700492847000,1700492848000,100,403233096,1700492848105
1700492847000,1700492848000,54,54762154,1700492848113
1700492847000,1700492848000,63,29296880,1700492848134
1700492848000,1700492849000,100,594680707,1700492849050
1700492848000,1700492849000,54,22972059,1700492849055
1700492848000,1700492849000,63,132695059,1700492849074
1700492848000,1700492849000,24,50465106,1700492849088
1700492848000,1700492849000,13,109994789,1700492849113
1700492848000,1700492849000,47,20210121,1700492849115
1700492849000,1700492850000,24,59788191,1700492850044
1700492849000,1700492850000,13,28980796,1700492850065
1700492849000,1700492850000,47,20730661,1700492850070
1700492849000,1700492850000,100,750496303,1700492850100
1700492849000,1700492850000,54,22854232,1700492850110
1700492849000,1700492850000,63,93778960,1700492850128
1700492850000,1700492851000,100,774922647,1700492851059
1700492850000,1700492851000,54,20663455,1700492851063
1700492850000,1700492851000,63,154677753,1700492851074
1700492850000,1700492851000,24,28677329,1700492851096
1700492850000,1700492851000,13,31322302,1700492851125
1700492850000,1700492851000,47,28061585,1700492851132
1700492851000,1700492852000,24,48970266,1700492852036
1700492851000,1700492852000,13,25231930,1700492852067
1700492851000,1700492852000,47,16426324,1700492852084
1700492851000,1700492852000,54,27042864,1700492852116
1700492851000,1700492852000,100,816771397,1700492852116
1700492851000,1700492852000,63,82104741,1700492852128
1700492852000,1700492853000,54,39553381,1700492853064
1700492852000,1700492853000,100,717205215,1700492853074
1700492852000,1700492853000,63,105260713,1700492853076
1700492852000,1700492853000,24,21810108,1700492853089
1700492852000,1700492853000,13,24253046,1700492853116
1700492852000,1700492853000,47,22329559,1700492853140
1700492853000,1700492854000,24,27749437,1700492854035
1700492853000,1700492854000,13,30703736,1700492854060
1700492853000,1700492854000,47,23000837,1700492854091
1700492853000,1700492854000,54,122882100,1700492854113
1700492853000,1700492854000,100,880294447,1700492854128
1700492853000,1700492854000,63,22860702,1700492854129
1700492854000,1700492855000,47,19382941,1700492855047
1700492854000,1700492855000,54,370145903,1700492855059
1700492854000,1700492855000,100,834743660,1700492855075
1700492854000,1700492855000,63,25111275,1700492855075
1700492854000,1700492855000,24,23708330,1700492855084
1700492854000,1700492855000,13,37832989,1700492855111
1700492855000,1700492856000,24,23734815,1700492856039
1700492855000,1700492856000,13,37112991,1700492856061
1700492855000,1700492856000,47,23056767,1700492856110
1700492855000,1700492856000,54,568624781,1700492856115
1700492855000,1700492856000,100,294114887,1700492856128
1700492855000,1700492856000,63,117506844,1700492856132
1700492856000,1700492857000,47,48974496,1700492857058
1700492856000,1700492857000,54,399993045,1700492857059
1700492856000,1700492857000,63,95224434,1700492857079
1700492856000,1700492857000,100,215919155,1700492857079
1700492856000,1700492857000,24,66365509,1700492857090
1700492856000,1700492857000,13,29202075,1700492857120
1700492857000,1700492858000,24,49352334,1700492858035
1700492857000,1700492858000,13,32267571,1700492858062
1700492857000,1700492858000,47,107590078,1700492858104
1700492857000,1700492858000,54,285161927,1700492858105
1700492857000,1700492858000,63,240917080,1700492858132
1700492857000,1700492858000,100,265470364,1700492858133
1700492858000,1700492859000,54,231852896,1700492859041
1700492858000,1700492859000,47,218608792,1700492859050
1700492858000,1700492859000,63,255454935,1700492859084
1700492858000,1700492859000,100,262143067,1700492859084
1700492858000,1700492859000,24,97052616,1700492859091
1700492858000,1700492859000,13,43122551,1700492859118
1700492859000,1700492860000,24,182044912,1700492860031
1700492859000,1700492860000,13,44348004,1700492860060
1700492859000,1700492860000,54,233963221,1700492860084
1700492859000,1700492860000,47,237108265,1700492860107
1700492859000,1700492860000,63,253602764,1700492860127
1700492859000,1700492860000,100,225508783,1700492860127
1700492860000,1700492861000,47,155148275,1700492861052
1700492860000,1700492861000,63,191378585,1700492861082
1700492860000,1700492861000,100,224924098,1700492861082
1700492860000,1700492861000,24,74908502,1700492861085
1700492860000,1700492861000,13,160299929,1700492861115
1700492860000,1700492861000,54,174483947,1700492861138
1700492861000,1700492862000,63,151734900,1700492862038
1700492861000,1700492862000,24,111373963,1700492862038
1700492861000,1700492862000,13,315278785,1700492862061
1700492861000,1700492862000,54,152250674,1700492862087
1700492861000,1700492862000,47,201930059,1700492862113
1700492861000,1700492862000,100,114129919,1700492862133
1700492862000,1700492863000,47,257635356,1700492863064
1700492862000,1700492863000,100,146658992,1700492863078
1700492862000,1700492863000,24,95058241,1700492863084
1700492862000,1700492863000,63,124411302,1700492863085
1700492862000,1700492863000,13,310717487,1700492863114
1700492862000,1700492863000,54,66849994,1700492863129
1700492863000,1700492864000,63,164290493,1700492864039
1700492863000,1700492864000,13,254524501,1700492864061
1700492863000,1700492864000,54,131315961,1700492864083
1700492863000,1700492864000,47,298855889,1700492864112
1700492863000,1700492864000,24,156102188,1700492864130
1700492863000,1700492864000,100,102618318,1700492864133
1700492864000,1700492865000,47,192055258,1700492865071
1700492864000,1700492865000,24,143452576,1700492865080
1700492864000,1700492865000,100,157691003,1700492865083
1700492864000,1700492865000,63,146680550,1700492865090
1700492864000,1700492865000,13,229801158,1700492865117
1700492864000,1700492865000,54,130159874,1700492865137
1700492865000,1700492866000,63,73684067,1700492866039
1700492865000,1700492866000,13,194319793,1700492866062
1700492865000,1700492866000,54,114762107,1700492866081
1700492865000,1700492866000,47,188366187,1700492866130
1700492865000,1700492866000,100,171604267,1700492866134
1700492865000,1700492866000,24,68600398,1700492866134
1700492866000,1700492867000,24,124595405,1700492867081
1700492866000,1700492867000,100,215678797,1700492867083
1700492866000,1700492867000,47,87672480,1700492867084
1700492866000,1700492867000,63,86096945,1700492867090
1700492866000,1700492867000,13,324304789,1700492867115
1700492866000,1700492867000,54,73926125,1700492867131
1700492867000,1700492868000,47,209064375,1700492868037
1700492867000,1700492868000,63,63296275,1700492868046
1700492867000,1700492868000,13,319143803,1700492868065
1700492867000,1700492868000,54,111535217,1700492868078
1700492867000,1700492868000,24,35825795,1700492868118
1700492867000,1700492868000,100,169549613,1700492868133
1700492868000,1700492869000,24,144010704,1700492869070
1700492868000,1700492869000,100,252345176,1700492869079
1700492868000,1700492869000,63,68720617,1700492869089
1700492868000,1700492869000,47,152947938,1700492869090
1700492868000,1700492869000,13,301738647,1700492869104
1700492868000,1700492869000,54,45227686,1700492869125
1700492869000,1700492870000,100,239377065,1700492870037
1700492869000,1700492870000,63,58610459,1700492870042
1700492869000,1700492870000,47,37850596,1700492870043
1700492869000,1700492870000,13,460620376,1700492870045
1700492869000,1700492870000,54,144565816,1700492870069
1700492869000,1700492870000,24,40600075,1700492870123
1700492870000,1700492871000,24,39853684,1700492871077
1700492870000,1700492871000,100,295234835,1700492871094
1700492870000,1700492871000,63,138733850,1700492871096
1700492870000,1700492871000,47,130905695,1700492871099
1700492870000,1700492871000,13,303474811,1700492871102
1700492870000,1700492871000,54,46947056,1700492871123
1700492871000,1700492872000,100,202202002,1700492872045
1700492871000,1700492872000,13,130745327,1700492872046
1700492871000,1700492872000,63,34606430,1700492872049
1700492871000,1700492872000,47,20875104,1700492872053
1700492871000,1700492872000,54,85717693,1700492872070
1700492871000,1700492872000,24,75336908,1700492872123
1700492872000,1700492873000,24,26633043,1700492873077
1700492872000,1700492873000,13,158740010,1700492873095
1700492872000,1700492873000,100,208367244,1700492873098
1700492872000,1700492873000,63,144880171,1700492873102
1700492872000,1700492873000,47,16805362,1700492873107
1700492872000,1700492873000,54,102931390,1700492873125
1700492873000,1700492874000,13,30827730,1700492874050
1700492873000,1700492874000,63,52174407,1700492874050
1700492873000,1700492874000,100,178223339,1700492874051
1700492873000,1700492874000,47,14866520,1700492874063
1700492873000,1700492874000,54,78297342,1700492874070
1700492873000,1700492874000,24,150140669,1700492874137
1700492874000,1700492875000,24,34337095,1700492875087
1700492874000,1700492875000,13,22500747,1700492875101
1700492874000,1700492875000,63,127970416,1700492875102
1700492874000,1700492875000,100,267212236,1700492875102
1700492874000,1700492875000,54,128708200,1700492875118
1700492874000,1700492875000,47,42925576,1700492875118
1700492875000,1700492876000,24,30199758,1700492876032
1700492875000,1700492876000,13,220273880,1700492876049
1700492875000,1700492876000,100,242094569,1700492876050
1700492875000,1700492876000,54,275980805,1700492876062
1700492875000,1700492876000,47,87529225,1700492876067
1700492875000,1700492876000,63,190511385,1700492876157
1700492876000,1700492877000,24,75016462,1700492877081
1700492876000,1700492877000,13,160818047,1700492877090
1700492876000,1700492877000,63,376873573,1700492877103
1700492876000,1700492877000,100,138781275,1700492877103
1700492876000,1700492877000,54,398256016,1700492877112
1700492876000,1700492877000,47,187591148,1700492877117
1700492877000,1700492878000,13,98769007,1700492878035
1700492877000,1700492878000,100,209983981,1700492878051
1700492877000,1700492878000,54,529486423,1700492878055
1700492877000,1700492878000,47,102003499,1700492878063
1700492877000,1700492878000,63,505265569,1700492878126
1700492877000,1700492878000,24,162026364,1700492878130
1700492878000,1700492879000,63,348544815,1700492879075
1700492878000,1700492879000,24,94124426,1700492879082
1700492878000,1700492879000,13,141224381,1700492879088
1700492878000,1700492879000,54,602994184,1700492879102
1700492878000,1700492879000,100,293695688,1700492879109
1700492878000,1700492879000,47,152444266,1700492879120
1700492879000,1700492880000,13,34874733,1700492880031
1700492879000,1700492880000,54,439407933,1700492880046
1700492879000,1700492880000,100,238178525,1700492880051
1700492879000,1700492880000,47,261361809,1700492880068
1700492879000,1700492880000,24,182647712,1700492880125
1700492879000,1700492880000,63,283817880,1700492880125
1700492880000,1700492881000,63,367777423,1700492881073
1700492880000,1700492881000,13,51051657,1700492881079
1700492880000,1700492881000,24,53643669,1700492881081
1700492880000,1700492881000,54,505622796,1700492881087
1700492880000,1700492881000,100,144126709,1700492881106
1700492880000,1700492881000,47,404142066,1700492881122
1700492881000,1700492882000,54,423325672,1700492882042
1700492881000,1700492882000,100,159679615,1700492882049
1700492881000,1700492882000,47,177279647,1700492882072
1700492881000,1700492882000,63,431560936,1700492882121
1700492881000,1700492882000,13,138358691,1700492882133
1700492881000,1700492882000,24,363017035,1700492882135
1700492882000,1700492883000,63,346442135,1700492883070
1700492882000,1700492883000,13,74493670,1700492883080
1700492882000,1700492883000,24,424368328,1700492883085
1700492882000,1700492883000,54,556659690,1700492883089
1700492882000,1700492883000,100,154062479,1700492883106
1700492882000,1700492883000,47,266619654,1700492883116
1700492883000,1700492884000,54,610821708,1700492884041
1700492883000,1700492884000,100,150079809,1700492884053
1700492883000,1700492884000,47,369352647,1700492884067
1700492883000,1700492884000,63,355229970,1700492884117
1700492883000,1700492884000,13,52582241,1700492884132
1700492883000,1700492884000,24,544099117,1700492884133
1700492884000,1700492885000,63,246289070,1700492885070
1700492884000,1700492885000,13,62774319,1700492885077
1700492884000,1700492885000,24,437413253,1700492885079
1700492884000,1700492885000,54,609440797,1700492885090
1700492884000,1700492885000,100,171161218,1700492885117
1700492884000,1700492885000,47,436881022,1700492885122
1700492885000,1700492886000,54,266577187,1700492886042
1700492885000,1700492886000,100,159181226,1700492886070
1700492885000,1700492886000,47,393903940,1700492886074
1700492885000,1700492886000,63,203880698,1700492886109
1700492885000,1700492886000,13,179158374,1700492886134
1700492885000,1700492886000,24,543144150,1700492886136
1700492886000,1700492887000,63,80470481,1700492887050
1700492886000,1700492887000,13,138826337,1700492887079
1700492886000,1700492887000,24,455629191,1700492887089
1700492886000,1700492887000,54,685363981,1700492887095
1700492886000,1700492887000,47,584511953,1700492887131
1700492886000,1700492887000,100,136304773,1700492887134
1700492887000,1700492888000,24,461253119,1700492888034
1700492887000,1700492888000,54,844808239,1700492888046
1700492887000,1700492888000,47,586642684,1700492888082
1700492887000,1700492888000,100,200528903,1700492888086
1700492887000,1700492888000,63,270761055,1700492888105
1700492887000,1700492888000,13,190362678,1700492888133
1700492888000,1700492889000,100,240884400,1700492889042
1700492888000,1700492889000,63,270432603,1700492889045
1700492888000,1700492889000,13,22795727,1700492889082
1700492888000,1700492889000,24,514673307,1700492889083
1700492888000,1700492889000,54,629437801,1700492889091
1700492888000,1700492889000,47,743753183,1700492889133
1700492889000,1700492890000,54,277165731,1700492890035
1700492889000,1700492890000,47,605102395,1700492890084
1700492889000,1700492890000,100,283798613,1700492890100
1700492889000,1700492890000,63,160878045,1700492890102
1700492889000,1700492890000,13,218967457,1700492890133
1700492889000,1700492890000,24,545440979,1700492890134
1700492890000,1700492891000,100,206566215,1700492891050
1700492890000,1700492891000,63,192439180,1700492891054
1700492890000,1700492891000,13,75581404,1700492891081
1700492890000,1700492891000,54,289466187,1700492891082
1700492890000,1700492891000,24,376616964,1700492891086
1700492890000,1700492891000,47,256518033,1700492891133
1700492891000,1700492892000,47,495227395,1700492892085
1700492891000,1700492892000,100,121179760,1700492892110
1700492891000,1700492892000,63,311425921,1700492892114
1700492891000,1700492892000,13,280423615,1700492892132
1700492891000,1700492892000,54,543635538,1700492892133
1700492891000,1700492892000,24,457781935,1700492892133
1700492892000,1700492893000,100,178912259,1700492893050
1700492892000,1700492893000,63,694454441,1700492893067
1700492892000,1700492893000,54,763648186,1700492893073
1700492892000,1700492893000,13,70992171,1700492893077
1700492892000,1700492893000,24,664784572,1700492893087
1700492892000,1700492893000,47,673671043,1700492893137
1700492893000,1700492894000,47,574746214,1700492894082
1700492893000,1700492894000,100,335436920,1700492894110
1700492893000,1700492894000,63,601376695,1700492894122
1700492893000,1700492894000,54,650403220,1700492894125
1700492893000,1700492894000,24,728154680,1700492894134
1700492893000,1700492894000,13,193408221,1700492894137
1700492894000,1700492895000,100,476891110,1700492895052
1700492894000,1700492895000,63,614077973,1700492895064
1700492894000,1700492895000,54,621039011,1700492895070
1700492894000,1700492895000,13,69218253,1700492895074
1700492894000,1700492895000,24,978634172,1700492895079
1700492894000,1700492895000,47,522727377,1700492895131
1700492895000,1700492896000,47,393179144,1700492896079
1700492895000,1700492896000,100,493022660,1700492896110
1700492895000,1700492896000,54,652461271,1700492896115
1700492895000,1700492896000,63,383079661,1700492896118
1700492895000,1700492896000,13,93714980,1700492896137
1700492895000,1700492896000,24,529144394,1700492896137
1700492896000,1700492897000,100,362856487,1700492897054
1700492896000,1700492897000,63,398608661,1700492897064
1700492896000,1700492897000,54,381919128,1700492897067
1700492896000,1700492897000,24,323374763,1700492897078
1700492896000,1700492897000,13,251153936,1700492897084
1700492896000,1700492897000,47,799549322,1700492897135
1700492897000,1700492898000,13,289439388,1700492898034
1700492897000,1700492898000,47,665076747,1700492898086
1700492897000,1700492898000,54,358994946,1700492898116
1700492897000,1700492898000,63,565597559,1700492898118
1700492897000,1700492898000,100,225638553,1700492898118
1700492897000,1700492898000,24,763513625,1700492898130
1700492898000,1700492899000,47,641058962,1700492899041
1700492898000,1700492899000,54,331301475,1700492899059
1700492898000,1700492899000,63,485435827,1700492899066
1700492898000,1700492899000,100,141937523,1700492899067
1700492898000,1700492899000,24,785665330,1700492899081
1700492898000,1700492899000,13,211006463,1700492899086
1700492899000,1700492900000,13,132219006,1700492900036
1700492899000,1700492900000,47,718341220,1700492900091
1700492899000,1700492900000,54,702943193,1700492900099
1700492899000,1700492900000,63,495357280,1700492900118
1700492899000,1700492900000,100,173026126,1700492900118
1700492899000,1700492900000,24,729609635,1700492900138
1700492900000,1700492901000,54,358439964,1700492901044
1700492900000,1700492901000,47,483490181,1700492901045
1700492900000,1700492901000,63,428448162,1700492901065
1700492900000,1700492901000,100,91936086,1700492901065
1700492900000,1700492901000,24,655577957,1700492901085
1700492900000,1700492901000,13,188465167,1700492901096
1700492901000,1700492902000,13,292167884,1700492902042
1700492901000,1700492902000,47,417716235,1700492902099
1700492901000,1700492902000,54,814969087,1700492902102
1700492901000,1700492902000,63,592195481,1700492902116
1700492901000,1700492902000,100,91730212,1700492902116
1700492901000,1700492902000,24,385875923,1700492902129
1700492902000,1700492903000,54,1165676351,1700492903049
1700492902000,1700492903000,47,410179451,1700492903054
1700492902000,1700492903000,63,446129091,1700492903069
1700492902000,1700492903000,100,109860069,1700492903069
1700492902000,1700492903000,24,595545683,1700492903083
1700492902000,1700492903000,13,171662726,1700492903097
1700492903000,1700492904000,13,216118674,1700492904035
1700492903000,1700492904000,47,481096033,1700492904095
1700492903000,1700492904000,54,1089468609,1700492904099
1700492903000,1700492904000,63,691747744,1700492904115
1700492903000,1700492904000,100,113187882,1700492904115
1700492903000,1700492904000,24,192363302,1700492904133
1700492904000,1700492905000,54,473281359,1700492905046
1700492904000,1700492905000,47,506928052,1700492905054
1700492904000,1700492905000,100,131162445,1700492905064
1700492904000,1700492905000,63,576357330,1700492905067
1700492904000,1700492905000,13,255287709,1700492905081
1700492904000,1700492905000,24,340928804,1700492905088
1700492905000,1700492906000,54,743172237,1700492906094
1700492905000,1700492906000,47,568596867,1700492906106
1700492905000,1700492906000,100,309422941,1700492906124
1700492905000,1700492906000,63,465074603,1700492906125
1700492905000,1700492906000,24,588981476,1700492906131
1700492905000,1700492906000,13,168952899,1700492906137
1700492906000,1700492907000,47,421915537,1700492907063
1700492906000,1700492907000,100,217268603,1700492907069
1700492906000,1700492907000,63,857582128,1700492907071
1700492906000,1700492907000,13,249566075,1700492907072
1700492906000,1700492907000,24,517728837,1700492907078
1700492906000,1700492907000,54,813136230,1700492907138
1700492907000,1700492908000,54,572118422,1700492908079
1700492907000,1700492908000,47,872199017,1700492908110
1700492907000,1700492908000,13,333613688,1700492908121
1700492907000,1700492908000,24,792371019,1700492908124
1700492907000,1700492908000,100,151128033,1700492908126
1700492907000,1700492908000,63,976233221,1700492908130
1700492908000,1700492909000,47,732807514,1700492909067
1700492908000,1700492909000,13,279096617,1700492909067
1700492908000,1700492909000,24,610116240,1700492909073
1700492908000,1700492909000,63,975214561,1700492909074
1700492908000,1700492909000,100,193382913,1700492909074
1700492908000,1700492909000,54,878211691,1700492909127
1700492909000,1700492910000,54,631129522,1700492910072
1700492909000,1700492910000,47,427672473,1700492910109
1700492909000,1700492910000,24,1092609735,1700492910110
1700492909000,1700492910000,13,364040103,1700492910115
1700492909000,1700492910000,63,1224873744,1700492910127
1700492909000,1700492910000,100,255380517,1700492910128
1700492910000,1700492911000,47,261813531,1700492911056
1700492910000,1700492911000,13,279578435,1700492911059
1700492910000,1700492911000,24,828930651,1700492911062
1700492910000,1700492911000,100,290860034,1700492911067
1700492910000,1700492911000,63,1063696737,1700492911074
1700492910000,1700492911000,54,778715647,1700492911118
1700492911000,1700492912000,54,592955591,1700492912068
1700492911000,1700492912000,13,520420634,1700492912106
1700492911000,1700492912000,47,729441882,1700492912109
1700492911000,1700492912000,24,967845841,1700492912117
1700492911000,1700492912000,100,275065418,1700492912127
1700492911000,1700492912000,63,994438425,1700492912130
1700492912000,1700492913000,13,541732766,1700492913051
1700492912000,1700492913000,47,593929254,1700492913059
1700492912000,1700492913000,24,704207978,1700492913063
1700492912000,1700492913000,63,583021052,1700492913077
1700492912000,1700492913000,100,225958613,1700492913077
1700492912000,1700492913000,54,467369362,1700492913118
1700492913000,1700492914000,54,423106362,1700492914064
1700492913000,1700492914000,47,460327166,1700492914103
1700492913000,1700492914000,13,345645332,1700492914105
1700492913000,1700492914000,24,446552194,1700492914107
1700492913000,1700492914000,63,606626398,1700492914126
1700492913000,1700492914000,100,222441745,1700492914126
1700492914000,1700492915000,47,565860113,1700492915056
1700492914000,1700492915000,13,119904890,1700492915057
1700492914000,1700492915000,24,756496026,1700492915058
1700492914000,1700492915000,63,292484982,1700492915072
1700492914000,1700492915000,100,149158038,1700492915073
1700492914000,1700492915000,54,376234297,1700492915122
1700492915000,1700492916000,54,257436957,1700492916068
1700492915000,1700492916000,47,638883595,1700492916097
1700492915000,1700492916000,13,89391942,1700492916110
1700492915000,1700492916000,24,756031575,1700492916118
1700492915000,1700492916000,100,214077787,1700492916118
1700492915000,1700492916000,63,284202434,1700492916122
1700492916000,1700492917000,47,489653319,1700492917051
1700492916000,1700492917000,13,73031847,1700492917057
1700492916000,1700492917000,24,455866872,1700492917066
1700492916000,1700492917000,63,132493675,1700492917071
1700492916000,1700492917000,100,169799913,1700492917071
1700492916000,1700492917000,54,352717419,1700492917118
1700492917000,1700492918000,54,296746710,1700492918074
1700492917000,1700492918000,47,769336312,1700492918109
1700492917000,1700492918000,13,359288372,1700492918116
1700492917000,1700492918000,24,493892528,1700492918125
1700492917000,1700492918000,63,202324051,1700492918130
1700492917000,1700492918000,100,233917618,1700492918130
1700492918000,1700492919000,13,304457727,1700492919062
1700492918000,1700492919000,47,479753082,1700492919062
1700492918000,1700492919000,24,269059244,1700492919063
1700492918000,1700492919000,63,57896736,1700492919078
1700492918000,1700492919000,100,195415755,1700492919078
1700492918000,1700492919000,54,333426014,1700492919129
1700492919000,1700492920000,54,192323258,1700492920067
1700492919000,1700492920000,47,272325318,1700492920113
1700492919000,1700492920000,13,260219931,1700492920115
1700492919000,1700492920000,24,443430514,1700492920123
1700492919000,1700492920000,63,45434545,1700492920132
1700492919000,1700492920000,100,222182832,1700492920133
1700492920000,1700492921000,13,221746586,1700492921060
1700492920000,1700492921000,47,320235494,1700492921067
1700492920000,1700492921000,24,227272834,1700492921073
1700492920000,1700492921000,63,298771190,1700492921077
1700492920000,1700492921000,100,185629690,1700492921078
1700492920000,1700492921000,54,179579054,1700492921121
1700492921000,1700492922000,54,55001048,1700492922075
1700492921000,1700492922000,13,320481758,1700492922106
1700492921000,1700492922000,47,349293709,1700492922116
1700492921000,1700492922000,24,283500541,1700492922120
1700492921000,1700492922000,63,490607434,1700492922125
1700492921000,1700492922000,100,140113305,1700492922126
1700492922000,1700492923000,13,326920769,1700492923057
1700492922000,1700492923000,47,359236234,1700492923069
1700492922000,1700492923000,63,461668320,1700492923073
1700492922000,1700492923000,100,123752286,1700492923074
1700492922000,1700492923000,24,313103840,1700492923077
1700492922000,1700492923000,54,47805981,1700492923132
1700492923000,1700492924000,54,123602204,1700492924073
1700492923000,1700492924000,13,218605175,1700492924104
1700492923000,1700492924000,47,331165714,1700492924122
1700492923000,1700492924000,63,588652658,1700492924129
1700492923000,1700492924000,100,175215867,1700492924129
1700492923000,1700492924000,24,348042524,1700492924129
1700492924000,1700492925000,13,195709359,1700492925040
1700492924000,1700492925000,24,325523342,1700492925070
1700492924000,1700492925000,47,259248849,1700492925070
1700492924000,1700492925000,63,467714927,1700492925080
1700492924000,1700492925000,100,108046940,1700492925080
1700492924000,1700492925000,54,305213414,1700492925122
1700492925000,1700492926000,54,259890431,1700492926067
1700492925000,1700492926000,13,186291354,1700492926089
1700492925000,1700492926000,47,322254495,1700492926115
1700492925000,1700492926000,24,346391847,1700492926130
1700492925000,1700492926000,63,369064829,1700492926132
1700492925000,1700492926000,100,136378711,1700492926132
1700492926000,1700492927000,13,287294742,1700492927037
1700492926000,1700492927000,24,252407512,1700492927072
1700492926000,1700492927000,63,387200837,1700492927078
1700492926000,1700492927000,100,212016110,1700492927078
1700492926000,1700492927000,47,445797281,1700492927078
1700492926000,1700492927000,54,146464482,1700492927118
1700492927000,1700492928000,54,173830216,1700492928054
1700492927000,1700492928000,13,295180198,1700492928086
1700492927000,1700492928000,63,823456604,1700492928105
1700492927000,1700492928000,24,295940969,1700492928127
1700492927000,1700492928000,47,532828614,1700492928130
1700492927000,1700492928000,100,312940459,1700492928133
1700492928000,1700492929000,13,104022750,1700492929032
1700492928000,1700492929000,63,879689070,1700492929057
1700492928000,1700492929000,24,232553783,1700492929077
1700492928000,1700492929000,47,305911080,1700492929080
1700492928000,1700492929000,100,232802973,1700492929086
1700492928000,1700492929000,54,204606870,1700492929112
1700492929000,1700492930000,100,245367091,1700492930034
1700492929000,1700492930000,47,369818637,1700492930040
1700492929000,1700492930000,54,311534893,1700492930055
1700492929000,1700492930000,13,236908404,1700492930090
1700492929000,1700492930000,63,680348036,1700492930135
1700492929000,1700492930000,24,224320570,1700492930140
1700492930000,1700492931000,13,275009715,1700492931043
1700492930000,1700492931000,24,480676506,1700492931084
1700492930000,1700492931000,63,334709097,1700492931085
1700492930000,1700492931000,100,145749586,1700492931085
1700492930000,1700492931000,47,627573078,1700492931086
1700492930000,1700492931000,54,245832796,1700492931102
1700492931000,1700492932000,54,220221861,1700492932050
1700492931000,1700492932000,13,283685297,1700492932095
1700492931000,1700492932000,63,437912054,1700492932133
1700492931000,1700492932000,100,110469875,1700492932134
1700492931000,1700492932000,47,546248191,1700492932135
1700492931000,1700492932000,24,507005744,1700492932137
1700492932000,1700492933000,13,115147415,1700492933042
1700492932000,1700492933000,63,447022822,1700492933085
1700492932000,1700492933000,100,183873168,1700492933085
1700492932000,1700492933000,47,429994579,1700492933090
1700492932000,1700492933000,24,333018497,1700492933093
1700492932000,1700492933000,54,387209642,1700492933098
1700492933000,1700492934000,47,233213271,1700492934038
1700492933000,1700492934000,24,331459661,1700492934038
1700492933000,1700492934000,54,588732399,1700492934048
1700492933000,1700492934000,13,283458676,1700492934087
1700492933000,1700492934000,63,537339596,1700492934126
1700492933000,1700492934000,100,208440387,1700492934126
1700492934000,1700492935000,13,88606821,1700492935033
1700492934000,1700492935000,63,390711458,1700492935078
1700492934000,1700492935000,100,143288657,1700492935078
1700492934000,1700492935000,47,391550957,1700492935090
1700492934000,1700492935000,24,616877996,1700492935094
1700492934000,1700492935000,54,569924203,1700492935109
1700492935000,1700492936000,24,547681978,1700492936045
1700492935000,1700492936000,47,370651703,1700492936053
1700492935000,1700492936000,54,546191590,1700492936054
1700492935000,1700492936000,13,256749412,1700492936086
1700492935000,1700492936000,63,390310603,1700492936124
1700492935000,1700492936000,100,183459168,1700492936124
1700492936000,1700492937000,13,121073882,1700492937031
1700492936000,1700492937000,63,145202008,1700492937075
1700492936000,1700492937000,100,118489115,1700492937075
1700492936000,1700492937000,47,702244747,1700492937103
1700492936000,1700492937000,24,556956616,1700492937106
1700492936000,1700492937000,54,444422991,1700492937109
1700492937000,1700492938000,24,500500431,1700492938049
1700492937000,1700492938000,47,1081175197,1700492938053
1700492937000,1700492938000,54,278676351,1700492938059
1700492937000,1700492938000,13,216991134,1700492938080
1700492937000,1700492938000,63,97862053,1700492938128
1700492937000,1700492938000,100,175639053,1700492938128
1700492938000,1700492939000,63,56825641,1700492939070
1700492938000,1700492939000,100,155510790,1700492939070
1700492938000,1700492939000,47,716732935,1700492939098
1700492938000,1700492939000,24,525537903,1700492939103
1700492938000,1700492939000,54,273246291,1700492939108
1700492938000,1700492939000,13,175002826,1700492939130
1700492939000,1700492940000,47,149948892,1700492940046
1700492939000,1700492940000,24,741255479,1700492940050
1700492939000,1700492940000,54,271312527,1700492940055
1700492939000,1700492940000,13,509948253,1700492940086
1700492939000,1700492940000,63,158226896,1700492940123
1700492939000,1700492940000,100,249728126,1700492940123
1700492940000,1700492941000,13,231563475,1700492941033
1700492940000,1700492941000,63,282011064,1700492941075
1700492940000,1700492941000,100,140844271,1700492941075
1700492940000,1700492941000,47,284161401,1700492941095
1700492940000,1700492941000,54,276605948,1700492941101
1700492940000,1700492941000,24,742424602,1700492941102
1700492941000,1700492942000,24,731064818,1700492942042
1700492941000,1700492942000,54,137898341,1700492942049
1700492941000,1700492942000,47,354585638,1700492942050
1700492941000,1700492942000,13,380030608,1700492942092
1700492941000,1700492942000,63,275112700,1700492942121
1700492941000,1700492942000,100,165283520,1700492942121
1700492942000,1700492943000,13,232785208,1700492943043
1700492942000,1700492943000,63,652078652,1700492943072
1700492942000,1700492943000,100,176453421,1700492943072
1700492942000,1700492943000,47,264828310,1700492943100
1700492942000,1700492943000,54,111305218,1700492943103
1700492942000,1700492943000,24,527100434,1700492943105
1700492943000,1700492944000,47,347770796,1700492944047
1700492943000,1700492944000,54,148256217,1700492944048
1700492943000,1700492944000,24,297387886,1700492944050
1700492943000,1700492944000,13,366170850,1700492944090
1700492943000,1700492944000,100,264049283,1700492944127
1700492943000,1700492944000,63,874108082,1700492944130
1700492944000,1700492945000,13,253027342,1700492945039
1700492944000,1700492945000,100,308611590,1700492945074
1700492944000,1700492945000,63,721097931,1700492945081
1700492944000,1700492945000,54,110915510,1700492945099
1700492944000,1700492945000,47,444901054,1700492945101
1700492944000,1700492945000,24,245345711,1700492945109
1700492945000,1700492946000,54,485420264,1700492946042
1700492945000,1700492946000,24,463789015,1700492946047
1700492945000,1700492946000,47,305665174,1700492946052
1700492945000,1700492946000,13,318445012,1700492946086
1700492945000,1700492946000,100,385404924,1700492946129
1700492945000,1700492946000,63,656305953,1700492946131
1700492946000,1700492947000,100,224982718,1700492947074
1700492946000,1700492947000,63,225761035,1700492947076
1700492946000,1700492947000,54,485489182,1700492947089
1700492946000,1700492947000,24,724876687,1700492947100
1700492946000,1700492947000,47,277280342,1700492947107
1700492946000,1700492947000,13,248660098,1700492947133
1700492947000,1700492948000,54,576142780,1700492948042
1700492947000,1700492948000,24,516995846,1700492948043
1700492947000,1700492948000,47,319208217,1700492948060
1700492947000,1700492948000,13,128440903,1700492948070
1700492947000,1700492948000,63,464766744,1700492948132
1700492947000,1700492948000,100,153534985,1700492948132
1700492948000,1700492949000,63,658095153,1700492949084
1700492948000,1700492949000,100,207452977,1700492949085
1700492948000,1700492949000,54,691894388,1700492949097
1700492948000,1700492949000,24,342589957,1700492949100
1700492948000,1700492949000,47,450687401,1700492949110
1700492948000,1700492949000,13,78319342,1700492949134
1700492949000,1700492950000,100,197321692,1700492950035
1700492949000,1700492950000,54,331011230,1700492950041
1700492949000,1700492950000,24,245063231,1700492950045
1700492949000,1700492950000,47,368060124,1700492950054
1700492949000,1700492950000,13,180640843,1700492950077
1700492949000,1700492950000,63,544866763,1700492950135
1700492950000,1700492951000,63,627235304,1700492951082
1700492950000,1700492951000,100,106610205,1700492951083
1700492950000,1700492951000,54,401616282,1700492951097
1700492950000,1700492951000,47,604776024,1700492951101
1700492950000,1700492951000,24,281448700,1700492951105
1700492950000,1700492951000,13,73885834,1700492951130
1700492951000,1700492952000,54,590572181,1700492952042
1700492951000,1700492952000,47,470678262,1700492952049
1700492951000,1700492952000,24,397701512,1700492952052
1700492951000,1700492952000,13,221326070,1700492952077
1700492951000,1700492952000,63,473172945,1700492952134
1700492951000,1700492952000,100,119927239,1700492952134
1700492952000,1700492953000,63,425767008,1700492953081
1700492952000,1700492953000,100,151810963,1700492953082
1700492952000,1700492953000,54,605477021,1700492953087
1700492952000,1700492953000,24,666013008,1700492953109
1700492952000,1700492953000,47,447968348,1700492953116
1700492952000,1700492953000,13,77515978,1700492953124
1700492953000,1700492954000,24,820914511,1700492954056
1700492953000,1700492954000,47,336967012,1700492954067
1700492953000,1700492954000,13,97597664,1700492954080
1700492953000,1700492954000,63,626317248,1700492954134
1700492953000,1700492954000,100,227482408,1700492954134
1700492953000,1700492954000,54,860620110,1700492954140
1700492954000,1700492955000,54,661685090,1700492955081
1700492954000,1700492955000,63,398354218,1700492955085
1700492954000,1700492955000,100,265563788,1700492955085
1700492954000,1700492955000,24,701195775,1700492955111
1700492954000,1700492955000,47,644010191,1700492955118
1700492954000,1700492955000,13,166786118,1700492955129
1700492955000,1700492956000,24,520776035,1700492956054
1700492955000,1700492956000,47,476913901,1700492956064
1700492955000,1700492956000,13,38110559,1700492956081
1700492955000,1700492956000,54,707012275,1700492956129
1700492955000,1700492956000,63,316854365,1700492956137
1700492955000,1700492956000,100,261255597,1700492956137
1700492956000,1700492957000,54,487961098,1700492957080
1700492956000,1700492957000,63,301484310,1700492957080
1700492956000,1700492957000,100,188894672,1700492957081
1700492956000,1700492957000,24,541444895,1700492957105
1700492956000,1700492957000,47,570117194,1700492957120
1700492956000,1700492957000,13,271199159,1700492957129
1700492957000,1700492958000,24,604295303,1700492958040
1700492957000,1700492958000,47,471207015,1700492958061
1700492957000,1700492958000,13,255789973,1700492958087
1700492957000,1700492958000,54,661582124,1700492958126
1700492957000,1700492958000,63,326338116,1700492958141
1700492957000,1700492958000,100,202006254,1700492958141
1700492958000,1700492959000,54,546038927,1700492959077
1700492958000,1700492959000,63,292980503,1700492959082
1700492958000,1700492959000,100,170143337,1700492959082
1700492958000,1700492959000,24,939379991,1700492959094
1700492958000,1700492959000,47,539838246,1700492959119
1700492958000,1700492959000,13,330121567,1700492959132
1700492959000,1700492960000,24,876347297,1700492960053
1700492959000,1700492960000,47,585315279,1700492960073
1700492959000,1700492960000,13,296118211,1700492960083
1700492959000,1700492960000,54,741268024,1700492960131
1700492959000,1700492960000,63,249932259,1700492960138
1700492959000,1700492960000,100,171784580,1700492960138
1700492960000,1700492961000,54,455603002,1700492961073
1700492960000,1700492961000,63,364040630,1700492961085
1700492960000,1700492961000,100,228220583,1700492961085
1700492960000,1700492961000,24,994899424,1700492961109
1700492960000,1700492961000,47,290609991,1700492961131
1700492960000,1700492961000,13,320714744,1700492961136
1700492961000,1700492962000,24,1019790779,1700492962044
1700492961000,1700492962000,47,87778562,1700492962079
1700492961000,1700492962000,13,220218825,1700492962081
1700492961000,1700492962000,54,437576924,1700492962119
1700492961000,1700492962000,63,224530999,1700492962141
1700492961000,1700492962000,100,258405324,1700492962141
1700492962000,1700492963000,54,263493273,1700492963069
1700492962000,1700492963000,63,225866269,1700492963090
1700492962000,1700492963000,100,218044931,1700492963091
1700492962000,1700492963000,24,485509064,1700492963105
1700492962000,1700492963000,13,345186263,1700492963133
1700492962000,1700492963000,47,301077551,1700492963134
1700492963000,1700492964000,100,255619273,1700492964034
1700492963000,1700492964000,24,148541052,1700492964049
1700492963000,1700492964000,47,293248842,1700492964076
1700492963000,1700492964000,13,143575937,1700492964081
1700492963000,1700492964000,54,218864282,1700492964122
1700492963000,1700492964000,63,183136712,1700492964139
1700492964000,1700492965000,54,285749255,1700492965066
1700492964000,1700492965000,63,340587587,1700492965085
1700492964000,1700492965000,100,129370056,1700492965085
1700492964000,1700492965000,24,274767847,1700492965102
1700492964000,1700492965000,13,222371520,1700492965126
1700492964000,1700492965000,47,280273006,1700492965136
1700492965000,1700492966000,24,285636959,1700492966050
1700492965000,1700492966000,13,324171852,1700492966074
1700492965000,1700492966000,47,210423730,1700492966090
1700492965000,1700492966000,54,228699103,1700492966113
1700492965000,1700492966000,63,665626596,1700492966139
1700492965000,1700492966000,100,223115952,1700492966139
1700492966000,1700492967000,47,246844465,1700492967040
1700492966000,1700492967000,54,142446729,1700492967053
1700492966000,1700492967000,63,573910755,1700492967089
1700492966000,1700492967000,100,121861853,1700492967089
1700492966000,1700492967000,24,357412872,1700492967106
1700492966000,1700492967000,13,224344692,1700492967130
1700492967000,1700492968000,24,562267420,1700492968058
1700492967000,1700492968000,13,217316612,1700492968080
1700492967000,1700492968000,47,335719859,1700492968088
1700492967000,1700492968000,54,146676536,1700492968107
1700492967000,1700492968000,63,1002637458,1700492968136
1700492967000,1700492968000,100,133185069,1700492968136
1700492968000,1700492969000,47,471948021,1700492969038
1700492968000,1700492969000,54,405082024,1700492969058
1700492968000,1700492969000,63,800506539,1700492969079
1700492968000,1700492969000,100,116451598,1700492969080
1700492968000,1700492969000,24,541076161,1700492969111
1700492968000,1700492969000,13,47740856,1700492969133
1700492969000,1700492970000,24,311656278,1700492970051
1700492969000,1700492970000,13,336040435,1700492970086
1700492969000,1700492970000,47,556254869,1700492970095
1700492969000,1700492970000,54,423965251,1700492970112
1700492969000,1700492970000,63,254989006,1700492970134
1700492969000,1700492970000,100,252808164,1700492970134
1700492970000,1700492971000,47,456115502,1700492971046
1700492970000,1700492971000,54,353960646,1700492971062
1700492970000,1700492971000,63,427441687,1700492971083
1700492970000,1700492971000,100,324158935,1700492971083
1700492970000,1700492971000,24,232991931,1700492971102
1700492970000,1700492971000,13,283706008,1700492971127
1700492971000,1700492972000,24,181368668,1700492972053
1700492971000,1700492972000,13,194240862,1700492972079
1700492971000,1700492972000,47,372495451,1700492972099
1700492971000,1700492972000,54,641464997,1700492972105
1700492971000,1700492972000,63,396801593,1700492972132
1700492971000,1700492972000,100,603916438,1700492972132
1700492972000,1700492973000,47,442904787,1700492973050
1700492972000,1700492973000,54,384454462,1700492973052
1700492972000,1700492973000,63,107722233,1700492973080
1700492972000,1700492973000,100,551275163,1700492973080
1700492972000,1700492973000,24,499468520,1700492973102
1700492972000,1700492973000,13,366810807,1700492973125
1700492973000,1700492974000,24,479149539,1700492974042
1700492973000,1700492974000,13,284832104,1700492974080
1700492973000,1700492974000,47,726418828,1700492974101
1700492973000,1700492974000,54,362860910,1700492974101
1700492973000,1700492974000,63,279465941,1700492974138
1700492973000,1700492974000,100,315148479,1700492974139
1700492974000,1700492975000,54,287453392,1700492975045
1700492974000,1700492975000,47,702431400,1700492975053
1700492974000,1700492975000,63,272572858,1700492975063
1700492974000,1700492975000,100,59839697,1700492975093
1700492974000,1700492975000,24,477764588,1700492975103
1700492974000,1700492975000,13,421349308,1700492975127
1700492975000,1700492976000,100,34560663,1700492976038
1700492975000,1700492976000,24,343524577,1700492976055
1700492975000,1700492976000,13,834939497,1700492976083
1700492975000,1700492976000,54,389577967,1700492976088
1700492975000,1700492976000,63,551531326,1700492976103
1700492975000,1700492976000,47,378021067,1700492976105
1700492976000,1700492977000,54,494725300,1700492977037
1700492976000,1700492977000,63,571013916,1700492977047
1700492976000,1700492977000,47,245167761,1700492977054
1700492976000,1700492977000,100,93825409,1700492977096
1700492976000,1700492977000,24,737193320,1700492977098
1700492976000,1700492977000,13,521886194,1700492977138
1700492977000,1700492978000,100,185744480,1700492978040
1700492977000,1700492978000,24,782802285,1700492978046
1700492977000,1700492978000,13,509604428,1700492978084
1700492977000,1700492978000,54,239779963,1700492978085
1700492977000,1700492978000,47,386499829,1700492978102
1700492977000,1700492978000,63,463332995,1700492978117
1700492978000,1700492979000,47,93882004,1700492979053
1700492978000,1700492979000,63,419319592,1700492979063
1700492978000,1700492979000,100,188174058,1700492979099
1700492978000,1700492979000,24,989806081,1700492979101
1700492978000,1700492979000,54,232037433,1700492979137
1700492978000,1700492979000,13,251210973,1700492979138
1700492979000,1700492980000,100,192438133,1700492980045
1700492979000,1700492980000,24,661197256,1700492980053
1700492979000,1700492980000,54,143294119,1700492980077
1700492979000,1700492980000,13,150717782,1700492980088
1700492979000,1700492980000,47,158813920,1700492980110
1700492979000,1700492980000,63,137923812,1700492980114
1700492980000,1700492981000,47,204469342,1700492981058
1700492980000,1700492981000,63,209153130,1700492981059
1700492980000,1700492981000,100,264336631,1700492981095
1700492980000,1700492981000,24,636202779,1700492981100
1700492980000,1700492981000,54,285163868,1700492981130
1700492980000,1700492981000,13,296849017,1700492981138
1700492981000,1700492982000,100,282215827,1700492982041
1700492981000,1700492982000,24,289757307,1700492982059
1700492981000,1700492982000,54,315219761,1700492982069
1700492981000,1700492982000,13,360399293,1700492982079
1700492981000,1700492982000,63,304115267,1700492982108
1700492981000,1700492982000,47,426140951,1700492982116
1700492982000,1700492983000,63,298032747,1700492983053
1700492982000,1700492983000,47,516100219,1700492983066
1700492982000,1700492983000,100,290292695,1700492983090
1700492982000,1700492983000,24,707178218,1700492983106
1700492982000,1700492983000,54,424218531,1700492983121
1700492982000,1700492983000,13,328058455,1700492983128
1700492983000,1700492984000,100,206111838,1700492984038
1700492983000,1700492984000,24,501877982,1700492984050
1700492983000,1700492984000,54,509161299,1700492984060
1700492983000,1700492984000,13,156733363,1700492984075
1700492983000,1700492984000,63,433572792,1700492984107
1700492983000,1700492984000,47,452476543,1700492984122
1700492984000,1700492985000,63,391596584,1700492985062
1700492984000,1700492985000,47,329492986,1700492985078
1700492984000,1700492985000,100,215677913,1700492985095
1700492984000,1700492985000,24,462131341,1700492985104
1700492984000,1700492985000,54,201631112,1700492985117
1700492984000,1700492985000,13,272212827,1700492985119
1700492985000,1700492986000,47,544186131,1700492986035
1700492985000,1700492986000,100,141317113,1700492986044
1700492985000,1700492986000,24,416824796,1700492986051
1700492985000,1700492986000,54,185920815,1700492986058
1700492985000,1700492986000,13,89977045,1700492986059
1700492985000,1700492986000,63,569036725,1700492986104
1700492986000,1700492987000,63,301411582,1700492987047
1700492986000,1700492987000,24,589364619,1700492987094
1700492986000,1700492987000,100,165845252,1700492987099
1700492986000,1700492987000,47,289473533,1700492987105
1700492986000,1700492987000,54,286293375,1700492987111
1700492986000,1700492987000,13,294585574,1700492987118
1700492987000,1700492988000,24,556554888,1700492988037
1700492987000,1700492988000,100,172005118,1700492988046
1700492987000,1700492988000,47,391134110,1700492988051
1700492987000,1700492988000,54,356122528,1700492988060
1700492987000,1700492988000,13,240145023,1700492988060
1700492987000,1700492988000,63,143708511,1700492988093
1700492988000,1700492989000,63,281297681,1700492989039
1700492988000,1700492989000,24,580187555,1700492989095
1700492988000,1700492989000,47,508898713,1700492989101
1700492988000,1700492989000,100,141027243,1700492989109
1700492988000,1700492989000,13,121886850,1700492989110
1700492988000,1700492989000,54,673839253,1700492989123
1700492989000,1700492990000,24,714889943,1700492990049
1700492989000,1700492990000,13,132786586,1700492990051
1700492989000,1700492990000,100,100125327,1700492990054
1700492989000,1700492990000,47,319425425,1700492990060
1700492989000,1700492990000,54,766548058,1700492990069
1700492989000,1700492990000,63,180920387,1700492990090
1700492990000,1700492991000,63,286633164,1700492991032
1700492990000,1700492991000,24,684103177,1700492991104
1700492990000,1700492991000,100,137061915,1700492991109
1700492990000,1700492991000,13,139063794,1700492991109
1700492990000,1700492991000,47,140489944,1700492991122
1700492990000,1700492991000,54,258670027,1700492991130
1700492991000,1700492992000,24,560645558,1700492992052
1700492991000,1700492992000,13,157716140,1700492992053
1700492991000,1700492992000,100,126922122,1700492992054
1700492991000,1700492992000,47,228605203,1700492992072
1700492991000,1700492992000,54,286778197,1700492992073
1700492991000,1700492992000,63,718882343,1700492992083
1700492992000,1700492993000,63,801272212,1700492993039
1700492992000,1700492993000,24,298998487,1700492993096
1700492992000,1700492993000,13,175108140,1700492993105
1700492992000,1700492993000,100,175302144,1700492993111
1700492992000,1700492993000,47,351923534,1700492993122
1700492992000,1700492993000,54,381531697,1700492993128
1700492993000,1700492994000,24,361475384,1700492994046
1700492993000,1700492994000,13,290650664,1700492994050
1700492993000,1700492994000,100,274277284,1700492994052
1700492993000,1700492994000,54,311637122,1700492994071
1700492993000,1700492994000,47,441343378,1700492994071
1700492993000,1700492994000,63,1128603770,1700492994084
1700492994000,1700492995000,24,653154960,1700492995098
1700492994000,1700492995000,100,256313147,1700492995107
1700492994000,1700492995000,13,186856676,1700492995108
1700492994000,1700492995000,54,423632161,1700492995126
1700492994000,1700492995000,47,284100841,1700492995134
1700492994000,1700492995000,63,1320041711,1700492995141
1700492995000,1700492996000,24,485464545,1700492996044
1700492995000,1700492996000,100,177337388,1700492996056
1700492995000,1700492996000,13,242164296,1700492996057
1700492995000,1700492996000,54,400033985,1700492996063
1700492995000,1700492996000,47,235515994,1700492996071
1700492995000,1700492996000,63,1258276528,1700492996077
1700492996000,1700492997000,24,783139305,1700492997093
1700492996000,1700492997000,13,208133306,1700492997116
1700492996000,1700492997000,54,527458813,1700492997117
1700492996000,1700492997000,100,111791834,1700492997119
1700492996000,1700492997000,63,1095738559,1700492997127
1700492996000,1700492997000,47,362065755,1700492997130
1700492997000,1700492998000,24,611754976,1700492998041
1700492997000,1700492998000,100,191517358,1700492998057
1700492997000,1700492998000,54,354969800,1700492998057
1700492997000,1700492998000,13,218018658,1700492998063
1700492997000,1700492998000,63,596692632,1700492998064
1700492997000,1700492998000,47,548150429,1700492998070
1700492998000,1700492999000,24,482850200,1700492999095
1700492998000,1700492999000,54,371454313,1700492999106
1700492998000,1700492999000,13,215755429,1700492999113
1700492998000,1700492999000,100,194626039,1700492999115
1700492998000,1700492999000,63,752174125,1700492999123
1700492998000,1700492999000,47,658829111,1700492999124
1700492999000,1700493000000,24,275541305,1700493000044
1700492999000,1700493000000,54,483066818,1700493000056
1700492999000,1700493000000,13,93772364,1700493000061
1700492999000,1700493000000,100,202928223,1700493000062
1700492999000,1700493000000,63,652419358,1700493000063
1700492999000,1700493000000,47,590490947,1700493000070
1700493000000,1700493001000,24,314800952,1700493001099
1700493000000,1700493001000,54,698708090,1700493001102
1700493000000,1700493001000,100,250857718,1700493001110
1700493000000,1700493001000,63,525749098,1700493001112
1700493000000,1700493001000,13,372888427,1700493001113
1700493000000,1700493001000,47,990233593,1700493001130
1700493001000,1700493002000,24,237980510,1700493002045
1700493001000,1700493002000,54,438186239,1700493002053
1700493001000,1700493002000,100,186844995,1700493002054
1700493001000,1700493002000,63,534303659,1700493002056
1700493001000,1700493002000,13,253432964,1700493002058
1700493001000,1700493002000,47,1118478128,1700493002076
1700493002000,1700493003000,24,791281866,1700493003098
1700493002000,1700493003000,54,744458739,1700493003101
1700493002000,1700493003000,63,631108931,1700493003108
1700493002000,1700493003000,100,202897643,1700493003108
1700493002000,1700493003000,13,272017985,1700493003111
1700493002000,1700493003000,47,1364971534,1700493003130
1700493003000,1700493004000,24,403148606,1700493004039
1700493003000,1700493004000,54,427838252,1700493004053
1700493003000,1700493004000,63,518314834,1700493004058
1700493003000,1700493004000,100,362765781,1700493004059
1700493003000,1700493004000,13,343567685,1700493004061
1700493003000,1700493004000,47,1304146758,1700493004078
1700493004000,1700493005000,24,372886112,1700493005096
1700493004000,1700493005000,13,129489659,1700493005107
1700493004000,1700493005000,54,325195829,1700493005114
1700493004000,1700493005000,63,865143806,1700493005121
1700493004000,1700493005000,100,319054928,1700493005122
1700493004000,1700493005000,47,1443004726,1700493005138
1700493005000,1700493006000,24,607851787,1700493006039
1700493005000,1700493006000,13,203984841,1700493006059
1700493005000,1700493006000,54,306349418,1700493006064
1700493005000,1700493006000,63,655931568,1700493006065
1700493005000,1700493006000,100,170037443,1700493006066
1700493005000,1700493006000,47,848099003,1700493006088
1700493006000,1700493007000,47,370288298,1700493007040
1700493006000,1700493007000,63,1062138053,1700493007086
1700493006000,1700493007000,24,717289694,1700493007093
1700493006000,1700493007000,54,343905152,1700493007114
1700493006000,1700493007000,13,128967235,1700493007118
1700493006000,1700493007000,100,274513709,1700493007122
1700493007000,1700493008000,24,594364342,1700493008038
1700493007000,1700493008000,54,501723415,1700493008061
1700493007000,1700493008000,13,93977174,1700493008061
1700493007000,1700493008000,100,248265470,1700493008068
1700493007000,1700493008000,47,532281139,1700493008093
1700493007000,1700493008000,63,834871934,1700493008135
1700493008000,1700493009000,47,479194821,1700493009046
1700493008000,1700493009000,63,675035279,1700493009075
1700493008000,1700493009000,24,809234325,1700493009093
1700493008000,1700493009000,54,684777810,1700493009107
1700493008000,1700493009000,13,213234382,1700493009112
1700493008000,1700493009000,100,297856016,1700493009113
1700493009000,1700493010000,24,676662273,1700493010051
1700493009000,1700493010000,13,89242359,1700493010057
1700493009000,1700493010000,100,273393567,1700493010065
1700493009000,1700493010000,54,486272904,1700493010065
1700493009000,1700493010000,47,1089266901,1700493010095
1700493009000,1700493010000,63,454911464,1700493010134
1700493010000,1700493011000,47,1256890276,1700493011054
1700493010000,1700493011000,63,127863325,1700493011078
1700493010000,1700493011000,13,249644602,1700493011106
1700493010000,1700493011000,24,590014060,1700493011107
1700493010000,1700493011000,54,482452288,1700493011112
1700493010000,1700493011000,100,398343132,1700493011114
1700493011000,1700493012000,24,569357199,1700493012052
1700493011000,1700493012000,13,285144977,1700493012056
1700493011000,1700493012000,54,433698320,1700493012058
1700493011000,1700493012000,100,349953085,1700493012060
1700493011000,1700493012000,47,801830245,1700493012107
1700493011000,1700493012000,63,259830149,1700493012132
1700493012000,1700493013000,47,657595676,1700493013063
1700493012000,1700493013000,63,355894890,1700493013074
1700493012000,1700493013000,13,301359133,1700493013102
1700493012000,1700493013000,24,522542506,1700493013106
1700493012000,1700493013000,54,606614100,1700493013117
1700493012000,1700493013000,100,268827602,1700493013121
1700493013000,1700493014000,24,703197979,1700493014045
1700493013000,1700493014000,13,140903089,1700493014050
1700493013000,1700493014000,54,430337934,1700493014064
1700493013000,1700493014000,100,120921409,1700493014073
1700493013000,1700493014000,47,725019641,1700493014115
1700493013000,1700493014000,63,260559852,1700493014126
1700493014000,1700493015000,47,504948105,1700493015065
1700493014000,1700493015000,63,261085291,1700493015069
1700493014000,1700493015000,24,625645174,1700493015101
1700493014000,1700493015000,13,243719619,1700493015102
1700493014000,1700493015000,54,591327852,1700493015106
1700493014000,1700493015000,100,166878853,1700493015134
1700493015000,1700493016000,54,342038690,1700493016047
1700493015000,1700493016000,13,268108534,1700493016050
1700493015000,1700493016000,24,971522401,1700493016051
1700493015000,1700493016000,100,189397857,1700493016082
1700493015000,1700493016000,47,450882574,1700493016110
1700493015000,1700493016000,63,219388590,1700493016127
1700493016000,1700493017000,47,507279498,1700493017066
1700493016000,1700493017000,63,160203218,1700493017070
1700493016000,1700493017000,54,357297337,1700493017093
1700493016000,1700493017000,13,101693173,1700493017101
1700493016000,1700493017000,24,858624732,1700493017104
1700493016000,1700493017000,100,232908247,1700493017140
1700493017000,1700493018000,54,387297509,1700493018037
1700493017000,1700493018000,24,506479838,1700493018042
1700493017000,1700493018000,13,235865503,1700493018048
1700493017000,1700493018000,100,238706267,1700493018086
1700493017000,1700493018000,47,572786048,1700493018109
1700493017000,1700493018000,63,242937686,1700493018118
1700493018000,1700493019000,100,265962221,1700493019041
1700493018000,1700493019000,47,421112417,1700493019061
1700493018000,1700493019000,63,265777947,1700493019066
1700493018000,1700493019000,54,268859100,1700493019084
1700493018000,1700493019000,24,653020896,1700493019098
1700493018000,1700493019000,13,155473779,1700493019101
1700493019000,1700493020000,24,658510572,1700493020035
1700493019000,1700493020000,54,294344664,1700493020037
1700493019000,1700493020000,13,141874070,1700493020039
1700493019000,1700493020000,100,260113561,1700493020094
1700493019000,1700493020000,63,314626426,1700493020112
1700493019000,1700493020000,47,312808592,1700493020114
1700493020000,1700493021000,100,166322811,1700493021045
1700493020000,1700493021000,63,246355785,1700493021057
1700493020000,1700493021000,47,268964101,1700493021060
1700493020000,1700493021000,24,628220987,1700493021086
1700493020000,1700493021000,54,523567554,1700493021089
1700493020000,1700493021000,13,229777492,1700493021096
1700493021000,1700493022000,13,106177980,1700493022037
1700493021000,1700493022000,54,530072155,1700493022038
1700493021000,1700493022000,100,285826024,1700493022091
1700493021000,1700493022000,63,137335673,1700493022108
1700493021000,1700493022000,47,233053563,1700493022118
1700493021000,1700493022000,24,506758914,1700493022134
1700493022000,1700493023000,100,389691255,1700493023044
1700493022000,1700493023000,63,241360248,1700493023062
1700493022000,1700493023000,47,209226450,1700493023074
1700493022000,1700493023000,54,399593592,1700493023081
1700493022000,1700493023000,24,536843318,1700493023087
1700493022000,1700493023000,13,181090786,1700493023088
1700493023000,1700493024000,100,389601911,1700493024098
1700493023000,1700493024000,63,327510168,1700493024104
1700493023000,1700493024000,47,290118827,1700493024126
1700493023000,1700493024000,54,268035569,1700493024130
1700493023000,1700493024000,24,674680911,1700493024137
1700493023000,1700493024000,13,332455750,1700493024139
1700493024000,1700493025000,100,292091763,1700493025045
1700493024000,1700493025000,63,319585565,1700493025057
1700493024000,1700493025000,47,127318174,1700493025083
1700493024000,1700493025000,54,205788591,1700493025083
1700493024000,1700493025000,24,686860199,1700493025089
1700493024000,1700493025000,13,234572809,1700493025090
1700493025000,1700493026000,13,434625239,1700493026037
1700493025000,1700493026000,24,626451056,1700493026038
1700493025000,1700493026000,100,246140801,1700493026091
1700493025000,1700493026000,63,383858406,1700493026106
1700493025000,1700493026000,47,185447926,1700493026131
1700493025000,1700493026000,54,213155910,1700493026134
1700493026000,1700493027000,100,127602529,1700493027041
1700493026000,1700493027000,63,307498743,1700493027053
1700493026000,1700493027000,47,264175297,1700493027083
1700493026000,1700493027000,24,502153335,1700493027083
1700493026000,1700493027000,54,159970388,1700493027084
1700493026000,1700493027000,13,238092530,1700493027092
1700493027000,1700493028000,24,618588609,1700493028038
1700493027000,1700493028000,13,204945082,1700493028045
1700493027000,1700493028000,100,290143219,1700493028089
1700493027000,1700493028000,63,373814132,1700493028099
1700493027000,1700493028000,54,145337359,1700493028133
1700493027000,1700493028000,47,637215711,1700493028142
1700493028000,1700493029000,63,406204547,1700493029046
1700493028000,1700493029000,100,239125755,1700493029047
1700493028000,1700493029000,54,288008497,1700493029078
1700493028000,1700493029000,24,744518052,1700493029085
1700493028000,1700493029000,47,545447832,1700493029087
1700493028000,1700493029000,13,205990301,1700493029093
1700493029000,1700493030000,13,88141937,1700493030042
1700493029000,1700493030000,63,539130866,1700493030102
1700493029000,1700493030000,100,309687483,1700493030102
1700493029000,1700493030000,54,350877694,1700493030119
1700493029000,1700493030000,24,330510115,1700493030131
1700493029000,1700493030000,47,620328581,1700493030135
1700493030000,1700493031000,63,462631972,1700493031049
1700493030000,1700493031000,100,206782359,1700493031049
1700493030000,1700493031000,54,360319987,1700493031064
1700493030000,1700493031000,24,186750256,1700493031087
1700493030000,1700493031000,47,118976510,1700493031090
1700493030000,1700493031000,13,241683027,1700493031095
1700493031000,1700493032000,13,293172581,1700493032040
1700493031000,1700493032000,63,146845350,1700493032095
1700493031000,1700493032000,100,232601112,1700493032095
1700493031000,1700493032000,54,499553002,1700493032110
1700493031000,1700493032000,24,351412416,1700493032136
1700493031000,1700493032000,47,355836453,1700493032139
1700493032000,1700493033000,100,207963160,1700493033047
1700493032000,1700493033000,54,339614600,1700493033058
1700493032000,1700493033000,24,387192126,1700493033085
1700493032000,1700493033000,47,81734987,1700493033086
1700493032000,1700493033000,13,322073067,1700493033098
1700493032000,1700493033000,63,443529636,1700493033153
1700493033000,1700493034000,24,305475624,1700493034035
1700493033000,1700493034000,47,236168867,1700493034035
1700493033000,1700493034000,13,239014994,1700493034048
1700493033000,1700493034000,63,373949138,1700493034099
1700493033000,1700493034000,100,291276519,1700493034099
1700493033000,1700493034000,54,292330270,1700493034105
1700493034000,1700493035000,54,315022534,1700493035051
1700493034000,1700493035000,100,287975389,1700493035052
1700493034000,1700493035000,24,219663860,1700493035087
1700493034000,1700493035000,47,335949332,1700493035089
1700493034000,1700493035000,13,187132039,1700493035097
1700493034000,1700493035000,63,535574880,1700493035153
1700493035000,1700493036000,13,252158463,1700493036046
1700493035000,1700493036000,54,516500310,1700493036095
1700493035000,1700493036000,63,259312799,1700493036096
1700493035000,1700493036000,100,295247083,1700493036096
1700493035000,1700493036000,24,353757270,1700493036131
1700493035000,1700493036000,47,349418823,1700493036135
1700493036000,1700493037000,63,469364409,1700493037045
1700493036000,1700493037000,54,615841780,1700493037045
1700493036000,1700493037000,100,248511751,1700493037045
1700493036000,1700493037000,24,285196725,1700493037077
1700493036000,1700493037000,47,345101916,1700493037087
1700493036000,1700493037000,13,140315115,1700493037095
1700493037000,1700493038000,13,170262349,1700493038045
1700493037000,1700493038000,54,1152575133,1700493038087
1700493037000,1700493038000,63,477060739,1700493038092
1700493037000,1700493038000,100,200117309,1700493038092
1700493037000,1700493038000,24,255426602,1700493038128
1700493037000,1700493038000,47,408142670,1700493038133
1700493038000,1700493039000,54,860993855,1700493039037
1700493038000,1700493039000,100,139100692,1700493039040
1700493038000,1700493039000,47,267812606,1700493039081
1700493038000,1700493039000,24,368909514,1700493039085
1700493038000,1700493039000,13,222162541,1700493039097
1700493038000,1700493039000,63,724241269,1700493039145
1700493039000,1700493040000,13,76777674,1700493040045
1700493039000,1700493040000,54,849647976,1700493040077
1700493039000,1700493040000,63,817766352,1700493040092
1700493039000,1700493040000,100,98419532,1700493040093
1700493039000,1700493040000,47,335080607,1700493040136
1700493039000,1700493040000,24,492248304,1700493040138
1700493040000,1700493041000,63,466983951,1700493041045
1700493040000,1700493041000,100,66656902,1700493041045
1700493040000,1700493041000,24,468336631,1700493041089
1700493040000,1700493041000,47,276906974,1700493041090
1700493040000,1700493041000,13,234896584,1700493041101
1700493040000,1700493041000,54,523381143,1700493041133
1700493041000,1700493042000,24,681382090,1700493042039
1700493041000,1700493042000,13,53167745,1700493042047
1700493041000,1700493042000,54,416211699,1700493042078
1700493041000,1700493042000,63,392729374,1700493042084
1700493041000,1700493042000,100,68199535,1700493042085
1700493041000,1700493042000,47,368789646,1700493042138
1700493042000,1700493043000,100,93179668,1700493043035
1700493042000,1700493043000,24,651111948,1700493043093
1700493042000,1700493043000,47,357070054,1700493043095
1700493042000,1700493043000,13,165135644,1700493043105
1700493042000,1700493043000,54,530435648,1700493043124
1700493042000,1700493043000,63,615589279,1700493043138
1700493043000,1700493044000,24,509366567,1700493044042
1700493043000,1700493044000,47,341218911,1700493044043
1700493043000,1700493044000,13,44441932,1700493044051
1700493043000,1700493044000,54,434394993,1700493044073
1700493043000,1700493044000,63,810969974,1700493044085
1700493043000,1700493044000,100,160685292,1700493044086
1700493044000,1700493045000,100,156083908,1700493045037
1700493044000,1700493045000,24,738785137,1700493045097
1700493044000,1700493045000,13,175735757,1700493045100
1700493044000,1700493045000,47,336781365,1700493045104
1700493044000,1700493045000,54,333760407,1700493045129
1700493044000,1700493045000,63,832202278,1700493045140
1700493045000,1700493046000,13,283237986,1700493046049
1700493045000,1700493046000,24,659415327,1700493046049
1700493045000,1700493046000,47,337429490,1700493046055
1700493045000,1700493046000,54,343458358,1700493046081
1700493045000,1700493046000,100,126781950,1700493046083
1700493045000,1700493046000,63,772910341,1700493046087
1700493046000,1700493047000,100,235839649,1700493047034
1700493046000,1700493047000,24,634038269,1700493047097
1700493046000,1700493047000,13,249090609,1700493047098
1700493046000,1700493047000,47,602203028,1700493047115
1700493046000,1700493047000,54,346965362,1700493047135
1700493046000,1700493047000,63,665459826,1700493047135
1700493047000,1700493048000,24,294696842,1700493048043
1700493047000,1700493048000,13,375492693,1700493048047
1700493047000,1700493048000,47,313301310,1700493048060
1700493047000,1700493048000,54,386883089,1700493048084
1700493047000,1700493048000,100,226863616,1700493048084
1700493047000,1700493048000,63,514653239,1700493048085
1700493048000,1700493049000,24,119172873,1700493049098
1700493048000,1700493049000,13,379878845,1700493049101
1700493048000,1700493049000,47,730617732,1700493049115
1700493048000,1700493049000,54,452024374,1700493049129
1700493048000,1700493049000,63,843996197,1700493049137
1700493048000,1700493049000,100,188829743,1700493049137
