debs$start:INTEGER(64 bits),debs$end:INTEGER(64 bits),debs$sid:INTEGER(64 bits),debs$absolute_v:INTEGER(64 bits),timestamp
10634000,10635000,54,1700224755880,1700224756174
10634000,10635000,63,1700224755934,1700224756174
10634000,10635000,13,1700224755908,1700224756182
10634000,10635000,100,1700224755940,1700224756182
10634000,10635000,24,1700224755895,1700224756189
10634000,10635000,47,1700224755948,1700224756189
10635000,10636000,54,1700224755880,1700224757207
10635000,10636000,63,1700224756141,1700224757207
10635000,10636000,13,1700224756116,1700224757286
10635000,10636000,100,1700224756147,1700224757286
10635000,10636000,24,1700224756104,1700224757325
10635000,10636000,47,1700224756156,1700224757325
10636000,10637000,54,1700224756820,1700224758237
10636000,10637000,63,1700224757174,1700224758237
10636000,10637000,24,1700224757248,1700224758356
10636000,10637000,47,1700224757291,1700224758356
10636000,10637000,13,1700224757254,1700224758424
10636000,10637000,100,1700224757180,1700224758424
10637000,10638000,54,1700224757958,1700224759269
10637000,10638000,63,1700224758207,1700224759269
10637000,10638000,24,1700224758289,1700224759494
10637000,10638000,47,1700224758324,1700224759494
10637000,10638000,13,1700224758392,1700224759566
10637000,10638000,100,1700224758111,1700224759566
10638000,10639000,54,1700224758994,1700224760302
10638000,10639000,63,1700224759240,1700224760302
10638000,10639000,24,1700224759224,1700224760530
10638000,10639000,47,1700224759460,1700224760530
10638000,10639000,13,1700224759533,1700224760607
10638000,10639000,100,1700224759143,1700224760607
10639000,10640000,54,1700224760031,1700224761439
10639000,10640000,63,1700224760273,1700224761439
10639000,10640000,24,1700224760370,1700224761565
10639000,10640000,47,1700224760496,1700224761565
10639000,10640000,13,1700224760575,1700224761752
10639000,10640000,100,1700224760178,1700224761752
10640000,10641000,54,1700224761171,1700224762473
10640000,10641000,63,1700224761409,1700224762473
10640000,10641000,24,1700224761516,1700224762704
10640000,10641000,47,1700224761532,1700224762704
10640000,10641000,13,1700224761718,1700224762897
10640000,10641000,100,1700224761213,1700224762897
10641000,10642000,54,1700224762208,1700224763508
10641000,10642000,63,1700224762442,1700224763508
10641000,10642000,24,1700224762661,1700224763762
10641000,10642000,47,1700224762670,1700224763762
10641000,10642000,13,1700224762864,1700224764040
10641000,10642000,100,1700224762145,1700224764040
10642000,10643000,54,1700224763249,1700224764545
10642000,10643000,63,1700224763476,1700224764545
10642000,10643000,24,1700224763702,1700224764878
10642000,10643000,47,1700224763706,1700224764878
10642000,10643000,13,1700224764007,1700224765181
10642000,10643000,100,1700224763180,1700224765181
10643000,10644000,54,1700224764392,1700224765691
10643000,10644000,63,1700224764515,1700224765691
10643000,10644000,24,1700224764847,1700224766022
10643000,10644000,47,1700224764843,1700224766022
10643000,10644000,13,1700224765150,1700224766325
10643000,10644000,100,1700224764213,1700224766325
10644000,10645000,54,1700224765430,1700224766733
10644000,10645000,63,1700224765660,1700224766733
10644000,10645000,24,1700224765990,1700224767167
10644000,10645000,47,1700224765879,1700224767167
10644000,10645000,13,1700224766294,1700224767470
10644000,10645000,100,1700224765246,1700224767470
10645000,10646000,54,1700224766470,1700224767774
10645000,10646000,63,1700224766702,1700224767774
10645000,10646000,24,1700224767133,1700224768310
10645000,10646000,47,1700224767018,1700224768310
10645000,10646000,13,1700224767437,1700224768613
10645000,10646000,100,1700224766177,1700224768613
10646000,10647000,54,1700224767612,1700224768815
10646000,10647000,63,1700224767744,1700224768815
10646000,10647000,24,1700224768277,1700224769345
10646000,10647000,47,1700224768057,1700224769345
10646000,10647000,13,1700224768580,1700224769758
10646000,10647000,100,1700224767212,1700224769758
10647000,10648000,54,1700224768651,1700224769854
10647000,10648000,63,1700224768785,1700224769854
10647000,10648000,24,1700224769313,1700224770488
10647000,10648000,47,1700224769096,1700224770488
10647000,10648000,13,1700224769724,1700224770902
10647000,10648000,100,1700224768247,1700224770902
10648000,10649000,54,1700224769689,1700224770994
10648000,10649000,63,1700224769825,1700224770994
10648000,10649000,24,1700224770455,1700224771628
10648000,10649000,47,1700224770238,1700224771628
10649000,10650000,54,1700224770831,1700224772033
10649000,10650000,63,1700224770964,1700224772033
10648000,10649000,13,1700224770868,1700224772044
10648000,10649000,100,1700224769283,1700224772044
10649000,10650000,24,1700224771597,1700224772770
10649000,10650000,47,1700224771279,1700224772770
10650000,10651000,54,1700224771872,1700224773073
10650000,10651000,63,1700224772002,1700224773073
10649000,10650000,13,1700224772011,1700224773189
10649000,10650000,100,1700224770216,1700224773189
10650000,10651000,24,1700224772736,1700224773811
10650000,10651000,47,1700224772423,1700224773811
10651000,10652000,54,1700224773014,1700224774116
10651000,10652000,63,1700224773043,1700224774116
10650000,10651000,13,1700224773155,1700224774332
10650000,10651000,100,1700224771251,1700224774332
10651000,10652000,24,1700224773777,1700224774749
10651000,10652000,47,1700224773461,1700224774749
10652000,10653000,54,1700224774054,1700224775259
10652000,10653000,63,1700224774084,1700224775259
10651000,10652000,13,1700224774298,1700224775477
10651000,10652000,100,1700224772287,1700224775477
10652000,10653000,24,1700224774713,1700224775787
10652000,10653000,47,1700224774605,1700224775787
10653000,10654000,54,1700224775094,1700224776298
10653000,10654000,63,1700224775228,1700224776298
10652000,10653000,13,1700224775443,1700224776622
10652000,10653000,100,1700224773323,1700224776622
10653000,10654000,24,1700224775754,1700224776931
10653000,10654000,47,1700224775644,1700224776931
10654000,10655000,54,1700224776238,1700224777339
10654000,10655000,63,1700224776268,1700224777339
10653000,10654000,13,1700224776588,1700224777765
10653000,10654000,100,1700224774257,1700224777765
10654000,10655000,24,1700224776897,1700224778076
10654000,10655000,47,1700224776790,1700224778076
10655000,10656000,54,1700224777277,1700224778382
10655000,10656000,63,1700224777309,1700224778382
10654000,10655000,13,1700224777731,1700224778803
10654000,10655000,100,1700224775296,1700224778803
10655000,10656000,24,1700224778042,1700224779220
10655000,10656000,47,1700224777832,1700224779220
10656000,10657000,54,1700224778317,1700224779491
10656000,10657000,63,1700224778350,1700224779491
10655000,10656000,13,1700224778771,1700224779949
10655000,10656000,100,1700224776335,1700224779949
10656000,10657000,24,1700224779188,1700224780260
10656000,10657000,47,1700224778873,1700224780260
10657000,10658000,54,1700224779460,1700224780568
10657000,10658000,63,1700224779392,1700224780568
10656000,10657000,13,1700224779915,1700224781094
10656000,10657000,100,1700224777372,1700224781094
10657000,10658000,24,1700224780229,1700224781405
10657000,10658000,47,1700224780015,1700224781405
10658000,10659000,54,1700224780499,1700224781611
10658000,10659000,63,1700224780537,1700224781611
10658000,10659000,24,1700224781372,1700224782229
10658000,10659000,47,1700224781056,1700224782229
10657000,10658000,13,1700224781060,1700224782240
10657000,10658000,100,1700224778309,1700224782240
10659000,10660000,54,1700224781540,1700224782651
10659000,10660000,63,1700224781579,1700224782651
10659000,10660000,24,1700224782099,1700224783295
10659000,10660000,47,1700224782197,1700224783295
10658000,10659000,13,1700224782206,1700224783383
10658000,10659000,100,1700224779347,1700224783383
10660000,10661000,54,1700224781851,1700224783692
10660000,10661000,63,1700224782621,1700224783692
10660000,10661000,24,1700224783242,1700224784413
10660000,10661000,47,1700224783238,1700224784413
10659000,10660000,13,1700224783350,1700224784528
10659000,10660000,100,1700224780384,1700224784528
10661000,10662000,54,1700224782890,1700224784838
10661000,10662000,63,1700224783662,1700224784838
10661000,10662000,24,1700224784283,1700224785459
10661000,10662000,47,1700224784380,1700224785459
10660000,10661000,13,1700224784496,1700224785673
10660000,10661000,100,1700224781419,1700224785673
10662000,10663000,54,1700224783932,1700224785882
10662000,10663000,63,1700224784808,1700224785882
10662000,10663000,24,1700224785425,1700224786593
10662000,10663000,47,1700224785420,1700224786593
10661000,10662000,13,1700224785642,1700224786822
10661000,10662000,100,1700224782350,1700224786822
10663000,10664000,54,1700224785076,1700224786922
10663000,10664000,63,1700224785849,1700224786922
10663000,10664000,24,1700224786255,1700224787636
10663000,10664000,47,1700224786562,1700224787636
10664000,10665000,54,1700224786117,1700224787964
10664000,10665000,63,1700224786892,1700224787964
10662000,10663000,13,1700224786788,1700224787965
10662000,10663000,100,1700224783385,1700224787965
10664000,10665000,24,1700224787395,1700224788674
10664000,10665000,47,1700224787602,1700224788674
10665000,10666000,54,1700224787156,1700224789004
10665000,10666000,63,1700224787934,1700224789004
10663000,10664000,13,1700224787933,1700224789112
10663000,10664000,100,1700224784420,1700224789112
10665000,10666000,24,1700224788537,1700224789817
10665000,10666000,47,1700224788642,1700224789817
10666000,10667000,54,1700224788300,1700224790147
10666000,10667000,63,1700224788974,1700224790147
10664000,10665000,13,1700224789078,1700224790258
10664000,10665000,100,1700224785459,1700224790258
10666000,10667000,24,1700224789681,1700224790856
10666000,10667000,47,1700224789784,1700224790856
10667000,10668000,54,1700224789338,1700224791186
10667000,10668000,63,1700224790116,1700224791186
10665000,10666000,13,1700224790224,1700224791402
10665000,10666000,100,1700224786395,1700224791402
10667000,10668000,24,1700224790821,1700224791999
10667000,10668000,47,1700224790824,1700224791999
10668000,10669000,54,1700224790482,1700224792227
10668000,10669000,63,1700224791156,1700224792227
10666000,10667000,13,1700224791368,1700224792542
10666000,10667000,100,1700224787433,1700224792542
10668000,10669000,24,1700224791757,1700224793037
10668000,10669000,47,1700224791967,1700224793037
10669000,10670000,54,1700224791520,1700224793268
10669000,10670000,63,1700224792197,1700224793268
10667000,10668000,13,1700224792512,1700224793686
10667000,10668000,100,1700224788472,1700224793686
10669000,10670000,24,1700224792798,1700224794181
10669000,10670000,47,1700224793006,1700224794181
10670000,10671000,54,1700224792456,1700224794412
10670000,10671000,63,1700224793237,1700224794412
10668000,10669000,13,1700224793655,1700224794834
10668000,10669000,100,1700224789509,1700224794834
10670000,10671000,24,1700224793941,1700224795220
10670000,10671000,47,1700224794148,1700224795220
10671000,10672000,54,1700224793496,1700224795451
10671000,10672000,63,1700224794381,1700224795451
10669000,10670000,13,1700224794800,1700224795977
10669000,10670000,100,1700224790444,1700224795977
10671000,10672000,24,1700224795085,1700224796286
10671000,10672000,47,1700224795188,1700224796286
10672000,10673000,54,1700224794640,1700224796490
10672000,10673000,63,1700224795421,1700224796490
10670000,10671000,13,1700224795943,1700224797121
10670000,10671000,100,1700224791481,1700224797121
10672000,10673000,24,1700224796231,1700224797429
10672000,10673000,47,1700224796228,1700224797429
10673000,10674000,54,1700224795680,1700224797530
10673000,10674000,63,1700224796460,1700224797530
10671000,10672000,13,1700224797087,1700224798162
10671000,10672000,100,1700224792518,1700224798162
10673000,10674000,24,1700224797376,1700224798472
10673000,10674000,47,1700224797372,1700224798472
10674000,10675000,54,1700224796722,1700224798673
10674000,10675000,63,1700224797500,1700224798673
10672000,10673000,13,1700224798128,1700224799306
10672000,10673000,100,1700224793554,1700224799306
10674000,10675000,24,1700224798418,1700224799596
10674000,10675000,47,1700224798412,1700224799596
10675000,10676000,54,1700224797865,1700224799709
10675000,10676000,63,1700224798642,1700224799709
10673000,10674000,13,1700224799272,1700224800449
10673000,10674000,100,1700224794491,1700224800449
10675000,10676000,24,1700224799562,1700224800741
10675000,10676000,47,1700224799556,1700224800741
10676000,10677000,54,1700224798904,1700224800747
10676000,10677000,63,1700224799678,1700224800747
10674000,10675000,13,1700224800417,1700224801595
10674000,10675000,100,1700224795530,1700224801595
10677000,10678000,54,1700224799944,1700224801787
10677000,10678000,63,1700224800717,1700224801787
10676000,10677000,24,1700224800708,1700224801888
10676000,10677000,47,1700224800596,1700224801888
10675000,10676000,13,1700224801562,1700224802742
10675000,10676000,100,1700224796570,1700224802742
10678000,10679000,54,1700224801087,1700224802827
10678000,10679000,63,1700224801756,1700224802827
10677000,10678000,24,1700224801854,1700224802837
10677000,10678000,47,1700224801740,1700224802837
10676000,10677000,13,1700224802708,1700224803887
10676000,10677000,100,1700224797608,1700224803887
10678000,10679000,24,1700224802791,1700224803957
10678000,10679000,47,1700224802781,1700224803957
10679000,10680000,54,1700224802023,1700224803970
10679000,10680000,63,1700224802797,1700224803970
10680000,10681000,54,1700224803063,1700224805010
10680000,10681000,63,1700224803940,1700224805010
10679000,10680000,24,1700224803833,1700224805011
10679000,10680000,47,1700224803923,1700224805011
10677000,10678000,13,1700224803853,1700224805033
10677000,10678000,100,1700224798545,1700224805033
10680000,10681000,24,1700224804977,1700224806154
10680000,10681000,47,1700224804964,1700224806154
10678000,10679000,13,1700224804999,1700224806178
10678000,10679000,100,1700224799585,1700224806178
10681000,10682000,24,1700224806120,1700224807300
10681000,10682000,47,1700224806004,1700224807300
10679000,10680000,13,1700224806145,1700224807321
10679000,10680000,100,1700224800624,1700224807321
10682000,10683000,24,1700224807265,1700224808445
10682000,10683000,47,1700224807147,1700224808445
10680000,10681000,13,1700224807288,1700224808466
10680000,10681000,100,1700224801664,1700224808466
10683000,10684000,24,1700224808410,1700224809488
10683000,10684000,47,1700224808189,1700224809488
10681000,10682000,13,1700224808433,1700224809607
10681000,10682000,100,1700224802601,1700224809607
10684000,10685000,24,1700224809453,1700224810633
10684000,10685000,47,1700224809331,1700224810633
10682000,10683000,13,1700224809577,1700224810753
10682000,10683000,100,1700224803642,1700224810753
10685000,10686000,24,1700224810599,1700224811778
10685000,10686000,47,1700224810373,1700224811778
10683000,10684000,13,1700224810720,1700224811898
10683000,10684000,100,1700224804684,1700224811898
10686000,10687000,24,1700224811744,1700224812925
10686000,10687000,47,1700224811515,1700224812925
10684000,10685000,13,1700224811864,1700224813042
10684000,10685000,100,1700224805725,1700224813042
10687000,10688000,24,1700224812890,1700224813966
10687000,10688000,47,1700224812555,1700224813966
10685000,10686000,13,1700224813009,1700224814185
10685000,10686000,100,1700224806036,1700224814185
10688000,10689000,24,1700224813932,1700224815110
10688000,10689000,47,1700224813696,1700224815110
10686000,10687000,13,1700224814152,1700224815328
10686000,10687000,100,1700224806457,1700224815328
10689000,10690000,24,1700224815076,1700224816254
10689000,10690000,47,1700224814737,1700224816254
10687000,10688000,13,1700224815293,1700224816369
10687000,10688000,100,1700224807497,1700224816369
10690000,10691000,24,1700224816220,1700224817397
10690000,10691000,47,1700224815777,1700224817397
10688000,10689000,13,1700224816335,1700224817512
10688000,10689000,100,1700224808540,1700224817512
10691000,10692000,24,1700224817363,1700224818538
10691000,10692000,47,1700224816920,1700224818538
10689000,10690000,13,1700224817478,1700224818657
10689000,10690000,100,1700224809580,1700224818657
10692000,10693000,24,1700224818503,1700224819574
10692000,10693000,47,1700224817960,1700224819574
10690000,10691000,13,1700224818623,1700224819801
10690000,10691000,100,1700224810519,1700224819801
10693000,10694000,24,1700224819541,1700224820716
10693000,10694000,47,1700224819103,1700224820716
10691000,10692000,13,1700224819768,1700224820946
10691000,10692000,100,1700224811560,1700224820946
10694000,10695000,24,1700224820683,1700224821859
10694000,10695000,47,1700224820144,1700224821859
10692000,10693000,13,1700224820912,1700224822089
10692000,10693000,100,1700224812600,1700224822089
10695000,10696000,24,1700224821825,1700224823000
10695000,10696000,47,1700224821287,1700224823000
10693000,10694000,13,1700224822056,1700224823233
10693000,10694000,100,1700224813641,1700224823233
10696000,10697000,24,1700224822966,1700224824037
10696000,10697000,47,1700224822326,1700224824037
10694000,10695000,13,1700224823200,1700224824376
10694000,10695000,100,1700224814581,1700224824376
10697000,10698000,24,1700224824006,1700224825181
10697000,10698000,47,1700224823467,1700224825181
10695000,10696000,13,1700224824343,1700224825514
10695000,10696000,100,1700224815621,1700224825514
10698000,10699000,24,1700224825147,1700224826322
10698000,10699000,47,1700224824506,1700224826322
10696000,10697000,13,1700224825484,1700224826658
10696000,10697000,100,1700224816661,1700224826658
10699000,10700000,24,1700224826287,1700224827461
10699000,10700000,47,1700224825546,1700224827461
10697000,10698000,13,1700224826624,1700224827799
10697000,10698000,100,1700224817701,1700224827799
10700000,10701000,24,1700224827428,1700224828604
10700000,10701000,47,1700224826686,1700224828604
10698000,10699000,13,1700224827766,1700224828941
10698000,10699000,100,1700224818639,1700224828941
10701000,10702000,24,1700224828569,1700224829643
10701000,10702000,47,1700224827726,1700224829643
10699000,10700000,13,1700224828907,1700224829666
10699000,10700000,100,1700224819681,1700224829666
10700000,10701000,13,1700224829633,1700224830601
10700000,10701000,100,1700224820722,1700224830601
10702000,10703000,24,1700224829610,1700224830788
10702000,10703000,47,1700224828870,1700224830788
10701000,10702000,13,1700224830567,1700224831741
10701000,10702000,100,1700224821034,1700224831741
10703000,10704000,24,1700224830754,1700224831935
10703000,10704000,47,1700224829908,1700224831935
10702000,10703000,13,1700224831707,1700224832882
10702000,10703000,100,1700224821972,1700224832882
10704000,10705000,24,1700224831900,1700224833080
10704000,10705000,47,1700224831051,1700224833080
10703000,10704000,13,1700224832848,1700224834023
10703000,10704000,100,1700224822910,1700224834023
10705000,10706000,24,1700224833046,1700224834121
10705000,10706000,47,1700224832089,1700224834121
10704000,10705000,13,1700224833989,1700224835165
10704000,10705000,100,1700224823952,1700224835165
10706000,10707000,24,1700224834088,1700224835266
10706000,10707000,47,1700224833129,1700224835266
10705000,10706000,13,1700224835130,1700224836202
10705000,10706000,100,1700224824577,1700224836202
10707000,10708000,24,1700224835232,1700224836409
10707000,10708000,47,1700224834272,1700224836409
10706000,10707000,13,1700224836169,1700224837346
10706000,10707000,100,1700224825515,1700224837346
10708000,10709000,24,1700224836376,1700224837554
10708000,10709000,47,1700224835312,1700224837554
10707000,10708000,13,1700224837313,1700224838490
10707000,10708000,100,1700224826556,1700224838490
10709000,10710000,24,1700224837519,1700224838699
10709000,10710000,47,1700224836456,1700224838699
10708000,10709000,13,1700224838457,1700224839634
10708000,10709000,100,1700224827286,1700224839634
10710000,10711000,24,1700224838664,1700224839738
10711000,10712000,24,1700224839704,1700224839738
10710000,10711000,47,1700224837496,1700224839738
10711000,10712000,47,1700224838639,1700224839738
10709000,10710000,13,1700224839601,1700224840778
10709000,10710000,100,1700224828326,1700224840778
10712000,10713000,24,1700224839705,1700224840881
10712000,10713000,47,1700224839680,1700224840881
10710000,10711000,13,1700224840745,1700224841924
10710000,10711000,100,1700224829265,1700224841924
10713000,10714000,24,1700224840848,1700224842025
10713000,10714000,47,1700224840824,1700224842025
10711000,10712000,13,1700224841890,1700224843069
10711000,10712000,100,1700224830306,1700224843069
10714000,10715000,24,1700224841991,1700224843168
10714000,10715000,47,1700224841864,1700224843168
10712000,10713000,13,1700224843036,1700224844214
10712000,10713000,100,1700224830931,1700224844214
10715000,10716000,24,1700224843134,1700224844312
10715000,10716000,47,1700224842903,1700224844312
10716000,10717000,24,1700224844277,1700224845353
10716000,10717000,47,1700224844044,1700224845353
10713000,10714000,13,1700224844181,1700224845359
10713000,10714000,100,1700224831972,1700224845359
10717000,10718000,24,1700224845318,1700224846494
10717000,10718000,47,1700224845082,1700224846494
10714000,10715000,13,1700224845325,1700224846501
10714000,10715000,100,1700224832702,1700224846501
10718000,10719000,24,1700224846460,1700224847639
10718000,10719000,47,1700224846223,1700224847639
10715000,10716000,13,1700224846468,1700224847646
10715000,10716000,100,1700224833640,1700224847646
10719000,10720000,24,1700224847605,1700224848782
10719000,10720000,47,1700224847263,1700224848782
10716000,10717000,13,1700224847613,1700224848791
10716000,10717000,100,1700224834369,1700224848791
10720000,10721000,24,1700224848748,1700224849822
10720000,10721000,47,1700224848406,1700224849822
10717000,10718000,13,1700224848757,1700224849935
10717000,10718000,100,1700224835409,1700224849935
10721000,10722000,24,1700224849788,1700224850964
10721000,10722000,47,1700224849448,1700224850964
10718000,10719000,13,1700224849901,1700224851078
10718000,10719000,100,1700224836346,1700224851078
10722000,10723000,24,1700224850930,1700224852107
10722000,10723000,47,1700224850593,1700224852107
10719000,10720000,13,1700224851044,1700224852221
10719000,10720000,100,1700224837385,1700224852221
10723000,10724000,24,1700224852073,1700224853251
10723000,10724000,47,1700224851634,1700224853251
10720000,10721000,13,1700224852187,1700224853365
10720000,10721000,100,1700224838425,1700224853365
10724000,10725000,24,1700224853217,1700224854396
10724000,10725000,47,1700224852676,1700224854396
10721000,10722000,13,1700224853331,1700224854405
10721000,10722000,100,1700224839049,1700224854405
10725000,10726000,24,1700224854361,1700224855435
10725000,10726000,47,1700224853820,1700224855435
10722000,10723000,13,1700224854372,1700224855548
10722000,10723000,100,1700224840089,1700224855548
10726000,10727000,24,1700224855401,1700224856577
10726000,10727000,47,1700224854862,1700224856577
10723000,10724000,13,1700224855514,1700224856690
10723000,10724000,100,1700224841130,1700224856690
10727000,10728000,24,1700224856544,1700224857721
10727000,10728000,47,1700224856007,1700224857721
10724000,10725000,13,1700224856657,1700224857833
10724000,10725000,100,1700224842170,1700224857833
10728000,10729000,24,1700224857687,1700224858864
10728000,10729000,47,1700224857048,1700224858864
10725000,10726000,13,1700224857800,1700224858975
10725000,10726000,100,1700224843109,1700224858975
10729000,10730000,24,1700224858830,1700224859905
10729000,10730000,47,1700224858193,1700224859905
10726000,10727000,13,1700224858941,1700224860117
10726000,10727000,100,1700224844149,1700224860117
10730000,10731000,24,1700224859871,1700224861048
10730000,10731000,47,1700224859234,1700224861048
10727000,10728000,13,1700224860084,1700224861258
10727000,10728000,100,1700224845191,1700224861258
10731000,10732000,24,1700224861015,1700224862194
10731000,10732000,47,1700224860273,1700224862194
10728000,10729000,13,1700224861225,1700224862402
10728000,10729000,100,1700224846231,1700224862402
10732000,10733000,24,1700224862160,1700224863339
10732000,10733000,47,1700224861415,1700224863339
10729000,10730000,13,1700224862369,1700224863545
10729000,10730000,100,1700224847169,1700224863545
10733000,10734000,24,1700224863304,1700224864484
10733000,10734000,47,1700224862454,1700224864484
10730000,10731000,13,1700224863512,1700224864690
10730000,10731000,100,1700224848209,1700224864690
10734000,10735000,24,1700224864449,1700224865525
10734000,10735000,47,1700224863596,1700224865525
10731000,10732000,13,1700224864656,1700224865835
10731000,10732000,100,1700224849248,1700224865835
10735000,10736000,24,1700224865491,1700224866669
10735000,10736000,47,1700224864637,1700224866669
10732000,10733000,13,1700224865801,1700224866978
10732000,10733000,100,1700224850287,1700224866978
10736000,10737000,24,1700224866635,1700224867813
10736000,10737000,47,1700224865780,1700224867813
10733000,10734000,13,1700224866944,1700224868122
10733000,10734000,100,1700224851221,1700224868122
10737000,10738000,24,1700224867779,1700224868960
10737000,10738000,47,1700224866821,1700224868960
10734000,10735000,13,1700224868088,1700224869265
10734000,10735000,100,1700224851843,1700224869265
10738000,10739000,24,1700224868925,1700224869998
10738000,10739000,47,1700224867964,1700224869998
10735000,10736000,13,1700224869231,1700224870410
10735000,10736000,100,1700224852572,1700224870410
10739000,10740000,24,1700224869964,1700224871141
10739000,10740000,47,1700224869005,1700224871141
10736000,10737000,13,1700224870376,1700224871553
10736000,10737000,100,1700224853612,1700224871553
10740000,10741000,24,1700224871108,1700224872285
10740000,10741000,47,1700224870044,1700224872285
10737000,10738000,13,1700224871519,1700224872697
10737000,10738000,100,1700224854652,1700224872697
10741000,10742000,24,1700224872251,1700224873427
10741000,10742000,47,1700224871188,1700224873427
10738000,10739000,13,1700224872663,1700224873738
10738000,10739000,100,1700224855692,1700224873738
10742000,10743000,24,1700224873392,1700224874465
10742000,10743000,47,1700224872229,1700224874465
10739000,10740000,13,1700224873704,1700224874569
10739000,10740000,100,1700224856629,1700224874569
10740000,10741000,13,1700224874535,1700224875403
10740000,10741000,100,1700224857668,1700224875403
10743000,10744000,24,1700224874432,1700224875610
10743000,10744000,47,1700224873372,1700224875610
10741000,10742000,13,1700224875369,1700224876547
10741000,10742000,100,1700224858083,1700224876547
10744000,10745000,24,1700224875577,1700224876754
10744000,10745000,47,1700224874413,1700224876754
10742000,10743000,13,1700224876513,1700224877692
10742000,10743000,100,1700224859022,1700224877692
10745000,10746000,24,1700224876720,1700224877897
10745000,10746000,47,1700224875556,1700224877897
10743000,10744000,13,1700224877659,1700224878838
10743000,10744000,100,1700224860060,1700224878838
10746000,10747000,24,1700224877863,1700224879042
10746000,10747000,47,1700224876596,1700224879042
10744000,10745000,13,1700224878805,1700224879981
10744000,10745000,100,1700224860268,1700224879981
10747000,10748000,24,1700224879007,1700224880082
10747000,10748000,47,1700224877739,1700224880082
10745000,10746000,13,1700224879948,1700224881124
10745000,10746000,100,1700224860995,1700224881124
10748000,10749000,24,1700224880049,1700224881227
10748000,10749000,47,1700224878779,1700224881227
10746000,10747000,13,1700224881090,1700224882267
10746000,10747000,100,1700224861412,1700224882267
10749000,10750000,24,1700224881193,1700224882370
10749000,10750000,47,1700224879820,1700224882370
10747000,10748000,13,1700224882233,1700224883409
10747000,10748000,100,1700224862453,1700224883409
10750000,10751000,24,1700224882336,1700224883514
10750000,10751000,47,1700224880963,1700224883514
10748000,10749000,13,1700224883375,1700224884555
10748000,10749000,100,1700224863492,1700224884555
10751000,10752000,24,1700224883479,1700224884556
10751000,10752000,47,1700224882004,1700224884556
10749000,10750000,13,1700224884521,1700224885700
10749000,10750000,100,1700224864429,1700224885700
10752000,10753000,24,1700224884521,1700224885701
10752000,10753000,47,1700224883149,1700224885701
10753000,10754000,24,1700224885666,1700224886844
10753000,10754000,47,1700224884188,1700224886844
10750000,10751000,13,1700224885666,1700224886845
10750000,10751000,100,1700224865468,1700224886845
10754000,10755000,24,1700224886810,1700224887989
10754000,10755000,47,1700224885332,1700224887989
10751000,10752000,13,1700224886811,1700224887992
10751000,10752000,100,1700224866301,1700224887992
10755000,10756000,24,1700224887955,1700224889131
10755000,10756000,47,1700224886372,1700224889131
10752000,10753000,13,1700224887957,1700224889137
10752000,10753000,100,1700224867237,1700224889137
10753000,10754000,13,1700224889103,1700224889970
10753000,10754000,100,1700224868277,1700224889970
10756000,10757000,24,1700224889096,1700224890171
10756000,10757000,47,1700224887412,1700224890171
10757000,10758000,24,1700224890137,1700224891107
10757000,10758000,47,1700224888556,1700224891107
10754000,10755000,13,1700224889937,1700224891115
10754000,10755000,100,1700224869317,1700224891115
10758000,10759000,24,1700224891073,1700224892043
10758000,10759000,47,1700224889596,1700224892043
10755000,10756000,13,1700224891081,1700224892257
10755000,10756000,100,1700224870356,1700224892257
10759000,10760000,24,1700224892009,1700224893186
10759000,10760000,47,1700224890741,1700224893186
10756000,10757000,13,1700224892224,1700224893401
10756000,10757000,100,1700224871294,1700224893401
10760000,10761000,24,1700224893152,1700224894327
10760000,10761000,47,1700224891781,1700224894327
10757000,10758000,13,1700224893367,1700224894547
10757000,10758000,100,1700224872125,1700224894547
10761000,10762000,24,1700224894293,1700224895471
10761000,10762000,47,1700224892924,1700224895471
10758000,10759000,13,1700224894513,1700224895692
10758000,10759000,100,1700224873164,1700224895692
10762000,10763000,24,1700224895436,1700224896612
10762000,10763000,47,1700224893964,1700224896612
10759000,10760000,13,1700224895658,1700224896838
10759000,10760000,100,1700224873685,1700224896838
10763000,10764000,24,1700224896578,1700224897648
10763000,10764000,47,1700224895104,1700224897648
10760000,10761000,13,1700224896804,1700224897981
10760000,10761000,100,1700224874517,1700224897981
10764000,10765000,24,1700224897615,1700224898792
10764000,10765000,47,1700224896141,1700224898792
10761000,10762000,13,1700224897947,1700224899124
10761000,10762000,100,1700224875453,1700224899124
10765000,10766000,24,1700224898758,1700224899938
10765000,10766000,47,1700224897180,1700224899938
10762000,10763000,13,1700224899091,1700224900270
10762000,10763000,100,1700224876493,1700224900270
10766000,10767000,24,1700224899904,1700224901082
10766000,10767000,47,1700224897906,1700224901082
10763000,10764000,13,1700224900236,1700224901416
10763000,10764000,100,1700224877533,1700224901416
10767000,10768000,24,1700224901047,1700224902121
10767000,10768000,47,1700224898948,1700224902121
10764000,10765000,13,1700224901381,1700224902457
10764000,10765000,100,1700224878573,1700224902457
10768000,10769000,24,1700224902088,1700224903265
10768000,10769000,47,1700224900090,1700224903265
10765000,10766000,13,1700224902424,1700224903605
10765000,10766000,100,1700224879509,1700224903605
10766000,10767000,13,1700224903570,1700224904332
10766000,10767000,100,1700224880131,1700224904332
10769000,10770000,24,1700224903231,1700224904410
10769000,10770000,47,1700224901130,1700224904410
10767000,10768000,13,1700224904299,1700224905477
10767000,10768000,100,1700224881170,1700224905477
10770000,10771000,24,1700224904375,1700224905554
10770000,10771000,47,1700224902170,1700224905554
10768000,10769000,13,1700224905444,1700224906623
10768000,10769000,100,1700224882108,1700224906623
10771000,10772000,24,1700224905519,1700224906698
10771000,10772000,47,1700224903311,1700224906698
10772000,10773000,24,1700224906664,1700224907738
10772000,10773000,47,1700224904352,1700224907738
10769000,10770000,13,1700224906589,1700224907766
10769000,10770000,100,1700224883149,1700224907766
10773000,10774000,24,1700224907704,1700224908467
10773000,10774000,47,1700224905496,1700224908467
10770000,10771000,13,1700224907732,1700224908910
10770000,10771000,100,1700224884190,1700224908910
10774000,10775000,24,1700224908433,1700224909611
10774000,10775000,47,1700224906536,1700224909611
10771000,10772000,13,1700224908876,1700224910055
10771000,10772000,100,1700224885232,1700224910055
10775000,10776000,24,1700224909577,1700224910754
10775000,10776000,47,1700224907679,1700224910754
10772000,10773000,13,1700224910020,1700224911197
10772000,10773000,100,1700224886170,1700224911197
10776000,10777000,24,1700224910720,1700224911898
10776000,10777000,47,1700224908719,1700224911898
10773000,10774000,13,1700224911163,1700224912236
10773000,10774000,100,1700224887210,1700224912236
10777000,10778000,24,1700224911864,1700224913043
10777000,10778000,47,1700224909861,1700224913043
10774000,10775000,13,1700224912202,1700224913379
10774000,10775000,100,1700224888252,1700224913379
10778000,10779000,24,1700224913008,1700224914081
10778000,10779000,47,1700224910902,1700224914081
10775000,10776000,13,1700224913345,1700224914525
10775000,10776000,100,1700224889294,1700224914525
10779000,10780000,24,1700224914046,1700224915224
10779000,10780000,47,1700224911631,1700224915224
10776000,10777000,13,1700224914491,1700224915668
10776000,10777000,100,1700224890231,1700224915668
10780000,10781000,24,1700224915190,1700224916367
10780000,10781000,47,1700224912256,1700224916367
10777000,10778000,13,1700224915634,1700224916708
10777000,10778000,100,1700224891272,1700224916708
10781000,10782000,24,1700224916332,1700224917511
10781000,10782000,47,1700224912568,1700224917511
10778000,10779000,13,1700224916675,1700224917749
10778000,10779000,100,1700224892312,1700224917749
10779000,10780000,13,1700224917715,1700224918373
10779000,10780000,100,1700224893040,1700224918373
10782000,10783000,24,1700224917476,1700224918551
10782000,10783000,47,1700224913503,1700224918551
10780000,10781000,13,1700224918339,1700224919517
10780000,10781000,100,1700224893974,1700224919517
10783000,10784000,24,1700224918517,1700224919694
10783000,10784000,47,1700224914543,1700224919694
10784000,10785000,24,1700224919661,1700224920525
10784000,10785000,47,1700224915581,1700224920525
10781000,10782000,13,1700224919483,1700224920663
10781000,10782000,100,1700224895014,1700224920663
10785000,10786000,24,1700224920493,1700224921359
10785000,10786000,47,1700224916723,1700224921359
10782000,10783000,13,1700224920628,1700224921808
10782000,10783000,100,1700224896053,1700224921808
10786000,10787000,24,1700224921324,1700224922399
10786000,10787000,47,1700224917764,1700224922399
10783000,10784000,13,1700224921773,1700224922849
10783000,10784000,100,1700224896989,1700224922849
10787000,10788000,24,1700224922365,1700224923543
10787000,10788000,47,1700224918907,1700224923543
10784000,10785000,13,1700224922816,1700224923995
10784000,10785000,100,1700224898028,1700224923995
10788000,10789000,24,1700224923509,1700224924479
10788000,10789000,47,1700224919946,1700224924479
10785000,10786000,13,1700224923962,1700224925140
10785000,10786000,100,1700224899067,1700224925140
10789000,10790000,24,1700224924445,1700224925621
10789000,10790000,47,1700224921090,1700224925621
10786000,10787000,13,1700224925107,1700224926284
10786000,10787000,100,1700224899585,1700224926284
10790000,10791000,24,1700224925587,1700224926661
10790000,10791000,47,1700224922129,1700224926661
10787000,10788000,13,1700224926251,1700224927428
10787000,10788000,100,1700224900522,1700224927428
10791000,10792000,24,1700224926625,1700224927801
10791000,10792000,47,1700224923272,1700224927801
10788000,10789000,13,1700224927395,1700224928467
10788000,10789000,100,1700224901562,1700224928467
10792000,10793000,24,1700224927767,1700224928944
10792000,10793000,47,1700224924313,1700224928944
10789000,10790000,13,1700224928434,1700224929507
10793000,10794000,24,1700224928909,1700224930085
10793000,10794000,47,1700224925352,1700224930085
10790000,10791000,13,1700224929473,1700224930648
10790000,10791000,100,1700224902290,1700224930648
10794000,10795000,24,1700224930051,1700224931123
10794000,10795000,47,1700224926495,1700224931123
10791000,10792000,13,1700224930614,1700224931790
10791000,10792000,100,1700224902914,1700224931790
10795000,10796000,24,1700224931089,1700224932264
10795000,10796000,47,1700224927536,1700224932264
10792000,10793000,13,1700224931756,1700224932831
10792000,10793000,100,1700224903435,1700224932831
10796000,10797000,24,1700224932230,1700224933404
10796000,10797000,47,1700224928679,1700224933404
10793000,10794000,13,1700224932797,1700224933975
10793000,10794000,100,1700224904475,1700224933975
10797000,10798000,24,1700224933370,1700224934550
10797000,10798000,47,1700224929718,1700224934550
10794000,10795000,13,1700224933941,1700224935119
10794000,10795000,100,1700224905516,1700224935119
10798000,10799000,24,1700224934516,1700224935695
10798000,10799000,47,1700224930861,1700224935695
10795000,10796000,13,1700224935085,1700224936262
10795000,10796000,100,1700224906556,1700224936262
10799000,10800000,24,1700224935659,1700224936733
10799000,10800000,47,1700224931901,1700224936733
10796000,10797000,13,1700224936229,1700224937404
10800000,10801000,24,1700224936700,1700224937878
10800000,10801000,47,1700224932941,1700224937878
10797000,10798000,13,1700224937372,1700224938550
10801000,10802000,24,1700224937844,1700224939024
10801000,10802000,47,1700224934082,1700224939024
10798000,10799000,13,1700224938517,1700224939696
10798000,10799000,100,1700224907285,1700224939696
10802000,10803000,24,1700224938989,1700224940063
10802000,10803000,47,1700224935122,1700224940063
10799000,10800000,13,1700224939661,1700224940528
10799000,10800000,100,1700224907597,1700224940528
10803000,10804000,24,1700224940027,1700224941102
10803000,10804000,47,1700224936263,1700224941102
10800000,10801000,13,1700224940494,1700224941569
10800000,10801000,100,1700224908636,1700224941569
10804000,10805000,24,1700224941069,1700224941829
10804000,10805000,47,1700224937304,1700224941829
10805000,10806000,24,1700224941796,1700224942557
10805000,10806000,47,1700224938447,1700224942557
10801000,10802000,13,1700224941536,1700224942715
10801000,10802000,100,1700224909469,1700224942715
10806000,10807000,24,1700224942524,1700224943699
10806000,10807000,47,1700224939488,1700224943699
10802000,10803000,13,1700224942681,1700224943859
10802000,10803000,100,1700224909987,1700224943859
10803000,10804000,13,1700224943825,1700224944691
10803000,10804000,100,1700224910925,1700224944691
10807000,10808000,24,1700224943665,1700224944845
10807000,10808000,47,1700224940631,1700224944845
10804000,10805000,13,1700224944656,1700224945835
10804000,10805000,100,1700224911859,1700224945835
10808000,10809000,24,1700224944810,1700224945887
10808000,10809000,47,1700224941672,1700224945887
10805000,10806000,13,1700224945800,1700224946875
10805000,10806000,100,1700224912900,1700224946875
10809000,10810000,24,1700224945853,1700224947032
10809000,10810000,47,1700224942711,1700224947032
10806000,10807000,13,1700224946841,1700224948018
10806000,10807000,100,1700224913837,1700224948018
10810000,10811000,24,1700224946998,1700224948176
10810000,10811000,47,1700224943856,1700224948176
10807000,10808000,13,1700224947985,1700224949162
10807000,10808000,100,1700224914879,1700224949162
10811000,10812000,24,1700224948141,1700224949319
10811000,10812000,47,1700224944895,1700224949319
10812000,10813000,24,1700224949285,1700224950255
10812000,10813000,47,1700224946040,1700224950255
10808000,10809000,13,1700224949128,1700224950307
10808000,10809000,100,1700224915918,1700224950307
10813000,10814000,24,1700224950220,1700224951399
10813000,10814000,47,1700224947080,1700224951399
10809000,10810000,13,1700224950273,1700224951449
10809000,10810000,100,1700224916958,1700224951449
10814000,10815000,24,1700224951363,1700224952438
10814000,10815000,47,1700224948224,1700224952438
10810000,10811000,13,1700224951416,1700224952593
10810000,10811000,100,1700224917893,1700224952593
10815000,10816000,24,1700224952405,1700224953372
10815000,10816000,47,1700224949264,1700224953372
10811000,10812000,13,1700224952559,1700224953737
10811000,10812000,100,1700224918935,1700224953737
10816000,10817000,24,1700224953339,1700224954514
10816000,10817000,47,1700224950408,1700224954514
10812000,10813000,13,1700224953704,1700224954879
10812000,10813000,100,1700224919769,1700224954879
10817000,10818000,24,1700224954480,1700224955656
10817000,10818000,47,1700224951449,1700224955656
10813000,10814000,13,1700224954845,1700224956023
10813000,10814000,100,1700224920707,1700224956023
10818000,10819000,24,1700224955622,1700224956692
10818000,10819000,47,1700224952490,1700224956692
10814000,10815000,13,1700224955989,1700224957064
10814000,10815000,100,1700224921748,1700224957064
10819000,10820000,24,1700224956660,1700224957837
10819000,10820000,47,1700224953635,1700224957837
10815000,10816000,13,1700224957029,1700224958209
10815000,10816000,100,1700224922685,1700224958209
10820000,10821000,24,1700224957803,1700224958980
10820000,10821000,47,1700224954676,1700224958980
10816000,10817000,13,1700224958175,1700224959250
10816000,10817000,100,1700224923726,1700224959250
10821000,10822000,24,1700224958945,1700224960122
10821000,10822000,47,1700224955821,1700224960122
10817000,10818000,13,1700224959217,1700224960396
10817000,10818000,100,1700224924665,1700224960396
10822000,10823000,24,1700224960088,1700224961269
10822000,10823000,47,1700224956863,1700224961269
10818000,10819000,13,1700224960362,1700224961540
10818000,10819000,100,1700224925706,1700224961540
10823000,10824000,24,1700224961233,1700224962308
10823000,10824000,47,1700224958008,1700224962308
10819000,10820000,13,1700224961506,1700224962684
10819000,10820000,100,1700224926746,1700224962684
10824000,10825000,24,1700224962274,1700224963452
10824000,10825000,47,1700224959048,1700224963452
10820000,10821000,13,1700224962651,1700224963829
10820000,10821000,100,1700224927784,1700224963829
10825000,10826000,24,1700224963418,1700224964592
10825000,10826000,47,1700224960192,1700224964592
10821000,10822000,13,1700224963796,1700224964972
10821000,10822000,100,1700224928721,1700224964972
10826000,10827000,24,1700224964561,1700224965739
10826000,10827000,47,1700224961233,1700224965739
10822000,10823000,13,1700224964938,1700224965906
10822000,10823000,100,1700224929137,1700224965906
10827000,10828000,24,1700224965704,1700224966779
10827000,10828000,47,1700224962275,1700224966779
10823000,10824000,13,1700224965872,1700224966841
10823000,10824000,100,1700224930176,1700224966841
10828000,10829000,24,1700224966745,1700224967923
10828000,10829000,47,1700224963420,1700224967923
10824000,10825000,13,1700224966808,1700224967982
10824000,10825000,100,1700224931216,1700224967982
10829000,10830000,24,1700224967889,1700224969067
10829000,10830000,47,1700224964461,1700224969067
10825000,10826000,13,1700224967948,1700224969123
10825000,10826000,100,1700224932256,1700224969123
10830000,10831000,24,1700224969033,1700224970211
10830000,10831000,47,1700224965189,1700224970211
10826000,10827000,13,1700224969089,1700224970263
10826000,10827000,100,1700224933193,1700224970263
10831000,10832000,24,1700224970177,1700224971354
10831000,10832000,47,1700224965812,1700224971354
10827000,10828000,13,1700224970228,1700224971404
10827000,10828000,100,1700224934233,1700224971404
10832000,10833000,24,1700224971320,1700224972393
10832000,10833000,47,1700224966852,1700224972393
10828000,10829000,13,1700224971370,1700224972545
10828000,10829000,100,1700224935272,1700224972545
10833000,10834000,24,1700224972359,1700224973428
10833000,10834000,47,1700224967995,1700224973428
10829000,10830000,13,1700224972511,1700224973583
10829000,10830000,100,1700224936313,1700224973583
10834000,10835000,24,1700224973397,1700224974570
10834000,10835000,47,1700224969036,1700224974570
10830000,10831000,13,1700224973549,1700224974720
10830000,10831000,100,1700224937249,1700224974720
10835000,10836000,24,1700224974540,1700224975717
10835000,10836000,47,1700224970076,1700224975717
10831000,10832000,13,1700224974690,1700224975865
10831000,10832000,100,1700224938287,1700224975865
10836000,10837000,24,1700224975685,1700224976757
10836000,10837000,47,1700224971220,1700224976757
10832000,10833000,13,1700224975830,1700224977006
10832000,10833000,100,1700224939326,1700224977006
10837000,10838000,24,1700224976725,1700224977902
10837000,10838000,47,1700224971948,1700224977902
10833000,10834000,13,1700224976973,1700224978148
10833000,10834000,100,1700224940367,1700224978148
10838000,10839000,24,1700224977869,1700224979048
10838000,10839000,47,1700224972883,1700224979048
10834000,10835000,13,1700224978115,1700224979291
10834000,10835000,100,1700224941303,1700224979291
10839000,10840000,24,1700224979013,1700224980191
10839000,10840000,47,1700224974027,1700224980191
10835000,10836000,13,1700224979258,1700224980434
10835000,10836000,100,1700224942340,1700224980434
10840000,10841000,24,1700224980156,1700224981230
10840000,10841000,47,1700224975067,1700224981230
10836000,10837000,13,1700224980400,1700224981575
10836000,10837000,100,1700224943377,1700224981575
10841000,10842000,24,1700224981197,1700224982375
10841000,10842000,47,1700224976211,1700224982375
10837000,10838000,13,1700224981541,1700224982716
10837000,10838000,100,1700224944412,1700224982716
10842000,10843000,24,1700224982341,1700224983520
10842000,10843000,47,1700224976836,1700224983520
10838000,10839000,13,1700224982682,1700224983859
10838000,10839000,100,1700224945349,1700224983859
10843000,10844000,24,1700224983485,1700224984663
10843000,10844000,47,1700224977877,1700224984663
10839000,10840000,13,1700224983825,1700224985002
10839000,10840000,100,1700224946387,1700224985002
10844000,10845000,24,1700224984629,1700224985806
10844000,10845000,47,1700224979017,1700224985806
10840000,10841000,13,1700224984968,1700224986145
10840000,10841000,100,1700224947424,1700224986145
10845000,10846000,24,1700224985772,1700224986846
10845000,10846000,47,1700224980054,1700224986846
10841000,10842000,13,1700224986111,1700224987286
10841000,10842000,100,1700224948461,1700224987286
10846000,10847000,24,1700224986813,1700224987991
10846000,10847000,47,1700224981195,1700224987991
10842000,10843000,13,1700224987254,1700224988429
10842000,10843000,100,1700224949396,1700224988429
10847000,10848000,24,1700224987957,1700224989135
10847000,10848000,47,1700224982234,1700224989135
10843000,10844000,13,1700224988398,1700224989574
10843000,10844000,100,1700224950436,1700224989574
10848000,10849000,24,1700224989101,1700224990278
10848000,10849000,47,1700224983274,1700224990278
10844000,10845000,13,1700224989540,1700224990715
10844000,10845000,100,1700224951477,1700224990715
10849000,10850000,24,1700224990243,1700224991319
10849000,10850000,47,1700224984416,1700224991319
10845000,10846000,13,1700224990682,1700224991754
10845000,10846000,100,1700224952517,1700224991754
10850000,10851000,24,1700224991285,1700224992462
10850000,10851000,47,1700224985249,1700224992462
10846000,10847000,13,1700224991720,1700224992896
10846000,10847000,100,1700224953450,1700224992896
10851000,10852000,24,1700224992428,1700224993606
10851000,10852000,47,1700224986392,1700224993606
10847000,10848000,13,1700224992863,1700224994037
10847000,10848000,100,1700224954489,1700224994037
10852000,10853000,24,1700224993573,1700224994750
10852000,10853000,47,1700224987432,1700224994750
10848000,10849000,13,1700224994004,1700224995177
10848000,10849000,100,1700224955528,1700224995177
10853000,10854000,24,1700224994716,1700224995895
10853000,10854000,47,1700224988575,1700224995895
10849000,10850000,13,1700224995144,1700224996320
10849000,10850000,100,1700224956152,1700224996320
10854000,10855000,24,1700224995860,1700224996935
10854000,10855000,47,1700224989617,1700224996935
10850000,10851000,13,1700224996287,1700224997460
10850000,10851000,100,1700224957089,1700224997460
10855000,10856000,24,1700224996901,1700224998080
10855000,10856000,47,1700224990656,1700224998080
10851000,10852000,13,1700224997427,1700224998602
10851000,10852000,100,1700224958129,1700224998602
10856000,10857000,24,1700224998046,1700224999224
10856000,10857000,47,1700224991797,1700224999224
10852000,10853000,13,1700224998568,1700224999745
10852000,10853000,100,1700224959169,1700224999745
10857000,10858000,24,1700224999189,1700225000367
10857000,10858000,47,1700224992835,1700225000367
10853000,10854000,13,1700224999711,1700225000889
10853000,10854000,100,1700224960208,1700225000889
10858000,10859000,24,1700225000333,1700225001406
10858000,10859000,47,1700224993973,1700225001406
10854000,10855000,13,1700225000855,1700225002034
10854000,10855000,100,1700224961145,1700225002034
10859000,10860000,24,1700225001372,1700225002549
10859000,10860000,47,1700224995012,1700225002549
10855000,10856000,13,1700225002000,1700225003178
10855000,10856000,100,1700224962185,1700225003178
10860000,10861000,24,1700225002515,1700225003689
10860000,10861000,47,1700224996151,1700225003689
10856000,10857000,13,1700225003144,1700225004322
10856000,10857000,100,1700224963224,1700225004322
10861000,10862000,24,1700225003655,1700225004834
10861000,10862000,47,1700224997189,1700225004834
10857000,10858000,13,1700225004288,1700225005466
10857000,10858000,100,1700224964264,1700225005466
10862000,10863000,24,1700225004799,1700225005976
10862000,10863000,47,1700224998332,1700225005976
10858000,10859000,13,1700225005432,1700225006610
10858000,10859000,100,1700224965201,1700225006610
10863000,10864000,24,1700225005941,1700225007013
10863000,10864000,47,1700224999372,1700225007013
10859000,10860000,13,1700225006576,1700225007235
10859000,10860000,100,1700224966241,1700225007235
10864000,10865000,24,1700225006980,1700225008156
10864000,10865000,47,1700225000412,1700225008156
10860000,10861000,13,1700225007200,1700225008274
10860000,10861000,100,1700224967274,1700225008274
10865000,10866000,24,1700225008121,1700225009297
10865000,10866000,47,1700225001555,1700225009297
10861000,10862000,13,1700225008240,1700225009417
10861000,10862000,100,1700224968307,1700225009417
10866000,10867000,24,1700225009263,1700225010438
10866000,10867000,47,1700225002596,1700225010438
10862000,10863000,13,1700225009384,1700225010561
10862000,10863000,100,1700224969239,1700225010561
10867000,10868000,24,1700225010404,1700225011479
10867000,10868000,47,1700225003740,1700225011479
10863000,10864000,13,1700225010527,1700225011706
10863000,10864000,100,1700224970271,1700225011706
10868000,10869000,24,1700225011445,1700225012624
10868000,10869000,47,1700225004780,1700225012624
10864000,10865000,13,1700225011671,1700225012850
10864000,10865000,100,1700224971304,1700225012850
10869000,10870000,24,1700225012589,1700225013767
10869000,10870000,47,1700225005923,1700225013767
10865000,10866000,13,1700225012816,1700225013993
10865000,10866000,100,1700224972336,1700225013993
10870000,10871000,24,1700225013733,1700225014910
10870000,10871000,47,1700225006963,1700225014910
10866000,10867000,13,1700225013959,1700225015137
10866000,10867000,100,1700224973266,1700225015137
10871000,10872000,24,1700225014877,1700225015638
10871000,10872000,47,1700225008103,1700225015638
10867000,10868000,13,1700225015103,1700225016277
10867000,10868000,100,1700224974298,1700225016277
10872000,10873000,24,1700225015605,1700225016782
10872000,10873000,47,1700225009141,1700225016782
10868000,10869000,13,1700225016243,1700225017419
10868000,10869000,100,1700224975332,1700225017419
10873000,10874000,24,1700225016747,1700225017614
10873000,10874000,47,1700225010178,1700225017614
10869000,10870000,13,1700225017384,1700225018559
10869000,10870000,100,1700224976366,1700225018559
10874000,10875000,24,1700225017580,1700225018758
10874000,10875000,47,1700225011320,1700225018758
10870000,10871000,13,1700225018524,1700225019701
10875000,10876000,24,1700225018724,1700225019903
10875000,10876000,47,1700225012360,1700225019903
10871000,10872000,13,1700225019667,1700225020741
10871000,10872000,100,1700224977195,1700225020741
10876000,10877000,24,1700225019868,1700225021047
10876000,10877000,47,1700225013503,1700225021047
10872000,10873000,13,1700225020708,1700225021886
10872000,10873000,100,1700224977815,1700225021886
10877000,10878000,24,1700225021012,1700225022190
10877000,10878000,47,1700225014542,1700225022190
10873000,10874000,13,1700225021852,1700225023028
10873000,10874000,100,1700224978747,1700225023028
10878000,10879000,24,1700225022155,1700225023231
10878000,10879000,47,1700225015682,1700225023231
10874000,10875000,13,1700225022994,1700225024168
10874000,10875000,100,1700224979781,1700225024168
10879000,10880000,24,1700225023197,1700225024375
10879000,10880000,47,1700225016718,1700225024375
10875000,10876000,13,1700225024135,1700225025310
10875000,10876000,100,1700224980819,1700225025310
10880000,10881000,24,1700225024341,1700225025521
10880000,10881000,47,1700225017756,1700225025521
10876000,10877000,13,1700225025276,1700225026453
10876000,10877000,100,1700224981856,1700225026453
10881000,10882000,24,1700225025486,1700225026666
10881000,10882000,47,1700225018899,1700225026666
10877000,10878000,13,1700225026419,1700225027594
10877000,10878000,100,1700224982789,1700225027594
10882000,10883000,24,1700225026631,1700225027708
10882000,10883000,47,1700225019938,1700225027708
10878000,10879000,13,1700225027560,1700225028735
10878000,10879000,100,1700224983204,1700225028735
10883000,10884000,24,1700225027673,1700225028853
10883000,10884000,47,1700225021078,1700225028853
10879000,10880000,13,1700225028701,1700225029880
10879000,10880000,100,1700224984240,1700225029880
10884000,10885000,24,1700225028818,1700225030001
10884000,10885000,47,1700225022116,1700225030001
10880000,10881000,13,1700225029845,1700225031022
10880000,10881000,100,1700224985280,1700225031022
10885000,10886000,24,1700225029966,1700225031144
10885000,10886000,47,1700225023257,1700225031144
10881000,10882000,13,1700225030988,1700225032163
10881000,10882000,100,1700224986218,1700225032163
10886000,10887000,24,1700225031109,1700225032287
10886000,10887000,47,1700225024297,1700225032287
10882000,10883000,13,1700225032129,1700225033306
10882000,10883000,100,1700224987260,1700225033306
10887000,10888000,24,1700225032251,1700225033325
10887000,10888000,47,1700225025441,1700225033325
10883000,10884000,13,1700225033271,1700225034450
10883000,10884000,100,1700224988301,1700225034450
10888000,10889000,24,1700225033291,1700225034466
10888000,10889000,47,1700225026481,1700225034466
10884000,10885000,13,1700225034416,1700225035595
10884000,10885000,100,1700224989342,1700225035595
10889000,10890000,24,1700225034431,1700225035607
10889000,10890000,47,1700225027524,1700225035607
10885000,10886000,13,1700225035559,1700225036737
10885000,10886000,100,1700224990280,1700225036737
10890000,10891000,24,1700225035573,1700225036750
10890000,10891000,47,1700225028669,1700225036750
10891000,10892000,24,1700225036715,1700225037787
10891000,10892000,47,1700225029711,1700225037787
10886000,10887000,13,1700225036703,1700225037876
10886000,10887000,100,1700224991321,1700225037876
10887000,10888000,13,1700225037842,1700225038914
10887000,10888000,100,1700224992362,1700225038914
10892000,10893000,24,1700225037753,1700225038928
10892000,10893000,47,1700225030853,1700225038928
10888000,10889000,13,1700225038880,1700225040055
10888000,10889000,100,1700224993403,1700225040055
10893000,10894000,24,1700225038894,1700225040067
10893000,10894000,47,1700225031891,1700225040067
10889000,10890000,13,1700225040022,1700225041195
10889000,10890000,100,1700224994342,1700225041195
10894000,10895000,24,1700225040032,1700225041209
10894000,10895000,47,1700225033031,1700225041209
10895000,10896000,24,1700225041174,1700225042247
10895000,10896000,47,1700225034070,1700225042247
10890000,10891000,13,1700225041161,1700225042338
10890000,10891000,100,1700224995381,1700225042338
10896000,10897000,24,1700225042213,1700225043389
10896000,10897000,47,1700225035212,1700225043389
10891000,10892000,13,1700225042304,1700225043479
10891000,10892000,100,1700224996420,1700225043479
10897000,10898000,24,1700225043355,1700225044532
10897000,10898000,47,1700225036252,1700225044532
10892000,10893000,13,1700225043445,1700225044620
10892000,10893000,100,1700224997460,1700225044620
10898000,10899000,24,1700225044497,1700225045673
10898000,10899000,47,1700225037291,1700225045673
10893000,10894000,13,1700225044586,1700225045762
10893000,10894000,100,1700224998397,1700225045762
10899000,10900000,24,1700225045639,1700225046814
10899000,10900000,47,1700225038435,1700225046814
10894000,10895000,13,1700225045728,1700225046902
10894000,10895000,100,1700224999438,1700225046902
10900000,10901000,24,1700225046779,1700225047852
10900000,10901000,47,1700225039476,1700225047852
10895000,10896000,13,1700225046868,1700225048042
10895000,10896000,100,1700225000480,1700225048042
10901000,10902000,24,1700225047818,1700225048994
10901000,10902000,47,1700225040619,1700225048994
10896000,10897000,13,1700225048009,1700225049184
10896000,10897000,100,1700225001521,1700225049184
10902000,10903000,24,1700225048960,1700225050140
10902000,10903000,47,1700225041659,1700225050140
10897000,10898000,13,1700225049150,1700225050323
10897000,10898000,100,1700225002459,1700225050323
10903000,10904000,24,1700225050104,1700225051279
10903000,10904000,47,1700225042801,1700225051279
10898000,10899000,13,1700225050289,1700225051466
10898000,10899000,100,1700225003499,1700225051466
10904000,10905000,24,1700225051244,1700225052315
10904000,10905000,47,1700225043840,1700225052315
10899000,10900000,13,1700225051431,1700225052607
10899000,10900000,100,1700225004021,1700225052607
10905000,10906000,24,1700225052281,1700225053457
10905000,10906000,47,1700225044880,1700225053457
10900000,10901000,13,1700225052572,1700225053747
10900000,10901000,100,1700225004959,1700225053747
10906000,10907000,24,1700225053423,1700225054596
10906000,10907000,47,1700225046022,1700225054596
10901000,10902000,13,1700225053714,1700225054892
10901000,10902000,100,1700225006000,1700225054892
10907000,10908000,24,1700225054561,1700225055738
10907000,10908000,47,1700225047061,1700225055738
10902000,10903000,13,1700225054857,1700225056033
10902000,10903000,100,1700225007042,1700225056033
