debs$start:INTEGER(64 bits),debs$end:INTEGER(64 bits),debs$sid:INTEGER(64 bits),debs$absolute_v:INTEGER(64 bits),timestamp
10634000,10635000,54,1700226012492,1700226012715
10634000,10635000,63,1700226012444,1700226012814
10634000,10635000,24,1700226012407,1700226012816
10634000,10635000,100,1700226012465,1700226012818
10634000,10635000,47,1700226012427,1700226012907
10634000,10635000,13,1700226012508,1700226012951
10635000,10636000,54,1700226012493,1700226013623
10635000,10636000,63,1700226012659,1700226013825
10635000,10636000,100,1700226012684,1700226013915
10635000,10636000,13,1700226012715,1700226013951
10635000,10636000,47,1700226012635,1700226013989
10635000,10636000,24,1700226012628,1700226014002
10636000,10637000,54,1700226013427,1700226014672
10636000,10637000,100,1700226013749,1700226014781
10636000,10637000,63,1700226013699,1700226014882
10636000,10637000,24,1700226013796,1700226015044
10636000,10637000,47,1700226013788,1700226015053
10636000,10637000,13,1700226013870,1700226015172
10637000,10638000,54,1700226014564,1700226015726
10637000,10638000,100,1700226014682,1700226015799
10637000,10638000,63,1700226014732,1700226015878
10637000,10638000,24,1700226014837,1700226015946
10637000,10638000,47,1700226014830,1700226016139
10637000,10638000,13,1700226015037,1700226016291
10638000,10639000,54,1700226015600,1700226016736
10638000,10639000,100,1700226015715,1700226016805
10638000,10639000,63,1700226015767,1700226016895
10638000,10639000,24,1700226015793,1700226017117
10638000,10639000,47,1700226015967,1700226017212
10638000,10639000,13,1700226016196,1700226017387
10639000,10640000,100,1700226016749,1700226017872
10639000,10640000,54,1700226016634,1700226017874
10639000,10640000,63,1700226016809,1700226018066
10639000,10640000,24,1700226016935,1700226018154
10639000,10640000,47,1700226017011,1700226018243
10639000,10640000,13,1700226017257,1700226018579
10640000,10641000,100,1700226017781,1700226018852
10640000,10641000,54,1700226017772,1700226018898
10640000,10641000,63,1700226017946,1700226019089
10640000,10641000,47,1700226018050,1700226019397
10640000,10641000,24,1700226018083,1700226019401
10640000,10641000,13,1700226018433,1700226019679
10641000,10642000,100,1700226018712,1700226019855
10641000,10642000,54,1700226018810,1700226019982
10641000,10642000,63,1700226019001,1700226020181
10641000,10642000,47,1700226019186,1700226020376
10641000,10642000,24,1700226019223,1700226020508
10641000,10642000,13,1700226019597,1700226020848
10642000,10643000,100,1700226019770,1700226020906
10642000,10643000,54,1700226019853,1700226021118
10642000,10643000,63,1700226020046,1700226021187
10642000,10643000,47,1700226020250,1700226021536
10642000,10643000,24,1700226020277,1700226021662
10643000,10644000,100,1700226020819,1700226021987
10642000,10643000,13,1700226020752,1700226022138
10643000,10644000,54,1700226021016,1700226022156
10643000,10644000,63,1700226021079,1700226022310
10643000,10644000,47,1700226021399,1700226022559
10643000,10644000,24,1700226021429,1700226022657
10644000,10645000,100,1700226021854,1700226022906
10643000,10644000,13,1700226021903,1700226023188
10644000,10645000,54,1700226022077,1700226023272
10644000,10645000,63,1700226022242,1700226023364
10644000,10645000,47,1700226022451,1700226023713
10644000,10645000,24,1700226022565,1700226023878
10645000,10646000,100,1700226022793,1700226023937
10644000,10645000,13,1700226023077,1700226024343
10645000,10646000,54,1700226023128,1700226024418
10645000,10646000,63,1700226023281,1700226024452
10645000,10646000,47,1700226023615,1700226024853
10646000,10647000,100,1700226023831,1700226024982
10645000,10646000,24,1700226023715,1700226025051
10646000,10647000,54,1700226024265,1700226025378
10646000,10647000,63,1700226024314,1700226025431
10645000,10646000,13,1700226024243,1700226025490
10646000,10647000,47,1700226024667,1700226025910
10647000,10648000,100,1700226024884,1700226026021
10646000,10647000,24,1700226024897,1700226026057
10647000,10648000,54,1700226025304,1700226026428
10647000,10648000,63,1700226025348,1700226026476
10646000,10647000,13,1700226025397,1700226026742
10648000,10649000,100,1700226025921,1700226026949
10647000,10648000,47,1700226025710,1700226027026
10647000,10648000,24,1700226025952,1700226027225
10648000,10649000,54,1700226026344,1700226027565
10648000,10649000,63,1700226026385,1700226027611
10647000,10648000,13,1700226026540,1700226027799
10649000,10650000,100,1700226026851,1700226027967
10648000,10649000,47,1700226026868,1700226028081
10648000,10649000,24,1700226027101,1700226028321
10649000,10650000,54,1700226027483,1700226028607
10649000,10650000,63,1700226027520,1700226028626
10648000,10649000,13,1700226027677,1700226029000
10650000,10651000,100,1700226027886,1700226029023
10649000,10650000,24,1700226028237,1700226029510
10649000,10650000,47,1700226027937,1700226029602
10650000,10651000,63,1700226028555,1700226029761
10650000,10651000,54,1700226028532,1700226029847
10651000,10652000,100,1700226028935,1700226030057
10649000,10650000,13,1700226028838,1700226030150
10650000,10651000,47,1700226029080,1700226030407
10650000,10651000,24,1700226029397,1700226030654
10651000,10652000,63,1700226029589,1700226030737
10651000,10652000,54,1700226029700,1700226030835
10652000,10653000,100,1700226029984,1700226031044
10650000,10651000,13,1700226029992,1700226031368
10651000,10652000,47,1700226030132,1700226031439
10651000,10652000,24,1700226030469,1700226031580
10652000,10653000,63,1700226030635,1700226031851
10652000,10653000,54,1700226030736,1700226031878
10653000,10654000,100,1700226030922,1700226032108
10652000,10653000,47,1700226031287,1700226032441
10651000,10652000,13,1700226031140,1700226032498
10652000,10653000,24,1700226031414,1700226032606
10653000,10654000,63,1700226031784,1700226032940
10653000,10654000,54,1700226031785,1700226033055
10654000,10655000,100,1700226031955,1700226033166
10652000,10653000,13,1700226032299,1700226033533
10653000,10654000,47,1700226032340,1700226033601
10653000,10654000,24,1700226032449,1700226033746
10654000,10655000,63,1700226032837,1700226033983
10654000,10655000,54,1700226032937,1700226034093
10655000,10656000,100,1700226033009,1700226034275
10653000,10654000,13,1700226033443,1700226034676
10654000,10655000,47,1700226033497,1700226034684
10654000,10655000,24,1700226033599,1700226034862
10655000,10656000,63,1700226033893,1700226035001
10655000,10656000,54,1700226033983,1700226035094
10656000,10657000,100,1700226034059,1700226035148
10655000,10656000,47,1700226034566,1700226035694
10654000,10655000,13,1700226034580,1700226035726
10656000,10657000,63,1700226034926,1700226036065
10655000,10656000,24,1700226034753,1700226036089
10657000,10658000,100,1700226035003,1700226036152
10656000,10657000,54,1700226035018,1700226036248
10655000,10656000,13,1700226035615,1700226036840
10656000,10657000,47,1700226035629,1700226036906
10656000,10657000,24,1700226035897,1700226037133
10657000,10658000,63,1700226035959,1700226037196
10658000,10659000,100,1700226036043,1700226037202
10657000,10658000,54,1700226036172,1700226037322
10657000,10658000,47,1700226036795,1700226038002
10656000,10657000,13,1700226036767,1700226038012
10659000,10660000,100,1700226037089,1700226038203
10658000,10659000,63,1700226037096,1700226038224
10657000,10658000,24,1700226036956,1700226038231
10658000,10659000,54,1700226037218,1700226038359
10659000,10660000,54,1700226038260,1700226038707
10658000,10659000,24,1700226038103,1700226038960
10658000,10659000,47,1700226037844,1700226039164
10660000,10661000,100,1700226038129,1700226039191
10659000,10660000,63,1700226038137,1700226039275
10657000,10658000,13,1700226037946,1700226039322
10660000,10661000,54,1700226038569,1700226039712
10659000,10660000,24,1700226038839,1700226040176
10661000,10662000,100,1700226039060,1700226040181
10659000,10660000,47,1700226038981,1700226040302
10660000,10661000,63,1700226039192,1700226040325
10658000,10659000,13,1700226039117,1700226040368
10661000,10662000,54,1700226039605,1700226040748
10660000,10661000,24,1700226039996,1700226041149
10662000,10663000,100,1700226040094,1700226041206
10660000,10661000,47,1700226040015,1700226041271
10659000,10660000,13,1700226040285,1700226041516
10661000,10662000,63,1700226040240,1700226041539
10662000,10663000,54,1700226040648,1700226041890
10661000,10662000,47,1700226041151,1700226042313
10661000,10662000,24,1700226041037,1700226042336
10663000,10664000,100,1700226041128,1700226042340
10662000,10663000,63,1700226041428,1700226042614
10660000,10661000,13,1700226041446,1700226042760
10663000,10664000,54,1700226041795,1700226042944
10662000,10663000,24,1700226042180,1700226043080
10664000,10665000,100,1700226042162,1700226043201
10662000,10663000,47,1700226042191,1700226043442
10663000,10664000,63,1700226042481,1700226043598
10661000,10662000,13,1700226042596,1700226043956
10664000,10665000,54,1700226042830,1700226043960
10665000,10666000,100,1700226043094,1700226044223
10663000,10664000,24,1700226043008,1700226044358
10663000,10664000,47,1700226043343,1700226044480
10664000,10665000,63,1700226043532,1700226044668
10662000,10663000,13,1700226043757,1700226045133
10665000,10666000,54,1700226043874,1700226045184
10666000,10667000,100,1700226044127,1700226045293
10664000,10665000,24,1700226044157,1700226045527
10664000,10665000,47,1700226044384,1700226045547
10665000,10666000,63,1700226044571,1700226045752
10666000,10667000,54,1700226045069,1700226046267
10663000,10664000,13,1700226044936,1700226046274
10667000,10668000,100,1700226045161,1700226046347
10665000,10666000,24,1700226045320,1700226046568
10665000,10666000,47,1700226045440,1700226046786
10666000,10667000,63,1700226045619,1700226046870
10668000,10669000,100,1700226046201,1700226047260
10664000,10665000,13,1700226046100,1700226047348
10667000,10668000,54,1700226046136,1700226047378
10666000,10667000,24,1700226046466,1700226047716
10666000,10667000,47,1700226046593,1700226047736
10667000,10668000,63,1700226046757,1700226047893
10669000,10670000,100,1700226047162,1700226048331
10668000,10669000,54,1700226047288,1700226048398
10665000,10666000,13,1700226047263,1700226048583
10667000,10668000,24,1700226047608,1700226048693
10667000,10668000,47,1700226047635,1700226048958
10668000,10669000,63,1700226047790,1700226048969
10669000,10670000,54,1700226048323,1700226049350
10670000,10671000,100,1700226048241,1700226049372
10668000,10669000,24,1700226048539,1700226049793
10666000,10667000,13,1700226048424,1700226049799
10668000,10669000,47,1700226048784,1700226049966
10669000,10670000,63,1700226048844,1700226050013
10670000,10671000,54,1700226049255,1700226050401
10671000,10672000,100,1700226049286,1700226050480
10667000,10668000,13,1700226049592,1700226050859
10669000,10670000,24,1700226049581,1700226050934
10669000,10670000,47,1700226049831,1700226051050
10670000,10671000,63,1700226049886,1700226051137
10672000,10673000,100,1700226050336,1700226051369
10671000,10672000,54,1700226050311,1700226051561
10668000,10669000,13,1700226050744,1700226052036
10670000,10671000,24,1700226050745,1700226052050
10670000,10671000,47,1700226050980,1700226052088
10671000,10672000,63,1700226051023,1700226052168
10673000,10674000,100,1700226051268,1700226052391
10672000,10673000,54,1700226051459,1700226052600
10671000,10672000,47,1700226052018,1700226053169
10669000,10670000,13,1700226051892,1700226053178
10672000,10673000,63,1700226052077,1700226053199
10671000,10672000,24,1700226051899,1700226053238
10674000,10675000,100,1700226052301,1700226053437
10673000,10674000,54,1700226052501,1700226053613
10673000,10674000,63,1700226053132,1700226054276
10672000,10673000,24,1700226053041,1700226054331
10672000,10673000,47,1700226053069,1700226054364
10670000,10671000,13,1700226053034,1700226054372
10675000,10676000,100,1700226053334,1700226054451
10674000,10675000,54,1700226053546,1700226054811
10673000,10674000,24,1700226054188,1700226055295
10673000,10674000,47,1700226054214,1700226055356
10671000,10672000,13,1700226054172,1700226055392
10676000,10677000,100,1700226054381,1700226055423
10674000,10675000,63,1700226054170,1700226055477
10675000,10676000,54,1700226054683,1700226055887
10674000,10675000,24,1700226055222,1700226056475
10672000,10673000,13,1700226055211,1700226056492
10675000,10676000,63,1700226055316,1700226056508
10677000,10678000,100,1700226055312,1700226056512
10674000,10675000,47,1700226055274,1700226056590
10676000,10677000,54,1700226055717,1700226056846
10678000,10679000,100,1700226056351,1700226057489
10676000,10677000,63,1700226056362,1700226057492
10675000,10676000,47,1700226056424,1700226057564
10675000,10676000,24,1700226056366,1700226057614
10673000,10674000,13,1700226056360,1700226057628
10677000,10678000,54,1700226056753,1700226058048
10679000,10680000,100,1700226057388,1700226058548
10677000,10678000,63,1700226057410,1700226058568
10676000,10677000,47,1700226057468,1700226058701
10676000,10677000,24,1700226057503,1700226058745
10674000,10675000,13,1700226057533,1700226058802
10678000,10679000,54,1700226057906,1700226058919
10680000,10681000,100,1700226058421,1700226059487
10678000,10679000,63,1700226058456,1700226059610
10677000,10678000,24,1700226058639,1700226059733
10677000,10678000,47,1700226058604,1700226059767
10679000,10680000,54,1700226058837,1700226059960
10675000,10676000,13,1700226058717,1700226059978
10681000,10682000,100,1700226059365,1700226060534
10679000,10680000,63,1700226059498,1700226060779
10678000,10679000,24,1700226059570,1700226060816
10678000,10679000,47,1700226059644,1700226060884
10680000,10681000,54,1700226059872,1700226061015
10676000,10677000,13,1700226059876,1700226061123
10682000,10683000,100,1700226060398,1700226061606
10680000,10681000,63,1700226060689,1700226061845
10679000,10680000,24,1700226060606,1700226061852
10679000,10680000,47,1700226060798,1700226061941
10681000,10682000,54,1700226060910,1700226062199
10677000,10678000,13,1700226061019,1700226062332
10683000,10684000,100,1700226061435,1700226062550
10681000,10682000,63,1700226061747,1700226062886
10684000,10685000,100,1700226062482,1700226062898
10680000,10681000,24,1700226061757,1700226062966
10680000,10681000,47,1700226061830,1700226063020
10682000,10683000,54,1700226062046,1700226063183
10685000,10686000,100,1700226062793,1700226063307
10678000,10679000,13,1700226062160,1700226063535
10682000,10683000,63,1700226062780,1700226063936
10681000,10682000,24,1700226062894,1700226064146
10683000,10684000,54,1700226063080,1700226064229
10681000,10682000,47,1700226062881,1700226064323
10686000,10687000,100,1700226063207,1700226064412
10679000,10680000,13,1700226063298,1700226064644
10683000,10684000,63,1700226063825,1700226065089
10682000,10683000,24,1700226064029,1700226065293
10682000,10683000,47,1700226064048,1700226065321
10687000,10688000,100,1700226064282,1700226065409
10684000,10685000,54,1700226064145,1700226065488
10680000,10681000,13,1700226064445,1700226065680
10684000,10685000,63,1700226064962,1700226066146
10683000,10684000,24,1700226065180,1700226066334
10683000,10684000,47,1700226065107,1700226066393
10688000,10689000,100,1700226065341,1700226066506
10685000,10686000,54,1700226065346,1700226066514
10681000,10682000,13,1700226065596,1700226066885
10685000,10686000,63,1700226065997,1700226067140
10684000,10685000,47,1700226066272,1700226067417
10689000,10690000,100,1700226066417,1700226067511
10684000,10685000,24,1700226066250,1700226067530
10686000,10687000,54,1700226066394,1700226067597
10682000,10683000,13,1700226066738,1700226068041
10686000,10687000,63,1700226067051,1700226068193
10690000,10691000,100,1700226067377,1700226068564
10685000,10686000,47,1700226067306,1700226068608
10687000,10688000,54,1700226067442,1700226068687
10685000,10686000,24,1700226067413,1700226068717
10683000,10684000,13,1700226067875,1700226069221
10687000,10688000,63,1700226068130,1700226069296
10686000,10687000,47,1700226068446,1700226069623
10691000,10692000,100,1700226068446,1700226069628
10688000,10689000,54,1700226068603,1700226069718
10686000,10687000,24,1700226068564,1700226069917
10684000,10685000,13,1700226069036,1700226070326
10688000,10689000,63,1700226069205,1700226070422
10692000,10693000,100,1700226069499,1700226070636
10689000,10690000,54,1700226069639,1700226070681
10687000,10688000,47,1700226069492,1700226070767
10687000,10688000,24,1700226069731,1700226070870
10690000,10691000,54,1700226070569,1700226071261
10685000,10686000,13,1700226070187,1700226071403
10689000,10690000,63,1700226070346,1700226071471
10693000,10694000,100,1700226070531,1700226071525
10688000,10689000,47,1700226070656,1700226071881
10688000,10689000,24,1700226070771,1700226072058
10691000,10692000,54,1700226071086,1700226072332
10690000,10691000,63,1700226071381,1700226072489
10686000,10687000,13,1700226071324,1700226072591
10694000,10695000,100,1700226071461,1700226072633
10689000,10690000,47,1700226071733,1700226072930
10689000,10690000,24,1700226071928,1700226073166
10692000,10693000,54,1700226072244,1700226073399
10691000,10692000,63,1700226072414,1700226073591
10687000,10688000,13,1700226072466,1700226073644
10695000,10696000,100,1700226072494,1700226073647
10690000,10691000,47,1700226072765,1700226074108
10690000,10691000,24,1700226073079,1700226074366
10693000,10694000,54,1700226073291,1700226074482
10696000,10697000,100,1700226073528,1700226074661
10692000,10693000,63,1700226073447,1700226074705
10688000,10689000,13,1700226073525,1700226074759
10691000,10692000,47,1700226073900,1700226075135
10691000,10692000,24,1700226074233,1700226075566
10694000,10695000,54,1700226074339,1700226075572
10697000,10698000,100,1700226074565,1700226075601
10693000,10694000,63,1700226074583,1700226075773
10689000,10690000,13,1700226074662,1700226075904
10692000,10693000,47,1700226074957,1700226076246
10692000,10693000,24,1700226075394,1700226076542
10698000,10699000,100,1700226075497,1700226076596
10695000,10696000,54,1700226075495,1700226076731
10694000,10695000,63,1700226075632,1700226076829
10690000,10691000,13,1700226075811,1700226077121
10693000,10694000,47,1700226076124,1700226077300
10699000,10700000,100,1700226076530,1700226077679
10696000,10697000,54,1700226076581,1700226077748
10695000,10696000,63,1700226076687,1700226077826
10693000,10694000,24,1700226076461,1700226077835
10700000,10701000,100,1700226077566,1700226077980
10691000,10692000,13,1700226076981,1700226078273
10694000,10695000,47,1700226077178,1700226078470
10697000,10698000,54,1700226077658,1700226078912
10696000,10697000,63,1700226077741,1700226078918
10694000,10695000,24,1700226077632,1700226078929
10701000,10702000,100,1700226077883,1700226078949
10692000,10693000,13,1700226078161,1700226079469
10695000,10696000,47,1700226078331,1700226079544
10702000,10703000,100,1700226078820,1700226079840
10698000,10699000,54,1700226078803,1700226079978
10697000,10698000,63,1700226078785,1700226080007
10695000,10696000,24,1700226078789,1700226080100
10693000,10694000,13,1700226079333,1700226080699
10696000,10697000,47,1700226079397,1700226080719
10703000,10704000,100,1700226079751,1700226080937
10699000,10700000,54,1700226079838,1700226081014
10698000,10699000,63,1700226079921,1700226081074
10696000,10697000,24,1700226080001,1700226081188
10704000,10705000,100,1700226080796,1700226081522
10697000,10698000,47,1700226080544,1700226081751
10694000,10695000,13,1700226080491,1700226081826
10700000,10701000,54,1700226080872,1700226082097
10699000,10700000,63,1700226080969,1700226082141
10697000,10698000,24,1700226081103,1700226082385
10705000,10706000,100,1700226081428,1700226082482
10698000,10699000,47,1700226081578,1700226082698
10695000,10696000,13,1700226081628,1700226082981
10700000,10701000,63,1700226082004,1700226083166
10701000,10702000,54,1700226082021,1700226083196
10706000,10707000,100,1700226082413,1700226083596
10698000,10699000,24,1700226082313,1700226083608
10699000,10700000,47,1700226082611,1700226083940
10696000,10697000,13,1700226082772,1700226084074
10701000,10702000,63,1700226083038,1700226084253
10702000,10703000,54,1700226083085,1700226084274
10707000,10708000,100,1700226083506,1700226084434
10699000,10700000,24,1700226083522,1700226084826
10700000,10701000,47,1700226083748,1700226085070
10697000,10698000,13,1700226083910,1700226085164
10702000,10703000,63,1700226084182,1700226085323
10703000,10704000,54,1700226084134,1700226085368
10708000,10709000,100,1700226084282,1700226085378
10700000,10701000,24,1700226084737,1700226086078
10701000,10702000,47,1700226084804,1700226086160
10698000,10699000,13,1700226085047,1700226086299
10703000,10704000,63,1700226085217,1700226086325
10709000,10710000,100,1700226085316,1700226086350
10704000,10705000,54,1700226085290,1700226086436
10702000,10703000,47,1700226085946,1700226087114
10699000,10700000,13,1700226086184,1700226087149
10701000,10702000,24,1700226085949,1700226087209
10704000,10705000,63,1700226086252,1700226087368
10710000,10711000,100,1700226086247,1700226087408
10705000,10706000,54,1700226086325,1700226087480
10700000,10701000,13,1700226086919,1700226087951
10711000,10712000,100,1700226087300,1700226088006
10703000,10704000,47,1700226086996,1700226088212
10702000,10703000,24,1700226087012,1700226088283
10705000,10706000,63,1700226087297,1700226088486
10706000,10707000,54,1700226087367,1700226088635
10712000,10713000,100,1700226087920,1700226089023
10701000,10702000,13,1700226087854,1700226089267
10704000,10705000,47,1700226088152,1700226089302
10703000,10704000,24,1700226088194,1700226089494
10706000,10707000,63,1700226088331,1700226089583
10707000,10708000,54,1700226088523,1700226089647
10713000,10714000,100,1700226088953,1700226089765
10702000,10703000,13,1700226089025,1700226090356
10705000,10706000,47,1700226089205,1700226090450
10704000,10705000,24,1700226089357,1700226090635
10707000,10708000,63,1700226089467,1700226090653
10708000,10709000,54,1700226089564,1700226090733
10714000,10715000,100,1700226089677,1700226090770
10715000,10716000,100,1700226090608,1700226091435
10703000,10704000,13,1700226090208,1700226091449
10706000,10707000,47,1700226090246,1700226091573
10709000,10710000,54,1700226090605,1700226091685
10705000,10706000,24,1700226090510,1700226091686
10708000,10709000,63,1700226090516,1700226091718
10716000,10717000,100,1700226091331,1700226092488
10704000,10705000,13,1700226091360,1700226092613
10707000,10708000,47,1700226091394,1700226092626
10709000,10710000,63,1700226091570,1700226092706
10710000,10711000,54,1700226091553,1700226092715
10706000,10707000,24,1700226091545,1700226092790
10717000,10718000,100,1700226092364,1700226093433
10708000,10709000,47,1700226092448,1700226093691
10705000,10706000,13,1700226092503,1700226093696
10710000,10711000,63,1700226092606,1700226093866
10711000,10712000,54,1700226092612,1700226093882
10707000,10708000,24,1700226092689,1700226093955
10718000,10719000,100,1700226093295,1700226094419
10709000,10710000,47,1700226093599,1700226094770
10712000,10713000,54,1700226093771,1700226094884
10711000,10712000,63,1700226093754,1700226094943
10706000,10707000,13,1700226093545,1700226094993
10708000,10709000,24,1700226093831,1700226095097
10719000,10720000,100,1700226094327,1700226095449
10713000,10714000,54,1700226094812,1700226095942
10712000,10713000,63,1700226094799,1700226095994
10710000,10711000,47,1700226094648,1700226096009
10707000,10708000,13,1700226094712,1700226096069
10720000,10721000,100,1700226095360,1700226096072
10709000,10710000,24,1700226094976,1700226096224
10713000,10714000,63,1700226095841,1700226096971
10711000,10712000,47,1700226095798,1700226097083
10708000,10709000,13,1700226095849,1700226097107
10714000,10715000,54,1700226095861,1700226097111
10721000,10722000,100,1700226095981,1700226097117
10710000,10711000,24,1700226096113,1700226097409
10711000,10712000,24,1700226097185,1700226097409
10714000,10715000,63,1700226096882,1700226098031
10715000,10716000,54,1700226097010,1700226098131
10712000,10713000,47,1700226096845,1700226098174
10722000,10723000,100,1700226097041,1700226098199
10709000,10710000,13,1700226097009,1700226098302
10712000,10713000,24,1700226097186,1700226098516
10723000,10724000,100,1700226098090,1700226099205
10715000,10716000,63,1700226097953,1700226099207
10716000,10717000,54,1700226098045,1700226099220
10713000,10714000,47,1700226097995,1700226099252
10710000,10711000,13,1700226098146,1700226099393
10713000,10714000,24,1700226098337,1700226099704
10724000,10725000,100,1700226099124,1700226100161
10714000,10715000,47,1700226099059,1700226100214
10717000,10718000,54,1700226099088,1700226100285
10716000,10717000,63,1700226099140,1700226100301
10711000,10712000,13,1700226099288,1700226100558
10714000,10715000,24,1700226099488,1700226100737
10725000,10726000,100,1700226100056,1700226101158
10718000,10719000,54,1700226100140,1700226101259
10717000,10718000,63,1700226100219,1700226101339
10715000,10716000,47,1700226100116,1700226101395
10712000,10713000,13,1700226100424,1700226101682
10715000,10716000,24,1700226100665,1700226102002
10726000,10727000,100,1700226101090,1700226102233
10719000,10720000,54,1700226101175,1700226102302
10718000,10719000,63,1700226101259,1700226102394
10716000,10717000,47,1700226101285,1700226102499
10713000,10714000,13,1700226101561,1700226102770
10716000,10717000,24,1700226101817,1700226103054
10727000,10728000,100,1700226102136,1700226103278
10720000,10721000,54,1700226102208,1700226103449
10719000,10720000,63,1700226102293,1700226103531
10717000,10718000,47,1700226102341,1700226103632
10714000,10715000,13,1700226102702,1700226103941
10717000,10718000,24,1700226102863,1700226104117
10728000,10729000,100,1700226103177,1700226104223
10721000,10722000,54,1700226103367,1700226104529
10720000,10721000,63,1700226103429,1700226104597
10718000,10719000,47,1700226103500,1700226104728
10715000,10716000,13,1700226103855,1700226105162
10729000,10730000,100,1700226104129,1700226105281
10718000,10719000,24,1700226104008,1700226105341
10722000,10723000,54,1700226104424,1700226105603
10721000,10722000,63,1700226104491,1700226105614
10719000,10720000,47,1700226104555,1700226105921
10730000,10731000,100,1700226105193,1700226106317
10716000,10717000,13,1700226105010,1700226106374
10719000,10720000,24,1700226105176,1700226106608
10722000,10723000,63,1700226105537,1700226106670
10723000,10724000,54,1700226105460,1700226106727
10720000,10721000,47,1700226105720,1700226106949
10731000,10732000,100,1700226106233,1700226107377
10717000,10718000,13,1700226106160,1700226107448
10720000,10721000,24,1700226106337,1700226107613
10723000,10724000,63,1700226106586,1700226107710
10724000,10725000,54,1700226106600,1700226107724
10721000,10722000,47,1700226106760,1700226108109
10732000,10733000,100,1700226107265,1700226108285
10718000,10719000,13,1700226107297,1700226108535
10721000,10722000,24,1700226107393,1700226108714
10725000,10726000,54,1700226107647,1700226108815
10724000,10725000,63,1700226107634,1700226108876
10733000,10734000,100,1700226108196,1700226108894
10722000,10723000,47,1700226107923,1700226109134
10734000,10735000,100,1700226108816,1700226109625
10719000,10720000,13,1700226108447,1700226109737
10722000,10723000,24,1700226108553,1700226109832
10726000,10727000,54,1700226108700,1700226109910
10725000,10726000,63,1700226108797,1700226109990
10723000,10724000,47,1700226108985,1700226110190
10735000,10736000,100,1700226109540,1700226110700
10720000,10721000,13,1700226109591,1700226110936
10726000,10727000,63,1700226109842,1700226111048
10727000,10728000,54,1700226109838,1700226111057
10723000,10724000,24,1700226109723,1700226111068
10724000,10725000,47,1700226110045,1700226111336
10736000,10737000,100,1700226110574,1700226111718
10721000,10722000,13,1700226110741,1700226111904
10727000,10728000,63,1700226110884,1700226112014
10728000,10729000,54,1700226110941,1700226112225
10724000,10725000,24,1700226110876,1700226112229
10725000,10726000,47,1700226111217,1700226112478
10737000,10738000,100,1700226111620,1700226112745
10722000,10723000,13,1700226111812,1700226113080
10728000,10729000,63,1700226111918,1700226113173
10729000,10730000,54,1700226112113,1700226113253
10725000,10726000,24,1700226112057,1700226113381
10726000,10727000,47,1700226112269,1700226113654
10738000,10739000,100,1700226112653,1700226113716
10729000,10730000,63,1700226113064,1700226114214
10723000,10724000,13,1700226112977,1700226114225
10730000,10731000,54,1700226113156,1700226114312
10726000,10727000,24,1700226113117,1700226114375
10727000,10728000,47,1700226113437,1700226114739
10739000,10740000,100,1700226113613,1700226114805
10740000,10741000,100,1700226114664,1700226115146
10730000,10731000,63,1700226114098,1700226115238
10724000,10725000,13,1700226114140,1700226115410
10731000,10732000,54,1700226114191,1700226115414
10727000,10728000,24,1700226114266,1700226115523
10728000,10729000,47,1700226114509,1700226115873
10741000,10742000,100,1700226115077,1700226116123
10731000,10732000,63,1700226115147,1700226116328
10732000,10733000,54,1700226115328,1700226116474
10725000,10726000,13,1700226115308,1700226116626
10728000,10729000,24,1700226115402,1700226116678
10729000,10730000,47,1700226115692,1700226116874
10742000,10743000,100,1700226116009,1700226117164
10743000,10744000,100,1700226117042,1700226117375
10732000,10733000,63,1700226116188,1700226117398
10733000,10734000,54,1700226116362,1700226117510
10726000,10727000,13,1700226116459,1700226117813
10729000,10730000,24,1700226116557,1700226117831
10730000,10731000,47,1700226116731,1700226117850
10744000,10745000,100,1700226117250,1700226118091
10733000,10734000,63,1700226117241,1700226118494
10745000,10746000,100,1700226117972,1700226118517
10734000,10735000,54,1700226117398,1700226118635
10727000,10728000,13,1700226117621,1700226118857
10730000,10731000,24,1700226117620,1700226118919
10731000,10732000,47,1700226117778,1700226119134
10746000,10747000,100,1700226118385,1700226119527
10734000,10735000,63,1700226118399,1700226119546
10735000,10736000,54,1700226118535,1700226119718
10728000,10729000,13,1700226118776,1700226120005
10731000,10732000,24,1700226118822,1700226120063
10732000,10733000,47,1700226118920,1700226120151
10747000,10748000,100,1700226119417,1700226120535
10735000,10736000,63,1700226119446,1700226120616
10736000,10737000,54,1700226119597,1700226120790
10729000,10730000,13,1700226119913,1700226121178
10732000,10733000,24,1700226119997,1700226121313
10733000,10734000,47,1700226119973,1700226121319
10748000,10749000,100,1700226120451,1700226121473
10736000,10737000,63,1700226120478,1700226121703
10737000,10738000,54,1700226120688,1700226122001
10734000,10735000,47,1700226121123,1700226122302
10730000,10731000,13,1700226121068,1700226122373
10733000,10734000,24,1700226121152,1700226122434
10749000,10750000,100,1700226121386,1700226122543
10737000,10738000,63,1700226121527,1700226122773
10738000,10739000,54,1700226121872,1700226123053
10750000,10751000,100,1700226122421,1700226123369
10735000,10736000,47,1700226122163,1700226123420
10734000,10735000,24,1700226122325,1700226123533
10731000,10732000,13,1700226122217,1700226123544
10738000,10739000,63,1700226122676,1700226123689
10739000,10740000,54,1700226122923,1700226124044
10751000,10752000,100,1700226123249,1700226124382
10736000,10737000,47,1700226123316,1700226124523
10732000,10733000,13,1700226123369,1700226124604
10735000,10736000,24,1700226123394,1700226124647
10739000,10740000,63,1700226123566,1700226124844
10740000,10741000,54,1700226123964,1700226125257
10752000,10753000,100,1700226124181,1700226125377
10737000,10738000,47,1700226124377,1700226125826
10740000,10741000,63,1700226124730,1700226125840
10733000,10734000,13,1700226124519,1700226125859
10736000,10737000,24,1700226124561,1700226125935
10741000,10742000,54,1700226125115,1700226126253
10753000,10754000,100,1700226125215,1700226126395
10738000,10739000,47,1700226125556,1700226126842
10734000,10735000,13,1700226125656,1700226126964
10741000,10742000,63,1700226125773,1700226126986
10737000,10738000,24,1700226125733,1700226127130
10742000,10743000,54,1700226126149,1700226127317
10754000,10755000,100,1700226126260,1700226127420
10739000,10740000,47,1700226126633,1700226127852
10742000,10743000,63,1700226126823,1700226127930
10738000,10739000,24,1700226126885,1700226128023
10735000,10736000,13,1700226126812,1700226128177
10755000,10756000,100,1700226127345,1700226128434
10743000,10744000,54,1700226127201,1700226128492
10743000,10744000,63,1700226127860,1700226128959
10740000,10741000,47,1700226127706,1700226129063
10739000,10740000,24,1700226127932,1700226129271
10756000,10757000,100,1700226128346,1700226129317
10736000,10737000,13,1700226127972,1700226129415
10744000,10745000,54,1700226128349,1700226129484
10741000,10742000,47,1700226128859,1700226130013
10744000,10745000,63,1700226128899,1700226130176
10757000,10758000,100,1700226129217,1700226130320
10740000,10741000,24,1700226129099,1700226130368
10737000,10738000,13,1700226129145,1700226130373
10745000,10746000,54,1700226129383,1700226130546
10758000,10759000,100,1700226130256,1700226130855
10745000,10746000,63,1700226130051,1700226131174
10742000,10743000,47,1700226129933,1700226131270
10741000,10742000,24,1700226130259,1700226131530
10738000,10739000,13,1700226130316,1700226131639
10746000,10747000,54,1700226130433,1700226131728
10759000,10760000,100,1700226130773,1700226131739
10746000,10747000,63,1700226131103,1700226131833
10743000,10744000,47,1700226131108,1700226132399
10739000,10740000,13,1700226131370,1700226132409
10742000,10743000,24,1700226131407,1700226132650
10760000,10761000,100,1700226131607,1700226132658
10747000,10748000,54,1700226131597,1700226132753
10747000,10748000,63,1700226131723,1700226132889
10740000,10741000,13,1700226132216,1700226133153
10744000,10745000,47,1700226132165,1700226133374
10761000,10762000,100,1700226132551,1700226133682
10743000,10744000,24,1700226132441,1700226133782
10748000,10749000,54,1700226132660,1700226133886
10748000,10749000,63,1700226132758,1700226133903
10741000,10742000,13,1700226133052,1700226134351
10745000,10746000,47,1700226133316,1700226134526
10762000,10763000,100,1700226133591,1700226134763
10749000,10750000,63,1700226133792,1700226134930
10744000,10745000,24,1700226133600,1700226134962
10749000,10750000,54,1700226133765,1700226135045
10742000,10743000,13,1700226134216,1700226135485
10746000,10747000,47,1700226134405,1700226135796
10763000,10764000,100,1700226134677,1700226135883
10745000,10746000,24,1700226134748,1700226135954
10750000,10751000,63,1700226134825,1700226135979
10750000,10751000,54,1700226134932,1700226136059
10743000,10744000,13,1700226135374,1700226136698
10747000,10748000,47,1700226135560,1700226136795
10764000,10765000,100,1700226135761,1700226136818
10746000,10747000,24,1700226135884,1700226137152
10751000,10752000,63,1700226135859,1700226137154
10751000,10752000,54,1700226135983,1700226137222
10765000,10766000,100,1700226136714,1700226137501
10748000,10749000,47,1700226136613,1700226137730
10744000,10745000,13,1700226136516,1700226137811
10752000,10753000,63,1700226137008,1700226138037
10752000,10753000,54,1700226137122,1700226138072
10747000,10748000,24,1700226137036,1700226138290
10766000,10767000,100,1700226137341,1700226138504
10745000,10746000,13,1700226137654,1700226138878
10749000,10750000,47,1700226137660,1700226139022
10753000,10754000,63,1700226137939,1700226139114
10753000,10754000,54,1700226137956,1700226139245
10748000,10749000,24,1700226138091,1700226139349
10767000,10768000,100,1700226138381,1700226139401
10750000,10751000,47,1700226138804,1700226140050
10746000,10747000,13,1700226138813,1700226140058
10754000,10755000,63,1700226138977,1700226140124
10754000,10755000,54,1700226139116,1700226140263
10768000,10769000,100,1700226139312,1700226140432
10749000,10750000,24,1700226139270,1700226140580
10755000,10756000,63,1700226140021,1700226141151
10751000,10752000,47,1700226139856,1700226141236
10747000,10748000,13,1700226139979,1700226141299
10755000,10756000,54,1700226140178,1700226141429
10769000,10770000,100,1700226140344,1700226141496
10750000,10751000,24,1700226140456,1700226141828
10756000,10757000,63,1700226141076,1700226142210
10756000,10757000,54,1700226141317,1700226142235
10752000,10753000,47,1700226141002,1700226142258
10748000,10749000,13,1700226141137,1700226142398
10770000,10771000,100,1700226141388,1700226142573
10751000,10752000,24,1700226141605,1700226142887
10757000,10758000,54,1700226142145,1700226143302
10757000,10758000,63,1700226142126,1700226143368
10753000,10754000,47,1700226142047,1700226143452
10771000,10772000,100,1700226142441,1700226143480
10749000,10750000,13,1700226142313,1700226143620
10752000,10753000,24,1700226142645,1700226143994
10754000,10755000,47,1700226143195,1700226144380
10758000,10759000,63,1700226143276,1700226144400
10758000,10759000,54,1700226143179,1700226144458
10772000,10773000,100,1700226143373,1700226144589
10750000,10751000,13,1700226143479,1700226144724
10753000,10754000,24,1700226143813,1700226145117
10755000,10756000,47,1700226144229,1700226145364
10759000,10760000,54,1700226144317,1700226145443
10759000,10760000,63,1700226144310,1700226145451
10773000,10774000,100,1700226144421,1700226145664
10751000,10752000,13,1700226144620,1700226145887
10754000,10755000,24,1700226144977,1700226146303
10760000,10761000,63,1700226145344,1700226146469
10760000,10761000,54,1700226145364,1700226146494
10756000,10757000,47,1700226145263,1700226146612
10774000,10775000,100,1700226145472,1700226146619
10752000,10753000,13,1700226145763,1700226147051
10775000,10776000,100,1700226146511,1700226147549
10755000,10756000,24,1700226146137,1700226147559
10761000,10762000,63,1700226146382,1700226147633
10757000,10758000,47,1700226146417,1700226147636
10761000,10762000,54,1700226146411,1700226147667
10753000,10754000,13,1700226146904,1700226147969
10756000,10757000,24,1700226147305,1700226148545
10776000,10777000,100,1700226147447,1700226148630
10762000,10763000,63,1700226147518,1700226148642
10762000,10763000,54,1700226147567,1700226148689
10758000,10759000,47,1700226147477,1700226148714
10754000,10755000,13,1700226147732,1700226148951
10757000,10758000,24,1700226148374,1700226149510
10763000,10764000,63,1700226148555,1700226149684
10777000,10778000,100,1700226148534,1700226149720
10759000,10760000,47,1700226148634,1700226149763
10763000,10764000,54,1700226148619,1700226149850
10755000,10756000,13,1700226148894,1700226150147
10758000,10759000,24,1700226149329,1700226150462
10778000,10779000,100,1700226149621,1700226150473
10764000,10765000,63,1700226149589,1700226150701
10764000,10765000,54,1700226149755,1700226150874
10760000,10761000,47,1700226149669,1700226150938
10756000,10757000,13,1700226150056,1700226151355
10779000,10780000,100,1700226150361,1700226151364
10759000,10760000,24,1700226150277,1700226151665
10765000,10766000,63,1700226150623,1700226151762
10765000,10766000,54,1700226150790,1700226151904
10761000,10762000,47,1700226150813,1700226152007
10757000,10758000,13,1700226151225,1700226152458
10780000,10781000,100,1700226151305,1700226152472
10760000,10761000,24,1700226151431,1700226152686
10766000,10767000,63,1700226151664,1700226152905
10762000,10763000,47,1700226151846,1700226153074
10766000,10767000,54,1700226151824,1700226153101
10781000,10782000,100,1700226152352,1700226153511
10758000,10759000,13,1700226152373,1700226153607
10761000,10762000,24,1700226152571,1700226153804
10767000,10768000,63,1700226152801,1700226154006
10763000,10764000,47,1700226152983,1700226154145
10767000,10768000,54,1700226153008,1700226154199
10782000,10783000,100,1700226153400,1700226154522
10759000,10760000,13,1700226153510,1700226154755
10762000,10763000,24,1700226153710,1700226154948
10768000,10769000,63,1700226153873,1700226155005
10764000,10765000,47,1700226154036,1700226155203
10768000,10769000,54,1700226154117,1700226155315
10783000,10784000,100,1700226154336,1700226155462
10765000,10766000,47,1700226155093,1700226155883
10760000,10761000,13,1700226154647,1700226155911
10763000,10764000,24,1700226154846,1700226156028
10769000,10770000,63,1700226154928,1700226156173
10769000,10770000,54,1700226155201,1700226156442
10784000,10785000,100,1700226155382,1700226156603
10766000,10767000,47,1700226155815,1700226156967
10770000,10771000,63,1700226155973,1700226156993
10761000,10762000,13,1700226155811,1700226157026
10764000,10765000,24,1700226155893,1700226157126
10785000,10786000,100,1700226156497,1700226157160
10770000,10771000,54,1700226156356,1700226157483
10786000,10787000,100,1700226157028,1700226158056
10771000,10772000,63,1700226156805,1700226158062
10767000,10768000,47,1700226156849,1700226158140
10762000,10763000,13,1700226156954,1700226158229
10765000,10766000,24,1700226157042,1700226158320
10771000,10772000,54,1700226157391,1700226158551
10787000,10788000,100,1700226157971,1700226159083
10772000,10773000,63,1700226157960,1700226159109
10768000,10769000,47,1700226157983,1700226159284
10766000,10767000,24,1700226158177,1700226159407
10763000,10764000,13,1700226158133,1700226159417
10772000,10773000,54,1700226158432,1700226159715
10788000,10789000,100,1700226159025,1700226159865
10773000,10774000,63,1700226159000,1700226160132
10769000,10770000,47,1700226159017,1700226160226
10764000,10765000,13,1700226159304,1700226160469
10767000,10768000,24,1700226159319,1700226160503
10790000,10791000,100,1700226159781,1700226160545
10773000,10774000,54,1700226159576,1700226160727
10791000,10792000,100,1700226160410,1700226161020
10774000,10775000,63,1700226160035,1700226161172
10770000,10771000,47,1700226160063,1700226161482
10768000,10769000,24,1700226160353,1700226161612
10774000,10775000,54,1700226160624,1700226161644
10765000,10766000,13,1700226160365,1700226161702
10792000,10793000,100,1700226160935,1700226162074
10775000,10776000,63,1700226161070,1700226162303
10771000,10772000,47,1700226161212,1700226162416
10766000,10767000,13,1700226161513,1700226162514
10775000,10776000,54,1700226161556,1700226162690
10769000,10770000,24,1700226161495,1700226162768
10793000,10794000,100,1700226161997,1700226163191
10776000,10777000,63,1700226162213,1700226163362
10767000,10768000,13,1700226162242,1700226163502
10772000,10773000,47,1700226162260,1700226163602
10776000,10777000,54,1700226162591,1700226163824
10770000,10771000,24,1700226162666,1700226163969
10794000,10795000,100,1700226163061,1700226164178
10777000,10778000,63,1700226163252,1700226164410
10773000,10774000,47,1700226163420,1700226164561
10777000,10778000,54,1700226163736,1700226164871
10768000,10769000,13,1700226163409,1700226164873
10795000,10796000,100,1700226164095,1700226164931
10771000,10772000,24,1700226163821,1700226165126
10798000,10799000,100,1700226164820,1700226165199
10778000,10779000,63,1700226164313,1700226165488
10774000,10775000,47,1700226164471,1700226165755
10769000,10770000,13,1700226164597,1700226165922
10778000,10779000,54,1700226164776,1700226165936
10772000,10773000,24,1700226164983,1700226166234
10779000,10780000,63,1700226165374,1700226166238
10799000,10800000,100,1700226165130,1700226166287
10775000,10776000,47,1700226165618,1700226166893
10773000,10774000,24,1700226166033,1700226166923
10770000,10771000,13,1700226165757,1700226167000
10800000,10801000,100,1700226166168,1700226167074
10779000,10780000,54,1700226165816,1700226167080
10780000,10781000,63,1700226166098,1700226167120
10801000,10802000,100,1700226166995,1700226167634
10776000,10777000,47,1700226166681,1700226167955
10774000,10775000,24,1700226166756,1700226168011
10780000,10781000,54,1700226166954,1700226168057
10781000,10782000,63,1700226166944,1700226168189
10771000,10772000,13,1700226166915,1700226168219
10802000,10803000,100,1700226167512,1700226168547
10777000,10778000,47,1700226167864,1700226169024
10782000,10783000,63,1700226167978,1700226169097
10775000,10776000,24,1700226167905,1700226169200
10781000,10782000,54,1700226167989,1700226169215
10772000,10773000,13,1700226168067,1700226169352
10803000,10804000,100,1700226168466,1700226169564
10778000,10779000,47,1700226168920,1700226169822
10783000,10784000,63,1700226169011,1700226170116
10782000,10783000,54,1700226169132,1700226170337
10776000,10777000,24,1700226169065,1700226170371
10773000,10774000,13,1700226169249,1700226170384
10779000,10780000,47,1700226169664,1700226170502
10804000,10805000,100,1700226169424,1700226170574
10780000,10781000,47,1700226170309,1700226170779
10784000,10785000,63,1700226170045,1700226171296
10783000,10784000,54,1700226170185,1700226171318
10805000,10806000,100,1700226170472,1700226171546
10777000,10778000,24,1700226170215,1700226171591
10774000,10775000,13,1700226170317,1700226171622
10781000,10782000,47,1700226170629,1700226171765
10785000,10786000,63,1700226171182,1700226172280
10784000,10785000,54,1700226171230,1700226172460
10806000,10807000,100,1700226171420,1700226172568
10778000,10779000,24,1700226171375,1700226172573
10782000,10783000,47,1700226171583,1700226172771
10775000,10776000,13,1700226171489,1700226172773
10786000,10787000,63,1700226172215,1700226173426
10785000,10786000,54,1700226172368,1700226173501
10807000,10808000,100,1700226172467,1700226173606
10783000,10784000,47,1700226172653,1700226173806
10779000,10780000,24,1700226172425,1700226173813
10776000,10777000,13,1700226172653,1700226173920
10787000,10788000,63,1700226173249,1700226174419
10786000,10787000,54,1700226173407,1700226174566
10808000,10809000,100,1700226173500,1700226174643
10780000,10781000,24,1700226173571,1700226174814
10777000,10778000,13,1700226173796,1700226174982
10784000,10785000,47,1700226173708,1700226174994
10788000,10789000,63,1700226174290,1700226175425
10809000,10810000,100,1700226174533,1700226175546
10787000,10788000,54,1700226174469,1700226175783
10778000,10779000,13,1700226174830,1700226175984
10781000,10782000,24,1700226174707,1700226175991
10785000,10786000,47,1700226174852,1700226176071
10779000,10780000,13,1700226175863,1700226176582
10789000,10790000,63,1700226175336,1700226176588
10810000,10811000,100,1700226175463,1700226176613
10788000,10789000,54,1700226175631,1700226176840
10782000,10783000,24,1700226175843,1700226177102
10786000,10787000,47,1700226175897,1700226177126
10811000,10812000,100,1700226176497,1700226177473
10790000,10791000,63,1700226176478,1700226177629
10780000,10781000,13,1700226176482,1700226177710
10789000,10790000,54,1700226176684,1700226177830
10783000,10784000,24,1700226176877,1700226178242
10787000,10788000,47,1700226177039,1700226178318
10812000,10813000,100,1700226177325,1700226178370
10791000,10792000,63,1700226177525,1700226178693
10790000,10791000,54,1700226177761,1700226179023
10784000,10785000,24,1700226178020,1700226179040
10781000,10782000,13,1700226177632,1700226179041
10813000,10814000,100,1700226178256,1700226179404
10788000,10789000,47,1700226178087,1700226179428
10792000,10793000,63,1700226178565,1700226179684
10785000,10786000,24,1700226178859,1700226179900
10791000,10792000,54,1700226178938,1700226180108
10782000,10783000,13,1700226178781,1700226180155
10814000,10815000,100,1700226179308,1700226180382
10789000,10790000,47,1700226179224,1700226180439
10793000,10794000,63,1700226179609,1700226180925
10786000,10787000,24,1700226179709,1700226181026
10783000,10784000,13,1700226179942,1700226181107
10792000,10793000,54,1700226179980,1700226181156
10815000,10816000,100,1700226180249,1700226181399
10790000,10791000,47,1700226180272,1700226181574
10794000,10795000,63,1700226180782,1700226181985
10787000,10788000,24,1700226180747,1700226182121
10816000,10817000,100,1700226181283,1700226182302
10784000,10785000,13,1700226181004,1700226182307
10793000,10794000,54,1700226181053,1700226182379
10791000,10792000,47,1700226181427,1700226182660
10795000,10796000,63,1700226181818,1700226182954
10788000,10789000,24,1700226181917,1700226183074
10794000,10795000,54,1700226182223,1700226183355
10817000,10818000,100,1700226182214,1700226183389
10785000,10786000,13,1700226182178,1700226183474
10792000,10793000,47,1700226182469,1700226183586
10796000,10797000,63,1700226182850,1700226183982
10789000,10790000,24,1700226182861,1700226184091
10818000,10819000,100,1700226183258,1700226184368
10795000,10796000,54,1700226183264,1700226184376
10786000,10787000,13,1700226183365,1700226184608
10793000,10794000,47,1700226183504,1700226184747
10797000,10798000,63,1700226183884,1700226185000
10790000,10791000,24,1700226184004,1700226185269
10819000,10820000,100,1700226184292,1700226185423
10796000,10797000,54,1700226184298,1700226185529
10787000,10788000,13,1700226184510,1700226185787
10794000,10795000,47,1700226184639,1700226185801
10798000,10799000,63,1700226184925,1700226186181
10791000,10792000,24,1700226185065,1700226186360
10820000,10821000,100,1700226185333,1700226186413
10797000,10798000,54,1700226185435,1700226186587
10788000,10789000,13,1700226185669,1700226186807
10821000,10822000,100,1700226186276,1700226186824
10795000,10796000,47,1700226185673,1700226187005
10799000,10800000,63,1700226186080,1700226187242
10792000,10793000,24,1700226186224,1700226187623
10798000,10799000,54,1700226186470,1700226187640
10822000,10823000,100,1700226186697,1700226187823
10789000,10790000,13,1700226186715,1700226187896
10796000,10797000,47,1700226186827,1700226187957
10800000,10801000,63,1700226187127,1700226188258
10793000,10794000,24,1700226187372,1700226188696
10799000,10800000,54,1700226187517,1700226188760
10823000,10824000,100,1700226187745,1700226188936
10790000,10791000,13,1700226187748,1700226188962
10797000,10798000,47,1700226187862,1700226189220
10801000,10802000,63,1700226188178,1700226189394
10794000,10795000,24,1700226188508,1700226189623
10800000,10801000,54,1700226188666,1700226189830
10824000,10825000,100,1700226188797,1700226189961
10791000,10792000,13,1700226188886,1700226190202
10798000,10799000,47,1700226189003,1700226190288
10802000,10803000,63,1700226189273,1700226190525
10795000,10796000,24,1700226189542,1700226190814
10801000,10802000,54,1700226189713,1700226190913
10825000,10826000,100,1700226189862,1700226190925
10799000,10800000,47,1700226190061,1700226191274
10792000,10793000,13,1700226190023,1700226191320
10803000,10804000,63,1700226190413,1700226191540
10826000,10827000,100,1700226190842,1700226192004
10796000,10797000,24,1700226190677,1700226192015
10802000,10803000,54,1700226190749,1700226192020
10804000,10805000,63,1700226191452,1700226192252
10793000,10794000,13,1700226191072,1700226192329
10800000,10801000,47,1700226191110,1700226192409
10803000,10804000,54,1700226191908,1700226193039
10827000,10828000,100,1700226191925,1700226193097
10805000,10806000,63,1700226192182,1700226193134
10797000,10798000,24,1700226191845,1700226193200
10801000,10802000,47,1700226192246,1700226193492
10794000,10795000,13,1700226192240,1700226193526
10828000,10829000,100,1700226192983,1700226194121
10804000,10805000,54,1700226192968,1700226194216
10806000,10807000,63,1700226193025,1700226194218
10798000,10799000,24,1700226193013,1700226194346
10802000,10803000,47,1700226193281,1700226194496
10795000,10796000,13,1700226193409,1700226194653
10829000,10830000,100,1700226194017,1700226195062
10805000,10806000,54,1700226194128,1700226195287
10807000,10808000,63,1700226194083,1700226195305
10799000,10800000,24,1700226194171,1700226195338
10803000,10804000,47,1700226194417,1700226195520
10796000,10797000,13,1700226194569,1700226195826
10830000,10831000,100,1700226194961,1700226196097
10808000,10809000,63,1700226195229,1700226196343
10806000,10807000,54,1700226195194,1700226196361
10800000,10801000,24,1700226195219,1700226196476
10804000,10805000,47,1700226195450,1700226196824
10797000,10798000,13,1700226195720,1700226196974
10831000,10832000,100,1700226195994,1700226197147
10809000,10810000,63,1700226196263,1700226197393
10807000,10808000,54,1700226196252,1700226197496
10801000,10802000,24,1700226196373,1700226197721
10805000,10806000,47,1700226196591,1700226197723
10832000,10833000,100,1700226197041,1700226198150
10798000,10799000,13,1700226196857,1700226198192
10810000,10811000,63,1700226197305,1700226198305
10808000,10809000,54,1700226197403,1700226198565
10802000,10803000,24,1700226197516,1700226198722
10806000,10807000,47,1700226197642,1700226198902
10799000,10800000,13,1700226197994,1700226198929
10833000,10834000,100,1700226198079,1700226199127
10811000,10812000,63,1700226198142,1700226199387
10809000,10810000,54,1700226198438,1700226199603
10803000,10804000,24,1700226198569,1700226199723
10807000,10808000,47,1700226198785,1700226199929
10800000,10801000,13,1700226198831,1700226199974
10834000,10835000,100,1700226199033,1700226200230
10804000,10805000,24,1700226199609,1700226200431
10812000,10813000,63,1700226199305,1700226200512
10810000,10811000,54,1700226199472,1700226200618
10808000,10809000,47,1700226199824,1700226200945
10801000,10802000,13,1700226199884,1700226201190
10805000,10806000,24,1700226200339,1700226201191
10835000,10836000,100,1700226200081,1700226201209
10813000,10814000,63,1700226200360,1700226201508
10811000,10812000,54,1700226200507,1700226201687
10809000,10810000,47,1700226200858,1700226202128
10836000,10837000,100,1700226201118,1700226202269
10802000,10803000,13,1700226201022,1700226202278
10806000,10807000,24,1700226201098,1700226202342
10814000,10815000,63,1700226201401,1700226202478
10812000,10813000,54,1700226201564,1700226202697
10803000,10804000,13,1700226202164,1700226203142
10810000,10811000,47,1700226201994,1700226203150
10837000,10838000,100,1700226202164,1700226203199
10815000,10816000,63,1700226202348,1700226203507
10807000,10808000,24,1700226202251,1700226203617
10813000,10814000,54,1700226202605,1700226203842
10838000,10839000,100,1700226203100,1700226204269
10804000,10805000,13,1700226202991,1700226204319
10811000,10812000,47,1700226203040,1700226204356
10808000,10809000,24,1700226203408,1700226204562
10816000,10817000,63,1700226203395,1700226204606
10814000,10815000,54,1700226203768,1700226204989
10839000,10840000,100,1700226204136,1700226205294
10805000,10806000,13,1700226204152,1700226205361
10812000,10813000,47,1700226204182,1700226205429
10817000,10818000,63,1700226204453,1700226205522
10809000,10810000,24,1700226204459,1700226205797
10815000,10816000,54,1700226204864,1700226205940
10840000,10841000,100,1700226205194,1700226206286
10818000,10819000,63,1700226205408,1700226206340
10819000,10820000,63,1700226206260,1700226206340
10806000,10807000,13,1700226205201,1700226206514
10813000,10814000,47,1700226205249,1700226206620
10810000,10811000,24,1700226205599,1700226206844
10816000,10817000,54,1700226205815,1700226206979
10820000,10821000,63,1700226206260,1700226207018
10841000,10842000,100,1700226206237,1700226207292
10814000,10815000,47,1700226206403,1700226207662
10807000,10808000,13,1700226206355,1700226207775
10811000,10812000,24,1700226206736,1700226207955
10817000,10818000,54,1700226206859,1700226207980
10821000,10822000,63,1700226206893,1700226208030
10842000,10843000,100,1700226207180,1700226208327
10815000,10816000,47,1700226207456,1700226208720
10808000,10809000,13,1700226207534,1700226208860
10812000,10813000,24,1700226207873,1700226208889
10822000,10823000,63,1700226207953,1700226209146
10818000,10819000,54,1700226207894,1700226209180
10843000,10844000,100,1700226208225,1700226209378
10816000,10817000,47,1700226208616,1700226209814
10809000,10810000,13,1700226208692,1700226209923
10813000,10814000,24,1700226208805,1700226210114
10819000,10820000,54,1700226209044,1700226210177
10823000,10824000,63,1700226209003,1700226210264
10844000,10845000,100,1700226209259,1700226210381
10817000,10818000,47,1700226209685,1700226210924
10810000,10811000,13,1700226209835,1700226211107
10814000,10815000,24,1700226209948,1700226211131
10845000,10846000,100,1700226210291,1700226211308
10820000,10821000,54,1700226210091,1700226211315
10824000,10825000,63,1700226210153,1700226211319
10818000,10819000,47,1700226210741,1700226212002
10815000,10816000,24,1700226210989,1700226212062
10811000,10812000,13,1700226210987,1700226212232
10825000,10826000,63,1700226211186,1700226212351
10821000,10822000,54,1700226211235,1700226212388
10846000,10847000,100,1700226211222,1700226212396
10819000,10820000,47,1700226211904,1700226213082
10816000,10817000,24,1700226211974,1700226213247
10826000,10827000,63,1700226212232,1700226213377
10847000,10848000,100,1700226212269,1700226213421
10822000,10823000,54,1700226212280,1700226213424
10812000,10813000,13,1700226212131,1700226213441
10848000,10849000,100,1700226213302,1700226214021
10820000,10821000,47,1700226212951,1700226214275
10817000,10818000,24,1700226213154,1700226214484
10823000,10824000,54,1700226213316,1700226214551
10813000,10814000,13,1700226213276,1700226214610
10827000,10828000,63,1700226213292,1700226214668
10849000,10850000,100,1700226213927,1700226214980
10821000,10822000,47,1700226214115,1700226215317
10818000,10819000,24,1700226214299,1700226215520
10828000,10829000,63,1700226214452,1700226215575
10814000,10815000,13,1700226214445,1700226215590
10824000,10825000,54,1700226214461,1700226215651
10850000,10851000,100,1700226214859,1700226215997
10822000,10823000,47,1700226215161,1700226216406
10819000,10820000,24,1700226215345,1700226216601
10829000,10830000,63,1700226215491,1700226216629
10825000,10826000,54,1700226215500,1700226216662
10815000,10816000,13,1700226215500,1700226216787
10851000,10852000,100,1700226215900,1700226217068
10823000,10824000,47,1700226216310,1700226217480
10830000,10831000,63,1700226216524,1700226217649
10820000,10821000,24,1700226216480,1700226217708
10826000,10827000,54,1700226216549,1700226217786
10816000,10817000,13,1700226216663,1700226217894
10852000,10853000,100,1700226216934,1700226218060
10824000,10825000,47,1700226217364,1700226218615
10831000,10832000,63,1700226217557,1700226218694
10827000,10828000,54,1700226217687,1700226218811
10821000,10822000,24,1700226217621,1700226218943
10817000,10818000,13,1700226217720,1700226219029
10853000,10854000,100,1700226217968,1700226219051
10825000,10826000,47,1700226218523,1700226219710
10832000,10833000,63,1700226218591,1700226219854
10828000,10829000,54,1700226218721,1700226219897
10854000,10855000,100,1700226218911,1700226220066
10822000,10823000,24,1700226218764,1700226220082
10818000,10819000,13,1700226218868,1700226220178
10826000,10827000,47,1700226219582,1700226220724
10833000,10834000,63,1700226219742,1700226220895
10829000,10830000,54,1700226219781,1700226221025
10855000,10856000,100,1700226219951,1700226221099
10823000,10824000,24,1700226219921,1700226221105
10819000,10820000,13,1700226220009,1700226221289
10827000,10828000,47,1700226220649,1700226221892
10834000,10835000,63,1700226220808,1700226221953
10856000,10857000,100,1700226220984,1700226222083
10830000,10831000,54,1700226220952,1700226222115
10824000,10825000,24,1700226220982,1700226222298
10820000,10821000,13,1700226221172,1700226222435
10857000,10858000,100,1700226222018,1700226223028
10828000,10829000,47,1700226221829,1700226223028
10835000,10836000,63,1700226221869,1700226223048
10831000,10832000,54,1700226221994,1700226223167
10825000,10826000,24,1700226222137,1700226223464
10821000,10822000,13,1700226222331,1700226223661
10829000,10830000,47,1700226222889,1700226223823
10858000,10859000,100,1700226222949,1700226224093
10836000,10837000,63,1700226222929,1700226224170
10832000,10833000,54,1700226223029,1700226224258
10830000,10831000,47,1700226223627,1700226224502
10822000,10823000,13,1700226223475,1700226224517
10826000,10827000,24,1700226223297,1700226224548
10859000,10860000,100,1700226223994,1700226225123
10837000,10838000,63,1700226224066,1700226225233
10833000,10834000,54,1700226224165,1700226225296
10823000,10824000,13,1700226224421,1700226225519
10831000,10832000,47,1700226224272,1700226225560
10827000,10828000,24,1700226224444,1700226225565
10860000,10861000,100,1700226225029,1700226226166
10838000,10839000,63,1700226225100,1700226226313
10834000,10835000,54,1700226225199,1700226226319
10832000,10833000,47,1700226225313,1700226226620
10824000,10825000,13,1700226225389,1700226226739
10828000,10829000,24,1700226225497,1700226226822
10861000,10862000,100,1700226226070,1700226227140
10839000,10840000,63,1700226226145,1700226227286
10835000,10836000,54,1700226226234,1700226227443
10833000,10834000,47,1700226226463,1700226227604
10825000,10826000,13,1700226226589,1700226227909
10829000,10830000,24,1700226226682,1700226227984
10862000,10863000,100,1700226227029,1700226228177
10840000,10841000,63,1700226227189,1700226228334
10836000,10837000,54,1700226227372,1700226228586
10834000,10835000,47,1700226227509,1700226228795
10826000,10827000,13,1700226227752,1700226229025
10830000,10831000,24,1700226227828,1700226229093
10863000,10864000,100,1700226228065,1700226229187
10841000,10842000,63,1700226228237,1700226229500
10837000,10838000,54,1700226228405,1700226229650
10835000,10836000,47,1700226228561,1700226229921
10827000,10828000,13,1700226228909,1700226230188
10831000,10832000,24,1700226228966,1700226230250
10864000,10865000,100,1700226229111,1700226230267
10836000,10837000,47,1700226229712,1700226230527
10842000,10843000,63,1700226229385,1700226230527
10838000,10839000,54,1700226229447,1700226230712
10865000,10866000,100,1700226230143,1700226231177
10832000,10833000,24,1700226230103,1700226231271
10828000,10829000,13,1700226230100,1700226231376
10843000,10844000,63,1700226230423,1700226231601
10837000,10838000,47,1700226230435,1700226231602
10839000,10840000,54,1700226230603,1700226231775
10866000,10867000,100,1700226231075,1700226232233
10833000,10834000,24,1700226231150,1700226232279
10829000,10830000,13,1700226231272,1700226232478
10838000,10839000,47,1700226231374,1700226232668
10844000,10845000,63,1700226231461,1700226232669
10840000,10841000,54,1700226231644,1700226232827
10867000,10868000,100,1700226232108,1700226233267
10834000,10835000,24,1700226232194,1700226233435
10830000,10831000,13,1700226232337,1700226233708
10845000,10846000,63,1700226232495,1700226233721
10839000,10840000,47,1700226232524,1700226233739
10841000,10842000,54,1700226232691,1700226233954
10868000,10869000,100,1700226233142,1700226234276
10846000,10847000,63,1700226233652,1700226234484
10835000,10836000,24,1700226233337,1700226234623
10840000,10841000,47,1700226233572,1700226234862
10842000,10843000,54,1700226233846,1700226234973
10831000,10832000,13,1700226233476,1700226235006
10869000,10870000,100,1700226234176,1700226235085
10847000,10848000,63,1700226234375,1700226235422
10841000,10842000,47,1700226234709,1700226235563
10836000,10837000,24,1700226234491,1700226235679
10871000,10872000,100,1700226235011,1700226235767
10832000,10833000,13,1700226234613,1700226235902
10843000,10844000,54,1700226234880,1700226236126
10848000,10849000,63,1700226235305,1700226236434
10842000,10843000,47,1700226235336,1700226236629
10872000,10873000,100,1700226235661,1700226236689
10837000,10838000,24,1700226235538,1700226237054
10833000,10834000,13,1700226235751,1700226237132
10844000,10845000,54,1700226236027,1700226237160
10843000,10844000,47,1700226236391,1700226237620
10849000,10850000,63,1700226236345,1700226237623
10873000,10874000,100,1700226236609,1700226237781
10838000,10839000,24,1700226236688,1700226238132
10834000,10835000,13,1700226236888,1700226238209
10845000,10846000,54,1700226237073,1700226238266
10850000,10851000,63,1700226237524,1700226238476
10844000,10845000,47,1700226237548,1700226238797
10874000,10875000,100,1700226237660,1700226238808
10839000,10840000,24,1700226237840,1700226239251
10835000,10836000,13,1700226238053,1700226239277
10846000,10847000,54,1700226238119,1700226239332
10851000,10852000,63,1700226238368,1700226239640
10875000,10876000,100,1700226238708,1700226239841
10845000,10846000,47,1700226238596,1700226239878
10840000,10841000,24,1700226238996,1700226240202
10847000,10848000,54,1700226239271,1700226240396
10836000,10837000,13,1700226239190,1700226240433
10852000,10853000,63,1700226239527,1700226240679
10876000,10877000,100,1700226239746,1700226240758
10846000,10847000,47,1700226239756,1700226240931
10877000,10878000,100,1700226240677,1700226241177
10841000,10842000,24,1700226240039,1700226241387
10848000,10849000,54,1700226240315,1700226241477
10837000,10838000,13,1700226240348,1700226241682
10853000,10854000,63,1700226240589,1700226241722
10847000,10848000,47,1700226240790,1700226242020
10878000,10879000,100,1700226241090,1700226242276
10842000,10843000,24,1700226241196,1700226242528
10849000,10850000,54,1700226241364,1700226242637
10854000,10855000,63,1700226241644,1700226242660
10838000,10839000,13,1700226241486,1700226242880
10848000,10849000,47,1700226241823,1700226243060
10879000,10880000,100,1700226242148,1700226243332
10850000,10851000,54,1700226242519,1700226243635
10843000,10844000,24,1700226242339,1700226243649
10855000,10856000,63,1700226242574,1700226243775
10839000,10840000,13,1700226242629,1700226243904
10849000,10850000,47,1700226242960,1700226243923
10880000,10881000,100,1700226243202,1700226244236
10851000,10852000,54,1700226243559,1700226244752
10856000,10857000,63,1700226243622,1700226244792
10844000,10845000,24,1700226243508,1700226244846
10840000,10841000,13,1700226243795,1700226245116
10850000,10851000,47,1700226243792,1700226245161
10881000,10882000,100,1700226244134,1700226245321
10857000,10858000,63,1700226244684,1700226245807
10852000,10853000,54,1700226244605,1700226245849
10845000,10846000,24,1700226244697,1700226246000
10851000,10852000,47,1700226244947,1700226246204
10882000,10883000,100,1700226245168,1700226246284
10841000,10842000,13,1700226244943,1700226246329
10853000,10854000,54,1700226245748,1700226246898
10858000,10859000,63,1700226245718,1700226246958
10846000,10847000,24,1700226245770,1700226247102
10852000,10853000,47,1700226245982,1700226247269
10883000,10884000,100,1700226246201,1700226247332
10842000,10843000,13,1700226246100,1700226247333
10854000,10855000,54,1700226246799,1700226247987
10859000,10860000,63,1700226246872,1700226248014
10847000,10848000,24,1700226246918,1700226248142
10853000,10854000,47,1700226247118,1700226248299
10884000,10885000,100,1700226247253,1700226248323
10843000,10844000,13,1700226247255,1700226248468
10860000,10861000,63,1700226247932,1700226249082
10855000,10856000,54,1700226247852,1700226249097
10885000,10886000,100,1700226248209,1700226249364
10848000,10849000,24,1700226248054,1700226249367
10854000,10855000,47,1700226248152,1700226249374
10844000,10845000,13,1700226248398,1700226249680
10861000,10862000,63,1700226248985,1700226250132
10856000,10857000,54,1700226248997,1700226250169
10849000,10850000,24,1700226249195,1700226250337
10886000,10887000,100,1700226249248,1700226250385
10855000,10856000,47,1700226249184,1700226250419
10845000,10846000,13,1700226249571,1700226250726
10862000,10863000,63,1700226250028,1700226251086
10857000,10858000,54,1700226250033,1700226251178
10887000,10888000,100,1700226250292,1700226251446
10850000,10851000,24,1700226250237,1700226251522
10856000,10857000,47,1700226250321,1700226251525
10863000,10864000,63,1700226250968,1700226251818
10846000,10847000,13,1700226250625,1700226251921
10858000,10859000,54,1700226251076,1700226252303
10888000,10889000,100,1700226251340,1700226252409
10857000,10858000,47,1700226251362,1700226252646
10851000,10852000,24,1700226251389,1700226252781
10864000,10865000,63,1700226251703,1700226252935
10847000,10848000,13,1700226251763,1700226253036
10859000,10860000,54,1700226252218,1700226253351
10889000,10890000,100,1700226252280,1700226253403
10858000,10859000,47,1700226252509,1700226253678
10852000,10853000,24,1700226252557,1700226253824
10865000,10866000,63,1700226252852,1700226253898
10848000,10849000,13,1700226252922,1700226254206
10860000,10861000,54,1700226253276,1700226254458
10890000,10891000,100,1700226253319,1700226254486
10866000,10867000,63,1700226253798,1700226254720
10859000,10860000,47,1700226253606,1700226254825
10853000,10854000,24,1700226253737,1700226255095
10849000,10850000,13,1700226254084,1700226255451
10891000,10892000,100,1700226254360,1700226255491
10861000,10862000,54,1700226254357,1700226255605
10867000,10868000,63,1700226254632,1700226255800
10860000,10861000,47,1700226254760,1700226255902
10854000,10855000,24,1700226254914,1700226256235
10892000,10893000,100,1700226255407,1700226256432
10850000,10851000,13,1700226255235,1700226256627
10862000,10863000,54,1700226255516,1700226256682
10868000,10869000,63,1700226255683,1700226256903
10861000,10862000,47,1700226255820,1700226257091
10855000,10856000,24,1700226255982,1700226257297
10893000,10894000,100,1700226256351,1700226257499
10851000,10852000,13,1700226256392,1700226257662
10863000,10864000,54,1700226256572,1700226257728
10869000,10870000,63,1700226256743,1700226257980
10862000,10863000,47,1700226256980,1700226258112
10856000,10857000,24,1700226257136,1700226258462
10894000,10895000,100,1700226257391,1700226258536
10852000,10853000,13,1700226257561,1700226258845
10864000,10865000,54,1700226257624,1700226258885
10870000,10871000,63,1700226257879,1700226259026
10863000,10864000,47,1700226258013,1700226259238
10895000,10896000,100,1700226258438,1700226259578
10857000,10858000,24,1700226258293,1700226259587
10865000,10866000,54,1700226258784,1700226259936
10871000,10872000,63,1700226258913,1700226260102
10853000,10854000,13,1700226258738,1700226260127
10864000,10865000,47,1700226259047,1700226260306
10896000,10897000,100,1700226259484,1700226260526
10858000,10859000,24,1700226259463,1700226260629
10872000,10873000,63,1700226259950,1700226261091
10866000,10867000,54,1700226259829,1700226261108
10854000,10855000,13,1700226259900,1700226261246
10865000,10866000,47,1700226260197,1700226261355
10897000,10898000,100,1700226260421,1700226261562
10859000,10860000,24,1700226260525,1700226261854
10898000,10899000,100,1700226261454,1700226262041
10867000,10868000,54,1700226260984,1700226262107
10873000,10874000,63,1700226260997,1700226262132
10855000,10856000,13,1700226261064,1700226262420
10866000,10867000,47,1700226261251,1700226262545
10874000,10875000,63,1700226262052,1700226262897
10860000,10861000,24,1700226261681,1700226262963
10899000,10900000,100,1700226261970,1700226263029
10868000,10869000,54,1700226262019,1700226263143
10856000,10857000,13,1700226262228,1700226263463
10867000,10868000,47,1700226262436,1700226263595
10875000,10876000,63,1700226262797,1700226264047
10900000,10901000,100,1700226262901,1700226264074
10861000,10862000,24,1700226262837,1700226264075
10869000,10870000,54,1700226263060,1700226264261
10857000,10858000,13,1700226263378,1700226264710
10868000,10869000,47,1700226263499,1700226264801
10901000,10902000,100,1700226263949,1700226265080
10876000,10877000,63,1700226263956,1700226265108
10870000,10871000,54,1700226264115,1700226265227
10862000,10863000,24,1700226263980,1700226265260
10902000,10903000,100,1700226264984,1700226265624
10858000,10859000,13,1700226264517,1700226265879
10869000,10870000,47,1700226264644,1700226265962
10877000,10878000,63,1700226265008,1700226266251
10871000,10872000,54,1700226265149,1700226266273
10863000,10864000,24,1700226265141,1700226266422
10859000,10860000,13,1700226265653,1700226266434
10903000,10904000,100,1700226265512,1700226266679
10870000,10871000,47,1700226265716,1700226267069
10878000,10879000,63,1700226266101,1700226267234
10904000,10905000,100,1700226266550,1700226267397
10872000,10873000,54,1700226266183,1700226267432
10860000,10861000,13,1700226266274,1700226267488
10864000,10865000,24,1700226266192,1700226267587
10871000,10872000,47,1700226266858,1700226268139
10879000,10880000,63,1700226267165,1700226268439
10905000,10906000,100,1700226267285,1700226268484
10873000,10874000,54,1700226267367,1700226268546
10865000,10866000,24,1700226267341,1700226268613
10861000,10862000,13,1700226267328,1700226268695
10872000,10873000,47,1700226267910,1700226269069
10906000,10907000,100,1700226268319,1700226269365
10880000,10881000,63,1700226268324,1700226269487
10874000,10875000,54,1700226268433,1700226269571
10862000,10863000,13,1700226268474,1700226269762
10866000,10867000,24,1700226268491,1700226269810
10873000,10874000,47,1700226268943,1700226270306
10907000,10908000,100,1700226269250,1700226270408
10881000,10882000,63,1700226269379,1700226270525
10875000,10876000,54,1700226269484,1700226270710
10867000,10868000,24,1700226269641,1700226270856
10863000,10864000,13,1700226269640,1700226270888
10874000,10875000,47,1700226270079,1700226271305
10882000,10883000,63,1700226270435,1700226271548
10908000,10909000,100,1700226270293,1700226271549
10876000,10877000,54,1700226270622,1700226271747
10868000,10869000,24,1700226270694,1700226271946
10864000,10865000,13,1700226270789,1700226272037
10875000,10876000,47,1700226271118,1700226272383
10909000,10910000,100,1700226271336,1700226272483
10883000,10884000,63,1700226271477,1700226272553
10877000,10878000,54,1700226271657,1700226272787
10869000,10870000,24,1700226271844,1700226273116
10865000,10866000,13,1700226271949,1700226273278
10876000,10877000,47,1700226272253,1700226273433
10910000,10911000,100,1700226272385,1700226273449
10884000,10885000,63,1700226272412,1700226273592
10878000,10879000,54,1700226272690,1700226273920
10870000,10871000,24,1700226272980,1700226274365
10866000,10867000,13,1700226273117,1700226274401
10885000,10886000,63,1700226273460,1700226274422
10911000,10912000,100,1700226273339,1700226274463
10877000,10878000,47,1700226273299,1700226274529
10871000,10872000,24,1700226274125,1700226274990
10879000,10880000,54,1700226273833,1700226274998
10886000,10887000,63,1700226274305,1700226275227
10912000,10913000,100,1700226274374,1700226275516
10867000,10868000,13,1700226274279,1700226275531
10878000,10879000,47,1700226274442,1700226275609
10880000,10881000,54,1700226274874,1700226275994
10872000,10873000,24,1700226274849,1700226276066
10887000,10888000,63,1700226275137,1700226276383
10913000,10914000,100,1700226275416,1700226276557
10879000,10880000,47,1700226275480,1700226276596
10868000,10869000,13,1700226275448,1700226276739
10873000,10874000,24,1700226276003,1700226276982
10881000,10882000,54,1700226275908,1700226277194
10888000,10889000,63,1700226276226,1700226277484
10914000,10915000,100,1700226276460,1700226277505
10880000,10881000,47,1700226276514,1700226277809
10869000,10870000,13,1700226276611,1700226277828
10874000,10875000,24,1700226276846,1700226278135
10882000,10883000,54,1700226277081,1700226278268
10915000,10916000,100,1700226277396,1700226278535
10889000,10890000,63,1700226277398,1700226278548
10881000,10882000,47,1700226277651,1700226278822
10870000,10871000,13,1700226277748,1700226279129
10875000,10876000,24,1700226278022,1700226279278
10883000,10884000,54,1700226278144,1700226279357
10890000,10891000,63,1700226278456,1700226279627
10916000,10917000,100,1700226278434,1700226279650
10882000,10883000,47,1700226278699,1700226280060
10871000,10872000,13,1700226278917,1700226280121
10884000,10885000,54,1700226279220,1700226280464
10876000,10877000,24,1700226279189,1700226280512
10891000,10892000,63,1700226279524,1700226280566
10917000,10918000,100,1700226279467,1700226280648
10883000,10884000,47,1700226279860,1700226281077
10872000,10873000,13,1700226279974,1700226281248
10885000,10886000,54,1700226280376,1700226281490
10918000,10919000,100,1700226280508,1700226281568
10877000,10878000,24,1700226280365,1700226281627
10892000,10893000,63,1700226280472,1700226281635
10884000,10885000,47,1700226280925,1700226282216
10873000,10874000,13,1700226281133,1700226282491
10886000,10887000,54,1700226281417,1700226282544
10893000,10894000,63,1700226281507,1700226282627
10919000,10920000,100,1700226281447,1700226282639
10878000,10879000,24,1700226281536,1700226282818
10885000,10886000,47,1700226282101,1700226283345
10894000,10895000,63,1700226282542,1700226283465
10920000,10921000,100,1700226282509,1700226283593
10874000,10875000,13,1700226282283,1700226283646
10887000,10888000,54,1700226282468,1700226283695
10879000,10880000,24,1700226282589,1700226283928
10886000,10887000,47,1700226283156,1700226284440
10921000,10922000,100,1700226283452,1700226284475
10895000,10896000,63,1700226283368,1700226284506
10888000,10889000,54,1700226283606,1700226284738
10875000,10876000,13,1700226283434,1700226284751
10880000,10881000,24,1700226283753,1700226284976
10896000,10897000,63,1700226284402,1700226285426
10887000,10888000,47,1700226284361,1700226285587
10922000,10923000,100,1700226284393,1700226285588
10889000,10890000,54,1700226284665,1700226285823
10876000,10877000,13,1700226284584,1700226285925
10881000,10882000,24,1700226284904,1700226286177
10923000,10924000,100,1700226285453,1700226286299
10897000,10898000,63,1700226285341,1700226286534
10888000,10889000,47,1700226285443,1700226286617
10890000,10891000,54,1700226285701,1700226286978
10924000,10925000,100,1700226286184,1700226287129
10877000,10878000,13,1700226285748,1700226287131
10882000,10883000,24,1700226286041,1700226287220
10898000,10899000,63,1700226286388,1700226287565
10889000,10890000,47,1700226286488,1700226287844
10891000,10892000,54,1700226286851,1700226287996
10925000,10926000,100,1700226287025,1700226288040
10878000,10879000,13,1700226286913,1700226288201
10883000,10884000,24,1700226287088,1700226288432
10899000,10900000,63,1700226287424,1700226288685
10890000,10891000,47,1700226287673,1700226288975
10926000,10927000,100,1700226287956,1700226289123
10892000,10893000,54,1700226287900,1700226289189
10879000,10880000,13,1700226288055,1700226289320
10884000,10885000,24,1700226288253,1700226289623
10900000,10901000,63,1700226288559,1700226289699
10891000,10892000,47,1700226288740,1700226290044
10927000,10928000,100,1700226289009,1700226290153
10893000,10894000,54,1700226289084,1700226290204
10880000,10881000,13,1700226289205,1700226290466
10885000,10886000,24,1700226289392,1700226290660
10901000,10902000,63,1700226289594,1700226290797
10892000,10893000,47,1700226289896,1700226291190
10928000,10929000,100,1700226290069,1700226291247
10894000,10895000,54,1700226290124,1700226291273
10881000,10882000,13,1700226290385,1700226291787
10902000,10903000,63,1700226290643,1700226291824
10886000,10887000,24,1700226290527,1700226291841
10929000,10930000,100,1700226291122,1700226292123
10893000,10894000,47,1700226290948,1700226292310
10895000,10896000,54,1700226291158,1700226292416
10887000,10888000,24,1700226291664,1700226292822
10882000,10883000,13,1700226291576,1700226292872
10903000,10904000,63,1700226291704,1700226292981
10930000,10931000,100,1700226292053,1700226293175
10894000,10895000,47,1700226292133,1700226293343
10896000,10897000,54,1700226292295,1700226293475
10888000,10889000,24,1700226292716,1700226293975
10904000,10905000,63,1700226292855,1700226294018
10883000,10884000,13,1700226292725,1700226294100
10931000,10932000,100,1700226293088,1700226294258
10897000,10898000,54,1700226293360,1700226294479
10895000,10896000,47,1700226293186,1700226294532
10905000,10906000,63,1700226293895,1700226294936
10932000,10933000,100,1700226294122,1700226294938
10889000,10890000,24,1700226293853,1700226295143
10884000,10885000,13,1700226293879,1700226295233
10896000,10897000,47,1700226294336,1700226295488
10898000,10899000,54,1700226294412,1700226295770
10906000,10907000,63,1700226294825,1700226295858
10933000,10934000,100,1700226294845,1700226295995
10885000,10886000,13,1700226295031,1700226296337
10890000,10891000,24,1700226294990,1700226296390
10897000,10898000,47,1700226295382,1700226296517
10899000,10900000,54,1700226295600,1700226296784
10934000,10935000,100,1700226295880,1700226296985
10907000,10908000,63,1700226295755,1700226297027
10891000,10892000,24,1700226296137,1700226297295
10886000,10887000,13,1700226296196,1700226297624
10908000,10909000,63,1700226296891,1700226297681
10898000,10899000,47,1700226296444,1700226297745
10900000,10901000,54,1700226296645,1700226297834
10935000,10936000,100,1700226296911,1700226297937
10892000,10893000,24,1700226297193,1700226298484
10887000,10888000,13,1700226297359,1700226298642
10909000,10910000,63,1700226297615,1700226298783
10899000,10900000,47,1700226297653,1700226298848
10901000,10902000,54,1700226297680,1700226298954
10936000,10937000,100,1700226297842,1700226298981
10888000,10889000,13,1700226298412,1700226299642
10893000,10894000,24,1700226298357,1700226299680
10910000,10911000,63,1700226298692,1700226299879
10902000,10903000,54,1700226298817,1700226299943
10937000,10938000,100,1700226298888,1700226300031
10900000,10901000,47,1700226298719,1700226300089
10889000,10890000,13,1700226299573,1700226300812
10894000,10895000,24,1700226299517,1700226300833
10903000,10904000,54,1700226299864,1700226300998
10938000,10939000,100,1700226299922,1700226301035
10911000,10912000,63,1700226299781,1700226301080
10901000,10902000,47,1700226299892,1700226301245
10912000,10913000,63,1700226300956,1700226301677
10895000,10896000,24,1700226300693,1700226301898
10939000,10940000,100,1700226300956,1700226302003
10890000,10891000,13,1700226300737,1700226302021
10904000,10905000,54,1700226300917,1700226302167
10902000,10903000,47,1700226300933,1700226302173
10913000,10914000,63,1700226301577,1700226302884
10940000,10941000,100,1700226301887,1700226303041
10896000,10897000,24,1700226301748,1700226303091
10905000,10906000,54,1700226302083,1700226303235
10903000,10904000,47,1700226302069,1700226303241
10891000,10892000,13,1700226301898,1700226303263
10914000,10915000,63,1700226302714,1700226303837
10941000,10942000,100,1700226302919,1700226304043
10897000,10898000,24,1700226302885,1700226304228
10904000,10905000,47,1700226303115,1700226304317
10906000,10907000,54,1700226303119,1700226304344
10892000,10893000,13,1700226303077,1700226304418
10915000,10916000,63,1700226303749,1700226304898
10942000,10943000,100,1700226303953,1700226305125
10898000,10899000,24,1700226304037,1700226305369
10907000,10908000,54,1700226304153,1700226305400
10905000,10906000,47,1700226304181,1700226305422
10893000,10894000,13,1700226304230,1700226305600
10943000,10944000,100,1700226304986,1700226306041
10916000,10917000,63,1700226304782,1700226306041
10908000,10909000,54,1700226305295,1700226306449
10906000,10907000,47,1700226305330,1700226306533
10899000,10900000,24,1700226305192,1700226306560
10894000,10895000,13,1700226305368,1700226306706
10917000,10918000,63,1700226305815,1700226306957
10944000,10945000,100,1700226305922,1700226307065
10909000,10910000,54,1700226306334,1700226307513
10900000,10901000,24,1700226306347,1700226307529
10907000,10908000,47,1700226306373,1700226307700
10895000,10896000,13,1700226306516,1700226307894
10945000,10946000,100,1700226306955,1700226308071
10918000,10919000,63,1700226306890,1700226308211
10910000,10911000,54,1700226307402,1700226308677
10901000,10902000,24,1700226307410,1700226308703
10908000,10909000,47,1700226307516,1700226308725
10896000,10897000,13,1700226307671,1700226308968
10946000,10947000,100,1700226307989,1700226309137
10919000,10920000,63,1700226308101,1700226309335
10911000,10912000,54,1700226308565,1700226309720
10902000,10903000,24,1700226308562,1700226309826
10909000,10910000,47,1700226308550,1700226309900
10947000,10948000,100,1700226309039,1700226310069
10897000,10898000,13,1700226308831,1700226310086
10920000,10921000,63,1700226309197,1700226310392
10912000,10913000,54,1700226309632,1700226310780
10910000,10911000,47,1700226309710,1700226310896
10903000,10904000,24,1700226309698,1700226311067
10948000,10949000,100,1700226309970,1700226311133
10898000,10899000,13,1700226309975,1700226311245
10921000,10922000,63,1700226310269,1700226311449
10913000,10914000,54,1700226310693,1700226311984
10911000,10912000,47,1700226310781,1700226312028
10949000,10950000,100,1700226311003,1700226312145
10904000,10905000,24,1700226310835,1700226312163
10899000,10900000,13,1700226311124,1700226312409
10922000,10923000,63,1700226311329,1700226312566
10914000,10915000,54,1700226311880,1700226313048
10912000,10913000,47,1700226311926,1700226313068
10950000,10951000,100,1700226312037,1700226313258
10905000,10906000,24,1700226311902,1700226313379
