debs$start:INTEGER(64 bits),debs$end:INTEGER(64 bits),debs$sid:INTEGER(64 bits),debs$absolute_v:INTEGER(64 bits),timestamp
1700491044000,1700491045000,47,3928273,1700491045105
1700491044000,1700491045000,54,6078365,1700491045106
1700491044000,1700491045000,24,7024626,1700491045106
1700491044000,1700491045000,13,4836223,1700491045106
1700491044000,1700491045000,63,3170431,1700491045106
1700491044000,1700491045000,100,3377528,1700491045106
1700491045000,1700491046000,100,23753654,1700491046049
1700491045000,1700491046000,47,18978047,1700491046157
1700491045000,1700491046000,54,25868700,1700491046157
1700491045000,1700491046000,63,14207139,1700491046157
1700491045000,1700491046000,24,26969240,1700491046158
1700491045000,1700491046000,13,23743209,1700491046158
1700491046000,1700491047000,47,16733718,1700491047108
1700491046000,1700491047000,63,15470709,1700491047113
1700491046000,1700491047000,54,28752119,1700491047113
1700491046000,1700491047000,24,20557909,1700491047113
1700491046000,1700491047000,13,23033690,1700491047113
1700491046000,1700491047000,100,28746793,1700491047113
1700491047000,1700491048000,100,65037702,1700491048060
1700491047000,1700491048000,47,22248435,1700491048164
1700491047000,1700491048000,63,13634724,1700491048165
1700491047000,1700491048000,54,23714326,1700491048165
1700491047000,1700491048000,24,32366241,1700491048165
1700491047000,1700491048000,13,24324233,1700491048166
1700491048000,1700491049000,47,52793388,1700491049117
1700491048000,1700491049000,63,16888344,1700491049117
1700491048000,1700491049000,54,22967415,1700491049117
1700491048000,1700491049000,24,19993891,1700491049117
1700491048000,1700491049000,13,18202716,1700491049118
1700491048000,1700491049000,100,55354627,1700491049118
1700491049000,1700491050000,13,17282272,1700491050035
1700491049000,1700491050000,100,57745641,1700491050067
1700491049000,1700491050000,47,21990554,1700491050172
1700491049000,1700491050000,24,21904442,1700491050173
1700491049000,1700491050000,63,15644969,1700491050173
1700491049000,1700491050000,54,24542566,1700491050173
1700491050000,1700491051000,47,18782436,1700491051116
1700491050000,1700491051000,63,10679241,1700491051116
1700491050000,1700491051000,54,32112135,1700491051117
1700491050000,1700491051000,24,18996444,1700491051117
1700491050000,1700491051000,13,22519419,1700491051118
1700491050000,1700491051000,100,51040382,1700491051118
1700491051000,1700491052000,100,50498749,1700491052066
1700491051000,1700491052000,47,19883515,1700491052140
1700491051000,1700491052000,63,16168183,1700491052144
1700491051000,1700491052000,54,28603509,1700491052144
1700491051000,1700491052000,24,23561223,1700491052144
1700491051000,1700491052000,13,19462206,1700491052145
1700491052000,1700491053000,47,17260038,1700491053092
1700491052000,1700491053000,24,25448124,1700491053120
1700491052000,1700491053000,63,15436264,1700491053121
1700491052000,1700491053000,54,30879069,1700491053121
1700491052000,1700491053000,13,14854814,1700491053121
1700491052000,1700491053000,100,19861342,1700491053121
1700491053000,1700491054000,13,21155934,1700491054068
1700491053000,1700491054000,100,17137529,1700491054069
1700491053000,1700491054000,47,17574130,1700491054173
1700491053000,1700491054000,24,24526879,1700491054173
1700491053000,1700491054000,63,18511693,1700491054174
1700491053000,1700491054000,54,25680672,1700491054174
1700491054000,1700491055000,47,14658726,1700491055082
1700491054000,1700491055000,63,11740968,1700491055082
1700491054000,1700491055000,54,22107459,1700491055082
1700491054000,1700491055000,24,22371682,1700491055082
1700491054000,1700491055000,13,27690259,1700491055117
1700491054000,1700491055000,100,16936192,1700491055117
1700491055000,1700491056000,13,19441818,1700491056070
1700491055000,1700491056000,100,16978195,1700491056070
1700491055000,1700491056000,47,17127739,1700491056137
1700491055000,1700491056000,63,21917658,1700491056138
1700491055000,1700491056000,54,39961822,1700491056138
1700491055000,1700491056000,24,24929479,1700491056138
1700491056000,1700491057000,47,16742832,1700491057083
1700491056000,1700491057000,54,20263240,1700491057083
1700491056000,1700491057000,63,14610940,1700491057083
1700491056000,1700491057000,24,36696697,1700491057083
1700491056000,1700491057000,100,17935826,1700491057120
1700491056000,1700491057000,13,21710741,1700491057121
1700491057000,1700491058000,100,18330753,1700491058073
1700491057000,1700491058000,13,21798076,1700491058073
1700491057000,1700491058000,47,16198872,1700491058130
1700491057000,1700491058000,54,19235807,1700491058131
1700491057000,1700491058000,63,15605248,1700491058131
1700491057000,1700491058000,24,31516517,1700491058131
1700491058000,1700491059000,47,16009705,1700491059080
1700491058000,1700491059000,54,25538063,1700491059080
1700491058000,1700491059000,63,12874055,1700491059080
1700491058000,1700491059000,24,39561904,1700491059081
1700491058000,1700491059000,13,22768556,1700491059130
1700491058000,1700491059000,100,23782065,1700491059131
1700491059000,1700491060000,13,18942420,1700491060079
1700491059000,1700491060000,100,16998863,1700491060080
1700491059000,1700491060000,47,19639484,1700491060129
1700491059000,1700491060000,54,21202762,1700491060129
1700491059000,1700491060000,63,13327183,1700491060129
1700491059000,1700491060000,24,37175346,1700491060130
1700491060000,1700491061000,47,11148378,1700491061069
1700491060000,1700491061000,54,20541933,1700491061070
1700491060000,1700491061000,24,22542217,1700491061070
1700491060000,1700491061000,63,15876579,1700491061072
1700491060000,1700491061000,100,21410557,1700491061127
1700491060000,1700491061000,13,18192141,1700491061127
1700491061000,1700491062000,13,18900256,1700491062080
1700491061000,1700491062000,100,21819882,1700491062080
1700491061000,1700491062000,47,16573205,1700491062126
1700491061000,1700491062000,54,21290277,1700491062126
1700491061000,1700491062000,24,24023133,1700491062127
1700491061000,1700491062000,63,15730573,1700491062130
1700491062000,1700491063000,54,25313621,1700491063068
1700491062000,1700491063000,47,13388485,1700491063069
1700491062000,1700491063000,24,36113291,1700491063069
1700491062000,1700491063000,63,15653529,1700491063075
1700491062000,1700491063000,13,22422334,1700491063140
1700491062000,1700491063000,100,21899663,1700491063140
1700491063000,1700491064000,13,22294935,1700491064087
1700491063000,1700491064000,100,18606223,1700491064087
1700491063000,1700491064000,54,51523568,1700491064129
1700491063000,1700491064000,47,26776172,1700491064130
1700491063000,1700491064000,63,16010220,1700491064130
1700491063000,1700491064000,24,30778271,1700491064130
1700491064000,1700491065000,100,21860757,1700491065038
1700491064000,1700491065000,54,21632768,1700491065078
1700491064000,1700491065000,47,18302497,1700491065079
1700491064000,1700491065000,63,17319709,1700491065079
1700491064000,1700491065000,24,26328560,1700491065079
1700491064000,1700491065000,13,23979998,1700491065144
1700491065000,1700491066000,13,18440729,1700491066096
1700491065000,1700491066000,100,17144327,1700491066097
1700491065000,1700491066000,47,21871048,1700491066129
1700491065000,1700491066000,54,33081305,1700491066130
1700491065000,1700491066000,63,40992309,1700491066130
1700491065000,1700491066000,24,25140378,1700491066130
1700491066000,1700491067000,100,15752098,1700491067043
1700491066000,1700491067000,47,44097542,1700491067052
1700491066000,1700491067000,54,17890471,1700491067083
1700491066000,1700491067000,24,24540928,1700491067084
1700491066000,1700491067000,63,14782392,1700491067084
1700491066000,1700491067000,13,18060817,1700491067148
1700491067000,1700491068000,13,21489794,1700491068095
1700491067000,1700491068000,100,23272979,1700491068096
1700491067000,1700491068000,47,29750375,1700491068130
1700491067000,1700491068000,54,21096561,1700491068130
1700491067000,1700491068000,24,30568447,1700491068130
1700491067000,1700491068000,63,16230201,1700491068137
1700491068000,1700491069000,100,13555963,1700491069044
1700491068000,1700491069000,47,43498019,1700491069075
1700491068000,1700491069000,54,16625732,1700491069076
1700491068000,1700491069000,24,24574012,1700491069076
1700491068000,1700491069000,63,12466824,1700491069090
1700491068000,1700491069000,13,19875312,1700491069151
1700491069000,1700491070000,13,20731760,1700491070074
1700491069000,1700491070000,100,22428042,1700491070106
1700491069000,1700491070000,47,27083969,1700491070134
1700491069000,1700491070000,54,18930573,1700491070134
1700491069000,1700491070000,24,24917010,1700491070134
1700491069000,1700491070000,63,21077003,1700491070139
1700491070000,1700491071000,100,33018036,1700491071058
1700491070000,1700491071000,47,42588123,1700491071082
1700491070000,1700491071000,24,32781195,1700491071082
1700491070000,1700491071000,54,24895383,1700491071083
1700491070000,1700491071000,63,12189018,1700491071090
1700491070000,1700491071000,13,38502985,1700491071132
1700491071000,1700491072000,63,14568485,1700491072043
1700491071000,1700491072000,13,37282934,1700491072081
1700491071000,1700491072000,47,42556239,1700491072112
1700491071000,1700491072000,100,49186166,1700491072112
1700491071000,1700491072000,54,25522467,1700491072135
1700491071000,1700491072000,24,28373491,1700491072135
1700491072000,1700491073000,100,78714909,1700491073068
1700491072000,1700491073000,47,28717133,1700491073080
1700491072000,1700491073000,54,27324858,1700491073081
1700491072000,1700491073000,24,24887651,1700491073081
1700491072000,1700491073000,63,18636418,1700491073088
1700491072000,1700491073000,13,34561607,1700491073131
1700491073000,1700491074000,13,18870031,1700491074085
1700491073000,1700491074000,100,48266631,1700491074126
1700491073000,1700491074000,47,19952128,1700491074137
1700491073000,1700491074000,54,23537204,1700491074137
1700491073000,1700491074000,63,13280576,1700491074138
1700491073000,1700491074000,24,23995260,1700491074138
1700491074000,1700491075000,100,50794200,1700491075074
1700491074000,1700491075000,47,43397237,1700491075082
1700491074000,1700491075000,54,21581500,1700491075083
1700491074000,1700491075000,24,30441809,1700491075083
1700491074000,1700491075000,63,17166562,1700491075087
1700491074000,1700491075000,13,26831709,1700491075138
1700491075000,1700491076000,13,28493777,1700491076084
1700491075000,1700491076000,100,40181955,1700491076135
1700491075000,1700491076000,47,11925257,1700491076142
1700491075000,1700491076000,54,26699974,1700491076143
1700491075000,1700491076000,63,15099603,1700491076143
1700491075000,1700491076000,24,23669524,1700491076143
1700491076000,1700491077000,13,18709305,1700491077036
1700491076000,1700491077000,54,21434739,1700491077089
1700491076000,1700491077000,47,9567765,1700491077089
1700491076000,1700491077000,24,26127652,1700491077089
1700491076000,1700491077000,63,12968753,1700491077090
1700491076000,1700491077000,100,60095387,1700491077090
1700491077000,1700491078000,100,64545067,1700491078040
1700491077000,1700491078000,63,13426319,1700491078043
1700491077000,1700491078000,13,25179246,1700491078085
1700491077000,1700491078000,54,36325851,1700491078145
1700491077000,1700491078000,47,11737685,1700491078146
1700491077000,1700491078000,24,20645896,1700491078146
1700491078000,1700491079000,13,35051758,1700491079045
1700491078000,1700491079000,47,8220305,1700491079100
1700491078000,1700491079000,54,16808454,1700491079101
1700491078000,1700491079000,24,24489969,1700491079101
1700491078000,1700491079000,63,17833622,1700491079101
1700491078000,1700491079000,100,75101106,1700491079101
1700491079000,1700491080000,24,25338851,1700491080051
1700491079000,1700491080000,63,14447316,1700491080051
1700491079000,1700491080000,100,62594371,1700491080052
1700491079000,1700491080000,13,23319893,1700491080099
1700491079000,1700491080000,47,11929723,1700491080159
1700491079000,1700491080000,54,29256524,1700491080159
1700491080000,1700491081000,13,19505400,1700491081052
1700491080000,1700491081000,47,10692071,1700491081104
1700491080000,1700491081000,54,23131298,1700491081105
1700491080000,1700491081000,24,30757903,1700491081105
1700491080000,1700491081000,63,15942925,1700491081105
1700491080000,1700491081000,100,31175503,1700491081106
1700491081000,1700491082000,24,23574286,1700491082065
1700491081000,1700491082000,63,16124319,1700491082065
1700491081000,1700491082000,100,20463019,1700491082065
1700491081000,1700491082000,13,25850066,1700491082108
1700491081000,1700491082000,47,10341648,1700491082171
1700491081000,1700491082000,54,29884394,1700491082172
1700491082000,1700491083000,13,28023870,1700491083053
1700491082000,1700491083000,47,10599278,1700491083074
1700491082000,1700491083000,54,15540732,1700491083124
1700491082000,1700491083000,24,23262420,1700491083125
1700491082000,1700491083000,63,18196546,1700491083125
1700491082000,1700491083000,100,18781647,1700491083125
1700491083000,1700491084000,54,22995156,1700491084072
1700491083000,1700491084000,24,17577382,1700491084072
1700491083000,1700491084000,63,15148785,1700491084072
1700491083000,1700491084000,100,14718404,1700491084073
1700491083000,1700491084000,13,34891962,1700491084103
1700491083000,1700491084000,47,14538794,1700491084178
1700491084000,1700491085000,13,16939455,1700491085054
1700491084000,1700491085000,47,11072129,1700491085126
1700491084000,1700491085000,24,21114101,1700491085126
1700491084000,1700491085000,54,27907228,1700491085126
1700491084000,1700491085000,63,15361940,1700491085126
1700491084000,1700491085000,100,24127435,1700491085127
1700491085000,1700491086000,54,81372505,1700491086079
1700491085000,1700491086000,24,19141040,1700491086079
1700491085000,1700491086000,63,16859941,1700491086079
1700491085000,1700491086000,100,22978495,1700491086079
1700491085000,1700491086000,13,28710933,1700491086105
1700491085000,1700491086000,47,16377763,1700491086183
1700491086000,1700491087000,100,21122844,1700491087033
1700491086000,1700491087000,13,28088953,1700491087058
1700491086000,1700491087000,47,12795956,1700491087110
1700491086000,1700491087000,54,33576976,1700491087111
1700491086000,1700491087000,24,27183498,1700491087111
1700491086000,1700491087000,63,16565238,1700491087111
1700491087000,1700491088000,54,49365593,1700491088062
1700491087000,1700491088000,63,11490587,1700491088062
1700491087000,1700491088000,24,15851279,1700491088063
1700491087000,1700491088000,100,15621524,1700491088096
1700491087000,1700491088000,13,23069799,1700491088120
1700491087000,1700491088000,47,17650592,1700491088169
1700491088000,1700491089000,100,16493358,1700491089053
1700491088000,1700491089000,13,16655095,1700491089061
1700491088000,1700491089000,47,30825760,1700491089092
1700491088000,1700491089000,54,23211404,1700491089122
1700491088000,1700491089000,63,14881687,1700491089122
1700491088000,1700491089000,24,20601631,1700491089122
1700491089000,1700491090000,47,26745734,1700491090070
1700491089000,1700491090000,54,19254866,1700491090070
1700491089000,1700491090000,63,15231605,1700491090070
1700491089000,1700491090000,24,26317663,1700491090070
1700491089000,1700491090000,100,30167544,1700491090105
1700491089000,1700491090000,13,17534922,1700491090112
1700491090000,1700491091000,100,31943508,1700491091049
1700491090000,1700491091000,13,22265508,1700491091065
1700491090000,1700491091000,47,18605586,1700491091118
1700491090000,1700491091000,54,40404399,1700491091119
1700491090000,1700491091000,63,17272164,1700491091119
1700491090000,1700491091000,24,35286388,1700491091119
1700491091000,1700491092000,47,13792309,1700491092043
1700491091000,1700491092000,54,42589468,1700491092100
1700491091000,1700491092000,63,17401727,1700491092100
1700491091000,1700491092000,24,22876958,1700491092100
1700491091000,1700491092000,100,37633836,1700491092101
1700491091000,1700491092000,13,25234228,1700491092116
1700491092000,1700491093000,100,33709622,1700491093049
1700491092000,1700491093000,13,28971781,1700491093062
1700491092000,1700491093000,47,35919599,1700491093119
1700491092000,1700491093000,63,23174574,1700491093120
1700491092000,1700491093000,54,19642602,1700491093120
1700491092000,1700491093000,24,31366763,1700491093120
1700491093000,1700491094000,47,15425394,1700491094066
1700491093000,1700491094000,63,17352631,1700491094067
1700491093000,1700491094000,54,25685788,1700491094067
1700491093000,1700491094000,24,43809595,1700491094067
1700491093000,1700491094000,100,23240985,1700491094101
1700491093000,1700491094000,13,20359522,1700491094117
1700491094000,1700491095000,100,19929898,1700491095054
1700491094000,1700491095000,13,46854660,1700491095062
1700491094000,1700491095000,47,27750708,1700491095124
1700491094000,1700491095000,63,32507155,1700491095125
1700491094000,1700491095000,54,31248814,1700491095125
1700491094000,1700491095000,24,37400968,1700491095125
1700491095000,1700491096000,47,18961808,1700491096073
1700491095000,1700491096000,63,65356065,1700491096073
1700491095000,1700491096000,54,19356590,1700491096073
1700491095000,1700491096000,24,32025241,1700491096073
1700491095000,1700491096000,100,23776188,1700491096103
1700491095000,1700491096000,13,23121528,1700491096108
1700491096000,1700491097000,100,20551164,1700491097051
1700491096000,1700491097000,13,18752525,1700491097057
1700491096000,1700491097000,47,18866028,1700491097123
1700491096000,1700491097000,63,102883259,1700491097123
1700491096000,1700491097000,54,18932694,1700491097123
1700491096000,1700491097000,24,25958406,1700491097124
1700491097000,1700491098000,47,15495942,1700491098069
1700491097000,1700491098000,54,15848039,1700491098069
1700491097000,1700491098000,63,53841540,1700491098070
1700491097000,1700491098000,24,27955396,1700491098070
1700491097000,1700491098000,100,23263110,1700491098104
1700491097000,1700491098000,13,42079334,1700491098114
1700491098000,1700491099000,100,18068175,1700491099057
1700491098000,1700491099000,13,20830895,1700491099065
1700491098000,1700491099000,47,14408364,1700491099098
1700491098000,1700491099000,54,21997685,1700491099133
1700491098000,1700491099000,63,85893927,1700491099133
1700491098000,1700491099000,24,30147071,1700491099133
1700491099000,1700491100000,47,11137525,1700491100050
1700491099000,1700491100000,54,23355975,1700491100053
1700491099000,1700491100000,63,30616600,1700491100116
1700491099000,1700491100000,24,28390779,1700491100116
1700491099000,1700491100000,100,24744192,1700491100116
1700491099000,1700491100000,13,42085081,1700491100122
1700491100000,1700491101000,24,27781962,1700491101069
1700491100000,1700491101000,100,20005363,1700491101070
1700491100000,1700491101000,13,24824437,1700491101080
1700491100000,1700491101000,47,11253296,1700491101097
1700491100000,1700491101000,63,31521746,1700491101114
1700491100000,1700491101000,54,63913985,1700491101115
1700491101000,1700491102000,47,12552981,1700491102049
1700491101000,1700491102000,54,23026692,1700491102053
1700491101000,1700491102000,63,13842885,1700491102056
1700491101000,1700491102000,24,24121556,1700491102120
1700491101000,1700491102000,100,19913701,1700491102120
1700491101000,1700491102000,13,34132594,1700491102131
1700491102000,1700491103000,100,18831785,1700491103077
1700491102000,1700491103000,24,25039699,1700491103077
1700491102000,1700491103000,13,30076674,1700491103078
1700491102000,1700491103000,47,13633503,1700491103098
1700491102000,1700491103000,63,18795519,1700491103108
1700491102000,1700491103000,54,31760151,1700491103108
1700491103000,1700491104000,47,14162643,1700491104047
1700491103000,1700491104000,54,37879751,1700491104058
1700491103000,1700491104000,63,16190603,1700491104058
1700491103000,1700491104000,100,23701874,1700491104132
1700491103000,1700491104000,24,29676486,1700491104133
1700491103000,1700491104000,13,23135638,1700491104133
1700491104000,1700491105000,24,27099286,1700491105092
1700491104000,1700491105000,13,20199936,1700491105092
1700491104000,1700491105000,100,17264238,1700491105092
1700491104000,1700491105000,47,14576837,1700491105095
1700491104000,1700491105000,54,64574908,1700491105113
1700491104000,1700491105000,63,18094010,1700491105113
1700491105000,1700491106000,100,17991864,1700491106039
1700491105000,1700491106000,13,20262116,1700491106045
1700491105000,1700491106000,47,16138941,1700491106050
1700491105000,1700491106000,54,22313847,1700491106057
1700491105000,1700491106000,63,16169880,1700491106062
1700491105000,1700491106000,24,24687791,1700491106150
1700491106000,1700491107000,24,27668017,1700491107070
1700491106000,1700491107000,47,13151562,1700491107104
1700491106000,1700491107000,13,38101058,1700491107105
1700491106000,1700491107000,100,21161357,1700491107105
1700491106000,1700491107000,54,27196290,1700491107113
1700491106000,1700491107000,63,16147130,1700491107118
1700491107000,1700491108000,100,20060623,1700491108054
1700491107000,1700491108000,47,15263599,1700491108061
1700491107000,1700491108000,13,36048021,1700491108061
1700491107000,1700491108000,54,25054313,1700491108066
1700491107000,1700491108000,63,10979891,1700491108075
1700491107000,1700491108000,24,22326500,1700491108162
1700491108000,1700491109000,24,20095501,1700491109077
1700491108000,1700491109000,47,15293537,1700491109117
1700491108000,1700491109000,13,27578435,1700491109117
1700491108000,1700491109000,100,28440402,1700491109118
1700491108000,1700491109000,54,69760493,1700491109121
1700491108000,1700491109000,63,15755810,1700491109129
1700491109000,1700491110000,47,14089414,1700491110074
1700491109000,1700491110000,13,22013901,1700491110074
1700491109000,1700491110000,54,73300069,1700491110074
1700491109000,1700491110000,100,40474571,1700491110075
1700491109000,1700491110000,63,19257900,1700491110075
1700491109000,1700491110000,24,25177531,1700491110136
1700491110000,1700491111000,24,29766546,1700491111087
1700491110000,1700491111000,47,14356464,1700491111131
1700491110000,1700491111000,13,30250457,1700491111131
1700491110000,1700491111000,63,40011368,1700491111131
1700491110000,1700491111000,54,146065615,1700491111132
1700491110000,1700491111000,100,83481466,1700491111132
1700491111000,1700491112000,47,22038968,1700491112043
1700491111000,1700491112000,13,23171342,1700491112082
1700491111000,1700491112000,63,100159555,1700491112082
1700491111000,1700491112000,54,202375091,1700491112082
1700491111000,1700491112000,100,70199839,1700491112083
1700491111000,1700491112000,24,31258523,1700491112142
1700491112000,1700491113000,100,82698286,1700491113041
1700491112000,1700491113000,47,25778397,1700491113089
1700491112000,1700491113000,24,37842806,1700491113090
1700491112000,1700491113000,63,209924082,1700491113148
1700491112000,1700491113000,54,178924407,1700491113148
1700491112000,1700491113000,13,28629973,1700491113148
1700491113000,1700491114000,47,161520992,1700491114035
1700491113000,1700491114000,63,169143358,1700491114097
1700491113000,1700491114000,54,178833248,1700491114097
1700491113000,1700491114000,13,24373645,1700491114097
1700491113000,1700491114000,100,71873162,1700491114097
1700491113000,1700491114000,24,122139651,1700491114139
1700491114000,1700491115000,100,69772896,1700491115046
1700491114000,1700491115000,47,45008186,1700491115093
1700491114000,1700491115000,24,91652819,1700491115094
1700491114000,1700491115000,63,158297882,1700491115155
1700491114000,1700491115000,54,207809237,1700491115156
1700491114000,1700491115000,13,37596941,1700491115156
1700491115000,1700491116000,24,141709830,1700491116046
1700491115000,1700491116000,63,168797649,1700491116105
1700491115000,1700491116000,54,128043805,1700491116105
1700491115000,1700491116000,13,28808445,1700491116106
1700491115000,1700491116000,100,30363678,1700491116106
1700491115000,1700491116000,47,188401965,1700491116151
1700491116000,1700491117000,100,97202931,1700491117048
1700491116000,1700491117000,47,109634871,1700491117103
1700491116000,1700491117000,24,164674332,1700491117104
1700491116000,1700491117000,63,49175245,1700491117156
1700491116000,1700491117000,54,67526830,1700491117156
1700491116000,1700491117000,13,149882246,1700491117157
1700491117000,1700491118000,24,146651200,1700491118062
1700491117000,1700491118000,54,118670204,1700491118111
1700491117000,1700491118000,63,36644518,1700491118111
1700491117000,1700491118000,13,139165838,1700491118112
1700491117000,1700491118000,100,54371833,1700491118112
1700491117000,1700491118000,47,154061850,1700491118131
1700491118000,1700491119000,100,67408267,1700491119064
1700491118000,1700491119000,47,192697766,1700491119072
1700491118000,1700491119000,54,59096427,1700491119170
1700491118000,1700491119000,24,117804797,1700491119170
1700491118000,1700491119000,63,52984283,1700491119170
1700491118000,1700491119000,13,258712960,1700491119171
1700491119000,1700491120000,54,24998781,1700491120084
1700491119000,1700491120000,24,213063895,1700491120084
1700491119000,1700491120000,63,52283385,1700491120085
1700491119000,1700491120000,13,258365641,1700491120085
1700491119000,1700491120000,47,68861689,1700491120125
1700491119000,1700491120000,100,83236489,1700491120125
1700491120000,1700491121000,47,63354025,1700491121080
1700491120000,1700491121000,100,74731509,1700491121081
1700491120000,1700491121000,54,110661771,1700491121140
1700491120000,1700491121000,63,59646634,1700491121140
1700491120000,1700491121000,24,164428550,1700491121140
1700491120000,1700491121000,13,136153974,1700491121140
1700491121000,1700491122000,13,148364834,1700491122092
1700491121000,1700491122000,54,54606200,1700491122093
1700491121000,1700491122000,63,23148679,1700491122093
1700491121000,1700491122000,24,50574128,1700491122093
1700491121000,1700491122000,47,28212594,1700491122131
1700491121000,1700491122000,100,80229116,1700491122132
1700491122000,1700491123000,13,104036590,1700491123044
1700491122000,1700491123000,24,53439300,1700491123045
1700491122000,1700491123000,47,81806973,1700491123088
1700491122000,1700491123000,100,54550168,1700491123089
1700491122000,1700491123000,63,52268319,1700491123153
1700491122000,1700491123000,54,32925587,1700491123153
1700491123000,1700491124000,13,84092951,1700491124102
1700491123000,1700491124000,63,19244871,1700491124108
1700491123000,1700491124000,54,137699719,1700491124108
1700491123000,1700491124000,24,45787632,1700491124109
1700491123000,1700491124000,47,91307396,1700491124142
1700491123000,1700491124000,100,61518588,1700491124142
1700491124000,1700491125000,13,30208607,1700491125056
1700491124000,1700491125000,24,22966431,1700491125060
1700491124000,1700491125000,54,84216728,1700491125071
1700491124000,1700491125000,47,16209162,1700491125071
1700491124000,1700491125000,100,52033338,1700491125099
1700491124000,1700491125000,63,17750613,1700491125169
1700491125000,1700491126000,100,32078190,1700491126055
1700491125000,1700491126000,63,15623141,1700491126088
1700491125000,1700491126000,54,188424253,1700491126088
1700491125000,1700491126000,24,32829194,1700491126118
1700491125000,1700491126000,47,18027551,1700491126119
1700491125000,1700491126000,13,31039464,1700491126119
1700491126000,1700491127000,13,46889655,1700491127067
1700491126000,1700491127000,24,37371112,1700491127068
1700491126000,1700491127000,47,54305108,1700491127070
1700491126000,1700491127000,100,86109321,1700491127119
1700491126000,1700491127000,63,32370935,1700491127136
1700491126000,1700491127000,54,96944254,1700491127136
1700491127000,1700491128000,100,93030939,1700491128076
1700491127000,1700491128000,63,104558779,1700491128081
1700491127000,1700491128000,54,20650543,1700491128081
1700491127000,1700491128000,24,99890268,1700491128124
1700491127000,1700491128000,47,34751986,1700491128124
1700491127000,1700491128000,13,35918098,1700491128125
1700491128000,1700491129000,13,49209974,1700491129074
1700491128000,1700491129000,47,30297031,1700491129083
1700491128000,1700491129000,24,248967243,1700491129083
1700491128000,1700491129000,100,77945763,1700491129132
1700491128000,1700491129000,63,39714798,1700491129137
1700491128000,1700491129000,54,22942004,1700491129137
1700491129000,1700491130000,100,119565714,1700491130080
1700491129000,1700491130000,63,23505202,1700491130085
1700491129000,1700491130000,54,29897587,1700491130085
1700491129000,1700491130000,13,56285913,1700491130124
1700491129000,1700491130000,47,95260944,1700491130144
1700491129000,1700491130000,24,151441245,1700491130144
1700491130000,1700491131000,13,40138982,1700491131081
1700491130000,1700491131000,47,38192943,1700491131083
1700491130000,1700491131000,24,56648514,1700491131083
1700491130000,1700491131000,63,24222808,1700491131138
1700491130000,1700491131000,54,108575653,1700491131139
1700491130000,1700491131000,100,70954402,1700491131139
1700491131000,1700491132000,63,24725280,1700491132085
1700491131000,1700491132000,54,104820283,1700491132085
1700491131000,1700491132000,100,64481967,1700491132086
1700491131000,1700491132000,47,38469176,1700491132139
1700491131000,1700491132000,24,20646314,1700491132140
1700491131000,1700491132000,13,29932074,1700491132140
1700491132000,1700491133000,13,25391458,1700491133079
1700491132000,1700491133000,47,74154633,1700491133080
1700491132000,1700491133000,24,46640793,1700491133080
1700491132000,1700491133000,63,37796880,1700491133136
1700491132000,1700491133000,54,121955199,1700491133136
1700491132000,1700491133000,100,60256809,1700491133136
1700491133000,1700491134000,24,42709700,1700491134041
1700491133000,1700491134000,63,29358559,1700491134088
1700491133000,1700491134000,54,44116201,1700491134088
1700491133000,1700491134000,100,54981196,1700491134089
1700491133000,1700491134000,47,57312511,1700491134135
1700491133000,1700491134000,13,23494777,1700491134135
1700491134000,1700491135000,100,27654832,1700491135042
1700491134000,1700491135000,13,19492193,1700491135077
1700491134000,1700491135000,47,74930067,1700491135091
1700491134000,1700491135000,24,178403061,1700491135091
1700491134000,1700491135000,63,25467229,1700491135147
1700491134000,1700491135000,54,104698144,1700491135148
1700491135000,1700491136000,13,21027947,1700491136042
1700491135000,1700491136000,24,49762492,1700491136047
1700491135000,1700491136000,63,18711334,1700491136100
1700491135000,1700491136000,54,81903838,1700491136100
1700491135000,1700491136000,100,28762298,1700491136100
1700491135000,1700491136000,47,32919695,1700491136147
1700491136000,1700491137000,100,25634424,1700491137053
1700491136000,1700491137000,47,60283065,1700491137095
1700491136000,1700491137000,24,125980964,1700491137095
1700491136000,1700491137000,13,25655895,1700491137096
1700491136000,1700491137000,63,19952783,1700491137125
1700491136000,1700491137000,54,82909892,1700491137125
1700491137000,1700491138000,13,38565497,1700491138049
1700491137000,1700491138000,24,33792125,1700491138049
1700491137000,1700491138000,63,15192338,1700491138073
1700491137000,1700491138000,54,57700004,1700491138073
1700491137000,1700491138000,100,102187909,1700491138111
1700491137000,1700491138000,47,82044373,1700491138155
1700491138000,1700491139000,100,101859970,1700491139071
1700491138000,1700491139000,13,36323651,1700491139090
1700491138000,1700491139000,47,23193998,1700491139105
1700491138000,1700491139000,24,102188469,1700491139105
1700491138000,1700491139000,63,19242016,1700491139121
1700491138000,1700491139000,54,35256997,1700491139121
1700491139000,1700491140000,13,30896145,1700491140048
1700491139000,1700491140000,24,43823832,1700491140061
1700491139000,1700491140000,63,16776964,1700491140070
1700491139000,1700491140000,54,30809042,1700491140070
1700491139000,1700491140000,100,41091356,1700491140132
1700491139000,1700491140000,47,57645356,1700491140151
1700491140000,1700491141000,100,88174726,1700491141087
1700491140000,1700491141000,47,17432826,1700491141095
1700491140000,1700491141000,13,27835690,1700491141095
1700491140000,1700491141000,24,47491409,1700491141119
1700491140000,1700491141000,63,14216553,1700491141124
1700491140000,1700491141000,54,30585232,1700491141124
1700491141000,1700491142000,100,99746959,1700491142041
1700491141000,1700491142000,13,27356638,1700491142051
1700491141000,1700491142000,24,146410777,1700491142069
1700491141000,1700491142000,63,13292259,1700491142071
1700491141000,1700491142000,54,72755499,1700491142072
1700491141000,1700491142000,47,22953162,1700491142156
1700491142000,1700491143000,100,314147117,1700491143097
1700491142000,1700491143000,47,53673935,1700491143105
1700491142000,1700491143000,13,27051560,1700491143106
1700491142000,1700491143000,24,102151541,1700491143120
1700491142000,1700491143000,63,49969920,1700491143121
1700491142000,1700491143000,54,53458858,1700491143121
1700491143000,1700491144000,100,335329216,1700491144044
1700491143000,1700491144000,13,22655399,1700491144056
1700491143000,1700491144000,63,24177610,1700491144082
1700491143000,1700491144000,54,58331049,1700491144082
1700491143000,1700491144000,24,123298529,1700491144082
1700491143000,1700491144000,47,19903969,1700491144164
1700491144000,1700491145000,100,662584587,1700491145104
1700491144000,1700491145000,47,20497471,1700491145109
1700491144000,1700491145000,13,108699766,1700491145109
1700491144000,1700491145000,63,151830362,1700491145137
1700491144000,1700491145000,54,26518282,1700491145138
1700491144000,1700491145000,24,50465106,1700491145138
1700491145000,1700491146000,13,33067529,1700491146063
1700491145000,1700491146000,100,675578954,1700491146063
1700491145000,1700491146000,63,74643657,1700491146093
1700491145000,1700491146000,54,19220889,1700491146094
1700491145000,1700491146000,24,59788191,1700491146094
1700491145000,1700491146000,47,27828015,1700491146168
1700491146000,1700491147000,47,19220802,1700491147120
1700491146000,1700491147000,13,27924459,1700491147120
1700491146000,1700491147000,100,849839996,1700491147120
1700491146000,1700491147000,63,162429054,1700491147145
1700491146000,1700491147000,54,23842222,1700491147145
1700491146000,1700491147000,24,28677329,1700491147146
1700491147000,1700491148000,13,27821212,1700491148069
1700491147000,1700491148000,100,748393297,1700491148070
1700491147000,1700491148000,63,84468826,1700491148094
1700491147000,1700491148000,54,23232796,1700491148094
1700491147000,1700491148000,24,48970266,1700491148094
1700491147000,1700491148000,47,18512495,1700491148137
1700491148000,1700491149000,24,20323211,1700491149045
1700491148000,1700491149000,47,22279092,1700491149078
1700491148000,1700491149000,13,24457757,1700491149116
1700491148000,1700491149000,100,785583315,1700491149116
1700491148000,1700491149000,63,99921711,1700491149118
1700491148000,1700491149000,54,39810986,1700491149119
1700491149000,1700491150000,13,31053740,1700491150060
1700491149000,1700491150000,100,774810116,1700491150061
1700491149000,1700491150000,63,18084318,1700491150065
1700491149000,1700491150000,54,98724284,1700491150065
1700491149000,1700491150000,24,27635653,1700491150108
1700491149000,1700491150000,47,24457333,1700491150123
1700491150000,1700491151000,24,24013053,1700491151059
1700491150000,1700491151000,47,19329541,1700491151071
1700491150000,1700491151000,13,30355638,1700491151120
1700491150000,1700491151000,63,27703322,1700491151120
1700491150000,1700491151000,54,335122095,1700491151121
1700491150000,1700491151000,100,940227991,1700491151121
1700491151000,1700491152000,13,43855186,1700491152071
1700491151000,1700491152000,54,483712520,1700491152071
1700491151000,1700491152000,100,260521259,1700491152071
1700491151000,1700491152000,24,25030773,1700491152113
1700491151000,1700491152000,47,39528061,1700491152120
1700491151000,1700491152000,63,139878316,1700491152176
1700491152000,1700491153000,24,62926187,1700491153068
1700491152000,1700491153000,47,87621795,1700491153074
1700491152000,1700491153000,63,86306305,1700491153125
1700491152000,1700491153000,13,30198919,1700491153126
1700491152000,1700491153000,54,537285507,1700491153126
1700491152000,1700491153000,100,249512783,1700491153126
1700491153000,1700491154000,13,31755065,1700491154069
1700491153000,1700491154000,54,248257697,1700491154069
1700491153000,1700491154000,100,235988043,1700491154070
1700491153000,1700491154000,47,136883365,1700491154129
1700491153000,1700491154000,24,50513150,1700491154130
1700491153000,1700491154000,63,232544075,1700491154133
1700491154000,1700491155000,47,193835982,1700491155085
1700491154000,1700491155000,24,89405978,1700491155086
1700491154000,1700491155000,63,257824157,1700491155086
1700491154000,1700491155000,54,268281240,1700491155134
1700491154000,1700491155000,13,42679915,1700491155134
1700491154000,1700491155000,100,291625388,1700491155135
1700491155000,1700491156000,24,172232039,1700491156084
1700491155000,1700491156000,13,39953756,1700491156085
1700491155000,1700491156000,54,236755814,1700491156085
1700491155000,1700491156000,100,214337303,1700491156085
1700491155000,1700491156000,63,261882319,1700491156188
1700491155000,1700491156000,47,233582314,1700491156189
1700491156000,1700491157000,100,223845224,1700491157038
1700491156000,1700491157000,63,193242893,1700491157104
1700491156000,1700491157000,47,248192323,1700491157105
1700491156000,1700491157000,24,91088631,1700491157105
1700491156000,1700491157000,13,162877313,1700491157106
1700491156000,1700491157000,54,170481925,1700491157142
1700491157000,1700491158000,47,256646814,1700491158090
1700491157000,1700491158000,24,101274814,1700491158090
1700491157000,1700491158000,13,315451586,1700491158090
1700491157000,1700491158000,54,111301672,1700491158090
1700491157000,1700491158000,100,124429218,1700491158090
1700491157000,1700491158000,63,183326295,1700491158194
1700491158000,1700491159000,63,87543676,1700491159133
1700491158000,1700491159000,47,271671907,1700491159133
1700491158000,1700491159000,24,85323526,1700491159133
1700491158000,1700491159000,13,304773147,1700491159133
1700491158000,1700491159000,54,106679855,1700491159134
1700491158000,1700491159000,100,148610047,1700491159134
1700491159000,1700491160000,47,172201441,1700491160082
1700491159000,1700491160000,24,165624865,1700491160082
1700491159000,1700491160000,13,204394759,1700491160082
1700491159000,1700491160000,100,90640537,1700491160082
1700491159000,1700491160000,54,141320253,1700491160083
1700491159000,1700491160000,63,154956188,1700491160188
1700491160000,1700491161000,63,152391550,1700491161135
1700491160000,1700491161000,47,148850016,1700491161136
1700491160000,1700491161000,24,141238139,1700491161136
1700491160000,1700491161000,13,222069510,1700491161136
1700491160000,1700491161000,100,169668784,1700491161136
1700491160000,1700491161000,54,128026353,1700491161139
1700491161000,1700491162000,47,201806363,1700491162038
1700491161000,1700491162000,24,65854596,1700491162082
1700491161000,1700491162000,13,251122830,1700491162082
1700491161000,1700491162000,100,147334653,1700491162083
1700491161000,1700491162000,54,77663074,1700491162085
1700491161000,1700491162000,63,88984792,1700491162144
1700491162000,1700491163000,100,226100716,1700491163037
1700491162000,1700491163000,63,68759942,1700491163087
1700491162000,1700491163000,47,179362646,1700491163087
1700491162000,1700491163000,24,137391161,1700491163144
1700491162000,1700491163000,13,329188974,1700491163145
1700491162000,1700491163000,54,111695497,1700491163145
1700491163000,1700491164000,13,317581262,1700491164101
1700491163000,1700491164000,54,91150050,1700491164101
1700491163000,1700491164000,24,29936071,1700491164101
1700491163000,1700491164000,100,180510119,1700491164101
1700491163000,1700491164000,63,60829536,1700491164138
1700491163000,1700491164000,47,116099715,1700491164139
1700491164000,1700491165000,100,213666218,1700491165056
1700491164000,1700491165000,63,74932514,1700491165090
1700491164000,1700491165000,47,107563094,1700491165090
1700491164000,1700491165000,13,282118341,1700491165126
1700491164000,1700491165000,54,66610232,1700491165161
1700491164000,1700491165000,24,144824213,1700491165162
1700491165000,1700491166000,54,111349247,1700491166071
1700491165000,1700491166000,13,422971159,1700491166072
1700491165000,1700491166000,24,47751113,1700491166114
1700491165000,1700491166000,100,280943212,1700491166114
1700491165000,1700491166000,63,62978788,1700491166139
1700491165000,1700491166000,47,117236280,1700491166139
1700491166000,1700491167000,24,26778798,1700491167067
1700491166000,1700491167000,100,273268424,1700491167067
1700491166000,1700491167000,47,38608838,1700491167093
1700491166000,1700491167000,63,126650410,1700491167125
1700491166000,1700491167000,54,81397110,1700491167125
1700491166000,1700491167000,13,295491001,1700491167125
1700491167000,1700491168000,47,17130344,1700491168039
1700491167000,1700491168000,54,69773850,1700491168073
1700491167000,1700491168000,13,198348771,1700491168073
1700491167000,1700491168000,24,78229874,1700491168124
1700491167000,1700491168000,100,224168413,1700491168124
1700491167000,1700491168000,63,45523065,1700491168180
1700491168000,1700491169000,24,34553824,1700491169047
1700491168000,1700491169000,100,191496636,1700491169080
1700491168000,1700491169000,47,16609012,1700491169089
1700491168000,1700491169000,63,132357031,1700491169130
1700491168000,1700491169000,54,73286229,1700491169131
1700491168000,1700491169000,13,159942893,1700491169131
1700491169000,1700491170000,63,70317980,1700491170074
1700491169000,1700491170000,54,119123060,1700491170074
1700491169000,1700491170000,13,32927011,1700491170074
1700491169000,1700491170000,24,129641314,1700491170135
1700491169000,1700491170000,100,195093947,1700491170135
1700491169000,1700491170000,47,19665883,1700491170138
1700491170000,1700491171000,24,55495666,1700491171081
1700491170000,1700491171000,100,244272983,1700491171082
1700491170000,1700491171000,47,100406145,1700491171092
1700491170000,1700491171000,63,108585340,1700491171130
1700491170000,1700491171000,54,131173346,1700491171130
1700491170000,1700491171000,13,23534657,1700491171130
1700491171000,1700491172000,63,188079690,1700491172077
1700491171000,1700491172000,54,194382505,1700491172077
1700491171000,1700491172000,13,205428269,1700491172078
1700491171000,1700491172000,24,33448027,1700491172143
1700491171000,1700491172000,47,143169315,1700491172143
1700491171000,1700491172000,100,265033822,1700491172144
1700491172000,1700491173000,24,66591879,1700491173093
1700491172000,1700491173000,47,80303232,1700491173094
1700491172000,1700491173000,100,122490883,1700491173094
1700491172000,1700491173000,63,462211581,1700491173133
1700491172000,1700491173000,54,430503615,1700491173133
1700491172000,1700491173000,13,128739760,1700491173133
1700491173000,1700491174000,100,190403190,1700491174048
1700491173000,1700491174000,63,419927561,1700491174086
1700491173000,1700491174000,54,488601826,1700491174086
1700491173000,1700491174000,13,143463351,1700491174086
1700491173000,1700491174000,24,104394074,1700491174153
1700491173000,1700491174000,47,219335731,1700491174153
1700491174000,1700491175000,24,150279978,1700491175072
1700491174000,1700491175000,47,109013894,1700491175108
1700491174000,1700491175000,100,299201407,1700491175109
1700491174000,1700491175000,63,355691363,1700491175141
1700491174000,1700491175000,54,641351577,1700491175142
1700491174000,1700491175000,13,141373785,1700491175142
1700491175000,1700491176000,100,252721137,1700491176050
1700491175000,1700491176000,54,438212903,1700491176088
1700491175000,1700491176000,13,36613253,1700491176092
1700491175000,1700491176000,47,404003002,1700491176158
1700491175000,1700491176000,24,156026786,1700491176158
1700491175000,1700491176000,63,317442019,1700491176194
1700491176000,1700491177000,13,38165497,1700491177041
1700491176000,1700491177000,47,258137196,1700491177108
1700491176000,1700491177000,24,62807591,1700491177109
1700491176000,1700491177000,63,339350300,1700491177109
1700491176000,1700491177000,100,155635383,1700491177109
1700491176000,1700491177000,54,433595072,1700491177147
1700491177000,1700491178000,100,146307435,1700491178057
1700491177000,1700491178000,54,487208477,1700491178092
1700491177000,1700491178000,13,146728348,1700491178092
1700491177000,1700491178000,47,304412332,1700491178164
1700491177000,1700491178000,24,350980743,1700491178164
1700491177000,1700491178000,63,439979022,1700491178164
1700491178000,1700491179000,13,47439884,1700491179040
1700491178000,1700491179000,47,350455232,1700491179117
1700491178000,1700491179000,24,426190957,1700491179117
1700491178000,1700491179000,63,343499647,1700491179117
1700491178000,1700491179000,54,480619723,1700491179118
1700491178000,1700491179000,100,160035679,1700491179118
1700491179000,1700491180000,24,342448554,1700491180067
1700491179000,1700491180000,100,143743939,1700491180067
1700491179000,1700491180000,63,337410808,1700491180096
1700491179000,1700491180000,54,592085118,1700491180096
1700491179000,1700491180000,13,77447300,1700491180097
1700491179000,1700491180000,47,372878708,1700491180173
1700491180000,1700491181000,13,59593231,1700491181043
1700491180000,1700491181000,47,421316694,1700491181077
1700491180000,1700491181000,24,590859300,1700491181128
1700491180000,1700491181000,100,168958225,1700491181128
1700491180000,1700491181000,63,252697708,1700491181149
1700491180000,1700491181000,54,723064119,1700491181149
1700491181000,1700491182000,24,435906481,1700491182080
1700491181000,1700491182000,100,163263799,1700491182081
1700491181000,1700491182000,63,197472060,1700491182096
1700491181000,1700491182000,54,203807395,1700491182097
1700491181000,1700491182000,13,95734997,1700491182097
1700491181000,1700491182000,47,514004315,1700491182118
1700491182000,1700491183000,13,229634829,1700491183051
1700491182000,1700491183000,47,480771967,1700491183065
1700491182000,1700491183000,24,611835929,1700491183133
1700491182000,1700491183000,100,136689055,1700491183133
1700491182000,1700491183000,63,124710631,1700491183156
1700491182000,1700491183000,54,582502493,1700491183157
1700491183000,1700491184000,24,413207530,1700491184081
1700491183000,1700491184000,100,186263243,1700491184082
1700491183000,1700491184000,63,226520905,1700491184101
1700491183000,1700491184000,54,865133761,1700491184101
1700491183000,1700491184000,13,177882647,1700491184101
1700491183000,1700491184000,47,727186879,1700491184109
1700491184000,1700491185000,13,34917482,1700491185056
1700491184000,1700491185000,47,805136569,1700491185059
1700491184000,1700491185000,63,289947960,1700491185107
1700491184000,1700491185000,24,493873754,1700491185107
1700491184000,1700491185000,54,730789290,1700491185139
1700491184000,1700491185000,100,270935226,1700491185139
1700491185000,1700491186000,24,437102117,1700491186088
1700491185000,1700491186000,54,342601576,1700491186088
1700491185000,1700491186000,100,254403170,1700491186089
1700491185000,1700491186000,13,129753862,1700491186106
1700491185000,1700491186000,47,182095270,1700491186113
1700491185000,1700491186000,63,151195385,1700491186193
1700491186000,1700491187000,100,233072537,1700491187033
1700491186000,1700491187000,13,157316229,1700491187057
1700491186000,1700491187000,47,454843760,1700491187063
1700491186000,1700491187000,63,187898008,1700491187090
1700491186000,1700491187000,24,553759205,1700491187140
1700491186000,1700491187000,54,283236970,1700491187141
1700491187000,1700491188000,24,345431686,1700491188086
1700491187000,1700491188000,54,441864560,1700491188086
1700491187000,1700491188000,100,118497742,1700491188086
1700491187000,1700491188000,13,275342801,1700491188107
1700491187000,1700491188000,47,701086409,1700491188112
1700491187000,1700491188000,63,408861019,1700491188192
1700491188000,1700491189000,100,162868391,1700491189040
1700491188000,1700491189000,47,643127133,1700491189068
1700491188000,1700491189000,13,49171227,1700491189068
1700491188000,1700491189000,63,625317307,1700491189089
1700491188000,1700491189000,24,608807597,1700491189147
1700491188000,1700491189000,54,656352646,1700491189147
1700491189000,1700491190000,24,760809846,1700491190098
1700491189000,1700491190000,54,781052783,1700491190098
1700491189000,1700491190000,100,315453010,1700491190099
1700491189000,1700491190000,47,423553492,1700491190125
1700491189000,1700491190000,13,223977446,1700491190125
1700491189000,1700491190000,63,585484989,1700491190140
1700491190000,1700491191000,100,457093552,1700491191059
1700491190000,1700491191000,47,512256061,1700491191081
1700491190000,1700491191000,13,47766448,1700491191082
1700491190000,1700491191000,63,627429350,1700491191091
1700491190000,1700491191000,54,592142940,1700491191127
1700491190000,1700491191000,24,893399374,1700491191127
1700491191000,1700491192000,13,106112390,1700491192041
1700491191000,1700491192000,63,352030501,1700491192042
1700491191000,1700491192000,54,453425563,1700491192076
1700491191000,1700491192000,24,723867449,1700491192077
1700491191000,1700491192000,100,506474567,1700491192117
1700491191000,1700491192000,47,584165064,1700491192147
1700491192000,1700491193000,100,381958305,1700491193070
1700491192000,1700491193000,47,690536151,1700491193097
1700491192000,1700491193000,63,478985685,1700491193098
1700491192000,1700491193000,13,260278348,1700491193098
1700491192000,1700491193000,54,655213050,1700491193134
1700491192000,1700491193000,24,333823692,1700491193134
1700491193000,1700491194000,13,202176834,1700491194052
1700491193000,1700491194000,54,374620117,1700491194078
1700491193000,1700491194000,24,497946470,1700491194079
1700491193000,1700491194000,47,722002189,1700491194127
1700491193000,1700491194000,100,243259651,1700491194127
1700491193000,1700491194000,63,534088829,1700491194159
1700491194000,1700491195000,100,143930478,1700491195072
1700491194000,1700491195000,47,692392075,1700491195085
1700491194000,1700491195000,63,500743033,1700491195113
1700491194000,1700491195000,13,194338043,1700491195114
1700491194000,1700491195000,54,345871786,1700491195137
1700491194000,1700491195000,24,911314447,1700491195138
1700491195000,1700491196000,13,208177339,1700491196070
1700491195000,1700491196000,54,433939638,1700491196085
1700491195000,1700491196000,24,768687422,1700491196085
1700491195000,1700491196000,100,166862106,1700491196123
1700491195000,1700491196000,47,654100730,1700491196130
1700491195000,1700491196000,63,444610978,1700491196135
1700491196000,1700491197000,100,91279494,1700491197072
1700491196000,1700491197000,63,475832060,1700491197083
1700491196000,1700491197000,47,343468079,1700491197083
1700491196000,1700491197000,13,206338209,1700491197130
1700491196000,1700491197000,54,505801536,1700491197142
1700491196000,1700491197000,24,672239570,1700491197142
1700491197000,1700491198000,54,798699731,1700491198084
1700491197000,1700491198000,24,446161218,1700491198084
1700491197000,1700491198000,13,188979714,1700491198085
1700491197000,1700491198000,100,96093001,1700491198126
1700491197000,1700491198000,63,579182665,1700491198132
1700491197000,1700491198000,47,456331114,1700491198132
1700491198000,1700491199000,100,114275474,1700491199076
1700491198000,1700491199000,47,490999426,1700491199077
1700491198000,1700491199000,63,415997382,1700491199078
1700491198000,1700491199000,13,202704243,1700491199137
1700491198000,1700491199000,54,1116909452,1700491199138
1700491198000,1700491199000,24,545904367,1700491199138
1700491199000,1700491200000,13,293902546,1700491200082
1700491199000,1700491200000,54,911588085,1700491200086
1700491199000,1700491200000,24,283008835,1700491200086
1700491199000,1700491200000,63,764414421,1700491200132
1700491199000,1700491200000,47,442180505,1700491200132
1700491199000,1700491200000,100,108355808,1700491200132
1700491200000,1700491201000,47,526466817,1700491201088
1700491200000,1700491201000,63,530464515,1700491201088
1700491200000,1700491201000,100,127460312,1700491201088
1700491200000,1700491201000,13,172416708,1700491201133
1700491200000,1700491201000,54,731279162,1700491201137
1700491200000,1700491201000,24,228578816,1700491201137
1700491201000,1700491202000,100,277579364,1700491202038
1700491201000,1700491202000,54,632229855,1700491202083
1700491201000,1700491202000,24,615723328,1700491202084
1700491201000,1700491202000,13,199685770,1700491202084
1700491201000,1700491202000,47,556638307,1700491202143
1700491201000,1700491202000,63,491006443,1700491202143
1700491202000,1700491203000,47,599826619,1700491203095
1700491202000,1700491203000,63,879301203,1700491203095
1700491202000,1700491203000,100,238139560,1700491203095
1700491202000,1700491203000,54,819136392,1700491203143
1700491202000,1700491203000,24,602274049,1700491203144
1700491202000,1700491203000,13,306135168,1700491203144
1700491203000,1700491204000,100,155745771,1700491204044
1700491203000,1700491204000,54,708585667,1700491204087
1700491203000,1700491204000,24,485501847,1700491204087
1700491203000,1700491204000,13,305083031,1700491204087
1700491203000,1700491204000,47,837648880,1700491204112
1700491203000,1700491204000,63,1057498011,1700491204149
1700491204000,1700491205000,47,621458214,1700491205065
1700491204000,1700491205000,63,945733080,1700491205102
1700491204000,1700491205000,100,190707069,1700491205103
1700491204000,1700491205000,13,171263833,1700491205136
1700491204000,1700491205000,54,655808271,1700491205142
1700491204000,1700491205000,24,904383633,1700491205142
1700491205000,1700491206000,100,212717734,1700491206062
1700491205000,1700491206000,24,708926626,1700491206084
1700491205000,1700491206000,13,269671085,1700491206084
1700491205000,1700491206000,54,821416634,1700491206103
1700491205000,1700491206000,47,250885998,1700491206103
1700491205000,1700491206000,63,1166988504,1700491206136
1700491206000,1700491207000,13,457483416,1700491207041
1700491206000,1700491207000,47,465580681,1700491207056
1700491206000,1700491207000,63,1136874814,1700491207077
1700491206000,1700491207000,100,330073990,1700491207116
1700491206000,1700491207000,54,657373059,1700491207148
1700491206000,1700491207000,24,1156461180,1700491207148
1700491207000,1700491208000,100,257876733,1700491208075
1700491207000,1700491208000,24,782822917,1700491208099
1700491207000,1700491208000,13,340164101,1700491208099
1700491207000,1700491208000,54,611487823,1700491208100
1700491207000,1700491208000,47,747108213,1700491208100
1700491207000,1700491208000,63,853973468,1700491208132
1700491208000,1700491209000,13,540734014,1700491209044
1700491208000,1700491209000,24,828923392,1700491209046
1700491208000,1700491209000,47,540321360,1700491209050
1700491208000,1700491209000,63,642665546,1700491209074
1700491208000,1700491209000,100,251825802,1700491209131
1700491208000,1700491209000,54,632868591,1700491209156
1700491209000,1700491210000,100,201947099,1700491210087
1700491209000,1700491210000,13,482688816,1700491210099
1700491209000,1700491210000,54,402542008,1700491210107
1700491209000,1700491210000,47,452652067,1700491210107
1700491209000,1700491210000,24,333133070,1700491210107
1700491209000,1700491210000,63,573449188,1700491210130
1700491210000,1700491211000,100,156396497,1700491211041
1700491210000,1700491211000,13,215684434,1700491211051
1700491210000,1700491211000,54,334274249,1700491211057
1700491210000,1700491211000,47,603063762,1700491211058
1700491210000,1700491211000,24,771804598,1700491211058
1700491210000,1700491211000,63,274694129,1700491211077
1700491211000,1700491212000,100,199570806,1700491212100
1700491211000,1700491212000,13,35439279,1700491212111
1700491211000,1700491212000,47,660583213,1700491212113
1700491211000,1700491212000,54,323621966,1700491212113
1700491211000,1700491212000,24,696938243,1700491212114
1700491211000,1700491212000,63,280096582,1700491212127
1700491212000,1700491213000,100,164362549,1700491213045
1700491212000,1700491213000,13,126844555,1700491213056
1700491212000,1700491213000,47,540529465,1700491213063
1700491212000,1700491213000,54,312252466,1700491213063
1700491212000,1700491213000,24,695926632,1700491213063
1700491212000,1700491213000,63,149816099,1700491213077
1700491213000,1700491214000,100,230978843,1700491214109
1700491213000,1700491214000,13,265101420,1700491214114
1700491213000,1700491214000,47,626359543,1700491214123
1700491213000,1700491214000,54,337239945,1700491214124
1700491213000,1700491214000,24,445574708,1700491214124
1700491213000,1700491214000,63,167071449,1700491214130
1700491214000,1700491215000,13,185047603,1700491215064
1700491214000,1700491215000,100,221515393,1700491215065
1700491214000,1700491215000,47,343487481,1700491215073
1700491214000,1700491215000,54,313192794,1700491215073
1700491214000,1700491215000,24,353575568,1700491215073
1700491214000,1700491215000,63,56909435,1700491215079
1700491215000,1700491216000,13,338937577,1700491216118
1700491215000,1700491216000,100,217873286,1700491216119
1700491215000,1700491216000,47,317092402,1700491216129
1700491215000,1700491216000,54,266811219,1700491216129
1700491215000,1700491216000,24,360261406,1700491216129
1700491215000,1700491216000,63,55932103,1700491216131
1700491216000,1700491217000,13,343085157,1700491217072
1700491216000,1700491217000,100,178954141,1700491217072
1700491216000,1700491217000,47,314802869,1700491217074
1700491216000,1700491217000,54,167685023,1700491217075
1700491216000,1700491217000,24,314808146,1700491217075
1700491216000,1700491217000,63,318742034,1700491217075
1700491217000,1700491218000,100,147120070,1700491218122
1700491217000,1700491218000,13,328006908,1700491218122
1700491217000,1700491218000,47,393773122,1700491218127
1700491217000,1700491218000,54,68198356,1700491218127
1700491217000,1700491218000,63,536718437,1700491218128
1700491217000,1700491218000,24,316048965,1700491218128
1700491218000,1700491219000,100,138359523,1700491219062
1700491218000,1700491219000,13,232201877,1700491219066
1700491218000,1700491219000,54,47239776,1700491219066
1700491218000,1700491219000,47,283117628,1700491219067
1700491218000,1700491219000,63,439086051,1700491219067
1700491218000,1700491219000,24,263270151,1700491219067
1700491219000,1700491220000,13,229233967,1700491220125
1700491219000,1700491220000,100,155375185,1700491220126
1700491219000,1700491220000,54,115895965,1700491220126
1700491219000,1700491220000,47,293906813,1700491220126
1700491219000,1700491220000,63,554882244,1700491220126
1700491219000,1700491220000,24,310869744,1700491220126
1700491220000,1700491221000,13,150909163,1700491221069
1700491220000,1700491221000,100,138594101,1700491221070
1700491220000,1700491221000,47,297160725,1700491221073
1700491220000,1700491221000,54,148743199,1700491221074
1700491220000,1700491221000,63,501072651,1700491221074
1700491220000,1700491221000,24,271867924,1700491221074
1700491221000,1700491222000,13,313143210,1700491222118
1700491221000,1700491222000,100,126631321,1700491222119
1700491221000,1700491222000,47,439658202,1700491222129
1700491221000,1700491222000,54,299317748,1700491222129
1700491221000,1700491222000,63,331835198,1700491222129
1700491221000,1700491222000,24,339999288,1700491222130
1700491222000,1700491223000,13,286401603,1700491223069
1700491222000,1700491223000,47,469843418,1700491223069
1700491222000,1700491223000,54,209520580,1700491223070
1700491222000,1700491223000,63,450157802,1700491223070
1700491222000,1700491223000,24,255200074,1700491223070
1700491222000,1700491223000,100,177329255,1700491223070
1700491223000,1700491224000,13,140657223,1700491224119
1700491223000,1700491224000,100,315168171,1700491224120
1700491223000,1700491224000,47,409181526,1700491224121
1700491223000,1700491224000,54,207268448,1700491224121
1700491223000,1700491224000,24,301664112,1700491224121
1700491223000,1700491224000,63,770479070,1700491224122
1700491224000,1700491225000,100,237573780,1700491225061
1700491224000,1700491225000,13,206363464,1700491225063
1700491224000,1700491225000,47,318003254,1700491225072
1700491224000,1700491225000,54,222700608,1700491225073
1700491224000,1700491225000,63,966080188,1700491225073
1700491224000,1700491225000,24,241522087,1700491225074
1700491225000,1700491226000,100,242927440,1700491226117
1700491225000,1700491226000,47,601046447,1700491226129
1700491225000,1700491226000,54,246607799,1700491226129
1700491225000,1700491226000,24,270895603,1700491226129
1700491225000,1700491226000,63,630630209,1700491226130
1700491225000,1700491226000,13,295976578,1700491226130
1700491226000,1700491227000,100,165597367,1700491227062
1700491226000,1700491227000,47,556952925,1700491227079
1700491226000,1700491227000,54,186778852,1700491227079
1700491226000,1700491227000,24,328589434,1700491227079
1700491226000,1700491227000,63,316559725,1700491227080
1700491226000,1700491227000,13,224667736,1700491227080
1700491227000,1700491228000,100,110413156,1700491228117
1700491227000,1700491228000,47,442269781,1700491228134
1700491227000,1700491228000,24,618998247,1700491228135
1700491227000,1700491228000,54,295532342,1700491228135
1700491227000,1700491228000,63,406139184,1700491228135
1700491227000,1700491228000,13,161897994,1700491228135
1700491228000,1700491229000,100,168732806,1700491229067
1700491228000,1700491229000,47,325631046,1700491229080
1700491228000,1700491229000,63,517563812,1700491229081
1700491228000,1700491229000,54,314681048,1700491229081
1700491228000,1700491229000,24,410624740,1700491229081
1700491228000,1700491229000,13,281385358,1700491229082
1700491229000,1700491230000,100,211627375,1700491230123
1700491229000,1700491230000,13,283929368,1700491230127
1700491229000,1700491230000,47,321542623,1700491230130
1700491229000,1700491230000,54,457158877,1700491230130
1700491229000,1700491230000,63,472913021,1700491230130
1700491229000,1700491230000,24,363419293,1700491230131
1700491230000,1700491231000,100,148934902,1700491231067
1700491230000,1700491231000,47,323153462,1700491231076
1700491230000,1700491231000,54,681765398,1700491231076
1700491230000,1700491231000,24,422775836,1700491231077
1700491230000,1700491231000,13,37749904,1700491231077
1700491230000,1700491231000,63,407800548,1700491231082
1700491231000,1700491232000,47,746746993,1700491232123
1700491231000,1700491232000,13,301628983,1700491232123
1700491231000,1700491232000,100,187997569,1700491232123
1700491231000,1700491232000,54,610645452,1700491232131
1700491231000,1700491232000,63,357377754,1700491232131
1700491231000,1700491232000,24,710675029,1700491232132
1700491232000,1700491233000,100,115289213,1700491233070
1700491232000,1700491233000,47,1002508339,1700491233071
1700491232000,1700491233000,13,103246297,1700491233072
1700491232000,1700491233000,54,357975315,1700491233076
1700491232000,1700491233000,63,169478699,1700491233077
1700491232000,1700491233000,24,539771626,1700491233077
1700491233000,1700491234000,100,179105638,1700491234115
1700491233000,1700491234000,13,105013147,1700491234119
1700491233000,1700491234000,47,877096760,1700491234133
1700491233000,1700491234000,54,290186184,1700491234134
1700491233000,1700491234000,63,70160428,1700491234134
1700491233000,1700491234000,24,440210843,1700491234134
1700491234000,1700491235000,100,147098302,1700491235064
1700491234000,1700491235000,47,149434808,1700491235075
1700491234000,1700491235000,13,210080596,1700491235075
1700491234000,1700491235000,63,69731554,1700491235081
1700491234000,1700491235000,54,317852979,1700491235082
1700491234000,1700491235000,24,535528671,1700491235082
1700491235000,1700491236000,47,246252711,1700491236124
1700491235000,1700491236000,13,458161721,1700491236125
1700491235000,1700491236000,100,249549642,1700491236125
1700491235000,1700491236000,63,167524072,1700491236137
1700491235000,1700491236000,54,262255691,1700491236137
1700491235000,1700491236000,24,657956417,1700491236137
1700491236000,1700491237000,100,147571242,1700491237068
1700491236000,1700491237000,47,309360167,1700491237068
1700491236000,1700491237000,13,274765524,1700491237069
1700491236000,1700491237000,54,292266924,1700491237075
1700491236000,1700491237000,63,298870439,1700491237076
1700491236000,1700491237000,24,817581796,1700491237076
1700491237000,1700491238000,47,343752357,1700491238119
1700491237000,1700491238000,13,385857694,1700491238120
1700491237000,1700491238000,100,167695820,1700491238120
1700491237000,1700491238000,54,250452057,1700491238129
1700491237000,1700491238000,63,328646514,1700491238130
1700491237000,1700491238000,24,654398377,1700491238130
1700491238000,1700491239000,100,163556961,1700491239064
1700491238000,1700491239000,47,341074795,1700491239070
1700491238000,1700491239000,13,171710634,1700491239071
1700491238000,1700491239000,54,112271028,1700491239072
1700491238000,1700491239000,63,605972628,1700491239072
1700491238000,1700491239000,24,591933497,1700491239073
1700491239000,1700491240000,47,342853080,1700491240128
1700491239000,1700491240000,13,459912596,1700491240128
1700491239000,1700491240000,100,238063735,1700491240128
1700491239000,1700491240000,63,847846808,1700491240132
1700491239000,1700491240000,54,109858042,1700491240132
1700491239000,1700491240000,24,400375151,1700491240132
1700491240000,1700491241000,47,361573670,1700491241068
1700491240000,1700491241000,13,163853777,1700491241068
1700491240000,1700491241000,100,274535972,1700491241068
1700491240000,1700491241000,54,78803372,1700491241080
1700491240000,1700491241000,63,824559663,1700491241081
1700491240000,1700491241000,24,202178699,1700491241081
1700491241000,1700491242000,47,295468603,1700491242133
1700491241000,1700491242000,54,510820420,1700491242133
1700491241000,1700491242000,13,290412216,1700491242133
1700491241000,1700491242000,100,401459727,1700491242134
1700491241000,1700491242000,63,538769508,1700491242141
1700491241000,1700491242000,24,399825073,1700491242141
1700491242000,1700491243000,47,346932660,1700491243084
1700491242000,1700491243000,54,226328725,1700491243084
1700491242000,1700491243000,13,295670512,1700491243084
1700491242000,1700491243000,100,291599836,1700491243085
1700491242000,1700491243000,63,237425760,1700491243089
1700491242000,1700491243000,24,595676712,1700491243089
1700491243000,1700491244000,24,652772272,1700491244042
1700491243000,1700491244000,47,395663000,1700491244136
1700491243000,1700491244000,54,788213541,1700491244137
1700491243000,1700491244000,13,276889148,1700491244137
1700491243000,1700491244000,100,136910672,1700491244138
1700491243000,1700491244000,63,545963928,1700491244144
1700491244000,1700491245000,54,593406704,1700491245081
1700491244000,1700491245000,47,321446694,1700491245082
1700491244000,1700491245000,63,602966202,1700491245082
1700491244000,1700491245000,13,77980565,1700491245082
1700491244000,1700491245000,100,186524869,1700491245083
1700491244000,1700491245000,24,304622247,1700491245099
1700491245000,1700491246000,24,315241101,1700491246049
1700491245000,1700491246000,47,575250470,1700491246140
1700491245000,1700491246000,54,495385697,1700491246140
1700491245000,1700491246000,63,558271099,1700491246140
1700491245000,1700491246000,13,67018041,1700491246140
1700491245000,1700491246000,100,225846562,1700491246141
1700491246000,1700491247000,54,327983864,1700491247089
1700491246000,1700491247000,63,610545023,1700491247089
1700491246000,1700491247000,47,555458778,1700491247089
1700491246000,1700491247000,13,174587260,1700491247089
1700491246000,1700491247000,100,108690509,1700491247090
1700491246000,1700491247000,24,290463324,1700491247105
1700491247000,1700491248000,24,278758623,1700491248056
1700491247000,1700491248000,47,498941420,1700491248102
1700491247000,1700491248000,63,446902700,1700491248137
1700491247000,1700491248000,54,412618797,1700491248138
1700491247000,1700491248000,13,226498417,1700491248138
1700491247000,1700491248000,100,129018952,1700491248138
1700491248000,1700491249000,47,284412353,1700491249094
1700491248000,1700491249000,54,699620413,1700491249094
1700491248000,1700491249000,63,474780135,1700491249095
1700491248000,1700491249000,13,39008294,1700491249095
1700491248000,1700491249000,100,128663350,1700491249096
1700491248000,1700491249000,24,673127162,1700491249120
1700491249000,1700491250000,24,674464060,1700491250073
1700491249000,1700491250000,47,540606030,1700491250101
1700491249000,1700491250000,63,612212310,1700491250141
1700491249000,1700491250000,54,703180393,1700491250141
1700491249000,1700491250000,13,149496643,1700491250141
1700491249000,1700491250000,100,224775547,1700491250141
1700491250000,1700491251000,47,601628462,1700491251047
1700491250000,1700491251000,54,653371010,1700491251093
1700491250000,1700491251000,63,357631270,1700491251093
1700491250000,1700491251000,13,53575003,1700491251093
1700491250000,1700491251000,100,248217956,1700491251093
1700491250000,1700491251000,24,917183069,1700491251125
1700491251000,1700491252000,100,267590352,1700491252044
1700491251000,1700491252000,24,584117208,1700491252077
1700491251000,1700491252000,47,560877302,1700491252098
1700491251000,1700491252000,54,863328778,1700491252112
1700491251000,1700491252000,63,313341934,1700491252150
1700491251000,1700491252000,13,138284319,1700491252150
1700491252000,1700491253000,47,375112140,1700491253050
1700491252000,1700491253000,54,566205056,1700491253064
1700491252000,1700491253000,63,337056355,1700491253101
1700491252000,1700491253000,13,227301849,1700491253101
1700491252000,1700491253000,100,216066881,1700491253101
1700491252000,1700491253000,24,335864155,1700491253137
1700491253000,1700491254000,13,206568394,1700491254053
1700491253000,1700491254000,100,175462958,1700491254053
1700491253000,1700491254000,24,699347938,1700491254081
1700491253000,1700491254000,47,571345620,1700491254095
1700491253000,1700491254000,63,323740144,1700491254159
1700491253000,1700491254000,54,467490850,1700491254159
1700491254000,1700491255000,47,587853896,1700491255050
1700491254000,1700491255000,54,641708914,1700491255063
1700491254000,1700491255000,63,266452144,1700491255067
1700491254000,1700491255000,13,403877529,1700491255107
1700491254000,1700491255000,100,183236376,1700491255107
1700491254000,1700491255000,24,765520184,1700491255140
1700491255000,1700491256000,100,171327522,1700491256055
1700491255000,1700491256000,13,317616576,1700491256059
1700491255000,1700491256000,24,881999876,1700491256079
1700491255000,1700491256000,47,385085861,1700491256099
1700491255000,1700491256000,54,649603381,1700491256113
1700491255000,1700491256000,63,252012258,1700491256120
1700491256000,1700491257000,47,81326566,1700491257046
1700491256000,1700491257000,54,612612607,1700491257049
1700491256000,1700491257000,63,363950068,1700491257070
1700491256000,1700491257000,100,223932056,1700491257108
1700491256000,1700491257000,13,210835137,1700491257114
1700491256000,1700491257000,24,1026476132,1700491257133
1700491257000,1700491258000,100,209769114,1700491258062
1700491257000,1700491258000,13,166128527,1700491258064
1700491257000,1700491258000,24,1028787675,1700491258085
1700491257000,1700491258000,47,287839165,1700491258100
1700491257000,1700491258000,54,545185777,1700491258108
1700491257000,1700491258000,63,215819712,1700491258120
1700491258000,1700491259000,24,721239790,1700491259046
1700491258000,1700491259000,47,323371683,1700491259048
1700491258000,1700491259000,54,288302051,1700491259051
1700491258000,1700491259000,63,231231181,1700491259074
1700491258000,1700491259000,13,269259184,1700491259124
1700491258000,1700491259000,100,252253095,1700491259124
1700491259000,1700491260000,13,300247570,1700491260073
1700491259000,1700491260000,100,236067564,1700491260073
1700491259000,1700491260000,47,280405986,1700491260109
1700491259000,1700491260000,24,158538123,1700491260109
1700491259000,1700491260000,54,174001303,1700491260110
1700491259000,1700491260000,63,197411742,1700491260126
1700491260000,1700491261000,47,215483535,1700491261064
1700491260000,1700491261000,24,290090776,1700491261064
1700491260000,1700491261000,54,199114193,1700491261067
1700491260000,1700491261000,63,391937174,1700491261079
1700491260000,1700491261000,13,293377819,1700491261136
1700491260000,1700491261000,100,179236970,1700491261137
1700491261000,1700491262000,13,248837621,1700491262088
1700491261000,1700491262000,100,189016310,1700491262088
1700491261000,1700491262000,47,257099737,1700491262121
1700491261000,1700491262000,24,313469659,1700491262122
1700491261000,1700491262000,54,249497079,1700491262126
1700491261000,1700491262000,63,627746112,1700491262135
1700491262000,1700491263000,100,137930820,1700491263040
1700491262000,1700491263000,47,287950304,1700491263073
1700491262000,1700491263000,24,324052195,1700491263073
1700491262000,1700491263000,54,188115588,1700491263081
1700491262000,1700491263000,63,639059707,1700491263086
1700491262000,1700491263000,13,230052203,1700491263147
1700491263000,1700491264000,13,205432820,1700491264070
1700491263000,1700491264000,100,158896242,1700491264099
1700491263000,1700491264000,47,513209440,1700491264130
1700491263000,1700491264000,24,395380838,1700491264131
1700491263000,1700491264000,63,922203155,1700491264139
1700491263000,1700491264000,54,199768716,1700491264139
1700491264000,1700491265000,100,87137772,1700491265044
1700491264000,1700491265000,47,388270594,1700491265073
1700491264000,1700491265000,24,541630999,1700491265074
1700491264000,1700491265000,63,818044890,1700491265081
1700491264000,1700491265000,54,242185900,1700491265081
1700491264000,1700491265000,13,139861681,1700491265151
1700491265000,1700491266000,13,236671708,1700491266070
1700491265000,1700491266000,100,222033045,1700491266104
1700491265000,1700491266000,47,575938390,1700491266129
1700491265000,1700491266000,24,404693905,1700491266129
1700491265000,1700491266000,63,300862711,1700491266137
1700491265000,1700491266000,54,469759504,1700491266137
1700491266000,1700491267000,100,264706587,1700491267054
1700491266000,1700491267000,47,405124090,1700491267076
1700491266000,1700491267000,54,257930302,1700491267076
1700491266000,1700491267000,24,196022931,1700491267076
1700491266000,1700491267000,63,386317795,1700491267079
1700491266000,1700491267000,13,374277925,1700491267127
1700491267000,1700491268000,13,200875440,1700491268076
1700491267000,1700491268000,100,548405270,1700491268111
1700491267000,1700491268000,47,430225176,1700491268126
1700491267000,1700491268000,24,289557219,1700491268126
1700491267000,1700491268000,54,740618637,1700491268126
1700491267000,1700491268000,63,354490252,1700491268127
1700491268000,1700491269000,100,569479950,1700491269062
1700491268000,1700491269000,47,593751482,1700491269079
1700491268000,1700491269000,54,424870600,1700491269080
1700491268000,1700491269000,63,111196556,1700491269080
1700491268000,1700491269000,24,316218810,1700491269080
1700491268000,1700491269000,13,262728560,1700491269132
1700491269000,1700491270000,13,339781707,1700491270076
1700491269000,1700491270000,100,475257349,1700491270120
1700491269000,1700491270000,47,780191078,1700491270129
1700491269000,1700491270000,54,417413694,1700491270130
1700491269000,1700491270000,63,291387236,1700491270130
1700491269000,1700491270000,24,534241837,1700491270130
1700491270000,1700491271000,100,69149400,1700491271068
1700491270000,1700491271000,47,435360910,1700491271081
1700491270000,1700491271000,54,236577947,1700491271082
1700491270000,1700491271000,63,259102445,1700491271082
1700491270000,1700491271000,24,547682937,1700491271083
1700491270000,1700491271000,13,350630224,1700491271132
1700491271000,1700491272000,13,747170542,1700491272082
1700491271000,1700491272000,100,36860425,1700491272121
1700491271000,1700491272000,47,270863701,1700491272126
1700491271000,1700491272000,54,375612321,1700491272126
1700491271000,1700491272000,24,283528615,1700491272126
1700491271000,1700491272000,63,632962349,1700491272127
1700491272000,1700491273000,100,51015408,1700491273063
1700491272000,1700491273000,47,288062011,1700491273075
1700491272000,1700491273000,54,450623269,1700491273075
1700491272000,1700491273000,24,581790515,1700491273076
1700491272000,1700491273000,63,509026563,1700491273081
1700491272000,1700491273000,13,570550150,1700491273141
1700491273000,1700491274000,13,391412072,1700491274090
1700491273000,1700491274000,100,192936783,1700491274127
1700491273000,1700491274000,54,238488900,1700491274133
1700491273000,1700491274000,47,199843918,1700491274134
1700491273000,1700491274000,24,881823839,1700491274134
1700491273000,1700491274000,63,509626882,1700491274134
1700491274000,1700491275000,13,341238862,1700491275040
1700491274000,1700491275000,100,187160547,1700491275076
1700491274000,1700491275000,54,273462492,1700491275083
1700491274000,1700491275000,47,152019897,1700491275083
1700491274000,1700491275000,24,764432687,1700491275083
1700491274000,1700491275000,63,353964867,1700491275086
1700491275000,1700491276000,63,128798895,1700491276047
1700491275000,1700491276000,13,306021365,1700491276092
1700491275000,1700491276000,100,182647147,1700491276134
1700491275000,1700491276000,47,200755427,1700491276137
1700491275000,1700491276000,54,244653594,1700491276138
1700491275000,1700491276000,24,990780201,1700491276138
1700491276000,1700491277000,13,321224949,1700491277044
1700491276000,1700491277000,47,229344002,1700491277090
1700491276000,1700491277000,54,266496471,1700491277090
1700491276000,1700491277000,24,582414339,1700491277091
1700491276000,1700491277000,100,238987774,1700491277091
1700491276000,1700491277000,63,266528660,1700491277099
1700491277000,1700491278000,100,285772271,1700491278040
1700491277000,1700491278000,63,246739737,1700491278054
1700491277000,1700491278000,13,280347042,1700491278092
1700491277000,1700491278000,47,686869590,1700491278147
1700491277000,1700491278000,54,292513459,1700491278148
1700491277000,1700491278000,24,357478125,1700491278148
1700491278000,1700491279000,13,158860000,1700491279036
1700491278000,1700491279000,47,459610693,1700491279046
1700491278000,1700491279000,54,326598211,1700491279105
1700491278000,1700491279000,24,455505063,1700491279105
1700491278000,1700491279000,100,283904883,1700491279105
1700491278000,1700491279000,63,358277873,1700491279109
1700491279000,1700491280000,24,674512830,1700491280062
1700491279000,1700491280000,100,197548293,1700491280063
1700491279000,1700491280000,63,373327666,1700491280087
1700491279000,1700491280000,13,301131967,1700491280087
1700491279000,1700491280000,47,341557014,1700491280109
1700491279000,1700491280000,54,426545838,1700491280167
1700491280000,1700491281000,47,388626085,1700491281053
1700491280000,1700491281000,54,423002595,1700491281059
1700491280000,1700491281000,24,547579798,1700491281111
1700491280000,1700491281000,63,438354595,1700491281112
1700491280000,1700491281000,100,243198828,1700491281112
1700491280000,1700491281000,13,370440410,1700491281140
1700491281000,1700491282000,63,522278714,1700491282069
1700491281000,1700491282000,100,159108821,1700491282069
1700491281000,1700491282000,13,107267183,1700491282093
1700491281000,1700491282000,47,414122105,1700491282108
1700491281000,1700491282000,54,185635422,1700491282114
1700491281000,1700491282000,24,373796963,1700491282143
1700491282000,1700491283000,13,141901339,1700491283044
1700491282000,1700491283000,47,431566973,1700491283044
1700491282000,1700491283000,54,258299348,1700491283090
1700491282000,1700491283000,24,526851756,1700491283090
1700491282000,1700491283000,63,319148643,1700491283127
1700491282000,1700491283000,100,157522625,1700491283127
1700491283000,1700491284000,24,535084093,1700491284046
1700491283000,1700491284000,63,125971450,1700491284047
1700491283000,1700491284000,100,147395999,1700491284080
1700491283000,1700491284000,47,457986321,1700491284103
1700491283000,1700491284000,13,212571864,1700491284103
1700491283000,1700491284000,54,286079068,1700491284119
1700491284000,1700491285000,100,166099981,1700491285039
1700491284000,1700491285000,47,320919961,1700491285055
1700491284000,1700491285000,13,263840763,1700491285056
1700491284000,1700491285000,54,452987807,1700491285071
1700491284000,1700491285000,24,646595855,1700491285103
1700491284000,1700491285000,63,317036855,1700491285105
1700491285000,1700491286000,63,145181213,1700491286049
1700491285000,1700491286000,24,557889716,1700491286049
1700491285000,1700491286000,100,112207989,1700491286091
1700491285000,1700491286000,47,172245560,1700491286100
1700491285000,1700491286000,13,128913846,1700491286100
1700491285000,1700491286000,54,745076553,1700491286116
1700491286000,1700491287000,100,119013686,1700491287041
1700491286000,1700491287000,47,250120781,1700491287049
1700491286000,1700491287000,13,84769389,1700491287049
1700491286000,1700491287000,54,522710766,1700491287065
1700491286000,1700491287000,24,742228702,1700491287103
1700491286000,1700491287000,63,418929134,1700491287107
1700491287000,1700491288000,24,687956526,1700491288048
1700491287000,1700491288000,63,586586373,1700491288055
1700491287000,1700491288000,100,156267926,1700491288099
1700491287000,1700491288000,47,328702098,1700491288100
1700491287000,1700491288000,13,260233945,1700491288101
1700491287000,1700491288000,54,292560876,1700491288113
1700491288000,1700491289000,13,91446671,1700491289045
1700491288000,1700491289000,47,404100245,1700491289046
1700491288000,1700491289000,100,125446525,1700491289046
1700491288000,1700491289000,54,279365448,1700491289056
1700491288000,1700491289000,63,900964752,1700491289110
1700491288000,1700491289000,24,345724570,1700491289110
1700491289000,1700491290000,24,308407267,1700491290055
1700491289000,1700491290000,63,1028911230,1700491290056
1700491289000,1700491290000,47,347365747,1700491290102
1700491289000,1700491290000,13,136894726,1700491290103
1700491289000,1700491290000,100,280656715,1700491290103
1700491289000,1700491290000,54,323311806,1700491290106
1700491290000,1700491291000,47,195015999,1700491291052
1700491290000,1700491291000,13,319496717,1700491291052
1700491290000,1700491291000,54,332751154,1700491291053
1700491290000,1700491291000,100,235114292,1700491291053
1700491290000,1700491291000,63,1320041711,1700491291116
1700491290000,1700491291000,24,483749080,1700491291116
1700491291000,1700491292000,24,653002782,1700491292064
1700491291000,1700491292000,63,1258276528,1700491292115
1700491291000,1700491292000,47,301431866,1700491292115
1700491291000,1700491292000,54,559774338,1700491292115
1700491291000,1700491292000,13,336533458,1700491292116
1700491291000,1700491292000,100,226044871,1700491292116
1700491292000,1700491293000,47,645457249,1700491293062
1700491292000,1700491293000,13,143413433,1700491293062
1700491292000,1700491293000,54,405416958,1700491293063
1700491292000,1700491293000,100,109614670,1700491293063
1700491292000,1700491293000,24,558913813,1700491293122
1700491292000,1700491293000,63,1095738559,1700491293170
1700491293000,1700491294000,24,675857928,1700491294118
1700491293000,1700491294000,63,596692632,1700491294119
1700491293000,1700491294000,47,547967529,1700491294119
1700491293000,1700491294000,13,162929502,1700491294120
1700491293000,1700491294000,54,377219159,1700491294120
1700491293000,1700491294000,100,169040441,1700491294120
1700491294000,1700491295000,47,667264163,1700491295065
1700491294000,1700491295000,13,159020301,1700491295065
1700491294000,1700491295000,54,312339553,1700491295066
1700491294000,1700491295000,100,190660912,1700491295066
1700491294000,1700491295000,24,699835026,1700491295171
1700491294000,1700491295000,63,752174125,1700491295171
1700491295000,1700491296000,24,325631214,1700491296120
1700491295000,1700491296000,63,652419358,1700491296121
1700491295000,1700491296000,47,914876832,1700491296121
1700491295000,1700491296000,13,262877666,1700491296122
1700491295000,1700491296000,54,617305685,1700491296122
1700491295000,1700491296000,100,188179402,1700491296122
1700491296000,1700491297000,24,229046002,1700491297074
1700491296000,1700491297000,47,1032063173,1700491297074
1700491296000,1700491297000,13,233656792,1700491297075
1700491296000,1700491297000,54,488413662,1700491297075
1700491296000,1700491297000,100,244392741,1700491297075
1700491296000,1700491297000,63,525749098,1700491297178
1700491297000,1700491298000,63,534303659,1700491298132
1700491297000,1700491298000,24,268063703,1700491298133
1700491297000,1700491298000,47,1382802213,1700491298133
1700491297000,1700491298000,13,252814566,1700491298133
1700491297000,1700491298000,54,635403935,1700491298133
1700491297000,1700491298000,100,209230039,1700491298133
1700491298000,1700491299000,24,458584561,1700491299071
1700491298000,1700491299000,47,1250795151,1700491299071
1700491298000,1700491299000,13,374181954,1700491299071
1700491298000,1700491299000,100,193352785,1700491299071
1700491298000,1700491299000,54,558565105,1700491299075
1700491298000,1700491299000,63,631108931,1700491299124
1700491299000,1700491300000,63,518314834,1700491300077
1700491299000,1700491300000,24,744740308,1700491300128
1700491299000,1700491300000,47,1451415241,1700491300128
1700491299000,1700491300000,13,286974496,1700491300128
1700491299000,1700491300000,100,330664970,1700491300128
1700491299000,1700491300000,54,554751606,1700491300129
1700491300000,1700491301000,24,259053942,1700491301073
1700491300000,1700491301000,100,326311399,1700491301073
1700491300000,1700491301000,47,1008544987,1700491301081
1700491300000,1700491301000,54,409348892,1700491301081
1700491300000,1700491301000,13,232885531,1700491301081
1700491300000,1700491301000,63,865143806,1700491301121
1700491301000,1700491302000,63,655931568,1700491302072
1700491301000,1700491302000,100,228295156,1700491302126
1700491301000,1700491302000,24,553269171,1700491302139
1700491301000,1700491302000,47,441784795,1700491302139
1700491301000,1700491302000,54,339295059,1700491302139
1700491301000,1700491302000,13,127366509,1700491302140
1700491302000,1700491303000,100,220913486,1700491303077
1700491302000,1700491303000,24,538059236,1700491303085
1700491302000,1700491303000,47,484516953,1700491303085
1700491302000,1700491303000,13,115130510,1700491303086
1700491302000,1700491303000,54,308872148,1700491303086
1700491302000,1700491303000,63,1062138053,1700491303129
1700491303000,1700491304000,13,171952962,1700491304034
1700491303000,1700491304000,63,716742572,1700491304074
1700491303000,1700491304000,100,256527680,1700491304126
1700491303000,1700491304000,47,526959007,1700491304142
1700491303000,1700491304000,24,832562539,1700491304142
1700491303000,1700491304000,54,472411296,1700491304143
1700491304000,1700491305000,100,254157723,1700491305081
1700491304000,1700491305000,47,1019134091,1700491305090
1700491304000,1700491305000,24,694343266,1700491305090
1700491304000,1700491305000,13,94656472,1700491305090
1700491304000,1700491305000,54,513291778,1700491305093
1700491304000,1700491305000,63,793164641,1700491305133
1700491305000,1700491306000,63,421422822,1700491306080
1700491305000,1700491306000,100,323914283,1700491306128
1700491305000,1700491306000,13,172526976,1700491306139
1700491305000,1700491306000,47,1327023086,1700491306145
1700491305000,1700491306000,54,668801917,1700491306145
1700491305000,1700491306000,24,599610790,1700491306145
1700491306000,1700491307000,100,313480088,1700491307079
1700491306000,1700491307000,13,284474237,1700491307085
1700491306000,1700491307000,47,790435624,1700491307103
1700491306000,1700491307000,54,369326729,1700491307103
1700491306000,1700491307000,24,653427021,1700491307103
1700491306000,1700491307000,63,161351967,1700491307129
1700491307000,1700491308000,24,641095007,1700491308055
1700491307000,1700491308000,63,238132121,1700491308083
1700491307000,1700491308000,100,379355122,1700491308132
1700491307000,1700491308000,13,245226926,1700491308143
1700491307000,1700491308000,47,668990297,1700491308159
1700491307000,1700491308000,54,526118615,1700491308159
1700491308000,1700491309000,100,325480618,1700491309078
1700491308000,1700491309000,13,118000284,1700491309092
1700491308000,1700491309000,47,636555472,1700491309110
1700491308000,1700491309000,54,422142871,1700491309110
1700491308000,1700491309000,24,503933430,1700491309110
1700491308000,1700491309000,63,377592918,1700491309133
1700491309000,1700491310000,13,300209623,1700491310052
1700491309000,1700491310000,54,547915591,1700491310055
1700491309000,1700491310000,24,635346971,1700491310055
1700491309000,1700491310000,63,253860954,1700491310085
1700491309000,1700491310000,100,163538810,1700491310132
1700491309000,1700491310000,47,593412274,1700491310163
1700491310000,1700491311000,100,127915235,1700491311079
1700491310000,1700491311000,47,427472813,1700491311106
1700491310000,1700491311000,13,303163974,1700491311106
1700491310000,1700491311000,54,611187767,1700491311116
1700491310000,1700491311000,24,621911474,1700491311117
1700491310000,1700491311000,63,267784189,1700491311134
1700491311000,1700491312000,13,138736992,1700491312058
1700491311000,1700491312000,54,342461016,1700491312061
1700491311000,1700491312000,24,820731616,1700491312061
1700491311000,1700491312000,63,206615948,1700491312078
1700491311000,1700491312000,100,216646792,1700491312139
1700491311000,1700491312000,47,530689259,1700491312167
1700491312000,1700491313000,100,185034254,1700491313091
1700491312000,1700491313000,13,187749682,1700491313104
1700491312000,1700491313000,47,501839109,1700491313114
1700491312000,1700491313000,54,320725036,1700491313114
1700491312000,1700491313000,24,966000015,1700491313114
1700491312000,1700491313000,63,172975860,1700491313131
1700491313000,1700491314000,100,226697718,1700491314039
1700491313000,1700491314000,13,259891376,1700491314052
1700491313000,1700491314000,47,450364492,1700491314070
1700491313000,1700491314000,54,388378307,1700491314070
1700491313000,1700491314000,24,529204628,1700491314071
1700491313000,1700491314000,63,232648457,1700491314081
1700491314000,1700491315000,100,296524852,1700491315097
1700491314000,1700491315000,13,81326351,1700491315111
1700491314000,1700491315000,47,348441252,1700491315119
1700491314000,1700491315000,54,441142898,1700491315119
1700491314000,1700491315000,24,732276643,1700491315119
1700491314000,1700491315000,63,276067176,1700491315135
1700491315000,1700491316000,100,255221971,1700491316045
1700491315000,1700491316000,13,247226789,1700491316057
1700491315000,1700491316000,47,250878444,1700491316070
1700491315000,1700491316000,54,195544901,1700491316071
1700491315000,1700491316000,24,618414957,1700491316071
1700491315000,1700491316000,63,307546135,1700491316079
1700491316000,1700491317000,100,204953618,1700491317104
1700491316000,1700491317000,13,50249076,1700491317116
1700491316000,1700491317000,47,220380159,1700491317130
1700491316000,1700491317000,54,474217914,1700491317131
1700491316000,1700491317000,63,253436076,1700491317131
1700491316000,1700491317000,24,574297148,1700491317131
1700491317000,1700491318000,100,163815140,1700491318047
1700491317000,1700491318000,13,284930045,1700491318071
1700491317000,1700491318000,54,432113768,1700491318082
1700491317000,1700491318000,47,181549864,1700491318082
1700491317000,1700491318000,24,588669569,1700491318082
1700491317000,1700491318000,63,116298515,1700491318087
1700491318000,1700491319000,100,431266486,1700491319098
1700491318000,1700491319000,13,143590414,1700491319129
1700491318000,1700491319000,47,316933334,1700491319131
1700491318000,1700491319000,54,601062508,1700491319131
1700491318000,1700491319000,24,610640319,1700491319132
1700491318000,1700491319000,63,262397406,1700491319133
1700491319000,1700491320000,100,391868829,1700491320049
1700491319000,1700491320000,13,148026088,1700491320075
1700491319000,1700491320000,54,238540467,1700491320086
1700491319000,1700491320000,47,139269349,1700491320086
1700491319000,1700491320000,63,289045833,1700491320086
1700491319000,1700491320000,24,421238403,1700491320087
1700491320000,1700491321000,100,356511697,1700491321106
1700491320000,1700491321000,13,424179669,1700491321122
1700491320000,1700491321000,54,228021796,1700491321134
1700491320000,1700491321000,47,176815485,1700491321135
1700491320000,1700491321000,63,358049900,1700491321135
1700491320000,1700491321000,24,841239392,1700491321135
1700491321000,1700491322000,100,263932643,1700491322060
1700491321000,1700491322000,13,250724402,1700491322076
1700491321000,1700491322000,54,161462199,1700491322082
1700491321000,1700491322000,47,239466905,1700491322082
1700491321000,1700491322000,63,318838570,1700491322082
1700491321000,1700491322000,24,737615805,1700491322082
1700491322000,1700491323000,100,119983762,1700491323111
1700491322000,1700491323000,13,388290299,1700491323128
1700491322000,1700491323000,54,249136951,1700491323136
1700491322000,1700491323000,47,599781477,1700491323136
1700491322000,1700491323000,63,372518579,1700491323137
1700491322000,1700491323000,24,392535918,1700491323137
1700491323000,1700491324000,100,233483043,1700491324058
1700491323000,1700491324000,47,597446403,1700491324070
1700491323000,1700491324000,54,186117541,1700491324071
1700491323000,1700491324000,13,268983234,1700491324071
1700491323000,1700491324000,63,308542057,1700491324089
1700491323000,1700491324000,24,677349870,1700491324090
1700491324000,1700491325000,24,645059503,1700491325039
1700491324000,1700491325000,100,272408724,1700491325108
1700491324000,1700491325000,47,634578767,1700491325127
1700491324000,1700491325000,54,282741527,1700491325127
1700491324000,1700491325000,13,86668158,1700491325127
1700491324000,1700491325000,63,471476622,1700491325146
1700491325000,1700491326000,100,279282648,1700491326055
1700491325000,1700491326000,47,109630401,1700491326070
1700491325000,1700491326000,54,300972960,1700491326070
1700491325000,1700491326000,13,172395316,1700491326070
1700491325000,1700491326000,63,486593541,1700491326098
1700491325000,1700491326000,24,494576316,1700491326098
1700491326000,1700491327000,24,263504223,1700491327047
1700491326000,1700491327000,100,234796650,1700491327110
1700491326000,1700491327000,47,384350649,1700491327123
1700491326000,1700491327000,54,352946516,1700491327124
1700491326000,1700491327000,13,282272600,1700491327124
1700491326000,1700491327000,63,515169297,1700491327153
1700491327000,1700491328000,100,215866880,1700491328068
1700491327000,1700491328000,47,90275586,1700491328077
1700491327000,1700491328000,54,322425753,1700491328077
1700491327000,1700491328000,13,176126466,1700491328077
1700491327000,1700491328000,63,129832825,1700491328098
1700491327000,1700491328000,24,242575904,1700491328098
1700491328000,1700491329000,24,359096170,1700491329052
1700491328000,1700491329000,100,228064379,1700491329123
1700491328000,1700491329000,47,187154921,1700491329134
1700491328000,1700491329000,54,467964619,1700491329134
1700491328000,1700491329000,13,195318304,1700491329135
1700491328000,1700491329000,63,396841373,1700491329157
1700491329000,1700491330000,100,251636890,1700491330078
1700491329000,1700491330000,47,336060327,1700491330080
1700491329000,1700491330000,54,308427337,1700491330080
1700491329000,1700491330000,13,322923855,1700491330081
1700491329000,1700491330000,63,426041199,1700491330108
1700491329000,1700491330000,24,332759625,1700491330108
1700491330000,1700491331000,63,387974543,1700491331058
1700491330000,1700491331000,24,312528191,1700491331058
1700491330000,1700491331000,47,395781096,1700491331139
1700491330000,1700491331000,13,347590484,1700491331139
1700491330000,1700491331000,100,316625828,1700491331139
1700491330000,1700491331000,54,210866498,1700491331162
1700491331000,1700491332000,47,323160356,1700491332093
1700491331000,1700491332000,54,467598537,1700491332093
1700491331000,1700491332000,13,161905176,1700491332094
1700491331000,1700491332000,100,286558714,1700491332094
1700491331000,1700491332000,63,380149303,1700491332119
1700491331000,1700491332000,24,213582559,1700491332119
1700491332000,1700491333000,13,127403951,1700491333044
1700491332000,1700491333000,100,258974081,1700491333044
1700491332000,1700491333000,63,429625565,1700491333066
1700491332000,1700491333000,24,321067634,1700491333066
1700491332000,1700491333000,47,374761331,1700491333147
1700491332000,1700491333000,54,517684417,1700491333148
1700491333000,1700491334000,47,260726841,1700491334103
1700491333000,1700491334000,13,258946462,1700491334104
1700491333000,1700491334000,54,926261930,1700491334104
1700491333000,1700491334000,100,212373250,1700491334104
1700491333000,1700491334000,63,517770610,1700491334127
1700491333000,1700491334000,24,312838362,1700491334127
1700491334000,1700491335000,100,149375397,1700491335047
1700491334000,1700491335000,63,510867421,1700491335073
1700491334000,1700491335000,54,931953726,1700491335073
1700491334000,1700491335000,24,264562748,1700491335073
1700491334000,1700491335000,47,337163980,1700491335148
1700491334000,1700491335000,13,67318713,1700491335149
1700491335000,1700491336000,47,285008597,1700491336105
1700491335000,1700491336000,13,246717754,1700491336105
1700491335000,1700491336000,63,973474711,1700491336106
1700491335000,1700491336000,54,976642839,1700491336106
1700491335000,1700491336000,100,132855465,1700491336106
1700491335000,1700491336000,24,441329741,1700491336132
1700491336000,1700491337000,13,124690123,1700491337053
1700491336000,1700491337000,54,525120659,1700491337053
1700491336000,1700491337000,63,551953606,1700491337053
1700491336000,1700491337000,100,68977719,1700491337054
1700491336000,1700491337000,24,483584517,1700491337087
1700491336000,1700491337000,47,362501266,1700491337159
1700491337000,1700491338000,24,624391587,1700491338042
1700491337000,1700491338000,47,363350174,1700491338056
1700491337000,1700491338000,13,148934218,1700491338102
1700491337000,1700491338000,54,628852404,1700491338102
1700491337000,1700491338000,100,75173606,1700491338102
1700491337000,1700491338000,63,321743811,1700491338105
1700491338000,1700491339000,13,121305871,1700491339048
1700491338000,1700491339000,54,416045945,1700491339048
1700491338000,1700491339000,100,49485244,1700491339048
1700491338000,1700491339000,63,611008135,1700491339049
1700491338000,1700491339000,24,609035851,1700491339092
1700491338000,1700491339000,47,398541310,1700491339107
1700491339000,1700491340000,24,569222076,1700491340047
1700491339000,1700491340000,47,294632843,1700491340056
1700491339000,1700491340000,13,89991618,1700491340108
1700491339000,1700491340000,63,737752711,1700491340109
1700491339000,1700491340000,54,399947371,1700491340109
1700491339000,1700491340000,100,117645054,1700491340109
1700491340000,1700491341000,13,149053756,1700491341057
1700491340000,1700491341000,100,207114266,1700491341058
1700491340000,1700491341000,63,907091044,1700491341058
1700491340000,1700491341000,54,410303295,1700491341058
1700491340000,1700491341000,24,708351291,1700491341094
1700491340000,1700491341000,47,379578012,1700491341112
1700491341000,1700491342000,24,526328534,1700491342052
1700491341000,1700491342000,47,557626046,1700491342056
1700491341000,1700491342000,13,123233510,1700491342113
1700491341000,1700491342000,63,747346331,1700491342113
1700491341000,1700491342000,54,326437604,1700491342113
1700491341000,1700491342000,100,87478455,1700491342113
1700491342000,1700491343000,63,696252463,1700491343061
1700491342000,1700491343000,54,338881661,1700491343061
1700491342000,1700491343000,13,414866726,1700491343062
1700491342000,1700491343000,100,217348996,1700491343062
1700491342000,1700491343000,24,765016040,1700491343098
1700491342000,1700491343000,47,357878292,1700491343112
1700491343000,1700491344000,24,605063096,1700491344049
1700491343000,1700491344000,47,619590578,1700491344067
1700491343000,1700491344000,63,551926907,1700491344121
1700491343000,1700491344000,54,428922861,1700491344122
1700491343000,1700491344000,13,307609957,1700491344122
1700491343000,1700491344000,100,263320086,1700491344122
1700491344000,1700491345000,63,674813790,1700491345073
1700491344000,1700491345000,54,518077085,1700491345073
1700491344000,1700491345000,13,188229255,1700491345073
1700491344000,1700491345000,100,186742749,1700491345074
1700491344000,1700491345000,24,139009878,1700491345110
1700491344000,1700491345000,47,938898115,1700491345116
1700491345000,1700491346000,24,229482987,1700491346062
