debs$start:INTEGER(64 bits),debs$end:INTEGER(64 bits),debs$sid:INTEGER(64 bits),debs$absolute_v:INTEGER(64 bits),timestamp
1700480032000,1700480033000,47,15958535,1700480033059
1700480032000,1700480033000,54,19373408,1700480033064
1700480032000,1700480033000,24,24870382,1700480033064
1700480032000,1700480033000,100,21678927,1700480033070
1700480032000,1700480033000,63,11527918,1700480033072
1700480032000,1700480033000,13,18014219,1700480033088
1700480033000,1700480034000,47,17848861,1700480034108
1700480033000,1700480034000,100,23679002,1700480034113
1700480033000,1700480034000,24,23041654,1700480034122
1700480033000,1700480034000,54,33480485,1700480034123
1700480033000,1700480034000,63,17367516,1700480034130
1700480033000,1700480034000,13,26370847,1700480034135
1700480034000,1700480035000,47,17307280,1700480035062
1700480034000,1700480035000,100,58000255,1700480035064
1700480034000,1700480035000,54,23211235,1700480035072
1700480034000,1700480035000,24,25941714,1700480035074
1700480034000,1700480035000,13,22173279,1700480035083
1700480034000,1700480035000,63,12464947,1700480035083
1700480035000,1700480036000,47,42063644,1700480036113
1700480035000,1700480036000,100,50608393,1700480036123
1700480035000,1700480036000,24,28206083,1700480036130
1700480035000,1700480036000,54,22332633,1700480036132
1700480035000,1700480036000,63,16688819,1700480036135
1700480035000,1700480036000,13,21810725,1700480036138
1700480036000,1700480037000,47,37286431,1700480037064
1700480036000,1700480037000,24,16851658,1700480037072
1700480036000,1700480037000,100,60415651,1700480037074
1700480036000,1700480037000,13,17983196,1700480037083
1700480036000,1700480037000,63,13396242,1700480037087
1700480036000,1700480037000,54,22234324,1700480037090
1700480037000,1700480038000,54,31406818,1700480038038
1700480037000,1700480038000,100,55462994,1700480038115
1700480037000,1700480038000,47,18867947,1700480038118
1700480037000,1700480038000,13,19223355,1700480038132
1700480037000,1700480038000,24,21257196,1700480038133
1700480037000,1700480038000,63,13769362,1700480038141
1700480038000,1700480039000,100,55394343,1700480039066
1700480038000,1700480039000,47,19220538,1700480039068
1700480038000,1700480039000,13,20817910,1700480039073
1700480038000,1700480039000,24,21202953,1700480039080
1700480038000,1700480039000,54,29113966,1700480039086
1700480038000,1700480039000,63,14920348,1700480039094
1700480039000,1700480040000,63,15224762,1700480040043
1700480039000,1700480040000,47,17672777,1700480040112
1700480039000,1700480040000,13,18062636,1700480040124
1700480039000,1700480040000,100,23488094,1700480040124
1700480039000,1700480040000,54,33442033,1700480040132
1700480039000,1700480040000,24,25505473,1700480040138
1700480040000,1700480041000,47,15919043,1700480041055
1700480040000,1700480041000,13,16977030,1700480041059
1700480040000,1700480041000,100,19387543,1700480041066
1700480040000,1700480041000,54,22260026,1700480041074
1700480040000,1700480041000,24,22088524,1700480041083
1700480040000,1700480041000,63,18403885,1700480041098
1700480041000,1700480042000,24,26495374,1700480042037
1700480041000,1700480042000,63,11089484,1700480042044
1700480041000,1700480042000,47,18355967,1700480042093
1700480041000,1700480042000,13,30083927,1700480042114
1700480041000,1700480042000,100,15923862,1700480042122
1700480041000,1700480042000,54,29605237,1700480042124
1700480042000,1700480043000,47,13955834,1700480043051
1700480042000,1700480043000,13,18115186,1700480043057
1700480042000,1700480043000,100,17405336,1700480043071
1700480042000,1700480043000,54,27728269,1700480043080
1700480042000,1700480043000,24,21314502,1700480043088
1700480042000,1700480043000,63,19632201,1700480043092
1700480043000,1700480044000,63,18289950,1700480044038
1700480043000,1700480044000,47,19043900,1700480044098
1700480043000,1700480044000,13,23077150,1700480044105
1700480043000,1700480044000,100,18195484,1700480044121
1700480043000,1700480044000,54,30480959,1700480044131
1700480043000,1700480044000,24,32465028,1700480044136
1700480044000,1700480045000,13,19731772,1700480045046
1700480044000,1700480045000,47,13413820,1700480045053
1700480044000,1700480045000,100,15423212,1700480045074
1700480044000,1700480045000,54,18296331,1700480045081
1700480044000,1700480045000,63,14891016,1700480045085
1700480044000,1700480045000,24,35971534,1700480045086
1700480045000,1700480046000,24,33486708,1700480046036
1700480045000,1700480046000,47,18985951,1700480046100
1700480045000,1700480046000,13,22742737,1700480046108
1700480045000,1700480046000,100,24543750,1700480046120
1700480045000,1700480046000,54,27788178,1700480046123
1700480045000,1700480046000,63,14232478,1700480046139
1700480046000,1700480047000,47,17600870,1700480047059
1700480046000,1700480047000,13,19730851,1700480047060
1700480046000,1700480047000,54,17292668,1700480047070
1700480046000,1700480047000,100,17618047,1700480047081
1700480046000,1700480047000,63,11941598,1700480047087
1700480046000,1700480047000,24,45470484,1700480047088
1700480047000,1700480048000,63,14655351,1700480048044
1700480047000,1700480048000,24,18969938,1700480048046
1700480047000,1700480048000,47,14953687,1700480048107
1700480047000,1700480048000,13,20224271,1700480048111
1700480047000,1700480048000,54,24676176,1700480048128
1700480047000,1700480048000,100,21506324,1700480048132
1700480048000,1700480049000,13,17636190,1700480049050
1700480048000,1700480049000,47,14611810,1700480049063
1700480048000,1700480049000,100,17681344,1700480049076
1700480048000,1700480049000,54,19618515,1700480049077
1700480048000,1700480049000,24,25583934,1700480049096
1700480048000,1700480049000,63,17277554,1700480049107
1700480049000,1700480050000,24,35453722,1700480050044
1700480049000,1700480050000,63,14111686,1700480050057
1700480049000,1700480050000,13,20860449,1700480050101
1700480049000,1700480050000,47,15113976,1700480050107
1700480049000,1700480050000,54,23697408,1700480050122
1700480049000,1700480050000,100,23819215,1700480050131
1700480050000,1700480051000,13,20447697,1700480051035
1700480050000,1700480051000,47,14217709,1700480051064
1700480050000,1700480051000,54,39878291,1700480051071
1700480050000,1700480051000,100,20994649,1700480051086
1700480050000,1700480051000,24,31241886,1700480051103
1700480050000,1700480051000,63,17801487,1700480051119
1700480051000,1700480052000,100,17672132,1700480052038
1700480051000,1700480052000,24,26893969,1700480052051
1700480051000,1700480052000,63,12010841,1700480052067
1700480051000,1700480052000,13,28737811,1700480052094
1700480051000,1700480052000,47,29011721,1700480052114
1700480051000,1700480052000,54,36551104,1700480052118
1700480052000,1700480053000,13,18660930,1700480053038
1700480052000,1700480053000,47,15240119,1700480053066
1700480052000,1700480053000,54,30046215,1700480053069
1700480052000,1700480053000,100,23105458,1700480053090
1700480052000,1700480053000,24,22394188,1700480053100
1700480052000,1700480053000,63,44413794,1700480053125
1700480053000,1700480054000,100,15131114,1700480054039
1700480053000,1700480054000,24,26264293,1700480054051
1700480053000,1700480054000,63,14813408,1700480054074
1700480053000,1700480054000,13,17173403,1700480054088
1700480053000,1700480054000,47,47708399,1700480054109
1700480053000,1700480054000,54,21026051,1700480054122
1700480054000,1700480055000,47,20035224,1700480055060
1700480054000,1700480055000,54,18841147,1700480055061
1700480054000,1700480055000,100,23714570,1700480055093
1700480054000,1700480055000,24,33291948,1700480055105
1700480054000,1700480055000,63,17502138,1700480055125
1700480054000,1700480055000,13,22477949,1700480055137
1700480055000,1700480056000,100,15173775,1700480056035
1700480055000,1700480056000,24,19816001,1700480056047
1700480055000,1700480056000,63,13081723,1700480056075
1700480055000,1700480056000,13,20161826,1700480056075
1700480055000,1700480056000,47,49539307,1700480056106
1700480055000,1700480056000,54,18552541,1700480056118
1700480056000,1700480057000,47,26728459,1700480057055
1700480056000,1700480057000,54,18162864,1700480057063
1700480056000,1700480057000,100,16751124,1700480057089
1700480056000,1700480057000,24,30048489,1700480057102
1700480056000,1700480057000,13,16668763,1700480057125
1700480056000,1700480057000,63,20875903,1700480057131
1700480057000,1700480058000,100,23306342,1700480058038
1700480057000,1700480058000,24,26033191,1700480058044
1700480057000,1700480058000,13,40767673,1700480058068
1700480057000,1700480058000,63,12771882,1700480058088
1700480057000,1700480058000,47,36485782,1700480058101
1700480057000,1700480058000,54,20710167,1700480058121
1700480058000,1700480059000,47,34742949,1700480059055
1700480058000,1700480059000,54,26701623,1700480059069
1700480058000,1700480059000,100,51568188,1700480059090
1700480058000,1700480059000,24,34858571,1700480059101
1700480058000,1700480059000,13,35448853,1700480059123
1700480058000,1700480059000,63,14304424,1700480059143
1700480059000,1700480060000,100,71840319,1700480060039
1700480059000,1700480060000,24,22807390,1700480060047
1700480059000,1700480060000,13,34767476,1700480060064
1700480059000,1700480060000,63,16911193,1700480060087
1700480059000,1700480060000,47,52063429,1700480060103
1700480059000,1700480060000,54,25922328,1700480060113
1700480060000,1700480061000,63,13475850,1700480061039
1700480060000,1700480061000,54,25519065,1700480061057
1700480060000,1700480061000,47,12739548,1700480061063
1700480060000,1700480061000,100,42688036,1700480061092
1700480060000,1700480061000,24,25331877,1700480061104
1700480060000,1700480061000,13,22052931,1700480061115
1700480061000,1700480062000,100,70950915,1700480062046
1700480061000,1700480062000,24,28233167,1700480062059
1700480061000,1700480062000,13,22016252,1700480062066
1700480061000,1700480062000,63,15967849,1700480062095
1700480061000,1700480062000,54,22603208,1700480062110
1700480061000,1700480062000,47,45896236,1700480062122
1700480062000,1700480063000,54,22127619,1700480063050
1700480062000,1700480063000,63,14938530,1700480063055
1700480062000,1700480063000,47,15938829,1700480063075
1700480062000,1700480063000,100,36839680,1700480063093
1700480062000,1700480063000,24,25066757,1700480063112
1700480062000,1700480063000,13,34288389,1700480063124
1700480063000,1700480064000,100,39339612,1700480064041
1700480063000,1700480064000,24,25051471,1700480064064
1700480063000,1700480064000,13,18618241,1700480064071
1700480063000,1700480064000,63,13929303,1700480064103
1700480063000,1700480064000,54,26369565,1700480064106
1700480063000,1700480064000,47,10851196,1700480064134
1700480064000,1700480065000,63,14132122,1700480065053
1700480064000,1700480065000,54,31439192,1700480065055
1700480064000,1700480065000,47,8459478,1700480065079
1700480064000,1700480065000,100,81193339,1700480065090
1700480064000,1700480065000,24,25523620,1700480065120
1700480064000,1700480065000,13,23087537,1700480065123
1700480065000,1700480066000,100,79708918,1700480066038
1700480065000,1700480066000,24,22120324,1700480066071
1700480065000,1700480066000,13,31129160,1700480066071
1700480065000,1700480066000,63,14598836,1700480066107
1700480065000,1700480066000,54,24335676,1700480066113
1700480065000,1700480066000,47,11237178,1700480066141
1700480066000,1700480067000,63,17198807,1700480067059
1700480066000,1700480067000,54,18926327,1700480067065
1700480066000,1700480067000,47,10198405,1700480067092
1700480066000,1700480067000,100,60492069,1700480067094
1700480066000,1700480067000,24,25283757,1700480067118
1700480066000,1700480067000,13,28081635,1700480067127
1700480067000,1700480068000,100,38726521,1700480068034
1700480067000,1700480068000,47,10773749,1700480068039
1700480067000,1700480068000,24,26684998,1700480068067
1700480067000,1700480068000,13,18843440,1700480068071
1700480067000,1700480068000,63,14498119,1700480068113
1700480067000,1700480068000,54,31270640,1700480068124
1700480068000,1700480069000,63,19037274,1700480069067
1700480068000,1700480069000,54,27435178,1700480069076
1700480068000,1700480069000,100,21127485,1700480069086
1700480068000,1700480069000,47,11571042,1700480069092
1700480068000,1700480069000,13,22689166,1700480069118
1700480068000,1700480069000,24,27567463,1700480069122
1700480069000,1700480070000,47,9086004,1700480070047
1700480069000,1700480070000,13,31978272,1700480070067
1700480069000,1700480070000,24,25027723,1700480070075
1700480069000,1700480070000,63,18198447,1700480070115
1700480069000,1700480070000,54,21256405,1700480070120
1700480069000,1700480070000,100,20324685,1700480070131
1700480070000,1700480071000,54,15713347,1700480071065
1700480070000,1700480071000,63,13313409,1700480071067
1700480070000,1700480071000,100,13858218,1700480071079
1700480070000,1700480071000,47,12913030,1700480071098
1700480070000,1700480071000,13,34262654,1700480071116
1700480070000,1700480071000,24,20250173,1700480071129
1700480071000,1700480072000,47,12793037,1700480072054
1700480071000,1700480072000,13,17570512,1700480072073
1700480071000,1700480072000,24,21500536,1700480072079
1700480071000,1700480072000,63,16779790,1700480072118
1700480071000,1700480072000,54,27029983,1700480072119
1700480071000,1700480072000,100,24944711,1700480072136
1700480072000,1700480073000,54,76074181,1700480073059
1700480072000,1700480073000,63,15444583,1700480073071
1700480072000,1700480073000,100,22813241,1700480073078
1700480072000,1700480073000,47,14242134,1700480073103
1700480072000,1700480073000,13,27730549,1700480073120
1700480072000,1700480073000,24,17750704,1700480073138
1700480073000,1700480074000,47,12037970,1700480074058
1700480073000,1700480074000,13,29978435,1700480074068
1700480073000,1700480074000,24,20130112,1700480074082
1700480073000,1700480074000,54,41360065,1700480074122
1700480073000,1700480074000,63,16888939,1700480074125
1700480073000,1700480074000,100,22259683,1700480074125
1700480074000,1700480075000,54,40468060,1700480075075
1700480074000,1700480075000,100,15056491,1700480075078
1700480074000,1700480075000,63,13769723,1700480075080
1700480074000,1700480075000,47,17519468,1700480075114
1700480074000,1700480075000,13,23659095,1700480075121
1700480074000,1700480075000,24,24525234,1700480075136
1700480075000,1700480076000,13,14720041,1700480076064
1700480075000,1700480076000,47,24836672,1700480076068
1700480075000,1700480076000,24,17459826,1700480076082
1700480075000,1700480076000,100,17766509,1700480076125
1700480075000,1700480076000,54,35777982,1700480076132
1700480075000,1700480076000,63,12533535,1700480076135
1700480076000,1700480077000,54,18211803,1700480077077
1700480076000,1700480077000,100,25324520,1700480077078
1700480076000,1700480077000,63,14618007,1700480077086
1700480076000,1700480077000,47,27967755,1700480077112
1700480076000,1700480077000,13,19016744,1700480077123
1700480076000,1700480077000,24,20238966,1700480077128
1700480077000,1700480078000,63,15333203,1700480078039
1700480077000,1700480078000,47,22287310,1700480078062
1700480077000,1700480078000,24,33056442,1700480078069
1700480077000,1700480078000,13,20228832,1700480078074
1700480077000,1700480078000,100,33307230,1700480078125
1700480077000,1700480078000,54,34499619,1700480078141
1700480078000,1700480079000,100,38119608,1700480079079
1700480078000,1700480079000,54,44377827,1700480079083
1700480078000,1700480079000,63,18673561,1700480079090
1700480078000,1700480079000,47,16688587,1700480079117
1700480078000,1700480079000,24,30294565,1700480079118
1700480078000,1700480079000,13,24365744,1700480079121
1700480079000,1700480080000,63,20307128,1700480080034
1700480079000,1700480080000,13,25627456,1700480080061
1700480079000,1700480080000,47,26914176,1700480080063
1700480079000,1700480080000,24,26819606,1700480080064
1700480079000,1700480080000,100,34573625,1700480080131
1700480079000,1700480080000,54,24715560,1700480080133
1700480080000,1700480081000,54,22291585,1700480081084
1700480080000,1700480081000,100,24556514,1700480081089
1700480080000,1700480081000,63,21556300,1700480081103
1700480080000,1700480081000,13,26570725,1700480081116
1700480080000,1700480081000,47,25437085,1700480081119
1700480080000,1700480081000,24,43061511,1700480081120
1700480081000,1700480082000,100,18994815,1700480082039
1700480081000,1700480082000,63,23421066,1700480082055
1700480081000,1700480082000,13,39801808,1700480082066
1700480081000,1700480082000,24,33789404,1700480082068
1700480081000,1700480082000,47,19458926,1700480082079
1700480081000,1700480082000,54,28601696,1700480082139
1700480082000,1700480083000,54,25696467,1700480083083
1700480082000,1700480083000,100,23725078,1700480083093
1700480082000,1700480083000,63,61341700,1700480083102
1700480082000,1700480083000,13,30423683,1700480083122
1700480082000,1700480083000,24,38591630,1700480083122
1700480082000,1700480083000,47,25263532,1700480083129
1700480083000,1700480084000,100,18320710,1700480084039
1700480083000,1700480084000,63,48275487,1700480084057
1700480083000,1700480084000,13,17844106,1700480084069
1700480083000,1700480084000,24,29383641,1700480084075
1700480083000,1700480084000,47,16705575,1700480084083
1700480083000,1700480084000,54,18462529,1700480084138
1700480084000,1700480085000,54,16847189,1700480085075
1700480084000,1700480085000,100,25944035,1700480085095
1700480084000,1700480085000,63,92926475,1700480085099
1700480084000,1700480085000,13,40989793,1700480085120
1700480084000,1700480085000,24,21846812,1700480085126
1700480084000,1700480085000,47,18169925,1700480085142
1700480085000,1700480086000,100,16545218,1700480086038
1700480085000,1700480086000,63,105508645,1700480086044
1700480085000,1700480086000,13,20147794,1700480086063
1700480085000,1700480086000,24,34426219,1700480086071
1700480085000,1700480086000,47,14360304,1700480086094
1700480085000,1700480086000,54,22159323,1700480086131
1700480086000,1700480087000,47,13135514,1700480087045
1700480086000,1700480087000,54,19921666,1700480087078
1700480086000,1700480087000,100,25643402,1700480087085
1700480086000,1700480087000,63,31664292,1700480087098
1700480086000,1700480087000,13,42535302,1700480087119
1700480086000,1700480087000,24,22739344,1700480087123
1700480087000,1700480088000,63,33106306,1700480088051
1700480087000,1700480088000,13,26769462,1700480088057
1700480087000,1700480088000,24,36323314,1700480088065
1700480087000,1700480088000,47,11451813,1700480088094
1700480087000,1700480088000,100,21205908,1700480088134
1700480087000,1700480088000,54,63591698,1700480088139
1700480088000,1700480089000,47,10279026,1700480089043
1700480088000,1700480089000,100,15608044,1700480089085
1700480088000,1700480089000,54,23711093,1700480089090
1700480088000,1700480089000,63,22330319,1700480089112
1700480088000,1700480089000,13,29911020,1700480089112
1700480088000,1700480089000,24,24787254,1700480089122
1700480089000,1700480090000,54,28689251,1700480090041
1700480089000,1700480090000,13,30834063,1700480090052
1700480089000,1700480090000,63,16667393,1700480090056
1700480089000,1700480090000,24,22639500,1700480090059
1700480089000,1700480090000,47,15888703,1700480090091
1700480089000,1700480090000,100,24084140,1700480090133
1700480090000,1700480091000,47,10442359,1700480091049
1700480090000,1700480091000,100,21269303,1700480091091
1700480090000,1700480091000,54,36380800,1700480091097
1700480090000,1700480091000,13,26644147,1700480091101
1700480090000,1700480091000,63,13550930,1700480091116
1700480090000,1700480091000,24,32754856,1700480091118
1700480091000,1700480092000,100,19584196,1700480092035
1700480091000,1700480092000,54,59619500,1700480092042
1700480091000,1700480092000,13,19704641,1700480092047
1700480091000,1700480092000,24,24867650,1700480092060
1700480091000,1700480092000,63,20627297,1700480092063
1700480091000,1700480092000,47,16735936,1700480092106
1700480092000,1700480093000,47,14293186,1700480093047
1700480092000,1700480093000,100,18412385,1700480093090
1700480092000,1700480093000,54,27896503,1700480093098
1700480092000,1700480093000,13,20799846,1700480093099
1700480092000,1700480093000,63,15046047,1700480093114
1700480092000,1700480093000,24,21476215,1700480093116
1700480093000,1700480094000,100,19310265,1700480094037
1700480093000,1700480094000,13,34371416,1700480094046
1700480093000,1700480094000,54,24981231,1700480094049
1700480093000,1700480094000,24,26695846,1700480094058
1700480093000,1700480094000,63,18284500,1700480094062
1700480093000,1700480094000,47,14831135,1700480094102
1700480094000,1700480095000,47,14434946,1700480095047
1700480094000,1700480095000,100,21021287,1700480095085
1700480094000,1700480095000,13,41838907,1700480095101
1700480094000,1700480095000,54,30873842,1700480095106
1700480094000,1700480095000,24,24197089,1700480095119
1700480094000,1700480095000,63,11820432,1700480095122
1700480095000,1700480096000,13,24615790,1700480096044
1700480095000,1700480096000,54,50715178,1700480096051
1700480095000,1700480096000,24,22921875,1700480096060
1700480095000,1700480096000,63,12955203,1700480096071
1700480095000,1700480096000,47,17208629,1700480096102
1700480095000,1700480096000,100,27623265,1700480096134
1700480096000,1700480097000,47,13083141,1700480097051
1700480096000,1700480097000,100,37638926,1700480097079
1700480096000,1700480097000,13,23811887,1700480097096
1700480096000,1700480097000,54,59101146,1700480097108
1700480096000,1700480097000,24,21866572,1700480097113
1700480096000,1700480097000,63,18252416,1700480097127
1700480097000,1700480098000,13,27572178,1700480098040
1700480097000,1700480098000,54,128176860,1700480098058
1700480097000,1700480098000,24,29123253,1700480098060
1700480097000,1700480098000,63,16845240,1700480098083
1700480097000,1700480098000,47,14208461,1700480098103
1700480097000,1700480098000,100,84699341,1700480098135
1700480098000,1700480099000,47,15574121,1700480099051
1700480098000,1700480099000,100,68040744,1700480099090
1700480098000,1700480099000,13,27249428,1700480099096
1700480098000,1700480099000,54,166713489,1700480099104
1700480098000,1700480099000,24,33913050,1700480099110
1700480098000,1700480099000,63,106699609,1700480099135
1700480099000,1700480100000,100,87059639,1700480100038
1700480099000,1700480100000,13,20574989,1700480100046
1700480099000,1700480100000,24,27963870,1700480100056
1700480099000,1700480100000,54,178389521,1700480100058
1700480099000,1700480100000,63,118162754,1700480100089
1700480099000,1700480100000,47,25413136,1700480100107
1700480100000,1700480101000,47,56418631,1700480101054
1700480100000,1700480101000,100,54344175,1700480101095
1700480100000,1700480101000,24,68415104,1700480101097
1700480100000,1700480101000,13,28662124,1700480101099
1700480100000,1700480101000,54,225164709,1700480101114
1700480100000,1700480101000,63,146911952,1700480101139
1700480101000,1700480102000,13,36785461,1700480102040
1700480101000,1700480102000,100,83873637,1700480102045
1700480101000,1700480102000,24,103671998,1700480102052
1700480101000,1700480102000,54,190918265,1700480102058
1700480101000,1700480102000,63,248567231,1700480102083
1700480101000,1700480102000,47,146636406,1700480102121
1700480102000,1700480103000,63,149585978,1700480103034
1700480102000,1700480103000,47,78378368,1700480103068
1700480102000,1700480103000,13,32216621,1700480103090
1700480102000,1700480103000,100,29330387,1700480103103
1700480102000,1700480103000,24,191284518,1700480103108
1700480102000,1700480103000,54,154734617,1700480103118
1700480103000,1700480104000,13,72109106,1700480104033
1700480103000,1700480104000,100,94454016,1700480104049
1700480103000,1700480104000,24,140809952,1700480104057
1700480103000,1700480104000,54,75205815,1700480104067
1700480103000,1700480104000,63,97608043,1700480104090
1700480103000,1700480104000,47,158417329,1700480104120
1700480104000,1700480105000,63,36208455,1700480105037
1700480104000,1700480105000,47,195964168,1700480105065
1700480104000,1700480105000,13,212761258,1700480105091
1700480104000,1700480105000,100,56647565,1700480105105
1700480104000,1700480105000,24,113879643,1700480105115
1700480104000,1700480105000,54,133756692,1700480105122
1700480105000,1700480106000,13,229331599,1700480106040
1700480105000,1700480106000,100,71358764,1700480106053
1700480105000,1700480106000,24,159566223,1700480106058
1700480105000,1700480106000,54,49933039,1700480106073
1700480105000,1700480106000,63,33013219,1700480106094
1700480105000,1700480106000,47,130345954,1700480106124
1700480106000,1700480107000,63,71959211,1700480107042
1700480106000,1700480107000,47,114097379,1700480107066
1700480106000,1700480107000,13,267336552,1700480107088
1700480106000,1700480107000,100,75287506,1700480107107
1700480106000,1700480107000,24,223745891,1700480107114
1700480106000,1700480107000,54,42359988,1700480107127
1700480107000,1700480108000,13,109054934,1700480108040
1700480107000,1700480108000,100,78714530,1700480108057
1700480107000,1700480108000,24,113313099,1700480108066
1700480107000,1700480108000,54,70842555,1700480108076
1700480107000,1700480108000,63,64402059,1700480108098
1700480107000,1700480108000,47,103062099,1700480108123
1700480108000,1700480109000,63,27901055,1700480109055
1700480108000,1700480109000,47,25030489,1700480109075
1700480108000,1700480109000,13,195279084,1700480109104
1700480108000,1700480109000,100,83934906,1700480109113
1700480108000,1700480109000,54,97411908,1700480109121
1700480108000,1700480109000,24,108159294,1700480109128
1700480109000,1700480110000,13,83099920,1700480110051
1700480109000,1700480110000,100,52408534,1700480110063
1700480109000,1700480110000,54,26237501,1700480110072
1700480109000,1700480110000,24,54385426,1700480110073
1700480109000,1700480110000,63,34263617,1700480110109
1700480109000,1700480110000,47,38931398,1700480110123
1700480110000,1700480111000,63,38151138,1700480111057
1700480110000,1700480111000,47,131899633,1700480111072
1700480110000,1700480111000,13,108933885,1700480111105
1700480110000,1700480111000,100,60711882,1700480111115
1700480110000,1700480111000,24,48410377,1700480111131
1700480110000,1700480111000,54,65195584,1700480111133
1700480111000,1700480112000,13,31428658,1700480112047
1700480111000,1700480112000,100,54625971,1700480112064
1700480111000,1700480112000,24,22416125,1700480112074
1700480111000,1700480112000,54,126133145,1700480112076
1700480111000,1700480112000,63,17967439,1700480112107
1700480111000,1700480112000,47,26572690,1700480112126
1700480112000,1700480113000,63,17537562,1700480113056
1700480112000,1700480113000,47,15614763,1700480113079
1700480112000,1700480113000,13,30340839,1700480113100
1700480112000,1700480113000,100,35986514,1700480113113
1700480112000,1700480113000,54,200635651,1700480113129
1700480112000,1700480113000,24,30982084,1700480113130
1700480113000,1700480114000,13,45907563,1700480114043
1700480113000,1700480114000,100,65047655,1700480114057
1700480113000,1700480114000,54,103442582,1700480114060
1700480113000,1700480114000,24,30791181,1700480114078
1700480113000,1700480114000,63,18661126,1700480114110
1700480113000,1700480114000,47,28593737,1700480114137
1700480114000,1700480115000,63,79662729,1700480115056
1700480114000,1700480115000,47,55364847,1700480115085
1700480114000,1700480115000,13,37546888,1700480115100
1700480114000,1700480115000,100,114092605,1700480115110
1700480114000,1700480115000,54,36967200,1700480115118
1700480114000,1700480115000,24,101933719,1700480115126
1700480115000,1700480116000,47,31091953,1700480116037
1700480115000,1700480116000,13,48350760,1700480116054
1700480115000,1700480116000,100,54278350,1700480116058
1700480115000,1700480116000,54,19816973,1700480116064
1700480115000,1700480116000,24,223150634,1700480116065
1700480115000,1700480116000,63,69595277,1700480116119
1700480116000,1700480117000,63,30100798,1700480117067
1700480116000,1700480117000,47,49983475,1700480117093
1700480116000,1700480117000,13,57025493,1700480117103
1700480116000,1700480117000,100,143233127,1700480117115
1700480116000,1700480117000,54,27104403,1700480117122
1700480116000,1700480117000,24,162546223,1700480117122
1700480117000,1700480118000,47,77776834,1700480118040
1700480117000,1700480118000,13,38986311,1700480118046
1700480117000,1700480118000,24,79244083,1700480118061
1700480117000,1700480118000,54,48886097,1700480118065
1700480117000,1700480118000,100,63513705,1700480118066
1700480117000,1700480118000,63,22934212,1700480118121
1700480118000,1700480119000,63,23702939,1700480119076
1700480118000,1700480119000,47,33754796,1700480119088
1700480118000,1700480119000,13,31563209,1700480119104
1700480118000,1700480119000,24,18434453,1700480119115
1700480118000,1700480119000,100,71922664,1700480119118
1700480118000,1700480119000,54,153678289,1700480119129
1700480119000,1700480120000,47,56773063,1700480120041
1700480119000,1700480120000,24,29084618,1700480120060
1700480119000,1700480120000,13,25196077,1700480120060
1700480119000,1700480120000,54,101665697,1700480120065
1700480119000,1700480120000,100,57789217,1700480120068
1700480119000,1700480120000,63,32025916,1700480120133
1700480120000,1700480121000,63,34625222,1700480121081
1700480120000,1700480121000,47,72478866,1700480121088
1700480120000,1700480121000,13,23219667,1700480121107
1700480120000,1700480121000,100,57448788,1700480121116
1700480120000,1700480121000,24,62319392,1700480121120
1700480120000,1700480121000,54,73114564,1700480121122
1700480121000,1700480122000,47,63115927,1700480122036
1700480121000,1700480122000,13,18544560,1700480122058
1700480121000,1700480122000,54,90604013,1700480122062
1700480121000,1700480122000,24,139128666,1700480122067
1700480121000,1700480122000,100,27654832,1700480122067
1700480121000,1700480122000,63,25147190,1700480122138
1700480122000,1700480123000,47,56892426,1700480123091
1700480122000,1700480123000,63,22458937,1700480123095
1700480122000,1700480123000,13,24206463,1700480123108
1700480122000,1700480123000,100,28762298,1700480123114
1700480122000,1700480123000,54,65802976,1700480123117
1700480122000,1700480123000,24,84426579,1700480123119
1700480123000,1700480124000,63,17617322,1700480124038
1700480123000,1700480124000,47,26901790,1700480124038
1700480123000,1700480124000,24,109382648,1700480124055
1700480123000,1700480124000,13,22247756,1700480124055
1700480123000,1700480124000,100,25634424,1700480124056
1700480123000,1700480124000,54,111673637,1700480124058
1700480124000,1700480125000,47,112261628,1700480125092
1700480124000,1700480125000,63,19972268,1700480125102
1700480124000,1700480125000,24,56064091,1700480125103
1700480124000,1700480125000,13,41973636,1700480125107
1700480124000,1700480125000,100,102187909,1700480125113
1700480124000,1700480125000,54,46450642,1700480125121
1700480125000,1700480126000,47,26636541,1700480126040
1700480125000,1700480126000,63,14461894,1700480126052
1700480125000,1700480126000,24,88347453,1700480126056
1700480125000,1700480126000,13,33279679,1700480126058
1700480125000,1700480126000,54,49863155,1700480126065
1700480125000,1700480126000,100,101859970,1700480126066
1700480126000,1700480127000,47,53943734,1700480127100
1700480126000,1700480127000,24,56585491,1700480127108
1700480126000,1700480127000,63,19677776,1700480127113
1700480126000,1700480127000,13,33940117,1700480127114
1700480126000,1700480127000,100,41091356,1700480127116
1700480126000,1700480127000,54,38123206,1700480127129
1700480127000,1700480128000,24,32119801,1700480128055
1700480127000,1700480128000,47,25485405,1700480128055
1700480127000,1700480128000,13,25450404,1700480128058
1700480127000,1700480128000,63,14754961,1700480128068
1700480127000,1700480128000,100,88174726,1700480128069
1700480127000,1700480128000,54,26469476,1700480128070
1700480128000,1700480129000,47,21702968,1700480129099
1700480128000,1700480129000,13,29741924,1700480129113
1700480128000,1700480129000,100,118364904,1700480129115
1700480128000,1700480129000,24,160354491,1700480129116
1700480128000,1700480129000,63,14325516,1700480129124
1700480128000,1700480129000,54,50217484,1700480129131
1700480129000,1700480130000,47,39982217,1700480130048
1700480129000,1700480130000,13,25116658,1700480130056
1700480129000,1700480130000,100,295529172,1700480130058
1700480129000,1700480130000,24,56809234,1700480130061
1700480129000,1700480130000,63,14893637,1700480130072
1700480129000,1700480130000,54,60600130,1700480130075
1700480130000,1700480131000,47,36980037,1700480131091
1700480130000,1700480131000,100,403233096,1700480131108
1700480130000,1700480131000,13,24590301,1700480131116
1700480130000,1700480131000,24,169189823,1700480131116
1700480130000,1700480131000,54,76742161,1700480131126
1700480130000,1700480131000,63,50798892,1700480131128
1700480131000,1700480132000,100,594680707,1700480132058
1700480131000,1700480132000,24,35997676,1700480132061
1700480131000,1700480132000,13,96877297,1700480132064
1700480131000,1700480132000,54,21940462,1700480132073
1700480131000,1700480132000,63,42652575,1700480132080
1700480131000,1700480132000,47,19939900,1700480132139
1700480132000,1700480133000,47,21208978,1700480133096
1700480132000,1700480133000,100,750496303,1700480133107
1700480132000,1700480133000,24,75810828,1700480133116
1700480132000,1700480133000,13,44889998,1700480133119
1700480132000,1700480133000,63,161832944,1700480133135
1700480132000,1700480133000,54,24398277,1700480133135
1700480133000,1700480134000,47,25206940,1700480134046
1700480133000,1700480134000,100,774922647,1700480134047
1700480133000,1700480134000,13,23338188,1700480134068
1700480133000,1700480134000,24,24088177,1700480134071
1700480133000,1700480134000,54,20933142,1700480134071
1700480133000,1700480134000,63,112038515,1700480134086
1700480134000,1700480135000,63,109652340,1700480135035
1700480134000,1700480135000,47,17528167,1700480135104
1700480134000,1700480135000,100,816771397,1700480135105
1700480134000,1700480135000,24,54339031,1700480135120
1700480134000,1700480135000,13,32407483,1700480135126
1700480134000,1700480135000,54,24856775,1700480135129
1700480135000,1700480136000,100,717205215,1700480136061
1700480135000,1700480136000,47,21227716,1700480136061
1700480135000,1700480136000,54,30029016,1700480136069
1700480135000,1700480136000,24,19959216,1700480136075
1700480135000,1700480136000,13,21918472,1700480136080
1700480135000,1700480136000,63,115362600,1700480136097
1700480136000,1700480137000,63,54025872,1700480137051
1700480136000,1700480137000,100,880294447,1700480137111
1700480136000,1700480137000,47,25366628,1700480137115
1700480136000,1700480137000,24,27657040,1700480137126
1700480136000,1700480137000,54,97911530,1700480137127
1700480136000,1700480137000,13,33593025,1700480137135
1700480137000,1700480138000,100,834743660,1700480138064
1700480137000,1700480138000,54,265152087,1700480138070
1700480137000,1700480138000,47,18798515,1700480138071
1700480137000,1700480138000,24,24062709,1700480138082
1700480137000,1700480138000,13,25000388,1700480138093
1700480137000,1700480138000,63,24334754,1700480138114
1700480138000,1700480139000,24,23585147,1700480139036
1700480138000,1700480139000,13,46481682,1700480139036
1700480138000,1700480139000,63,24367038,1700480139059
1700480138000,1700480139000,54,400710646,1700480139110
1700480138000,1700480139000,100,294114887,1700480139118
1700480138000,1700480139000,47,23280809,1700480139123
1700480139000,1700480140000,54,458797273,1700480140063
1700480139000,1700480140000,100,215919155,1700480140063
1700480139000,1700480140000,47,53244303,1700480140064
1700480139000,1700480140000,13,30397971,1700480140094
1700480139000,1700480140000,24,61932319,1700480140094
1700480139000,1700480140000,63,170222305,1700480140119
1700480140000,1700480141000,24,48648250,1700480141044
1700480140000,1700480141000,13,32337639,1700480141050
1700480140000,1700480141000,63,157394172,1700480141068
1700480140000,1700480141000,47,104868441,1700480141115
1700480140000,1700480141000,100,265470364,1700480141118
1700480140000,1700480141000,54,457912336,1700480141119
1700480141000,1700480142000,47,232741506,1700480142061
1700480141000,1700480142000,100,262143067,1700480142063
1700480141000,1700480142000,54,263112571,1700480142070
1700480141000,1700480142000,24,89606053,1700480142097
1700480141000,1700480142000,13,40238783,1700480142100
1700480141000,1700480142000,63,209717934,1700480142130
1700480142000,1700480143000,13,40845388,1700480143042
1700480142000,1700480143000,24,144969696,1700480143046
1700480142000,1700480143000,63,192603901,1700480143085
1700480142000,1700480143000,100,225508783,1700480143118
1700480142000,1700480143000,47,245866286,1700480143120
1700480142000,1700480143000,54,247804122,1700480143122
1700480143000,1700480144000,63,262010008,1700480144035
1700480143000,1700480144000,100,224924098,1700480144060
1700480143000,1700480144000,47,172349828,1700480144065
1700480143000,1700480144000,54,102356446,1700480144066
1700480143000,1700480144000,13,162655527,1700480144084
1700480143000,1700480144000,24,120744431,1700480144102
1700480144000,1700480145000,24,91021975,1700480145047
1700480144000,1700480145000,63,193235036,1700480145098
1700480144000,1700480145000,100,114129919,1700480145112
1700480144000,1700480145000,54,147047246,1700480145119
1700480144000,1700480145000,47,201105370,1700480145123
1700480144000,1700480145000,13,319170000,1700480145142
1700480145000,1700480146000,100,146658992,1700480146048
1700480145000,1700480146000,63,193098053,1700480146050
1700480145000,1700480146000,47,222962536,1700480146065
1700480145000,1700480146000,54,155498602,1700480146069
1700480145000,1700480146000,13,277621125,1700480146090
1700480145000,1700480146000,24,84591146,1700480146099
1700480146000,1700480147000,24,161476801,1700480147047
1700480146000,1700480147000,63,142881722,1700480147109
1700480146000,1700480147000,54,131787830,1700480147111
1700480146000,1700480147000,100,102618318,1700480147112
1700480146000,1700480147000,47,296532713,1700480147120
1700480146000,1700480147000,13,231546781,1700480147140
1700480147000,1700480148000,63,91095247,1700480148060
1700480147000,1700480148000,54,82040223,1700480148062
1700480147000,1700480148000,100,157691003,1700480148067
1700480147000,1700480148000,47,193515117,1700480148073
1700480147000,1700480148000,13,170197295,1700480148086
1700480147000,1700480148000,24,140953464,1700480148094
1700480148000,1700480149000,13,301870925,1700480149036
1700480148000,1700480149000,24,80612607,1700480149047
1700480148000,1700480149000,54,100924320,1700480149115
1700480148000,1700480149000,63,139676605,1700480149115
1700480148000,1700480149000,100,171604267,1700480149116
1700480148000,1700480149000,47,214785354,1700480149132
1700480149000,1700480150000,63,90676605,1700480150062
1700480149000,1700480150000,100,215678797,1700480150063
1700480149000,1700480150000,54,148657406,1700480150063
1700480149000,1700480150000,47,67379660,1700480150072
1700480149000,1700480150000,13,323189358,1700480150084
1700480149000,1700480150000,24,134782453,1700480150099
1700480150000,1700480151000,24,32076588,1700480151047
1700480150000,1700480151000,54,55064107,1700480151122
1700480150000,1700480151000,63,88508776,1700480151123
1700480150000,1700480151000,100,169549613,1700480151126
1700480150000,1700480151000,47,202392776,1700480151132
1700480150000,1700480151000,13,324704998,1700480151134
1700480151000,1700480152000,54,105199029,1700480152070
1700480151000,1700480152000,13,266624976,1700480152072
1700480151000,1700480152000,63,31682167,1700480152074
1700480151000,1700480152000,100,252345176,1700480152076
1700480151000,1700480152000,47,158579688,1700480152087
1700480151000,1700480152000,24,135881500,1700480152096
1700480152000,1700480153000,47,31443185,1700480153043
1700480152000,1700480153000,24,58441604,1700480153049
1700480152000,1700480153000,54,52624348,1700480153127
1700480152000,1700480153000,63,94167412,1700480153128
1700480152000,1700480153000,13,438464524,1700480153130
1700480152000,1700480153000,100,272108667,1700480153134
1700480153000,1700480154000,63,71278992,1700480154068
1700480153000,1700480154000,13,223476397,1700480154068
1700480153000,1700480154000,54,140025111,1700480154074
1700480153000,1700480154000,100,262503233,1700480154077
1700480153000,1700480154000,47,127997611,1700480154092
1700480153000,1700480154000,24,30122133,1700480154107
1700480154000,1700480155000,47,19044064,1700480155042
1700480154000,1700480155000,24,68317032,1700480155066
1700480154000,1700480155000,54,41153929,1700480155117
1700480154000,1700480155000,13,270363375,1700480155120
1700480154000,1700480155000,63,102826647,1700480155124
1700480154000,1700480155000,100,211812626,1700480155130
1700480155000,1700480156000,13,154003341,1700480156067
1700480155000,1700480156000,54,78167159,1700480156069
1700480155000,1700480156000,100,198756620,1700480156075
1700480155000,1700480156000,63,70121909,1700480156080
1700480155000,1700480156000,47,16824237,1700480156090
1700480155000,1700480156000,24,44466666,1700480156118
1700480156000,1700480157000,47,15664610,1700480157033
1700480156000,1700480157000,24,112130319,1700480157064
1700480156000,1700480157000,13,38866563,1700480157118
1700480156000,1700480157000,54,142133097,1700480157121
1700480156000,1700480157000,100,203822776,1700480157127
1700480156000,1700480157000,63,110795771,1700480157131
1700480157000,1700480158000,13,20897871,1700480158063
1700480157000,1700480158000,54,69017894,1700480158065
1700480157000,1700480158000,100,241612799,1700480158078
1700480157000,1700480158000,63,124487794,1700480158080
1700480157000,1700480158000,47,56810017,1700480158085
1700480157000,1700480158000,24,73006661,1700480158121
1700480158000,1700480159000,47,75412063,1700480159038
1700480158000,1700480159000,24,31806165,1700480159059
1700480158000,1700480159000,13,208065055,1700480159112
1700480158000,1700480159000,54,120226847,1700480159114
1700480158000,1700480159000,100,261282019,1700480159135
1700480158000,1700480159000,63,87854649,1700480159139
1700480159000,1700480160000,13,85664462,1700480160058
1700480159000,1700480160000,54,286406538,1700480160069
1700480159000,1700480160000,100,119593825,1700480160085
1700480159000,1700480160000,63,251456686,1700480160090
1700480159000,1700480160000,47,187453564,1700480160094
1700480159000,1700480160000,24,68233741,1700480160114
1700480160000,1700480161000,100,227967187,1700480161034
1700480160000,1700480161000,47,129847882,1700480161040
1700480160000,1700480161000,63,420736015,1700480161041
1700480160000,1700480161000,24,73479031,1700480161054
1700480160000,1700480161000,13,186538649,1700480161113
1700480160000,1700480161000,54,647283318,1700480161126
1700480161000,1700480162000,13,133795059,1700480162058
1700480161000,1700480162000,54,422980229,1700480162077
1700480161000,1700480162000,63,541361798,1700480162086
1700480161000,1700480162000,100,275712482,1700480162092
1700480161000,1700480162000,47,145036875,1700480162092
1700480161000,1700480162000,24,181195021,1700480162110
1700480162000,1700480163000,100,238178525,1700480163042
1700480162000,1700480163000,47,304924206,1700480163050
1700480162000,1700480163000,24,136198086,1700480163066
1700480162000,1700480163000,13,44191979,1700480163102
1700480162000,1700480163000,54,675570027,1700480163134
1700480162000,1700480163000,63,285617446,1700480163143
1700480163000,1700480164000,13,38165497,1700480164048
1700480163000,1700480164000,54,425447326,1700480164081
1700480163000,1700480164000,63,270138387,1700480164093
1700480163000,1700480164000,100,144126709,1700480164098
1700480163000,1700480164000,47,367823716,1700480164099
1700480163000,1700480164000,24,82636291,1700480164131
1700480164000,1700480165000,100,159679615,1700480165039
1700480164000,1700480165000,63,373669522,1700480165042
1700480164000,1700480165000,47,172049792,1700480165043
1700480164000,1700480165000,24,331641884,1700480165086
1700480164000,1700480165000,13,146728348,1700480165107
1700480164000,1700480165000,54,356400295,1700480165130
1700480165000,1700480166000,13,47439884,1700480166054
1700480165000,1700480166000,54,566323335,1700480166076
1700480165000,1700480166000,47,257169509,1700480166095
1700480165000,1700480166000,100,154062479,1700480166099
1700480165000,1700480166000,63,402258277,1700480166102
1700480165000,1700480166000,24,445529816,1700480166129
1700480166000,1700480167000,47,394003897,1700480167039
1700480166000,1700480167000,100,150079809,1700480167047
1700480166000,1700480167000,63,316468603,1700480167051
1700480166000,1700480167000,24,342448554,1700480167071
1700480166000,1700480167000,13,77447300,1700480167111
1700480166000,1700480167000,54,548431205,1700480167123
1700480167000,1700480168000,13,59593231,1700480168050
1700480167000,1700480168000,54,555245839,1700480168072
1700480167000,1700480168000,47,437430506,1700480168090
1700480167000,1700480168000,100,171161218,1700480168097
1700480167000,1700480168000,63,343391283,1700480168107
1700480167000,1700480168000,24,590859300,1700480168120
1700480168000,1700480169000,100,159181226,1700480169041
1700480168000,1700480169000,47,383843638,1700480169043
1700480168000,1700480169000,63,219907172,1700480169050
1700480168000,1700480169000,24,435906481,1700480169076
1700480168000,1700480169000,13,95734997,1700480169105
1700480168000,1700480169000,54,484046409,1700480169130
1700480169000,1700480170000,13,229634829,1700480170062
1700480169000,1700480170000,54,452490030,1700480170081
1700480169000,1700480170000,100,136304773,1700480170094
1700480169000,1700480170000,47,649164479,1700480170103
1700480169000,1700480170000,63,218290337,1700480170106
1700480169000,1700480170000,24,611835929,1700480170129
1700480170000,1700480171000,100,224957479,1700480171035
1700480170000,1700480171000,47,524404257,1700480171047
1700480170000,1700480171000,63,201487582,1700480171060
1700480170000,1700480171000,24,413207530,1700480171067
1700480170000,1700480171000,13,177882647,1700480171113
1700480170000,1700480171000,54,757341291,1700480171126
1700480171000,1700480172000,13,34917482,1700480172069
1700480171000,1700480172000,54,770561602,1700480172077
1700480171000,1700480172000,100,252610706,1700480172097
1700480171000,1700480172000,47,866845448,1700480172099
1700480171000,1700480172000,63,249056504,1700480172113
1700480171000,1700480172000,24,493873754,1700480172128
1700480172000,1700480173000,100,247643731,1700480173046
1700480172000,1700480173000,47,458552052,1700480173052
1700480172000,1700480173000,63,233766358,1700480173059
1700480172000,1700480173000,24,437102117,1700480173074
1700480172000,1700480173000,54,587463246,1700480173111
1700480172000,1700480173000,13,129753862,1700480173119
1700480173000,1700480174000,54,109719324,1700480174054
1700480173000,1700480174000,13,157316229,1700480174057
1700480173000,1700480174000,100,230210740,1700480174099
1700480173000,1700480174000,47,309256829,1700480174106
1700480173000,1700480174000,63,119457799,1700480174116
1700480173000,1700480174000,24,553759205,1700480174135
1700480174000,1700480175000,47,447256953,1700480175049
1700480174000,1700480175000,100,97535235,1700480175050
1700480174000,1700480175000,63,173767968,1700480175063
1700480174000,1700480175000,24,345431686,1700480175076
1700480174000,1700480175000,54,437916908,1700480175101
1700480174000,1700480175000,13,275342801,1700480175122
1700480175000,1700480176000,13,49171227,1700480176066
1700480175000,1700480176000,47,685953848,1700480176096
1700480175000,1700480176000,100,207238387,1700480176100
1700480175000,1700480176000,63,476513885,1700480176120
1700480175000,1700480176000,24,608807597,1700480176133
1700480175000,1700480176000,54,719489965,1700480176137
1700480176000,1700480177000,47,628016001,1700480177042
1700480176000,1700480177000,100,307110792,1700480177046
1700480176000,1700480177000,63,652221694,1700480177068
1700480176000,1700480177000,24,760809846,1700480177083
1700480176000,1700480177000,54,614009426,1700480177090
1700480176000,1700480177000,13,223977446,1700480177122
1700480177000,1700480178000,24,735545101,1700480178036
1700480177000,1700480178000,13,47766448,1700480178068
1700480177000,1700480178000,100,543670823,1700480178097
1700480177000,1700480178000,47,470656283,1700480178098
1700480177000,1700480178000,63,680530065,1700480178123
1700480177000,1700480178000,54,809886656,1700480178130
1700480178000,1700480179000,47,413823626,1700480179048
1700480178000,1700480179000,100,426242947,1700480179050
1700480178000,1700480179000,63,428285161,1700480179066
1700480178000,1700480179000,54,451056574,1700480179067
1700480178000,1700480179000,24,881721722,1700480179090
1700480178000,1700480179000,13,111604690,1700480179119
1700480179000,1700480180000,24,245967365,1700480180035
1700480179000,1700480180000,13,254786048,1700480180058
1700480179000,1700480180000,47,855089318,1700480180092
1700480179000,1700480180000,100,385479162,1700480180105
1700480179000,1700480180000,63,430663992,1700480180114
1700480179000,1700480180000,54,588819275,1700480180118
1700480180000,1700480181000,47,578520277,1700480181043
1700480180000,1700480181000,100,203015878,1700480181045
1700480180000,1700480181000,54,451287741,1700480181053
1700480180000,1700480181000,63,505451681,1700480181070
1700480180000,1700480181000,24,585802797,1700480181086
1700480180000,1700480181000,13,261261245,1700480181122
1700480181000,1700480182000,24,770183169,1700480182036
1700480181000,1700480182000,13,135253632,1700480182065
1700480181000,1700480182000,47,858997800,1700480182098
1700480181000,1700480182000,54,397618371,1700480182099
1700480181000,1700480182000,100,148157645,1700480182103
1700480181000,1700480182000,63,562493767,1700480182121
1700480182000,1700480183000,47,500984430,1700480183043
1700480182000,1700480183000,100,166806004,1700480183051
1700480182000,1700480183000,54,398876641,1700480183055
1700480182000,1700480183000,63,450660586,1700480183076
1700480182000,1700480183000,24,909818700,1700480183079
1700480182000,1700480183000,13,220606182,1700480183127
1700480183000,1700480184000,13,193909366,1700480184066
1700480183000,1700480184000,47,514459695,1700480184099
1700480183000,1700480184000,100,109982407,1700480184107
1700480183000,1700480184000,54,562715407,1700480184119
1700480183000,1700480184000,63,451405304,1700480184130
1700480183000,1700480184000,24,672239570,1700480184130
1700480184000,1700480185000,100,73683891,1700480185048
1700480184000,1700480185000,47,382946845,1700480185051
1700480184000,1700480185000,63,534083689,1700480185075
1700480184000,1700480185000,54,427931134,1700480185076
1700480184000,1700480185000,24,446161218,1700480185078
1700480184000,1700480185000,13,252616554,1700480185119
1700480185000,1700480186000,13,139067403,1700480186056
1700480185000,1700480186000,47,546346088,1700480186105
1700480185000,1700480186000,100,115074048,1700480186107
1700480185000,1700480186000,24,545904367,1700480186131
1700480185000,1700480186000,63,460264134,1700480186136
1700480185000,1700480186000,54,1103076328,1700480186139
1700480186000,1700480187000,100,107973903,1700480187050
1700480186000,1700480187000,47,375190567,1700480187065
1700480186000,1700480187000,24,283008835,1700480187080
1700480186000,1700480187000,63,508328377,1700480187087
1700480186000,1700480187000,54,1131265589,1700480187094
1700480186000,1700480187000,13,302435971,1700480187111
1700480187000,1700480188000,24,140923548,1700480188038
1700480187000,1700480188000,63,708541365,1700480188040
1700480187000,1700480188000,54,791487774,1700480188050
1700480187000,1700480188000,13,163883283,1700480188063
1700480187000,1700480188000,100,150366867,1700480188110
1700480187000,1700480188000,47,618841651,1700480188118
1700480188000,1700480189000,100,290218519,1700480189048
1700480188000,1700480189000,47,418880426,1700480189066
1700480188000,1700480189000,24,703378596,1700480189079
1700480188000,1700480189000,63,492199516,1700480189096
1700480188000,1700480189000,54,569571790,1700480189114
1700480188000,1700480189000,13,208469862,1700480189117
1700480189000,1700480190000,63,555048509,1700480190042
1700480189000,1700480190000,13,297351076,1700480190063
1700480189000,1700480190000,54,774457128,1700480190070
1700480189000,1700480190000,100,235002155,1700480190098
1700480189000,1700480190000,47,627006518,1700480190114
1700480189000,1700480190000,24,602274049,1700480190132
1700480190000,1700480191000,100,133394481,1700480191046
1700480190000,1700480191000,47,756580266,1700480191056
1700480190000,1700480191000,24,485501847,1700480191070
1700480190000,1700480191000,63,844724921,1700480191095
1700480190000,1700480191000,13,323495987,1700480191118
1700480190000,1700480191000,54,635416089,1700480191139
1700480191000,1700480192000,63,1089000777,1700480192045
1700480191000,1700480192000,54,770681134,1700480192057
1700480191000,1700480192000,13,152850877,1700480192064
1700480191000,1700480192000,100,217609155,1700480192109
1700480191000,1700480192000,47,815917187,1700480192112
1700480191000,1700480192000,24,904383633,1700480192129
1700480192000,1700480193000,100,231154275,1700480193053
1700480192000,1700480193000,47,249019066,1700480193053
1700480192000,1700480193000,24,708926626,1700480193074
1700480192000,1700480193000,54,660132116,1700480193087
1700480192000,1700480193000,63,1188008530,1700480193101
1700480192000,1700480193000,13,338903419,1700480193121
1700480193000,1700480194000,63,973019130,1700480194047
1700480193000,1700480194000,13,421487777,1700480194069
1700480193000,1700480194000,100,321405943,1700480194103
1700480193000,1700480194000,47,413264240,1700480194118
1700480193000,1700480194000,54,898487891,1700480194125
1700480193000,1700480194000,24,1156461180,1700480194134
1700480194000,1700480195000,100,244519509,1700480195047
1700480194000,1700480195000,54,596668453,1700480195053
1700480194000,1700480195000,47,665521523,1700480195059
1700480194000,1700480195000,24,782822917,1700480195078
1700480194000,1700480195000,63,1162226370,1700480195099
1700480194000,1700480195000,13,362681859,1700480195126
1700480195000,1700480196000,63,733313443,1700480196047
1700480195000,1700480196000,13,587546920,1700480196067
1700480195000,1700480196000,54,541486902,1700480196080
1700480195000,1700480196000,100,243546006,1700480196104
1700480195000,1700480196000,47,537641041,1700480196114
1700480195000,1700480196000,24,918738883,1700480196130
1700480196000,1700480197000,100,204854352,1700480197054
1700480196000,1700480197000,47,498983696,1700480197061
1700480196000,1700480197000,24,243317579,1700480197079
1700480196000,1700480197000,63,754353930,1700480197102
1700480196000,1700480197000,54,581173932,1700480197111
1700480196000,1700480197000,13,385373448,1700480197131
1700480197000,1700480198000,54,373119549,1700480198041
1700480197000,1700480198000,63,433059319,1700480198058
1700480197000,1700480198000,13,215679658,1700480198069
1700480197000,1700480198000,100,164619792,1700480198104
1700480197000,1700480198000,47,669163252,1700480198122
1700480197000,1700480198000,24,800489576,1700480198134
1700480198000,1700480199000,100,198616033,1700480199050
1700480198000,1700480199000,54,326804958,1700480199076
1700480198000,1700480199000,47,481289402,1700480199078
1700480198000,1700480199000,24,668253265,1700480199089
1700480198000,1700480199000,63,270768672,1700480199115
1700480198000,1700480199000,13,48144306,1700480199120
1700480199000,1700480200000,24,695926632,1700480200042
1700480199000,1700480200000,63,266521253,1700480200058
1700480199000,1700480200000,13,114612503,1700480200066
1700480199000,1700480200000,100,197079094,1700480200104
1700480199000,1700480200000,54,317353454,1700480200111
1700480199000,1700480200000,47,705823217,1700480200132
1700480200000,1700480201000,54,328778416,1700480201039
1700480200000,1700480201000,100,206638437,1700480201053
1700480200000,1700480201000,47,611513311,1700480201077
1700480200000,1700480201000,24,445574708,1700480201087
1700480200000,1700480201000,13,328528399,1700480201119
1700480200000,1700480201000,63,213677431,1700480201119
1700480201000,1700480202000,24,353575568,1700480202038
1700480201000,1700480202000,54,322662458,1700480202066
1700480201000,1700480202000,63,90097301,1700480202067
1700480201000,1700480202000,13,185348830,1700480202072
1700480201000,1700480202000,100,214558229,1700480202101
1700480201000,1700480202000,47,460212585,1700480202142
1700480202000,1700480203000,100,203040358,1700480203050
1700480202000,1700480203000,47,220619574,1700480203082
1700480202000,1700480203000,24,360261406,1700480203083
1700480202000,1700480203000,54,267024568,1700480203096
1700480202000,1700480203000,13,296419333,1700480203123
1700480202000,1700480203000,63,61909317,1700480203128
1700480203000,1700480204000,13,323284793,1700480204067
1700480203000,1700480204000,63,76092114,1700480204074
1700480203000,1700480204000,100,204322066,1700480204099
1700480203000,1700480204000,54,171908700,1700480204133
1700480203000,1700480204000,24,323562025,1700480204140
1700480203000,1700480204000,47,324638740,1700480204141
1700480204000,1700480205000,100,121420929,1700480205052
1700480204000,1700480205000,54,60756597,1700480205061
1700480204000,1700480205000,47,346248974,1700480205081
1700480204000,1700480205000,24,307295086,1700480205083
1700480204000,1700480205000,13,328851725,1700480205116
1700480204000,1700480205000,63,353419265,1700480205134
1700480205000,1700480206000,13,293505635,1700480206062
1700480205000,1700480206000,63,519133790,1700480206077
1700480205000,1700480206000,54,54681535,1700480206095
1700480205000,1700480206000,100,131067810,1700480206110
1700480205000,1700480206000,24,295608441,1700480206134
1700480205000,1700480206000,47,361492723,1700480206138
1700480206000,1700480207000,100,167900343,1700480207055
1700480206000,1700480207000,24,278531454,1700480207079
1700480206000,1700480207000,47,327318282,1700480207091
1700480206000,1700480207000,13,228699432,1700480207104
1700480206000,1700480207000,54,115895965,1700480207123
1700480206000,1700480207000,63,551258913,1700480207129
1700480207000,1700480208000,47,274901012,1700480208035
1700480207000,1700480208000,13,120618189,1700480208048
1700480207000,1700480208000,54,148743199,1700480208051
1700480207000,1700480208000,63,451653522,1700480208087
1700480207000,1700480208000,100,114828579,1700480208114
1700480207000,1700480208000,24,330806431,1700480208138
1700480208000,1700480209000,100,129597072,1700480209059
1700480208000,1700480209000,24,281060781,1700480209080
1700480208000,1700480209000,54,299317748,1700480209081
1700480208000,1700480209000,47,318449105,1700480209091
1700480208000,1700480209000,13,278974320,1700480209102
1700480208000,1700480209000,63,509738752,1700480209136
1700480209000,1700480210000,24,278947039,1700480210037
1700480209000,1700480210000,47,524646462,1700480210042
1700480209000,1700480210000,13,292065448,1700480210048
1700480209000,1700480210000,63,282988929,1700480210087
1700480209000,1700480210000,100,244748433,1700480210107
1700480209000,1700480210000,54,218358475,1700480210113
1700480210000,1700480211000,54,198430553,1700480211041
1700480210000,1700480211000,100,280208136,1700480211050
1700480210000,1700480211000,24,277917147,1700480211084
1700480210000,1700480211000,47,464982005,1700480211092
1700480210000,1700480211000,13,186658200,1700480211095
1700480210000,1700480211000,63,657732125,1700480211139
1700480211000,1700480212000,24,241522087,1700480212034
1700480211000,1700480212000,47,291341157,1700480212038
1700480211000,1700480212000,13,158019264,1700480212044
1700480211000,1700480212000,54,231494039,1700480212073
1700480211000,1700480212000,63,631279466,1700480212084
1700480211000,1700480212000,100,249615220,1700480212115
1700480212000,1700480213000,63,964592945,1700480213043
1700480212000,1700480213000,100,231716627,1700480213066
1700480212000,1700480213000,24,270895603,1700480213077
1700480212000,1700480213000,47,487480368,1700480213083
1700480212000,1700480213000,13,291537606,1700480213097
1700480212000,1700480213000,54,255797678,1700480213103
1700480213000,1700480214000,13,270157025,1700480214049
1700480213000,1700480214000,63,621743434,1700480214099
1700480213000,1700480214000,100,155556413,1700480214111
1700480213000,1700480214000,24,399714295,1700480214132
1700480213000,1700480214000,54,213625685,1700480214133
1700480213000,1700480214000,47,534910610,1700480214141
1700480214000,1700480215000,63,305780366,1700480215051
1700480214000,1700480215000,100,97501265,1700480215059
1700480214000,1700480215000,54,260988173,1700480215063
1700480214000,1700480215000,47,608920379,1700480215079
1700480214000,1700480215000,24,547873386,1700480215086
1700480214000,1700480215000,13,169755521,1700480215107
1700480215000,1700480216000,24,410624740,1700480216037
1700480215000,1700480216000,13,227016644,1700480216056
1700480215000,1700480216000,54,330341205,1700480216091
1700480215000,1700480216000,63,411227618,1700480216106
1700480215000,1700480216000,100,201150368,1700480216109
1700480215000,1700480216000,47,391517335,1700480216131
1700480216000,1700480217000,100,191163187,1700480217050
1700480216000,1700480217000,63,525531087,1700480217059
1700480216000,1700480217000,47,247112838,1700480217068
1700480216000,1700480217000,24,363419293,1700480217089
1700480216000,1700480217000,13,285649224,1700480217105
1700480216000,1700480217000,54,644809976,1700480217123
1700480217000,1700480218000,24,422775836,1700480218040
1700480217000,1700480218000,54,590677911,1700480218051
1700480217000,1700480218000,13,42572538,1700480218058
1700480217000,1700480218000,100,164952630,1700480218106
1700480217000,1700480218000,63,426030796,1700480218115
1700480217000,1700480218000,47,351049527,1700480218127
1700480218000,1700480219000,100,161795195,1700480219050
1700480218000,1700480219000,63,391182332,1700480219067
1700480218000,1700480219000,47,521310867,1700480219077
1700480218000,1700480219000,54,529957302,1700480219082
1700480218000,1700480219000,24,710675029,1700480219086
1700480218000,1700480219000,13,299963978,1700480219105
1700480219000,1700480220000,24,539771626,1700480220042
1700480219000,1700480220000,13,114630359,1700480220059
1700480219000,1700480220000,100,141225607,1700480220110
1700480219000,1700480220000,54,469144779,1700480220116
1700480219000,1700480220000,63,354444710,1700480220118
1700480219000,1700480220000,47,861550454,1700480220138
1700480220000,1700480221000,54,255196468,1700480221044
1700480220000,1700480221000,100,152902561,1700480221062
1700480220000,1700480221000,63,189229333,1700480221074
1700480220000,1700480221000,47,945733496,1700480221090
1700480220000,1700480221000,24,440210843,1700480221091
1700480220000,1700480221000,13,126696714,1700480221113
1700480221000,1700480222000,47,517089504,1700480222042
1700480221000,1700480222000,24,535528671,1700480222048
1700480221000,1700480222000,13,175858245,1700480222065
1700480221000,1700480222000,54,290439531,1700480222070
1700480221000,1700480222000,100,176165321,1700480222107
1700480221000,1700480222000,63,46294362,1700480222122
1700480222000,1700480223000,100,229073595,1700480223057
1700480222000,1700480223000,63,74997099,1700480223081
1700480222000,1700480223000,47,153951464,1700480223086
1700480222000,1700480223000,54,320518146,1700480223101
1700480222000,1700480223000,24,657956417,1700480223106
1700480222000,1700480223000,13,469791184,1700480223115
1700480223000,1700480224000,47,307292305,1700480224036
1700480223000,1700480224000,54,226903682,1700480224047
1700480223000,1700480224000,24,817581796,1700480224061
1700480223000,1700480224000,13,275730049,1700480224070
1700480223000,1700480224000,100,157536740,1700480224113
1700480223000,1700480224000,63,185394234,1700480224132
1700480224000,1700480225000,100,148591051,1700480225062
1700480224000,1700480225000,63,318881189,1700480225079
1700480224000,1700480225000,47,371332092,1700480225083
1700480224000,1700480225000,54,187600607,1700480225100
1700480224000,1700480225000,13,435357790,1700480225115
1700480224000,1700480225000,24,654398377,1700480225118
1700480225000,1700480226000,54,106022998,1700480226059
1700480225000,1700480226000,13,159306127,1700480226061
1700480225000,1700480226000,24,591933497,1700480226078
1700480225000,1700480226000,100,195143664,1700480226111
1700480225000,1700480226000,63,356770110,1700480226134
1700480225000,1700480226000,47,274012782,1700480226140
1700480226000,1700480227000,24,357559169,1700480227032
1700480226000,1700480227000,100,245359040,1700480227058
1700480226000,1700480227000,63,633526051,1700480227076
1700480226000,1700480227000,47,408502281,1700480227079
1700480226000,1700480227000,13,449642737,1700480227110
1700480226000,1700480227000,54,153538437,1700480227115
1700480227000,1700480228000,13,172746813,1700480228051
1700480227000,1700480228000,54,65224039,1700480228074
1700480227000,1700480228000,24,244994681,1700480228084
1700480227000,1700480228000,100,345009423,1700480228121
1700480227000,1700480228000,47,454746828,1700480228123
1700480227000,1700480228000,63,813343758,1700480228133
1700480228000,1700480229000,24,382203021,1700480229035
1700480228000,1700480229000,47,200694172,1700480229069
1700480228000,1700480229000,100,349007091,1700480229070
1700480228000,1700480229000,63,846740731,1700480229085
1700480228000,1700480229000,13,297021805,1700480229107
1700480228000,1700480229000,54,531111735,1700480229126
1700480229000,1700480230000,13,240393995,1700480230056
1700480229000,1700480230000,54,411626338,1700480230071
1700480229000,1700480230000,24,613298764,1700480230090
1700480229000,1700480230000,47,263899299,1700480230111
1700480229000,1700480230000,100,237831439,1700480230117
1700480229000,1700480230000,63,456877361,1700480230140
1700480230000,1700480231000,24,652772272,1700480231046
1700480230000,1700480231000,47,400977779,1700480231060
1700480230000,1700480231000,100,140686264,1700480231074
1700480230000,1700480231000,63,246126495,1700480231091
1700480230000,1700480231000,13,273942957,1700480231107
1700480230000,1700480231000,54,650005624,1700480231129
1700480231000,1700480232000,63,528867972,1700480232042
1700480231000,1700480232000,13,78576103,1700480232056
1700480231000,1700480232000,54,642159933,1700480232079
1700480231000,1700480232000,24,304622247,1700480232101
1700480231000,1700480232000,47,475322309,1700480232112
1700480231000,1700480232000,100,227328213,1700480232134
1700480232000,1700480233000,54,357471259,1700480233046
1700480232000,1700480233000,24,315241101,1700480233060
1700480232000,1700480233000,47,403534200,1700480233064
1700480232000,1700480233000,100,182771519,1700480233082
1700480232000,1700480233000,63,626179006,1700480233103
1700480232000,1700480233000,13,99429248,1700480233113
1700480233000,1700480234000,63,535058295,1700480234050
1700480233000,1700480234000,13,141039438,1700480234059
1700480233000,1700480234000,24,290463324,1700480234108
1700480233000,1700480234000,54,355964139,1700480234109
1700480233000,1700480234000,47,508905016,1700480234119
1700480233000,1700480234000,100,116531418,1700480234130
1700480234000,1700480235000,24,278758623,1700480235051
1700480234000,1700480235000,54,567669636,1700480235066
1700480234000,1700480235000,47,451751847,1700480235067
1700480234000,1700480235000,100,104680963,1700480235069
1700480234000,1700480235000,63,662337138,1700480235111
1700480234000,1700480235000,13,233871768,1700480235120
1700480235000,1700480236000,63,395110585,1700480236059
1700480235000,1700480236000,13,34989597,1700480236074
1700480235000,1700480236000,24,673127162,1700480236098
1700480235000,1700480236000,47,438884903,1700480236106
1700480235000,1700480236000,54,670194993,1700480236115
1700480235000,1700480236000,100,172603708,1700480236129
1700480236000,1700480237000,24,674464060,1700480237038
1700480236000,1700480237000,47,479686158,1700480237061
1700480236000,1700480237000,54,648379462,1700480237064
1700480236000,1700480237000,100,206689663,1700480237075
1700480236000,1700480237000,63,574372920,1700480237122
1700480236000,1700480237000,13,145635096,1700480237134
1700480237000,1700480238000,63,512619525,1700480238071
1700480237000,1700480238000,13,87772000,1700480238077
1700480237000,1700480238000,24,917183069,1700480238090
1700480237000,1700480238000,47,531288938,1700480238116
1700480237000,1700480238000,100,293143827,1700480238127
1700480237000,1700480238000,54,857932221,1700480238132
1700480238000,1700480239000,24,584117208,1700480239042
1700480238000,1700480239000,47,522967938,1700480239071
1700480238000,1700480239000,100,233675558,1700480239073
1700480238000,1700480239000,54,591708963,1700480239085
1700480238000,1700480239000,63,360803774,1700480239127
1700480238000,1700480239000,13,105419469,1700480239133
1700480239000,1700480240000,54,592116251,1700480240047
1700480239000,1700480240000,63,310169430,1700480240064
1700480239000,1700480240000,13,243975439,1700480240077
1700480239000,1700480240000,24,335864155,1700480240090
1700480239000,1700480240000,47,587281558,1700480240118
1700480239000,1700480240000,100,212176426,1700480240129
1700480240000,1700480241000,24,699347938,1700480241040
1700480240000,1700480241000,100,178724500,1700480241068
1700480240000,1700480241000,47,401151829,1700480241069
1700480240000,1700480241000,54,531264450,1700480241101
1700480240000,1700480241000,63,396568989,1700480241119
1700480240000,1700480241000,13,229140506,1700480241129
1700480241000,1700480242000,54,677575220,1700480242052
1700480241000,1700480242000,63,264227510,1700480242068
1700480241000,1700480242000,13,365850159,1700480242076
1700480241000,1700480242000,24,765520184,1700480242090
1700480241000,1700480242000,47,660670179,1700480242119
1700480241000,1700480242000,100,193017571,1700480242125
1700480242000,1700480243000,24,881999876,1700480243043
1700480242000,1700480243000,47,429781562,1700480243070
1700480242000,1700480243000,100,148910346,1700480243075
1700480242000,1700480243000,54,594327429,1700480243103
1700480242000,1700480243000,63,284690853,1700480243125
1700480242000,1700480243000,13,321408614,1700480243131
1700480243000,1700480244000,63,233773549,1700480244061
1700480243000,1700480244000,54,558521254,1700480244067
1700480243000,1700480244000,13,270492598,1700480244068
1700480243000,1700480244000,24,1026476132,1700480244098
1700480243000,1700480244000,47,278560516,1700480244124
1700480243000,1700480244000,100,246676031,1700480244125
1700480244000,1700480245000,24,1028787675,1700480245058
1700480244000,1700480245000,47,196625533,1700480245074
1700480244000,1700480245000,100,239949876,1700480245075
1700480244000,1700480245000,63,387257241,1700480245120
1700480244000,1700480245000,13,192227908,1700480245122
1700480244000,1700480245000,54,508698811,1700480245132
1700480245000,1700480246000,63,192512539,1700480246062
1700480245000,1700480246000,13,234541408,1700480246067
1700480245000,1700480246000,54,279971916,1700480246092
1700480245000,1700480246000,24,735462792,1700480246111
1700480245000,1700480246000,47,308832235,1700480246121
1700480245000,1700480246000,100,245394332,1700480246133
1700480246000,1700480247000,54,187315692,1700480247053
1700480246000,1700480247000,24,144315121,1700480247064
1700480246000,1700480247000,47,264466317,1700480247073
1700480246000,1700480247000,100,241099394,1700480247079
1700480246000,1700480247000,63,271177371,1700480247123
1700480246000,1700480247000,13,261692291,1700480247126
1700480247000,1700480248000,13,275874248,1700480248075
1700480247000,1700480248000,63,157465552,1700480248075
1700480247000,1700480248000,54,268852177,1700480248109
1700480247000,1700480248000,24,293377549,1700480248122
1700480247000,1700480248000,47,256790902,1700480248129
1700480247000,1700480248000,100,141216488,1700480248139
1700480248000,1700480249000,24,310182886,1700480249065
1700480248000,1700480249000,54,183611307,1700480249066
1700480248000,1700480249000,47,189561399,1700480249075
1700480248000,1700480249000,100,198439998,1700480249078
1700480248000,1700480249000,63,483160296,1700480249127
1700480248000,1700480249000,13,269965493,1700480249129
1700480249000,1700480250000,63,536522990,1700480250079
1700480249000,1700480250000,13,217393557,1700480250081
1700480249000,1700480250000,54,172907325,1700480250118
1700480249000,1700480250000,47,282014957,1700480250121
1700480249000,1700480250000,24,331470491,1700480250125
1700480249000,1700480250000,100,145050110,1700480250130
1700480250000,1700480251000,54,174293037,1700480251067
1700480250000,1700480251000,47,366336588,1700480251072
1700480250000,1700480251000,100,109996812,1700480251078
1700480250000,1700480251000,24,387962542,1700480251080
1700480250000,1700480251000,63,784263863,1700480251131
1700480250000,1700480251000,13,225994305,1700480251137
1700480251000,1700480252000,63,776998999,1700480252081
1700480251000,1700480252000,13,110968898,1700480252090
1700480251000,1700480252000,54,380442133,1700480252112
1700480251000,1700480252000,47,554182670,1700480252116
1700480251000,1700480252000,100,134697497,1700480252131
1700480251000,1700480252000,24,606870970,1700480252135
1700480252000,1700480253000,54,345358025,1700480253065
1700480252000,1700480253000,47,471409167,1700480253075
1700480252000,1700480253000,24,339453934,1700480253081
1700480252000,1700480253000,100,234562265,1700480253081
1700480252000,1700480253000,63,832181008,1700480253136
1700480252000,1700480253000,13,266884540,1700480253139
1700480253000,1700480254000,63,286726593,1700480254082
1700480253000,1700480254000,13,345200087,1700480254083
1700480253000,1700480254000,54,293776525,1700480254108
1700480253000,1700480254000,47,397998041,1700480254127
1700480253000,1700480254000,24,220216491,1700480254132
1700480253000,1700480254000,100,372319099,1700480254132
1700480254000,1700480255000,54,750854483,1700480255070
1700480254000,1700480255000,100,555756274,1700480255075
1700480254000,1700480255000,47,383149696,1700480255083
1700480254000,1700480255000,24,265363659,1700480255083
1700480254000,1700480255000,13,208896459,1700480255138
1700480254000,1700480255000,63,419744136,1700480255139
1700480255000,1700480256000,47,484238943,1700480256036
1700480255000,1700480256000,13,307095628,1700480256083
1700480255000,1700480256000,63,321063911,1700480256091
1700480255000,1700480256000,54,448294238,1700480256120
1700480255000,1700480256000,100,611201126,1700480256123
1700480255000,1700480256000,24,338936615,1700480256134
1700480256000,1700480257000,13,322919238,1700480257038
1700480256000,1700480257000,100,255222516,1700480257069
1700480256000,1700480257000,54,340102229,1700480257074
1700480256000,1700480257000,24,511524032,1700480257078
1700480256000,1700480257000,47,847874806,1700480257084
1700480256000,1700480257000,63,144223989,1700480257142
1700480257000,1700480258000,13,401838910,1700480258085
1700480257000,1700480258000,63,258359803,1700480258092
1700480257000,1700480258000,54,308901306,1700480258122
1700480257000,1700480258000,100,64598191,1700480258125
1700480257000,1700480258000,47,620587024,1700480258136
1700480257000,1700480258000,24,609552762,1700480258141
1700480258000,1700480259000,63,259102445,1700480259041
1700480258000,1700480259000,100,32888382,1700480259065
1700480258000,1700480259000,54,356797644,1700480259068
1700480258000,1700480259000,47,249611432,1700480259077
1700480258000,1700480259000,24,221658790,1700480259082
1700480258000,1700480259000,13,804890205,1700480259139
1700480259000,1700480260000,24,581790515,1700480260034
1700480259000,1700480260000,13,447623552,1700480260085
1700480259000,1700480260000,63,632962349,1700480260095
1700480259000,1700480260000,54,431205956,1700480260103
1700480259000,1700480260000,100,110693724,1700480260116
1700480259000,1700480260000,47,348156637,1700480260133
1700480260000,1700480261000,63,509026563,1700480261050
1700480260000,1700480261000,54,213126969,1700480261060
1700480260000,1700480261000,100,192652602,1700480261069
1700480260000,1700480261000,47,309142068,1700480261082
1700480260000,1700480261000,24,881823839,1700480261082
1700480260000,1700480261000,13,544316612,1700480261131
1700480261000,1700480262000,13,195862107,1700480262082
1700480261000,1700480262000,63,509626882,1700480262101
1700480261000,1700480262000,54,269054010,1700480262103
1700480261000,1700480262000,100,177046913,1700480262127
1700480261000,1700480262000,47,80613113,1700480262135
1700480261000,1700480262000,24,901384871,1700480262135
1700480262000,1700480263000,63,353964867,1700480263057
1700480262000,1700480263000,54,235239313,1700480263058
1700480262000,1700480263000,100,198885460,1700480263074
1700480262000,1700480263000,47,133916397,1700480263083
1700480262000,1700480263000,24,853828017,1700480263088
1700480262000,1700480263000,13,289636725,1700480263137
1700480263000,1700480264000,24,582414339,1700480264044
1700480263000,1700480264000,13,315970691,1700480264088
1700480263000,1700480264000,54,297021817,1700480264109
1700480263000,1700480264000,63,176861679,1700480264122
1700480263000,1700480264000,100,275330017,1700480264130
1700480263000,1700480264000,47,234436790,1700480264131
1700480264000,1700480265000,54,296917717,1700480265057
1700480264000,1700480265000,63,218465876,1700480265067
1700480264000,1700480265000,100,269017772,1700480265077
1700480264000,1700480265000,47,568803240,1700480265085
1700480264000,1700480265000,24,357478125,1700480265094
1700480264000,1700480265000,13,360740402,1700480265130
1700480265000,1700480266000,47,430245117,1700480266040
1700480265000,1700480266000,24,455505063,1700480266045
1700480265000,1700480266000,13,178303257,1700480266070
1700480265000,1700480266000,54,352135586,1700480266117
1700480265000,1700480266000,63,310455838,1700480266125
1700480265000,1700480266000,100,290176426,1700480266132
1700480266000,1700480267000,63,294561772,1700480267077
1700480266000,1700480267000,54,392941707,1700480267078
1700480266000,1700480267000,100,211400768,1700480267081
1700480266000,1700480267000,47,494070104,1700480267093
1700480266000,1700480267000,24,746159744,1700480267099
1700480266000,1700480267000,13,218161558,1700480267129
1700480267000,1700480268000,100,196627060,1700480268038
1700480267000,1700480268000,47,216748636,1700480268039
1700480267000,1700480268000,24,475932884,1700480268051
1700480267000,1700480268000,13,355940384,1700480268074
1700480267000,1700480268000,63,398521855,1700480268128
1700480267000,1700480268000,54,399200676,1700480268136
1700480268000,1700480269000,63,413160406,1700480269078
1700480268000,1700480269000,54,187606879,1700480269094
1700480268000,1700480269000,47,553498041,1700480269094
1700480268000,1700480269000,24,373796963,1700480269099
1700480268000,1700480269000,100,147933771,1700480269102
1700480268000,1700480269000,13,104968433,1700480269128
1700480269000,1700480270000,47,285768466,1700480270042
1700480269000,1700480270000,24,526851756,1700480270044
1700480269000,1700480270000,100,153128623,1700480270049
1700480269000,1700480270000,54,273520226,1700480270051
1700480269000,1700480270000,13,252892040,1700480270082
1700480269000,1700480270000,63,584043480,1700480270135
1700480270000,1700480271000,63,257383877,1700480271078
1700480270000,1700480271000,54,290913841,1700480271092
1700480270000,1700480271000,47,532860845,1700480271094
1700480270000,1700480271000,24,566932516,1700480271095
1700480270000,1700480271000,100,192881880,1700480271102
1700480270000,1700480271000,13,172216503,1700480271131
1700480271000,1700480272000,47,414759919,1700480272042
1700480271000,1700480272000,24,614747432,1700480272049
1700480271000,1700480272000,54,511117072,1700480272054
1700480271000,1700480272000,100,120150481,1700480272055
1700480271000,1700480272000,13,191435299,1700480272082
1700480271000,1700480272000,63,168064085,1700480272128
1700480272000,1700480273000,63,274944220,1700480273076
1700480272000,1700480273000,47,318681563,1700480273094
1700480272000,1700480273000,24,582146515,1700480273102
1700480272000,1700480273000,100,109603626,1700480273114
1700480272000,1700480273000,54,738075780,1700480273115
1700480272000,1700480273000,13,149379567,1700480273141
1700480273000,1700480274000,47,156740588,1700480274041
1700480273000,1700480274000,24,717971903,1700480274051
1700480273000,1700480274000,100,127583616,1700480274058
1700480273000,1700480274000,54,464676951,1700480274066
1700480273000,1700480274000,13,71100069,1700480274088
1700480273000,1700480274000,63,192935246,1700480274139
1700480274000,1700480275000,63,371175101,1700480275080
1700480274000,1700480275000,47,282466755,1700480275091
1700480274000,1700480275000,24,735792647,1700480275100
1700480274000,1700480275000,100,140602236,1700480275110
1700480274000,1700480275000,54,288249758,1700480275112
1700480274000,1700480275000,13,248453186,1700480275135
1700480275000,1700480276000,47,357627637,1700480276043
1700480275000,1700480276000,24,297888449,1700480276054
1700480275000,1700480276000,100,161622030,1700480276063
1700480275000,1700480276000,54,281602835,1700480276065
1700480275000,1700480276000,13,152884077,1700480276084
1700480275000,1700480276000,63,691447272,1700480276130
1700480276000,1700480277000,63,796103853,1700480277073
1700480276000,1700480277000,47,500820193,1700480277096
1700480276000,1700480277000,24,319410758,1700480277102
1700480276000,1700480277000,100,295238659,1700480277112
1700480276000,1700480277000,54,320790848,1700480277125
1700480276000,1700480277000,13,176779971,1700480277137
1700480277000,1700480278000,47,118027565,1700480278046
1700480277000,1700480278000,24,472745589,1700480278060
1700480277000,1700480278000,100,235351772,1700480278061
1700480277000,1700480278000,54,357535829,1700480278071
1700480277000,1700480278000,13,223664946,1700480278080
1700480277000,1700480278000,63,1200538385,1700480278132
1700480278000,1700480279000,63,1148414556,1700480279076
1700480278000,1700480279000,47,297623246,1700480279099
1700480278000,1700480279000,24,714534652,1700480279110
1700480278000,1700480279000,54,569467757,1700480279113
1700480278000,1700480279000,100,189395137,1700480279118
1700480278000,1700480279000,13,335358602,1700480279126
1700480279000,1700480280000,47,351094791,1700480280048
1700480279000,1700480280000,54,366837889,1700480280060
1700480279000,1700480280000,24,497381943,1700480280063
1700480279000,1700480280000,100,99734085,1700480280067
1700480279000,1700480280000,13,200884059,1700480280072
1700480279000,1700480280000,63,1296670907,1700480280126
1700480280000,1700480281000,63,1057344180,1700480281072
1700480280000,1700480281000,47,608915039,1700480281106
1700480280000,1700480281000,54,440402138,1700480281110
1700480280000,1700480281000,100,207726285,1700480281119
1700480280000,1700480281000,24,787304706,1700480281121
1700480280000,1700480281000,13,197234284,1700480281125
1700480281000,1700480282000,47,719011704,1700480282056
1700480281000,1700480282000,54,312358435,1700480282057
1700480281000,1700480282000,100,178417112,1700480282066
1700480281000,1700480282000,24,588388248,1700480282070
1700480281000,1700480282000,13,98921758,1700480282075
1700480281000,1700480282000,63,609670549,1700480282131
1700480282000,1700480283000,63,739196208,1700480283076
1700480282000,1700480283000,54,582756480,1700480283109
1700480282000,1700480283000,47,523605207,1700480283115
1700480282000,1700480283000,100,233533613,1700480283122
1700480282000,1700480283000,13,229593347,1700480283128
1700480282000,1700480283000,24,348775293,1700480283131
1700480283000,1700480284000,54,466025531,1700480284056
1700480283000,1700480284000,47,920171171,1700480284063
1700480283000,1700480284000,100,220252328,1700480284067
1700480283000,1700480284000,13,240499396,1700480284071
1700480283000,1700480284000,24,254494244,1700480284078
1700480283000,1700480284000,63,747764545,1700480284130
1700480284000,1700480285000,63,430403911,1700480285077
1700480284000,1700480285000,54,675489155,1700480285106
1700480284000,1700480285000,47,1276926974,1700480285119
1700480284000,1700480285000,13,276674117,1700480285126
1700480284000,1700480285000,100,210198863,1700480285127
1700480284000,1700480285000,24,234335500,1700480285129
1700480285000,1700480286000,54,514266177,1700480286048
1700480285000,1700480286000,47,1226570911,1700480286061
1700480285000,1700480286000,100,179543775,1700480286075
1700480285000,1700480286000,24,492510191,1700480286083
1700480285000,1700480286000,13,345401681,1700480286084
1700480285000,1700480286000,63,628869989,1700480286134
1700480286000,1700480287000,13,305013671,1700480287037
1700480286000,1700480287000,63,536542601,1700480287085
1700480286000,1700480287000,54,631059149,1700480287100
1700480286000,1700480287000,47,1484274179,1700480287116
1700480286000,1700480287000,100,412755761,1700480287126
1700480286000,1700480287000,24,722158357,1700480287137
1700480287000,1700480288000,63,599184186,1700480288038
1700480287000,1700480288000,54,374948535,1700480288046
1700480287000,1700480288000,47,1491291856,1700480288061
1700480287000,1700480288000,100,269064948,1700480288075
1700480287000,1700480288000,24,309157027,1700480288077
1700480287000,1700480288000,13,213526412,1700480288097
1700480288000,1700480289000,13,157895076,1700480289039
1700480288000,1700480289000,63,784274454,1700480289093
1700480288000,1700480289000,54,332222021,1700480289102
1700480288000,1700480289000,47,700087076,1700480289118
1700480288000,1700480289000,100,191238390,1700480289126
1700480288000,1700480289000,24,486911045,1700480289135
1700480289000,1700480290000,63,655931568,1700480290039
1700480289000,1700480290000,54,327641586,1700480290049
1700480289000,1700480290000,47,320148672,1700480290067
1700480289000,1700480290000,100,253312762,1700480290071
1700480289000,1700480290000,24,624370296,1700480290072
1700480289000,1700480290000,13,90479073,1700480290087
1700480290000,1700480291000,63,1062138053,1700480291090
1700480290000,1700480291000,54,430705794,1700480291104
1700480290000,1700480291000,24,827768375,1700480291119
1700480290000,1700480291000,47,464566672,1700480291120
1700480290000,1700480291000,100,278890337,1700480291127
1700480290000,1700480291000,13,181645246,1700480291138
1700480291000,1700480292000,63,716742572,1700480292039
1700480291000,1700480292000,54,559016236,1700480292062
1700480291000,1700480292000,100,267231149,1700480292067
1700480291000,1700480292000,47,831557671,1700480292067
1700480291000,1700480292000,24,632968637,1700480292074
1700480291000,1700480292000,13,151418782,1700480292086
1700480292000,1700480293000,63,793164641,1700480293092
1700480292000,1700480293000,54,621926447,1700480293116
1700480292000,1700480293000,100,304564035,1700480293122
1700480292000,1700480293000,47,1246577741,1700480293122
1700480292000,1700480293000,24,650566996,1700480293127
1700480292000,1700480293000,13,103361651,1700480293138
1700480293000,1700480294000,63,421422822,1700480294037
1700480293000,1700480294000,100,367172664,1700480294063
1700480293000,1700480294000,54,416887429,1700480294067
1700480293000,1700480294000,24,682965129,1700480294072
1700480293000,1700480294000,47,870593952,1700480294075
1700480293000,1700480294000,13,288898714,1700480294088
1700480294000,1700480295000,13,270820282,1700480295048
1700480294000,1700480295000,63,161351967,1700480295084
1700480294000,1700480295000,54,464524154,1700480295116
1700480294000,1700480295000,100,390169737,1700480295120
1700480294000,1700480295000,47,919351654,1700480295135
1700480294000,1700480295000,24,671032796,1700480295137
1700480295000,1700480296000,63,238132121,1700480296040
1700480295000,1700480296000,54,471021956,1700480296062
1700480295000,1700480296000,100,228610950,1700480296068
1700480295000,1700480296000,24,466464507,1700480296091
1700480295000,1700480296000,47,651446397,1700480296091
1700480295000,1700480296000,13,168378609,1700480296101
1700480296000,1700480297000,24,541846010,1700480297038
1700480296000,1700480297000,47,512461472,1700480297046
1700480296000,1700480297000,13,221787360,1700480297048
1700480296000,1700480297000,63,377592918,1700480297085
1700480296000,1700480297000,54,653982060,1700480297114
1700480296000,1700480297000,100,139107904,1700480297126
1700480297000,1700480298000,63,253860954,1700480298045
1700480297000,1700480298000,54,465242413,1700480298061
1700480297000,1700480298000,100,148692358,1700480298083
1700480297000,1700480298000,24,741906362,1700480298091
1700480297000,1700480298000,47,492586774,1700480298099
1700480297000,1700480298000,13,311449975,1700480298101
1700480298000,1700480299000,24,718017555,1700480299039
1700480298000,1700480299000,13,230974128,1700480299044
1700480298000,1700480299000,47,542043257,1700480299050
1700480298000,1700480299000,63,267784189,1700480299094
1700480298000,1700480299000,54,357586926,1700480299117
1700480298000,1700480299000,100,204819790,1700480299140
1700480299000,1700480300000,63,206615948,1700480300039
1700480299000,1700480300000,54,305234325,1700480300066
1700480299000,1700480300000,100,217486314,1700480300084
1700480299000,1700480300000,24,1073664511,1700480300085
1700480299000,1700480300000,13,84236741,1700480300094
1700480299000,1700480300000,47,565580274,1700480300100
1700480300000,1700480301000,13,274741846,1700480301033
1700480300000,1700480301000,24,428047300,1700480301038
1700480300000,1700480301000,47,420088720,1700480301049
1700480300000,1700480301000,63,172975860,1700480301093
1700480300000,1700480301000,54,397366149,1700480301118
1700480300000,1700480301000,100,269136018,1700480301137
1700480301000,1700480302000,63,232648457,1700480302058
1700480301000,1700480302000,54,444964221,1700480302077
1700480301000,1700480302000,100,268570404,1700480302078
1700480301000,1700480302000,13,84161699,1700480302091
1700480301000,1700480302000,24,796068838,1700480302093
1700480301000,1700480302000,47,398619574,1700480302105
1700480302000,1700480303000,13,235893564,1700480303038
1700480302000,1700480303000,24,533028801,1700480303041
1700480302000,1700480303000,47,269654904,1700480303052
1700480302000,1700480303000,63,276067176,1700480303109
1700480302000,1700480303000,54,276534088,1700480303130
1700480302000,1700480303000,100,252680682,1700480303130
1700480303000,1700480304000,63,307546135,1700480304061
1700480303000,1700480304000,54,374551286,1700480304077
1700480303000,1700480304000,100,148999400,1700480304082
1700480303000,1700480304000,13,90590008,1700480304090
1700480303000,1700480304000,47,291602224,1700480304101
1700480303000,1700480304000,24,651283224,1700480304107
1700480304000,1700480305000,47,240733538,1700480305048
1700480304000,1700480305000,24,587878991,1700480305058
1700480304000,1700480305000,63,253436076,1700480305108
1700480304000,1700480305000,54,609306480,1700480305121
1700480304000,1700480305000,100,301683795,1700480305133
1700480304000,1700480305000,13,245894971,1700480305137
1700480305000,1700480306000,63,116298515,1700480306056
1700480305000,1700480306000,54,437229559,1700480306072
1700480305000,1700480306000,100,410908535,1700480306089
1700480305000,1700480306000,13,175153960,1700480306090
1700480305000,1700480306000,47,312183643,1700480306103
1700480305000,1700480306000,24,541952676,1700480306107
1700480306000,1700480307000,13,246664054,1700480307036
1700480306000,1700480307000,47,200496230,1700480307055
1700480306000,1700480307000,24,441253580,1700480307065
1700480306000,1700480307000,63,262397406,1700480307107
1700480306000,1700480307000,54,290331818,1700480307122
1700480306000,1700480307000,100,373004590,1700480307137
1700480307000,1700480308000,63,289045833,1700480308055
1700480307000,1700480308000,54,186763208,1700480308066
1700480307000,1700480308000,13,301450072,1700480308086
1700480307000,1700480308000,100,292430145,1700480308088
1700480307000,1700480308000,47,116512530,1700480308100
1700480307000,1700480308000,24,911622216,1700480308109
1700480308000,1700480309000,100,221873000,1700480309033
1700480308000,1700480309000,13,261356513,1700480309036
1700480308000,1700480309000,47,187548993,1700480309050
1700480308000,1700480309000,24,654541976,1700480309062
1700480308000,1700480309000,63,358049900,1700480309107
1700480308000,1700480309000,54,148693645,1700480309115
1700480309000,1700480310000,63,318838570,1700480310055
1700480309000,1700480310000,54,227220505,1700480310066
1700480309000,1700480310000,100,147431417,1700480310084
1700480309000,1700480310000,13,361379335,1700480310086
1700480309000,1700480310000,47,337108687,1700480310105
1700480309000,1700480310000,24,473450503,1700480310119
1700480310000,1700480311000,47,720220529,1700480311059
1700480310000,1700480311000,24,646262723,1700480311071
1700480310000,1700480311000,63,372518579,1700480311107
1700480310000,1700480311000,54,194016137,1700480311121
1700480310000,1700480311000,100,287766415,1700480311133
1700480310000,1700480311000,13,279590587,1700480311140
1700480311000,1700480312000,63,308542057,1700480312062
1700480311000,1700480312000,54,290441918,1700480312066
1700480311000,1700480312000,100,244153104,1700480312075
1700480311000,1700480312000,13,140207684,1700480312083
1700480311000,1700480312000,47,622396486,1700480312111
1700480311000,1700480312000,24,626780546,1700480312132
1700480312000,1700480313000,47,358299228,1700480313064
1700480312000,1700480313000,24,490968796,1700480313078
1700480312000,1700480313000,63,471476622,1700480313110
1700480312000,1700480313000,54,328804248,1700480313114
1700480312000,1700480313000,100,304258154,1700480313126
1700480312000,1700480313000,13,123835472,1700480313129
1700480313000,1700480314000,63,486593541,1700480314061
1700480313000,1700480314000,54,325799283,1700480314065
1700480313000,1700480314000,100,212492073,1700480314070
1700480313000,1700480314000,13,266651561,1700480314076
1700480313000,1700480314000,47,215391033,1700480314125
1700480313000,1700480314000,24,257037198,1700480314134
1700480314000,1700480315000,47,270570532,1700480315069
1700480314000,1700480315000,24,260132384,1700480315076
1700480314000,1700480315000,63,515169297,1700480315112
1700480314000,1700480315000,54,331075680,1700480315112
1700480314000,1700480315000,13,293180722,1700480315120
1700480314000,1700480315000,100,228202101,1700480315125
1700480315000,1700480316000,63,129832825,1700480316060
1700480315000,1700480316000,54,506531993,1700480316065
1700480315000,1700480316000,13,178761770,1700480316073
1700480315000,1700480316000,100,214492368,1700480316073
1700480315000,1700480316000,24,335773564,1700480316126
1700480315000,1700480316000,47,64844510,1700480316128
1700480316000,1700480317000,24,302774560,1700480317074
1700480316000,1700480317000,47,272731220,1700480317092
1700480316000,1700480317000,63,396841373,1700480317114
1700480316000,1700480317000,13,372788328,1700480317117
1700480316000,1700480317000,54,330310759,1700480317120
1700480316000,1700480317000,100,294033375,1700480317126
1700480317000,1700480318000,47,323308662,1700480318044
1700480317000,1700480318000,54,137030618,1700480318063
1700480317000,1700480318000,63,426041199,1700480318066
1700480317000,1700480318000,13,193922395,1700480318071
1700480317000,1700480318000,100,291707365,1700480318082
1700480317000,1700480318000,24,311182130,1700480318126
1700480318000,1700480319000,24,225295524,1700480319070
1700480318000,1700480319000,47,395958536,1700480319092
1700480318000,1700480319000,54,598241144,1700480319111
1700480318000,1700480319000,63,463172338,1700480319114
1700480318000,1700480319000,13,254846559,1700480319116
1700480318000,1700480319000,100,289670185,1700480319132
1700480319000,1700480320000,47,401798059,1700480320047
1700480319000,1700480320000,13,50065174,1700480320056
1700480319000,1700480320000,54,462420456,1700480320058
1700480319000,1700480320000,63,304951508,1700480320063
1700480319000,1700480320000,100,237045806,1700480320078
1700480319000,1700480320000,24,339518979,1700480320135
1700480320000,1700480321000,24,278166372,1700480321071
1700480320000,1700480321000,47,377848254,1700480321091
1700480320000,1700480321000,54,933949812,1700480321106
1700480320000,1700480321000,13,266497471,1700480321112
1700480320000,1700480321000,63,507736969,1700480321121
1700480320000,1700480321000,100,199897499,1700480321129
1700480321000,1700480322000,47,290654334,1700480322044
1700480321000,1700480322000,54,1121081959,1700480322058
1700480321000,1700480322000,13,89381831,1700480322062
1700480321000,1700480322000,100,132188780,1700480322070
1700480321000,1700480322000,63,439659206,1700480322074
1700480321000,1700480322000,24,304143439,1700480322129
1700480322000,1700480323000,24,430132826,1700480323066
1700480322000,1700480323000,47,332761493,1700480323093
1700480322000,1700480323000,54,748312404,1700480323111
1700480322000,1700480323000,13,205793009,1700480323119
1700480322000,1700480323000,100,92528330,1700480323123
1700480322000,1700480323000,63,621673311,1700480323124
1700480323000,1700480324000,47,274783383,1700480324039
1700480323000,1700480324000,54,646040114,1700480324061
1700480323000,1700480324000,13,222561640,1700480324069
1700480323000,1700480324000,100,67346712,1700480324074
1700480323000,1700480324000,63,862668821,1700480324079
1700480323000,1700480324000,24,632469943,1700480324118
1700480324000,1700480325000,63,557380745,1700480325034
1700480324000,1700480325000,24,538971637,1700480325069
1700480324000,1700480325000,47,357326737,1700480325093
1700480324000,1700480325000,54,527167447,1700480325110
1700480324000,1700480325000,13,60533470,1700480325121
1700480324000,1700480325000,100,65732590,1700480325128
1700480325000,1700480326000,47,306859870,1700480326048
1700480325000,1700480326000,54,374214464,1700480326052
1700480325000,1700480326000,13,149383770,1700480326078
1700480325000,1700480326000,100,95302321,1700480326079
1700480325000,1700480326000,63,316316672,1700480326090
1700480325000,1700480326000,24,640454568,1700480326118
1700480326000,1700480327000,24,641724222,1700480327066
1700480326000,1700480327000,47,332532989,1700480327094
1700480326000,1700480327000,54,499913093,1700480327104
1700480326000,1700480327000,13,52486176,1700480327130
1700480326000,1700480327000,100,179967088,1700480327137
1700480326000,1700480327000,63,668031464,1700480327141
1700480327000,1700480328000,47,412228127,1700480328046
1700480327000,1700480328000,54,308062279,1700480328055
1700480327000,1700480328000,13,180223838,1700480328076
1700480327000,1700480328000,100,135431419,1700480328084
1700480327000,1700480328000,63,680729382,1700480328090
1700480327000,1700480328000,24,557566045,1700480328127
1700480328000,1700480329000,63,907091044,1700480329038
1700480328000,1700480329000,24,621333835,1700480329075
1700480328000,1700480329000,47,355940543,1700480329095
1700480328000,1700480329000,54,370503120,1700480329107
1700480328000,1700480329000,13,270720242,1700480329131
1700480328000,1700480329000,100,146660464,1700480329138
1700480329000,1700480330000,47,548107518,1700480330043
1700480329000,1700480330000,54,352048465,1700480330054
1700480329000,1700480330000,13,254930798,1700480330082
1700480329000,1700480330000,100,215552247,1700480330087
1700480329000,1700480330000,63,747346331,1700480330099
1700480329000,1700480330000,24,825106147,1700480330129
1700480330000,1700480331000,100,222154644,1700480331039
1700480330000,1700480331000,63,696252463,1700480331056
1700480330000,1700480331000,24,466494492,1700480331075
1700480330000,1700480331000,47,353948606,1700480331088
1700480330000,1700480331000,54,488879955,1700480331106
1700480330000,1700480331000,13,382770488,1700480331125
1700480331000,1700480332000,47,846642539,1700480332038
1700480331000,1700480332000,54,454835497,1700480332055
1700480331000,1700480332000,13,293152095,1700480332061
1700480331000,1700480332000,100,188829743,1700480332090
1700480331000,1700480332000,63,551926907,1700480332112
1700480331000,1700480332000,24,91882150,1700480332133
1700480332000,1700480333000,63,674813790,1700480333058
1700480332000,1700480333000,24,281343700,1700480333079
1700480332000,1700480333000,47,1016672693,1700480333090
1700480332000,1700480333000,13,212360172,1700480333110
1700480332000,1700480333000,54,299779122,1700480333111
1700480332000,1700480333000,100,150614395,1700480333131
