debs$start:INTEGER(64 bits),debs$end:INTEGER(64 bits),debs$sid:INTEGER(64 bits),debs$absolute_v:INTEGER(64 bits),timestamp
10620000,10680000,13,1699976610224,1699976620434
10620000,10680000,24,1699976610221,1699976620434
10620000,10680000,47,1699976610240,1699976620434
10620000,10680000,54,1699976610251,1699976620434
10620000,10680000,63,1699976610261,1699976620434
10620000,10680000,100,1699976610216,1699976620434
10680000,10740000,13,1699976620235,1699976633683
10680000,10740000,24,1699976619964,1699976633683
10680000,10740000,47,1699976620055,1699976633683
10680000,10740000,54,1699976619531,1699976633683
10680000,10740000,63,1699976619954,1699976633683
10680000,10740000,100,1699976619443,1699976633683
10740000,10800000,13,1699976633463,1699976646515
10740000,10800000,24,1699976633025,1699976646515
10740000,10800000,47,1699976633017,1699976646515
10740000,10800000,54,1699976632061,1699976646515
10740000,10800000,63,1699976632796,1699976646515
10740000,10800000,100,1699976630585,1699976646515
10800000,10860000,13,1699976646324,1699976659568
10800000,10860000,24,1699976646065,1699976659568
10800000,10860000,47,1699976645687,1699976659568
10800000,10860000,54,1699976644768,1699976659568
10800000,10860000,63,1699976645409,1699976659568
10800000,10860000,100,1699976640835,1699976659568
10860000,10920000,13,1699976659392,1699976672996
10860000,10920000,24,1699976659259,1699976672996
10860000,10920000,47,1699976658383,1699976672996
10860000,10920000,54,1699976657489,1699976672996
10860000,10920000,63,1699976657599,1699976672996
10860000,10920000,100,1699976652741,1699976672996
10920000,10980000,13,1699976672790,1699976685741
10920000,10980000,24,1699976672320,1699976685741
10920000,10980000,47,1699976671330,1699976685741
10920000,10980000,54,1699976670059,1699976685741
10920000,10980000,63,1699976669806,1699976685741
10920000,10980000,100,1699976664251,1699976685741
10980000,11040000,13,1699976685215,1699976698769
10980000,11040000,24,1699976685558,1699976698769
10980000,11040000,47,1699976684279,1699976698769
10980000,11040000,54,1699976682370,1699976698769
10980000,11040000,63,1699976681755,1699976698769
10980000,11040000,100,1699976676357,1699976698769
11040000,11100000,13,1699976698010,1699976711594
11040000,11100000,24,1699976698547,1699976711594
11040000,11100000,47,1699976697225,1699976711594
11040000,11100000,54,1699976694911,1699976711594
11040000,11100000,63,1699976694148,1699976711594
11040000,11100000,100,1699976687280,1699976711594
11100000,11160000,13,1699976710873,1699976724826
11100000,11160000,24,1699976711386,1699976724826
11100000,11160000,47,1699976709929,1699976724826
11100000,11160000,54,1699976707417,1699976724826
11100000,11160000,63,1699976705755,1699976724826
11100000,11160000,100,1699976698394,1699976724826
11160000,11220000,13,1699976724060,1699976737280
11160000,11220000,24,1699976724598,1699976737280
11160000,11220000,47,1699976722792,1699976737280
11160000,11220000,54,1699976720281,1699976737280
11160000,11220000,63,1699976718355,1699976737280
11160000,11220000,100,1699976707550,1699976737280
11220000,11280000,13,1699976737114,1699976749505
11220000,11280000,24,1699976735556,1699976749505
11220000,11280000,47,1699976735332,1699976749505
11220000,11280000,54,1699976732203,1699976749505
11220000,11280000,63,1699976729116,1699976749505
11220000,11280000,100,1699976719135,1699976749505
11280000,11340000,13,1699976749296,1699976762117
11280000,11340000,24,1699976747402,1699976762117
11280000,11340000,47,1699976748066,1699976762117
11280000,11340000,54,1699976743729,1699976762117
11280000,11340000,63,1699976741084,1699976762117
11280000,11340000,100,1699976730599,1699976762117
11340000,11400000,13,1699976761934,1699976774586
11340000,11400000,24,1699976759574,1699976774586
11340000,11400000,47,1699976760955,1699976774586
11340000,11400000,54,1699976756431,1699976774586
11340000,11400000,63,1699976752660,1699976774586
11340000,11400000,100,1699976741914,1699976774586
11400000,11460000,13,1699976774375,1699976787196
11400000,11460000,24,1699976771610,1699976787196
11400000,11460000,47,1699976773870,1699976787196
11400000,11460000,54,1699976768918,1699976787196
11400000,11460000,63,1699976764015,1699976787196
11400000,11460000,100,1699976753387,1699976787196
11460000,11520000,13,1699976787017,1699976800468
11460000,11520000,24,1699976783965,1699976800468
11460000,11520000,47,1699976786547,1699976800468
11460000,11520000,54,1699976781475,1699976800468
11460000,11520000,63,1699976774079,1699976800468
11460000,11520000,100,1699976763882,1699976800468
11520000,11580000,13,1699976800254,1699976813521
11520000,11580000,24,1699976796610,1699976813521
11520000,11580000,47,1699976799496,1699976813521
11520000,11580000,54,1699976794180,1699976813521
11520000,11580000,63,1699976785048,1699976813521
11520000,11580000,100,1699976775597,1699976813521
11580000,11640000,13,1699976813337,1699976826375
11580000,11640000,24,1699976809851,1699976826375
11580000,11640000,47,1699976812388,1699976826375
11580000,11640000,54,1699976806746,1699976826375
11580000,11640000,63,1699976796395,1699976826375
11580000,11640000,100,1699976786507,1699976826375
11640000,11700000,13,1699976826176,1699976839415
11640000,11700000,24,1699976822526,1699976839415
11640000,11700000,47,1699976825323,1699976839415
11640000,11700000,54,1699976819479,1699976839415
11640000,11700000,63,1699976808523,1699976839415
11640000,11700000,100,1699976798273,1699976839415
11700000,11760000,13,1699976839213,1699976851617
11700000,11760000,24,1699976835147,1699976851617
11700000,11760000,47,1699976838220,1699976851617
11700000,11760000,54,1699976832349,1699976851617
11700000,11760000,63,1699976818605,1699976851617
11700000,11760000,100,1699976809102,1699976851617
11760000,11820000,13,1699976851424,1699976864469
11760000,11820000,24,1699976847951,1699976864469
11760000,11820000,47,1699976851326,1699976864469
11760000,11820000,54,1699976845080,1699976864469
11760000,11820000,63,1699976830187,1699976864469
11760000,11820000,100,1699976820390,1699976864469
11820000,11880000,13,1699976863208,1699976877377
11820000,11880000,24,1699976860395,1699976877377
11820000,11880000,47,1699976864263,1699976877377
11820000,11880000,54,1699976857632,1699976877377
11820000,11880000,63,1699976840336,1699976877377
11820000,11880000,100,1699976831086,1699976877377
11880000,11940000,13,1699976875414,1699976890493
11880000,11940000,24,1699976873020,1699976890493
11880000,11940000,47,1699976877202,1699976890493
11880000,11940000,54,1699976870334,1699976890493
11880000,11940000,63,1699976851451,1699976890493
11880000,11940000,100,1699976840282,1699976890493
11940000,12000000,13,1699976887864,1699976903614
11940000,12000000,24,1699976885018,1699976903614
11940000,12000000,47,1699976890297,1699976903614
11940000,12000000,54,1699976883064,1699976903614
11940000,12000000,63,1699976862208,1699976903614
11940000,12000000,100,1699976850132,1699976903614
