debs$start:INTEGER(64 bits),debs$end:INTEGER(64 bits),debs$sid:INTEGER(64 bits),debs$absolute_v:INTEGER(64 bits),timestamp
10629000,10630000,98,1699537792894,1699537793016
10634000,10635000,63,1699537792903,1699537793020
10634000,10635000,74,1699537792943,1699537793020
10634000,10635000,54,1699537792955,1699537793020
10634000,10635000,47,1699537792915,1699537794032
10634000,10635000,13,1699537792924,1699537794032
10634000,10635000,100,1699537792963,1699537794032
10634000,10635000,24,1699537792984,1699537794032
10635000,10636000,98,1699537792901,1699537797234
10635000,10636000,63,1699537792923,1699537797234
10635000,10636000,74,1699537792964,1699537797234
10635000,10636000,54,1699537792958,1699537797234
10635000,10636000,13,1699537792947,1699537798332
10635000,10636000,100,1699537792986,1699537798332
10635000,10636000,24,1699537793005,1699537798332
10635000,10636000,47,1699537793972,1699537798332
10636000,10637000,98,1699537795027,1699537802489
10636000,10637000,54,1699537796146,1699537802489
10636000,10637000,63,1699537797160,1699537802489
10636000,10637000,74,1699537797194,1699537802489
10636000,10637000,100,1699537797217,1699537802562
10636000,10637000,47,1699537798204,1699537802562
10636000,10637000,13,1699537798220,1699537802562
10636000,10637000,24,1699537798280,1699537802562
10637000,10638000,98,1699537798175,1699537806722
10637000,10638000,74,1699537801420,1699537806722
10637000,10638000,54,1699537801415,1699537806722
10637000,10638000,63,1699537802427,1699537806722
10637000,10638000,100,1699537801446,1699537807776
10637000,10638000,47,1699537802436,1699537807776
10637000,10638000,13,1699537802452,1699537807776
10637000,10638000,24,1699537802517,1699537807776
10638000,10639000,98,1699537799239,1699537810955
10638000,10639000,74,1699537805645,1699537810955
10638000,10639000,54,1699537805653,1699537810955
10638000,10639000,63,1699537806662,1699537810955
10638000,10639000,100,1699537805677,1699537812003
10638000,10639000,47,1699537806663,1699537812003
10638000,10639000,24,1699537806735,1699537812003
10638000,10639000,13,1699537807714,1699537812003
10639000,10640000,98,1699537802407,1699537815192
10639000,10640000,74,1699537809874,1699537815192
10639000,10640000,54,1699537809890,1699537815192
10639000,10640000,63,1699537810899,1699537815192
10639000,10640000,100,1699537809907,1699537816227
10639000,10640000,47,1699537810893,1699537816227
10639000,10640000,24,1699537810972,1699537816227
10639000,10640000,13,1699537811956,1699537816227
10640000,10641000,98,1699537803477,1699537819426
10640000,10641000,54,1699537814123,1699537819426
10640000,10641000,74,1699537815129,1699537819426
10640000,10641000,63,1699537815139,1699537819426
10640000,10641000,100,1699537814135,1699537821507
10640000,10641000,47,1699537815125,1699537821507
10640000,10641000,24,1699537815209,1699537821507
10640000,10641000,13,1699537816186,1699537821507
10641000,10642000,98,1699537807708,1699537823659
10641000,10642000,54,1699537818353,1699537823659
10641000,10642000,74,1699537819355,1699537823659
10641000,10642000,63,1699537819374,1699537823659
10641000,10642000,100,1699537818365,1699537825732
10641000,10642000,47,1699537820388,1699537825732
10641000,10642000,24,1699537820476,1699537825732
10641000,10642000,13,1699537821452,1699537825732
10642000,10643000,98,1699537810887,1699537827897
10642000,10643000,54,1699537822589,1699537827897
10642000,10643000,74,1699537823580,1699537827897
10642000,10643000,63,1699537823611,1699537827897
10642000,10643000,100,1699537822593,1699537829959
10642000,10643000,47,1699537824624,1699537829959
10642000,10643000,24,1699537824714,1699537829959
10642000,10643000,13,1699537825686,1699537829959
10643000,10644000,54,1699537826824,1699537832154
10643000,10644000,74,1699537827808,1699537832154
10643000,10644000,63,1699537827850,1699537832154
10643000,10644000,100,1699537826818,1699537835244
10643000,10644000,47,1699537828853,1699537835244
10643000,10644000,24,1699537828951,1699537835244
10643000,10644000,13,1699537829920,1699537835244
10644000,10645000,74,1699537832032,1699537836380
10644000,10645000,63,1699537832086,1699537836380
10644000,10645000,54,1699537832091,1699537836380
10644000,10645000,100,1699537831046,1699537839470
10644000,10645000,47,1699537833087,1699537839470
10644000,10645000,24,1699537833185,1699537839470
10644000,10645000,13,1699537835193,1699537839470
10645000,10646000,98,1699537814036,1699537840614
10645000,10646000,74,1699537836260,1699537840614
10645000,10646000,63,1699537836324,1699537840614
10645000,10646000,54,1699537836325,1699537840614
10645000,10646000,100,1699537834244,1699537844756
10645000,10646000,47,1699537837318,1699537844756
10645000,10646000,24,1699537838461,1699537844756
10645000,10646000,13,1699537839425,1699537844756
10646000,10647000,98,1699537814058,1699537844843
10646000,10647000,74,1699537840485,1699537844843
10646000,10647000,63,1699537840561,1699537844843
10646000,10647000,54,1699537840564,1699537844843
10646000,10647000,100,1699537838474,1699537848979
10646000,10647000,47,1699537842581,1699537848979
10646000,10647000,24,1699537842695,1699537848979
10646000,10647000,13,1699537844693,1699537848979
10647000,10648000,74,1699537844713,1699537849075
10647000,10648000,63,1699537844797,1699537849075
10647000,10648000,54,1699537844796,1699537849075
10647000,10648000,100,1699537842704,1699537853203
10647000,10648000,47,1699537846818,1699537853203
10647000,10648000,24,1699537846931,1699537853203
10647000,10648000,13,1699537848932,1699537853203
10648000,10649000,74,1699537848938,1699537854363
10648000,10649000,63,1699537849032,1699537854363
10648000,10649000,54,1699537849030,1699537854363
10648000,10649000,100,1699537846934,1699537858479
10648000,10649000,47,1699537851051,1699537858479
10648000,10649000,24,1699537852202,1699537858479
10648000,10649000,13,1699537853162,1699537858479
10649000,10650000,98,1699537815111,1699537858597
10649000,10650000,74,1699537853160,1699537858597
10649000,10650000,54,1699537853262,1699537858597
10649000,10650000,63,1699537854301,1699537858597
10649000,10650000,100,1699537851165,1699537862707
10649000,10650000,47,1699537855282,1699537862707
10649000,10650000,24,1699537856439,1699537862707
10649000,10650000,13,1699537858424,1699537862707
10650000,10651000,98,1699537818279,1699537862833
10650000,10651000,74,1699537857386,1699537862833
10650000,10651000,54,1699537857496,1699537862833
10650000,10651000,63,1699537858540,1699537862833
10650000,10651000,100,1699537855395,1699537866934
10650000,10651000,47,1699537859513,1699537866934
10650000,10651000,24,1699537860675,1699537866934
10650000,10651000,13,1699537862661,1699537866934
10651000,10652000,74,1699537861613,1699537867069
10651000,10652000,54,1699537862761,1699537867069
10651000,10652000,63,1699537862781,1699537867069
10652000,10653000,74,1699537865837,1699537871304
10652000,10653000,54,1699537866997,1699537871304
10652000,10653000,63,1699537867017,1699537871304
10651000,10652000,100,1699537859624,1699537872215
10651000,10652000,47,1699537863745,1699537872215
10651000,10652000,24,1699537865948,1699537872215
10651000,10652000,13,1699537866894,1699537872215
10653000,10654000,98,1699537819334,1699537875538
10653000,10654000,74,1699537870063,1699537875538
10653000,10654000,54,1699537871234,1699537875538
10653000,10654000,63,1699537871255,1699537875538
10652000,10653000,100,1699537863851,1699537876443
10652000,10653000,47,1699537869012,1699537876443
10652000,10653000,24,1699537869128,1699537876443
10652000,10653000,13,1699537872165,1699537876443
10654000,10655000,98,1699537822515,1699537879775
10654000,10655000,74,1699537874291,1699537879775
10654000,10655000,54,1699537875471,1699537879775
10654000,10655000,63,1699537875492,1699537879775
10653000,10654000,100,1699537868079,1699537881725
10653000,10654000,47,1699537873245,1699537881725
10653000,10654000,24,1699537873364,1699537881725
10653000,10654000,13,1699537876399,1699537881725
10655000,10656000,98,1699537825684,1699537884010
10655000,10656000,74,1699537878515,1699537884010
10655000,10656000,54,1699537879704,1699537884010
10655000,10656000,63,1699537879730,1699537884010
10654000,10655000,100,1699537872306,1699537885948
10654000,10655000,47,1699537877475,1699537885948
10654000,10655000,24,1699537878632,1699537885948
10654000,10655000,13,1699537881663,1699537885948
10656000,10657000,98,1699537829913,1699537888243
10656000,10657000,74,1699537882744,1699537888243
10656000,10657000,54,1699537883933,1699537888243
10656000,10657000,63,1699537883966,1699537888243
10655000,10656000,100,1699537875505,1699537890175
10655000,10656000,47,1699537881706,1699537890175
10655000,10656000,24,1699537882874,1699537890175
10655000,10656000,13,1699537885898,1699537890175
10657000,10658000,98,1699537832031,1699537892475
10657000,10658000,74,1699537886970,1699537892475
10657000,10658000,54,1699537888162,1699537892475
10657000,10658000,63,1699537888200,1699537892475
10656000,10657000,100,1699537879732,1699537895460
10656000,10657000,47,1699537885941,1699537895460
10656000,10657000,24,1699537887106,1699537895460
10656000,10657000,13,1699537890134,1699537895460
10658000,10659000,98,1699537835201,1699537897727
10658000,10659000,74,1699537891194,1699537897727
10658000,10659000,54,1699537892398,1699537897727
10658000,10659000,63,1699537892434,1699537897727
10657000,10658000,100,1699537883963,1699537899688
10657000,10658000,47,1699537890173,1699537899688
10657000,10658000,24,1699537891344,1699537899688
10657000,10658000,13,1699537895404,1699537899688
10659000,10660000,98,1699537835205,1699537902003
10659000,10660000,74,1699537895412,1699537902003
10659000,10660000,63,1699537896669,1699537902003
10659000,10660000,54,1699537897667,1699537902003
10658000,10659000,100,1699537888192,1699537903915
10658000,10659000,47,1699537895438,1699537903915
10658000,10659000,24,1699537896621,1699537903915
10658000,10659000,13,1699537899643,1699537903915
10660000,10661000,54,1699537898730,1699537906236
10660000,10661000,74,1699537899638,1699537906236
10660000,10661000,63,1699537901941,1699537906236
10659000,10660000,100,1699537892423,1699537909195
10659000,10660000,24,1699537898748,1699537909195
10659000,10660000,47,1699537899671,1699537909195
10659000,10660000,13,1699537903876,1699537909195
10661000,10662000,98,1699537836255,1699537910472
10661000,10662000,54,1699537902961,1699537910472
10661000,10662000,74,1699537903859,1699537910472
10661000,10662000,63,1699537906178,1699537910472
10660000,10661000,100,1699537896652,1699537913422
10660000,10661000,47,1699537903901,1699537913422
10660000,10661000,24,1699537904021,1699537913422
10660000,10661000,13,1699537909145,1699537913422
10662000,10663000,98,1699537838363,1699537914707
10662000,10663000,54,1699537907194,1699537914707
10662000,10663000,74,1699537908084,1699537914707
10662000,10663000,63,1699537910417,1699537914707
10661000,10662000,100,1699537900881,1699537918706
10661000,10662000,47,1699537908129,1699537918706
10661000,10662000,24,1699537908254,1699537918706
10661000,10662000,13,1699537913379,1699537918706
10663000,10664000,54,1699537911421,1699537918943
10663000,10664000,74,1699537912310,1699537918943
10663000,10664000,63,1699537914656,1699537918943
10662000,10663000,100,1699537905109,1699537922931
10662000,10663000,47,1699537912362,1699537922931
10662000,10663000,24,1699537912486,1699537922931
10662000,10663000,13,1699537918645,1699537922931
10664000,10665000,54,1699537915656,1699537923180
10664000,10665000,74,1699537916538,1699537923180
10664000,10665000,63,1699537918894,1699537923180
10663000,10664000,100,1699537909337,1699537927158
10663000,10664000,24,1699537916701,1699537927158
10663000,10664000,47,1699537917626,1699537927158
10663000,10664000,13,1699537922884,1699537927158
10665000,10666000,98,1699537839427,1699537927416
10665000,10666000,54,1699537919890,1699537927416
10665000,10666000,74,1699537920765,1699537927416
10665000,10666000,63,1699537923131,1699537927416
10666000,10667000,98,1699537841534,1699537931650
10666000,10667000,54,1699537924123,1699537931650
10666000,10667000,74,1699537924990,1699537931650
10666000,10667000,63,1699537927370,1699537931650
10664000,10665000,100,1699537913565,1699537932438
10664000,10665000,24,1699537920937,1699537932438
10664000,10665000,47,1699537921859,1699537932438
10664000,10665000,13,1699537927117,1699537932438
10667000,10668000,98,1699537844720,1699537935880
10667000,10668000,74,1699537929213,1699537935880
10667000,10668000,54,1699537929385,1699537935880
10667000,10668000,63,1699537931605,1699537935880
10665000,10666000,100,1699537916762,1699537936664
10665000,10666000,24,1699537925174,1699537936664
10665000,10666000,47,1699537926091,1699537936664
10665000,10666000,13,1699537932383,1699537936664
10668000,10669000,98,1699537845779,1699537940113
10668000,10669000,74,1699537933439,1699537940113
10668000,10669000,54,1699537933622,1699537940113
10668000,10669000,63,1699537935837,1699537940113
10666000,10667000,100,1699537920993,1699537940891
10666000,10667000,47,1699537930314,1699537940891
10666000,10667000,24,1699537930442,1699537940891
10666000,10667000,13,1699537936618,1699537940891
10669000,10670000,98,1699537846834,1699537944347
10669000,10670000,74,1699537937663,1699537944347
10669000,10670000,54,1699537937858,1699537944347
10669000,10670000,63,1699537940071,1699537944347
10667000,10668000,100,1699537925223,1699537946171
10667000,10668000,47,1699537934547,1699537946171
10667000,10668000,24,1699537934680,1699537946171
10667000,10668000,13,1699537940852,1699537946171
10670000,10671000,98,1699537851053,1699537949641
10670000,10671000,74,1699537941888,1699537949641
10670000,10671000,54,1699537942074,1699537949641
10670000,10671000,63,1699537944307,1699537949641
10668000,10669000,100,1699537929453,1699537950395
10668000,10669000,47,1699537938776,1699537950395
10668000,10669000,24,1699537938896,1699537950395
10668000,10669000,13,1699537946122,1699537950395
10671000,10672000,98,1699537854234,1699537953875
10671000,10672000,74,1699537946112,1699537953875
10671000,10672000,54,1699537946312,1699537953875
10671000,10672000,63,1699537949579,1699537953875
10669000,10670000,100,1699537933681,1699537955679
10669000,10670000,24,1699537943138,1699537955679
10669000,10670000,47,1699537944038,1699537955679
10669000,10670000,13,1699537950352,1699537955679
10672000,10673000,98,1699537856331,1699537958108
10672000,10673000,74,1699537950337,1699537958108
10672000,10673000,54,1699537950543,1699537958108
10672000,10673000,63,1699537953816,1699537958108
10670000,10671000,100,1699537937911,1699537959904
10670000,10671000,24,1699537947376,1699537959904
10670000,10671000,47,1699537948273,1699537959904
10670000,10671000,13,1699537955617,1699537959904
10673000,10674000,54,1699537954780,1699537962343
10673000,10674000,74,1699537955595,1699537962343
10673000,10674000,63,1699537958052,1699537962343
10671000,10672000,100,1699537942139,1699537964131
10671000,10672000,24,1699537951608,1699537964131
10671000,10672000,47,1699537952500,1699537964131
10671000,10672000,13,1699537959856,1699537964131
10674000,10675000,54,1699537959014,1699537966575
10674000,10675000,74,1699537959819,1699537966575
10674000,10675000,63,1699537962288,1699537966575
10672000,10673000,100,1699537946367,1699537969411
10672000,10673000,47,1699537956727,1699537969411
10672000,10673000,24,1699537956882,1699537969411
10672000,10673000,13,1699537964090,1699537969411
10675000,10676000,98,1699537857408,1699537970808
10675000,10676000,54,1699537963248,1699537970808
10675000,10676000,74,1699537964045,1699537970808
10675000,10676000,63,1699537966526,1699537970808
10673000,10674000,100,1699537950594,1699537973635
10673000,10674000,47,1699537960955,1699537973635
10673000,10674000,24,1699537961118,1699537973635
10673000,10674000,13,1699537969356,1699537973635
10676000,10677000,98,1699537859513,1699537975043
10676000,10677000,54,1699537967483,1699537975043
10676000,10677000,74,1699537968269,1699537975043
10676000,10677000,63,1699537970759,1699537975043
10674000,10675000,100,1699537954818,1699537977862
10674000,10675000,47,1699537965185,1699537977862
10674000,10675000,24,1699537965352,1699537977862
10674000,10675000,13,1699537973590,1699537977862
10677000,10678000,98,1699537860572,1699537979272
10677000,10678000,54,1699537971718,1699537979272
10677000,10678000,74,1699537972495,1699537979272
10677000,10678000,63,1699537974995,1699537979272
10675000,10676000,100,1699537958015,1699537983147
10675000,10676000,47,1699537970452,1699537983147
10675000,10676000,24,1699537970624,1699537983147
10675000,10676000,13,1699537977823,1699537983147
10678000,10679000,98,1699537861639,1699537983508
10678000,10679000,74,1699537976720,1699537983508
10678000,10679000,54,1699537976987,1699537983508
10678000,10679000,63,1699537979227,1699537983508
10676000,10677000,100,1699537962242,1699537987372
10676000,10677000,47,1699537974680,1699537987372
10676000,10677000,24,1699537974861,1699537987372
10676000,10677000,13,1699537983097,1699537987372
10679000,10680000,98,1699537864799,1699537987744
10679000,10680000,54,1699537980177,1699537987744
10679000,10680000,74,1699537980943,1699537987744
10679000,10680000,63,1699537983464,1699537987744
10680000,10681000,54,1699537984410,1699537991981
10680000,10681000,74,1699537985166,1699537991981
10680000,10681000,63,1699537987702,1699537991981
10677000,10678000,100,1699537966471,1699537992651
10677000,10678000,47,1699537978905,1699537992651
10677000,10678000,24,1699537979096,1699537992651
10677000,10678000,13,1699537987328,1699537992651
10678000,10679000,100,1699537970697,1699537996876
10678000,10679000,47,1699537983136,1699537996876
10678000,10679000,24,1699537983320,1699537996876
10678000,10679000,13,1699537992591,1699537996876
10681000,10682000,54,1699537988644,1699537997272
10681000,10682000,74,1699537989393,1699537997272
10681000,10682000,63,1699537991939,1699537997272
10679000,10680000,100,1699537974928,1699538001106
10679000,10680000,47,1699537987363,1699538001106
10679000,10680000,24,1699537987554,1699538001106
10679000,10680000,13,1699537996828,1699538001106
10682000,10683000,98,1699537865860,1699538001507
10682000,10683000,74,1699537993620,1699538001507
10682000,10683000,54,1699537993913,1699538001507
10682000,10683000,63,1699537997208,1699538001507
10683000,10684000,98,1699537869028,1699538005744
10683000,10684000,74,1699537997844,1699538005744
10683000,10684000,54,1699537998151,1699538005744
10683000,10684000,63,1699538001446,1699538005744
10680000,10681000,100,1699537979158,1699538006391
10680000,10681000,47,1699537992626,1699538006391
10680000,10681000,24,1699537992823,1699538006391
10680000,10681000,13,1699538001065,1699538006391
10684000,10685000,98,1699537873253,1699538009973
10684000,10685000,74,1699538002071,1699538009973
10684000,10685000,54,1699538002389,1699538009973
10684000,10685000,63,1699538005686,1699538009973
10681000,10682000,100,1699537983388,1699538010615
10681000,10682000,47,1699537996858,1699538010615
10681000,10682000,24,1699537997063,1699538010615
10681000,10682000,13,1699538006336,1699538010615
10685000,10686000,98,1699537877481,1699538014208
10685000,10686000,74,1699538006299,1699538014208
10685000,10686000,54,1699538006619,1699538014208
10685000,10686000,63,1699538009921,1699538014208
10682000,10683000,100,1699537987610,1699538014843
10682000,10683000,47,1699538001091,1699538014843
10682000,10683000,24,1699538001298,1699538014843
10682000,10683000,13,1699538010570,1699538014843
10686000,10687000,74,1699538010525,1699538018441
10686000,10687000,54,1699538010854,1699538018441
10686000,10687000,63,1699538014158,1699538018441
10683000,10684000,100,1699537991837,1699538020124
10683000,10684000,47,1699538005320,1699538020124
10683000,10684000,24,1699538006567,1699538020124
10683000,10684000,13,1699538014804,1699538020124
10687000,10688000,98,1699537877492,1699538022672
10687000,10688000,74,1699538014752,1699538022672
10687000,10688000,54,1699538015085,1699538022672
10687000,10688000,63,1699538018392,1699538022672
10684000,10685000,100,1699537996065,1699538024351
10684000,10685000,47,1699538009550,1699538024351
10684000,10685000,24,1699538010806,1699538024351
10684000,10685000,13,1699538020074,1699538024351
10688000,10689000,98,1699537880659,1699538026907
10688000,10689000,74,1699538018976,1699538026907
10688000,10689000,54,1699538019319,1699538026907
10688000,10689000,63,1699538022625,1699538026907
10685000,10686000,100,1699537997137,1699538029636
10685000,10686000,47,1699538013780,1699538029636
10685000,10686000,24,1699538015043,1699538029636
10685000,10686000,13,1699538024308,1699538029636
10689000,10690000,98,1699537884884,1699538031139
10689000,10690000,74,1699538023205,1699538031139
10689000,10690000,54,1699538024587,1699538031139
10689000,10690000,63,1699538026863,1699538031139
10686000,10687000,100,1699537999242,1699538033863
10686000,10687000,47,1699538019045,1699538033863
10686000,10687000,24,1699538019273,1699538033863
10686000,10687000,13,1699538029575,1699538033863
10690000,10691000,98,1699537884885,1699538035372
10690000,10691000,74,1699538027433,1699538035372
10690000,10691000,54,1699538027776,1699538035372
10690000,10691000,63,1699538031094,1699538035372
10687000,10688000,100,1699538003470,1699538038088
10687000,10688000,47,1699538023279,1699538038088
10687000,10688000,24,1699538024548,1699538038088
10687000,10688000,13,1699538033815,1699538038088
10691000,10692000,98,1699537885959,1699538039610
10691000,10692000,54,1699538029895,1699538039610
10691000,10692000,74,1699538031656,1699538039610
10691000,10692000,63,1699538035329,1699538039610
10688000,10689000,100,1699538006668,1699538043371
10688000,10689000,47,1699538027512,1699538043371
10688000,10689000,24,1699538028783,1699538043371
10688000,10689000,13,1699538038047,1699538043371
10692000,10693000,54,1699538034129,1699538044906
10692000,10693000,74,1699538035882,1699538044906
10692000,10693000,63,1699538039569,1699538044906
10689000,10690000,100,1699538010895,1699538047595
10689000,10690000,47,1699538031739,1699538047595
10689000,10690000,24,1699538033017,1699538047595
10689000,10690000,13,1699538043317,1699538047595
10693000,10694000,54,1699538038361,1699538049141
10693000,10694000,74,1699538040107,1699538049141
10693000,10694000,63,1699538044841,1699538049141
10690000,10691000,100,1699538015127,1699538051818
10690000,10691000,47,1699538035970,1699538051818
10690000,10691000,24,1699538038285,1699538051818
10690000,10691000,13,1699538047550,1699538051818
10694000,10695000,98,1699537888065,1699538053378
10694000,10695000,54,1699538043629,1699538053378
10694000,10695000,74,1699538044331,1699538053378
10694000,10695000,63,1699538049080,1699538053378
10691000,10692000,100,1699538019357,1699538057103
10691000,10692000,47,1699538040200,1699538057103
10691000,10692000,24,1699538042520,1699538057103
10691000,10692000,13,1699538051779,1699538057103
10695000,10696000,98,1699537891244,1699538057610
10695000,10696000,54,1699538047864,1699538057610
10695000,10696000,74,1699538048560,1699538057610
10695000,10696000,63,1699538053321,1699538057610
10692000,10693000,100,1699538023588,1699538061329
10692000,10693000,47,1699538045464,1699538061329
10692000,10693000,24,1699538046754,1699538061329
10692000,10693000,13,1699538057053,1699538061329
10696000,10697000,98,1699537895472,1699538061845
10696000,10697000,54,1699538052099,1699538061845
10696000,10697000,74,1699538052785,1699538061845
10696000,10697000,63,1699538057556,1699538061845
10697000,10698000,98,1699537897583,1699538066076
10697000,10698000,54,1699538056332,1699538066076
10697000,10698000,74,1699538057013,1699538066076
10697000,10698000,63,1699538061792,1699538066076
10693000,10694000,100,1699538027816,1699538066614
10693000,10694000,47,1699538049698,1699538066614
10693000,10694000,24,1699538052026,1699538066614
10693000,10694000,13,1699538061285,1699538066614
10698000,10699000,98,1699537898636,1699538070312
10698000,10699000,54,1699538060567,1699538070312
10698000,10699000,74,1699538061238,1699538070312
10698000,10699000,63,1699538066026,1699538070312
10694000,10695000,100,1699538032044,1699538070843
10694000,10695000,47,1699538053925,1699538070843
10694000,10695000,24,1699538056264,1699538070843
10694000,10695000,13,1699538066553,1699538070843
10699000,10700000,98,1699537899689,1699538074548
10699000,10700000,54,1699538064801,1699538074548
10699000,10700000,74,1699538065465,1699538074548
10699000,10700000,63,1699538070264,1699538074548
10695000,10696000,100,1699538036269,1699538075069
10695000,10696000,47,1699538058162,1699538075069
10695000,10696000,24,1699538060497,1699538075069
10695000,10696000,13,1699538070795,1699538075069
10700000,10701000,98,1699537902864,1699538078782
10700000,10701000,54,1699538069035,1699538078782
10700000,10701000,74,1699538069690,1699538078782
10700000,10701000,63,1699538074501,1699538078782
10696000,10697000,100,1699538040500,1699538080351
10696000,10697000,47,1699538062391,1699538080351
10696000,10697000,24,1699538065764,1699538080351
10696000,10697000,13,1699538075027,1699538080351
10701000,10702000,98,1699537907090,1699538083020
10701000,10702000,74,1699538073919,1699538083020
10701000,10702000,54,1699538074300,1699538083020
10701000,10702000,63,1699538078736,1699538083020
10697000,10698000,100,1699538044725,1699538084576
10697000,10698000,47,1699538067653,1699538084576
10697000,10698000,24,1699538070003,1699538084576
10697000,10698000,13,1699538080297,1699538084576
10702000,10703000,98,1699537910270,1699538087256
10702000,10703000,74,1699538078143,1699538087256
10702000,10703000,54,1699538078535,1699538087256
10702000,10703000,63,1699538082976,1699538087256
10698000,10699000,100,1699538047920,1699538088801
10698000,10699000,47,1699538071889,1699538088801
10698000,10699000,24,1699538074240,1699538088801
10698000,10699000,13,1699538084530,1699538088801
10703000,10704000,98,1699537912378,1699538091492
10703000,10704000,74,1699538082368,1699538091492
10703000,10704000,54,1699538082773,1699538091492
10703000,10704000,63,1699538087214,1699538091492
10699000,10700000,100,1699538052150,1699538091971
10699000,10700000,47,1699538076122,1699538091971
10699000,10700000,24,1699538078473,1699538091971
10699000,10700000,13,1699538088763,1699538091971
10700000,10701000,100,1699538056380,1699538096199
10700000,10701000,47,1699538080346,1699538096199
10700000,10701000,24,1699538083745,1699538096199
10700000,10701000,13,1699538091928,1699538096199
10704000,10705000,98,1699537915544,1699538096789
10704000,10705000,74,1699538086594,1699538096789
10704000,10705000,54,1699538087006,1699538096789
10704000,10705000,63,1699538091452,1699538096789
10701000,10702000,100,1699538057441,1699538100426
10701000,10702000,47,1699538084573,1699538100426
10701000,10702000,24,1699538087983,1699538100426
10701000,10702000,13,1699538096149,1699538100426
10705000,10706000,98,1699537919770,1699538101025
10705000,10706000,54,1699538091239,1699538101025
10705000,10706000,74,1699538091853,1699538101025
10705000,10706000,63,1699538096724,1699538101025
10706000,10707000,98,1699537920835,1699538105258
10706000,10707000,74,1699538093985,1699538105258
10706000,10707000,54,1699538095474,1699538105258
10706000,10707000,63,1699538100965,1699538105258
10702000,10703000,100,1699538061666,1699538105707
10702000,10703000,47,1699538088799,1699538105707
10702000,10703000,24,1699538092216,1699538105707
10702000,10703000,13,1699538100383,1699538105707
10707000,10708000,98,1699537925060,1699538109490
10707000,10708000,74,1699538097145,1699538109490
10707000,10708000,54,1699538099709,1699538109490
10707000,10708000,63,1699538105204,1699538109490
10703000,10704000,100,1699538065895,1699538109934
10703000,10704000,47,1699538094060,1699538109934
10703000,10704000,24,1699538097490,1699538109934
10703000,10704000,13,1699538105649,1699538109934
10708000,10709000,98,1699537929287,1699538113726
10708000,10709000,74,1699538101374,1699538113726
10708000,10709000,54,1699538104973,1699538113726
10708000,10709000,63,1699538109437,1699538113726
10704000,10705000,100,1699538070118,1699538114163
10704000,10705000,47,1699538098296,1699538114163
10704000,10705000,24,1699538101727,1699538114163
10704000,10705000,13,1699538109887,1699538114163
10709000,10710000,98,1699537932481,1699538117964
10709000,10710000,74,1699538105599,1699538117964
10709000,10710000,54,1699538109214,1699538117964
10709000,10710000,63,1699538113675,1699538117964
10705000,10706000,100,1699538072239,1699538119444
10705000,10706000,47,1699538102528,1699538119444
10705000,10706000,24,1699538105959,1699538119444
10705000,10706000,13,1699538114122,1699538119444
10710000,10711000,98,1699537935652,1699538122201
10710000,10711000,74,1699538109823,1699538122201
10710000,10711000,54,1699538112397,1699538122201
10710000,10711000,63,1699538117916,1699538122201
10706000,10707000,100,1699538076468,1699538123671
10706000,10707000,47,1699538106759,1699538123671
10706000,10707000,24,1699538111228,1699538123671
10706000,10707000,13,1699538119390,1699538123671
10711000,10712000,98,1699537937767,1699538126436
10711000,10712000,74,1699538114050,1699538126436
10711000,10712000,54,1699538116632,1699538126436
10711000,10712000,63,1699538122154,1699538126436
10707000,10708000,100,1699538080695,1699538127899
10707000,10708000,47,1699538110990,1699538127899
10707000,10708000,24,1699538115468,1699538127899
10707000,10708000,13,1699538123626,1699538127899
10712000,10713000,98,1699537941994,1699538130673
10712000,10713000,74,1699538118275,1699538130673
10712000,10713000,54,1699538120866,1699538130673
10712000,10713000,63,1699538126390,1699538130673
10708000,10709000,100,1699538083864,1699538133178
10708000,10709000,47,1699538115223,1699538133178
10708000,10709000,24,1699538119701,1699538133178
10708000,10709000,13,1699538127860,1699538133178
10713000,10714000,98,1699537946221,1699538134908
10713000,10714000,74,1699538122498,1699538134908
10713000,10714000,54,1699538126131,1699538134908
10713000,10714000,63,1699538130628,1699538134908
10709000,10710000,100,1699538087057,1699538137407
10709000,10710000,47,1699538120489,1699538137407
10709000,10710000,24,1699538124970,1699538137407
10709000,10710000,13,1699538133130,1699538137407
10714000,10715000,98,1699537950449,1699538139143
10714000,10715000,74,1699538126724,1699538139143
10714000,10715000,54,1699538130368,1699538139143
10714000,10715000,63,1699538134865,1699538139143
10710000,10711000,100,1699538091287,1699538142691
10710000,10711000,47,1699538124722,1699538142691
10710000,10711000,24,1699538129211,1699538142691
10710000,10711000,13,1699538137364,1699538142691
10715000,10716000,98,1699537954678,1699538144438
10715000,10716000,74,1699538130947,1699538144438
10715000,10716000,54,1699538134604,1699538144438
10715000,10716000,63,1699538139103,1699538144438
10711000,10712000,100,1699538095518,1699538146920
10711000,10712000,47,1699538128951,1699538146920
10711000,10712000,24,1699538133441,1699538146920
10711000,10712000,13,1699538142632,1699538146920
10716000,10717000,98,1699537958905,1699538148673
10716000,10717000,74,1699538135171,1699538148673
10716000,10717000,54,1699538138839,1699538148673
10716000,10717000,63,1699538144375,1699538148673
10712000,10713000,100,1699538097637,1699538151144
10712000,10713000,47,1699538133180,1699538151144
10712000,10713000,24,1699538133446,1699538151144
10712000,10713000,13,1699538146872,1699538151144
10717000,10718000,98,1699537963133,1699538152909
10717000,10718000,74,1699538139398,1699538152909
10717000,10718000,54,1699538143073,1699538152909
10717000,10718000,63,1699538148613,1699538152909
10713000,10714000,100,1699538101866,1699538156427
10713000,10714000,47,1699538137412,1699538156427
10713000,10714000,24,1699538138718,1699538156427
10713000,10714000,13,1699538151103,1699538156427
10718000,10719000,98,1699537967358,1699538157145
10718000,10719000,74,1699538143626,1699538157145
10718000,10719000,54,1699538147298,1699538157145
10718000,10719000,63,1699538152852,1699538157145
10714000,10715000,100,1699538105038,1699538160651
10714000,10715000,47,1699538141641,1699538160651
10714000,10715000,24,1699538142962,1699538160651
10714000,10715000,13,1699538156372,1699538160651
10719000,10720000,98,1699537971579,1699538161381
10719000,10720000,74,1699538147851,1699538161381
10719000,10720000,54,1699538151528,1699538161381
10719000,10720000,63,1699538157094,1699538161381
10715000,10716000,100,1699538109268,1699538164877
10715000,10716000,47,1699538146909,1699538164877
10715000,10716000,24,1699538147196,1699538164877
10715000,10716000,13,1699538160606,1699538164877
10720000,10721000,98,1699537975804,1699538165616
10720000,10721000,74,1699538152074,1699538165616
10720000,10721000,54,1699538155759,1699538165616
10720000,10721000,63,1699538161330,1699538165616
10721000,10722000,98,1699537978991,1699538169850
10721000,10722000,74,1699538156299,1699538169850
10721000,10722000,54,1699538159992,1699538169850
10721000,10722000,63,1699538165568,1699538169850
10716000,10717000,100,1699538112429,1699538170163
10716000,10717000,47,1699538151143,1699538170163
10716000,10717000,24,1699538152465,1699538170163
10716000,10717000,13,1699538164838,1699538170163
10722000,10723000,98,1699537983220,1699538174080
10722000,10723000,74,1699538160524,1699538174080
10722000,10723000,54,1699538164225,1699538174080
10722000,10723000,63,1699538169802,1699538174080
10717000,10718000,100,1699538116657,1699538174389
10717000,10718000,47,1699538155373,1699538174389
10717000,10718000,24,1699538156706,1699538174389
10717000,10718000,13,1699538170114,1699538174389
10723000,10724000,98,1699537987448,1699538178317
10723000,10724000,74,1699538164752,1699538178317
10723000,10724000,54,1699538168457,1699538178317
10723000,10724000,63,1699538174035,1699538178317
10718000,10719000,100,1699538119851,1699538179673
10718000,10719000,47,1699538159603,1699538179673
10718000,10719000,24,1699538160937,1699538179673
10718000,10719000,13,1699538174346,1699538179673
10724000,10725000,98,1699537991669,1699538182553
10724000,10725000,74,1699538168976,1699538182553
10724000,10725000,54,1699538173722,1699538182553
10724000,10725000,63,1699538178272,1699538182553
10719000,10720000,100,1699538124081,1699538183900
10719000,10720000,47,1699538163833,1699538183900
10719000,10720000,24,1699538165173,1699538183900
10719000,10720000,13,1699538179613,1699538183900
10725000,10726000,98,1699537995897,1699538186788
10725000,10726000,74,1699538173201,1699538186788
10725000,10726000,54,1699538177960,1699538186788
10725000,10726000,63,1699538182509,1699538186788
10720000,10721000,100,1699538128307,1699538188124
10720000,10721000,47,1699538169099,1699538188124
10720000,10721000,24,1699538170445,1699538188124
10720000,10721000,13,1699538183852,1699538188124
10726000,10727000,98,1699538000121,1699538192085
10726000,10727000,74,1699538177425,1699538192085
10726000,10727000,54,1699538182187,1699538192085
10726000,10727000,63,1699538186747,1699538192085
10721000,10722000,100,1699538131474,1699538193405
10721000,10722000,47,1699538173335,1699538193405
10721000,10722000,24,1699538174682,1699538193405
10721000,10722000,13,1699538188082,1699538193405
10727000,10728000,98,1699538003307,1699538196321
10727000,10728000,74,1699538181650,1699538196321
10727000,10728000,54,1699538186421,1699538196321
10727000,10728000,63,1699538192019,1699538196321
10722000,10723000,100,1699538135700,1699538197634
10722000,10723000,47,1699538177564,1699538197634
10722000,10723000,24,1699538178915,1699538197634
10722000,10723000,13,1699538193350,1699538197634
10728000,10729000,98,1699538005430,1699538200555
10728000,10729000,74,1699538185875,1699538200555
10728000,10729000,54,1699538190648,1699538200555
10728000,10729000,63,1699538196260,1699538200555
10723000,10724000,100,1699538139928,1699538201861
10723000,10724000,47,1699538181795,1699538201861
10723000,10724000,24,1699538184189,1699538201861
10723000,10724000,13,1699538197589,1699538201861
10729000,10730000,98,1699538009658,1699538204786
10729000,10730000,74,1699538190102,1699538204786
10729000,10730000,54,1699538194882,1699538204786
10729000,10730000,63,1699538200498,1699538204786
10724000,10725000,100,1699538144153,1699538207145
10724000,10725000,47,1699538186022,1699538207145
10724000,10725000,24,1699538188428,1699538207145
10724000,10725000,13,1699538201822,1699538207145
10730000,10731000,98,1699538013887,1699538209021
10730000,10731000,74,1699538194329,1699538209021
10730000,10731000,54,1699538199117,1699538209021
10730000,10731000,63,1699538204730,1699538209021
10725000,10726000,100,1699538147348,1699538211372
10725000,10726000,47,1699538190253,1699538211372
10725000,10726000,24,1699538192662,1699538211372
10725000,10726000,13,1699538207094,1699538211372
10731000,10732000,98,1699538018114,1699538213256
10731000,10732000,74,1699538198559,1699538213256
10731000,10732000,54,1699538204387,1699538213256
10731000,10732000,63,1699538208968,1699538213256
10726000,10727000,100,1699538151579,1699538216656
10726000,10727000,47,1699538195519,1699538216656
10726000,10727000,24,1699538197930,1699538216656
10726000,10727000,13,1699538211329,1699538216656
10732000,10733000,98,1699538022337,1699538217493
10732000,10733000,74,1699538202785,1699538217493
10732000,10733000,54,1699538208624,1699538217493
10732000,10733000,63,1699538213205,1699538217493
10727000,10728000,100,1699538155809,1699538220883
10727000,10728000,47,1699538199753,1699538220883
10727000,10728000,24,1699538202169,1699538220883
10727000,10728000,13,1699538216597,1699538220883
10733000,10734000,98,1699538026565,1699538221729
10733000,10734000,74,1699538208041,1699538221729
10733000,10734000,54,1699538212861,1699538221729
10733000,10734000,63,1699538217444,1699538221729
10728000,10729000,100,1699538160040,1699538225109
10728000,10729000,47,1699538203988,1699538225109
10728000,10729000,24,1699538206405,1699538225109
10728000,10729000,13,1699538220837,1699538225109
10734000,10735000,98,1699538029745,1699538225965
10734000,10735000,74,1699538212264,1699538225965
10734000,10735000,54,1699538217089,1699538225965
10734000,10735000,63,1699538221682,1699538225965
10735000,10736000,98,1699538033969,1699538230201
10735000,10736000,74,1699538216491,1699538230201
10735000,10736000,54,1699538221323,1699538230201
10735000,10736000,63,1699538225920,1699538230201
10729000,10730000,100,1699538164271,1699538230392
10729000,10730000,47,1699538208219,1699538230392
10729000,10730000,24,1699538211672,1699538230392
10729000,10730000,13,1699538225069,1699538230392
10736000,10737000,98,1699538033975,1699538234437
10736000,10737000,74,1699538220718,1699538234437
10736000,10737000,54,1699538225552,1699538234437
10736000,10737000,63,1699538230158,1699538234437
10730000,10731000,100,1699538168499,1699538234620
10730000,10731000,47,1699538212447,1699538234620
10730000,10731000,24,1699538215914,1699538234620
10730000,10731000,13,1699538230338,1699538234620
10731000,10732000,100,1699538172730,1699538238847
10731000,10732000,47,1699538216676,1699538238847
10731000,10732000,24,1699538220148,1699538238847
10731000,10732000,13,1699538234574,1699538238847
10737000,10738000,98,1699538037136,1699538239729
10737000,10738000,74,1699538224943,1699538239729
10737000,10738000,54,1699538229782,1699538239729
10737000,10738000,63,1699538234395,1699538239729
10738000,10739000,98,1699538038203,1699538242905
10738000,10739000,74,1699538229172,1699538242905
10738000,10739000,54,1699538235052,1699538242905
10738000,10739000,63,1699538239663,1699538242905
10732000,10733000,100,1699538176960,1699538244134
10732000,10733000,47,1699538221944,1699538244134
10732000,10733000,24,1699538224384,1699538244134
10732000,10733000,13,1699538238808,1699538244134
10739000,10740000,98,1699538040301,1699538247138
10739000,10740000,74,1699538233398,1699538247138
10739000,10740000,54,1699538239287,1699538247138
10739000,10740000,63,1699538242856,1699538247138
10733000,10734000,100,1699538181187,1699538248361
10733000,10734000,47,1699538226174,1699538248361
10733000,10734000,24,1699538229658,1699538248361
10733000,10734000,13,1699538244084,1699538248361
10740000,10741000,98,1699538043496,1699538251373
10740000,10741000,74,1699538237626,1699538251373
10740000,10741000,54,1699538243525,1699538251373
10740000,10741000,63,1699538247091,1699538251373
10734000,10735000,100,1699538183304,1699538253644
10734000,10735000,47,1699538230406,1699538253644
10734000,10735000,24,1699538233895,1699538253644
10734000,10735000,13,1699538248318,1699538253644
10741000,10742000,98,1699538047724,1699538255609
10741000,10742000,74,1699538241855,1699538255609
10741000,10742000,54,1699538247760,1699538255609
10741000,10742000,63,1699538251328,1699538255609
10735000,10736000,100,1699538186481,1699538257871
10735000,10736000,47,1699538234632,1699538257871
10735000,10736000,24,1699538238128,1699538257871
10735000,10736000,13,1699538253585,1699538257871
10742000,10743000,98,1699538051941,1699538259846
10742000,10743000,74,1699538246084,1699538259846
10742000,10743000,54,1699538251992,1699538259846
10742000,10743000,63,1699538255564,1699538259846
10736000,10737000,100,1699538190708,1699538262096
10736000,10737000,47,1699538238859,1699538262096
10736000,10737000,24,1699538243402,1699538262096
10736000,10737000,13,1699538257823,1699538262096
10743000,10744000,98,1699538054063,1699538264074
10743000,10744000,74,1699538250312,1699538264074
10743000,10744000,54,1699538256226,1699538264074
10743000,10744000,63,1699538259804,1699538264074
10737000,10738000,100,1699538194936,1699538267380
10737000,10738000,47,1699538244120,1699538267380
10737000,10738000,24,1699538247638,1699538267380
10737000,10738000,13,1699538262055,1699538267380
10744000,10745000,74,1699538254538,1699538269369
10744000,10745000,54,1699538260455,1699538269369
10744000,10745000,63,1699538264032,1699538269369
10738000,10739000,100,1699538199164,1699538271607
10738000,10739000,47,1699538248355,1699538271607
10738000,10739000,24,1699538251874,1699538271607
10738000,10739000,13,1699538267326,1699538271607
10745000,10746000,98,1699538055116,1699538273605
10745000,10746000,74,1699538258762,1699538273605
10745000,10746000,54,1699538265724,1699538273605
10745000,10746000,63,1699538269305,1699538273605
10739000,10740000,100,1699538202360,1699538274779
10739000,10740000,47,1699538252588,1699538274779
10739000,10740000,24,1699538257144,1699538274779
10739000,10740000,13,1699538271561,1699538274779
10746000,10747000,98,1699538056169,1699538275724
10746000,10747000,74,1699538262991,1699538275724
10746000,10747000,54,1699538269961,1699538275724
10746000,10747000,63,1699538273543,1699538275724
10740000,10741000,100,1699538206589,1699538277949
10740000,10741000,47,1699538256818,1699538277949
10740000,10741000,24,1699538261381,1699538277949
10740000,10741000,13,1699538274731,1699538277949
10747000,10748000,74,1699538267215,1699538279958
10747000,10748000,54,1699538274199,1699538279958
10747000,10748000,63,1699538275674,1699538279958
10741000,10742000,100,1699538208689,1699538283232
10741000,10742000,47,1699538261046,1699538283232
10741000,10742000,24,1699538265616,1699538283232
10741000,10742000,13,1699538277911,1699538283232
10748000,10749000,98,1699538060396,1699538284193
10748000,10749000,74,1699538271440,1699538284193
10748000,10749000,54,1699538278432,1699538284193
10748000,10749000,63,1699538279910,1699538284193
10742000,10743000,100,1699538212918,1699538287456
10742000,10743000,47,1699538265279,1699538287456
10742000,10743000,24,1699538270885,1699538287456
10742000,10743000,13,1699538283182,1699538287456
10749000,10750000,74,1699538275665,1699538288430
10749000,10750000,54,1699538282666,1699538288430
10749000,10750000,63,1699538284145,1699538288430
10750000,10751000,98,1699538061469,1699538292665
10750000,10751000,74,1699538279892,1699538292665
10750000,10751000,54,1699538286901,1699538292665
10750000,10751000,63,1699538288383,1699538292665
10743000,10744000,100,1699538217144,1699538292736
10743000,10744000,47,1699538270547,1699538292736
10743000,10744000,24,1699538275123,1699538292736
10743000,10744000,13,1699538287412,1699538292736
10751000,10752000,98,1699538062524,1699538296901
10751000,10752000,74,1699538284118,1699538296901
10751000,10752000,54,1699538291135,1699538296901
10751000,10752000,63,1699538292620,1699538296901
10744000,10745000,100,1699538217168,1699538296963
10744000,10745000,47,1699538274777,1699538296963
10744000,10745000,24,1699538279359,1699538296963
10744000,10745000,13,1699538292676,1699538296963
10752000,10753000,98,1699538062528,1699538301134
10752000,10753000,74,1699538288342,1699538301134
10752000,10753000,54,1699538296402,1699538301134
10752000,10753000,63,1699538296858,1699538301134
10745000,10746000,100,1699538220334,1699538301188
10745000,10746000,47,1699538279008,1699538301188
10745000,10746000,24,1699538284626,1699538301188
10745000,10746000,13,1699538296916,1699538301188
10753000,10754000,98,1699538063580,1699538305370
10753000,10754000,74,1699538292567,1699538305370
10753000,10754000,54,1699538299593,1699538305370
10753000,10754000,63,1699538301083,1699538305370
10746000,10747000,100,1699538222442,1699538306468
10746000,10747000,47,1699538283237,1699538306468
10746000,10747000,24,1699538288862,1699538306468
10746000,10747000,13,1699538301146,1699538306468
10754000,10755000,98,1699538065691,1699538309600
10754000,10755000,74,1699538296794,1699538309600
10754000,10755000,54,1699538303828,1699538309600
10754000,10755000,63,1699538305320,1699538309600
10747000,10748000,100,1699538226670,1699538310692
10747000,10748000,47,1699538287467,1699538310692
10747000,10748000,24,1699538293098,1699538310692
10747000,10748000,13,1699538306414,1699538310692
10755000,10756000,98,1699538069919,1699538313837
10755000,10756000,74,1699538301016,1699538313837
10755000,10756000,54,1699538308063,1699538313837
10755000,10756000,63,1699538309554,1699538313837
10748000,10749000,100,1699538230892,1699538314920
10748000,10749000,47,1699538291700,1699538314920
10748000,10749000,24,1699538297332,1699538314920
10748000,10749000,13,1699538310646,1699538314920
10756000,10757000,98,1699538073100,1699538318073
10756000,10757000,74,1699538305240,1699538318073
10756000,10757000,54,1699538313330,1699538318073
10756000,10757000,63,1699538313791,1699538318073
10749000,10750000,100,1699538234089,1699538320205
10749000,10750000,47,1699538296967,1699538320205
10749000,10750000,24,1699538302605,1699538320205
10749000,10750000,13,1699538314880,1699538320205
10757000,10758000,98,1699538076269,1699538322308
10757000,10758000,74,1699538309468,1699538322308
10757000,10758000,54,1699538316520,1699538322308
10757000,10758000,63,1699538318028,1699538322308
10750000,10751000,100,1699538238318,1699538324427
10750000,10751000,47,1699538301199,1699538324427
10750000,10751000,24,1699538306844,1699538324427
10750000,10751000,13,1699538320154,1699538324427
10758000,10759000,98,1699538080496,1699538326541
10758000,10759000,74,1699538313693,1699538326541
10758000,10759000,54,1699538320754,1699538326541
10758000,10759000,63,1699538322265,1699538326541
10751000,10752000,100,1699538242531,1699538329712
10751000,10752000,47,1699538305429,1699538329712
10751000,10752000,24,1699538311076,1699538329712
10751000,10752000,13,1699538324383,1699538329712
10759000,10760000,98,1699538084725,1699538331831
10759000,10760000,74,1699538317918,1699538331831
10759000,10760000,54,1699538324989,1699538331831
10759000,10760000,63,1699538326499,1699538331831
10752000,10753000,100,1699538245724,1699538333940
10752000,10753000,47,1699538309657,1699538333940
10752000,10753000,24,1699538316348,1699538333940
10752000,10753000,13,1699538329652,1699538333940
10760000,10761000,98,1699538088953,1699538336067
10760000,10761000,74,1699538322142,1699538336067
10760000,10761000,54,1699538329223,1699538336067
10760000,10761000,63,1699538331771,1699538336067
10753000,10754000,100,1699538249953,1699538337108
10753000,10754000,47,1699538313890,1699538337108
10753000,10754000,24,1699538320585,1699538337108
10753000,10754000,13,1699538333892,1699538337108
10761000,10762000,98,1699538092113,1699538340296
10761000,10762000,74,1699538326367,1699538340296
10761000,10762000,54,1699538333457,1699538340296
10761000,10762000,63,1699538336007,1699538340296
10754000,10755000,100,1699538254180,1699538342387
10754000,10755000,47,1699538319152,1699538342387
10754000,10755000,24,1699538324821,1699538342387
10754000,10755000,13,1699538337067,1699538342387
10762000,10763000,98,1699538095297,1699538344533
10762000,10763000,74,1699538330591,1699538344533
10762000,10763000,54,1699538338728,1699538344533
10762000,10763000,63,1699538340238,1699538344533
10755000,10756000,100,1699538258407,1699538346615
10755000,10756000,47,1699538323384,1699538346615
10755000,10756000,24,1699538330090,1699538346615
10755000,10756000,13,1699538342335,1699538346615
10763000,10764000,98,1699538098474,1699538348769
10763000,10764000,74,1699538334816,1699538348769
10763000,10764000,54,1699538342966,1699538348769
10763000,10764000,63,1699538344480,1699538348769
10756000,10757000,100,1699538262638,1699538350844
10756000,10757000,47,1699538327616,1699538350844
10756000,10757000,24,1699538334331,1699538350844
10756000,10757000,13,1699538346571,1699538350844
10764000,10765000,98,1699538102693,1699538353003
10764000,10765000,74,1699538339040,1699538353003
10764000,10765000,54,1699538347196,1699538353003
10764000,10765000,63,1699538348718,1699538353003
10757000,10758000,100,1699538265809,1699538356124
10757000,10758000,47,1699538331843,1699538356124
10757000,10758000,24,1699538338565,1699538356124
10757000,10758000,13,1699538350805,1699538356124
10765000,10766000,98,1699538105869,1699538357241
10765000,10766000,74,1699538343267,1699538357241
10765000,10766000,54,1699538351431,1699538357241
10765000,10766000,63,1699538352955,1699538357241
10758000,10759000,100,1699538270037,1699538360352
10758000,10759000,47,1699538336073,1699538360352
10758000,10759000,24,1699538342783,1699538360352
10758000,10759000,13,1699538356075,1699538360352
10766000,10767000,98,1699538110092,1699538361473
10766000,10767000,74,1699538348527,1699538361473
10766000,10767000,54,1699538355665,1699538361473
10766000,10767000,63,1699538357192,1699538361473
10759000,10760000,100,1699538272159,1699538365637
10759000,10760000,47,1699538340304,1699538365637
10759000,10760000,24,1699538345969,1699538365637
10759000,10760000,13,1699538360309,1699538365637
10767000,10768000,98,1699538113265,1699538365709
10767000,10768000,74,1699538352752,1699538365709
10767000,10768000,54,1699538359898,1699538365709
10767000,10768000,63,1699538361427,1699538365709
10760000,10761000,100,1699538275330,1699538369862
10760000,10761000,47,1699538345571,1699538369862
10760000,10761000,24,1699538351236,1699538369862
10760000,10761000,13,1699538365578,1699538369862
10768000,10769000,98,1699538117488,1699538369945
10768000,10769000,74,1699538356979,1699538369945
10768000,10769000,54,1699538364131,1699538369945
10768000,10769000,63,1699538365663,1699538369945
10761000,10762000,100,1699538279562,1699538374088
10761000,10762000,47,1699538349806,1699538374088
10761000,10762000,24,1699538355475,1699538374088
10761000,10762000,13,1699538369813,1699538374088
10769000,10770000,98,1699538121712,1699538374177
10769000,10770000,74,1699538359110,1699538374177
10769000,10770000,54,1699538369399,1699538374177
10769000,10770000,63,1699538369900,1699538374177
10770000,10771000,98,1699538125937,1699538378407
10770000,10771000,74,1699538363335,1699538378407
10770000,10771000,54,1699538373633,1699538378407
10770000,10771000,63,1699538374134,1699538378407
10762000,10763000,100,1699538283790,1699538379371
10762000,10763000,47,1699538354039,1699538379371
10762000,10763000,24,1699538359711,1699538379371
10762000,10763000,13,1699538374047,1699538379371
10771000,10772000,98,1699538128064,1699538382641
10771000,10772000,74,1699538367562,1699538382641
10771000,10772000,54,1699538377867,1699538382641
10771000,10772000,63,1699538378350,1699538382641
10763000,10764000,100,1699538288017,1699538383595
10763000,10764000,47,1699538358267,1699538383595
10763000,10764000,24,1699538364983,1699538383595
10763000,10764000,13,1699538379318,1699538383595
10772000,10773000,98,1699538130190,1699538386876
10772000,10773000,74,1699538371788,1699538386876
10772000,10773000,54,1699538382100,1699538386876
10772000,10773000,63,1699538382586,1699538386876
10764000,10765000,100,1699538292244,1699538387822
10764000,10765000,47,1699538362495,1699538387822
10764000,10765000,24,1699538369218,1699538387822
10764000,10765000,13,1699538383548,1699538387822
10773000,10774000,98,1699538134413,1699538391110
10773000,10774000,74,1699538376015,1699538391110
10773000,10774000,54,1699538386331,1699538391110
10773000,10774000,63,1699538386824,1699538391110
10765000,10766000,100,1699538295439,1699538393107
10765000,10766000,47,1699538366724,1699538393107
10765000,10766000,24,1699538373452,1699538393107
10765000,10766000,13,1699538387784,1699538393107
