debs$start:INTEGER(64 bits),debs$end:INTEGER(64 bits),debs$sid:INTEGER(64 bits),debs$absolute_v:INTEGER(64 bits),timestamp
1700481401000,1700481402000,63,1790697,1700481402199
1700481401000,1700481402000,13,1956882,1700481402236
1700481401000,1700481402000,47,2609515,1700481402266
1700481401000,1700481402000,54,6078365,1700481402272
1700481401000,1700481402000,24,7024626,1700481402362
1700481401000,1700481402000,100,3377528,1700481402469
1700481402000,1700481403000,24,24633131,1700481403109
1700481402000,1700481403000,13,24391932,1700481403142
1700481402000,1700481403000,54,25868700,1700481403191
1700481402000,1700481403000,63,14816093,1700481403244
1700481402000,1700481403000,47,17617806,1700481403262
1700481402000,1700481403000,100,25782490,1700481403389
1700481403000,1700481404000,13,22760523,1700481404089
1700481403000,1700481404000,100,26717957,1700481404097
1700481403000,1700481404000,24,22894018,1700481404115
1700481403000,1700481404000,47,19412717,1700481404161
1700481403000,1700481404000,63,16241489,1700481404203
1700481403000,1700481404000,54,28752119,1700481404276
1700481404000,1700481405000,63,11800187,1700481405083
1700481404000,1700481405000,47,18288730,1700481405091
1700481404000,1700481405000,24,32366241,1700481405179
1700481404000,1700481405000,13,24253671,1700481405266
1700481404000,1700481405000,54,23714326,1700481405453
1700481404000,1700481405000,100,68390880,1700481405704
1700481405000,1700481406000,24,19993891,1700481406092
1700481405000,1700481406000,63,18722881,1700481406133
1700481405000,1700481406000,47,56753093,1700481406200
1700481405000,1700481406000,13,20777063,1700481406203
1700481405000,1700481406000,54,25249196,1700481406307
1700481405000,1700481406000,100,56095703,1700481406705
1700481406000,1700481407000,54,22260785,1700481407082
1700481406000,1700481407000,63,14726806,1700481407113
1700481406000,1700481407000,24,21904442,1700481407122
1700481406000,1700481407000,13,17282272,1700481407131
1700481406000,1700481407000,47,21990554,1700481407324
1700481406000,1700481407000,100,60318528,1700481407447
1700481407000,1700481408000,54,35477957,1700481408126
1700481407000,1700481408000,24,20250632,1700481408154
1700481407000,1700481408000,63,11597404,1700481408157
1700481407000,1700481408000,47,21732502,1700481408206
1700481407000,1700481408000,13,22519419,1700481408311
1700481407000,1700481408000,100,51613052,1700481408312
1700481408000,1700481409000,63,14913471,1700481409158
1700481408000,1700481409000,100,46490514,1700481409163
1700481408000,1700481409000,24,25674555,1700481409184
1700481408000,1700481409000,47,16933449,1700481409238
1700481408000,1700481409000,13,19462206,1700481409307
1700481408000,1700481409000,54,31759106,1700481409313
1700481409000,1700481410000,100,18287023,1700481410075
1700481409000,1700481410000,54,27975078,1700481410103
1700481409000,1700481410000,24,24533852,1700481410123
1700481409000,1700481410000,47,19126081,1700481410133
1700481409000,1700481410000,13,14854814,1700481410269
1700481409000,1700481410000,63,16690976,1700481410470
1700481410000,1700481411000,63,17030590,1700481411126
1700481410000,1700481411000,13,26799624,1700481411168
1700481410000,1700481411000,47,15708087,1700481411236
1700481410000,1700481411000,24,24597684,1700481411263
1700481410000,1700481411000,54,25084020,1700481411289
1700481410000,1700481411000,100,19050584,1700481411311
1700481411000,1700481412000,13,22046569,1700481412088
1700481411000,1700481412000,100,15547900,1700481412120
1700481411000,1700481412000,24,22731306,1700481412185
1700481411000,1700481412000,54,23043633,1700481412233
1700481411000,1700481412000,47,16409365,1700481412325
1700481411000,1700481412000,63,13222071,1700481412556
1700481412000,1700481413000,13,23041497,1700481413128
1700481412000,1700481413000,54,37844635,1700481413156
1700481412000,1700481413000,100,18123495,1700481413166
1700481412000,1700481413000,47,17146716,1700481413184
1700481412000,1700481413000,24,23755624,1700481413303
1700481412000,1700481413000,63,21917658,1700481413388
1700481413000,1700481414000,100,17921136,1700481414151
1700481413000,1700481414000,24,41008817,1700481414155
1700481413000,1700481414000,13,20506968,1700481414201
1700481413000,1700481414000,63,14610940,1700481414207
1700481413000,1700481414000,47,16121105,1700481414222
1700481413000,1700481414000,54,22990030,1700481414326
1700481414000,1700481415000,13,21985268,1700481415094
1700481414000,1700481415000,54,15695844,1700481415111
1700481414000,1700481415000,47,17274896,1700481415148
1700481414000,1700481415000,100,19719539,1700481415200
1700481414000,1700481415000,24,29275770,1700481415284
1700481414000,1700481415000,63,15605248,1700481415321
1700481415000,1700481416000,47,15983989,1700481416107
1700481415000,1700481416000,100,22843014,1700481416111
1700481415000,1700481416000,24,48552712,1700481416128
1700481415000,1700481416000,54,27284805,1700481416136
1700481415000,1700481416000,13,23289945,1700481416155
1700481415000,1700481416000,63,14366674,1700481416512
1700481416000,1700481417000,13,18356370,1700481417078
1700481416000,1700481417000,63,11834564,1700481417131
1700481416000,1700481417000,100,18568504,1700481417161
1700481416000,1700481417000,24,29442139,1700481417170
1700481416000,1700481417000,54,22322206,1700481417185
1700481416000,1700481417000,47,19389436,1700481417305
1700481417000,1700481418000,24,21018892,1700481418096
1700481417000,1700481418000,54,20657890,1700481418099
1700481417000,1700481418000,100,20425575,1700481418110
1700481417000,1700481418000,13,17774471,1700481418227
1700481417000,1700481418000,47,12022079,1700481418278
1700481417000,1700481418000,63,17344482,1700481418300
1700481418000,1700481419000,13,19066288,1700481419100
1700481418000,1700481419000,100,21681696,1700481419125
1700481418000,1700481419000,54,23055717,1700481419153
1700481418000,1700481419000,24,30717795,1700481419159
1700481418000,1700481419000,47,15028947,1700481419257
1700481418000,1700481419000,63,15296943,1700481419319
1700481419000,1700481420000,13,22681813,1700481420151
1700481419000,1700481420000,54,33086448,1700481420180
1700481419000,1700481420000,100,22395951,1700481420180
1700481419000,1700481420000,47,14767175,1700481420236
1700481419000,1700481420000,63,16439667,1700481420349
1700481419000,1700481420000,24,35136477,1700481420350
1700481420000,1700481421000,13,21518689,1700481421085
1700481420000,1700481421000,100,19585664,1700481421107
1700481420000,1700481421000,63,15236969,1700481421145
1700481420000,1700481421000,54,46765340,1700481421234
1700481420000,1700481421000,24,29400792,1700481421297
1700481420000,1700481421000,47,31097108,1700481421309
1700481421000,1700481422000,47,13486980,1700481422080
1700481421000,1700481422000,54,26314938,1700481422150
1700481421000,1700481422000,100,23562670,1700481422160
1700481421000,1700481422000,13,26682279,1700481422294
1700481421000,1700481422000,24,24562164,1700481422366
1700481421000,1700481422000,63,28184937,1700481422388
1700481422000,1700481423000,13,15854629,1700481423090
1700481422000,1700481423000,100,14798675,1700481423096
1700481422000,1700481423000,47,36007603,1700481423140
1700481422000,1700481423000,54,26263784,1700481423155
1700481422000,1700481423000,24,28803232,1700481423187
1700481422000,1700481423000,63,30943424,1700481423287
1700481423000,1700481424000,54,17454094,1700481424115
1700481423000,1700481424000,63,15926028,1700481424149
1700481423000,1700481424000,13,19305073,1700481424152
1700481423000,1700481424000,47,34206325,1700481424153
1700481423000,1700481424000,100,18495307,1700481424167
1700481423000,1700481424000,24,28023835,1700481424299
1700481424000,1700481425000,47,38164831,1700481425084
1700481424000,1700481425000,13,21605710,1700481425117
1700481424000,1700481425000,54,18723258,1700481425141
1700481424000,1700481425000,63,15418577,1700481425159
1700481424000,1700481425000,100,22249468,1700481425194
1700481424000,1700481425000,24,24102696,1700481425312
1700481425000,1700481426000,100,13237076,1700481426101
1700481425000,1700481426000,24,27729022,1700481426116
1700481425000,1700481426000,13,18922405,1700481426120
1700481425000,1700481426000,54,22611482,1700481426168
1700481425000,1700481426000,63,13438452,1700481426233
1700481425000,1700481426000,47,37489216,1700481426314
1700481426000,1700481427000,47,23320458,1700481427090
1700481426000,1700481427000,63,20600769,1700481427127
1700481426000,1700481427000,54,15199888,1700481427142
1700481426000,1700481427000,100,21910862,1700481427155
1700481426000,1700481427000,13,31691457,1700481427197
1700481426000,1700481427000,24,22623366,1700481427278
1700481427000,1700481428000,100,43876971,1700481428101
1700481427000,1700481428000,63,14226762,1700481428111
1700481427000,1700481428000,54,28601112,1700481428150
1700481427000,1700481428000,13,26327202,1700481428160
1700481427000,1700481428000,24,38749117,1700481428164
1700481427000,1700481428000,47,46011083,1700481428196
1700481428000,1700481429000,24,20515099,1700481429100
1700481428000,1700481429000,47,46573534,1700481429103
1700481428000,1700481429000,54,23635111,1700481429105
1700481428000,1700481429000,100,65952419,1700481429123
1700481428000,1700481429000,63,13610578,1700481429137
1700481428000,1700481429000,13,45600296,1700481429180
1700481429000,1700481430000,13,28644785,1700481430104
1700481429000,1700481430000,24,25466997,1700481430112
1700481429000,1700481430000,47,20796595,1700481430139
1700481429000,1700481430000,63,19118071,1700481430150
1700481429000,1700481430000,100,57120651,1700481430156
1700481429000,1700481430000,54,30268293,1700481430167
1700481430000,1700481431000,63,12878321,1700481431090
1700481430000,1700481431000,54,19495530,1700481431095
1700481430000,1700481431000,13,17164370,1700481431143
1700481430000,1700481431000,47,24018644,1700481431157
1700481430000,1700481431000,24,33150082,1700481431173
1700481430000,1700481431000,100,72433017,1700481431204
1700481431000,1700481432000,13,27402702,1700481432081
1700481431000,1700481432000,54,23729499,1700481432103
1700481431000,1700481432000,47,39935955,1700481432109
1700481431000,1700481432000,100,38736229,1700481432140
1700481431000,1700481432000,63,17743670,1700481432148
1700481431000,1700481432000,24,23052635,1700481432261
1700481432000,1700481433000,100,33974470,1700481433206
1700481432000,1700481433000,54,29247653,1700481433297
1700481432000,1700481433000,13,31392890,1700481433303
1700481432000,1700481433000,63,13491307,1700481433327
1700481432000,1700481433000,47,9496962,1700481433328
1700481432000,1700481433000,24,27921555,1700481433345
1700481433000,1700481434000,54,23891030,1700481434099
1700481433000,1700481434000,63,13862681,1700481434103
1700481433000,1700481434000,100,84378279,1700481434105
1700481433000,1700481434000,24,23891924,1700481434162
1700481433000,1700481434000,13,18361267,1700481434170
1700481433000,1700481434000,47,10770943,1700481434171
1700481434000,1700481435000,13,25371857,1700481435092
1700481434000,1700481435000,24,22576966,1700481435093
1700481434000,1700481435000,47,10651427,1700481435097
1700481434000,1700481435000,63,14172678,1700481435141
1700481434000,1700481435000,100,78101469,1700481435169
1700481434000,1700481435000,54,29078165,1700481435329
1700481435000,1700481436000,100,52371635,1700481436121
1700481435000,1700481436000,24,26556743,1700481436180
1700481435000,1700481436000,63,19815456,1700481436183
1700481435000,1700481436000,13,36079315,1700481436254
1700481435000,1700481436000,47,10937052,1700481436295
1700481435000,1700481436000,54,21443863,1700481436321
1700481436000,1700481437000,54,30326530,1700481437098
1700481436000,1700481437000,13,23356042,1700481437157
1700481436000,1700481437000,100,52108289,1700481437179
1700481436000,1700481437000,63,13355711,1700481437193
1700481436000,1700481437000,24,24220997,1700481437259
1700481436000,1700481437000,47,9568871,1700481437263
1700481437000,1700481438000,13,18723558,1700481438085
1700481437000,1700481438000,24,29326887,1700481438125
1700481437000,1700481438000,54,28630393,1700481438135
1700481437000,1700481438000,63,18944351,1700481438147
1700481437000,1700481438000,47,12470091,1700481438167
1700481437000,1700481438000,100,19318790,1700481438263
1700481438000,1700481439000,24,27531231,1700481439153
1700481438000,1700481439000,54,22174983,1700481439173
1700481438000,1700481439000,47,8180805,1700481439178
1700481438000,1700481439000,63,18637912,1700481439182
1700481438000,1700481439000,100,21516588,1700481439185
1700481438000,1700481439000,13,30358031,1700481439290
1700481439000,1700481440000,24,18757314,1700481440070
1700481439000,1700481440000,100,14884528,1700481440079
1700481439000,1700481440000,54,16433401,1700481440101
1700481439000,1700481440000,47,11696600,1700481440118
1700481439000,1700481440000,63,14066565,1700481440134
1700481439000,1700481440000,13,34173593,1700481440166
1700481440000,1700481441000,54,24965882,1700481441127
1700481440000,1700481441000,100,24083540,1700481441154
1700481440000,1700481441000,63,15871378,1700481441180
1700481440000,1700481441000,13,23103625,1700481441237
1700481440000,1700481441000,47,13107111,1700481441241
1700481440000,1700481441000,24,22993395,1700481441249
1700481441000,1700481442000,13,26490030,1700481442127
1700481441000,1700481442000,63,15416534,1700481442134
1700481441000,1700481442000,54,79076297,1700481442164
1700481441000,1700481442000,24,17750704,1700481442174
1700481441000,1700481442000,100,23160250,1700481442176
1700481441000,1700481442000,47,13344429,1700481442298
1700481442000,1700481443000,100,21396667,1700481443092
1700481442000,1700481443000,24,20130112,1700481443112
1700481442000,1700481443000,54,38302697,1700481443129
1700481442000,1700481443000,13,30559126,1700481443310
1700481442000,1700481443000,47,14958555,1700481443336
1700481442000,1700481443000,63,17397685,1700481443339
1700481443000,1700481444000,13,24087968,1700481444083
1700481443000,1700481444000,47,15165888,1700481444095
1700481443000,1700481444000,54,43525428,1700481444141
1700481443000,1700481444000,100,18172263,1700481444151
1700481443000,1700481444000,24,24525234,1700481444192
1700481443000,1700481444000,63,14119675,1700481444195
1700481444000,1700481445000,54,34774796,1700481445086
1700481444000,1700481445000,63,12088905,1700481445126
1700481444000,1700481445000,13,17376314,1700481445143
1700481444000,1700481445000,100,17345919,1700481445187
1700481444000,1700481445000,24,17459826,1700481445246
1700481444000,1700481445000,47,21003199,1700481445293
1700481445000,1700481446000,100,24399414,1700481446106
1700481445000,1700481446000,47,30528786,1700481446106
1700481445000,1700481446000,63,16158796,1700481446183
1700481445000,1700481446000,54,19214989,1700481446221
1700481445000,1700481446000,13,20249292,1700481446277
1700481445000,1700481446000,24,20238966,1700481446304
1700481446000,1700481447000,13,14107013,1700481447079
1700481446000,1700481447000,100,31117177,1700481447127
1700481446000,1700481447000,54,34499619,1700481447148
1700481446000,1700481447000,63,15333203,1700481447262
1700481446000,1700481447000,24,36815273,1700481447342
1700481446000,1700481447000,47,24900691,1700481447387
1700481447000,1700481448000,100,41343810,1700481448092
1700481447000,1700481448000,63,18673561,1700481448120
1700481447000,1700481448000,13,28783412,1700481448131
1700481447000,1700481448000,54,48242760,1700481448183
1700481447000,1700481448000,47,15246141,1700481448293
1700481447000,1700481448000,24,26535734,1700481448309
1700481448000,1700481449000,100,29501886,1700481449134
1700481448000,1700481449000,54,20850627,1700481449141
1700481448000,1700481449000,63,21833388,1700481449162
1700481448000,1700481449000,13,26774664,1700481449262
1700481448000,1700481449000,24,30837755,1700481449277
1700481448000,1700481449000,47,25126305,1700481449371
1700481449000,1700481450000,54,25922670,1700481450147
1700481449000,1700481450000,100,29381981,1700481450167
1700481449000,1700481450000,63,20030040,1700481450288
1700481449000,1700481450000,13,27633457,1700481450298
1700481449000,1700481450000,24,42860411,1700481450345
1700481449000,1700481450000,47,28875272,1700481450369
1700481450000,1700481451000,13,31947809,1700481451114
1700481450000,1700481451000,63,27164033,1700481451155
1700481450000,1700481451000,100,20588839,1700481451209
1700481450000,1700481451000,54,24970611,1700481451232
1700481450000,1700481451000,24,34836654,1700481451245
1700481450000,1700481451000,47,15080363,1700481451509
1700481451000,1700481452000,24,37072320,1700481452104
1700481451000,1700481452000,63,57598733,1700481452104
1700481451000,1700481452000,100,20570098,1700481452122
1700481451000,1700481452000,13,38038146,1700481452125
1700481451000,1700481452000,54,27261958,1700481452256
1700481451000,1700481452000,47,27851462,1700481452485
1700481452000,1700481453000,54,19258281,1700481453156
1700481452000,1700481453000,63,65574560,1700481453157
1700481452000,1700481453000,100,21475690,1700481453162
1700481452000,1700481453000,13,20690960,1700481453191
1700481452000,1700481453000,24,27968650,1700481453222
1700481452000,1700481453000,47,19414956,1700481453481
1700481453000,1700481454000,24,24879948,1700481454118
1700481453000,1700481454000,13,36041467,1700481454123
1700481453000,1700481454000,63,75627402,1700481454135
1700481453000,1700481454000,54,18266500,1700481454187
1700481453000,1700481454000,47,18473905,1700481454212
1700481453000,1700481454000,100,23438047,1700481454280
1700481454000,1700481455000,54,20751021,1700481455135
1700481454000,1700481455000,47,14377345,1700481455142
1700481454000,1700481455000,13,24187299,1700481455168
1700481454000,1700481455000,63,110235343,1700481455204
1700481454000,1700481455000,100,19051206,1700481455282
1700481454000,1700481455000,24,34480278,1700481455357
1700481455000,1700481456000,63,26937594,1700481456095
1700481455000,1700481456000,54,21935488,1700481456154
1700481455000,1700481456000,47,14784901,1700481456173
1700481455000,1700481456000,13,41887398,1700481456288
1700481455000,1700481456000,100,25643402,1700481456382
1700481455000,1700481456000,24,28900804,1700481456409
1700481456000,1700481457000,100,19059482,1700481457102
1700481456000,1700481457000,13,26728301,1700481457115
1700481456000,1700481457000,63,35065628,1700481457148
1700481456000,1700481457000,54,66620605,1700481457186
1700481456000,1700481457000,47,10506898,1700481457284
1700481456000,1700481457000,24,29465774,1700481457297
1700481457000,1700481458000,13,27050268,1700481458085
1700481457000,1700481458000,54,22634406,1700481458113
1700481457000,1700481458000,47,11223941,1700481458130
1700481457000,1700481458000,63,21495748,1700481458184
1700481457000,1700481458000,100,17754470,1700481458238
1700481457000,1700481458000,24,23524258,1700481458329
1700481458000,1700481459000,13,33722155,1700481459105
1700481458000,1700481459000,63,17070586,1700481459118
1700481458000,1700481459000,54,31592382,1700481459120
1700481458000,1700481459000,100,24084140,1700481459158
1700481458000,1700481459000,24,27668820,1700481459178
1700481458000,1700481459000,47,15888703,1700481459184
1700481459000,1700481460000,100,21269303,1700481460120
1700481459000,1700481460000,13,26345212,1700481460184
1700481459000,1700481460000,54,39548353,1700481460186
1700481459000,1700481460000,24,28023922,1700481460187
1700481459000,1700481460000,47,10442359,1700481460292
1700481459000,1700481460000,63,12918601,1700481460360
1700481460000,1700481461000,13,19185214,1700481461095
1700481460000,1700481461000,47,16735936,1700481461113
1700481460000,1700481461000,54,61949775,1700481461115
1700481460000,1700481461000,100,19706913,1700481461270
1700481460000,1700481461000,24,28751850,1700481461279
1700481460000,1700481461000,63,21417786,1700481461339
1700481461000,1700481462000,47,14293186,1700481462111
1700481461000,1700481462000,100,19474813,1700481462192
1700481461000,1700481462000,13,22869442,1700481462265
1700481461000,1700481462000,24,24687791,1700481462302
1700481461000,1700481462000,63,14446128,1700481462306
1700481461000,1700481462000,54,24938980,1700481462322
1700481462000,1700481463000,100,18755446,1700481463104
1700481462000,1700481463000,47,14831135,1700481463191
1700481462000,1700481463000,54,27196290,1700481463198
1700481462000,1700481463000,13,36038685,1700481463266
1700481462000,1700481463000,24,27668017,1700481463281
1700481462000,1700481463000,63,19447869,1700481463326
1700481463000,1700481464000,63,11229705,1700481464097
1700481463000,1700481464000,47,14434946,1700481464123
1700481463000,1700481464000,54,25054313,1700481464127
1700481463000,1700481464000,100,22466534,1700481464133
1700481463000,1700481464000,13,38123438,1700481464233
1700481463000,1700481464000,24,22326500,1700481464482
1700481464000,1700481465000,63,14513472,1700481465123
1700481464000,1700481465000,54,69760493,1700481465151
1700481464000,1700481465000,47,17208629,1700481465165
1700481464000,1700481465000,100,28440402,1700481465192
1700481464000,1700481465000,13,28331259,1700481465230
1700481464000,1700481465000,24,21768946,1700481465472
1700481465000,1700481466000,47,13083141,1700481466126
1700481465000,1700481466000,63,20311195,1700481466154
1700481465000,1700481466000,13,23811887,1700481466162
1700481465000,1700481466000,54,98949945,1700481466181
1700481465000,1700481466000,100,40474571,1700481466220
1700481465000,1700481466000,24,23504086,1700481466225
1700481466000,1700481467000,54,120415739,1700481467091
1700481466000,1700481467000,13,27572178,1700481467140
1700481466000,1700481467000,47,14208461,1700481467179
1700481466000,1700481467000,63,25900793,1700481467226
1700481466000,1700481467000,24,34190050,1700481467240
1700481466000,1700481467000,100,83481466,1700481467316
1700481467000,1700481468000,63,106318049,1700481468132
1700481467000,1700481468000,24,29812053,1700481468157
1700481467000,1700481468000,100,78090184,1700481468176
1700481467000,1700481468000,13,27249428,1700481468178
1700481467000,1700481468000,54,222010543,1700481468261
1700481467000,1700481468000,47,18671226,1700481468314
1700481468000,1700481469000,24,37465868,1700481469079
1700481468000,1700481469000,13,20574989,1700481469099
1700481468000,1700481469000,47,22316031,1700481469130
1700481468000,1700481469000,100,77806406,1700481469249
1700481468000,1700481469000,63,188853872,1700481469357
1700481468000,1700481469000,54,191877841,1700481469360
1700481469000,1700481470000,63,120363453,1700481470089
1700481469000,1700481470000,47,76756242,1700481470124
1700481469000,1700481470000,54,158200426,1700481470125
1700481469000,1700481470000,24,122427769,1700481470155
1700481469000,1700481470000,100,84074477,1700481470302
1700481469000,1700481470000,13,28662124,1700481470309
1700481470000,1700481471000,63,207068786,1700481471101
1700481470000,1700481471000,54,200404788,1700481471126
1700481470000,1700481471000,24,121194549,1700481471136
1700481470000,1700481471000,47,130868451,1700481471269
1700481470000,1700481471000,13,40280214,1700481471280
1700481470000,1700481471000,100,59950214,1700481471556
1700481471000,1700481472000,47,103077900,1700481472111
1700481471000,1700481472000,54,137654273,1700481472166
1700481471000,1700481472000,13,31140518,1700481472179
1700481471000,1700481472000,63,181252760,1700481472187
1700481471000,1700481472000,24,121239696,1700481472287
1700481471000,1700481472000,100,34228461,1700481472497
1700481472000,1700481473000,54,77154849,1700481473104
1700481472000,1700481473000,47,135102166,1700481473152
1700481472000,1700481473000,24,155507775,1700481473239
1700481472000,1700481473000,63,61823966,1700481473240
1700481472000,1700481473000,13,89993944,1700481473287
1700481472000,1700481473000,100,108824618,1700481473753
1700481473000,1700481474000,47,200455993,1700481474117
1700481473000,1700481474000,63,37681084,1700481474155
1700481473000,1700481474000,13,199054140,1700481474157
1700481473000,1700481474000,24,200035837,1700481474167
1700481473000,1700481474000,54,109452806,1700481474275
1700481473000,1700481474000,100,53108218,1700481474538
1700481474000,1700481475000,47,156661640,1700481475115
1700481474000,1700481475000,63,32658062,1700481475125
1700481474000,1700481475000,13,249718874,1700481475131
1700481474000,1700481475000,24,132432527,1700481475190
1700481474000,1700481475000,100,61288844,1700481475268
1700481474000,1700481475000,54,51582327,1700481475332
1700481475000,1700481476000,54,33363994,1700481476113
1700481475000,1700481476000,100,90117149,1700481476116
1700481475000,1700481476000,63,73118414,1700481476149
1700481475000,1700481476000,47,90456269,1700481476179
1700481475000,1700481476000,13,267359727,1700481476182
1700481475000,1700481476000,24,154376831,1700481476251
1700481476000,1700481477000,100,67547482,1700481477105
1700481476000,1700481477000,24,176940021,1700481477143
1700481476000,1700481477000,54,118222671,1700481477159
1700481476000,1700481477000,47,95272345,1700481477218
1700481476000,1700481477000,13,104324638,1700481477224
1700481476000,1700481477000,63,64384632,1700481477257
1700481477000,1700481478000,63,22373188,1700481478117
1700481477000,1700481478000,13,180194170,1700481478142
1700481477000,1700481478000,100,78442437,1700481478143
1700481477000,1700481478000,54,40437012,1700481478193
1700481477000,1700481478000,24,34415252,1700481478236
1700481477000,1700481478000,47,26145268,1700481478256
1700481478000,1700481479000,100,57554542,1700481479129
1700481478000,1700481479000,63,52148501,1700481479166
1700481478000,1700481479000,47,58932629,1700481479167
1700481478000,1700481479000,24,64768777,1700481479198
1700481478000,1700481479000,54,29826993,1700481479219
1700481478000,1700481479000,13,127601355,1700481479308
1700481479000,1700481480000,47,115450065,1700481480103
1700481479000,1700481480000,24,32549662,1700481480105
1700481479000,1700481480000,100,66186482,1700481480106
1700481479000,1700481480000,13,60528186,1700481480111
1700481479000,1700481480000,54,155815178,1700481480143
1700481479000,1700481480000,63,19602541,1700481480395
1700481480000,1700481481000,13,33421017,1700481481134
1700481480000,1700481481000,100,46755208,1700481481135
1700481480000,1700481481000,63,17516782,1700481481146
1700481480000,1700481481000,47,18770529,1700481481203
1700481480000,1700481481000,24,23976123,1700481481232
1700481480000,1700481481000,54,178030877,1700481481278
1700481481000,1700481482000,54,107938437,1700481482085
1700481481000,1700481482000,13,27827054,1700481482092
1700481481000,1700481482000,47,16505769,1700481482157
1700481481000,1700481482000,24,35089512,1700481482165
1700481481000,1700481482000,100,28258827,1700481482325
1700481481000,1700481482000,63,17921440,1700481482360
1700481482000,1700481483000,100,129956720,1700481483099
1700481482000,1700481483000,24,68800673,1700481483101
1700481482000,1700481483000,63,24881123,1700481483103
1700481482000,1700481483000,47,30649057,1700481483106
1700481482000,1700481483000,13,49470515,1700481483154
1700481482000,1700481483000,54,65814475,1700481483270
1700481483000,1700481484000,54,22834794,1700481484067
1700481483000,1700481484000,24,141990294,1700481484120
1700481483000,1700481484000,63,112048591,1700481484159
1700481483000,1700481484000,13,36901471,1700481484165
1700481483000,1700481484000,47,55020780,1700481484328
1700481483000,1700481484000,100,54113306,1700481484335
1700481484000,1700481485000,13,49458030,1700481485108
1700481484000,1700481485000,24,190638808,1700481485181
1700481484000,1700481485000,100,118072943,1700481485187
1700481484000,1700481485000,63,39714798,1700481485194
1700481484000,1700481485000,54,21397082,1700481485243
1700481484000,1700481485000,47,36823936,1700481485280
1700481485000,1700481486000,63,23505202,1700481486105
1700481485000,1700481486000,54,42634851,1700481486162
1700481485000,1700481486000,100,78109651,1700481486253
1700481485000,1700481486000,24,168858391,1700481486280
1700481485000,1700481486000,47,76562802,1700481486290
1700481485000,1700481486000,13,55528354,1700481486304
1700481486000,1700481487000,100,93631133,1700481487077
1700481486000,1700481487000,24,23256505,1700481487152
1700481486000,1700481487000,63,24222808,1700481487167
1700481486000,1700481487000,13,45570807,1700481487195
1700481486000,1700481487000,54,146469019,1700481487275
1700481486000,1700481487000,47,49423674,1700481487328
1700481487000,1700481488000,63,24725280,1700481488102
1700481487000,1700481488000,54,95598839,1700481488140
1700481487000,1700481488000,100,66155578,1700481488146
1700481487000,1700481488000,24,19376115,1700481488152
1700481487000,1700481488000,47,37658447,1700481488294
1700481487000,1700481488000,13,23879529,1700481488314
1700481488000,1700481489000,100,39646215,1700481489112
1700481488000,1700481489000,24,58677289,1700481489120
1700481488000,1700481489000,63,37796880,1700481489166
1700481488000,1700481489000,47,74646989,1700481489227
1700481488000,1700481489000,13,28195607,1700481489335
1700481488000,1700481489000,54,90930137,1700481489379
1700481489000,1700481490000,63,29358559,1700481490083
1700481489000,1700481490000,54,73775304,1700481490129
1700481489000,1700481490000,24,55143864,1700481490151
1700481489000,1700481490000,47,59919085,1700481490252
1700481489000,1700481490000,100,50829600,1700481490277
1700481489000,1700481490000,13,21924314,1700481490319
1700481490000,1700481491000,13,21006823,1700481491096
1700481490000,1700481491000,63,25467229,1700481491125
1700481490000,1700481491000,54,78578376,1700481491135
1700481490000,1700481491000,24,174779636,1700481491192
1700481490000,1700481491000,47,80010019,1700481491305
1700481490000,1700481491000,100,31958566,1700481491332
1700481491000,1700481492000,13,25547307,1700481492185
1700481491000,1700481492000,63,18711334,1700481492220
1700481491000,1700481492000,100,22431633,1700481492245
1700481491000,1700481492000,24,91367043,1700481492254
1700481491000,1700481492000,47,34280761,1700481492316
1700481491000,1700481492000,54,123304872,1700481492324
1700481492000,1700481493000,47,44985310,1700481493098
1700481492000,1700481493000,100,59738049,1700481493101
1700481492000,1700481493000,63,19952783,1700481493124
1700481492000,1700481493000,13,22822953,1700481493124
1700481492000,1700481493000,54,38502542,1700481493126
1700481492000,1700481493000,24,76394585,1700481493281
1700481493000,1700481494000,100,145648775,1700481494149
1700481493000,1700481494000,63,16046365,1700481494164
1700481493000,1700481494000,47,95787482,1700481494188
1700481493000,1700481494000,54,57590979,1700481494261
1700481493000,1700481494000,13,40070791,1700481494315
1700481493000,1700481494000,24,70896834,1700481494324
1700481494000,1700481495000,24,69907729,1700481495097
1700481494000,1700481495000,100,34954012,1700481495108
1700481494000,1700481495000,63,18387989,1700481495154
1700481494000,1700481495000,47,23766675,1700481495163
1700481494000,1700481495000,54,38549303,1700481495178
1700481494000,1700481495000,13,35000671,1700481495274
1700481495000,1700481496000,13,34770813,1700481496104
1700481495000,1700481496000,100,57092437,1700481496121
1700481495000,1700481496000,47,58178436,1700481496128
1700481495000,1700481496000,63,16776964,1700481496255
1700481495000,1700481496000,54,28414990,1700481496266
1700481495000,1700481496000,24,38648734,1700481496318
1700481496000,1700481497000,63,14216553,1700481497127
1700481496000,1700481497000,47,19108312,1700481497162
1700481496000,1700481497000,100,119003437,1700481497174
1700481496000,1700481497000,54,46451989,1700481497238
1700481496000,1700481497000,24,147334315,1700481497331
1700481496000,1700481497000,13,25794444,1700481497335
1700481497000,1700481498000,47,18992530,1700481498062
1700481497000,1700481498000,24,41142846,1700481498119
1700481497000,1700481498000,54,65982183,1700481498171
1700481497000,1700481498000,63,14902309,1700481498173
1700481497000,1700481498000,13,28097566,1700481498179
1700481497000,1700481498000,100,254705032,1700481498354
1700481498000,1700481499000,54,70571741,1700481499113
1700481498000,1700481499000,100,305177594,1700481499129
1700481498000,1700481499000,47,57447955,1700481499131
1700481498000,1700481499000,13,24054248,1700481499181
1700481498000,1700481499000,24,181850482,1700481499245
1700481498000,1700481499000,63,48359870,1700481499246
1700481499000,1700481500000,63,28949313,1700481500121
1700481499000,1700481500000,24,45886580,1700481500122
1700481499000,1700481500000,54,28110882,1700481500124
1700481499000,1700481500000,47,20160255,1700481500162
1700481499000,1700481500000,100,540739011,1700481500175
1700481499000,1700481500000,13,32457465,1700481500272
1700481500000,1700481501000,100,714111159,1700481501110
1700481500000,1700481501000,47,20295950,1700481501126
1700481500000,1700481501000,24,81000503,1700481501164
1700481500000,1700481501000,63,156977795,1700481501186
1700481500000,1700481501000,13,107486278,1700481501303
1700481500000,1700481501000,54,24398277,1700481501321
1700481501000,1700481502000,100,783228765,1700481502134
1700481501000,1700481502000,54,20933142,1700481502140
1700481501000,1700481502000,24,25272781,1700481502146
1700481501000,1700481502000,13,29582893,1700481502154
1700481501000,1700481502000,47,28051948,1700481502156
1700481501000,1700481502000,63,77222195,1700481502239
1700481502000,1700481503000,13,27637588,1700481503099
1700481502000,1700481503000,63,159205993,1700481503138
1700481502000,1700481503000,100,848148255,1700481503208
1700481502000,1700481503000,47,18771537,1700481503223
1700481502000,1700481503000,24,47242384,1700481503266
1700481502000,1700481503000,54,21999595,1700481503306
1700481503000,1700481504000,100,764326502,1700481504114
1700481503000,1700481504000,54,32886196,1700481504128
1700481503000,1700481504000,24,27805203,1700481504144
1700481503000,1700481504000,63,94131271,1700481504149
1700481503000,1700481504000,13,25345029,1700481504240
1700481503000,1700481504000,47,18795179,1700481504294
1700481504000,1700481505000,63,84378337,1700481505113
1700481504000,1700481505000,47,21582489,1700481505121
1700481504000,1700481505000,13,28117120,1700481505159
1700481504000,1700481505000,54,97911530,1700481505172
1700481504000,1700481505000,24,27813007,1700481505196
1700481504000,1700481505000,100,795615187,1700481505302
1700481505000,1700481506000,24,24047024,1700481506102
1700481505000,1700481506000,54,265152087,1700481506114
1700481505000,1700481506000,63,22520725,1700481506144
1700481505000,1700481506000,47,25019294,1700481506147
1700481505000,1700481506000,13,32987130,1700481506324
1700481505000,1700481506000,100,948109478,1700481506340
1700481506000,1700481507000,100,346084304,1700481507107
1700481506000,1700481507000,13,44917215,1700481507127
1700481506000,1700481507000,24,26439549,1700481507135
1700481506000,1700481507000,54,400710646,1700481507150
1700481506000,1700481507000,63,24355872,1700481507167
1700481506000,1700481507000,47,21203460,1700481507297
1700481507000,1700481508000,47,29355090,1700481508096
1700481507000,1700481508000,63,155502846,1700481508109
1700481507000,1700481508000,100,265408114,1700481508129
1700481507000,1700481508000,54,458797273,1700481508143
1700481507000,1700481508000,24,51972945,1700481508163
1700481507000,1700481508000,13,31271533,1700481508163
1700481508000,1700481509000,24,56441796,1700481509096
1700481508000,1700481509000,63,138911439,1700481509148
1700481508000,1700481509000,54,457912336,1700481509178
1700481508000,1700481509000,13,36178244,1700481509196
1700481508000,1700481509000,47,97794766,1700481509312
1700481508000,1700481509000,100,275682178,1700481509389
1700481509000,1700481510000,100,278546674,1700481510123
1700481509000,1700481510000,24,71733359,1700481510157
1700481509000,1700481510000,63,204595005,1700481510201
1700481509000,1700481510000,54,265611193,1700481510225
1700481509000,1700481510000,13,23392548,1700481510247
1700481509000,1700481510000,47,136883365,1700481510412
1700481510000,1700481511000,63,222784864,1700481511115
1700481510000,1700481511000,100,232006188,1700481511154
1700481510000,1700481511000,24,148325630,1700481511182
1700481510000,1700481511000,54,245305500,1700481511288
1700481510000,1700481511000,13,50684094,1700481511311
1700481510000,1700481511000,47,193835982,1700481511469
1700481511000,1700481512000,100,199548498,1700481512079
1700481511000,1700481512000,24,127875647,1700481512145
1700481511000,1700481512000,54,133790244,1700481512299
1700481511000,1700481512000,63,274543642,1700481512300
1700481511000,1700481512000,13,160296073,1700481512319
1700481511000,1700481512000,47,233582314,1700481512728
1700481512000,1700481513000,13,196491638,1700481513102
1700481512000,1700481513000,100,158426897,1700481513126
1700481512000,1700481513000,54,131128752,1700481513171
1700481512000,1700481513000,63,193235036,1700481513174
1700481512000,1700481513000,24,94140790,1700481513317
1700481512000,1700481513000,47,255118799,1700481513824
1700481513000,1700481514000,54,143559876,1700481514129
1700481513000,1700481514000,24,78330991,1700481514132
1700481513000,1700481514000,100,149326431,1700481514147
1700481513000,1700481514000,63,193098053,1700481514147
1700481513000,1700481514000,13,236206249,1700481514158
1700481513000,1700481514000,47,271420443,1700481514477
1700481514000,1700481515000,100,95451817,1700481515081
1700481514000,1700481515000,24,157760693,1700481515164
1700481514000,1700481515000,13,232913062,1700481515270
1700481514000,1700481515000,63,142881722,1700481515275
1700481514000,1700481515000,54,146578574,1700481515315
1700481514000,1700481515000,47,283350601,1700481515362
1700481515000,1700481516000,24,105551303,1700481516074
1700481515000,1700481516000,54,91694317,1700481516090
1700481515000,1700481516000,63,91095247,1700481516090
1700481515000,1700481516000,13,317984749,1700481516128
1700481515000,1700481516000,100,163435173,1700481516280
1700481515000,1700481516000,47,198314978,1700481516403
1700481516000,1700481517000,63,139676605,1700481517154
1700481516000,1700481517000,54,84627650,1700481517180
1700481516000,1700481517000,13,321688409,1700481517196
1700481516000,1700481517000,24,134447170,1700481517295
1700481516000,1700481517000,100,156061842,1700481517352
1700481516000,1700481517000,47,112636617,1700481517477
1700481517000,1700481518000,24,128141414,1700481518139
1700481517000,1700481518000,54,141324510,1700481518155
1700481517000,1700481518000,13,297289690,1700481518320
1700481517000,1700481518000,63,93708254,1700481518320
1700481517000,1700481518000,47,180643744,1700481518323
1700481517000,1700481518000,100,239948411,1700481518335
1700481518000,1700481519000,24,37599053,1700481519099
1700481518000,1700481519000,54,67497773,1700481519174
1700481518000,1700481519000,63,85477127,1700481519252
1700481518000,1700481519000,100,166662424,1700481519279
1700481518000,1700481519000,47,212484306,1700481519368
1700481518000,1700481519000,13,279485892,1700481519523
1700481519000,1700481520000,47,111697345,1700481520110
1700481519000,1700481520000,63,37484643,1700481520152
1700481519000,1700481520000,100,255232365,1700481520153
1700481519000,1700481520000,24,121867069,1700481520244
1700481519000,1700481520000,54,91731448,1700481520277
1700481519000,1700481520000,13,257397390,1700481520384
1700481520000,1700481521000,63,88364936,1700481521105
1700481520000,1700481521000,47,83077159,1700481521119
1700481520000,1700481521000,54,71697334,1700481521142
1700481520000,1700481521000,24,75971416,1700481521170
1700481520000,1700481521000,100,272108667,1700481521202
1700481520000,1700481521000,13,281041930,1700481521243
1700481521000,1700481522000,54,120747353,1700481522093
1700481521000,1700481522000,24,24432268,1700481522102
1700481521000,1700481522000,100,262503233,1700481522139
1700481521000,1700481522000,63,95361718,1700481522170
1700481521000,1700481522000,47,130687563,1700481522305
1700481521000,1700481522000,13,398714178,1700481522430
1700481522000,1700481523000,47,23057280,1700481523084
1700481522000,1700481523000,100,211812626,1700481523147
1700481522000,1700481523000,63,78743921,1700481523291
1700481522000,1700481523000,24,74006897,1700481523317
1700481522000,1700481523000,54,52390845,1700481523327
1700481522000,1700481523000,13,338337474,1700481523328
1700481523000,1700481524000,47,16708072,1700481524147
1700481523000,1700481524000,54,73159716,1700481524160
1700481523000,1700481524000,24,44466666,1700481524177
1700481523000,1700481524000,13,145877724,1700481524266
1700481523000,1700481524000,100,198756620,1700481524453
1700481523000,1700481524000,63,90692233,1700481524495
1700481524000,1700481525000,54,136533160,1700481525089
1700481524000,1700481525000,47,16656470,1700481525167
1700481524000,1700481525000,63,92026936,1700481525174
1700481524000,1700481525000,24,112130319,1700481525230
1700481524000,1700481525000,13,48484846,1700481525242
1700481524000,1700481525000,100,203822776,1700481525526
1700481525000,1700481526000,13,21015037,1700481526086
1700481525000,1700481526000,47,29624281,1700481526146
1700481525000,1700481526000,24,73006661,1700481526147
1700481525000,1700481526000,54,112845439,1700481526164
1700481525000,1700481526000,63,148564006,1700481526334
1700481525000,1700481526000,100,267172682,1700481526601
1700481526000,1700481527000,13,127600299,1700481527159
1700481526000,1700481527000,54,113215949,1700481527168
1700481526000,1700481527000,24,33448027,1700481527171
1700481526000,1700481527000,63,87985309,1700481527295
1700481526000,1700481527000,47,100830520,1700481527328
1700481526000,1700481527000,100,235722136,1700481527511
1700481527000,1700481528000,13,131855722,1700481528098
1700481527000,1700481528000,24,66591879,1700481528106
1700481527000,1700481528000,63,319437750,1700481528160
1700481527000,1700481528000,54,378995794,1700481528205
1700481527000,1700481528000,47,174267012,1700481528277
1700481527000,1700481528000,100,136297459,1700481528661
1700481528000,1700481529000,54,584539235,1700481529117
1700481528000,1700481529000,24,104394074,1700481529121
1700481528000,1700481529000,63,512488685,1700481529198
1700481528000,1700481529000,47,115327635,1700481529290
1700481528000,1700481529000,13,217051509,1700481529305
1700481528000,1700481529000,100,264201352,1700481529502
1700481529000,1700481530000,47,145959220,1700481530048
1700481529000,1700481530000,63,434397095,1700481530126
1700481529000,1700481530000,24,155872003,1700481530154
1700481529000,1700481530000,54,533529101,1700481530172
1700481529000,1700481530000,13,111496117,1700481530274
1700481529000,1700481530000,100,284773153,1700481530351
1700481530000,1700481531000,54,552376689,1700481531109
1700481530000,1700481531000,63,285470585,1700481531168
1700481530000,1700481531000,13,68467257,1700481531201
1700481530000,1700481531000,24,150434761,1700481531242
1700481530000,1700481531000,100,222201870,1700481531333
1700481530000,1700481531000,47,267846855,1700481531382
1700481531000,1700481532000,24,71830057,1700481532129
1700481531000,1700481532000,54,392184702,1700481532142
1700481531000,1700481532000,63,291619022,1700481532195
1700481531000,1700481532000,13,39672475,1700481532253
1700481531000,1700481532000,47,404142066,1700481532329
1700481531000,1700481532000,100,112656530,1700481532339
1700481532000,1700481533000,24,341958277,1700481533141
1700481532000,1700481533000,13,149224380,1700481533180
1700481532000,1700481533000,47,177279647,1700481533265
1700481532000,1700481533000,63,464820346,1700481533289
1700481532000,1700481533000,54,498918698,1700481533329
1700481532000,1700481533000,100,206386995,1700481533507
1700481533000,1700481534000,100,129674335,1700481534124
1700481533000,1700481534000,54,531306342,1700481534217
1700481533000,1700481534000,13,34456324,1700481534252
1700481533000,1700481534000,24,438182990,1700481534299
1700481533000,1700481534000,47,266619654,1700481534316
1700481533000,1700481534000,63,388765912,1700481534479
1700481534000,1700481535000,24,401298960,1700481535105
1700481534000,1700481535000,13,87666573,1700481535147
1700481534000,1700481535000,47,410676598,1700481535176
1700481534000,1700481535000,100,165339560,1700481535246
1700481534000,1700481535000,54,520512875,1700481535306
1700481534000,1700481535000,63,361322258,1700481535308
1700481535000,1700481536000,63,255649727,1700481536110
1700481535000,1700481536000,47,395557071,1700481536117
1700481535000,1700481536000,24,574009905,1700481536148
1700481535000,1700481536000,13,64864003,1700481536160
1700481535000,1700481536000,54,690127513,1700481536226
1700481535000,1700481536000,100,182326428,1700481536296
1700481536000,1700481537000,47,425717073,1700481537120
1700481536000,1700481537000,63,178425379,1700481537160
1700481536000,1700481537000,100,117809630,1700481537160
1700481536000,1700481537000,13,62668186,1700481537226
1700481536000,1700481537000,24,505329998,1700481537302
1700481536000,1700481537000,54,288857054,1700481537409
1700481537000,1700481538000,54,581509381,1700481538103
1700481537000,1700481538000,100,160764969,1700481538112
1700481537000,1700481538000,13,262701640,1700481538136
1700481537000,1700481538000,63,143768860,1700481538192
1700481537000,1700481538000,24,519100207,1700481538256
1700481537000,1700481538000,47,597028225,1700481538263
1700481538000,1700481539000,13,148612221,1700481539068
1700481538000,1700481539000,54,770826184,1700481539150
1700481538000,1700481539000,47,576540511,1700481539210
1700481538000,1700481539000,63,272743124,1700481539264
1700481538000,1700481539000,100,234723322,1700481539278
1700481538000,1700481539000,24,469692104,1700481539313
1700481539000,1700481540000,13,64187908,1700481540148
1700481539000,1700481540000,47,866845448,1700481540156
1700481539000,1700481540000,24,514673307,1700481540170
1700481539000,1700481540000,63,279322238,1700481540308
1700481539000,1700481540000,100,291614694,1700481540314
1700481539000,1700481540000,54,857067851,1700481540317
1700481540000,1700481541000,24,503679134,1700481541095
1700481540000,1700481541000,47,467833355,1700481541192
1700481540000,1700481541000,13,84793820,1700481541229
1700481540000,1700481541000,100,246821211,1700481541238
1700481540000,1700481541000,54,359049905,1700481541330
1700481540000,1700481541000,63,172717118,1700481541333
1700481541000,1700481542000,63,181591844,1700481542107
1700481541000,1700481542000,13,202276271,1700481542110
1700481541000,1700481542000,100,202477418,1700481542148
1700481541000,1700481542000,24,418378809,1700481542151
1700481541000,1700481542000,54,235359405,1700481542256
1700481541000,1700481542000,47,299975526,1700481542285
1700481542000,1700481543000,13,241296310,1700481543108
1700481542000,1700481543000,47,485898880,1700481543151
1700481542000,1700481543000,24,457781935,1700481543174
1700481542000,1700481543000,54,497692815,1700481543180
1700481542000,1700481543000,63,228534370,1700481543283
1700481542000,1700481543000,100,100002325,1700481543308
1700481543000,1700481544000,13,83217718,1700481544110
1700481543000,1700481544000,24,664784572,1700481544124
1700481543000,1700481544000,47,647311921,1700481544226
1700481543000,1700481544000,54,556674153,1700481544262
1700481543000,1700481544000,100,249618705,1700481544269
1700481543000,1700481544000,63,728815017,1700481544356
1700481544000,1700481545000,47,701614413,1700481545100
1700481544000,1700481545000,63,544213110,1700481545109
1700481544000,1700481545000,100,312752849,1700481545133
1700481544000,1700481545000,54,880731276,1700481545157
1700481544000,1700481545000,24,728154680,1700481545176
1700481544000,1700481545000,13,223977446,1700481545181
1700481545000,1700481546000,24,1035892047,1700481546084
1700481545000,1700481546000,100,618129645,1700481546139
1700481545000,1700481546000,47,408537246,1700481546160
1700481545000,1700481546000,63,674568806,1700481546244
1700481545000,1700481546000,13,47766448,1700481546263
1700481545000,1700481546000,54,592142940,1700481546418
1700481546000,1700481547000,54,453425563,1700481547088
1700481546000,1700481547000,100,412548837,1700481547096
1700481546000,1700481547000,24,471886519,1700481547140
1700481546000,1700481547000,63,368447491,1700481547247
1700481546000,1700481547000,13,111604690,1700481547259
1700481546000,1700481547000,47,624528446,1700481547399
1700481547000,1700481548000,100,306285614,1700481548081
1700481547000,1700481548000,24,335479031,1700481548171
1700481547000,1700481548000,63,420951357,1700481548241
1700481547000,1700481548000,13,259457291,1700481548264
1700481547000,1700481548000,47,701400170,1700481548288
1700481547000,1700481548000,54,655213050,1700481548487
1700481548000,1700481549000,13,256590002,1700481549099
1700481548000,1700481549000,100,168482500,1700481549176
1700481548000,1700481549000,24,864502292,1700481549192
1700481548000,1700481549000,47,647822167,1700481549302
1700481548000,1700481549000,63,597143926,1700481549341
1700481548000,1700481549000,54,396247729,1700481549391
1700481549000,1700481550000,47,788606457,1700481550106
1700481549000,1700481550000,13,187070264,1700481550145
1700481549000,1700481550000,100,127366558,1700481550236
1700481549000,1700481550000,24,706482222,1700481550274
1700481549000,1700481550000,54,324244174,1700481550330
1700481549000,1700481550000,63,508184830,1700481550399
1700481550000,1700481551000,63,465944750,1700481551106
1700481550000,1700481551000,100,166220925,1700481551149
1700481550000,1700481551000,24,822335583,1700481551176
1700481550000,1700481551000,13,192928190,1700481551312
1700481550000,1700481551000,47,478830167,1700481551340
1700481550000,1700481551000,54,521288525,1700481551509
1700481551000,1700481552000,13,180733116,1700481552103
1700481551000,1700481552000,100,95427160,1700481552129
1700481551000,1700481552000,24,571256184,1700481552131
1700481551000,1700481552000,63,457860692,1700481552169
1700481551000,1700481552000,47,526183930,1700481552317
1700481551000,1700481552000,54,470200364,1700481552357
1700481552000,1700481553000,24,428769878,1700481553151
1700481552000,1700481553000,100,104337303,1700481553155
1700481552000,1700481553000,54,808002162,1700481553299
1700481552000,1700481553000,13,299899935,1700481553300
1700481552000,1700481553000,63,592195481,1700481553307
1700481552000,1700481553000,47,437970806,1700481553316
1700481553000,1700481554000,100,77963331,1700481554065
1700481553000,1700481554000,24,571491225,1700481554116
1700481553000,1700481554000,63,446129091,1700481554131
1700481553000,1700481554000,13,171662726,1700481554178
1700481553000,1700481554000,54,1204366779,1700481554287
1700481553000,1700481554000,47,487250479,1700481554527
1700481554000,1700481555000,13,216118674,1700481555099
1700481554000,1700481555000,63,691747744,1700481555141
1700481554000,1700481555000,54,1008318867,1700481555170
1700481554000,1700481555000,100,129018796,1700481555224
1700481554000,1700481555000,24,140089435,1700481555301
1700481554000,1700481555000,47,580567251,1700481555783
1700481555000,1700481556000,13,255287709,1700481556100
1700481555000,1700481556000,54,561065782,1700481556115
1700481555000,1700481556000,24,372358567,1700481556189
1700481555000,1700481556000,100,227882297,1700481556312
1700481555000,1700481556000,63,620799763,1700481556327
1700481555000,1700481556000,47,484732933,1700481556505
1700481556000,1700481557000,24,673596586,1700481557086
1700481556000,1700481557000,63,420632170,1700481557115
1700481556000,1700481557000,54,679190963,1700481557145
1700481556000,1700481557000,100,244457139,1700481557216
1700481556000,1700481557000,13,168952899,1700481557308
1700481556000,1700481557000,47,474571463,1700481557527
1700481557000,1700481558000,24,591436222,1700481558108
1700481557000,1700481558000,100,222618397,1700481558115
1700481557000,1700481558000,54,897763737,1700481558139
1700481557000,1700481558000,13,249566075,1700481558241
1700481557000,1700481558000,63,949675476,1700481558295
1700481557000,1700481558000,47,701836012,1700481558362
1700481558000,1700481559000,100,183923988,1700481559129
1700481558000,1700481559000,54,560048645,1700481559132
1700481558000,1700481559000,63,1057498011,1700481559172
1700481558000,1700481559000,24,640241262,1700481559175
1700481558000,1700481559000,47,807473255,1700481559253
1700481558000,1700481559000,13,333613688,1700481559322
1700481559000,1700481560000,100,193700557,1700481560092
1700481559000,1700481560000,24,816061762,1700481560117
1700481559000,1700481560000,47,625204584,1700481560117
1700481559000,1700481560000,54,857348976,1700481560140
1700481559000,1700481560000,13,332390682,1700481560173
1700481559000,1700481560000,63,945733080,1700481560287
1700481560000,1700481561000,13,310746038,1700481561083
1700481560000,1700481561000,24,971204500,1700481561129
1700481560000,1700481561000,63,1166988504,1700481561153
1700481560000,1700481561000,47,250564945,1700481561180
1700481560000,1700481561000,54,711992870,1700481561191
1700481560000,1700481561000,100,323210097,1700481561334
1700481561000,1700481562000,47,536161406,1700481562088
1700481561000,1700481562000,54,658329422,1700481562138
1700481561000,1700481562000,13,335714851,1700481562149
1700481561000,1700481562000,100,268024956,1700481562243
1700481561000,1700481562000,24,1025088971,1700481562382
1700481561000,1700481562000,63,1245649682,1700481562497
1700481562000,1700481563000,13,464284218,1700481563112
1700481562000,1700481563000,100,231368665,1700481563125
1700481562000,1700481563000,63,745198600,1700481563126
1700481562000,1700481563000,54,713341816,1700481563142
1700481562000,1700481563000,47,577318856,1700481563200
1700481562000,1700481563000,24,866541582,1700481563212
1700481563000,1700481564000,100,226688375,1700481564089
1700481563000,1700481564000,24,543941352,1700481564106
1700481563000,1700481564000,63,737365784,1700481564153
1700481563000,1700481564000,13,554680296,1700481564255
1700481563000,1700481564000,47,607645616,1700481564264
1700481563000,1700481564000,54,467369362,1700481564313
1700481564000,1700481565000,54,423106362,1700481565123
1700481564000,1700481565000,47,558820198,1700481565126
1700481564000,1700481565000,100,196239424,1700481565135
1700481564000,1700481565000,13,390672377,1700481565171
1700481564000,1700481565000,24,593725234,1700481565182
1700481564000,1700481565000,63,512403843,1700481565208
1700481565000,1700481566000,54,376234297,1700481566138
1700481565000,1700481566000,100,173715309,1700481566156
1700481565000,1700481566000,13,63631521,1700481566233
1700481565000,1700481566000,24,809926637,1700481566240
1700481565000,1700481566000,47,530188152,1700481566342
1700481565000,1700481566000,63,259572368,1700481566352
1700481566000,1700481567000,54,257436957,1700481567127
1700481566000,1700481567000,47,657385857,1700481567130
1700481566000,1700481567000,100,174459513,1700481567256
1700481566000,1700481567000,13,98281992,1700481567295
1700481566000,1700481567000,63,277717557,1700481567335
1700481566000,1700481567000,24,618797456,1700481567373
1700481567000,1700481568000,13,71389161,1700481568178
1700481567000,1700481568000,54,352717419,1700481568184
1700481567000,1700481568000,63,202428801,1700481568213
1700481567000,1700481568000,47,615915049,1700481568270
1700481567000,1700481568000,100,231718845,1700481568271
1700481567000,1700481568000,24,521923320,1700481568286
1700481568000,1700481569000,13,357051307,1700481569101
1700481568000,1700481569000,54,296746710,1700481569140
1700481568000,1700481569000,100,248272243,1700481569148
1700481568000,1700481569000,47,581522389,1700481569168
1700481568000,1700481569000,63,101345931,1700481569236
1700481568000,1700481569000,24,471334997,1700481569336
1700481569000,1700481570000,54,280121830,1700481570137
1700481569000,1700481570000,13,363588019,1700481570138
1700481569000,1700481570000,47,380985159,1700481570153
1700481569000,1700481570000,63,61909317,1700481570191
1700481569000,1700481570000,100,189242456,1700481570198
1700481569000,1700481570000,24,327576384,1700481570295
1700481570000,1700481571000,24,354564071,1700481571103
1700481570000,1700481571000,100,196089236,1700481571106
1700481570000,1700481571000,54,245627442,1700481571161
1700481570000,1700481571000,13,338400790,1700481571169
1700481570000,1700481571000,47,297287748,1700481571315
1700481570000,1700481571000,63,76092114,1700481571324
1700481571000,1700481572000,100,148729920,1700481572094
1700481571000,1700481572000,13,145387133,1700481572097
1700481571000,1700481572000,54,174730129,1700481572247
1700481571000,1700481572000,47,311710365,1700481572268
1700481571000,1700481572000,63,353419265,1700481572283
1700481571000,1700481572000,24,286924269,1700481572393
1700481572000,1700481573000,24,187624080,1700481573085
1700481572000,1700481573000,100,153494289,1700481573126
1700481572000,1700481573000,13,268166867,1700481573138
1700481572000,1700481573000,54,59849973,1700481573143
1700481572000,1700481573000,47,393816275,1700481573158
1700481572000,1700481573000,63,532836065,1700481573338
1700481573000,1700481574000,100,120260074,1700481574083
1700481573000,1700481574000,13,322201153,1700481574097
1700481573000,1700481574000,24,275455982,1700481574144
1700481573000,1700481574000,54,47805981,1700481574184
1700481573000,1700481574000,47,287987613,1700481574239
1700481573000,1700481574000,63,537556638,1700481574242
1700481574000,1700481575000,24,313531890,1700481575105
1700481574000,1700481575000,54,123602204,1700481575107
1700481574000,1700481575000,47,302013179,1700481575119
1700481574000,1700481575000,63,533202992,1700481575144
1700481574000,1700481575000,100,175697140,1700481575174
1700481574000,1700481575000,13,221884429,1700481575270
1700481575000,1700481576000,13,304033162,1700481576085
1700481575000,1700481576000,100,110681684,1700481576114
1700481575000,1700481576000,24,340804375,1700481576163
1700481575000,1700481576000,54,305213414,1700481576260
1700481575000,1700481576000,63,449361916,1700481576483
1700481575000,1700481576000,47,350190063,1700481576549
1700481576000,1700481577000,24,346321785,1700481577109
1700481576000,1700481577000,100,169442205,1700481577138
1700481576000,1700481577000,13,122766462,1700481577145
1700481576000,1700481577000,63,302950035,1700481577194
1700481576000,1700481577000,54,275420370,1700481577194
1700481576000,1700481577000,47,424863043,1700481577292
1700481577000,1700481578000,54,130934543,1700481578083
1700481577000,1700481578000,24,298037458,1700481578107
1700481577000,1700481578000,47,484638577,1700481578140
1700481577000,1700481578000,63,663379234,1700481578143
1700481577000,1700481578000,100,323920643,1700481578175
1700481577000,1700481578000,13,243872950,1700481578195
1700481578000,1700481579000,54,173830216,1700481579093
1700481578000,1700481579000,13,297899112,1700481579118
1700481578000,1700481579000,100,234643008,1700481579122
1700481578000,1700481579000,24,261199756,1700481579191
1700481578000,1700481579000,47,367982132,1700481579249
1700481578000,1700481579000,63,879918879,1700481579300
1700481579000,1700481580000,24,275569808,1700481580108
1700481579000,1700481580000,63,799748975,1700481580119
1700481579000,1700481580000,47,359202648,1700481580127
1700481579000,1700481580000,100,244710894,1700481580127
1700481579000,1700481580000,13,258399250,1700481580142
1700481579000,1700481580000,54,204606870,1700481580317
1700481580000,1700481581000,13,83296318,1700481581079
1700481580000,1700481581000,54,311534893,1700481581108
1700481580000,1700481581000,24,304516376,1700481581140
1700481580000,1700481581000,63,595780303,1700481581154
1700481580000,1700481581000,47,601046447,1700481581316
1700481580000,1700481581000,100,190324771,1700481581393
1700481581000,1700481582000,63,286387889,1700481582082
1700481581000,1700481582000,54,245832796,1700481582118
1700481581000,1700481582000,47,556952925,1700481582153
1700481581000,1700481582000,24,438208746,1700481582200
1700481581000,1700481582000,13,266041169,1700481582250
1700481581000,1700481582000,100,102675145,1700481582295
1700481582000,1700481583000,24,523359353,1700481583124
1700481582000,1700481583000,100,176470817,1700481583131
1700481582000,1700481583000,47,442269781,1700481583134
1700481582000,1700481583000,13,353318250,1700481583149
1700481582000,1700481583000,63,496555453,1700481583159
1700481582000,1700481583000,54,288385871,1700481583161
1700481583000,1700481584000,47,325631046,1700481584083
1700481583000,1700481584000,13,132147044,1700481584101
1700481583000,1700481584000,63,451843699,1700481584120
1700481583000,1700481584000,54,319045632,1700481584135
1700481583000,1700481584000,24,298535489,1700481584266
1700481583000,1700481584000,100,211627375,1700481584285
1700481584000,1700481585000,13,194959545,1700481585101
1700481584000,1700481585000,54,628082991,1700481585150
1700481584000,1700481585000,100,148934902,1700481585285
1700481584000,1700481585000,24,568693232,1700481585286
1700481584000,1700481585000,63,364503180,1700481585326
1700481584000,1700481585000,47,321542623,1700481585328
1700481585000,1700481586000,100,187997569,1700481586134
1700481585000,1700481586000,13,286723559,1700481586141
1700481585000,1700481586000,63,396450775,1700481586229
1700481585000,1700481586000,24,444434064,1700481586261
1700481585000,1700481586000,54,597568798,1700481586301
1700481585000,1700481586000,47,372015947,1700481586344
1700481586000,1700481587000,13,86456745,1700481587113
1700481586000,1700481587000,24,809780062,1700481587134
1700481586000,1700481587000,100,130564713,1700481587161
1700481586000,1700481587000,54,565468098,1700481587162
1700481586000,1700481587000,63,328086828,1700481587164
1700481586000,1700481587000,47,697884508,1700481587292
1700481587000,1700481588000,13,94445555,1700481588117
1700481587000,1700481588000,63,193869176,1700481588124
1700481587000,1700481588000,54,390256601,1700481588157
1700481587000,1700481588000,47,1129758904,1700481588158
1700481587000,1700481588000,100,178516366,1700481588191
1700481587000,1700481588000,24,446781616,1700481588304
1700481588000,1700481589000,24,465594409,1700481589103
1700481588000,1700481589000,100,150795761,1700481589119
1700481588000,1700481589000,13,253366530,1700481589137
1700481588000,1700481589000,47,749846195,1700481589148
1700481588000,1700481589000,63,32675792,1700481589234
1700481588000,1700481589000,54,305306456,1700481589268
1700481589000,1700481590000,13,273935728,1700481590097
1700481589000,1700481590000,63,76895085,1700481590102
1700481589000,1700481590000,24,522301507,1700481590135
1700481589000,1700481590000,54,260422318,1700481590149
1700481589000,1700481590000,100,252709085,1700481590170
1700481589000,1700481590000,47,149434808,1700481590251
1700481590000,1700481591000,100,141712222,1700481591095
1700481590000,1700481591000,24,860737494,1700481591095
1700481590000,1700481591000,47,246252711,1700481591144
1700481590000,1700481591000,63,239373231,1700481591163
1700481590000,1700481591000,54,279200483,1700481591257
1700481590000,1700481591000,13,451467589,1700481591265
1700481591000,1700481592000,13,224568513,1700481592168
1700481591000,1700481592000,54,267809051,1700481592186
1700481591000,1700481592000,63,319030644,1700481592193
1700481591000,1700481592000,24,751880733,1700481592200
1700481591000,1700481592000,100,167391916,1700481592260
1700481591000,1700481592000,47,309360167,1700481592273
1700481592000,1700481593000,13,319056412,1700481593088
1700481592000,1700481593000,63,370271971,1700481593092
1700481592000,1700481593000,47,343752357,1700481593127
1700481592000,1700481593000,54,109465410,1700481593233
1700481592000,1700481593000,24,532346029,1700481593247
1700481592000,1700481593000,100,190421930,1700481593315
1700481593000,1700481594000,100,229435740,1700481594106
1700481593000,1700481594000,13,299309910,1700481594133
1700481593000,1700481594000,47,348279733,1700481594173
1700481593000,1700481594000,54,98942357,1700481594265
1700481593000,1700481594000,24,461507248,1700481594306
1700481593000,1700481594000,63,850444219,1700481594341
1700481594000,1700481595000,47,335648142,1700481595145
1700481594000,1700481595000,13,312279351,1700481595160
1700481594000,1700481595000,54,150971323,1700481595165
1700481594000,1700481595000,24,257545844,1700481595183
1700481594000,1700481595000,100,343225133,1700481595262
1700481594000,1700481595000,63,848837138,1700481595368
1700481595000,1700481596000,13,281597747,1700481596105
1700481595000,1700481596000,54,135850568,1700481596111
1700481595000,1700481596000,47,403388092,1700481596168
1700481595000,1700481596000,63,687448847,1700481596237
1700481595000,1700481596000,24,396955269,1700481596241
1700481595000,1700481596000,100,385404924,1700481596360
1700481596000,1700481597000,24,531653447,1700481597135
1700481596000,1700481597000,47,253654181,1700481597155
1700481596000,1700481597000,13,342353136,1700481597219
1700481596000,1700481597000,54,503706799,1700481597236
1700481596000,1700481597000,100,237831439,1700481597333
1700481596000,1700481597000,63,317431995,1700481597339
1700481597000,1700481598000,63,416631868,1700481598106
1700481597000,1700481598000,100,140686264,1700481598123
1700481597000,1700481598000,54,498678397,1700481598134
1700481597000,1700481598000,13,275493447,1700481598159
1700481597000,1700481598000,47,362194115,1700481598178
1700481597000,1700481598000,24,754963379,1700481598181
1700481598000,1700481599000,54,748563442,1700481599094
1700481598000,1700481599000,24,292208147,1700481599099
1700481598000,1700481599000,63,525412305,1700481599142
1700481598000,1700481599000,13,80658238,1700481599186
1700481598000,1700481599000,100,227328213,1700481599287
1700481598000,1700481599000,47,380401545,1700481599290
1700481599000,1700481600000,63,631610570,1700481600086
1700481599000,1700481600000,47,364261186,1700481600118
1700481599000,1700481600000,13,33553838,1700481600123
1700481599000,1700481600000,24,327655201,1700481600133
1700481599000,1700481600000,100,201296705,1700481600200
1700481599000,1700481600000,54,613005675,1700481600338
1700481600000,1700481601000,100,98006232,1700481601123
1700481600000,1700481601000,54,373606535,1700481601160
1700481600000,1700481601000,63,620614145,1700481601162
1700481600000,1700481601000,47,621057069,1700481601163
1700481600000,1700481601000,24,290463324,1700481601193
1700481600000,1700481601000,13,209376448,1700481601194
1700481601000,1700481602000,63,457586271,1700481602113
1700481601000,1700481602000,24,278758623,1700481602114
1700481601000,1700481602000,47,518075793,1700481602146
1700481601000,1700481602000,13,180350165,1700481602160
1700481601000,1700481602000,100,119678819,1700481602272
1700481601000,1700481602000,54,411437592,1700481602287
1700481602000,1700481603000,54,498443535,1700481603125
1700481602000,1700481603000,24,673127162,1700481603145
1700481602000,1700481603000,47,460578959,1700481603181
1700481602000,1700481603000,63,569931680,1700481603284
1700481602000,1700481603000,100,178651914,1700481603299
1700481602000,1700481603000,13,85440055,1700481603326
1700481603000,1700481604000,100,208069065,1700481604097
1700481603000,1700481604000,47,290777791,1700481604108
1700481603000,1700481604000,24,674464060,1700481604175
1700481603000,1700481604000,54,812902321,1700481604190
1700481603000,1700481604000,13,149407635,1700481604229
1700481603000,1700481604000,63,518654349,1700481604346
1700481604000,1700481605000,24,815715898,1700481605116
1700481604000,1700481605000,63,439765833,1700481605132
1700481604000,1700481605000,100,294326901,1700481605137
1700481604000,1700481605000,54,685487086,1700481605205
1700481604000,1700481605000,47,617162571,1700481605330
1700481604000,1700481605000,13,33993563,1700481605348
1700481605000,1700481606000,54,725354286,1700481606120
1700481605000,1700481606000,63,412900977,1700481606127
1700481605000,1700481606000,100,261764579,1700481606142
1700481605000,1700481606000,47,559812812,1700481606152
1700481605000,1700481606000,24,685584379,1700481606289
1700481605000,1700481606000,13,160017420,1700481606344
1700481606000,1700481607000,24,308035922,1700481607105
1700481606000,1700481607000,47,522834610,1700481607126
1700481606000,1700481607000,63,358356280,1700481607176
1700481606000,1700481607000,54,711508163,1700481607220
1700481606000,1700481607000,100,190944541,1700481607257
1700481606000,1700481607000,13,196513214,1700481607272
1700481607000,1700481608000,24,727176171,1700481608143
1700481607000,1700481608000,100,192120789,1700481608156
1700481607000,1700481608000,47,518489599,1700481608176
1700481607000,1700481608000,63,282147097,1700481608255
1700481607000,1700481608000,54,511896586,1700481608273
1700481607000,1700481608000,13,239465463,1700481608314
1700481608000,1700481609000,54,530702072,1700481609162
1700481608000,1700481609000,63,313465999,1700481609167
1700481608000,1700481609000,24,765520184,1700481609171
1700481608000,1700481609000,100,191338758,1700481609172
1700481608000,1700481609000,47,467277594,1700481609197
1700481608000,1700481609000,13,403877529,1700481609523
1700481609000,1700481610000,24,881999876,1700481610109
1700481609000,1700481610000,13,317616576,1700481610114
1700481609000,1700481610000,54,687295042,1700481610120
1700481609000,1700481610000,47,610975808,1700481610125
1700481609000,1700481610000,63,186317483,1700481610130
1700481609000,1700481610000,100,150368225,1700481610196
1700481610000,1700481611000,63,413585773,1700481611142
1700481610000,1700481611000,54,620952699,1700481611155
1700481610000,1700481611000,24,1026476132,1700481611157
1700481610000,1700481611000,47,323838186,1700481611300
1700481610000,1700481611000,13,210835137,1700481611312
1700481610000,1700481611000,100,235234027,1700481611316
1700481611000,1700481612000,47,72364288,1700481612091
1700481611000,1700481612000,100,256899698,1700481612098
1700481611000,1700481612000,54,553976091,1700481612101
1700481611000,1700481612000,24,1028787675,1700481612236
1700481611000,1700481612000,13,212011435,1700481612333
1700481611000,1700481612000,63,306896570,1700481612483
1700481612000,1700481613000,13,223376276,1700481613110
1700481612000,1700481613000,24,735462792,1700481613120
1700481612000,1700481613000,54,343586326,1700481613142
1700481612000,1700481613000,100,249066656,1700481613191
1700481612000,1700481613000,47,293006347,1700481613271
1700481612000,1700481613000,63,166650774,1700481613323
1700481613000,1700481614000,63,237419099,1700481614129
1700481613000,1700481614000,13,306460991,1700481614168
1700481613000,1700481614000,24,163804926,1700481614183
1700481613000,1700481614000,54,184886706,1700481614188
1700481613000,1700481614000,100,209174517,1700481614250
1700481613000,1700481614000,47,330406248,1700481614589
1700481614000,1700481615000,100,167852691,1700481615142
1700481614000,1700481615000,24,273887744,1700481615246
1700481614000,1700481615000,54,186280697,1700481615266
1700481614000,1700481615000,63,297545333,1700481615305
1700481614000,1700481615000,13,287164398,1700481615307
1700481614000,1700481615000,47,267578190,1700481615439
1700481615000,1700481616000,24,313136124,1700481616101
1700481615000,1700481616000,100,183505509,1700481616139
1700481615000,1700481616000,54,284976369,1700481616175
1700481615000,1700481616000,63,435922703,1700481616288
1700481615000,1700481616000,47,223118546,1700481616308
1700481615000,1700481616000,13,260915837,1700481616494
1700481616000,1700481617000,54,236485189,1700481617107
1700481616000,1700481617000,100,150304408,1700481617146
1700481616000,1700481617000,47,260307652,1700481617176
1700481616000,1700481617000,24,333247855,1700481617176
1700481616000,1700481617000,63,802407044,1700481617284
1700481616000,1700481617000,13,229284090,1700481617524
1700481617000,1700481618000,24,436075487,1700481618095
1700481617000,1700481618000,47,360940815,1700481618102
1700481617000,1700481618000,100,83798413,1700481618139
1700481617000,1700481618000,54,201301168,1700481618139
1700481617000,1700481618000,63,922252245,1700481618284
1700481617000,1700481618000,13,203169006,1700481618414
1700481618000,1700481619000,63,784985169,1700481619100
1700481618000,1700481619000,24,620996247,1700481619113
1700481618000,1700481619000,13,133794197,1700481619148
1700481618000,1700481619000,100,173723498,1700481619183
1700481618000,1700481619000,54,195288094,1700481619314
1700481618000,1700481619000,47,452836426,1700481619323
1700481619000,1700481620000,54,450559109,1700481620122
1700481619000,1700481620000,100,235791984,1700481620128
1700481619000,1700481620000,63,359842172,1700481620147
1700481619000,1700481620000,24,370666137,1700481620194
1700481619000,1700481620000,13,266884540,1700481620332
1700481619000,1700481620000,47,608007122,1700481620352
1700481620000,1700481621000,13,345200087,1700481621101
1700481620000,1700481621000,24,172898205,1700481621124
1700481620000,1700481621000,100,451150172,1700481621126
1700481620000,1700481621000,54,317350646,1700481621161
1700481620000,1700481621000,63,423751214,1700481621189
1700481620000,1700481621000,47,433930244,1700481621533
1700481621000,1700481622000,100,567442833,1700481622089
1700481621000,1700481622000,24,221909327,1700481622130
1700481621000,1700481622000,54,504851887,1700481622136
1700481621000,1700481622000,63,395281233,1700481622205
1700481621000,1700481622000,13,208896459,1700481622298
1700481621000,1700481622000,47,341206382,1700481622578
1700481622000,1700481623000,13,324288637,1700481623144
1700481622000,1700481623000,54,585784687,1700481623174
1700481622000,1700481623000,100,600102247,1700481623247
1700481622000,1700481623000,24,397138460,1700481623273
1700481622000,1700481623000,63,167539591,1700481623337
1700481622000,1700481623000,47,457513476,1700481623722
1700481623000,1700481624000,24,537363066,1700481624065
1700481623000,1700481624000,13,315330891,1700481624088
1700481623000,1700481624000,54,394242818,1700481624114
1700481623000,1700481624000,100,137672126,1700481624140
1700481623000,1700481624000,63,275382259,1700481624331
1700481623000,1700481624000,47,925677942,1700481624695
1700481624000,1700481625000,63,275504481,1700481625101
1700481624000,1700481625000,24,547636040,1700481625115
1700481624000,1700481625000,54,295336767,1700481625138
1700481624000,1700481625000,100,61400493,1700481625194
1700481624000,1700481625000,47,605077536,1700481625254
1700481624000,1700481625000,13,416925832,1700481625271
1700481625000,1700481626000,100,44421963,1700481626108
1700481625000,1700481626000,47,265120920,1700481626148
1700481625000,1700481626000,54,346554216,1700481626152
1700481625000,1700481626000,24,268470538,1700481626157
1700481625000,1700481626000,13,804770015,1700481626172
1700481625000,1700481626000,63,440823046,1700481626258
1700481626000,1700481627000,54,492065280,1700481627084
1700481626000,1700481627000,24,736560654,1700481627106
1700481626000,1700481627000,13,431142256,1700481627115
1700481626000,1700481627000,100,148293566,1700481627145
1700481626000,1700481627000,47,348156637,1700481627154
1700481626000,1700481627000,63,687818425,1700481627334
1700481627000,1700481628000,24,750742017,1700481628102
1700481627000,1700481628000,47,309142068,1700481628120
1700481627000,1700481628000,63,399034808,1700481628123
1700481627000,1700481628000,13,605660078,1700481628148
1700481627000,1700481628000,54,273419402,1700481628285
1700481627000,1700481628000,100,212876710,1700481628315
1700481628000,1700481629000,13,168954078,1700481629072
1700481628000,1700481629000,100,165868794,1700481629087
1700481628000,1700481629000,54,280884714,1700481629146
1700481628000,1700481629000,63,483617779,1700481629167
1700481628000,1700481629000,47,80613113,1700481629304
1700481628000,1700481629000,24,1060290285,1700481629318
1700481629000,1700481630000,100,231017464,1700481630154
1700481629000,1700481630000,47,145780304,1700481630169
1700481629000,1700481630000,63,137923812,1700481630173
1700481629000,1700481630000,54,237938106,1700481630254
1700481629000,1700481630000,24,692252437,1700481630301
1700481629000,1700481630000,13,254466136,1700481630324
1700481630000,1700481631000,47,222572883,1700481631106
1700481630000,1700481631000,63,209153130,1700481631130
1700481630000,1700481631000,24,629270945,1700481631167
1700481630000,1700481631000,13,311537803,1700481631292
1700481630000,1700481631000,54,273211959,1700481631307
1700481630000,1700481631000,100,325720614,1700481631323
1700481631000,1700481632000,47,601584286,1700481632121
1700481631000,1700481632000,13,368654587,1700481632132
1700481631000,1700481632000,24,333773753,1700481632169
1700481631000,1700481632000,63,304115267,1700481632174
1700481631000,1700481632000,100,238670185,1700481632222
1700481631000,1700481632000,54,292513459,1700481632307
1700481632000,1700481633000,100,236940818,1700481633121
1700481632000,1700481633000,13,308313135,1700481633165
1700481632000,1700481633000,47,448275085,1700481633176
1700481632000,1700481633000,63,298032747,1700481633242
1700481632000,1700481633000,24,631743083,1700481633246
1700481632000,1700481633000,54,326598211,1700481633290
1700481633000,1700481634000,13,120773680,1700481634092
1700481633000,1700481634000,63,433572792,1700481634124
1700481633000,1700481634000,54,426545838,1700481634137
1700481633000,1700481634000,100,252582892,1700481634166
1700481633000,1700481634000,24,577313117,1700481634275
1700481633000,1700481634000,47,506992424,1700481634311
1700481634000,1700481635000,13,328329952,1700481635155
1700481634000,1700481635000,24,462131341,1700481635188
1700481634000,1700481635000,100,161605315,1700481635266
1700481634000,1700481635000,47,290027086,1700481635303
1700481634000,1700481635000,54,427178496,1700481635308
1700481634000,1700481635000,63,438354595,1700481635366
1700481635000,1700481636000,54,181459521,1700481636094
1700481635000,1700481636000,24,416824796,1700481636130
1700481635000,1700481636000,47,448101937,1700481636170
1700481635000,1700481636000,100,156881727,1700481636190
1700481635000,1700481636000,63,522278714,1700481636264
1700481635000,1700481636000,13,91895406,1700481636289
1700481636000,1700481637000,47,361079084,1700481637104
1700481636000,1700481637000,100,140940827,1700481637120
1700481636000,1700481637000,54,281812286,1700481637256
1700481636000,1700481637000,63,319148643,1700481637265
1700481636000,1700481637000,24,589364619,1700481637273
1700481636000,1700481637000,13,288853049,1700481637305
1700481637000,1700481638000,100,189759542,1700481638130
1700481637000,1700481638000,47,575010887,1700481638133
1700481637000,1700481638000,13,247701782,1700481638185
1700481637000,1700481638000,54,290913841,1700481638279
1700481637000,1700481638000,63,168064085,1700481638322
1700481637000,1700481638000,24,595876593,1700481638375
1700481638000,1700481639000,13,99034226,1700481639126
1700481638000,1700481639000,47,297345434,1700481639142
1700481638000,1700481639000,54,511117072,1700481639242
1700481638000,1700481639000,100,112207989,1700481639363
1700481638000,1700481639000,63,295187971,1700481639399
1700481638000,1700481639000,24,540865850,1700481639434
1700481639000,1700481640000,100,119013686,1700481640125
1700481639000,1700481640000,13,155639210,1700481640173
1700481639000,1700481640000,47,300132778,1700481640225
1700481639000,1700481640000,54,738075780,1700481640232
1700481639000,1700481640000,63,172691495,1700481640291
1700481639000,1700481640000,24,806050543,1700481640408
1700481640000,1700481641000,47,255989144,1700481641128
1700481640000,1700481641000,54,492655398,1700481641156
1700481640000,1700481641000,100,156267926,1700481641264
1700481640000,1700481641000,63,480285633,1700481641311
1700481640000,1700481641000,13,93707500,1700481641312
1700481640000,1700481641000,24,640569045,1700481641420
1700481641000,1700481642000,100,125446525,1700481642075
1700481641000,1700481642000,47,311855792,1700481642153
1700481641000,1700481642000,13,203072434,1700481642168
1700481641000,1700481642000,63,582336740,1700481642218
1700481641000,1700481642000,54,277567322,1700481642228
1700481641000,1700481642000,24,573205479,1700481642305
1700481642000,1700481643000,47,373224868,1700481643069
1700481642000,1700481643000,13,171177637,1700481643119
1700481642000,1700481643000,54,281255360,1700481643127
1700481642000,1700481643000,63,978735606,1700481643132
1700481642000,1700481643000,24,307205173,1700481643142
1700481642000,1700481643000,100,280656715,1700481643279
1700481643000,1700481644000,24,387098169,1700481644121
1700481643000,1700481644000,47,401614731,1700481644267
1700481643000,1700481644000,13,294581167,1700481644269
1700481643000,1700481644000,100,264125996,1700481644293
1700481643000,1700481644000,54,343963815,1700481644295
1700481643000,1700481644000,63,1224375743,1700481644360
1700481644000,1700481645000,47,173646137,1700481645144
1700481644000,1700481645000,13,186856676,1700481645167
1700481644000,1700481645000,63,1344949192,1700481645220
1700481644000,1700481645000,100,197033167,1700481645276
1700481644000,1700481645000,24,573117823,1700481645320
1700481644000,1700481645000,54,472980226,1700481645378
1700481645000,1700481646000,54,440221060,1700481646131
1700481645000,1700481646000,100,117400014,1700481646134
1700481645000,1700481646000,24,673807900,1700481646189
1700481645000,1700481646000,47,216841550,1700481646217
1700481645000,1700481646000,63,1001300050,1700481646284
1700481645000,1700481646000,13,242164296,1700481646289
1700481646000,1700481647000,100,161255097,1700481647089
1700481646000,1700481647000,13,208133306,1700481647149
1700481646000,1700481647000,24,642539693,1700481647283
1700481646000,1700481647000,54,445353537,1700481647286
1700481646000,1700481647000,63,1101841858,1700481647322
1700481646000,1700481647000,47,588180928,1700481647360
1700481647000,1700481648000,100,211396129,1700481648115
1700481647000,1700481648000,24,620822805,1700481648141
1700481647000,1700481648000,54,453953924,1700481648188
1700481647000,1700481648000,13,221784879,1700481648190
1700481647000,1700481648000,47,621968591,1700481648301
1700481647000,1700481648000,63,566597794,1700481648377
1700481648000,1700481649000,100,167444185,1700481649114
1700481648000,1700481649000,13,211989208,1700481649121
1700481648000,1700481649000,47,618680782,1700481649174
1700481648000,1700481649000,24,512971431,1700481649182
1700481648000,1700481649000,54,343409767,1700481649265
1700481648000,1700481649000,63,795117441,1700481649325
1700481649000,1700481650000,24,199913111,1700481650110
1700481649000,1700481650000,47,694921536,1700481650243
1700481649000,1700481650000,100,270938865,1700481650264
1700481649000,1700481650000,13,125340223,1700481650279
1700481649000,1700481650000,63,767320748,1700481650281
1700481649000,1700481650000,54,473284092,1700481650358
1700481650000,1700481651000,63,469924146,1700481651187
1700481650000,1700481651000,100,206468057,1700481651188
1700481650000,1700481651000,13,385319850,1700481651200
1700481650000,1700481651000,24,329067504,1700481651242
1700481650000,1700481651000,47,1182936543,1700481651373
1700481650000,1700481651000,54,691553231,1700481651395
1700481651000,1700481652000,100,187436463,1700481652113
1700481651000,1700481652000,63,511478004,1700481652114
1700481651000,1700481652000,13,284255920,1700481652167
1700481651000,1700481652000,24,503376568,1700481652181
1700481651000,1700481652000,47,1185452167,1700481652235
1700481651000,1700481652000,54,460577075,1700481652681
1700481652000,1700481653000,13,197195747,1700481653125
1700481652000,1700481653000,100,343570018,1700481653149
1700481652000,1700481653000,63,544683957,1700481653177
1700481652000,1700481653000,47,1441084323,1700481653278
1700481652000,1700481653000,24,579425190,1700481653295
1700481652000,1700481653000,54,714648250,1700481653701
1700481653000,1700481654000,63,729571728,1700481654090
1700481653000,1700481654000,24,389669447,1700481654123
1700481653000,1700481654000,100,364499397,1700481654195
1700481653000,1700481654000,13,393829930,1700481654345
1700481653000,1700481654000,54,512084507,1700481654354
1700481653000,1700481654000,47,1469105861,1700481654392
1700481654000,1700481655000,13,79227414,1700481655104
1700481654000,1700481655000,100,176199827,1700481655130
1700481654000,1700481655000,63,665556446,1700481655143
1700481654000,1700481655000,24,558799027,1700481655157
1700481654000,1700481655000,54,321117315,1700481655342
1700481654000,1700481655000,47,1213332623,1700481655361
1700481655000,1700481656000,47,434289763,1700481656093
1700481655000,1700481656000,24,546423504,1700481656101
1700481655000,1700481656000,63,985972342,1700481656168
1700481655000,1700481656000,13,209232969,1700481656286
1700481655000,1700481656000,100,265874209,1700481656307
1700481655000,1700481656000,54,310427932,1700481656325
1700481656000,1700481657000,63,823578613,1700481657096
1700481656000,1700481657000,100,258208114,1700481657194
1700481656000,1700481657000,13,156021416,1700481657197
1700481656000,1700481657000,47,492011985,1700481657259
1700481656000,1700481657000,54,343905152,1700481657284
1700481656000,1700481657000,24,667468917,1700481657296
1700481657000,1700481658000,54,501723415,1700481658075
1700481657000,1700481658000,24,760695065,1700481658082
1700481657000,1700481658000,13,65737054,1700481658090
1700481657000,1700481658000,100,258300287,1700481658122
1700481657000,1700481658000,63,875199808,1700481658148
1700481657000,1700481658000,47,526959007,1700481658334
1700481658000,1700481659000,24,714799882,1700481659138
1700481658000,1700481659000,54,684777810,1700481659152
1700481658000,1700481659000,100,314137739,1700481659167
1700481658000,1700481659000,63,578470338,1700481659176
1700481658000,1700481659000,47,1019134091,1700481659234
1700481658000,1700481659000,13,211683512,1700481659358
1700481659000,1700481660000,63,371830913,1700481660082
1700481659000,1700481660000,100,353362885,1700481660108
1700481659000,1700481660000,47,1327023086,1700481660137
1700481659000,1700481660000,13,198203238,1700481660184
1700481659000,1700481660000,24,555652165,1700481660241
1700481659000,1700481660000,54,486272904,1700481660295
1700481660000,1700481661000,54,482452288,1700481661158
1700481660000,1700481661000,24,699788911,1700481661170
1700481660000,1700481661000,100,373802522,1700481661288
1700481660000,1700481661000,47,801830245,1700481661309
1700481660000,1700481661000,63,188907007,1700481661315
1700481660000,1700481661000,13,158579983,1700481661360
1700481661000,1700481662000,47,657595676,1700481662097
1700481661000,1700481662000,24,425099591,1700481662098
1700481661000,1700481662000,13,279032199,1700481662166
1700481661000,1700481662000,63,283195625,1700481662318
1700481661000,1700481662000,54,433698320,1700481662459
1700481661000,1700481662000,100,304036705,1700481662528
1700481662000,1700481663000,13,296390841,1700481663111
1700481662000,1700481663000,47,725019641,1700481663147
1700481662000,1700481663000,24,726691208,1700481663147
1700481662000,1700481663000,63,298887191,1700481663219
1700481662000,1700481663000,100,112557115,1700481663232
1700481662000,1700481663000,54,606614100,1700481663320
1700481663000,1700481664000,47,504948105,1700481664105
1700481663000,1700481664000,13,246828443,1700481664118
1700481663000,1700481664000,100,175619023,1700481664128
1700481663000,1700481664000,24,589777138,1700481664173
1700481663000,1700481664000,63,276607215,1700481664273
1700481663000,1700481664000,54,490147949,1700481664284
1700481664000,1700481665000,54,531517837,1700481665103
1700481664000,1700481665000,24,874220324,1700481665118
1700481664000,1700481665000,63,236522427,1700481665166
1700481664000,1700481665000,100,204406504,1700481665176
1700481664000,1700481665000,47,450882574,1700481665271
1700481664000,1700481665000,13,151414710,1700481665354
1700481665000,1700481666000,100,206078891,1700481666065
1700481665000,1700481666000,13,256308376,1700481666078
1700481665000,1700481666000,24,855975957,1700481666142
1700481665000,1700481666000,54,387113948,1700481666145
1700481665000,1700481666000,63,232284039,1700481666204
1700481665000,1700481666000,47,600921475,1700481666585
1700481666000,1700481667000,13,178392855,1700481667102
1700481666000,1700481667000,24,691596286,1700481667106
1700481666000,1700481667000,100,265535623,1700481667137
1700481666000,1700481667000,63,117861789,1700481667288
1700481666000,1700481667000,54,363722693,1700481667378
1700481666000,1700481667000,47,479144071,1700481667440
1700481667000,1700481668000,63,297379557,1700481668175
1700481667000,1700481668000,100,299000155,1700481668176
1700481667000,1700481668000,13,161292158,1700481668279
1700481667000,1700481668000,24,614905513,1700481668293
1700481667000,1700481668000,54,386743061,1700481668318
1700481667000,1700481668000,47,440770613,1700481668515
1700481668000,1700481669000,13,224142522,1700481669091
1700481668000,1700481669000,100,227075627,1700481669146
1700481668000,1700481669000,54,244975626,1700481669155
1700481668000,1700481669000,24,700127792,1700481669218
1700481668000,1700481669000,63,376009489,1700481669350
1700481668000,1700481669000,47,295904622,1700481669520
1700481669000,1700481670000,54,325916847,1700481670108
1700481669000,1700481670000,100,174604455,1700481670174
1700481669000,1700481670000,24,568585805,1700481670226
1700481669000,1700481670000,63,270365061,1700481670276
1700481669000,1700481670000,13,69254102,1700481670284
1700481669000,1700481670000,47,290757315,1700481670407
1700481670000,1700481671000,100,277544380,1700481671099
1700481670000,1700481671000,63,156331368,1700481671140
1700481670000,1700481671000,13,293345772,1700481671166
1700481670000,1700481671000,24,637683915,1700481671307
1700481670000,1700481671000,47,226663124,1700481671310
1700481670000,1700481671000,54,551860676,1700481671348
1700481671000,1700481672000,24,558402338,1700481672085
1700481671000,1700481672000,13,71668524,1700481672091
1700481671000,1700481672000,54,466960661,1700481672136
1700481671000,1700481672000,47,307075066,1700481672147
1700481671000,1700481672000,100,435047950,1700481672257
1700481671000,1700481672000,63,247637222,1700481672288
1700481672000,1700481673000,54,375777089,1700481673110
1700481672000,1700481673000,63,295616425,1700481673132
1700481672000,1700481673000,24,473476384,1700481673149
1700481672000,1700481673000,100,373004590,1700481673149
1700481672000,1700481673000,13,172756584,1700481673159
1700481672000,1700481673000,47,222669156,1700481673186
1700481673000,1700481674000,47,111226856,1700481674120
1700481673000,1700481674000,24,709355218,1700481674120
1700481673000,1700481674000,63,310168879,1700481674146
1700481673000,1700481674000,13,466639030,1700481674175
1700481673000,1700481674000,100,292430145,1700481674245
1700481673000,1700481674000,54,268035569,1700481674314
1700481674000,1700481675000,47,192834667,1700481675126
1700481674000,1700481675000,100,223245462,1700481675133
1700481674000,1700481675000,54,210378305,1700481675167
1700481674000,1700481675000,63,337506524,1700481675179
1700481674000,1700481675000,13,240527437,1700481675286
1700481674000,1700481675000,24,869499979,1700481675306
1700481675000,1700481676000,63,312138035,1700481676124
1700481675000,1700481676000,13,404191615,1700481676132
1700481675000,1700481676000,100,170551077,1700481676164
1700481675000,1700481676000,24,392535918,1700481676181
1700481675000,1700481676000,54,208566196,1700481676221
1700481675000,1700481676000,47,337108687,1700481676328
1700481676000,1700481677000,24,677349870,1700481677087
1700481676000,1700481677000,100,263274293,1700481677143
1700481676000,1700481677000,63,319438558,1700481677154
1700481676000,1700481677000,13,276089784,1700481677177
1700481676000,1700481677000,54,192794333,1700481677293
1700481676000,1700481677000,47,720220529,1700481677308
1700481677000,1700481678000,13,54843829,1700481678096
1700481677000,1700481678000,24,654691563,1700481678099
1700481677000,1700481678000,47,622396486,1700481678145
1700481677000,1700481678000,54,171099097,1700481678157
1700481677000,1700481678000,100,274090104,1700481678339
1700481677000,1700481678000,63,466964768,1700481678394
1700481678000,1700481679000,54,278267184,1700481679086
1700481678000,1700481679000,13,204219645,1700481679119
1700481678000,1700481679000,24,539468520,1700481679158
1700481678000,1700481679000,100,274321154,1700481679222
1700481678000,1700481679000,47,358299228,1700481679231
1700481678000,1700481679000,63,550207998,1700481679293
1700481679000,1700481680000,24,241951209,1700481680107
1700481679000,1700481680000,47,215391033,1700481680125
1700481679000,1700481680000,100,238586496,1700481680131
1700481679000,1700481680000,63,484534354,1700481680131
1700481679000,1700481680000,13,282272600,1700481680178
1700481679000,1700481680000,54,374820634,1700481680535
1700481680000,1700481681000,13,176126466,1700481681117
1700481680000,1700481681000,24,275218373,1700481681141
1700481680000,1700481681000,100,223541210,1700481681182
1700481680000,1700481681000,63,201842592,1700481681267
1700481680000,1700481681000,47,277335938,1700481681317
1700481680000,1700481681000,54,428258873,1700481681354
1700481681000,1700481682000,100,224028673,1700481682112
1700481681000,1700481682000,47,58079104,1700481682123
1700481681000,1700481682000,24,335773564,1700481682160
1700481681000,1700481682000,13,195318304,1700481682176
1700481681000,1700481682000,54,391421181,1700481682191
1700481681000,1700481682000,63,297320386,1700481682260
1700481682000,1700481683000,13,325160025,1700481683076
1700481682000,1700481683000,100,297672624,1700481683135
1700481682000,1700481683000,24,302774560,1700481683136
1700481682000,1700481683000,54,345174957,1700481683152
1700481682000,1700481683000,47,278224055,1700481683197
1700481682000,1700481683000,63,501466813,1700481683254
1700481683000,1700481684000,13,345354314,1700481684093
1700481683000,1700481684000,54,263321219,1700481684118
1700481683000,1700481684000,24,311182130,1700481684126
1700481683000,1700481684000,63,416311992,1700481684167
1700481683000,1700481684000,100,328441570,1700481684193
1700481683000,1700481684000,47,327633741,1700481684304
1700481684000,1700481685000,24,225295524,1700481685093
1700481684000,1700481685000,47,460152290,1700481685143
1700481684000,1700481685000,100,251424040,1700481685153
1700481684000,1700481685000,13,211884367,1700481685166
1700481684000,1700481685000,54,452264527,1700481685199
1700481684000,1700481685000,63,367120534,1700481685205
1700481685000,1700481686000,100,224460754,1700481686117
1700481685000,1700481686000,54,394896997,1700481686134
1700481685000,1700481686000,63,442654334,1700481686144
1700481685000,1700481686000,13,81243683,1700481686157
1700481685000,1700481686000,47,426447471,1700481686177
1700481685000,1700481686000,24,339518979,1700481686246
1700481686000,1700481687000,24,278166372,1700481687086
1700481686000,1700481687000,47,303929513,1700481687129
1700481686000,1700481687000,100,196635191,1700481687158
1700481686000,1700481687000,54,703592803,1700481687250
1700481686000,1700481687000,13,269551811,1700481687303
1700481686000,1700481687000,63,517770610,1700481687310
1700481687000,1700481688000,63,510867421,1700481688089
1700481687000,1700481688000,100,125289280,1700481688090
1700481687000,1700481688000,13,52894441,1700481688217
1700481687000,1700481688000,54,1065427272,1700481688303
1700481687000,1700481688000,24,304143439,1700481688308
1700481687000,1700481688000,47,331317647,1700481688561
1700481688000,1700481689000,63,973474711,1700481689105
1700481688000,1700481689000,100,87395188,1700481689127
1700481688000,1700481689000,13,250364905,1700481689176
1700481688000,1700481689000,24,502963923,1700481689192
1700481688000,1700481689000,54,1104349733,1700481689393
1700481688000,1700481689000,47,323394643,1700481689584
1700481689000,1700481690000,24,559638846,1700481690103
1700481689000,1700481690000,13,163320092,1700481690118
1700481689000,1700481690000,63,561599673,1700481690184
1700481689000,1700481690000,100,76333777,1700481690195
1700481689000,1700481690000,47,299099808,1700481690342
1700481689000,1700481690000,54,621045437,1700481690477
1700481690000,1700481691000,100,54222396,1700481691125
1700481690000,1700481691000,47,312672775,1700481691152
1700481690000,1700481691000,13,114321566,1700481691167
1700481690000,1700481691000,24,564045726,1700481691183
1700481690000,1700481691000,54,527213234,1700481691270
1700481690000,1700481691000,63,312097744,1700481691308
1700481691000,1700481692000,24,615380479,1700481692099
1700481691000,1700481692000,63,668031464,1700481692125
1700481691000,1700481692000,100,104598183,1700481692165
1700481691000,1700481692000,47,333922964,1700481692174
1700481691000,1700481692000,54,527367009,1700481692344
1700481691000,1700481692000,13,153874223,1700481692345
1700481692000,1700481693000,24,714586653,1700481693132
1700481692000,1700481693000,63,839610719,1700481693171
1700481692000,1700481693000,13,53460380,1700481693213
1700481692000,1700481693000,100,179264635,1700481693215
1700481692000,1700481693000,47,362135803,1700481693248
1700481692000,1700481693000,54,413336869,1700481693316
1700481693000,1700481694000,63,803906356,1700481694076
1700481693000,1700481694000,54,430039833,1700481694095
1700481693000,1700481694000,24,484703614,1700481694104
1700481693000,1700481694000,47,396029543,1700481694124
1700481693000,1700481694000,100,138585395,1700481694276
1700481693000,1700481694000,13,178280761,1700481694298
1700481694000,1700481695000,63,801206263,1700481695140
1700481694000,1700481695000,100,182443773,1700481695143
1700481694000,1700481695000,24,736893503,1700481695146
1700481694000,1700481695000,47,538231041,1700481695152
1700481694000,1700481695000,13,222597029,1700481695183
1700481694000,1700481695000,54,322166870,1700481695254
1700481695000,1700481696000,47,334228215,1700481696111
1700481695000,1700481696000,13,307084880,1700481696126
1700481695000,1700481696000,24,709546479,1700481696135
1700481695000,1700481696000,63,665459826,1700481696147
1700481695000,1700481696000,54,347056092,1700481696340
1700481695000,1700481696000,100,258390438,1700481696354
1700481696000,1700481697000,47,623782563,1700481697134
1700481696000,1700481697000,100,192928866,1700481697135
1700481696000,1700481697000,63,514653239,1700481697139
1700481696000,1700481697000,13,368959940,1700481697149
1700481696000,1700481697000,24,474534510,1700481697155
1700481696000,1700481697000,54,361413487,1700481697261
1700481697000,1700481698000,13,235871522,1700481698107
1700481697000,1700481698000,24,92040398,1700481698192
1700481697000,1700481698000,47,932192422,1700481698198
1700481697000,1700481698000,63,754562149,1700481698272
1700481697000,1700481698000,54,585586459,1700481698325
1700481697000,1700481698000,100,165045215,1700481698490
1700481698000,1700481699000,100,130109619,1700481699107
1700481698000,1700481699000,63,687598224,1700481699162
1700481698000,1700481699000,47,837238235,1700481699234
1700481698000,1700481699000,24,286052046,1700481699299
1700481698000,1700481699000,13,244270597,1700481699321
1700481698000,1700481699000,54,358076720,1700481699357
1700481699000,1700481700000,13,325691266,1700481700186
1700481699000,1700481700000,63,898856149,1700481700192
1700481699000,1700481700000,100,124518965,1700481700264
1700481699000,1700481700000,54,143899444,1700481700279
1700481699000,1700481700000,24,345589964,1700481700322
1700481699000,1700481700000,47,675563528,1700481700322
1700481700000,1700481701000,13,306521026,1700481701116
1700481700000,1700481701000,63,525408955,1700481701137
1700481700000,1700481701000,54,483350383,1700481701152
1700481700000,1700481701000,100,116768280,1700481701161
1700481700000,1700481701000,47,441666709,1700481701262
1700481700000,1700481701000,24,647938174,1700481701333
1700481701000,1700481702000,13,152039978,1700481702096
1700481701000,1700481702000,47,561133835,1700481702103
1700481701000,1700481702000,24,553958939,1700481702109
1700481701000,1700481702000,63,414531568,1700481702119
1700481701000,1700481702000,54,1036229681,1700481702204
1700481701000,1700481702000,100,113900695,1700481702239
