debs$start:INTEGER(64 bits),debs$end:INTEGER(64 bits),debs$sid:INTEGER(64 bits),debs$absolute_v:INTEGER(64 bits),timestamp
1700488530000,1700488531000,13,8462223,1700488531708
1700488530000,1700488531000,24,9018914,1700488531708
1700488530000,1700488531000,47,5893980,1700488531708
1700488530000,1700488531000,54,7950483,1700488531708
1700488530000,1700488531000,63,5976893,1700488531708
1700488530000,1700488531000,100,6227615,1700488531708
1700488531000,1700488532000,13,21457855,1700488534150
1700488531000,1700488532000,24,26807129,1700488534150
1700488531000,1700488532000,47,18458997,1700488534150
1700488531000,1700488532000,54,26812712,1700488534150
1700488531000,1700488532000,63,12293769,1700488534150
1700488531000,1700488532000,100,26985285,1700488534150
1700488532000,1700488533000,13,27017543,1700488536493
1700488532000,1700488533000,24,26483737,1700488536493
1700488532000,1700488533000,47,17828646,1700488536493
1700488532000,1700488533000,54,31117281,1700488536493
1700488532000,1700488533000,63,17598706,1700488536493
1700488532000,1700488533000,100,27853760,1700488536493
1700488533000,1700488534000,13,23634392,1700488538763
1700488533000,1700488534000,24,27797087,1700488538763
1700488533000,1700488534000,47,26316946,1700488538763
1700488533000,1700488534000,54,20839550,1700488538763
1700488533000,1700488534000,63,12861514,1700488538763
1700488533000,1700488534000,100,64694563,1700488538763
1700488534000,1700488535000,13,17464288,1700488540873
1700488534000,1700488535000,24,19538666,1700488540873
1700488534000,1700488535000,47,55945968,1700488540873
1700488534000,1700488535000,54,24568190,1700488540873
1700488534000,1700488535000,63,17153245,1700488540873
1700488534000,1700488535000,100,58002861,1700488540873
1700488535000,1700488536000,13,18977755,1700488542936
1700488535000,1700488536000,24,21810364,1700488542936
1700488535000,1700488536000,47,16121328,1700488542936
1700488535000,1700488536000,54,27595638,1700488542936
1700488535000,1700488536000,63,15036994,1700488542936
1700488535000,1700488536000,100,62430036,1700488542936
1700488536000,1700488537000,13,22588642,1700488545020
1700488536000,1700488537000,24,20244314,1700488545020
1700488536000,1700488537000,47,20292378,1700488545020
1700488536000,1700488537000,54,31700813,1700488545020
1700488536000,1700488537000,63,12463497,1700488545020
1700488536000,1700488537000,100,54454591,1700488545020
1700488537000,1700488538000,13,17092535,1700488546762
1700488537000,1700488538000,24,24917806,1700488546762
1700488537000,1700488538000,47,18413709,1700488546762
1700488537000,1700488538000,54,32942539,1700488546762
1700488537000,1700488538000,63,15422860,1700488546762
1700488537000,1700488538000,100,38137941,1700488546762
1700488538000,1700488539000,13,18031477,1700488549008
1700488538000,1700488539000,24,28013453,1700488549008
1700488538000,1700488539000,47,16389585,1700488549008
1700488538000,1700488539000,54,25196350,1700488549008
1700488538000,1700488539000,63,18852364,1700488549008
1700488538000,1700488539000,100,20273496,1700488549008
1700488539000,1700488540000,13,29809884,1700488551299
1700488539000,1700488540000,24,21696603,1700488551299
1700488539000,1700488540000,47,17791274,1700488551299
1700488539000,1700488540000,54,25614146,1700488551299
1700488539000,1700488540000,63,14815092,1700488551299
1700488539000,1700488540000,100,18167381,1700488551299
1700488540000,1700488541000,13,19318182,1700488553513
1700488540000,1700488541000,24,24340018,1700488553513
1700488540000,1700488541000,47,15776879,1700488553513
1700488540000,1700488541000,54,30708741,1700488553513
1700488540000,1700488541000,63,15684166,1700488553513
1700488540000,1700488541000,100,16858749,1700488553513
1700488541000,1700488542000,13,22467210,1700488555784
1700488541000,1700488542000,24,24410396,1700488555784
1700488541000,1700488542000,47,16454331,1700488555784
1700488541000,1700488542000,54,29746364,1700488555784
1700488541000,1700488542000,63,19537447,1700488555784
1700488541000,1700488542000,100,16494758,1700488555784
1700488542000,1700488543000,13,20531959,1700488557711
1700488542000,1700488543000,24,39117130,1700488557711
1700488542000,1700488543000,47,16971898,1700488557711
1700488542000,1700488543000,54,22988062,1700488557711
1700488542000,1700488543000,63,17126750,1700488557711
1700488542000,1700488543000,100,17135754,1700488557711
1700488543000,1700488544000,13,20139865,1700488559717
1700488543000,1700488544000,24,35862859,1700488559717
1700488543000,1700488544000,47,16168114,1700488559717
1700488543000,1700488544000,54,15195382,1700488559717
1700488543000,1700488544000,63,13350548,1700488559717
1700488543000,1700488544000,100,22102603,1700488559717
1700488544000,1700488545000,13,24427961,1700488561696
1700488544000,1700488545000,24,47345609,1700488561696
1700488544000,1700488545000,47,18125506,1700488561696
1700488544000,1700488545000,54,28564527,1700488561696
1700488544000,1700488545000,63,13150972,1700488561696
1700488544000,1700488545000,100,22868711,1700488561696
1700488545000,1700488546000,13,17986450,1700488563831
1700488545000,1700488546000,24,22749081,1700488563831
1700488545000,1700488546000,47,18100649,1700488563831
1700488545000,1700488546000,54,24987241,1700488563831
1700488545000,1700488546000,63,15254951,1700488563831
1700488545000,1700488546000,100,16159743,1700488563831
1700488546000,1700488547000,13,18427895,1700488565990
1700488546000,1700488547000,24,23840750,1700488565990
1700488546000,1700488547000,47,11669518,1700488565990
1700488546000,1700488547000,54,17339151,1700488565990
1700488546000,1700488547000,63,15978455,1700488565990
1700488546000,1700488547000,100,21613109,1700488565990
1700488547000,1700488548000,13,22436622,1700488568150
1700488547000,1700488548000,24,30353815,1700488568150
1700488547000,1700488548000,47,17004449,1700488568150
1700488547000,1700488548000,54,23486048,1700488568150
1700488547000,1700488548000,63,15302354,1700488568150
1700488547000,1700488548000,100,20494162,1700488568150
1700488548000,1700488549000,13,19897247,1700488570048
1700488548000,1700488549000,24,35701116,1700488570048
1700488548000,1700488549000,47,13237893,1700488570048
1700488548000,1700488549000,54,33771412,1700488570048
1700488548000,1700488549000,63,17113830,1700488570048
1700488548000,1700488549000,100,22395951,1700488570048
1700488549000,1700488550000,13,28271129,1700488572080
1700488549000,1700488550000,24,30283691,1700488572080
1700488549000,1700488550000,47,30485298,1700488572080
1700488549000,1700488550000,54,45794492,1700488572080
1700488549000,1700488550000,63,12174434,1700488572080
1700488549000,1700488550000,100,20920296,1700488572080
1700488550000,1700488551000,13,19004352,1700488574057
1700488550000,1700488551000,24,20613181,1700488574057
1700488550000,1700488551000,47,14991401,1700488574057
1700488550000,1700488551000,54,28536441,1700488574057
1700488550000,1700488551000,63,40826648,1700488574057
1700488550000,1700488551000,100,22228038,1700488574057
1700488551000,1700488552000,13,18790841,1700488575930
1700488551000,1700488552000,24,28963278,1700488575930
1700488551000,1700488552000,47,43026742,1700488575930
1700488551000,1700488552000,54,22089359,1700488575930
1700488551000,1700488552000,63,19881556,1700488575930
1700488551000,1700488552000,100,16639681,1700488575930
1700488552000,1700488553000,13,21298414,1700488578095
1700488552000,1700488553000,24,31688721,1700488578095
1700488552000,1700488553000,47,24802807,1700488578095
1700488552000,1700488553000,54,20495106,1700488578095
1700488552000,1700488553000,63,16519702,1700488578095
1700488552000,1700488553000,100,19810405,1700488578095
1700488553000,1700488554000,13,19981882,1700488580284
1700488553000,1700488554000,24,20544382,1700488580284
1700488553000,1700488554000,47,43844668,1700488580284
1700488553000,1700488554000,54,18426961,1700488580284
1700488553000,1700488554000,63,15131761,1700488580284
1700488553000,1700488554000,100,19093364,1700488580284
1700488554000,1700488555000,13,17355238,1700488582543
1700488554000,1700488555000,24,30840213,1700488582543
1700488554000,1700488555000,47,31925240,1700488582543
1700488554000,1700488555000,54,19866767,1700488582543
1700488554000,1700488555000,63,18263051,1700488582543
1700488554000,1700488555000,100,17467583,1700488582543
1700488555000,1700488556000,13,42386999,1700488584904
1700488555000,1700488556000,24,27178513,1700488584904
1700488555000,1700488556000,47,30038091,1700488584904
1700488555000,1700488556000,54,17691807,1700488584904
1700488555000,1700488556000,63,15384734,1700488584904
1700488555000,1700488556000,100,17680355,1700488584904
1700488556000,1700488557000,13,23052217,1700488587157
1700488556000,1700488557000,24,32024349,1700488587157
1700488556000,1700488557000,47,43555847,1700488587157
1700488556000,1700488557000,54,28885243,1700488587157
1700488556000,1700488557000,63,13342473,1700488587157
1700488556000,1700488557000,100,49887898,1700488587157
1700488557000,1700488558000,13,43209557,1700488589361
1700488557000,1700488558000,24,25641612,1700488589361
1700488557000,1700488558000,47,49242432,1700488589361
1700488557000,1700488558000,54,25424459,1700488589361
1700488557000,1700488558000,63,17873144,1700488589361
1700488557000,1700488558000,100,69383826,1700488589361
1700488558000,1700488559000,13,22794516,1700488591427
1700488558000,1700488559000,24,21642585,1700488591427
1700488558000,1700488559000,47,16605499,1700488591427
1700488558000,1700488559000,54,28036771,1700488591427
1700488558000,1700488559000,63,14895225,1700488591427
1700488558000,1700488559000,100,47678317,1700488591427
1700488559000,1700488560000,13,21652966,1700488593711
1700488559000,1700488560000,24,31922459,1700488593711
1700488559000,1700488560000,47,27440556,1700488593711
1700488559000,1700488560000,54,18534731,1700488593711
1700488559000,1700488560000,63,14548474,1700488593711
1700488559000,1700488560000,100,75920114,1700488593711
1700488560000,1700488561000,13,34693697,1700488595936
1700488560000,1700488561000,24,25066757,1700488595936
1700488560000,1700488561000,47,34619570,1700488595936
1700488560000,1700488561000,54,24815425,1700488595936
1700488560000,1700488561000,63,16335847,1700488595936
1700488560000,1700488561000,100,35249132,1700488595936
1700488561000,1700488562000,13,20366398,1700488598027
1700488561000,1700488562000,24,25051471,1700488598027
1700488561000,1700488562000,47,10493685,1700488598027
1700488561000,1700488562000,54,27940972,1700488598027
1700488561000,1700488562000,63,13857386,1700488598027
1700488561000,1700488562000,100,38339410,1700488598027
1700488562000,1700488563000,13,23779138,1700488600425
1700488562000,1700488563000,24,25523620,1700488600425
1700488562000,1700488563000,47,8648961,1700488600425
1700488562000,1700488563000,54,28204556,1700488600425
1700488562000,1700488563000,63,14133639,1700488600425
1700488562000,1700488563000,100,82477537,1700488600425
1700488563000,1700488564000,13,33333292,1700488602862
1700488563000,1700488564000,24,24217606,1700488602862
1700488563000,1700488564000,47,11419806,1700488602862
1700488563000,1700488564000,54,26522288,1700488602862
1700488563000,1700488564000,63,15288876,1700488602862
1700488563000,1700488564000,100,75637271,1700488602862
1700488564000,1700488565000,13,26123185,1700488604203
1700488564000,1700488565000,24,23186475,1700488604203
1700488564000,1700488565000,47,10051797,1700488604203
1700488564000,1700488565000,54,18533892,1700488604203
1700488564000,1700488565000,63,17044035,1700488604203
1700488564000,1700488565000,100,60653486,1700488604203
1700488565000,1700488566000,13,20801890,1700488605794
1700488565000,1700488566000,24,33853406,1700488605794
1700488565000,1700488566000,47,11894140,1700488605794
1700488565000,1700488566000,54,31757197,1700488605794
1700488565000,1700488566000,63,14899215,1700488605794
1700488565000,1700488566000,100,46697434,1700488605794
1700488566000,1700488567000,13,22689166,1700488607347
1700488566000,1700488567000,24,20399055,1700488607347
1700488566000,1700488567000,47,11571042,1700488607347
1700488566000,1700488567000,54,29776373,1700488607347
1700488566000,1700488567000,63,19400281,1700488607347
1700488566000,1700488567000,100,18886429,1700488607347
1700488567000,1700488568000,13,31978272,1700488608845
1700488567000,1700488568000,24,27942817,1700488608845
1700488567000,1700488568000,47,9086004,1700488608845
1700488567000,1700488568000,54,19598336,1700488608845
1700488567000,1700488568000,63,16594133,1700488608845
1700488567000,1700488568000,100,20631999,1700488608845
1700488568000,1700488569000,13,34262654,1700488610303
1700488568000,1700488569000,24,19690936,1700488610303
1700488568000,1700488569000,47,12913030,1700488610303
1700488568000,1700488569000,54,17371416,1700488610303
1700488568000,1700488569000,63,15660650,1700488610303
1700488568000,1700488569000,100,14758872,1700488610303
1700488569000,1700488570000,13,17570512,1700488611827
1700488569000,1700488570000,24,20912694,1700488611827
1700488569000,1700488570000,47,14097003,1700488611827
1700488569000,1700488570000,54,27029983,1700488611827
1700488569000,1700488570000,63,15405973,1700488611827
1700488569000,1700488570000,100,25076309,1700488611827
1700488570000,1700488571000,13,27730549,1700488613372
1700488570000,1700488571000,24,18083604,1700488613372
1700488570000,1700488571000,47,12938168,1700488613372
1700488570000,1700488571000,54,76074181,1700488613372
1700488570000,1700488571000,63,16515884,1700488613372
1700488570000,1700488571000,100,24028052,1700488613372
1700488571000,1700488572000,13,32173007,1700488614902
1700488571000,1700488572000,24,22434863,1700488614902
1700488571000,1700488572000,47,14103228,1700488614902
1700488571000,1700488572000,54,41360065,1700488614902
1700488571000,1700488572000,63,16458387,1700488614902
1700488571000,1700488572000,100,20374222,1700488614902
1700488572000,1700488573000,13,21464523,1700488616377
1700488572000,1700488573000,24,21684232,1700488616377
1700488572000,1700488573000,47,15454210,1700488616377
1700488572000,1700488573000,54,40468060,1700488616377
1700488572000,1700488573000,63,13506144,1700488616377
1700488572000,1700488573000,100,16941952,1700488616377
1700488573000,1700488574000,13,16199275,1700488617963
1700488573000,1700488574000,24,19510507,1700488617963
1700488573000,1700488574000,47,27556120,1700488617963
1700488573000,1700488574000,54,35777982,1700488617963
1700488573000,1700488574000,63,14020932,1700488617963
1700488573000,1700488574000,100,17766509,1700488617963
1700488574000,1700488575000,13,20001231,1700488619415
1700488574000,1700488575000,24,18599208,1700488619415
1700488574000,1700488575000,47,31336419,1700488619415
1700488574000,1700488575000,54,20791935,1700488619415
1700488574000,1700488575000,63,15089926,1700488619415
1700488574000,1700488575000,100,25324520,1700488619415
1700488575000,1700488576000,13,21155724,1700488620894
1700488575000,1700488576000,24,39536761,1700488620894
1700488575000,1700488576000,47,18608750,1700488620894
1700488575000,1700488576000,54,31919487,1700488620894
1700488575000,1700488576000,63,17877006,1700488620894
1700488575000,1700488576000,100,33307230,1700488620894
1700488576000,1700488577000,13,25040413,1700488622449
1700488576000,1700488577000,24,27433380,1700488622449
1700488576000,1700488577000,47,15999619,1700488622449
1700488576000,1700488577000,54,48242760,1700488622449
1700488576000,1700488577000,63,18346839,1700488622449
1700488576000,1700488577000,100,38119608,1700488622449
1700488577000,1700488578000,13,31368857,1700488623899
1700488577000,1700488578000,24,27029420,1700488623899
1700488577000,1700488578000,47,35076086,1700488623899
1700488577000,1700488578000,54,20850627,1700488623899
1700488577000,1700488578000,63,20935732,1700488623899
1700488577000,1700488578000,100,34573625,1700488623899
1700488578000,1700488579000,13,18156944,1700488625430
1700488578000,1700488579000,24,46552466,1700488625430
1700488578000,1700488579000,47,17622523,1700488625430
1700488578000,1700488579000,54,25922670,1700488625430
1700488578000,1700488579000,63,18519142,1700488625430
1700488578000,1700488579000,100,25906513,1700488625430
1700488579000,1700488580000,13,49057238,1700488626828
1700488579000,1700488580000,24,32668302,1700488626828
1700488579000,1700488580000,47,24801894,1700488626828
1700488579000,1700488580000,54,28658050,1700488626828
1700488579000,1700488580000,63,30973710,1700488626828
1700488579000,1700488580000,100,18889436,1700488626828
1700488580000,1700488581000,13,21653087,1700488628309
1700488580000,1700488581000,24,39255385,1700488628309
1700488580000,1700488581000,47,21266353,1700488628309
1700488580000,1700488581000,54,23574519,1700488628309
1700488580000,1700488581000,63,66657863,1700488628309
1700488580000,1700488581000,100,24540622,1700488628309
1700488581000,1700488582000,13,20220966,1700488629890
1700488581000,1700488582000,24,25863718,1700488629890
1700488581000,1700488582000,47,17068477,1700488629890
1700488581000,1700488582000,54,19258281,1700488629890
1700488581000,1700488582000,63,97182359,1700488629890
1700488581000,1700488582000,100,21958020,1700488629890
1700488582000,1700488583000,13,42079334,1700488631395
1700488582000,1700488583000,24,26150573,1700488631395
1700488582000,1700488583000,47,18762931,1700488631395
1700488582000,1700488583000,54,18266500,1700488631395
1700488582000,1700488583000,63,46808625,1700488631395
1700488582000,1700488583000,100,21880865,1700488631395
1700488583000,1700488584000,13,20830895,1700488632905
1700488583000,1700488584000,24,31457945,1700488632905
1700488583000,1700488584000,47,13906747,1700488632905
1700488583000,1700488584000,54,20751021,1700488632905
1700488583000,1700488584000,63,99522882,1700488632905
1700488583000,1700488584000,100,19450420,1700488632905
1700488584000,1700488585000,13,42085081,1700488634461
1700488584000,1700488585000,24,27264290,1700488634461
1700488584000,1700488585000,47,12578202,1700488634461
1700488584000,1700488585000,54,21935488,1700488634461
1700488584000,1700488585000,63,32895900,1700488634461
1700488584000,1700488585000,100,24744192,1700488634461
1700488585000,1700488586000,13,26400784,1700488635943
1700488585000,1700488586000,24,31497597,1700488635943
1700488585000,1700488586000,47,10267129,1700488635943
1700488585000,1700488586000,54,63544573,1700488635943
1700488585000,1700488586000,63,27472872,1700488635943
1700488585000,1700488586000,100,20005363,1700488635943
1700488586000,1700488587000,13,32556247,1700488637500
1700488586000,1700488587000,24,24121556,1700488637500
1700488586000,1700488587000,47,12532412,1700488637500
1700488586000,1700488587000,54,25710438,1700488637500
1700488586000,1700488587000,63,17891759,1700488637500
1700488586000,1700488587000,100,19913701,1700488637500
1700488587000,1700488588000,13,31771635,1700488639009
1700488587000,1700488588000,24,25039699,1700488639009
1700488587000,1700488588000,47,14373813,1700488639009
1700488587000,1700488588000,54,31592382,1700488639009
1700488587000,1700488588000,63,17399446,1700488639009
1700488587000,1700488588000,100,18831785,1700488639009
1700488588000,1700488589000,13,21440677,1700488640434
1700488588000,1700488589000,24,29676486,1700488640434
1700488588000,1700488589000,47,14064968,1700488640434
1700488588000,1700488589000,54,34801829,1700488640434
1700488588000,1700488589000,63,17586676,1700488640434
1700488588000,1700488589000,100,23701874,1700488640434
1700488589000,1700488590000,13,21592365,1700488641939
1700488589000,1700488590000,24,29320180,1700488641939
1700488589000,1700488590000,47,14392128,1700488641939
1700488589000,1700488590000,54,66696299,1700488641939
1700488589000,1700488590000,63,18094010,1700488641939
1700488589000,1700488590000,100,19212963,1700488641939
1700488590000,1700488591000,13,26131945,1700488643421
1700488590000,1700488591000,24,22466897,1700488643421
1700488590000,1700488591000,47,17526522,1700488643421
1700488590000,1700488591000,54,21689786,1700488643421
1700488590000,1700488591000,63,16169880,1700488643421
1700488590000,1700488591000,100,18721336,1700488643421
1700488591000,1700488592000,13,36406313,1700488644874
1700488591000,1700488592000,24,30143323,1700488644874
1700488591000,1700488592000,47,11201707,1700488644874
1700488591000,1700488592000,54,25266814,1700488644874
1700488591000,1700488592000,63,16147130,1700488644874
1700488591000,1700488592000,100,21893077,1700488644874
1700488592000,1700488593000,13,37306137,1700488646179
1700488592000,1700488593000,24,19851194,1700488646179
1700488592000,1700488593000,47,17213454,1700488646179
1700488592000,1700488593000,54,30232983,1700488646179
1700488592000,1700488593000,63,13126209,1700488646179
1700488592000,1700488593000,100,22738918,1700488646179
1700488593000,1700488594000,13,24885291,1700488647462
1700488593000,1700488594000,24,21768946,1700488647462
1700488593000,1700488594000,47,14069339,1700488647462
1700488593000,1700488594000,54,65251247,1700488647462
1700488593000,1700488594000,63,13609492,1700488647462
1700488593000,1700488594000,100,25930047,1700488647462
1700488594000,1700488595000,13,26389430,1700488649026
1700488594000,1700488595000,24,25473200,1700488649026
1700488594000,1700488595000,47,15313612,1700488649026
1700488594000,1700488595000,54,77809315,1700488649026
1700488594000,1700488595000,63,20332410,1700488649026
1700488594000,1700488595000,100,49238595,1700488649026
1700488595000,1700488596000,13,25412963,1700488650553
1700488595000,1700488596000,24,32220936,1700488650553
1700488595000,1700488596000,47,14356464,1700488650553
1700488595000,1700488596000,54,146065615,1700488650553
1700488595000,1700488596000,63,47742168,1700488650553
1700488595000,1700488596000,100,75705641,1700488650553
1700488596000,1700488597000,13,25431453,1700488652030
1700488596000,1700488597000,24,29812053,1700488652030
1700488596000,1700488597000,47,22038968,1700488652030
1700488596000,1700488597000,54,202375091,1700488652030
1700488596000,1700488597000,63,95260044,1700488652030
1700488596000,1700488597000,100,84802249,1700488652030
1700488597000,1700488598000,13,27017834,1700488653607
1700488597000,1700488598000,24,37465868,1700488653607
1700488597000,1700488598000,47,25778397,1700488653607
1700488597000,1700488598000,54,178924407,1700488653607
1700488597000,1700488598000,63,209514010,1700488653607
1700488597000,1700488598000,100,74865611,1700488653607
1700488598000,1700488599000,13,34167501,1700488655156
1700488598000,1700488599000,24,122427769,1700488655156
1700488598000,1700488599000,47,162163464,1700488655156
1700488598000,1700488599000,54,178833248,1700488655156
1700488598000,1700488599000,63,229167869,1700488655156
1700488598000,1700488599000,100,91185920,1700488655156
1700488599000,1700488600000,13,32231054,1700488656665
1700488599000,1700488600000,24,150729674,1700488656665
1700488599000,1700488600000,47,44365714,1700488656665
1700488599000,1700488600000,54,207809237,1700488656665
1700488599000,1700488600000,63,133519971,1700488656665
1700488599000,1700488600000,100,48993965,1700488656665
1700488600000,1700488601000,13,36955031,1700488658200
1700488600000,1700488601000,24,91704571,1700488658200
1700488600000,1700488601000,47,188401965,1700488658200
1700488600000,1700488601000,54,133937424,1700488658200
1700488600000,1700488601000,63,148558140,1700488658200
1700488600000,1700488601000,100,40124837,1700488658200
1700488601000,1700488602000,13,226713739,1700488659712
1700488601000,1700488602000,24,158442303,1700488659712
1700488601000,1700488602000,47,109634871,1700488659712
1700488601000,1700488602000,54,61633211,1700488659712
1700488601000,1700488602000,63,35076783,1700488659712
1700488601000,1700488602000,100,103263538,1700488659712
1700488602000,1700488603000,13,73874093,1700488661267
1700488602000,1700488603000,24,211559715,1700488661267
1700488602000,1700488603000,47,154061850,1700488661267
1700488602000,1700488603000,54,129655958,1700488661267
1700488602000,1700488603000,63,39728420,1700488661267
1700488602000,1700488603000,100,55741174,1700488661267
1700488603000,1700488604000,13,253507675,1700488662773
1700488603000,1700488604000,24,117974121,1700488662773
1700488603000,1700488604000,47,197258924,1700488662773
1700488603000,1700488604000,54,48110673,1700488662773
1700488603000,1700488604000,63,67353870,1700488662773
1700488603000,1700488604000,100,60238037,1700488662773
1700488604000,1700488605000,13,260483846,1700488664277
1700488604000,1700488605000,24,158930928,1700488664277
1700488604000,1700488605000,47,64300531,1700488664277
1700488604000,1700488605000,54,31264934,1700488664277
1700488604000,1700488605000,63,55463149,1700488664277
1700488604000,1700488605000,100,89497091,1700488664277
1700488605000,1700488606000,13,216000020,1700488665837
1700488605000,1700488606000,24,172385924,1700488665837
1700488605000,1700488606000,47,65432543,1700488665837
1700488605000,1700488606000,54,115333769,1700488665837
1700488605000,1700488606000,63,38839872,1700488665837
1700488605000,1700488606000,100,80326690,1700488665837
1700488606000,1700488607000,13,62917693,1700488667369
1700488606000,1700488607000,24,39825698,1700488667369
1700488606000,1700488607000,47,28569384,1700488667369
1700488606000,1700488607000,54,45764828,1700488667369
1700488606000,1700488607000,63,27953151,1700488667369
1700488606000,1700488607000,100,67680671,1700488667369
1700488607000,1700488608000,13,143663926,1700488668870
1700488607000,1700488608000,24,66143092,1700488668870
1700488607000,1700488608000,47,106418680,1700488668870
1700488607000,1700488608000,54,33265063,1700488668870
1700488607000,1700488608000,63,47477791,1700488668870
1700488607000,1700488608000,100,55700063,1700488668870
1700488608000,1700488609000,13,36585452,1700488670408
1700488608000,1700488609000,24,27316043,1700488670408
1700488608000,1700488609000,47,65888511,1700488670408
1700488608000,1700488609000,54,155928953,1700488670408
1700488608000,1700488609000,63,18650848,1700488670408
1700488608000,1700488609000,100,65427228,1700488670408
1700488609000,1700488610000,13,29697830,1700488671885
1700488609000,1700488610000,24,23685289,1700488671885
1700488609000,1700488610000,47,15675171,1700488671885
1700488609000,1700488610000,54,118727528,1700488671885
1700488609000,1700488610000,63,18202021,1700488671885
1700488609000,1700488610000,100,46949498,1700488671885
1700488610000,1700488611000,13,45001059,1700488673397
1700488610000,1700488611000,24,33829204,1700488673397
1700488610000,1700488611000,47,20500423,1700488673397
1700488610000,1700488611000,54,159673262,1700488673397
1700488610000,1700488611000,63,16539079,1700488673397
1700488610000,1700488611000,100,27675949,1700488673397
1700488611000,1700488612000,13,39136475,1700488674854
1700488611000,1700488612000,24,78246254,1700488674854
1700488611000,1700488612000,47,62439216,1700488674854
1700488611000,1700488612000,54,72379377,1700488674854
1700488611000,1700488612000,63,70618320,1700488674854
1700488611000,1700488612000,100,132133223,1700488674854
1700488612000,1700488613000,13,42336112,1700488676363
1700488612000,1700488613000,24,170953250,1700488676363
1700488612000,1700488613000,47,25037824,1700488676363
1700488612000,1700488613000,54,24693176,1700488676363
1700488612000,1700488613000,63,78686719,1700488676363
1700488612000,1700488613000,100,50300048,1700488676363
1700488613000,1700488614000,13,49103355,1700488677895
1700488613000,1700488614000,24,152230271,1700488677895
1700488613000,1700488614000,47,36240511,1700488677895
1700488613000,1700488614000,54,20662964,1700488677895
1700488613000,1700488614000,63,31932841,1700488677895
1700488613000,1700488614000,100,114904670,1700488677895
1700488614000,1700488615000,13,52744223,1700488679405
1700488614000,1700488615000,24,173106457,1700488679405
1700488614000,1700488615000,47,99554336,1700488679405
1700488614000,1700488615000,54,33487320,1700488679405
1700488614000,1700488615000,63,19830740,1700488679405
1700488614000,1700488615000,100,83098087,1700488679405
1700488615000,1700488616000,13,38367067,1700488680946
1700488615000,1700488616000,24,20821419,1700488680946
1700488615000,1700488616000,47,31989704,1700488680946
1700488615000,1700488616000,54,143432281,1700488680946
1700488615000,1700488616000,63,27663663,1700488680946
1700488615000,1700488616000,100,100886197,1700488680946
1700488616000,1700488617000,13,27067708,1700488682450
1700488616000,1700488617000,24,20411874,1700488682450
1700488616000,1700488617000,47,44337778,1700488682450
1700488616000,1700488617000,54,86546992,1700488682450
1700488616000,1700488617000,63,30267089,1700488682450
1700488616000,1700488617000,100,60100609,1700488682450
1700488617000,1700488618000,13,21138938,1700488683959
1700488617000,1700488618000,24,66093740,1700488683959
1700488617000,1700488618000,47,82579677,1700488683959
1700488617000,1700488618000,54,104724880,1700488683959
1700488617000,1700488618000,63,36411754,1700488683959
1700488617000,1700488618000,100,48541898,1700488683959
1700488618000,1700488619000,13,22448125,1700488685498
1700488618000,1700488619000,24,68889678,1700488685498
1700488618000,1700488619000,47,47987776,1700488685498
1700488618000,1700488619000,54,66027332,1700488685498
1700488618000,1700488619000,63,21997509,1700488685498
1700488618000,1700488619000,100,41333465,1700488685498
1700488619000,1700488620000,13,24221258,1700488686927
1700488619000,1700488620000,24,154755455,1700488686927
1700488619000,1700488620000,47,76653924,1700488686927
1700488619000,1700488620000,54,85704131,1700488686927
1700488619000,1700488620000,63,28009961,1700488686927
1700488619000,1700488620000,100,28167393,1700488686927
1700488620000,1700488621000,13,22114475,1700488688466
1700488620000,1700488621000,24,104183360,1700488688466
1700488620000,1700488621000,47,27393238,1700488688466
1700488620000,1700488621000,54,125529460,1700488688466
1700488620000,1700488621000,63,17617322,1700488688466
1700488620000,1700488621000,100,27363404,1700488688466
1700488621000,1700488622000,13,38518671,1700488689975
1700488621000,1700488622000,24,64261041,1700488689975
1700488621000,1700488622000,47,106197049,1700488689975
1700488621000,1700488622000,54,41434703,1700488689975
1700488621000,1700488622000,63,19972268,1700488689975
1700488621000,1700488622000,100,73810574,1700488689975
1700488622000,1700488623000,13,31043842,1700488691508
1700488622000,1700488623000,24,82131814,1700488691508
1700488622000,1700488623000,47,35234460,1700488691508
1700488622000,1700488623000,54,56453658,1700488691508
1700488622000,1700488623000,63,14461894,1700488691508
1700488622000,1700488623000,100,131632898,1700488691508
1700488623000,1700488624000,13,36518039,1700488693044
1700488623000,1700488624000,24,63386703,1700488693044
1700488623000,1700488624000,47,34822539,1700488693044
1700488623000,1700488624000,54,35786093,1700488693044
1700488623000,1700488624000,63,19677776,1700488693044
1700488623000,1700488624000,100,35474400,1700488693044
1700488624000,1700488625000,13,28261417,1700488694501
1700488624000,1700488625000,24,30931567,1700488694501
1700488624000,1700488625000,47,44132173,1700488694501
1700488624000,1700488625000,54,31106192,1700488694501
1700488624000,1700488625000,63,16634021,1700488694501
1700488624000,1700488625000,100,60237308,1700488694501
1700488625000,1700488626000,13,30228590,1700488695908
1700488625000,1700488626000,24,159052566,1700488695908
1700488625000,1700488626000,47,22076531,1700488695908
1700488625000,1700488626000,54,37916232,1700488695908
1700488625000,1700488626000,63,12446456,1700488695908
1700488625000,1700488626000,100,117657250,1700488695908
1700488626000,1700488627000,13,26732887,1700488697442
1700488626000,1700488627000,24,50113384,1700488697442
1700488626000,1700488627000,47,35010075,1700488697442
1700488626000,1700488627000,54,76092392,1700488697442
1700488626000,1700488627000,63,19637713,1700488697442
1700488626000,1700488627000,100,283305121,1700488697442
1700488627000,1700488628000,13,21489842,1700488698951
1700488627000,1700488628000,24,169436591,1700488698951
1700488627000,1700488628000,47,41441079,1700488698951
1700488627000,1700488628000,54,62749600,1700488698951
1700488627000,1700488628000,63,48448500,1700488698951
1700488627000,1700488628000,100,289629435,1700488698951
1700488628000,1700488629000,13,65575597,1700488700465
1700488628000,1700488629000,24,44694566,1700488700465
1700488628000,1700488629000,47,17988958,1700488700465
1700488628000,1700488629000,54,35538434,1700488700465
1700488628000,1700488629000,63,53600484,1700488700465
1700488628000,1700488629000,100,603691881,1700488700465
1700488629000,1700488630000,13,78266638,1700488702000
1700488629000,1700488630000,24,77029490,1700488702000
1700488629000,1700488630000,47,22951824,1700488702000
1700488629000,1700488630000,54,26334720,1700488702000
1700488629000,1700488630000,63,154136524,1700488702000
1700488629000,1700488630000,100,707000037,1700488702000
1700488630000,1700488631000,13,25745054,1700488703536
1700488630000,1700488631000,24,26274516,1700488703536
1700488630000,1700488631000,47,28061585,1700488703536
1700488630000,1700488631000,54,20137564,1700488703536
1700488630000,1700488631000,63,127845134,1700488703536
1700488630000,1700488631000,100,783303367,1700488703536
1700488631000,1700488632000,13,27329216,1700488705072
1700488631000,1700488632000,24,53775198,1700488705072
1700488631000,1700488632000,47,16426324,1700488705072
1700488631000,1700488632000,54,23879096,1700488705072
1700488631000,1700488632000,63,96758738,1700488705072
1700488631000,1700488632000,100,862926701,1700488705072
1700488632000,1700488633000,13,26122871,1700488706527
1700488632000,1700488633000,24,19991465,1700488706527
1700488632000,1700488633000,47,22329559,1700488706527
1700488632000,1700488633000,54,27878866,1700488706527
1700488632000,1700488633000,63,135208901,1700488706527
1700488632000,1700488633000,100,732620887,1700488706527
1700488633000,1700488634000,13,30640527,1700488708069
1700488633000,1700488634000,24,27671791,1700488708069
1700488633000,1700488634000,47,25366628,1700488708069
1700488633000,1700488634000,54,80893470,1700488708069
1700488633000,1700488634000,63,28866693,1700488708069
1700488633000,1700488634000,100,818467416,1700488708069
1700488634000,1700488635000,13,28591154,1700488709579
1700488634000,1700488635000,24,24898215,1700488709579
1700488634000,1700488635000,47,18798515,1700488709579
1700488634000,1700488635000,54,246857335,1700488709579
1700488634000,1700488635000,63,25852689,1700488709579
1700488634000,1700488635000,100,864111741,1700488709579
1700488635000,1700488636000,13,48653463,1700488711145
1700488635000,1700488636000,24,24910376,1700488711145
1700488635000,1700488636000,47,23280809,1700488711145
1700488635000,1700488636000,54,413286815,1700488711145
1700488635000,1700488636000,63,53173285,1700488711145
1700488635000,1700488636000,100,388597801,1700488711145
1700488636000,1700488637000,13,26506196,1700488712655
1700488636000,1700488637000,24,62672841,1700488712655
1700488636000,1700488637000,47,56235455,1700488712655
1700488636000,1700488637000,54,434271986,1700488712655
1700488636000,1700488637000,63,145233283,1700488712655
1700488636000,1700488637000,100,251481461,1700488712655
1700488637000,1700488638000,13,37146674,1700488714195
1700488637000,1700488638000,24,48648250,1700488714195
1700488637000,1700488638000,47,101877289,1700488714195
1700488637000,1700488638000,54,491957166,1700488714195
1700488637000,1700488638000,63,229036108,1700488714195
1700488637000,1700488638000,100,247095334,1700488714195
1700488638000,1700488639000,13,40238783,1700488715730
1700488638000,1700488639000,24,89606053,1700488715730
1700488638000,1700488639000,47,241151925,1700488715730
1700488638000,1700488639000,54,249389308,1700488715730
1700488638000,1700488639000,63,209985794,1700488715730
1700488638000,1700488639000,100,302067379,1700488715730
1700488639000,1700488640000,13,40845388,1700488717160
1700488639000,1700488640000,24,171161644,1700488717160
1700488639000,1700488640000,47,237455867,1700488717160
1700488639000,1700488640000,54,238082800,1700488717160
1700488639000,1700488640000,63,232280525,1700488717160
1700488639000,1700488640000,100,208485483,1700488717160
1700488640000,1700488641000,13,162655527,1700488718647
1700488640000,1700488641000,24,94552483,1700488718647
1700488640000,1700488641000,47,213429790,1700488718647
1700488640000,1700488641000,54,124000495,1700488718647
1700488640000,1700488641000,63,231684688,1700488718647
1700488640000,1700488641000,100,226288509,1700488718647
1700488641000,1700488642000,13,312792930,1700488720181
1700488641000,1700488642000,24,105237789,1700488720181
1700488641000,1700488642000,47,213675060,1700488720181
1700488641000,1700488642000,54,160481741,1700488720181
1700488641000,1700488642000,63,141602248,1700488720181
1700488641000,1700488642000,100,139708128,1700488720181
1700488642000,1700488643000,13,283998195,1700488721639
1700488642000,1700488643000,24,70375332,1700488721639
1700488642000,1700488643000,47,184644996,1700488721639
1700488642000,1700488643000,54,165051277,1700488721639
1700488642000,1700488643000,63,170476384,1700488721639
1700488642000,1700488643000,100,141305189,1700488721639
1700488643000,1700488644000,13,231546781,1700488723072
1700488643000,1700488644000,24,180573059,1700488723072
1700488643000,1700488644000,47,288942316,1700488723072
1700488643000,1700488644000,54,101444246,1700488723072
1700488643000,1700488644000,63,185503794,1700488723072
1700488643000,1700488644000,100,97945395,1700488723072
1700488644000,1700488645000,13,170197295,1700488724555
1700488644000,1700488645000,24,141238139,1700488724555
1700488644000,1700488645000,47,198558820,1700488724555
1700488644000,1700488645000,54,112383807,1700488724555
1700488644000,1700488645000,63,113647745,1700488724555
1700488644000,1700488645000,100,160941595,1700488724555
1700488645000,1700488646000,13,302995045,1700488726095
1700488645000,1700488646000,24,65854596,1700488726095
1700488645000,1700488646000,47,221208319,1700488726095
1700488645000,1700488646000,54,94889553,1700488726095
1700488645000,1700488646000,63,98316626,1700488726095
1700488645000,1700488646000,100,156061842,1700488726095
1700488646000,1700488647000,13,322065238,1700488727630
1700488646000,1700488647000,24,137391161,1700488727630
1700488646000,1700488647000,47,99829762,1700488727630
1700488646000,1700488647000,54,154692173,1700488727630
1700488646000,1700488647000,63,78944064,1700488727630
1700488646000,1700488647000,100,239948411,1700488727630
1700488647000,1700488648000,13,324704998,1700488729169
1700488647000,1700488648000,24,34749718,1700488729169
1700488647000,1700488648000,47,157095630,1700488729169
1700488647000,1700488648000,54,55064107,1700488729169
1700488647000,1700488648000,63,79155161,1700488729169
1700488647000,1700488648000,100,166662424,1700488729169
1700488648000,1700488649000,13,282118341,1700488730705
1700488648000,1700488649000,24,140010566,1700488730705
1700488648000,1700488649000,47,160798700,1700488730705
1700488648000,1700488649000,54,105199029,1700488730705
1700488648000,1700488649000,63,60497311,1700488730705
1700488648000,1700488649000,100,255232365,1700488730705
1700488649000,1700488650000,13,422971159,1700488732187
1700488649000,1700488650000,24,49658004,1700488732187
1700488649000,1700488650000,47,62576797,1700488732187
1700488649000,1700488650000,54,52624348,1700488732187
1700488649000,1700488650000,63,65832642,1700488732187
1700488649000,1700488650000,100,272108667,1700488732187
1700488650000,1700488651000,13,295491001,1700488733702
1700488650000,1700488651000,24,33240781,1700488733702
1700488650000,1700488651000,47,91582996,1700488733702
1700488650000,1700488651000,54,143178274,1700488733702
1700488650000,1700488651000,63,137388007,1700488733702
1700488650000,1700488651000,100,262503233,1700488733702
1700488651000,1700488652000,13,204337292,1700488735239
1700488651000,1700488652000,24,78339063,1700488735239
1700488651000,1700488652000,47,20490977,1700488735239
1700488651000,1700488652000,54,38000766,1700488735239
1700488651000,1700488652000,63,34659928,1700488735239
1700488651000,1700488652000,100,211812626,1700488735239
1700488652000,1700488653000,13,153954372,1700488736746
1700488652000,1700488653000,24,32295635,1700488736746
1700488652000,1700488653000,47,16113335,1700488736746
1700488652000,1700488653000,54,81496687,1700488736746
1700488652000,1700488653000,63,140819902,1700488736746
1700488652000,1700488653000,100,198756620,1700488736746
1700488653000,1700488654000,13,35613368,1700488738280
1700488653000,1700488654000,24,136613092,1700488738280
1700488653000,1700488654000,47,16256836,1700488738280
1700488653000,1700488654000,54,138803569,1700488738280
1700488653000,1700488654000,63,61907240,1700488738280
1700488653000,1700488654000,100,203822776,1700488738280
1700488654000,1700488655000,13,20848300,1700488739816
1700488654000,1700488655000,24,47864672,1700488739816
1700488654000,1700488655000,47,97157556,1700488739816
1700488654000,1700488655000,54,94786139,1700488739816
1700488654000,1700488655000,63,126042588,1700488739816
1700488654000,1700488655000,100,267172682,1700488739816
1700488655000,1700488656000,13,221926327,1700488741329
1700488655000,1700488656000,24,30199758,1700488741329
1700488655000,1700488656000,47,67562704,1700488741329
1700488655000,1700488656000,54,135057948,1700488741329
1700488655000,1700488656000,63,172295935,1700488741329
1700488655000,1700488656000,100,235722136,1700488741329
1700488656000,1700488657000,13,160818047,1700488742834
1700488656000,1700488657000,24,75016462,1700488742834
1700488656000,1700488657000,47,156591432,1700488742834
1700488656000,1700488657000,54,298643927,1700488742834
1700488656000,1700488657000,63,397016851,1700488742834
1700488656000,1700488657000,100,136297459,1700488742834
1700488657000,1700488658000,13,98769007,1700488744080
1700488657000,1700488658000,24,162026364,1700488744080
1700488657000,1700488658000,47,209350244,1700488744080
1700488657000,1700488658000,54,664891102,1700488744080
1700488657000,1700488658000,63,462748589,1700488744080
1700488657000,1700488658000,100,264201352,1700488744080
1700488658000,1700488659000,13,141224381,1700488745330
1700488658000,1700488659000,24,94124426,1700488745330
1700488658000,1700488659000,47,111070806,1700488745330
1700488658000,1700488659000,54,427647489,1700488745330
1700488658000,1700488659000,63,391061795,1700488745330
1700488658000,1700488659000,100,255200713,1700488745330
1700488659000,1700488660000,13,37228028,1700488746446
1700488659000,1700488660000,24,182647712,1700488746446
1700488659000,1700488660000,47,355698320,1700488746446
1700488659000,1700488660000,54,658258301,1700488746446
1700488659000,1700488660000,63,283817880,1700488746446
1700488659000,1700488660000,100,251774310,1700488746446
1700488660000,1700488661000,13,48698362,1700488747557
1700488660000,1700488661000,24,100470297,1700488747557
1700488660000,1700488661000,47,291297013,1700488747557
1700488660000,1700488661000,54,392184702,1700488747557
1700488660000,1700488661000,63,367777423,1700488747557
1700488660000,1700488661000,100,101317356,1700488747557
1700488661000,1700488662000,13,138358691,1700488748591
1700488661000,1700488662000,24,316190407,1700488748591
1700488661000,1700488662000,47,219118747,1700488748591
1700488661000,1700488662000,54,403537742,1700488748591
1700488661000,1700488662000,63,431560936,1700488748591
1700488661000,1700488662000,100,200112069,1700488748591
1700488662000,1700488663000,13,82526637,1700488749628
1700488662000,1700488663000,24,484520935,1700488749628
1700488662000,1700488663000,47,368935875,1700488749628
1700488662000,1700488663000,54,626687298,1700488749628
1700488662000,1700488663000,63,346442135,1700488749628
1700488662000,1700488663000,100,147288435,1700488749628
1700488663000,1700488664000,13,44549274,1700488750605
1700488663000,1700488664000,24,483946510,1700488750605
1700488663000,1700488664000,47,426583303,1700488750605
1700488663000,1700488664000,54,439174471,1700488750605
1700488663000,1700488664000,63,355229970,1700488750605
1700488663000,1700488664000,100,149291850,1700488750605
1700488664000,1700488665000,13,66386658,1700488751665
1700488664000,1700488665000,24,452447464,1700488751665
1700488664000,1700488665000,47,383191016,1700488751665
1700488664000,1700488665000,54,771465917,1700488751665
1700488664000,1700488665000,63,252697708,1700488751665
1700488664000,1700488665000,100,180515411,1700488751665
1700488665000,1700488666000,13,175546035,1700488752670
1700488665000,1700488666000,24,588581768,1700488752670
1700488665000,1700488666000,47,547324779,1700488752670
1700488665000,1700488666000,54,288857054,1700488752670
1700488665000,1700488666000,63,197472060,1700488752670
1700488665000,1700488666000,100,135668357,1700488752670
1700488666000,1700488667000,13,143484136,1700488753680
1700488666000,1700488667000,24,418941824,1700488753680
1700488666000,1700488667000,47,484598040,1700488753680
1700488666000,1700488667000,54,581509381,1700488753680
1700488666000,1700488667000,63,124710631,1700488753680
1700488666000,1700488667000,100,160764969,1700488753680
1700488667000,1700488668000,13,189021868,1700488754712
1700488667000,1700488668000,24,602193093,1700488754712
1700488667000,1700488668000,47,659834136,1700488754712
1700488667000,1700488668000,54,770826184,1700488754712
1700488667000,1700488668000,63,226520905,1700488754712
1700488667000,1700488668000,100,234723322,1700488754712
1700488668000,1700488669000,13,21660526,1700488755687
1700488668000,1700488669000,24,395242104,1700488755687
1700488668000,1700488669000,47,840951438,1700488755687
1700488668000,1700488669000,54,789693088,1700488755687
1700488668000,1700488669000,63,289947960,1700488755687
1700488668000,1700488669000,100,263774487,1700488755687
1700488669000,1700488670000,13,246766257,1700488756746
1700488669000,1700488670000,24,513648792,1700488756746
1700488669000,1700488670000,47,250525787,1700488756746
1700488669000,1700488670000,54,426424668,1700488756746
1700488669000,1700488670000,63,151195385,1700488756746
1700488669000,1700488670000,100,274661418,1700488756746
1700488670000,1700488671000,13,55288284,1700488757726
1700488670000,1700488671000,24,378667370,1700488757726
1700488670000,1700488671000,47,366424425,1700488757726
1700488670000,1700488671000,54,235359405,1700488757726
1700488670000,1700488671000,63,187898008,1700488757726
1700488670000,1700488671000,100,202477418,1700488757726
1700488671000,1700488672000,13,275797719,1700488758759
1700488671000,1700488672000,24,548759600,1700488758759
1700488671000,1700488672000,47,769592866,1700488758759
1700488671000,1700488672000,54,455435116,1700488758759
1700488671000,1700488672000,63,408861019,1700488758759
1700488671000,1700488672000,100,77229185,1700488758759
1700488672000,1700488673000,13,143119848,1700488759814
1700488672000,1700488673000,24,646633995,1700488759814
1700488672000,1700488673000,47,611513569,1700488759814
1700488672000,1700488673000,54,598931852,1700488759814
1700488672000,1700488673000,63,668382497,1700488759814
1700488672000,1700488673000,100,272391845,1700488759814
1700488673000,1700488674000,13,121272890,1700488760794
1700488673000,1700488674000,24,785465986,1700488760794
1700488673000,1700488674000,47,433516384,1700488760794
1700488673000,1700488674000,54,880731276,1700488760794
1700488673000,1700488674000,63,542419799,1700488760794
1700488673000,1700488674000,100,312752849,1700488760794
1700488674000,1700488675000,13,100274243,1700488761822
1700488674000,1700488675000,24,927873889,1700488761822
1700488674000,1700488675000,47,565776643,1700488761822
1700488674000,1700488675000,54,562508162,1700488761822
1700488674000,1700488675000,63,632921225,1700488761822
1700488674000,1700488675000,100,559343665,1700488761822
1700488675000,1700488676000,13,118419593,1700488762983
1700488675000,1700488676000,24,450399105,1700488762983
1700488675000,1700488676000,47,563041619,1700488762983
1700488675000,1700488676000,54,483060341,1700488762983
1700488675000,1700488676000,63,394970311,1700488762983
1700488675000,1700488676000,100,471334817,1700488762983
1700488676000,1700488677000,13,199957428,1700488764174
1700488676000,1700488677000,24,381258953,1700488764174
1700488676000,1700488677000,47,711659596,1700488764174
1700488676000,1700488677000,54,609466297,1700488764174
1700488676000,1700488677000,63,507580056,1700488764174
1700488676000,1700488677000,100,306285614,1700488764174
1700488677000,1700488678000,13,312535397,1700488765464
1700488677000,1700488678000,24,877548122,1700488765464
1700488677000,1700488678000,47,704431203,1700488765464
1700488677000,1700488678000,54,420366870,1700488765464
1700488677000,1700488678000,63,524913763,1700488765464
1700488677000,1700488678000,100,168482500,1700488765464
1700488678000,1700488679000,13,261341588,1700488766757
1700488678000,1700488679000,24,649806486,1700488766757
1700488678000,1700488679000,47,709963061,1700488766757
1700488678000,1700488679000,54,345871786,1700488766757
1700488678000,1700488679000,63,491568879,1700488766757
1700488678000,1700488679000,100,148689466,1700488766757
1700488679000,1700488680000,13,154260817,1700488767998
1700488679000,1700488680000,24,906178749,1700488767998
1700488679000,1700488680000,47,654100730,1700488767998
1700488679000,1700488680000,54,433939638,1700488767998
1700488679000,1700488680000,63,419478989,1700488767998
1700488679000,1700488680000,100,144898017,1700488767998
1700488680000,1700488681000,13,100377206,1700488769290
1700488680000,1700488681000,24,498338697,1700488769290
1700488680000,1700488681000,47,343468079,1700488769290
1700488680000,1700488681000,54,505801536,1700488769290
1700488680000,1700488681000,63,611403025,1700488769290
1700488680000,1700488681000,100,100151441,1700488769290
1700488681000,1700488682000,13,307439903,1700488770526
1700488681000,1700488682000,24,512780012,1700488770526
1700488681000,1700488682000,47,456331114,1700488770526
1700488681000,1700488682000,54,859749877,1700488770526
1700488681000,1700488682000,63,445843038,1700488770526
1700488681000,1700488682000,100,110664202,1700488770526
1700488682000,1700488683000,13,310549276,1700488771818
1700488682000,1700488683000,24,513976038,1700488771818
1700488682000,1700488683000,47,534875501,1700488771818
1700488682000,1700488683000,54,1055859306,1700488771818
1700488682000,1700488683000,63,522749473,1700488771818
1700488682000,1700488683000,100,81474662,1700488771818
1700488683000,1700488684000,13,135473217,1700488773087
1700488683000,1700488684000,24,89063345,1700488773087
1700488683000,1700488684000,47,398304430,1700488773087
1700488683000,1700488684000,54,1011477674,1700488773087
1700488683000,1700488684000,63,708541365,1700488773087
1700488683000,1700488684000,100,131919567,1700488773087
1700488684000,1700488685000,13,241599662,1700488774356
1700488684000,1700488685000,24,405847127,1700488774356
1700488684000,1700488685000,47,609206623,1700488774356
1700488684000,1700488685000,54,631389573,1700488774356
1700488684000,1700488685000,63,492199516,1700488774356
1700488684000,1700488685000,100,245967582,1700488774356
1700488685000,1700488686000,13,261226857,1700488775521
1700488685000,1700488686000,24,834191478,1700488775521
1700488685000,1700488686000,47,473898501,1700488775521
1700488685000,1700488686000,54,668738681,1700488775521
1700488685000,1700488686000,63,683708909,1700488775521
1700488685000,1700488686000,100,229988267,1700488775521
1700488686000,1700488687000,13,139857692,1700488776393
1700488686000,1700488687000,24,470232187,1700488776393
1700488686000,1700488687000,47,691633650,1700488776393
1700488686000,1700488687000,54,901108807,1700488776393
1700488686000,1700488687000,63,716064521,1700488776393
1700488686000,1700488687000,100,217875249,1700488776393
1700488687000,1700488688000,13,286951650,1700488777293
1700488687000,1700488688000,24,624307655,1700488777293
1700488687000,1700488688000,47,847530759,1700488777293
1700488687000,1700488688000,54,620202051,1700488777293
1700488687000,1700488688000,63,1136813739,1700488777293
1700488687000,1700488688000,100,167587441,1700488777293
1700488688000,1700488689000,13,353227461,1700488777876
1700488688000,1700488689000,24,1012596449,1700488777876
1700488688000,1700488689000,47,534386652,1700488777876
1700488688000,1700488689000,54,753407356,1700488777876
1700488688000,1700488689000,63,1214332839,1700488777876
1700488688000,1700488689000,100,218202727,1700488777876
1700488689000,1700488690000,13,406632276,1700488778596
1700488689000,1700488690000,24,746615551,1700488778596
1700488689000,1700488690000,47,252645379,1700488778596
1700488689000,1700488690000,54,814241909,1700488778596
1700488689000,1700488690000,63,1089656544,1700488778596
1700488689000,1700488690000,100,324467913,1700488778596
1700488690000,1700488691000,13,366810117,1700488779178
1700488690000,1700488691000,24,1131702084,1700488779178
1700488690000,1700488691000,47,521636436,1700488779178
1700488690000,1700488691000,54,592471018,1700488779178
1700488690000,1700488691000,63,1002660068,1700488779178
1700488690000,1700488691000,100,267812889,1700488779178
1700488691000,1700488692000,13,443562496,1700488779871
1700488691000,1700488692000,24,830076698,1700488779871
1700488691000,1700488692000,47,761218206,1700488779871
1700488691000,1700488692000,54,748220200,1700488779871
1700488691000,1700488692000,63,807183329,1700488779871
1700488691000,1700488692000,100,242437726,1700488779871
1700488692000,1700488693000,13,524077571,1700488780586
1700488692000,1700488693000,24,465072940,1700488780586
1700488692000,1700488693000,47,489191123,1700488780586
1700488692000,1700488693000,54,472522630,1700488780586
1700488692000,1700488693000,63,710365856,1700488780586
1700488692000,1700488693000,100,211583946,1700488780586
1700488693000,1700488694000,13,324439849,1700488781408
1700488693000,1700488694000,24,728443202,1700488781408
1700488693000,1700488694000,47,487281610,1700488781408
1700488693000,1700488694000,54,409134251,1700488781408
1700488693000,1700488694000,63,384813943,1700488781408
1700488693000,1700488694000,100,189354964,1700488781408
1700488694000,1700488695000,13,29564150,1700488782417
1700488694000,1700488695000,24,701793466,1700488782417
1700488694000,1700488695000,47,710710263,1700488782417
1700488694000,1700488695000,54,371532467,1700488782417
1700488694000,1700488695000,63,270653225,1700488782417
1700488694000,1700488695000,100,186413090,1700488782417
1700488695000,1700488696000,13,130762992,1700488783211
1700488695000,1700488696000,24,668077056,1700488783211
1700488695000,1700488696000,47,496686756,1700488783211
1700488695000,1700488696000,54,281240504,1700488783211
1700488695000,1700488696000,63,272492547,1700488783211
1700488695000,1700488696000,100,167128473,1700488783211
1700488696000,1700488697000,13,125774972,1700488784008
1700488696000,1700488697000,24,537425133,1700488784008
1700488696000,1700488697000,47,705996605,1700488784008
1700488696000,1700488697000,54,332654522,1700488784008
1700488696000,1700488697000,63,246859765,1700488784008
1700488696000,1700488697000,100,230453829,1700488784008
1700488697000,1700488698000,13,275033259,1700488784613
1700488697000,1700488698000,24,388499585,1700488784613
1700488697000,1700488698000,47,572257254,1700488784613
1700488697000,1700488698000,54,361178015,1700488784613
1700488697000,1700488698000,63,46015225,1700488784613
1700488697000,1700488698000,100,229542427,1700488784613
1700488698000,1700488699000,13,380297229,1700488785149
1700488698000,1700488699000,24,355135995,1700488785149
1700488698000,1700488699000,47,266650305,1700488785149
1700488698000,1700488699000,54,280121830,1700488785149
1700488698000,1700488699000,63,64206975,1700488785149
1700488698000,1700488699000,100,212387137,1700488785149
1700488699000,1700488700000,13,352553647,1700488785675
1700488699000,1700488700000,24,331112229,1700488785675
1700488699000,1700488700000,47,325910507,1700488785675
1700488699000,1700488700000,54,245627442,1700488785675
1700488699000,1700488700000,63,111183191,1700488785675
1700488699000,1700488700000,100,200172970,1700488785675
1700488700000,1700488701000,13,292253907,1700488786154
1700488700000,1700488701000,24,284271641,1700488786154
1700488700000,1700488701000,47,337239473,1700488786154
1700488700000,1700488701000,54,174730129,1700488786154
1700488700000,1700488701000,63,456390746,1700488786154
1700488700000,1700488701000,100,132945051,1700488786154
1700488701000,1700488702000,13,208892282,1700488786684
1700488701000,1700488702000,24,256915958,1700488786684
1700488701000,1700488702000,47,371290470,1700488786684
1700488701000,1700488702000,54,59849973,1700488786684
1700488701000,1700488702000,63,500890599,1700488786684
1700488701000,1700488702000,100,152534542,1700488786684
1700488702000,1700488703000,13,227905165,1700488787216
1700488702000,1700488703000,24,299475792,1700488787216
1700488702000,1700488703000,47,331165714,1700488787216
1700488702000,1700488703000,54,47805981,1700488787216
1700488702000,1700488703000,63,494886083,1700488787216
1700488702000,1700488703000,100,155375185,1700488787216
1700488703000,1700488704000,13,205467740,1700488787690
1700488703000,1700488704000,24,257370486,1700488787690
1700488703000,1700488704000,47,259248849,1700488787690
1700488703000,1700488704000,54,123602204,1700488787690
1700488703000,1700488704000,63,604288929,1700488787690
1700488703000,1700488704000,100,138594101,1700488787690
1700488704000,1700488705000,13,325715783,1700488788217
1700488704000,1700488705000,24,338621428,1700488788217
1700488704000,1700488705000,47,322254495,1700488788217
1700488704000,1700488705000,54,305213414,1700488788217
1700488704000,1700488705000,63,350786456,1700488788217
1700488704000,1700488705000,100,126631321,1700488788217
1700488705000,1700488706000,13,259411443,1700488788694
1700488705000,1700488706000,24,296315205,1700488788694
1700488705000,1700488706000,47,445797281,1700488788694
1700488705000,1700488706000,54,259890431,1700488788694
1700488705000,1700488706000,63,419705464,1700488788694
1700488705000,1700488706000,100,178899008,1700488788694
1700488706000,1700488707000,13,123414337,1700488789224
1700488706000,1700488707000,24,304691994,1700488789224
1700488706000,1700488707000,47,532828614,1700488789224
1700488706000,1700488707000,54,146464482,1700488789224
1700488706000,1700488707000,63,576525679,1700488789224
1700488706000,1700488707000,100,313598418,1700488789224
1700488707000,1700488708000,13,253377514,1700488789755
1700488707000,1700488708000,24,265875122,1700488789755
1700488707000,1700488708000,47,318482350,1700488789755
1700488707000,1700488708000,54,204889129,1700488789755
1700488707000,1700488708000,63,874394358,1700488789755
1700488707000,1700488708000,100,265318383,1700488789755
1700488708000,1700488709000,13,293428063,1700488790232
1700488708000,1700488709000,24,264971106,1700488790232
1700488708000,1700488709000,47,438611997,1700488790232
1700488708000,1700488709000,54,173547957,1700488790232
1700488708000,1700488709000,63,935283686,1700488790232
1700488708000,1700488709000,100,215182837,1700488790232
1700488709000,1700488710000,13,227216251,1700488790763
1700488709000,1700488710000,24,334513931,1700488790763
1700488709000,1700488710000,47,565161795,1700488790763
1700488709000,1700488710000,54,347900983,1700488790763
1700488709000,1700488710000,63,429338552,1700488790763
1700488709000,1700488710000,100,181541674,1700488790763
1700488710000,1700488711000,13,161897994,1700488791293
1700488710000,1700488711000,24,618998247,1700488791293
1700488710000,1700488711000,47,527294844,1700488791293
1700488710000,1700488711000,54,261421099,1700488791293
1700488710000,1700488711000,63,287037565,1700488791293
1700488710000,1700488711000,100,106518946,1700488791293
1700488711000,1700488712000,13,281385358,1700488791775
1700488711000,1700488712000,24,410624740,1700488791775
1700488711000,1700488712000,47,482574596,1700488791775
1700488711000,1700488712000,54,236431478,1700488791775
1700488711000,1700488712000,63,499886076,1700488791775
1700488711000,1700488712000,100,178098346,1700488791775
1700488712000,1700488713000,13,283929368,1700488792303
1700488712000,1700488713000,24,363419293,1700488792303
1700488712000,1700488713000,47,256298298,1700488792303
1700488712000,1700488713000,54,403238032,1700488792303
1700488712000,1700488713000,63,449426063,1700488792303
1700488712000,1700488713000,100,211297708,1700488792303
1700488713000,1700488714000,13,46436110,1700488792838
1700488713000,1700488714000,24,422775836,1700488792838
1700488713000,1700488714000,47,334305095,1700488792838
1700488713000,1700488714000,54,562496372,1700488792838
1700488713000,1700488714000,63,426096495,1700488792838
1700488713000,1700488714000,100,162551030,1700488792838
1700488714000,1700488715000,13,292942777,1700488793314
1700488714000,1700488715000,24,710675029,1700488793314
1700488714000,1700488715000,47,538055299,1700488793314
1700488714000,1700488715000,54,578963017,1700488793314
1700488714000,1700488715000,63,402506586,1700488793314
1700488714000,1700488715000,100,170900105,1700488793314
1700488715000,1700488716000,13,121651560,1700488793845
1700488715000,1700488716000,24,577832370,1700488793845
1700488715000,1700488716000,47,861550454,1700488793845
1700488715000,1700488716000,54,633821482,1700488793845
1700488715000,1700488716000,63,242925335,1700488793845
1700488715000,1700488716000,100,131048178,1700488793845
1700488716000,1700488717000,13,126696714,1700488794371
1700488716000,1700488717000,24,402150099,1700488794371
1700488716000,1700488717000,47,945733496,1700488794371
1700488716000,1700488717000,54,321903217,1700488794371
1700488716000,1700488717000,63,180374536,1700488794371
1700488716000,1700488717000,100,160428267,1700488794371
1700488717000,1700488718000,13,175858245,1700488794848
1700488717000,1700488718000,24,547890725,1700488794848
1700488717000,1700488718000,47,546771489,1700488794848
1700488717000,1700488718000,54,348110879,1700488794848
1700488717000,1700488718000,63,29520219,1700488794848
1700488717000,1700488718000,100,170721576,1700488794848
1700488718000,1700488719000,13,469791184,1700488795381
1700488718000,1700488719000,24,734229997,1700488795381
1700488718000,1700488719000,47,124269479,1700488795381
1700488718000,1700488719000,54,251599517,1700488795381
1700488718000,1700488719000,63,91807721,1700488795381
1700488718000,1700488719000,100,249728126,1700488795381
1700488719000,1700488720000,13,275730049,1700488795858
1700488719000,1700488720000,24,754101199,1700488795858
1700488719000,1700488720000,47,342561420,1700488795858
1700488719000,1700488720000,54,287898551,1700488795858
1700488719000,1700488720000,63,344944903,1700488795858
1700488719000,1700488720000,100,140844271,1700488795858
1700488720000,1700488721000,13,435357790,1700488796384
1700488720000,1700488721000,24,726470882,1700488796384
1700488720000,1700488721000,47,347081344,1700488796384
1700488720000,1700488721000,54,257977096,1700488796384
1700488720000,1700488721000,63,205078166,1700488796384
1700488720000,1700488721000,100,165283520,1700488796384
1700488721000,1700488722000,13,237514643,1700488796915
1700488721000,1700488722000,24,555987108,1700488796915
1700488721000,1700488722000,47,262994415,1700488796915
1700488721000,1700488722000,54,103665084,1700488796915
1700488721000,1700488722000,63,683757954,1700488796915
1700488721000,1700488722000,100,195143664,1700488796915
1700488722000,1700488723000,13,371434221,1700488797389
1700488722000,1700488723000,24,365570973,1700488797389
1700488722000,1700488723000,47,474104257,1700488797389
1700488722000,1700488723000,54,77840828,1700488797389
1700488722000,1700488723000,63,723028512,1700488797389
1700488722000,1700488723000,100,245359040,1700488797389
1700488723000,1700488724000,13,236636550,1700488797920
1700488723000,1700488724000,24,221479969,1700488797920
1700488723000,1700488724000,47,389144852,1700488797920
1700488723000,1700488724000,54,147866465,1700488797920
1700488723000,1700488724000,63,721342403,1700488797920
1700488723000,1700488724000,100,345009423,1700488797920
1700488724000,1700488725000,13,303185706,1700488798449
1700488724000,1700488725000,24,416018220,1700488798449
1700488724000,1700488725000,47,211409163,1700488798449
1700488724000,1700488725000,54,154771240,1700488798449
1700488724000,1700488725000,63,853324523,1700488798449
1700488724000,1700488725000,100,349007091,1700488798449
1700488725000,1700488726000,13,202949557,1700488798928
1700488725000,1700488726000,24,735346613,1700488798928
1700488725000,1700488726000,47,282849846,1700488798928
1700488725000,1700488726000,54,517124499,1700488798928
1700488725000,1700488726000,63,153970403,1700488798928
1700488725000,1700488726000,100,237831439,1700488798928
1700488726000,1700488727000,13,244090442,1700488799459
1700488726000,1700488727000,24,590964711,1700488799459
1700488726000,1700488727000,47,453069786,1700488799459
1700488726000,1700488727000,54,544215520,1700488799459
1700488726000,1700488727000,63,462944282,1700488799459
1700488726000,1700488727000,100,156655387,1700488799459
1700488727000,1700488728000,13,78654260,1700488799934
1700488727000,1700488728000,24,280669954,1700488799934
1700488727000,1700488728000,47,438420028,1700488799934
1700488727000,1700488728000,54,778649923,1700488799934
1700488727000,1700488728000,63,689985910,1700488799934
1700488727000,1700488728000,100,211359090,1700488799934
1700488728000,1700488729000,13,141908405,1700488800468
1700488728000,1700488729000,24,308750373,1700488800468
1700488728000,1700488729000,47,399691531,1700488800468
1700488728000,1700488729000,54,552980014,1700488800468
1700488728000,1700488729000,63,570651051,1700488800468
1700488728000,1700488729000,100,201296705,1700488800468
1700488729000,1700488730000,13,105434423,1700488800997
1700488729000,1700488730000,24,248524857,1700488800997
1700488729000,1700488730000,47,486963239,1700488800997
1700488729000,1700488730000,54,322829198,1700488800997
1700488729000,1700488730000,63,613725097,1700488800997
1700488729000,1700488730000,100,110801265,1700488800997
1700488730000,1700488731000,13,229117938,1700488801476
1700488730000,1700488731000,24,430625355,1700488801476
1700488730000,1700488731000,47,581890011,1700488801476
1700488730000,1700488731000,54,411437592,1700488801476
1700488730000,1700488731000,63,420781119,1700488801476
1700488730000,1700488731000,100,106883786,1700488801476
1700488731000,1700488732000,13,59837543,1700488802003
1700488731000,1700488732000,24,666013008,1700488802003
1700488731000,1700488732000,47,342970186,1700488802003
1700488731000,1700488732000,54,556480179,1700488802003
1700488731000,1700488732000,63,508314084,1700488802003
1700488731000,1700488732000,100,178651914,1700488802003
1700488732000,1700488733000,13,117687200,1700488802488
1700488732000,1700488733000,24,820914511,1700488802488
1700488732000,1700488733000,47,536983446,1700488802488
1700488732000,1700488733000,54,754865677,1700488802488
1700488732000,1700488733000,63,579631749,1700488802488
1700488732000,1700488733000,100,208069065,1700488802488
1700488733000,1700488734000,13,151872792,1700488803014
1700488733000,1700488734000,24,701195775,1700488803014
1700488733000,1700488734000,47,493595327,1700488803014
1700488733000,1700488734000,54,685487086,1700488803014
1700488733000,1700488734000,63,441842472,1700488803014
1700488733000,1700488734000,100,294326901,1700488803014
1700488734000,1700488735000,13,54398094,1700488803544
1700488734000,1700488735000,24,520776035,1700488803544
1700488734000,1700488735000,47,659230282,1700488803544
1700488734000,1700488735000,54,725354286,1700488803544
1700488734000,1700488735000,63,347857074,1700488803544
1700488734000,1700488735000,100,261764579,1700488803544
1700488735000,1700488736000,13,254749077,1700488804023
1700488735000,1700488736000,24,541444895,1700488804023
1700488735000,1700488736000,47,445790004,1700488804023
1700488735000,1700488736000,54,791152953,1700488804023
1700488735000,1700488736000,63,305188720,1700488804023
1700488735000,1700488736000,100,190944541,1700488804023
1700488736000,1700488737000,13,272240055,1700488804554
1700488736000,1700488737000,24,633146578,1700488804554
1700488736000,1700488737000,47,437154912,1700488804554
1700488736000,1700488737000,54,487566685,1700488804554
1700488736000,1700488737000,63,280240376,1700488804554
1700488736000,1700488737000,100,192120789,1700488804554
1700488737000,1700488738000,13,330121567,1700488805080
1700488737000,1700488738000,24,910528716,1700488805080
1700488737000,1700488738000,47,711189416,1700488805080
1700488737000,1700488738000,54,475387183,1700488805080
1700488737000,1700488738000,63,339078243,1700488805080
1700488737000,1700488738000,100,170983579,1700488805080
1700488738000,1700488739000,13,296118211,1700488805558
1700488738000,1700488739000,24,925468323,1700488805558
1700488738000,1700488739000,47,363205553,1700488805558
1700488738000,1700488739000,54,779610836,1700488805558
1700488738000,1700488739000,63,242948038,1700488805558
1700488738000,1700488739000,100,170723404,1700488805558
1700488739000,1700488740000,13,320714744,1700488806083
1700488739000,1700488740000,24,945778398,1700488806083
1700488739000,1700488740000,47,209230626,1700488806083
1700488739000,1700488740000,54,608030673,1700488806083
1700488739000,1700488740000,63,371024851,1700488806083
1700488739000,1700488740000,100,235234027,1700488806083
1700488740000,1700488741000,13,238935734,1700488806618
1700488740000,1700488741000,24,1075615988,1700488806618
1700488740000,1700488741000,47,297500327,1700488806618
1700488740000,1700488741000,54,502042432,1700488806618
1700488740000,1700488741000,63,224530999,1700488806618
1700488740000,1700488741000,100,256899698,1700488806618
1700488741000,1700488742000,13,326469354,1700488807091
1700488741000,1700488742000,24,453510920,1700488807091
1700488741000,1700488742000,47,318991693,1700488807091
1700488741000,1700488742000,54,372142862,1700488807091
1700488741000,1700488742000,63,225866269,1700488807091
1700488741000,1700488742000,100,249066656,1700488807091
1700488742000,1700488743000,13,196053336,1700488807622
1700488742000,1700488743000,24,177743517,1700488807622
1700488742000,1700488743000,47,263545814,1700488807622
1700488742000,1700488743000,54,128870061,1700488807622
1700488742000,1700488743000,63,183136712,1700488807622
1700488742000,1700488743000,100,223598453,1700488807622
1700488743000,1700488744000,13,169894121,1700488808098
1700488743000,1700488744000,24,281701993,1700488808098
1700488743000,1700488744000,47,231202929,1700488808098
1700488743000,1700488744000,54,224342201,1700488808098
1700488743000,1700488744000,63,420593479,1700488808098
1700488743000,1700488744000,100,153428755,1700488808098
1700488744000,1700488745000,13,367391677,1700488808629
1700488744000,1700488745000,24,336929020,1700488808629
1700488744000,1700488745000,47,233757574,1700488808629
1700488744000,1700488745000,54,265807110,1700488808629
1700488744000,1700488745000,63,585620704,1700488808629
1700488744000,1700488745000,100,196629923,1700488808629
1700488745000,1700488746000,13,188876251,1700488809158
1700488745000,1700488746000,24,320323813,1700488809158
1700488745000,1700488746000,47,287902694,1700488809158
1700488745000,1700488746000,54,222085526,1700488809158
1700488745000,1700488746000,63,681185115,1700488809158
1700488745000,1700488746000,100,137179994,1700488809158
1700488746000,1700488747000,13,225495828,1700488809632
1700488746000,1700488747000,24,656141150,1700488809632
1700488746000,1700488747000,47,478512874,1700488809632
1700488746000,1700488747000,54,201272772,1700488809632
1700488746000,1700488747000,63,922203155,1700488809632
1700488746000,1700488747000,100,92539219,1700488809632
1700488747000,1700488748000,13,40723134,1700488810166
1700488747000,1700488748000,24,380492779,1700488810166
1700488747000,1700488748000,47,389193746,1700488810166
1700488747000,1700488748000,54,246515768,1700488810166
1700488747000,1700488748000,63,818044890,1700488810166
1700488747000,1700488748000,100,195202846,1700488810166
1700488748000,1700488749000,13,519714820,1700488810692
1700488748000,1700488749000,24,336627457,1700488810692
1700488748000,1700488749000,47,498161695,1700488810692
1700488748000,1700488749000,54,438786276,1700488810692
1700488748000,1700488749000,63,300862711,1700488810692
1700488748000,1700488749000,100,234943964,1700488810692
1700488749000,1700488750000,13,109900423,1700488811171
1700488749000,1700488750000,24,271972858,1700488811171
1700488749000,1700488750000,47,444257385,1700488811171
1700488749000,1700488750000,54,288903530,1700488811171
1700488749000,1700488750000,63,419744136,1700488811171
1700488749000,1700488750000,100,463445354,1700488811171
1700488750000,1700488751000,13,189510945,1700488811701
1700488750000,1700488751000,24,243128019,1700488811701
1700488750000,1700488751000,47,512049615,1700488811701
1700488750000,1700488751000,54,607306500,1700488811701
1700488750000,1700488751000,63,321063911,1700488811701
1700488750000,1700488751000,100,569970675,1700488811701
1700488751000,1700488752000,13,422903340,1700488812178
1700488751000,1700488752000,24,449557822,1700488812178
1700488751000,1700488752000,47,602488823,1700488812178
1700488751000,1700488752000,54,558182737,1700488812178
1700488751000,1700488752000,63,144223989,1700488812178
1700488751000,1700488752000,100,605800337,1700488812178
1700488752000,1700488753000,13,288075675,1700488812704
1700488752000,1700488753000,24,455538750,1700488812704
1700488752000,1700488753000,47,602361912,1700488812704
1700488752000,1700488753000,54,417413694,1700488812704
1700488752000,1700488753000,63,307688200,1700488812704
1700488752000,1700488753000,100,96908666,1700488812704
1700488753000,1700488754000,13,489255518,1700488813238
1700488753000,1700488754000,24,496192946,1700488813238
1700488753000,1700488754000,47,595225287,1700488813238
1700488753000,1700488754000,54,236577947,1700488813238
1700488753000,1700488754000,63,231487060,1700488813238
1700488753000,1700488754000,100,52270705,1700488813238
1700488754000,1700488755000,13,755272325,1700488813714
1700488754000,1700488755000,24,464396150,1700488813714
1700488754000,1700488755000,47,233155513,1700488813714
1700488754000,1700488755000,54,375612321,1700488813714
1700488754000,1700488755000,63,672394855,1700488813714
1700488754000,1700488755000,100,48367493,1700488813714
1700488755000,1700488756000,13,573388816,1700488814244
1700488755000,1700488756000,24,667929383,1700488814244
1700488755000,1700488756000,47,334905952,1700488814244
1700488755000,1700488756000,54,450623269,1700488814244
1700488755000,1700488756000,63,462434011,1700488814244
1700488755000,1700488756000,100,144348036,1700488814244
1700488756000,1700488757000,13,425546607,1700488814718
1700488756000,1700488757000,24,997416655,1700488814718
1700488756000,1700488757000,47,227793403,1700488814718
1700488756000,1700488757000,54,238488900,1700488814718
1700488756000,1700488757000,63,557799399,1700488814718
1700488756000,1700488757000,100,212876710,1700488814718
1700488757000,1700488758000,13,297825957,1700488815255
1700488757000,1700488758000,24,719491650,1700488815255
1700488757000,1700488758000,47,146032845,1700488815255
1700488757000,1700488758000,54,279060637,1700488815255
1700488757000,1700488758000,63,335657318,1700488815255
1700488757000,1700488758000,100,182283723,1700488815255
1700488758000,1700488759000,13,262766180,1700488815782
1700488758000,1700488759000,24,874263838,1700488815782
1700488758000,1700488759000,47,184903870,1700488815782
1700488758000,1700488759000,54,239055449,1700488815782
1700488758000,1700488759000,63,173648456,1700488815782
1700488758000,1700488759000,100,214602535,1700488815782
1700488759000,1700488760000,13,156282742,1700488816260
1700488759000,1700488760000,24,472834088,1700488816260
1700488759000,1700488760000,47,229769635,1700488816260
1700488759000,1700488760000,54,290240215,1700488816260
1700488759000,1700488760000,63,275941836,1700488816260
1700488759000,1700488760000,100,325720614,1700488816260
1700488760000,1700488761000,13,330778717,1700488816788
1700488760000,1700488761000,24,414424493,1700488816788
1700488760000,1700488761000,47,694342433,1700488816788
1700488760000,1700488761000,54,306958993,1700488816788
1700488760000,1700488761000,63,270735406,1700488816788
1700488760000,1700488761000,100,240503599,1700488816788
1700488761000,1700488762000,13,327894262,1700488817323
1700488761000,1700488762000,24,552279699,1700488817323
1700488761000,1700488762000,47,478040827,1700488817323
1700488761000,1700488762000,54,331380939,1700488817323
1700488761000,1700488762000,63,318538333,1700488817323
1700488761000,1700488762000,100,235107404,1700488817323
1700488762000,1700488763000,13,330421176,1700488817797
1700488762000,1700488763000,24,597017090,1700488817797
1700488762000,1700488763000,47,317764479,1700488817797
1700488762000,1700488763000,54,413696354,1700488817797
1700488762000,1700488763000,63,365461426,1700488817797
1700488762000,1700488763000,100,252582892,1700488817797
1700488763000,1700488764000,13,120374435,1700488818327
1700488763000,1700488764000,24,397108805,1700488818327
1700488763000,1700488764000,47,412418620,1700488818327
1700488763000,1700488764000,54,397055974,1700488818327
1700488763000,1700488764000,63,545075201,1700488818327
1700488763000,1700488764000,100,161605315,1700488818327
1700488764000,1700488765000,13,81182778,1700488818803
1700488764000,1700488765000,24,516756600,1700488818803
1700488764000,1700488765000,47,414122105,1700488818803
1700488764000,1700488765000,54,189751581,1700488818803
1700488764000,1700488765000,63,502602236,1700488818803
1700488764000,1700488765000,100,156881727,1700488818803
1700488765000,1700488766000,13,283571164,1700488819332
1700488765000,1700488766000,24,599510139,1700488819332
1700488765000,1700488766000,47,431566973,1700488819332
1700488765000,1700488766000,54,283655347,1700488819332
1700488765000,1700488766000,63,175407427,1700488819332
1700488765000,1700488766000,100,164600388,1700488819332
1700488766000,1700488767000,13,284699013,1700488819762
1700488766000,1700488767000,24,555977570,1700488819762
1700488766000,1700488767000,47,457986321,1700488819762
1700488766000,1700488767000,54,280778720,1700488819762
1700488766000,1700488767000,63,202219386,1700488819762
1700488766000,1700488767000,100,166099981,1700488819762
1700488767000,1700488768000,13,105614128,1700488820000
1700488767000,1700488768000,24,710491325,1700488820000
1700488767000,1700488768000,47,320919961,1700488820000
1700488767000,1700488768000,54,546121795,1700488820000
1700488767000,1700488768000,63,254142809,1700488820000
1700488767000,1700488768000,100,112207989,1700488820000
1700488768000,1700488769000,13,102765374,1700488820266
1700488768000,1700488769000,24,563655367,1700488820266
1700488768000,1700488769000,47,172245560,1700488820266
1700488768000,1700488769000,54,703071057,1700488820266
1700488768000,1700488769000,63,235792619,1700488820266
1700488768000,1700488769000,100,125767242,1700488820266
1700488769000,1700488770000,13,252267227,1700488820509
1700488769000,1700488770000,24,811237052,1700488820509
1700488769000,1700488770000,47,258066040,1700488820509
1700488769000,1700488770000,54,492655398,1700488820509
1700488769000,1700488770000,63,518829707,1700488820509
1700488769000,1700488770000,100,149514370,1700488820509
1700488770000,1700488771000,13,68278769,1700488820774
1700488770000,1700488771000,24,404008330,1700488820774
1700488770000,1700488771000,47,320756839,1700488820774
1700488770000,1700488771000,54,292636211,1700488820774
1700488770000,1700488771000,63,631266344,1700488820774
1700488770000,1700488771000,100,143293608,1700488820774
1700488771000,1700488772000,13,154638274,1700488821039
1700488771000,1700488772000,24,316339173,1700488821039
1700488771000,1700488772000,47,472510073,1700488821039
1700488771000,1700488772000,54,266186471,1700488821039
1700488771000,1700488772000,63,1032996916,1700488821039
1700488771000,1700488772000,100,288122807,1700488821039
1700488772000,1700488773000,13,336642811,1700488821278
1700488772000,1700488773000,24,423033205,1700488821278
1700488772000,1700488773000,47,278955919,1700488821278
1700488772000,1700488773000,54,343963815,1700488821278
1700488772000,1700488773000,63,1168189596,1700488821278
1700488772000,1700488773000,100,238812821,1700488821278
1700488773000,1700488774000,13,330673990,1700488821549
1700488773000,1700488774000,24,637183656,1700488821549
1700488773000,1700488774000,47,240660916,1700488821549
1700488773000,1700488774000,54,396493168,1700488821549
1700488773000,1700488774000,63,1278814672,1700488821549
1700488773000,1700488774000,100,217879034,1700488821549
1700488774000,1700488775000,13,154229700,1700488821817
1700488774000,1700488775000,24,622653947,1700488821817
1700488774000,1700488775000,47,362065755,1700488821817
1700488774000,1700488775000,54,516708118,1700488821817
1700488774000,1700488775000,63,1257718561,1700488821817
1700488774000,1700488775000,100,96554147,1700488821817
1700488775000,1700488776000,13,119915302,1700488822056
1700488775000,1700488776000,24,697542079,1700488822056
1700488775000,1700488776000,47,548150429,1700488822056
1700488775000,1700488776000,54,445353537,1700488822056
1700488775000,1700488776000,63,842119633,1700488822056
1700488775000,1700488776000,100,186933240,1700488822056
1700488776000,1700488777000,13,202034501,1700488822321
1700488776000,1700488777000,24,635948597,1700488822321
1700488776000,1700488777000,47,658829111,1700488822321
1700488776000,1700488777000,54,399223799,1700488822321
1700488776000,1700488777000,63,572490057,1700488822321
1700488776000,1700488777000,100,203468753,1700488822321
1700488777000,1700488778000,13,262877666,1700488822588
1700488777000,1700488778000,24,389517643,1700488822588
1700488777000,1700488778000,47,605758453,1700488822588
1700488777000,1700488778000,54,398139892,1700488822588
1700488777000,1700488778000,63,889724503,1700488822588
1700488777000,1700488778000,100,178017575,1700488822588
1700488778000,1700488779000,13,233656792,1700488822829
1700488778000,1700488779000,24,229046002,1700488822829
1700488778000,1700488779000,47,974966087,1700488822829
1700488778000,1700488779000,54,473284092,1700488822829
1700488778000,1700488779000,63,611217043,1700488822829
1700488778000,1700488779000,100,268126479,1700488822829
1700488779000,1700488780000,13,252814566,1700488823094
1700488779000,1700488780000,24,268063703,1700488823094
1700488779000,1700488780000,47,1207199809,1700488823094
1700488779000,1700488780000,54,588758409,1700488823094
1700488779000,1700488780000,63,507127756,1700488823094
1700488779000,1700488780000,100,205418451,1700488823094
1700488780000,1700488781000,13,377777556,1700488823360
1700488780000,1700488781000,24,507374309,1700488823360
1700488780000,1700488781000,47,1276249853,1700488823360
1700488780000,1700488781000,54,563371897,1700488823360
1700488780000,1700488781000,63,502388783,1700488823360
1700488780000,1700488781000,100,184317755,1700488823360
1700488781000,1700488782000,13,283378894,1700488823598
1700488781000,1700488782000,24,695950560,1700488823598
1700488781000,1700488782000,47,1435837206,1700488823598
1700488781000,1700488782000,54,605803540,1700488823598
1700488781000,1700488782000,63,593221780,1700488823598
1700488781000,1700488782000,100,356248312,1700488823598
1700488782000,1700488783000,13,236370827,1700488823868
1700488782000,1700488783000,24,335364824,1700488823868
1700488782000,1700488783000,47,1517075206,1700488823868
1700488782000,1700488783000,54,593873746,1700488823868
1700488782000,1700488783000,63,724526893,1700488823868
1700488782000,1700488783000,100,330477646,1700488823868
1700488783000,1700488784000,13,123881213,1700488824106
1700488783000,1700488784000,24,486911045,1700488824106
1700488783000,1700488784000,47,713328499,1700488824106
1700488783000,1700488784000,54,348172786,1700488824106
1700488783000,1700488784000,63,663260423,1700488824106
1700488783000,1700488784000,100,192830082,1700488824106
1700488784000,1700488785000,13,117467013,1700488824372
1700488784000,1700488785000,24,624370296,1700488824372
1700488784000,1700488785000,47,358164308,1700488824372
1700488784000,1700488785000,54,301505379,1700488824372
1700488784000,1700488785000,63,914346974,1700488824372
1700488784000,1700488785000,100,272794403,1700488824372
1700488785000,1700488786000,13,188299717,1700488824637
1700488785000,1700488786000,24,827768375,1700488824637
1700488785000,1700488786000,47,494077145,1700488824637
1700488785000,1700488786000,54,341539647,1700488824637
1700488785000,1700488786000,63,1057086066,1700488824637
1700488785000,1700488786000,100,234657665,1700488824637
1700488786000,1700488787000,13,112841857,1700488824880
1700488786000,1700488787000,24,632968637,1700488824880
1700488786000,1700488787000,47,785153390,1700488824880
1700488786000,1700488787000,54,470495172,1700488824880
1700488786000,1700488787000,63,629969849,1700488824880
1700488786000,1700488787000,100,292788771,1700488824880
1700488787000,1700488788000,13,139686312,1700488825145
1700488787000,1700488788000,24,650566996,1700488825145
1700488787000,1700488788000,47,945925080,1700488825145
1700488787000,1700488788000,54,708812954,1700488825145
1700488787000,1700488788000,63,650204311,1700488825145
1700488787000,1700488788000,100,309112071,1700488825145
1700488788000,1700488789000,13,296190647,1700488825411
1700488788000,1700488789000,24,775650941,1700488825411
1700488788000,1700488789000,47,1227565310,1700488825411
1700488788000,1700488789000,54,504754061,1700488825411
1700488788000,1700488789000,63,293204568,1700488825411
1700488788000,1700488789000,100,362984081,1700488825411
1700488789000,1700488790000,13,270820282,1700488825650
1700488789000,1700488790000,24,578346984,1700488825650
1700488789000,1700488790000,47,819987710,1700488825650
1700488789000,1700488790000,54,467039219,1700488825650
1700488789000,1700488790000,63,198088254,1700488825650
1700488789000,1700488790000,100,385312136,1700488825650
1700488790000,1700488791000,13,168378609,1700488825919
1700488790000,1700488791000,24,544508969,1700488825919
1700488790000,1700488791000,47,706369535,1700488825919
1700488790000,1700488791000,54,449111389,1700488825919
1700488790000,1700488791000,63,326936711,1700488825919
1700488790000,1700488791000,100,268827602,1700488825919
1700488791000,1700488792000,13,221787360,1700488826161
1700488791000,1700488792000,24,609977354,1700488826161
1700488791000,1700488792000,47,590281078,1700488826161
1700488791000,1700488792000,54,606614100,1700488826161
1700488791000,1700488792000,63,282374016,1700488826161
1700488791000,1700488792000,100,120921409,1700488826161
1700488792000,1700488793000,13,311449975,1700488826452
1700488792000,1700488793000,24,681436024,1700488826452
1700488792000,1700488793000,47,447176480,1700488826452
1700488792000,1700488793000,54,430337934,1700488826452
1700488792000,1700488793000,63,282342634,1700488826452
1700488792000,1700488793000,100,166878853,1700488826452
1700488793000,1700488794000,13,268388445,1700488826851
1700488793000,1700488794000,24,824164230,1700488826851
1700488793000,1700488794000,47,587453551,1700488826851
1700488793000,1700488794000,54,591327852,1700488826851
1700488793000,1700488794000,63,180215780,1700488826851
1700488793000,1700488794000,100,189397857,1700488826851
1700488794000,1700488795000,13,46822424,1700488827095
1700488794000,1700488795000,24,966441313,1700488827095
1700488794000,1700488795000,47,565580274,1700488827095
1700488794000,1700488795000,54,372928393,1700488827095
1700488794000,1700488795000,63,232284039,1700488827095
1700488794000,1700488795000,100,232908247,1700488827095
1700488795000,1700488796000,13,285167249,1700488827360
1700488795000,1700488796000,24,539701116,1700488827360
1700488795000,1700488796000,47,420088720,1700488827360
1700488795000,1700488796000,54,326407634,1700488827360
1700488795000,1700488796000,63,173559958,1700488827360
1700488795000,1700488796000,100,269136018,1700488827360
1700488796000,1700488797000,13,73736296,1700488827599
1700488796000,1700488797000,24,691570139,1700488827599
1700488796000,1700488797000,47,398619574,1700488827599
1700488796000,1700488797000,54,438243675,1700488827599
1700488796000,1700488797000,63,241681388,1700488827599
1700488796000,1700488797000,100,268570404,1700488827599
1700488797000,1700488798000,13,238880233,1700488827863
1700488797000,1700488798000,24,552022583,1700488827863
1700488797000,1700488798000,47,278837305,1700488827863
1700488797000,1700488798000,54,217912934,1700488827863
1700488797000,1700488798000,63,376009489,1700488827863
1700488797000,1700488798000,100,252680682,1700488827863
1700488798000,1700488799000,13,131336146,1700488828132
1700488798000,1700488799000,24,727262399,1700488828132
1700488798000,1700488799000,47,282419823,1700488828132
1700488798000,1700488799000,54,352979539,1700488828132
1700488798000,1700488799000,63,270365061,1700488828132
1700488798000,1700488799000,100,154820192,1700488828132
1700488799000,1700488800000,13,202162164,1700488829253
1700488799000,1700488800000,24,545101258,1700488829253
1700488799000,1700488800000,47,247948013,1700488829253
1700488799000,1700488800000,54,551860676,1700488829253
1700488799000,1700488800000,63,156331368,1700488829253
1700488799000,1700488800000,100,295863003,1700488829253
1700488800000,1700488801000,13,180535113,1700488830702
1700488800000,1700488801000,24,442605026,1700488830702
1700488800000,1700488801000,47,304969168,1700488830702
1700488800000,1700488801000,54,466960661,1700488830702
1700488800000,1700488801000,63,247637222,1700488830702
1700488800000,1700488801000,100,472119455,1700488830702
1700488801000,1700488802000,13,305441239,1700488831945
1700488801000,1700488802000,24,749992882,1700488831945
1700488801000,1700488802000,47,204686444,1700488831945
1700488801000,1700488802000,54,417204981,1700488831945
1700488801000,1700488802000,63,295616425,1700488831945
1700488801000,1700488802000,100,311793670,1700488831945
