debs$start:INTEGER(64 bits),debs$end:INTEGER(64 bits),debs$sid:INTEGER(64 bits),debs$absolute_v:INTEGER(64 bits),timestamp
1700489809000,1700489810000,100,18253052,1700489810139
1700489809000,1700489810000,13,18014219,1700489810540
1700489809000,1700489810000,24,26725009,1700489810658
1700489809000,1700489810000,47,15958535,1700489810801
1700489809000,1700489810000,63,11527918,1700489811093
1700489810000,1700489811000,100,20407843,1700489811094
1700489809000,1700489810000,54,19373408,1700489811198
1700489810000,1700489811000,13,26370847,1700489811405
1700489810000,1700489811000,24,21187027,1700489811627
1700489810000,1700489811000,47,17848861,1700489811737
1700489810000,1700489811000,54,28419229,1700489811935
1700489810000,1700489811000,63,17367516,1700489812047
1700489811000,1700489812000,100,56538901,1700489812149
1700489811000,1700489812000,13,22173279,1700489812489
1700489811000,1700489812000,24,29106297,1700489812499
1700489811000,1700489812000,47,17307280,1700489812499
1700489811000,1700489812000,63,12464947,1700489812593
1700489811000,1700489812000,54,28272491,1700489812801
1700489812000,1700489813000,100,46300279,1700489813109
1700489812000,1700489813000,13,21810725,1700489813220
1700489812000,1700489813000,24,27376651,1700489813231
1700489812000,1700489813000,47,42063644,1700489813326
1700489812000,1700489813000,54,22332633,1700489813523
1700489812000,1700489813000,63,16688819,1700489813629
1700489813000,1700489814000,24,15787185,1700489814162
1700489813000,1700489814000,13,19434254,1700489814175
1700489813000,1700489814000,100,67635766,1700489814176
1700489813000,1700489814000,47,38817644,1700489814377
1700489813000,1700489814000,54,26016675,1700489814494
1700489813000,1700489814000,63,16513939,1700489814614
1700489814000,1700489815000,13,17772297,1700489815132
1700489814000,1700489815000,100,53487456,1700489815132
1700489814000,1700489815000,24,23359216,1700489815364
1700489814000,1700489815000,47,17336734,1700489815365
1700489814000,1700489815000,54,30665864,1700489815447
1700489814000,1700489815000,63,10651665,1700489815459
1700489815000,1700489816000,100,56933548,1700489816190
1700489815000,1700489816000,13,22550145,1700489816303
1700489815000,1700489816000,24,23053547,1700489816304
1700489815000,1700489816000,47,21099584,1700489816390
1700489815000,1700489816000,63,17483193,1700489816676
1700489815000,1700489816000,54,27583600,1700489816676
1700489816000,1700489817000,24,23750931,1700489817102
1700489816000,1700489817000,100,24467193,1700489817102
1700489816000,1700489817000,13,17448189,1700489817267
1700489816000,1700489817000,47,18625786,1700489817519
1700489816000,1700489817000,54,31931002,1700489817781
1700489816000,1700489817000,63,14971619,1700489817900
1700489817000,1700489818000,13,18881758,1700489818195
1700489817000,1700489818000,24,24964609,1700489818273
1700489817000,1700489818000,100,21332944,1700489818283
1700489817000,1700489818000,47,17641691,1700489818510
1700489817000,1700489818000,63,18092895,1700489818598
1700489817000,1700489818000,54,23721366,1700489818679
1700489818000,1700489819000,24,23044573,1700489819224
1700489818000,1700489819000,13,28080167,1700489819231
1700489818000,1700489819000,100,17038108,1700489819337
1700489818000,1700489819000,47,14915642,1700489819347
1700489818000,1700489819000,63,12129272,1700489819516
1700489818000,1700489819000,54,29577498,1700489819527
1700489819000,1700489820000,100,17981789,1700489820231
1700489819000,1700489820000,13,19281992,1700489820293
1700489819000,1700489820000,24,25944785,1700489820303
1700489819000,1700489820000,47,14592308,1700489820304
1700489819000,1700489820000,54,30227361,1700489820415
1700489819000,1700489820000,63,19133586,1700489820730
1700489820000,1700489821000,100,16161830,1700489821499
1700489820000,1700489821000,13,23003317,1700489821507
1700489820000,1700489821000,24,36070830,1700489821507
1700489820000,1700489821000,47,18448906,1700489821593
1700489820000,1700489821000,63,17909213,1700489821600
1700489820000,1700489821000,54,28477111,1700489821681
1700489821000,1700489822000,100,18524387,1700489822359
1700489821000,1700489822000,13,23029062,1700489822441
1700489821000,1700489822000,24,30896729,1700489822451
1700489821000,1700489822000,47,13826696,1700489822451
1700489821000,1700489822000,63,15838056,1700489822744
1700489821000,1700489822000,54,20572529,1700489823073
1700489822000,1700489823000,13,19116629,1700489823178
1700489822000,1700489823000,24,37669606,1700489823298
1700489822000,1700489823000,100,21622371,1700489823307
1700489822000,1700489823000,47,18821792,1700489823639
1700489822000,1700489823000,63,14746368,1700489823647
1700489822000,1700489823000,54,27617955,1700489823647
1700489823000,1700489824000,13,22724870,1700489824243
1700489823000,1700489824000,24,41796478,1700489824255
1700489823000,1700489824000,100,20539426,1700489824255
1700489823000,1700489824000,63,11669782,1700489824340
1700489823000,1700489824000,54,18159292,1700489824340
1700489823000,1700489824000,47,21289752,1700489824435
1700489824000,1700489825000,100,21506324,1700489825171
1700489824000,1700489825000,13,18230517,1700489825398
1700489824000,1700489825000,47,10940927,1700489825407
1700489824000,1700489825000,24,25409388,1700489825407
1700489824000,1700489825000,63,16542066,1700489825495
1700489824000,1700489825000,54,24110336,1700489825614
1700489825000,1700489826000,13,18423606,1700489826164
1700489825000,1700489826000,100,17681344,1700489826260
1700489825000,1700489826000,24,19016316,1700489826335
1700489825000,1700489826000,47,16614254,1700489826434
1700489825000,1700489826000,54,20580014,1700489826434
1700489825000,1700489826000,63,16314306,1700489826531
1700489826000,1700489827000,100,23819215,1700489827279
1700489826000,1700489827000,13,22149121,1700489827383
1700489826000,1700489827000,24,38091540,1700489827388
1700489826000,1700489827000,54,25301752,1700489827389
1700489826000,1700489827000,47,14418167,1700489827398
1700489826000,1700489827000,63,15162058,1700489827481
1700489827000,1700489828000,100,21991735,1700489828178
1700489827000,1700489828000,24,31433583,1700489828402
1700489827000,1700489828000,13,25081258,1700489828491
1700489827000,1700489828000,47,20479288,1700489828492
1700489827000,1700489828000,54,46364747,1700489828589
1700489827000,1700489828000,63,16973073,1700489828694
1700489828000,1700489829000,100,19248598,1700489829242
1700489828000,1700489829000,13,22026232,1700489829335
1700489828000,1700489829000,24,28701816,1700489829432
1700489828000,1700489829000,63,18298068,1700489829520
1700489828000,1700489829000,54,28505333,1700489829531
1700489828000,1700489829000,47,23859899,1700489829531
1700489829000,1700489830000,13,20394495,1700489830216
1700489829000,1700489830000,100,22486866,1700489830312
1700489829000,1700489830000,24,22352102,1700489830414
1700489829000,1700489830000,54,29449351,1700489830609
1700489829000,1700489830000,63,40992309,1700489830667
1700489829000,1700489830000,47,18954053,1700489830667
1700489830000,1700489831000,100,16322327,1700489831157
1700489830000,1700489831000,13,18060817,1700489831183
1700489830000,1700489831000,63,14782392,1700489831292
1700489830000,1700489831000,47,46589699,1700489831303
1700489830000,1700489831000,54,21522425,1700489831431
1700489830000,1700489831000,24,27329204,1700489831649
1700489831000,1700489832000,100,22395879,1700489832118
1700489831000,1700489832000,13,21489794,1700489832203
1700489831000,1700489832000,24,30568447,1700489832203
1700489831000,1700489832000,54,21096561,1700489832314
1700489831000,1700489832000,47,25293577,1700489832429
1700489831000,1700489832000,63,16230201,1700489832831
1700489832000,1700489833000,100,14598335,1700489833135
1700489832000,1700489833000,24,24574012,1700489833242
1700489832000,1700489833000,13,19875312,1700489833255
1700489832000,1700489833000,54,16625732,1700489833447
1700489832000,1700489833000,63,14079418,1700489833565
1700489832000,1700489833000,47,50210894,1700489833571
1700489833000,1700489834000,100,19095559,1700489834100
1700489833000,1700489834000,13,20731760,1700489834338
1700489833000,1700489834000,47,25527821,1700489834338
1700489833000,1700489834000,54,18930573,1700489834449
1700489833000,1700489834000,24,24917010,1700489834449
1700489833000,1700489834000,63,19464409,1700489834520
1700489834000,1700489835000,100,31409624,1700489835288
1700489834000,1700489835000,47,44144271,1700489835386
1700489834000,1700489835000,24,36816105,1700489835386
1700489834000,1700489835000,13,38502985,1700489835386
1700489834000,1700489835000,63,14316865,1700489835463
1700489834000,1700489835000,54,28247624,1700489835463
1700489835000,1700489836000,100,45911898,1700489836094
1700489835000,1700489836000,24,24338581,1700489836410
1700489835000,1700489836000,47,42556239,1700489836635
1700489835000,1700489836000,13,42345113,1700489836639
1700489835000,1700489836000,63,13212871,1700489836821
1700489835000,1700489836000,54,22170226,1700489836821
1700489836000,1700489837000,100,83486982,1700489837108
1700489836000,1700489837000,24,26155208,1700489837325
1700489836000,1700489837000,13,29499428,1700489837335
1700489836000,1700489837000,47,28717133,1700489837441
1700489836000,1700489837000,63,19436294,1700489837451
1700489836000,1700489837000,54,32446399,1700489837451
1700489837000,1700489838000,100,41030998,1700489838288
1700489837000,1700489838000,24,23514117,1700489838412
1700489837000,1700489838000,13,19920600,1700489838412
1700489837000,1700489838000,47,19952128,1700489838583
1700489837000,1700489838000,63,11708467,1700489838699
1700489837000,1700489838000,54,21147124,1700489838699
1700489838000,1700489839000,100,61018353,1700489839209
1700489838000,1700489839000,24,31596395,1700489839362
1700489838000,1700489839000,13,28104404,1700489839523
1700489838000,1700489839000,47,46006194,1700489839537
1700489838000,1700489839000,63,19786570,1700489839722
1700489838000,1700489839000,54,20646631,1700489839852
1700489839000,1700489840000,13,27911872,1700489840175
1700489839000,1700489840000,100,36537885,1700489840179
1700489839000,1700489840000,24,23826238,1700489840298
1700489839000,1700489840000,63,12479595,1700489840510
1700489839000,1700489840000,54,26470316,1700489840511
1700489839000,1700489840000,47,9316300,1700489840618
1700489840000,1700489841000,13,20390444,1700489841281
1700489840000,1700489841000,100,50936925,1700489841282
1700489840000,1700489841000,24,28050740,1700489841401
1700489840000,1700489841000,63,12968753,1700489841564
1700489840000,1700489841000,54,30001589,1700489841678
1700489840000,1700489841000,47,10736630,1700489841777
1700489841000,1700489842000,100,79364943,1700489842156
1700489841000,1700489842000,24,21692979,1700489842246
1700489841000,1700489842000,13,26823698,1700489842246
1700489841000,1700489842000,54,28674402,1700489842538
1700489841000,1700489842000,63,14263085,1700489842650
1700489841000,1700489842000,47,11663216,1700489842880
1700489842000,1700489843000,13,34045492,1700489843184
1700489842000,1700489843000,24,25406290,1700489843187
1700489842000,1700489843000,100,75101106,1700489843187
1700489842000,1700489843000,54,18202863,1700489843582
1700489842000,1700489843000,63,19629026,1700489843695
1700489842000,1700489843000,47,10698786,1700489844157
1700489843000,1700489844000,24,23764016,1700489844279
1700489843000,1700489844000,100,62594371,1700489844287
1700489843000,1700489844000,13,23681693,1700489844393
1700489843000,1700489844000,63,13046653,1700489844750
1700489843000,1700489844000,54,27907847,1700489844863
1700489843000,1700489844000,47,9352559,1700489844863
1700489844000,1700489845000,13,18308897,1700489845260
1700489844000,1700489845000,24,30344818,1700489845271
1700489844000,1700489845000,100,31175503,1700489845453
1700489844000,1700489845000,54,28722310,1700489845811
1700489844000,1700489845000,63,18249589,1700489846015
1700489844000,1700489845000,47,12831944,1700489846222
1700489845000,1700489846000,13,30663185,1700489846307
1700489845000,1700489846000,24,27958754,1700489846391
1700489845000,1700489846000,100,21494277,1700489846480
1700489845000,1700489846000,54,26398172,1700489846742
1700489845000,1700489846000,63,16095859,1700489846751
1700489845000,1700489846000,47,8850683,1700489846941
1700489846000,1700489847000,100,17750389,1700489847281
1700489846000,1700489847000,24,18826915,1700489847422
1700489846000,1700489847000,13,28633904,1700489847439
1700489846000,1700489847000,54,14539380,1700489847628
1700489846000,1700489847000,63,16391000,1700489847728
1700489846000,1700489847000,47,11227829,1700489847952
1700489847000,1700489848000,24,19489937,1700489848439
1700489847000,1700489848000,13,28654501,1700489848440
1700489847000,1700489848000,100,18072508,1700489848545
1700489847000,1700489848000,54,25243909,1700489848783
1700489847000,1700489848000,63,16345001,1700489848892
1700489847000,1700489848000,47,14767090,1700489849100
1700489848000,1700489849000,13,20898437,1700489849446
1700489848000,1700489849000,24,18495539,1700489849560
1700489848000,1700489849000,100,22943125,1700489849808
1700489848000,1700489849000,63,13795489,1700489849886
1700489848000,1700489849000,54,51759216,1700489849899
1700489848000,1700489849000,47,13344429,1700489850217
1700489849000,1700489850000,13,32666250,1700489850608
1700489849000,1700489850000,24,24580765,1700489850609
1700489849000,1700489850000,100,23574122,1700489850693
1700489849000,1700489850000,63,18294759,1700489850901
1700489849000,1700489850000,54,62107924,1700489850911
1700489849000,1700489850000,47,13545000,1700489850912
1700489850000,1700489851000,24,22190363,1700489851413
1700489850000,1700489851000,13,25994339,1700489851521
1700489850000,1700489851000,100,20122935,1700489851521
1700489850000,1700489851000,63,15129206,1700489851616
1700489850000,1700489851000,54,33156386,1700489851702
1700489850000,1700489851000,47,16579443,1700489851916
1700489851000,1700489852000,13,17088935,1700489852395
1700489851000,1700489852000,100,16009099,1700489852475
1700489851000,1700489852000,24,17630983,1700489852487
1700489851000,1700489852000,63,12147355,1700489852487
1700489851000,1700489852000,54,50272731,1700489852488
1700489851000,1700489852000,47,21003199,1700489852578
1700489852000,1700489853000,13,18966063,1700489853555
1700489852000,1700489853000,54,18290370,1700489853556
1700489852000,1700489853000,24,20745786,1700489853556
1700489852000,1700489853000,47,30528786,1700489853632
1700489852000,1700489853000,100,28179124,1700489853740
1700489852000,1700489853000,63,15898966,1700489853740
1700489853000,1700489854000,47,24900691,1700489854422
1700489853000,1700489854000,100,21491186,1700489854423
1700489853000,1700489854000,13,17493634,1700489854499
1700489853000,1700489854000,63,14362778,1700489854511
1700489853000,1700489854000,24,32738885,1700489854639
1700489853000,1700489854000,54,26518812,1700489854736
1700489854000,1700489855000,13,24931815,1700489855190
1700489854000,1700489855000,100,43425117,1700489855267
1700489854000,1700489855000,47,15246141,1700489855267
1700489854000,1700489855000,63,18606282,1700489855383
1700489854000,1700489855000,24,31254503,1700489855394
1700489854000,1700489855000,54,51689533,1700489855591
1700489855000,1700489856000,13,28211165,1700489856229
1700489855000,1700489856000,100,31077961,1700489856320
1700489855000,1700489856000,54,26078877,1700489856454
1700489855000,1700489856000,47,25126305,1700489856455
1700489855000,1700489856000,63,21533384,1700489856567
1700489855000,1700489856000,24,25945182,1700489856691
1700489856000,1700489857000,13,25918891,1700489857217
1700489856000,1700489857000,24,36141855,1700489857226
1700489856000,1700489857000,100,36030237,1700489857295
1700489856000,1700489857000,47,28875272,1700489857303
1700489856000,1700489857000,63,19580192,1700489857406
1700489856000,1700489857000,54,20615057,1700489857423
1700489857000,1700489858000,13,28359301,1700489858311
1700489857000,1700489858000,47,15080363,1700489858405
1700489857000,1700489858000,100,19937410,1700489858514
1700489857000,1700489858000,24,41747145,1700489858514
1700489857000,1700489858000,54,29749469,1700489858593
1700489857000,1700489858000,63,23617646,1700489858603
1700489858000,1700489859000,63,33680102,1700489859373
1700489858000,1700489859000,54,25257655,1700489859384
1700489858000,1700489859000,47,27851462,1700489859384
1700489858000,1700489859000,24,38669534,1700489859384
1700489858000,1700489859000,100,17039537,1700489859385
1700489858000,1700489859000,13,43260262,1700489859385
1700489859000,1700489860000,24,31661943,1700489860154
1700489859000,1700489860000,47,17361422,1700489860155
1700489859000,1700489860000,13,16899156,1700489860155
1700489859000,1700489860000,100,26150481,1700489860248
1700489859000,1700489860000,54,21168490,1700489860267
1700489859000,1700489860000,63,61681605,1700489860370
1700489860000,1700489861000,100,23894979,1700489861120
1700489860000,1700489861000,47,19234853,1700489861227
1700489860000,1700489861000,24,21625311,1700489861227
1700489860000,1700489861000,13,36505431,1700489861320
1700489860000,1700489861000,63,105497546,1700489861335
1700489860000,1700489861000,54,16437606,1700489861458
1700489861000,1700489862000,100,17433036,1700489862171
1700489861000,1700489862000,13,26312039,1700489862355
1700489861000,1700489862000,54,21733434,1700489862367
1700489861000,1700489862000,47,13535192,1700489862367
1700489861000,1700489862000,24,33875359,1700489862461
1700489861000,1700489862000,63,98835866,1700489862471
1700489862000,1700489863000,100,25437219,1700489863080
1700489862000,1700489863000,13,26668679,1700489863182
1700489862000,1700489863000,24,22646014,1700489863182
1700489862000,1700489863000,47,14516365,1700489863221
1700489862000,1700489863000,63,35947086,1700489863327
1700489862000,1700489863000,54,21470943,1700489863329
1700489863000,1700489864000,100,20991322,1700489864169
1700489863000,1700489864000,13,39897878,1700489864184
1700489863000,1700489864000,47,10339372,1700489864356
1700489863000,1700489864000,63,33816826,1700489864367
1700489863000,1700489864000,54,56601072,1700489864367
1700489863000,1700489864000,24,39037648,1700489864368
1700489864000,1700489865000,13,28615521,1700489865127
1700489864000,1700489865000,100,17087370,1700489865128
1700489864000,1700489865000,24,21575705,1700489865236
1700489864000,1700489865000,54,29105045,1700489865337
1700489864000,1700489865000,47,11255298,1700489865347
1700489864000,1700489865000,63,26497830,1700489865443
1700489865000,1700489866000,24,25541464,1700489866210
1700489865000,1700489866000,13,32019739,1700489866210
1700489865000,1700489866000,100,21143877,1700489866310
1700489865000,1700489866000,47,13892460,1700489866310
1700489865000,1700489866000,54,33648549,1700489866407
1700489865000,1700489866000,63,15777290,1700489866419
1700489866000,1700489867000,100,17549046,1700489867116
1700489866000,1700489867000,13,28029874,1700489867232
1700489866000,1700489867000,47,12444303,1700489867243
1700489866000,1700489867000,24,31880330,1700489867244
1700489866000,1700489867000,63,15849669,1700489867362
1700489866000,1700489867000,54,34621089,1700489867469
1700489867000,1700489868000,100,24480234,1700489868144
1700489867000,1700489868000,47,15453881,1700489868325
1700489867000,1700489868000,24,26000221,1700489868335
1700489867000,1700489868000,13,17618648,1700489868347
1700489867000,1700489868000,63,22868027,1700489868672
1700489867000,1700489868000,54,61379211,1700489868672
1700489868000,1700489869000,13,25531451,1700489869166
1700489868000,1700489869000,100,20463885,1700489869175
1700489868000,1700489869000,24,20272708,1700489869281
1700489868000,1700489869000,47,13651929,1700489869281
1700489868000,1700489869000,54,25055842,1700489869282
1700489868000,1700489869000,63,13375929,1700489869386
1700489869000,1700489870000,100,17733784,1700489870242
1700489869000,1700489870000,24,27686149,1700489870243
1700489869000,1700489870000,13,25873288,1700489870243
1700489869000,1700489870000,54,27821892,1700489870348
1700489869000,1700489870000,47,17157422,1700489870402
1700489869000,1700489870000,63,19466346,1700489870731
1700489870000,1700489871000,100,22914004,1700489871238
1700489870000,1700489871000,47,13082396,1700489871355
1700489870000,1700489871000,24,24790204,1700489871355
1700489870000,1700489871000,54,30873842,1700489871459
1700489870000,1700489871000,13,47972531,1700489871459
1700489870000,1700489871000,63,11330300,1700489871651
1700489871000,1700489872000,100,25035287,1700489872170
1700489871000,1700489872000,24,22142742,1700489872193
1700489871000,1700489872000,13,27252694,1700489872316
1700489871000,1700489872000,54,50715178,1700489872430
1700489871000,1700489872000,47,16625009,1700489872430
1700489871000,1700489872000,63,13911228,1700489872609
1700489872000,1700489873000,100,28694290,1700489873091
1700489872000,1700489873000,47,14570579,1700489873316
1700489872000,1700489873000,24,22806468,1700489873316
1700489872000,1700489873000,13,23366482,1700489873336
1700489872000,1700489873000,63,15823918,1700489873524
1700489872000,1700489873000,54,59101146,1700489873627
1700489873000,1700489874000,100,73028227,1700489874164
1700489873000,1700489874000,24,30645303,1700489874577
1700489873000,1700489874000,47,13049060,1700489874651
1700489873000,1700489874000,13,29139017,1700489874660
1700489873000,1700489874000,63,18608003,1700489874976
1700489873000,1700489874000,54,128176860,1700489874987
1700489874000,1700489875000,100,78897918,1700489875193
1700489874000,1700489875000,24,32263617,1700489875407
1700489874000,1700489875000,13,22516727,1700489875521
1700489874000,1700489875000,47,16117352,1700489875628
1700489874000,1700489875000,63,86141019,1700489875815
1700489874000,1700489875000,54,166713489,1700489875816
1700489875000,1700489876000,100,96587773,1700489876104
1700489875000,1700489876000,47,24824969,1700489876349
1700489875000,1700489876000,24,29613303,1700489876349
1700489875000,1700489876000,13,26147896,1700489876349
1700489875000,1700489876000,63,109522103,1700489876801
1700489875000,1700489876000,54,192948337,1700489876801
1700489876000,1700489877000,24,54035931,1700489877234
1700489876000,1700489877000,100,43419599,1700489877296
1700489876000,1700489877000,13,29184359,1700489877448
1700489876000,1700489877000,47,45007495,1700489877448
1700489876000,1700489877000,54,210605893,1700489877610
1700489876000,1700489877000,63,168690851,1700489877727
1700489877000,1700489878000,100,92774172,1700489878106
1700489877000,1700489878000,13,31593516,1700489878227
1700489877000,1700489878000,47,151714363,1700489878338
1700489877000,1700489878000,24,118051171,1700489878351
1700489877000,1700489878000,54,215132381,1700489878455
1700489877000,1700489878000,63,258286202,1700489878456
1700489878000,1700489879000,13,37696762,1700489879133
1700489878000,1700489879000,100,35230989,1700489879143
1700489878000,1700489879000,24,191284518,1700489879331
1700489878000,1700489879000,47,66855664,1700489879343
1700489878000,1700489879000,63,149585978,1700489879344
1700489878000,1700489879000,54,143982031,1700489879344
1700489879000,1700489880000,100,77399301,1700489880074
1700489879000,1700489880000,13,48207826,1700489880182
1700489879000,1700489880000,24,140809952,1700489880309
1700489879000,1700489880000,63,93520220,1700489880309
1700489879000,1700489880000,54,67742473,1700489880387
1700489879000,1700489880000,47,168601513,1700489880407
1700489880000,1700489881000,100,66649246,1700489881075
1700489880000,1700489881000,13,227132629,1700489881099
1700489880000,1700489881000,24,113879643,1700489881327
1700489880000,1700489881000,47,198241817,1700489881484
1700489880000,1700489881000,54,132482454,1700489881684
1700489880000,1700489881000,63,39377014,1700489881703
1700489881000,1700489882000,13,142155886,1700489882237
1700489881000,1700489882000,24,163866666,1700489882347
1700489881000,1700489882000,100,76874915,1700489882355
1700489881000,1700489882000,54,51640085,1700489882471
1700489881000,1700489882000,47,105682366,1700489882539
1700489881000,1700489882000,63,33932483,1700489882610
1700489882000,1700489883000,24,219445448,1700489883198
1700489882000,1700489883000,13,267607156,1700489883198
1700489882000,1700489883000,100,63741596,1700489883198
1700489882000,1700489883000,54,38466157,1700489883412
1700489882000,1700489883000,47,147938854,1700489883413
1700489882000,1700489883000,63,71959211,1700489883520
1700489883000,1700489884000,100,79615815,1700489884187
1700489883000,1700489884000,54,81846238,1700489884344
1700489883000,1700489884000,47,96516446,1700489884344
1700489883000,1700489884000,13,190753958,1700489884345
1700489883000,1700489884000,24,132285482,1700489884345
1700489883000,1700489884000,63,64402059,1700489884571
1700489884000,1700489885000,100,80261550,1700489885131
1700489884000,1700489885000,13,206116836,1700489885233
1700489884000,1700489885000,24,92041754,1700489885337
1700489884000,1700489885000,54,86651157,1700489885440
1700489884000,1700489885000,47,31576142,1700489885451
1700489884000,1700489885000,63,29622144,1700489885800
1700489885000,1700489886000,13,48410240,1700489886166
1700489885000,1700489886000,100,53517421,1700489886262
1700489885000,1700489886000,24,54303733,1700489886263
1700489885000,1700489886000,63,32542528,1700489886670
1700489885000,1700489886000,54,29158557,1700489886683
1700489885000,1700489886000,47,33901557,1700489886858
1700489886000,1700489887000,24,48451828,1700489887225
1700489886000,1700489887000,13,143991292,1700489887225
1700489886000,1700489887000,100,60371098,1700489887297
1700489886000,1700489887000,54,87359314,1700489887507
1700489886000,1700489887000,63,39668146,1700489887599
1700489886000,1700489887000,47,136929474,1700489887902
1700489887000,1700489888000,100,61153740,1700489888197
1700489887000,1700489888000,13,35361638,1700489888207
1700489887000,1700489888000,24,24342587,1700489888400
1700489887000,1700489888000,63,16450431,1700489888753
1700489887000,1700489888000,54,112726225,1700489888891
1700489887000,1700489888000,47,26572690,1700489888974
1700489888000,1700489889000,100,42081431,1700489889164
1700489888000,1700489889000,13,25827290,1700489889255
1700489888000,1700489889000,24,28158776,1700489889363
1700489888000,1700489889000,63,19602429,1700489889774
1700489888000,1700489889000,54,207051378,1700489889881
1700489888000,1700489889000,47,17257743,1700489889891
1700489889000,1700489890000,100,31606646,1700489890190
1700489889000,1700489890000,24,42041530,1700489890297
1700489889000,1700489890000,13,48771063,1700489890400
1700489889000,1700489890000,54,98270273,1700489890482
1700489889000,1700489890000,63,18773120,1700489890482
1700489889000,1700489890000,47,26950757,1700489890573
1700489890000,1700489891000,100,141070596,1700489891133
1700489890000,1700489891000,24,99890268,1700489891157
1700489890000,1700489891000,13,40099482,1700489891158
1700489890000,1700489891000,54,25099054,1700489891457
1700489890000,1700489891000,63,101337594,1700489891665
1700489890000,1700489891000,47,57561519,1700489891666
1700489891000,1700489892000,13,47463529,1700489892075
1700489891000,1700489892000,24,248967243,1700489892092
1700489891000,1700489892000,100,40734309,1700489892149
1700489891000,1700489892000,47,35075301,1700489892503
1700489891000,1700489892000,54,24258894,1700489892604
1700489891000,1700489892000,63,49948879,1700489892604
1700489892000,1700489893000,100,123532958,1700489893102
1700489892000,1700489893000,24,151441245,1700489893214
1700489892000,1700489893000,13,53899648,1700489893227
1700489892000,1700489893000,54,27682943,1700489893313
1700489892000,1700489893000,63,31083681,1700489893430
1700489892000,1700489893000,47,61364061,1700489893443
1700489893000,1700489894000,13,39484567,1700489894167
1700489893000,1700489894000,100,85855585,1700489894254
1700489893000,1700489894000,24,56648514,1700489894265
1700489893000,1700489894000,54,91525587,1700489894266
1700489893000,1700489894000,47,65867030,1700489894266
1700489893000,1700489894000,63,22548751,1700489894459
1700489894000,1700489895000,100,82814340,1700489895093
1700489894000,1700489895000,13,34689173,1700489895212
1700489894000,1700489895000,54,126609945,1700489895417
1700489894000,1700489895000,47,35177202,1700489895427
1700489894000,1700489895000,24,20646314,1700489895544
1700489894000,1700489895000,63,23938371,1700489895624
1700489895000,1700489896000,100,66562323,1700489896150
1700489895000,1700489896000,13,24831388,1700489896344
1700489895000,1700489896000,54,120702379,1700489896345
1700489895000,1700489896000,47,67949220,1700489896345
1700489895000,1700489896000,63,31474671,1700489896437
1700489895000,1700489896000,24,53460460,1700489896451
1700489896000,1700489897000,100,44286339,1700489897085
1700489896000,1700489897000,13,22857995,1700489897221
1700489896000,1700489897000,54,45369021,1700489897347
1700489896000,1700489897000,47,65054632,1700489897347
1700489896000,1700489897000,24,42257484,1700489897347
1700489896000,1700489897000,63,36895672,1700489897417
1700489897000,1700489898000,100,36775238,1700489898115
1700489897000,1700489898000,13,19764260,1700489898124
1700489897000,1700489898000,24,183641473,1700489898201
1700489897000,1700489898000,63,24723320,1700489898334
1700489897000,1700489898000,54,104698144,1700489898344
1700489897000,1700489898000,47,79077666,1700489898345
1700489898000,1700489899000,100,28167393,1700489899203
1700489898000,1700489899000,13,23621440,1700489899317
1700489898000,1700489899000,24,69236674,1700489899432
1700489898000,1700489899000,54,81903838,1700489899433
1700489898000,1700489899000,63,22127058,1700489899529
1700489898000,1700489899000,47,36679803,1700489899529
1700489899000,1700489900000,100,27363404,1700489900161
1700489899000,1700489900000,24,107097941,1700489900251
1700489899000,1700489900000,13,24720015,1700489900263
1700489899000,1700489900000,54,79051862,1700489900458
1700489899000,1700489900000,63,20278406,1700489900467
1700489899000,1700489900000,47,38189652,1700489900467
1700489900000,1700489901000,13,37540886,1700489901178
1700489900000,1700489901000,100,89009538,1700489901191
1700489900000,1700489901000,24,32108636,1700489901374
1700489900000,1700489901000,63,15640230,1700489901374
1700489900000,1700489901000,54,61558034,1700489901374
1700489900000,1700489901000,47,103916210,1700489901480
1700489901000,1700489902000,100,116433934,1700489902233
1700489901000,1700489902000,13,37712429,1700489902331
1700489901000,1700489902000,24,108509671,1700489902585
1700489901000,1700489902000,47,25151952,1700489902585
1700489901000,1700489902000,63,17146889,1700489902586
1700489901000,1700489902000,54,35256997,1700489902770
1700489902000,1700489903000,100,35474400,1700489903288
1700489902000,1700489903000,13,33940117,1700489903404
1700489902000,1700489903000,24,31590971,1700489903404
1700489902000,1700489903000,47,61141427,1700489903405
1700489902000,1700489903000,54,30809042,1700489903540
1700489902000,1700489903000,63,20276415,1700489903540
1700489903000,1700489904000,13,25450404,1700489904154
1700489903000,1700489904000,100,74535437,1700489904168
1700489903000,1700489904000,63,13198631,1700489904374
1700489903000,1700489904000,54,30585232,1700489904391
1700489903000,1700489904000,47,19108312,1700489904391
1700489903000,1700489904000,24,97658465,1700489904392
1700489904000,1700489905000,100,103359121,1700489905076
1700489904000,1700489905000,13,29741924,1700489905322
1700489904000,1700489905000,24,96929485,1700489905331
1700489904000,1700489905000,47,18992530,1700489905430
1700489904000,1700489905000,63,13984132,1700489905430
1700489904000,1700489905000,54,78765428,1700489905431
1700489905000,1700489906000,13,25116658,1700489906127
1700489905000,1700489906000,100,283305121,1700489906139
1700489905000,1700489906000,54,47448929,1700489906263
1700489905000,1700489906000,24,149929141,1700489906275
1700489905000,1700489906000,47,57447955,1700489906275
1700489905000,1700489906000,63,46992316,1700489906354
1700489906000,1700489907000,13,24590301,1700489907178
1700489906000,1700489907000,100,330788065,1700489907179
1700489906000,1700489907000,63,26105285,1700489907399
1700489906000,1700489907000,54,60918868,1700489907399
1700489906000,1700489907000,47,20160255,1700489907400
1700489906000,1700489907000,24,78427441,1700489907400
1700489907000,1700489908000,100,562533251,1700489908093
1700489907000,1700489908000,13,108699766,1700489908333
1700489907000,1700489908000,54,23930463,1700489908333
1700489907000,1700489908000,24,80193998,1700489908420
1700489907000,1700489908000,47,20295950,1700489908431
1700489907000,1700489908000,63,135886654,1700489908432
1700489908000,1700489909000,24,30280151,1700489909144
1700489908000,1700489909000,13,33067529,1700489909145
1700489908000,1700489909000,100,775597545,1700489909145
1700489908000,1700489909000,54,19220889,1700489909237
1700489908000,1700489909000,47,28051948,1700489909372
1700489908000,1700489909000,63,93778960,1700489909373
1700489909000,1700489910000,100,802957260,1700489910196
1700489909000,1700489910000,13,27924459,1700489910298
1700489909000,1700489910000,47,20793498,1700489910315
1700489909000,1700489910000,24,47064364,1700489910415
1700489909000,1700489910000,63,154677753,1700489910508
1700489909000,1700489910000,54,23842222,1700489910603
1700489910000,1700489911000,13,27821212,1700489911150
1700489910000,1700489911000,100,774675300,1700489911151
1700489910000,1700489911000,24,31367813,1700489911237
1700489910000,1700489911000,47,16773218,1700489911355
1700489910000,1700489911000,63,82104741,1700489911367
1700489910000,1700489911000,54,26270649,1700489911367
1700489911000,1700489912000,100,788499715,1700489912178
1700489911000,1700489912000,13,24457757,1700489912302
1700489911000,1700489912000,47,24018369,1700489912386
1700489911000,1700489912000,24,21618671,1700489912399
1700489911000,1700489912000,54,36773133,1700489912499
1700489911000,1700489912000,63,110037097,1700489912622
1700489912000,1700489913000,100,762588588,1700489913097
1700489912000,1700489913000,13,33373806,1700489913258
1700489912000,1700489913000,47,24457333,1700489913426
1700489912000,1700489913000,24,29502983,1700489913427
1700489912000,1700489913000,54,107694176,1700489913536
1700489912000,1700489913000,63,18084318,1700489913536
1700489913000,1700489914000,100,955269384,1700489914160
1700489913000,1700489914000,13,28035572,1700489914255
1700489913000,1700489914000,47,19329541,1700489914267
1700489913000,1700489914000,54,326152203,1700489914268
1700489913000,1700489914000,24,25991078,1700489914268
1700489913000,1700489914000,63,27703322,1700489914566
1700489914000,1700489915000,13,46910408,1700489915205
1700489914000,1700489915000,24,44221314,1700489915205
1700489914000,1700489915000,100,332828493,1700489915206
1700489914000,1700489915000,47,39528061,1700489915424
1700489914000,1700489915000,63,139878316,1700489915424
1700489914000,1700489915000,54,573445569,1700489915425
1700489915000,1700489916000,100,216093126,1700489916124
1700489915000,1700489916000,24,65063474,1700489916235
1700489915000,1700489916000,13,29202075,1700489916251
1700489915000,1700489916000,47,105552026,1700489916309
1700489915000,1700489916000,54,447552458,1700489916319
1700489915000,1700489916000,63,86306305,1700489916440
1700489916000,1700489917000,47,118953134,1700489917150
1700489916000,1700489917000,100,269407700,1700489917163
1700489916000,1700489917000,13,32267571,1700489917238
1700489916000,1700489917000,24,58807433,1700489917239
1700489916000,1700489917000,54,269622243,1700489917239
1700489916000,1700489917000,63,232544075,1700489917762
1700489917000,1700489918000,24,131649226,1700489918192
1700489917000,1700489918000,13,43122551,1700489918203
1700489917000,1700489918000,100,291625388,1700489918203
1700489917000,1700489918000,47,238069840,1700489918300
1700489917000,1700489918000,54,260124903,1700489918491
1700489917000,1700489918000,63,262403087,1700489918631
1700489918000,1700489919000,100,214337303,1700489919129
1700489918000,1700489919000,47,189348456,1700489919252
1700489918000,1700489919000,24,156443656,1700489919252
1700489918000,1700489919000,13,73149436,1700489919252
1700489918000,1700489919000,54,229453048,1700489919331
1700489918000,1700489919000,63,257303389,1700489919730
1700489919000,1700489920000,13,131498497,1700489920153
1700489919000,1700489920000,100,236095578,1700489920154
1700489919000,1700489920000,54,172463118,1700489920261
1700489919000,1700489920000,47,255118799,1700489920261
1700489919000,1700489920000,24,83808126,1700489920262
1700489919000,1700489920000,63,201235075,1700489920774
1700489920000,1700489921000,13,318740210,1700489921211
1700489920000,1700489921000,100,114129919,1700489921324
1700489920000,1700489921000,24,89131783,1700489921324
1700489920000,1700489921000,54,158781676,1700489921444
1700489920000,1700489921000,47,278345479,1700489921444
1700489920000,1700489921000,63,197517552,1700489921862
1700489921000,1700489922000,13,307256062,1700489922230
1700489921000,1700489922000,100,146658992,1700489922230
1700489921000,1700489922000,24,150253655,1700489922310
1700489921000,1700489922000,47,276425565,1700489922440
1700489921000,1700489922000,54,57339008,1700489922440
1700489921000,1700489922000,63,89321754,1700489922662
1700489922000,1700489923000,100,102618318,1700489923149
1700489922000,1700489923000,13,297870496,1700489923237
1700489922000,1700489923000,47,198314978,1700489923247
1700489922000,1700489923000,24,115326733,1700489923257
1700489922000,1700489923000,54,140826947,1700489923579
1700489922000,1700489923000,63,138783299,1700489923580
1700489923000,1700489924000,100,162996833,1700489924152
1700489923000,1700489924000,24,131513780,1700489924279
1700489923000,1700489924000,13,254493082,1700489924386
1700489923000,1700489924000,54,126032627,1700489924395
1700489923000,1700489924000,47,141971615,1700489924501
1700489923000,1700489924000,63,153042412,1700489924501
1700489924000,1700489925000,13,157370540,1700489925143
1700489924000,1700489925000,100,166298437,1700489925254
1700489924000,1700489925000,24,110535047,1700489925255
1700489924000,1700489925000,54,118889354,1700489925341
1700489924000,1700489925000,47,155107655,1700489925425
1700489924000,1700489925000,63,93148441,1700489925642
1700489925000,1700489926000,13,300851855,1700489926147
1700489925000,1700489926000,100,246722738,1700489926147
1700489925000,1700489926000,24,58138810,1700489926347
1700489925000,1700489926000,54,73926125,1700489926725
1700489925000,1700489926000,47,208685397,1700489926843
1700489925000,1700489926000,63,80296670,1700489926843
1700489926000,1700489927000,100,138505672,1700489927225
1700489926000,1700489927000,13,336461611,1700489927225
1700489926000,1700489927000,24,103208636,1700489927303
1700489926000,1700489927000,54,111535217,1700489927601
1700489926000,1700489927000,63,39894273,1700489927611
1700489926000,1700489927000,47,139728831,1700489927818
1700489927000,1700489928000,13,298053665,1700489928161
1700489927000,1700489928000,100,285115580,1700489928167
1700489927000,1700489928000,24,91043865,1700489928239
1700489927000,1700489928000,54,45227686,1700489928345
1700489927000,1700489928000,47,58702377,1700489928472
1700489927000,1700489928000,63,88747091,1700489928473
1700489928000,1700489929000,47,127030859,1700489929215
1700489928000,1700489929000,13,481139673,1700489929227
1700489928000,1700489929000,100,276405263,1700489929290
1700489928000,1700489929000,24,28018252,1700489929305
1700489928000,1700489929000,63,76699313,1700489929376
1700489928000,1700489929000,54,159294420,1700489929487
1700489929000,1700489930000,100,251934347,1700489930088
1700489929000,1700489930000,24,64028686,1700489930107
1700489929000,1700489930000,13,317491755,1700489930107
1700489929000,1700489930000,47,24749940,1700489930313
1700489929000,1700489930000,54,32218452,1700489930646
1700489929000,1700489930000,63,102826647,1700489930740
1700489930000,1700489931000,100,198627233,1700489931332
1700489930000,1700489931000,13,107112525,1700489931343
1700489930000,1700489931000,24,52122967,1700489931447
1700489930000,1700489931000,63,70121909,1700489931447
1700489930000,1700489931000,54,90897871,1700489931448
1700489930000,1700489931000,47,16805362,1700489931448
1700489931000,1700489932000,100,216110386,1700489932167
1700489931000,1700489932000,24,114452229,1700489932175
1700489931000,1700489932000,13,137491575,1700489932184
1700489931000,1700489932000,54,97751212,1700489932278
1700489931000,1700489932000,47,14866520,1700489932403
1700489931000,1700489932000,63,110795771,1700489932594
1700489932000,1700489933000,100,199560570,1700489933084
1700489932000,1700489933000,24,69903016,1700489933105
1700489932000,1700489933000,13,26791536,1700489933118
1700489932000,1700489933000,54,84280466,1700489933424
1700489932000,1700489933000,47,42925576,1700489933424
1700489932000,1700489933000,63,139547095,1700489933425
1700489933000,1700489934000,100,267991779,1700489934239
1700489933000,1700489934000,24,34909810,1700489934251
1700489933000,1700489934000,13,22695243,1700489934348
1700489933000,1700489934000,63,72795348,1700489934449
1700489933000,1700489934000,54,127862530,1700489934459
1700489933000,1700489934000,47,87529225,1700489934459
1700489934000,1700489935000,13,229988376,1700489935168
1700489934000,1700489935000,100,237007661,1700489935179
1700489934000,1700489935000,24,68233741,1700489935180
1700489934000,1700489935000,54,288356419,1700489935279
1700489934000,1700489935000,63,309711328,1700489935380
1700489934000,1700489935000,47,187591148,1700489935380
1700489935000,1700489936000,13,211031022,1700489936124
1700489935000,1700489936000,100,125498575,1700489936135
1700489935000,1700489936000,24,73479031,1700489936322
1700489935000,1700489936000,54,407352858,1700489936422
1700489935000,1700489936000,63,470799435,1700489936422
1700489935000,1700489936000,47,133519544,1700489936525
1700489936000,1700489937000,13,48618749,1700489937166
1700489936000,1700489937000,100,278341416,1700489937167
1700489936000,1700489937000,63,478735056,1700489937485
1700489936000,1700489937000,24,181195021,1700489937491
1700489936000,1700489937000,54,643726449,1700489937592
1700489936000,1700489937000,47,120928221,1700489937687
1700489937000,1700489938000,100,284212447,1700489938201
1700489937000,1700489938000,13,142417297,1700489938335
1700489937000,1700489938000,24,136198086,1700489938429
1700489937000,1700489938000,47,329032860,1700489938525
1700489937000,1700489938000,54,492447715,1700489938633
1700489937000,1700489938000,63,282356766,1700489938634
1700489938000,1700489939000,100,213388137,1700489939253
1700489938000,1700489939000,13,30192901,1700489939332
1700489938000,1700489939000,47,367823716,1700489939419
1700489938000,1700489939000,63,271281041,1700489939427
1700489938000,1700489939000,54,555717255,1700489939427
1700489938000,1700489939000,24,82636291,1700489939427
1700489939000,1700489940000,100,113791676,1700489940152
1700489939000,1700489940000,24,350980743,1700489940369
1700489939000,1700489940000,47,172049792,1700489940468
1700489939000,1700489940000,63,461402567,1700489940469
1700489939000,1700489940000,13,116939537,1700489940469
1700489939000,1700489940000,54,396075704,1700489940571
1700489940000,1700489941000,100,200483896,1700489941162
1700489940000,1700489941000,24,426190957,1700489941284
1700489940000,1700489941000,63,386295092,1700489941380
1700489940000,1700489941000,47,257169509,1700489941380
1700489940000,1700489941000,54,448094105,1700489941495
1700489940000,1700489941000,13,68518611,1700489941593
1700489941000,1700489942000,100,135037951,1700489942291
1700489941000,1700489942000,13,85041385,1700489942392
1700489941000,1700489942000,24,413290993,1700489942480
1700489941000,1700489942000,47,394003897,1700489942499
1700489941000,1700489942000,63,369452695,1700489942759
1700489941000,1700489942000,54,668492208,1700489942759
1700489942000,1700489943000,100,158184174,1700489943167
1700489942000,1700489943000,24,574009905,1700489943302
1700489942000,1700489943000,13,41435890,1700489943431
1700489942000,1700489943000,47,437430506,1700489943494
1700489942000,1700489943000,54,474906256,1700489943511
1700489942000,1700489943000,63,309945761,1700489943523
1700489943000,1700489944000,100,182525696,1700489944199
1700489943000,1700489944000,47,453741092,1700489944293
1700489943000,1700489944000,13,72401855,1700489944400
1700489943000,1700489944000,24,429524320,1700489944407
1700489943000,1700489944000,63,142328215,1700489944408
1700489943000,1700489944000,54,607992856,1700489944508
1700489944000,1700489945000,13,273853309,1700489945143
1700489944000,1700489945000,100,112183732,1700489945155
1700489944000,1700489945000,47,579267025,1700489945272
1700489944000,1700489945000,24,594905885,1700489945283
1700489944000,1700489945000,63,174659322,1700489945390
1700489944000,1700489945000,54,359533771,1700489945390
1700489945000,1700489946000,100,177690027,1700489946083
1700489945000,1700489946000,13,70421164,1700489946212
1700489945000,1700489946000,54,798510087,1700489946436
1700489945000,1700489946000,24,469692104,1700489946437
1700489945000,1700489946000,47,539797495,1700489946553
1700489945000,1700489946000,63,277949826,1700489946553
1700489946000,1700489947000,13,153555601,1700489947199
1700489946000,1700489947000,100,226454970,1700489947323
1700489946000,1700489947000,24,462315173,1700489947418
1700489946000,1700489947000,63,265607749,1700489947419
1700489946000,1700489947000,54,739930403,1700489947515
1700489946000,1700489947000,47,959704005,1700489947599
1700489947000,1700489948000,100,273742363,1700489948086
1700489947000,1700489948000,13,27368260,1700489948353
1700489947000,1700489948000,24,556037268,1700489948353
1700489947000,1700489948000,47,359581560,1700489948458
1700489947000,1700489948000,63,183170869,1700489948475
1700489947000,1700489948000,54,647893493,1700489948476
1700489948000,1700489949000,100,274113234,1700489949259
1700489948000,1700489949000,47,332318845,1700489949259
1700489948000,1700489949000,24,418378809,1700489949259
1700489948000,1700489949000,13,255360964,1700489949364
1700489948000,1700489949000,63,172298183,1700489949371
1700489948000,1700489949000,54,133199873,1700489949474
1700489949000,1700489950000,13,115997534,1700489950135
1700489949000,1700489950000,100,186959300,1700489950135
1700489949000,1700489950000,24,366678409,1700489950337
1700489949000,1700489950000,54,363615762,1700489950343
1700489949000,1700489950000,47,544735578,1700489950343
1700489949000,1700489950000,63,232420120,1700489950344
1700489950000,1700489951000,100,115994234,1700489951165
1700489950000,1700489951000,24,666350244,1700489951175
1700489950000,1700489951000,54,693909671,1700489951183
1700489950000,1700489951000,47,616479968,1700489951184
1700489950000,1700489951000,13,209157050,1700489951184
1700489950000,1700489951000,63,515108631,1700489951291
1700489951000,1700489952000,13,209450608,1700489952148
1700489951000,1700489952000,100,248546674,1700489952232
1700489951000,1700489952000,24,735212260,1700489952433
1700489951000,1700489952000,63,646909046,1700489952433
1700489951000,1700489952000,54,656600091,1700489952433
1700489951000,1700489952000,47,693011911,1700489952537
1700489952000,1700489953000,13,51487771,1700489953175
1700489952000,1700489953000,24,941644020,1700489953187
1700489952000,1700489953000,100,358167316,1700489953187
1700489952000,1700489953000,54,673073603,1700489953265
1700489952000,1700489953000,63,742865710,1700489953380
1700489952000,1700489953000,47,356791684,1700489953380
1700489953000,1700489954000,100,544747729,1700489954198
1700489953000,1700489954000,24,637887179,1700489954211
1700489953000,1700489954000,54,639072708,1700489954212
1700489953000,1700489954000,63,357397346,1700489954212
1700489953000,1700489954000,47,630298895,1700489954212
1700489953000,1700489954000,13,124051267,1700489954212
1700489954000,1700489955000,24,323424911,1700489955151
1700489954000,1700489955000,13,199347803,1700489955159
1700489954000,1700489955000,100,441739063,1700489955272
1700489954000,1700489955000,47,718582533,1700489955272
1700489954000,1700489955000,54,554730035,1700489955361
1700489954000,1700489955000,63,450545533,1700489955577
1700489955000,1700489956000,100,339758523,1700489956151
1700489955000,1700489956000,24,634007919,1700489956252
1700489955000,1700489956000,13,159602581,1700489956275
1700489955000,1700489956000,54,445817011,1700489956353
1700489955000,1700489956000,47,624869355,1700489956464
1700489955000,1700489956000,63,594563425,1700489956464
1700489956000,1700489957000,100,117662137,1700489957099
1700489956000,1700489957000,13,250743637,1700489957399
1700489956000,1700489957000,54,392162732,1700489957399
1700489956000,1700489957000,63,414034925,1700489957399
1700489956000,1700489957000,47,816408251,1700489957411
1700489956000,1700489957000,24,925848529,1700489957504
1700489957000,1700489958000,100,162452502,1700489958118
1700489957000,1700489958000,47,470856424,1700489958311
1700489957000,1700489958000,24,636241777,1700489958454
1700489957000,1700489958000,13,253236972,1700489958530
1700489957000,1700489958000,54,467368197,1700489958633
1700489957000,1700489958000,63,543250350,1700489958741
1700489958000,1700489959000,100,133231223,1700489959166
1700489958000,1700489959000,47,506355879,1700489959350
1700489958000,1700489959000,13,193144587,1700489959363
1700489958000,1700489959000,24,748945815,1700489959376
1700489958000,1700489959000,63,472784102,1700489959468
1700489958000,1700489959000,54,551238900,1700489959479
1700489959000,1700489960000,100,96583781,1700489960352
1700489959000,1700489960000,54,439407641,1700489960352
1700489959000,1700489960000,47,517803193,1700489960352
1700489959000,1700489960000,13,153654980,1700489960353
1700489959000,1700489960000,24,385875923,1700489960443
1700489959000,1700489960000,63,464924898,1700489960444
1700489960000,1700489961000,13,232086192,1700489961116
1700489960000,1700489961000,100,111026334,1700489961116
1700489960000,1700489961000,47,407418092,1700489961230
1700489960000,1700489961000,24,595545683,1700489961320
1700489960000,1700489961000,63,576845681,1700489961624
1700489960000,1700489961000,54,1103076328,1700489961784
1700489961000,1700489962000,100,95483322,1700489962329
1700489961000,1700489962000,24,192363302,1700489962329
1700489961000,1700489962000,13,314239395,1700489962509
1700489961000,1700489962000,63,615354286,1700489962509
1700489961000,1700489962000,47,580567251,1700489962509
1700489961000,1700489962000,54,1248390020,1700489962509
1700489962000,1700489963000,100,125693326,1700489963258
1700489962000,1700489963000,13,167287150,1700489963489
1700489962000,1700489963000,24,370856146,1700489963575
1700489962000,1700489963000,47,510532771,1700489963587
1700489962000,1700489963000,63,616094005,1700489963587
1700489962000,1700489963000,54,687857180,1700489963749
1700489963000,1700489964000,100,262728345,1700489964263
1700489963000,1700489964000,13,202071844,1700489964378
1700489963000,1700489964000,63,496010302,1700489964378
1700489963000,1700489964000,47,448771625,1700489964378
1700489963000,1700489964000,54,666669479,1700489964499
1700489963000,1700489964000,24,683978639,1700489964507
1700489964000,1700489965000,100,256078431,1700489965280
1700489964000,1700489965000,13,312971370,1700489965281
1700489964000,1700489965000,54,681438264,1700489965281
1700489964000,1700489965000,47,701836012,1700489965281
1700489964000,1700489965000,24,485113896,1700489965373
1700489964000,1700489965000,63,741386554,1700489965373
1700489965000,1700489966000,100,174434590,1700489966263
1700489965000,1700489966000,24,732192167,1700489966263
1700489965000,1700489966000,13,308409016,1700489966362
1700489965000,1700489966000,63,870778046,1700489966371
1700489965000,1700489966000,54,751311912,1700489966372
1700489965000,1700489966000,47,847730393,1700489966467
1700489966000,1700489967000,13,116058810,1700489967131
1700489966000,1700489967000,100,182410216,1700489967132
1700489966000,1700489967000,24,830433183,1700489967230
1700489966000,1700489967000,54,695167178,1700489967340
1700489966000,1700489967000,47,584947446,1700489967341
1700489966000,1700489967000,63,1194502933,1700489967464
1700489967000,1700489968000,13,324876108,1700489968159
1700489967000,1700489968000,100,235834004,1700489968175
1700489967000,1700489968000,54,689197819,1700489968379
1700489967000,1700489968000,24,934917104,1700489968379
1700489967000,1700489968000,47,250564945,1700489968463
1700489967000,1700489968000,63,1135397638,1700489968475
1700489968000,1700489969000,100,301309195,1700489969204
1700489968000,1700489969000,47,551096749,1700489969211
1700489968000,1700489969000,24,904923057,1700489969282
1700489968000,1700489969000,13,490720111,1700489969287
1700489968000,1700489969000,63,1022307550,1700489969392
1700489968000,1700489969000,54,811467659,1700489969405
1700489969000,1700489970000,100,286641528,1700489970113
1700489969000,1700489970000,24,919063392,1700489970220
1700489969000,1700489970000,13,306927406,1700489970331
1700489969000,1700489970000,47,562383513,1700489970428
1700489969000,1700489970000,63,1116937670,1700489970565
1700489969000,1700489970000,54,613496893,1700489970565
1700489970000,1700489971000,100,251825802,1700489971145
1700489970000,1700489971000,13,567850962,1700489971394
1700489970000,1700489971000,47,692041081,1700489971394
1700489970000,1700489971000,24,600753327,1700489971395
1700489970000,1700489971000,63,588143689,1700489971489
1700489970000,1700489971000,54,622455418,1700489971490
1700489971000,1700489972000,100,223476326,1700489972194
1700489971000,1700489972000,24,428041864,1700489972308
1700489971000,1700489972000,13,455571868,1700489972414
1700489971000,1700489972000,54,483376976,1700489972501
1700489971000,1700489972000,47,488253873,1700489972501
1700489971000,1700489972000,63,582756759,1700489972502
1700489972000,1700489973000,100,150837160,1700489973121
1700489972000,1700489973000,47,516359012,1700489973314
1700489972000,1700489973000,24,870800492,1700489973339
1700489972000,1700489973000,63,326100502,1700489973512
1700489972000,1700489973000,13,220931649,1700489973523
1700489972000,1700489973000,54,383294598,1700489973638
1700489973000,1700489974000,24,641727109,1700489974179
1700489973000,1700489974000,100,207016731,1700489974277
1700489973000,1700489974000,13,48144306,1700489974277
1700489973000,1700489974000,47,739028636,1700489974565
1700489973000,1700489974000,63,284571870,1700489974569
1700489973000,1700489974000,54,324081216,1700489974570
1700489974000,1700489975000,13,114612503,1700489975101
1700489974000,1700489975000,24,496474273,1700489975182
1700489974000,1700489975000,100,193753637,1700489975195
1700489974000,1700489975000,63,131728869,1700489975405
1700489974000,1700489975000,54,309902147,1700489975405
1700489974000,1700489975000,47,534272270,1700489975405
1700489975000,1700489976000,100,203955411,1700489976094
1700489975000,1700489976000,24,519066868,1700489976229
1700489975000,1700489976000,13,328528399,1700489976239
1700489975000,1700489976000,63,232925169,1700489976430
1700489975000,1700489976000,47,581522389,1700489976443
1700489975000,1700489976000,54,338079918,1700489976635
1700489976000,1700489977000,24,262794019,1700489977157
1700489976000,1700489977000,13,185348830,1700489977157
1700489976000,1700489977000,100,225377962,1700489977157
1700489976000,1700489977000,47,424136843,1700489977369
1700489976000,1700489977000,63,63165532,1700489977369
1700489976000,1700489977000,54,317797982,1700489977479
1700489977000,1700489978000,100,205172050,1700489978232
1700489977000,1700489978000,13,296419333,1700489978247
1700489977000,1700489978000,24,439233802,1700489978247
1700489977000,1700489978000,63,36020419,1700489978339
1700489977000,1700489978000,47,317092402,1700489978339
1700489977000,1700489978000,54,262587542,1700489978545
1700489978000,1700489979000,13,323284793,1700489979179
1700489978000,1700489979000,100,202640472,1700489979297
1700489978000,1700489979000,24,277736555,1700489979378
1700489978000,1700489979000,47,314802869,1700489979463
1700489978000,1700489979000,63,308185316,1700489979479
1700489978000,1700489979000,54,171908700,1700489979631
1700489979000,1700489980000,100,140113305,1700489980141
1700489979000,1700489980000,24,188904155,1700489980159
1700489979000,1700489980000,13,328851725,1700489980168
1700489979000,1700489980000,54,68198356,1700489980362
1700489979000,1700489980000,47,393773122,1700489980478
1700489979000,1700489980000,63,490607434,1700489980478
1700489980000,1700489981000,100,124137001,1700489981120
1700489980000,1700489981000,13,327574109,1700489981232
1700489980000,1700489981000,24,322121008,1700489981341
1700489980000,1700489981000,63,461668320,1700489981341
1700489980000,1700489981000,54,47239776,1700489981342
1700489980000,1700489981000,47,338598464,1700489981453
1700489981000,1700489982000,13,194630958,1700489982132
1700489981000,1700489982000,100,174831152,1700489982133
1700489981000,1700489982000,24,348734126,1700489982240
1700489981000,1700489982000,63,588652658,1700489982428
1700489981000,1700489982000,47,238425977,1700489982429
1700489981000,1700489982000,54,115895965,1700489982432
1700489982000,1700489983000,24,336459662,1700489983348
1700489982000,1700489983000,13,169697641,1700489983348
1700489982000,1700489983000,100,114828579,1700489983349
1700489982000,1700489983000,54,211255407,1700489983460
1700489982000,1700489983000,47,356257921,1700489983460
1700489982000,1700489983000,63,525657010,1700489983573
1700489983000,1700489984000,100,146287381,1700489984316
1700489983000,1700489984000,13,229894868,1700489984316
1700489983000,1700489984000,24,358248020,1700489984316
1700489983000,1700489984000,47,406366675,1700489984404
1700489983000,1700489984000,54,236805540,1700489984415
1700489983000,1700489984000,63,311122746,1700489984503
1700489984000,1700489985000,100,228058124,1700489985116
1700489984000,1700489985000,13,296951984,1700489985238
1700489984000,1700489985000,47,504244173,1700489985238
1700489984000,1700489985000,24,303325510,1700489985349
1700489984000,1700489985000,63,470870254,1700489985367
1700489984000,1700489985000,54,218358475,1700489985368
1700489985000,1700489986000,24,254513197,1700489986205
1700489985000,1700489986000,13,181771664,1700489986216
1700489985000,1700489986000,100,309247781,1700489986274
1700489985000,1700489986000,63,770479070,1700489986378
1700489985000,1700489986000,47,388520325,1700489986480
1700489985000,1700489986000,54,206237807,1700489986557
1700489986000,1700489987000,13,178423425,1700489987299
1700489986000,1700489987000,47,320125108,1700489987408
1700489986000,1700489987000,63,966080188,1700489987409
1700489986000,1700489987000,100,245010805,1700489987409
1700489986000,1700489987000,24,282256367,1700489987504
1700489986000,1700489987000,54,223686785,1700489987505
1700489987000,1700489988000,24,259302324,1700489988145
1700489987000,1700489988000,13,271133445,1700489988155
1700489987000,1700489988000,100,221970065,1700489988246
1700489987000,1700489988000,47,650429490,1700489988458
1700489987000,1700489988000,63,630630209,1700489988471
1700489987000,1700489988000,54,255797678,1700489988472
1700489988000,1700489989000,100,154353363,1700489989153
1700489988000,1700489989000,13,277492269,1700489989369
1700489988000,1700489989000,47,478922672,1700489989379
1700489988000,1700489989000,24,459853493,1700489989502
1700489988000,1700489989000,54,184227272,1700489989502
1700489988000,1700489989000,63,377838807,1700489989723
1700489989000,1700489990000,100,126919779,1700489990188
1700489989000,1700489990000,24,480730427,1700489990198
1700489989000,1700489990000,13,224766212,1700489990198
1700489989000,1700489990000,54,290386586,1700489990476
1700489989000,1700489990000,47,479994836,1700489990487
1700489989000,1700489990000,63,344860102,1700489990598
1700489990000,1700489991000,100,175431865,1700489991114
1700489990000,1700489991000,13,170832906,1700489991359
1700489990000,1700489991000,24,301210310,1700489991461
1700489990000,1700489991000,54,310492666,1700489991661
1700489990000,1700489991000,63,591898603,1700489991774
1700489990000,1700489991000,47,299259707,1700489991783
1700489991000,1700489992000,100,206267064,1700489992298
1700489991000,1700489992000,47,351057829,1700489992395
1700489991000,1700489992000,13,286231676,1700489992407
1700489991000,1700489992000,24,584919254,1700489992496
1700489991000,1700489992000,54,559837162,1700489992683
1700489991000,1700489992000,63,426030796,1700489992684
1700489992000,1700489993000,100,151234888,1700489993245
1700489992000,1700489993000,24,491731452,1700489993375
1700489992000,1700489993000,13,95506571,1700489993459
1700489992000,1700489993000,47,411144831,1700489993543
1700489992000,1700489993000,63,391182332,1700489993619
1700489992000,1700489993000,54,649932930,1700489993631
1700489993000,1700489994000,100,165174257,1700489994144
1700489993000,1700489994000,24,784761155,1700489994434
1700489993000,1700489994000,63,354444710,1700489994475
1700489993000,1700489994000,13,249051424,1700489994475
1700489993000,1700489994000,54,541349741,1700489994476
1700489993000,1700489994000,47,702244747,1700489994578
1700489994000,1700489995000,13,128771870,1700489995273
1700489994000,1700489995000,100,159929229,1700489995365
1700489994000,1700489995000,24,336107582,1700489995494
1700489994000,1700489995000,54,369039272,1700489995494
1700489994000,1700489995000,47,1081175197,1700489995609
1700489994000,1700489995000,63,202164874,1700489995609
1700489995000,1700489996000,13,156877795,1700489996114
1700489995000,1700489996000,100,144960163,1700489996115
1700489995000,1700489996000,47,716732935,1700489996214
1700489995000,1700489996000,63,33358821,1700489996214
1700489995000,1700489996000,54,316637531,1700489996214
1700489995000,1700489996000,24,523162542,1700489996335
1700489996000,1700489997000,24,557813139,1700489997168
1700489996000,1700489997000,13,175281332,1700489997180
1700489996000,1700489997000,100,177206224,1700489997180
1700489996000,1700489997000,54,316921439,1700489997274
1700489996000,1700489997000,47,159209278,1700489997279
1700489996000,1700489997000,63,79003101,1700489997414
1700489997000,1700489998000,100,236834298,1700489998269
1700489997000,1700489998000,47,274901015,1700489998280
1700489997000,1700489998000,24,770432555,1700489998280
1700489997000,1700489998000,13,569783086,1700489998280
1700489997000,1700489998000,63,198909701,1700489998414
1700489997000,1700489998000,54,300018221,1700489998431
1700489998000,1700489999000,13,231563475,1700489999360
1700489998000,1700489999000,100,138675953,1700489999431
1700489998000,1700489999000,54,246257390,1700489999498
1700489998000,1700489999000,24,855773083,1700489999498
1700489998000,1700489999000,47,388244776,1700489999499
1700489998000,1700489999000,63,333834137,1700489999774
1700489999000,1700490000000,13,380030608,1700490000162
1700489999000,1700490000000,100,178181494,1700490000163
1700489999000,1700490000000,24,517357091,1700490000381
1700489999000,1700490000000,63,358513907,1700490000515
1700489999000,1700490000000,54,224022680,1700490000516
1700489999000,1700490000000,47,247341854,1700490000709
1700490000000,1700490001000,100,172208591,1700490001139
1700490000000,1700490001000,13,251799580,1700490001243
1700490000000,1700490001000,24,438961157,1700490001281
1700490000000,1700490001000,47,455437354,1700490001282
1700490000000,1700490001000,54,111880278,1700490001400
1700490000000,1700490001000,63,847816566,1700490001400
1700490001000,1700490002000,13,347156478,1700490002121
1700490001000,1700490002000,100,275772258,1700490002121
1700490001000,1700490002000,24,303733684,1700490002440
1700490001000,1700490002000,47,390190864,1700490002441
1700490001000,1700490002000,54,148202100,1700490002442
1700490001000,1700490002000,63,707082991,1700490002442
1700490002000,1700490003000,13,274758521,1700490003156
1700490002000,1700490003000,100,353278737,1700490003167
1700490002000,1700490003000,54,48641100,1700490003237
1700490002000,1700490003000,47,265250136,1700490003255
1700490002000,1700490003000,24,391794381,1700490003340
1700490002000,1700490003000,63,805467465,1700490003356
1700490003000,1700490004000,100,370632541,1700490004173
1700490003000,1700490004000,24,493420697,1700490004264
1700490003000,1700490004000,13,349423053,1700490004371
1700490003000,1700490004000,54,549437317,1700490004372
1700490003000,1700490004000,63,368738242,1700490004467
1700490003000,1700490004000,47,263899299,1700490004588
1700490004000,1700490005000,100,182729841,1700490005113
1700490004000,1700490005000,13,195950878,1700490005347
1700490004000,1700490005000,47,400977779,1700490005347
1700490004000,1700490005000,24,730795507,1700490005402
1700490004000,1700490005000,54,420443327,1700490005531
1700490004000,1700490005000,63,432264237,1700490005532
1700490005000,1700490006000,13,134394727,1700490006157
1700490005000,1700490006000,100,165487314,1700490006252
1700490005000,1700490006000,24,349667352,1700490006356
1700490005000,1700490006000,54,593782424,1700490006356
1700490005000,1700490006000,47,475322309,1700490006459
1700490005000,1700490006000,63,507200804,1700490006562
1700490006000,1700490007000,100,235731169,1700490007179
1700490006000,1700490007000,24,347425654,1700490007291
1700490006000,1700490007000,13,75524349,1700490007292
1700490006000,1700490007000,54,698383133,1700490007359
1700490006000,1700490007000,47,444546795,1700490007589
1700490006000,1700490007000,63,649822071,1700490007589
1700490007000,1700490008000,100,151492894,1700490008110
1700490007000,1700490008000,13,199875016,1700490008115
1700490007000,1700490008000,24,261746743,1700490008319
1700490007000,1700490008000,47,467892421,1700490008408
1700490007000,1700490008000,63,620614145,1700490008409
1700490007000,1700490008000,54,380745685,1700490008409
1700490008000,1700490009000,100,113630000,1700490009235
1700490008000,1700490009000,13,77724807,1700490009236
1700490008000,1700490009000,47,509156590,1700490009451
1700490008000,1700490009000,24,265640908,1700490009464
1700490008000,1700490009000,63,457586271,1700490009464
1700490008000,1700490009000,54,401616282,1700490009464
1700490009000,1700490010000,100,117701348,1700490010093
1700490009000,1700490010000,24,620671462,1700490010364
1700490009000,1700490010000,47,434774425,1700490010439
1700490009000,1700490010000,13,197578084,1700490010451
1700490009000,1700490010000,54,590572181,1700490010537
1700490009000,1700490010000,63,569931680,1700490010619
1700490010000,1700490011000,13,104360113,1700490011139
1700490010000,1700490011000,100,188847179,1700490011140
1700490010000,1700490011000,24,703832638,1700490011336
1700490010000,1700490011000,47,498970479,1700490011351
1700490010000,1700490011000,54,605477021,1700490011456
1700490010000,1700490011000,63,518654349,1700490011538
1700490011000,1700490012000,13,72175715,1700490012174
1700490011000,1700490012000,24,891342122,1700490012184
1700490011000,1700490012000,100,254705630,1700490012184
1700490011000,1700490012000,47,476044294,1700490012363
1700490011000,1700490012000,54,740562772,1700490012373
1700490011000,1700490012000,63,439765833,1700490012506
1700490012000,1700490013000,24,681021680,1700490013151
1700490012000,1700490013000,13,167591569,1700490013163
1700490012000,1700490013000,100,260918813,1700490013232
1700490012000,1700490013000,47,714794282,1700490013405
1700490012000,1700490013000,54,781742428,1700490013405
1700490012000,1700490013000,63,412900977,1700490013527
1700490013000,1700490014000,13,83981368,1700490014138
1700490013000,1700490014000,100,247869461,1700490014147
1700490013000,1700490014000,54,609875791,1700490014147
1700490013000,1700490014000,47,423797898,1700490014159
1700490013000,1700490014000,24,312598621,1700490014269
1700490013000,1700490014000,63,358356280,1700490014269
1700490014000,1700490015000,24,727176171,1700490015320
1700490014000,1700490015000,100,211077532,1700490015327
1700490014000,1700490015000,13,330458180,1700490015328
1700490014000,1700490015000,63,282147097,1700490015431
1700490014000,1700490015000,54,585097582,1700490015443
1700490014000,1700490015000,47,459147018,1700490015443
1700490015000,1700490016000,100,173446805,1700490016117
1700490015000,1700490016000,13,309824579,1700490016299
1700490015000,1700490016000,24,765520184,1700490016312
1700490015000,1700490016000,54,578075603,1700490016534
1700490015000,1700490016000,47,711189416,1700490016723
1700490015000,1700490016000,63,313465999,1700490016740
1700490016000,1700490017000,100,187069485,1700490017135
1700490016000,1700490017000,24,881999876,1700490017240
1700490016000,1700490017000,13,286103371,1700490017324
1700490016000,1700490017000,54,629545448,1700490017534
1700490016000,1700490017000,63,237207847,1700490017651
1700490016000,1700490017000,47,308860597,1700490017663
1700490017000,1700490018000,100,198904388,1700490018167
1700490017000,1700490018000,13,219983456,1700490018390
1700490017000,1700490018000,24,1026476132,1700490018391
1700490017000,1700490018000,63,362695409,1700490018598
1700490017000,1700490018000,54,741268024,1700490018598
1700490017000,1700490018000,47,263575582,1700490018701
1700490018000,1700490019000,100,199052014,1700490019082
1700490018000,1700490019000,13,283205796,1700490019319
1700490018000,1700490019000,54,455603002,1700490019319
1700490018000,1700490019000,47,297500327,1700490019319
1700490018000,1700490019000,24,1179146650,1700490019320
1700490018000,1700490019000,63,306896570,1700490019324
1700490019000,1700490020000,47,290989555,1700490020174
1700490019000,1700490020000,24,585103817,1700490020191
1700490019000,1700490020000,13,242658471,1700490020191
1700490019000,1700490020000,100,263154482,1700490020309
1700490019000,1700490020000,54,437576924,1700490020309
1700490019000,1700490020000,63,213739694,1700490020384
1700490020000,1700490021000,13,352340157,1700490021162
1700490020000,1700490021000,100,260516256,1700490021162
1700490020000,1700490021000,47,291547952,1700490021270
1700490020000,1700490021000,24,163804926,1700490021270
1700490020000,1700490021000,63,190330179,1700490021383
1700490020000,1700490021000,54,268163761,1700490021493
1700490021000,1700490022000,100,185349724,1700490022216
1700490021000,1700490022000,13,265716381,1700490022317
1700490021000,1700490022000,24,273887744,1700490022397
1700490021000,1700490022000,47,231202929,1700490022403
1700490021000,1700490022000,54,214193794,1700490022503
1700490021000,1700490022000,63,297545333,1700490022632
1700490022000,1700490023000,100,190493144,1700490023128
1700490022000,1700490023000,47,233757574,1700490023230
1700490022000,1700490023000,13,225994808,1700490023239
1700490022000,1700490023000,24,313136124,1700490023239
1700490022000,1700490023000,54,295962459,1700490023356
1700490022000,1700490023000,63,534898303,1700490023472
1700490023000,1700490024000,100,158093033,1700490024174
1700490023000,1700490024000,24,328517253,1700490024291
1700490023000,1700490024000,13,239730691,1700490024292
1700490023000,1700490024000,47,287902694,1700490024292
1700490023000,1700490024000,63,703431444,1700490024400
1700490023000,1700490024000,54,235379623,1700490024407
1700490024000,1700490025000,100,147727684,1700490025105
1700490024000,1700490025000,13,214725396,1700490025191
1700490024000,1700490025000,47,400522096,1700490025192
1700490024000,1700490025000,54,161123918,1700490025192
1700490024000,1700490025000,24,440806089,1700490025192
1700490024000,1700490025000,63,922252245,1700490025378
1700490025000,1700490026000,100,98306330,1700490026150
1700490025000,1700490026000,13,176755511,1700490026161
1700490025000,1700490026000,47,467184524,1700490026289
1700490025000,1700490026000,24,620996247,1700490026289
1700490025000,1700490026000,63,871602296,1700490026500
1700490025000,1700490026000,54,146681460,1700490026586
1700490026000,1700490027000,13,154471434,1700490027359
1700490026000,1700490027000,100,222033045,1700490027360
1700490026000,1700490027000,63,273225045,1700490027569
1700490026000,1700490027000,54,422994868,1700490027569
1700490026000,1700490027000,24,321124510,1700490027569
1700490026000,1700490027000,47,498161695,1700490027570
1700490027000,1700490028000,100,264706587,1700490028110
1700490027000,1700490028000,13,446252354,1700490028127
1700490027000,1700490028000,47,444257385,1700490028221
1700490027000,1700490028000,54,406542824,1700490028231
1700490027000,1700490028000,24,222439832,1700490028231
1700490027000,1700490028000,63,423751214,1700490028315
1700490028000,1700490029000,47,512049615,1700490029281
1700490028000,1700490029000,100,548405270,1700490029281
1700490028000,1700490029000,24,235979240,1700490029281
1700490028000,1700490029000,13,183420157,1700490029282
1700490028000,1700490029000,54,472003983,1700490029363
1700490028000,1700490029000,63,443156114,1700490029463
1700490029000,1700490030000,13,152132164,1700490030088
1700490029000,1700490030000,24,383068547,1700490030093
1700490029000,1700490030000,100,641340047,1700490030182
1700490029000,1700490030000,54,520575097,1700490030387
1700490029000,1700490030000,47,602488823,1700490030506
1700490029000,1700490030000,63,119664710,1700490030746
1700490030000,1700490031000,24,537363066,1700490031266
1700490030000,1700490031000,13,413354376,1700490031266
1700490030000,1700490031000,100,403397252,1700490031267
1700490030000,1700490031000,54,429725553,1700490031458
1700490030000,1700490031000,63,275382259,1700490031561
1700490030000,1700490031000,47,602361912,1700490031645
1700490031000,1700490032000,100,71886025,1700490032259
1700490031000,1700490032000,24,547636040,1700490032260
1700490031000,1700490032000,13,319518520,1700490032260
1700490031000,1700490032000,47,595225287,1700490032375
1700490031000,1700490032000,54,313786612,1700490032476
1700490031000,1700490032000,63,281600710,1700490032476
1700490032000,1700490033000,13,701801433,1700490033202
1700490032000,1700490033000,24,205797062,1700490033202
1700490032000,1700490033000,100,37618486,1700490033328
1700490032000,1700490033000,54,274956674,1700490033329
1700490032000,1700490033000,63,434726817,1700490033329
1700490032000,1700490033000,47,278717884,1700490033329
1700490033000,1700490034000,13,658084713,1700490034278
1700490033000,1700490034000,100,62572919,1700490034283
1700490033000,1700490034000,24,799234130,1700490034380
1700490033000,1700490034000,47,289343581,1700490034380
1700490033000,1700490034000,54,518191955,1700490034381
1700490033000,1700490034000,63,687818425,1700490034478
1700490034000,1700490035000,13,379409771,1700490035309
1700490034000,1700490035000,24,750742017,1700490035309
1700490034000,1700490035000,100,198583517,1700490035309
1700490034000,1700490035000,47,227793403,1700490035385
1700490034000,1700490035000,54,377780651,1700490035611
1700490034000,1700490035000,63,399034808,1700490035612
1700490035000,1700490036000,100,195288152,1700490036157
1700490035000,1700490036000,13,410425032,1700490036273
1700490035000,1700490036000,63,468059977,1700490036384
1700490035000,1700490036000,54,279265801,1700490036385
1700490035000,1700490036000,47,156509898,1700490036385
1700490035000,1700490036000,24,948059401,1700490036385
1700490036000,1700490037000,100,181254215,1700490037124
1700490036000,1700490037000,47,174426817,1700490037229
1700490036000,1700490037000,24,804483321,1700490037239
1700490036000,1700490037000,13,306021365,1700490037442
1700490036000,1700490037000,63,120941241,1700490037459
1700490036000,1700490037000,54,234458286,1700490037460
1700490037000,1700490038000,13,321224949,1700490038177
1700490037000,1700490038000,100,260748729,1700490038266
1700490037000,1700490038000,24,566877992,1700490038280
1700490037000,1700490038000,54,170945869,1700490038280
1700490037000,1700490038000,63,204512957,1700490038281
1700490037000,1700490038000,47,255672612,1700490038281
1700490038000,1700490039000,13,280347042,1700490039206
1700490038000,1700490039000,47,668439456,1700490039207
1700490038000,1700490039000,100,311733140,1700490039307
1700490038000,1700490039000,24,319576471,1700490039308
1700490038000,1700490039000,54,242352209,1700490039308
1700490038000,1700490039000,63,291611804,1700490039308
1700490039000,1700490040000,100,268184861,1700490040117
1700490039000,1700490040000,13,158860000,1700490040253
1700490039000,1700490040000,54,301985388,1700490040333
1700490039000,1700490040000,47,478040827,1700490040343
1700490039000,1700490040000,24,708333318,1700490040429
1700490039000,1700490040000,63,290437493,1700490040429
1700490040000,1700490041000,100,228219672,1700490041158
1700490040000,1700490041000,24,552983403,1700490041273
1700490040000,1700490041000,13,301131967,1700490041273
1700490040000,1700490041000,54,546106970,1700490041424
1700490040000,1700490041000,47,341557014,1700490041519
1700490040000,1700490041000,63,384024295,1700490041535
1700490041000,1700490042000,13,357904155,1700490042094
1700490041000,1700490042000,24,438858410,1700490042171
1700490041000,1700490042000,100,215677913,1700490042184
1700490041000,1700490042000,47,388626085,1700490042304
1700490041000,1700490042000,63,454249156,1700490042304
1700490041000,1700490042000,54,497943763,1700490042405
1700490042000,1700490043000,13,119803438,1700490043271
1700490042000,1700490043000,100,141317113,1700490043287
1700490042000,1700490043000,47,414122105,1700490043394
1700490042000,1700490043000,54,107930409,1700490043394
1700490042000,1700490043000,24,380702965,1700490043394
1700490042000,1700490043000,63,456943427,1700490043475
1700490043000,1700490044000,100,165845252,1700490044290
1700490043000,1700490044000,13,203693742,1700490044386
1700490043000,1700490044000,24,608993115,1700490044387
1700490043000,1700490044000,47,431566973,1700490044487
1700490043000,1700490044000,63,403488657,1700490044488
1700490043000,1700490044000,54,248053627,1700490044488
1700490044000,1700490045000,13,150779461,1700490045228
1700490044000,1700490045000,54,223322924,1700490045240
1700490044000,1700490045000,47,457986321,1700490045240
1700490044000,1700490045000,24,563463313,1700490045240
1700490044000,1700490045000,100,192881880,1700490045347
1700490044000,1700490045000,63,118130821,1700490045549
1700490045000,1700490046000,100,120150481,1700490046241
1700490045000,1700490046000,13,268225144,1700490046251
1700490045000,1700490046000,47,320919961,1700490046328
1700490045000,1700490046000,24,532739391,1700490046328
1700490045000,1700490046000,63,253176525,1700490046409
1700490045000,1700490046000,54,464192499,1700490046423
1700490046000,1700490047000,100,109603626,1700490047155
1700490046000,1700490047000,24,590329724,1700490047248
1700490046000,1700490047000,13,140239350,1700490047255
1700490046000,1700490047000,54,837769739,1700490047452
1700490046000,1700490047000,63,237349444,1700490047459
1700490046000,1700490047000,47,172245560,1700490047459
1700490047000,1700490048000,100,127583616,1700490048091
1700490047000,1700490048000,24,753055359,1700490048110
1700490047000,1700490048000,13,78670400,1700490048110
1700490047000,1700490048000,47,258066040,1700490048502
1700490047000,1700490048000,54,512250048,1700490048511
1700490047000,1700490048000,63,260034633,1700490048622
1700490048000,1700490049000,13,253321100,1700490049261
1700490048000,1700490049000,100,140602236,1700490049261
1700490048000,1700490049000,47,320756839,1700490049262
1700490048000,1700490049000,24,636684474,1700490049373
1700490048000,1700490049000,54,273860790,1700490049498
1700490048000,1700490049000,63,730019990,1700490049600
1700490049000,1700490050000,13,155029031,1700490050225
1700490049000,1700490050000,100,193046563,1700490050336
1700490049000,1700490050000,24,310481546,1700490050525
1700490049000,1700490050000,47,472510073,1700490050526
1700490049000,1700490050000,54,288147218,1700490050526
1700490049000,1700490050000,63,837673731,1700490050605
1700490050000,1700490051000,100,271753581,1700490051109
1700490050000,1700490051000,24,303343905,1700490051181
1700490050000,1700490051000,13,114976298,1700490051191
1700490050000,1700490051000,47,284100841,1700490051297
1700490050000,1700490051000,63,1059541014,1700490051376
1700490050000,1700490051000,54,397985990,1700490051500
1700490051000,1700490052000,47,235515994,1700490052235
1700490051000,1700490052000,24,668858442,1700490052256
1700490051000,1700490052000,13,285468619,1700490052256
1700490051000,1700490052000,100,238594568,1700490052256
1700490051000,1700490052000,54,326688647,1700490052441
1700490051000,1700490052000,63,1220441947,1700490052559
1700490052000,1700490053000,47,362065755,1700490053178
1700490052000,1700490053000,24,556828220,1700490053179
1700490052000,1700490053000,13,335358602,1700490053179
1700490052000,1700490053000,100,191853510,1700490053270
1700490052000,1700490053000,54,493854811,1700490053356
1700490052000,1700490053000,63,1386867708,1700490053793
1700490053000,1700490054000,13,200884059,1700490054104
1700490053000,1700490054000,24,622451558,1700490054158
1700490053000,1700490054000,100,134597618,1700490054172
1700490053000,1700490054000,63,900254872,1700490054197
1700490053000,1700490054000,47,559098333,1700490054202
1700490053000,1700490054000,54,469656920,1700490054203
1700490054000,1700490055000,100,176924325,1700490055106
1700490054000,1700490055000,47,647881207,1700490055223
1700490054000,1700490055000,24,769974463,1700490055236
1700490054000,1700490055000,13,197234284,1700490055306
1700490054000,1700490055000,63,817012616,1700490055319
1700490054000,1700490055000,54,346556972,1700490055569
1700490055000,1700490056000,100,201436588,1700490056285
1700490055000,1700490056000,54,321630446,1700490056383
1700490055000,1700490056000,13,146933243,1700490056391
1700490055000,1700490056000,24,509611941,1700490056453
1700490055000,1700490056000,47,605758453,1700490056463
1700490055000,1700490056000,63,629245343,1700490056781
1700490056000,1700490057000,13,181581862,1700490057185
1700490056000,1700490057000,100,242170369,1700490057185
1700490056000,1700490057000,24,287703603,1700490057428
1700490056000,1700490057000,54,575614308,1700490057535
1700490056000,1700490057000,47,989453091,1700490057548
1700490056000,1700490057000,63,752268824,1700490057548
1700490057000,1700490058000,100,207490462,1700490058220
1700490057000,1700490058000,54,551145469,1700490058221
1700490057000,1700490058000,47,1192712805,1700490058221
1700490057000,1700490058000,24,311791181,1700490058221
1700490057000,1700490058000,13,265817167,1700490058328
1700490057000,1700490058000,63,580743123,1700490058415
1700490058000,1700490059000,24,248320605,1700490059355
1700490058000,1700490059000,100,218000563,1700490059372
1700490058000,1700490059000,13,306262846,1700490059433
1700490058000,1700490059000,47,1326505106,1700490059447
1700490058000,1700490059000,54,555452756,1700490059527
1700490058000,1700490059000,63,548144558,1700490059540
1700490059000,1700490060000,24,707403023,1700490060332
1700490059000,1700490060000,13,296853825,1700490060348
1700490059000,1700490060000,54,619117765,1700490060348
1700490059000,1700490060000,47,1423771267,1700490060349
1700490059000,1700490060000,100,221649117,1700490060447
1700490059000,1700490060000,63,586322510,1700490060559
1700490060000,1700490061000,47,1478885892,1700490061359
1700490060000,1700490061000,24,487027449,1700490061360
1700490060000,1700490061000,13,352109412,1700490061360
1700490060000,1700490061000,100,388731541,1700490061444
1700490060000,1700490061000,63,563101255,1700490061573
1700490060000,1700490061000,54,512712721,1700490061573
1700490061000,1700490062000,100,290233534,1700490062354
1700490061000,1700490062000,24,372886112,1700490062354
1700490061000,1700490062000,13,166872093,1700490062445
1700490061000,1700490062000,63,787262101,1700490062569
1700490061000,1700490062000,47,787129905,1700490062576
1700490061000,1700490062000,54,415660288,1700490062576
1700490062000,1700490063000,13,198606075,1700490063251
1700490062000,1700490063000,100,194234696,1700490063350
1700490062000,1700490063000,24,607851787,1700490063359
1700490062000,1700490063000,54,349954764,1700490063359
1700490062000,1700490063000,47,357166591,1700490063549
1700490062000,1700490063000,63,733813273,1700490063555
1700490063000,1700490064000,100,230842161,1700490064103
1700490063000,1700490064000,13,101294113,1700490064108
1700490063000,1700490064000,54,291143357,1700490064349
1700490063000,1700490064000,24,717289694,1700490064349
1700490063000,1700490064000,47,434276630,1700490064349
1700490063000,1700490064000,63,1062138053,1700490064350
1700490064000,1700490065000,100,263615772,1700490065087
1700490064000,1700490065000,13,126203986,1700490065190
1700490064000,1700490065000,54,492465177,1700490065191
1700490064000,1700490065000,24,673682468,1700490065332
1700490064000,1700490065000,47,861847713,1700490065333
1700490064000,1700490065000,63,834871934,1700490065438
1700490065000,1700490066000,24,729916199,1700490066185
1700490065000,1700490066000,13,214047646,1700490066186
1700490065000,1700490066000,100,312912935,1700490066267
1700490065000,1700490066000,47,1246577741,1700490066267
1700490065000,1700490066000,63,675035279,1700490066369
1700490065000,1700490066000,54,570964789,1700490066369
1700490066000,1700490067000,100,290770852,1700490067148
1700490066000,1700490067000,24,735735143,1700490067257
1700490066000,1700490067000,47,870593952,1700490067257
1700490066000,1700490067000,13,93180358,1700490067257
1700490066000,1700490067000,63,421422822,1700490067465
1700490066000,1700490067000,54,619548025,1700490067467
1700490067000,1700490068000,13,244792802,1700490068157
1700490067000,1700490068000,100,400062426,1700490068167
1700490067000,1700490068000,24,570982823,1700490068252
1700490067000,1700490068000,47,919351654,1700490068483
1700490067000,1700490068000,54,418580621,1700490068495
1700490067000,1700490068000,63,161351967,1700490068507
1700490068000,1700490069000,100,325259645,1700490069105
1700490068000,1700490069000,47,651446397,1700490069196
1700490068000,1700490069000,24,570616536,1700490069196
1700490068000,1700490069000,13,289996777,1700490069197
1700490068000,1700490069000,54,526118615,1700490069317
1700490068000,1700490069000,63,259830149,1700490069436
1700490069000,1700490070000,100,219832174,1700490070177
1700490069000,1700490070000,13,263401039,1700490070260
1700490069000,1700490070000,47,521158832,1700490070260
1700490069000,1700490070000,54,422142871,1700490070261
1700490069000,1700490070000,24,552530369,1700490070261
1700490069000,1700490070000,63,363128731,1700490070379
1700490070000,1700490071000,100,117984798,1700490071232
1700490070000,1700490071000,13,178861183,1700490071243
1700490070000,1700490071000,47,572212386,1700490071342
1700490070000,1700490071000,63,253326011,1700490071342
1700490070000,1700490071000,24,718065937,1700490071343
1700490070000,1700490071000,54,644280976,1700490071440
1700490071000,1700490072000,100,200865452,1700490072272
1700490071000,1700490072000,24,682570339,1700490072273
1700490071000,1700490072000,13,243719619,1700490072369
1700490071000,1700490072000,47,612189953,1700490072369
1700490071000,1700490072000,63,261085291,1700490072478
1700490071000,1700490072000,54,535333434,1700490072612
1700490072000,1700490073000,13,268108534,1700490073208
1700490072000,1700490073000,100,195837829,1700490073298
1700490072000,1700490073000,24,921231267,1700490073311
1700490072000,1700490073000,63,206615948,1700490073387
1700490072000,1700490073000,54,330667303,1700490073387
1700490072000,1700490073000,47,434090007,1700490073387
1700490073000,1700490074000,100,230131873,1700490074086
1700490073000,1700490074000,13,101693173,1700490074287
1700490073000,1700490074000,24,874564799,1700490074299
1700490073000,1700490074000,47,401436929,1700490074395
1700490073000,1700490074000,63,172975860,1700490074404
1700490073000,1700490074000,54,332153948,1700490074405
1700490074000,1700490075000,100,282053649,1700490075135
1700490074000,1700490075000,13,241120408,1700490075146
1700490074000,1700490075000,24,451646891,1700490075242
1700490074000,1700490075000,54,380334759,1700490075251
1700490074000,1700490075000,47,433046764,1700490075251
1700490074000,1700490075000,63,242937686,1700490075349
1700490075000,1700490076000,13,150218874,1700490076251
1700490075000,1700490076000,24,801873947,1700490076342
1700490075000,1700490076000,63,265777947,1700490076356
1700490075000,1700490076000,47,262534475,1700490076356
1700490075000,1700490076000,54,461995611,1700490076356
1700490075000,1700490076000,100,289417803,1700490076356
1700490076000,1700490077000,100,205517289,1700490077125
1700490076000,1700490077000,47,260035624,1700490077246
1700490076000,1700490077000,24,606473057,1700490077246
1700490076000,1700490077000,63,307546135,1700490077246
1700490076000,1700490077000,13,144393262,1700490077345
1700490076000,1700490077000,54,227207544,1700490077346
1700490077000,1700490078000,100,149283972,1700490078171
1700490077000,1700490078000,24,485485605,1700490078398
1700490077000,1700490078000,63,253436076,1700490078398
1700490077000,1700490078000,54,423877830,1700490078398
1700490077000,1700490078000,13,273307780,1700490078399
1700490077000,1700490078000,47,247827332,1700490078467
1700490078000,1700490079000,100,365146030,1700490079212
1700490078000,1700490079000,13,67020393,1700490079415
1700490078000,1700490079000,47,314425970,1700490079525
1700490078000,1700490079000,24,583367582,1700490079525
1700490078000,1700490079000,54,508529150,1700490079588
1700490078000,1700490079000,63,137335673,1700490079599
1700490079000,1700490080000,100,464063266,1700490080127
1700490079000,1700490080000,47,197304654,1700490080482
1700490079000,1700490080000,63,241360248,1700490080499
1700490079000,1700490080000,54,538006889,1700490080500
1700490079000,1700490080000,24,599616685,1700490080500
1700490079000,1700490080000,13,177900757,1700490080598
1700490080000,1700490081000,100,345159162,1700490081071
1700490080000,1700490081000,54,290331818,1700490081488
1700490080000,1700490081000,47,115332986,1700490081499
1700490080000,1700490081000,24,631559863,1700490081598
1700490080000,1700490081000,63,327510168,1700490081599
1700490080000,1700490081000,13,393802258,1700490081599
1700490081000,1700490082000,100,287423082,1700490082119
1700490081000,1700490082000,24,820896855,1700490082429
1700490081000,1700490082000,54,186763208,1700490082439
1700490081000,1700490082000,47,207156109,1700490082535
1700490081000,1700490082000,63,387722070,1700490082745
1700490081000,1700490082000,13,217474844,1700490082745
1700490082000,1700490083000,100,126037848,1700490083287
1700490082000,1700490083000,47,350815943,1700490083544
1700490082000,1700490083000,24,467278454,1700490083544
1700490082000,1700490083000,54,148693645,1700490083544
1700490082000,1700490083000,13,501512563,1700490083668
1700490082000,1700490083000,63,315721901,1700490083679
1700490083000,1700490084000,100,252340668,1700490084341
1700490083000,1700490084000,24,548360615,1700490084351
1700490083000,1700490084000,47,775869132,1700490084434
1700490083000,1700490084000,13,228580045,1700490084447
1700490083000,1700490084000,54,227220505,1700490084536
1700490083000,1700490084000,63,369934192,1700490084536
1700490084000,1700490085000,100,246241903,1700490085162
1700490084000,1700490085000,47,579229077,1700490085376
1700490084000,1700490085000,24,798981906,1700490085376
1700490084000,1700490085000,13,107206320,1700490085449
1700490084000,1700490085000,54,194016137,1700490085572
1700490084000,1700490085000,63,367991318,1700490085689
1700490085000,1700490086000,100,270763099,1700490086118
1700490085000,1700490086000,24,502193059,1700490086334
1700490085000,1700490086000,54,290441918,1700490086438
1700490085000,1700490086000,47,318205282,1700490086438
1700490085000,1700490086000,13,213719625,1700490086551
1700490085000,1700490086000,63,373638065,1700490086752
1700490086000,1700490087000,100,240510391,1700490087369
1700490086000,1700490087000,24,290758131,1700490087579
1700490086000,1700490087000,47,243626899,1700490087592
1700490086000,1700490087000,63,604176436,1700490087592
1700490086000,1700490087000,13,245576754,1700490087592
1700490086000,1700490087000,54,328804248,1700490087592
1700490087000,1700490088000,100,228104414,1700490088239
1700490087000,1700490088000,13,110281334,1700490088331
1700490087000,1700490088000,54,325799283,1700490088332
1700490087000,1700490088000,24,233039540,1700490088332
1700490087000,1700490088000,47,245815543,1700490088424
1700490087000,1700490088000,63,408557761,1700490088531
1700490088000,1700490089000,100,223083107,1700490089109
1700490088000,1700490089000,13,271248913,1700490089336
1700490088000,1700490089000,54,331075680,1700490089425
1700490088000,1700490089000,47,53032887,1700490089435
1700490088000,1700490089000,24,403877267,1700490089540
1700490088000,1700490089000,63,150915859,1700490089634
1700490089000,1700490090000,100,273353257,1700490090144
1700490089000,1700490090000,13,331800653,1700490090381
1700490089000,1700490090000,24,324010957,1700490090381
1700490089000,1700490090000,54,506531993,1700490090381
1700490089000,1700490090000,63,424123684,1700490090381
1700490089000,1700490090000,47,308314423,1700490090382
1700490090000,1700490091000,100,291972757,1700490091108
1700490090000,1700490091000,13,356616476,1700490091212
1700490090000,1700490091000,24,321276859,1700490091307
1700490090000,1700490091000,63,397935730,1700490091404
1700490090000,1700490091000,47,406570298,1700490091415
1700490090000,1700490091000,54,330310759,1700490091415
1700490091000,1700490092000,100,311211785,1700490092120
1700490091000,1700490092000,13,130421627,1700490092128
1700490091000,1700490092000,24,213582559,1700490092253
1700490091000,1700490092000,47,459360311,1700490092385
1700490091000,1700490092000,63,491906219,1700490092386
1700490091000,1700490092000,54,149672125,1700490092463
1700490092000,1700490093000,100,258974081,1700490093251
1700490092000,1700490093000,24,321067634,1700490093268
1700490092000,1700490093000,13,178155430,1700490093459
1700490092000,1700490093000,54,585599637,1700490093459
1700490092000,1700490093000,47,333992608,1700490093556
1700490092000,1700490093000,63,329798829,1700490093557
1700490093000,1700490094000,13,249051288,1700490094136
1700490093000,1700490094000,100,212373250,1700490094136
1700490093000,1700490094000,47,295818950,1700490094334
1700490093000,1700490094000,54,601405910,1700490094344
1700490093000,1700490094000,24,312838362,1700490094449
1700490093000,1700490094000,63,507032035,1700490094650
1700490094000,1700490095000,13,64337614,1700490095161
1700490094000,1700490095000,24,288698339,1700490095167
1700490094000,1700490095000,100,168989903,1700490095175
1700490094000,1700490095000,47,331832251,1700490095272
1700490094000,1700490095000,54,944954163,1700490095272
1700490094000,1700490095000,63,392961028,1700490095697
1700490095000,1700490096000,100,113240959,1700490096125
1700490095000,1700490096000,24,417194150,1700490096235
1700490095000,1700490096000,13,259594027,1700490096235
1700490095000,1700490096000,54,1053116347,1700490096360
1700490095000,1700490096000,47,313162392,1700490096360
1700490095000,1700490096000,63,761978286,1700490096885
1700490096000,1700490097000,100,79501403,1700490097145
1700490096000,1700490097000,13,124690123,1700490097204
1700490096000,1700490097000,24,483584517,1700490097389
1700490096000,1700490097000,54,752368485,1700490097400
1700490096000,1700490097000,47,319627462,1700490097491
1700490096000,1700490097000,63,846437735,1700490097601
1700490097000,1700490098000,100,64649922,1700490098139
1700490097000,1700490098000,13,148934218,1700490098152
1700490097000,1700490098000,24,687175953,1700490098238
1700490097000,1700490098000,47,318106779,1700490098380
1700490097000,1700490098000,54,731008312,1700490098380
1700490097000,1700490098000,63,441096974,1700490098487
1700490098000,1700490099000,100,62470990,1700490099164
1700490098000,1700490099000,13,145397210,1700490099365
1700490098000,1700490099000,24,590913635,1700490099495
1700490098000,1700490099000,47,361737498,1700490099503
1700490098000,1700490099000,54,371853413,1700490099599
1700490098000,1700490099000,63,471313985,1700490099694
1700490099000,1700490100000,100,104659308,1700490100129
1700490099000,1700490100000,24,631493406,1700490100211
1700490099000,1700490100000,13,65900279,1700490100318
1700490099000,1700490100000,47,422747392,1700490100436
1700490099000,1700490100000,63,598724316,1700490100436
1700490099000,1700490100000,54,460410676,1700490100436
1700490100000,1700490101000,100,223397244,1700490101289
1700490100000,1700490101000,24,642183384,1700490101387
1700490100000,1700490101000,54,479823007,1700490101400
1700490100000,1700490101000,63,885084908,1700490101400
1700490100000,1700490101000,47,316693870,1700490101400
1700490100000,1700490101000,13,170427621,1700490101400
1700490101000,1700490102000,24,541418172,1700490102184
1700490101000,1700490102000,100,80136751,1700490102196
1700490101000,1700490102000,47,585981908,1700490102284
1700490101000,1700490102000,54,346338783,1700490102421
1700490101000,1700490102000,63,831958823,1700490102421
1700490101000,1700490102000,13,161140377,1700490102421
1700490102000,1700490103000,100,231197493,1700490103134
1700490102000,1700490103000,13,372314722,1700490103385
1700490102000,1700490103000,24,822715775,1700490103386
1700490102000,1700490103000,47,271134723,1700490103494
1700490102000,1700490103000,63,825583390,1700490103593
1700490102000,1700490103000,54,397761965,1700490103593
1700490103000,1700490104000,100,263794005,1700490104533
1700490103000,1700490104000,47,720641210,1700490104533
1700490103000,1700490104000,24,559472130,1700490104597
1700490103000,1700490104000,13,356299341,1700490104597
1700490103000,1700490104000,54,354600161,1700490104597
1700490103000,1700490104000,63,455717843,1700490104866
1700490104000,1700490105000,100,198942351,1700490105183
1700490104000,1700490105000,24,80155138,1700490105375
1700490104000,1700490105000,54,410956086,1700490105484
1700490104000,1700490105000,47,925764317,1700490105484
1700490104000,1700490105000,63,792223292,1700490105504
1700490104000,1700490105000,13,256313653,1700490105574
1700490105000,1700490106000,100,124780470,1700490106087
1700490105000,1700490106000,63,604887849,1700490106316
1700490105000,1700490106000,47,885329231,1700490106317
1700490105000,1700490106000,24,293070712,1700490106317
1700490105000,1700490106000,13,224712708,1700490106325
1700490105000,1700490106000,54,432742265,1700490106611
1700490106000,1700490107000,100,131164921,1700490107338
1700490106000,1700490107000,24,317708901,1700490107412
1700490106000,1700490107000,54,265851422,1700490107424
1700490106000,1700490107000,13,342480331,1700490107424
1700490106000,1700490107000,47,540663803,1700490107500
1700490106000,1700490107000,63,842123315,1700490107689
1700490107000,1700490108000,100,162433461,1700490108175
1700490107000,1700490108000,47,496158669,1700490108191
1700490107000,1700490108000,24,428686355,1700490108192
1700490107000,1700490108000,13,309289850,1700490108284
1700490107000,1700490108000,63,757129003,1700490108285
1700490107000,1700490108000,54,323384627,1700490108405
1700490108000,1700490109000,13,152039978,1700490109145
1700490108000,1700490109000,100,61062879,1700490109241
1700490108000,1700490109000,24,693435316,1700490109241
1700490108000,1700490109000,63,432531675,1700490109251
1700490108000,1700490109000,47,536847224,1700490109366
1700490108000,1700490109000,54,689067364,1700490109557
1700490109000,1700490110000,100,132796169,1700490110154
1700490109000,1700490110000,47,465315143,1700490110221
1700490109000,1700490110000,24,591019850,1700490110232
1700490109000,1700490110000,13,227829975,1700490110232
1700490109000,1700490110000,63,563941244,1700490110332
1700490109000,1700490110000,54,1197629166,1700490110446
