debs$start:INTEGER(64 bits),debs$end:INTEGER(64 bits),debs$sid:INTEGER(64 bits),debs$absolute_v:INTEGER(64 bits),timestamp
10620000,10680000,63,1699968836461,1699968846365
10620000,10680000,54,1699968836518,1699968846365
10620000,10680000,13,1699968836529,1699968846905
10620000,10680000,100,1699968836507,1699968846905
10620000,10680000,47,1699968836497,1699968847030
10620000,10680000,24,1699968836487,1699968847030
10680000,10740000,54,1699968846005,1699968859215
10680000,10740000,63,1699968846173,1699968859215
10680000,10740000,13,1699968846731,1699968860385
10680000,10740000,100,1699968845495,1699968860385
10680000,10740000,47,1699968846110,1699968860863
10680000,10740000,24,1699968846836,1699968860863
10740000,10800000,54,1699968858820,1699968872001
10740000,10800000,63,1699968859039,1699968872001
10740000,10800000,100,1699968856364,1699968873450
10740000,10800000,13,1699968860193,1699968873450
10740000,10800000,47,1699968858805,1699968874682
10740000,10800000,24,1699968860713,1699968874682
10800000,10860000,54,1699968871812,1699968885015
10800000,10860000,63,1699968871647,1699968885015
10800000,10860000,100,1699968866362,1699968886744
10800000,10860000,13,1699968873285,1699968886744
10800000,10860000,47,1699968871227,1699968888729
10800000,10860000,24,1699968874539,1699968888729
10860000,10920000,63,1699968883843,1699968897818
10860000,10920000,54,1699968884810,1699968897818
10860000,10920000,100,1699968877943,1699968900425
10860000,10920000,13,1699968886597,1699968900425
10860000,10920000,47,1699968883653,1699968902548
10860000,10920000,24,1699968888535,1699968902548
10920000,10980000,54,1699968897673,1699968910411
10920000,10980000,63,1699968896106,1699968910411
10920000,10980000,100,1699968889171,1699968913081
10920000,10980000,13,1699968900244,1699968913081
10920000,10980000,47,1699968896327,1699968916593
10920000,10980000,24,1699968902384,1699968916593
10980000,11040000,63,1699968908065,1699968923220
10980000,11040000,54,1699968910253,1699968923220
10980000,11040000,100,1699968900964,1699968926173
10980000,11040000,13,1699968912920,1699968926173
10980000,11040000,47,1699968908997,1699968930416
10980000,11040000,24,1699968916430,1699968930416
11040000,11100000,54,1699968923083,1699968936032
11040000,11100000,63,1699968920468,1699968936032
11040000,11100000,100,1699968911578,1699968939250
11040000,11100000,13,1699968925979,1699968939250
11040000,11100000,47,1699968921646,1699968944016
11040000,11100000,24,1699968930212,1699968944016
11100000,11160000,63,1699968932091,1699968949256
11100000,11160000,54,1699968935890,1699968949256
11100000,11160000,100,1699968922406,1699968952737
11100000,11160000,13,1699968939098,1699968952737
11100000,11160000,47,1699968934098,1699968958061
11100000,11160000,24,1699968943827,1699968958061
11160000,11220000,63,1699968944693,1699968961435
11160000,11220000,54,1699968949049,1699968961435
11160000,11220000,100,1699968931349,1699968966012
11160000,11220000,13,1699968952565,1699968966012
11160000,11220000,47,1699968946692,1699968969694
11160000,11220000,24,1699968957849,1699968969694
11220000,11280000,63,1699968955457,1699968973188
11220000,11280000,54,1699968961259,1699968973188
11220000,11280000,100,1699968942638,1699968978453
11220000,11280000,13,1699968965873,1699968978453
11220000,11280000,47,1699968958970,1699968982221
11220000,11280000,24,1699968969481,1699968982221
11280000,11340000,63,1699968967427,1699968986201
11280000,11340000,54,1699968973045,1699968986201
11280000,11340000,100,1699968953823,1699968991303
11280000,11340000,13,1699968978268,1699968991303
11280000,11340000,47,1699968971459,1699968995172
11280000,11340000,24,1699968982068,1699968995172
11340000,11400000,54,1699968986039,1699968999005
11340000,11400000,63,1699968979029,1699968999005
11340000,11400000,100,1699968964842,1699969003948
11340000,11400000,13,1699968991146,1699969003948
11340000,11400000,47,1699968984097,1699969007897
11340000,11400000,24,1699968994982,1699969007897
11400000,11460000,63,1699968990406,1699969011820
11400000,11460000,54,1699968998809,1699969011820
11400000,11460000,100,1699968976012,1699969016798
11400000,11460000,13,1699969003762,1699969016798
11400000,11460000,47,1699968996747,1699969021075
11400000,11460000,24,1699969007743,1699969021075
11460000,11520000,63,1699969000490,1699969024840
11460000,11520000,54,1699969011656,1699969024840
11460000,11520000,100,1699968986235,1699969030288
11460000,11520000,13,1699969016645,1699969030288
11460000,11520000,47,1699969009174,1699969034478
11460000,11520000,24,1699969020859,1699969034478
11520000,11580000,63,1699969011456,1699969037646
11520000,11580000,54,1699969024660,1699969037646
11520000,11580000,100,1699968997654,1699969043569
11520000,11580000,13,1699969030100,1699969043569
11520000,11580000,47,1699969021856,1699969048525
11520000,11580000,24,1699969034278,1699969048525
11580000,11640000,63,1699969022821,1699969050658
11580000,11640000,54,1699969037499,1699969050658
11580000,11640000,100,1699969008276,1699969056652
11580000,11640000,13,1699969043410,1699969056652
11580000,11640000,47,1699969034485,1699969061905
11580000,11640000,24,1699969048329,1699969061905
11640000,11700000,63,1699969034968,1699969063879
11640000,11700000,54,1699969050516,1699969063879
11640000,11700000,100,1699969019732,1699969069940
11640000,11700000,13,1699969056478,1699969069940
11640000,11700000,47,1699969047155,1699969075303
11640000,11700000,24,1699969061750,1699969075303
11700000,11760000,63,1699969045055,1699969076891
11700000,11760000,54,1699969063672,1699969076891
11700000,11760000,100,1699969030298,1699969082392
11700000,11760000,13,1699969069761,1699969082392
11700000,11760000,47,1699969059789,1699969088913
11700000,11760000,24,1699969075157,1699969088913
11760000,11820000,63,1699969056651,1699969089699
11760000,11820000,54,1699969076693,1699969089699
11760000,11820000,100,1699969041296,1699969094413
11760000,11820000,13,1699969082223,1699969094413
11760000,11820000,47,1699969072628,1699969102111
11760000,11820000,24,1699969088737,1699969102111
11820000,11880000,63,1699969066831,1699969102719
11820000,11880000,54,1699969089537,1699969102719
11820000,11880000,100,1699969051729,1699969106857
11820000,11880000,13,1699969094243,1699969106857
11820000,11880000,47,1699969085301,1699969115515
11820000,11880000,24,1699969101948,1699969115515
11880000,11940000,54,1699969102522,1699969115735
11880000,11940000,63,1699969077945,1699969115735
11880000,11940000,100,1699969060669,1699969119500
11880000,11940000,13,1699969106673,1699969119500
11880000,11940000,47,1699969097974,1699969128253
11880000,11940000,24,1699969115352,1699969128253
11940000,12000000,63,1699969088694,1699969128752
11940000,12000000,54,1699969115542,1699969128752
11940000,12000000,100,1699969070249,1699969132978
11940000,12000000,13,1699969119343,1699969132978
