debs$start:INTEGER(64 bits),debs$end:INTEGER(64 bits),debs$sid:INTEGER(64 bits),debs$absolute_v:INTEGER(64 bits),timestamp
1700489111000,1700489112000,13,7132224,1700489112523
1700489111000,1700489112000,24,9018914,1700489112523
1700489111000,1700489112000,47,5893980,1700489112523
1700489111000,1700489112000,54,7950483,1700489112523
1700489111000,1700489112000,63,4652742,1700489112523
1700489111000,1700489112000,100,6227615,1700489112523
1700489112000,1700489113000,13,22787854,1700489113951
1700489112000,1700489113000,24,26807129,1700489113951
1700489112000,1700489113000,47,18458997,1700489113951
1700489112000,1700489113000,54,26812712,1700489113951
1700489112000,1700489113000,63,13617920,1700489113951
1700489112000,1700489113000,100,26985285,1700489113951
1700489113000,1700489114000,13,23393369,1700489115353
1700489113000,1700489114000,24,21677412,1700489115353
1700489113000,1700489114000,47,16769256,1700489115353
1700489113000,1700489114000,54,28957736,1700489115353
1700489113000,1700489114000,63,16368421,1700489115353
1700489113000,1700489114000,100,27853760,1700489115353
1700489114000,1700489115000,13,25950905,1700489117021
1700489114000,1700489115000,24,32603412,1700489117021
1700489114000,1700489115000,47,20766240,1700489117021
1700489114000,1700489115000,54,22999095,1700489117021
1700489114000,1700489115000,63,11843920,1700489117021
1700489114000,1700489115000,100,63202195,1700489117021
1700489115000,1700489116000,13,16526689,1700489118766
1700489115000,1700489116000,24,18161338,1700489118766
1700489115000,1700489116000,47,57839654,1700489118766
1700489115000,1700489116000,54,22942680,1700489118766
1700489115000,1700489116000,63,17834795,1700489118766
1700489115000,1700489116000,100,56095703,1700489118766
1700489116000,1700489117000,13,17792856,1700489120533
1700489116000,1700489117000,24,20548144,1700489120533
1700489116000,1700489117000,47,16944288,1700489120533
1700489116000,1700489117000,54,22260785,1700489120533
1700489116000,1700489117000,63,14698518,1700489120533
1700489116000,1700489117000,100,60318528,1700489120533
1700489117000,1700489118000,13,22021108,1700489122437
1700489117000,1700489118000,24,20250632,1700489122437
1700489117000,1700489118000,47,21732502,1700489122437
1700489117000,1700489118000,54,35477957,1700489122437
1700489117000,1700489118000,63,11798807,1700489122437
1700489117000,1700489118000,100,51613052,1700489122437
1700489118000,1700489119000,13,17798963,1700489124604
1700489118000,1700489119000,24,22307035,1700489124604
1700489118000,1700489119000,47,16933449,1700489124604
1700489118000,1700489119000,54,25237687,1700489124604
1700489118000,1700489119000,63,15048617,1700489124604
1700489118000,1700489119000,100,45058584,1700489124604
1700489119000,1700489120000,13,14854814,1700489126663
1700489119000,1700489120000,24,27901372,1700489126663
1700489119000,1700489120000,47,17260038,1700489126663
1700489119000,1700489120000,54,34496497,1700489126663
1700489119000,1700489120000,63,15436264,1700489126663
1700489119000,1700489120000,100,18061696,1700489126663
1700489120000,1700489121000,13,26799624,1700489129059
1700489120000,1700489121000,24,22073631,1700489129059
1700489120000,1700489121000,47,17574130,1700489129059
1700489120000,1700489121000,54,22063244,1700489129059
1700489120000,1700489121000,63,18511693,1700489129059
1700489120000,1700489121000,100,18700824,1700489129059
1700489121000,1700489122000,13,22046569,1700489131153
1700489121000,1700489122000,24,22371682,1700489131153
1700489121000,1700489122000,47,14658726,1700489131153
1700489121000,1700489122000,54,22107459,1700489131153
1700489121000,1700489122000,63,11740968,1700489131153
1700489121000,1700489122000,100,15372897,1700489131153
1700489122000,1700489123000,13,23041497,1700489133567
1700489122000,1700489123000,24,24929479,1700489133567
1700489122000,1700489123000,47,17045350,1700489133567
1700489122000,1700489123000,54,39961822,1700489133567
1700489122000,1700489123000,63,21917658,1700489133567
1700489122000,1700489123000,100,19054832,1700489133567
1700489123000,1700489124000,13,18111062,1700489135775
1700489123000,1700489124000,24,36696697,1700489135775
1700489123000,1700489124000,47,16825221,1700489135775
1700489123000,1700489124000,54,20263240,1700489135775
1700489123000,1700489124000,63,14610940,1700489135775
1700489123000,1700489124000,100,15859189,1700489135775
1700489124000,1700489125000,13,21798076,1700489137960
1700489124000,1700489125000,24,31516517,1700489137960
1700489124000,1700489125000,47,14899164,1700489137960
1700489124000,1700489125000,54,19235807,1700489137960
1700489124000,1700489125000,63,15605248,1700489137960
1700489124000,1700489125000,100,18330753,1700489137960
1700489125000,1700489126000,13,22768556,1700489140109
1700489125000,1700489126000,24,39561904,1700489140109
1700489125000,1700489126000,47,17309413,1700489140109
1700489125000,1700489126000,54,25538063,1700489140109
1700489125000,1700489126000,63,12874055,1700489140109
1700489125000,1700489126000,100,23782065,1700489140109
1700489126000,1700489127000,13,18942420,1700489142264
1700489126000,1700489127000,24,37175346,1700489142264
1700489126000,1700489127000,47,18537034,1700489142264
1700489126000,1700489127000,54,19487950,1700489142264
1700489126000,1700489127000,63,12149346,1700489142264
1700489126000,1700489127000,100,16998863,1700489142264
1700489127000,1700489128000,13,18192141,1700489144628
1700489127000,1700489128000,24,22542217,1700489144628
1700489127000,1700489128000,47,11142852,1700489144628
1700489127000,1700489128000,54,22256745,1700489144628
1700489127000,1700489128000,63,17054416,1700489144628
1700489127000,1700489128000,100,21410557,1700489144628
1700489128000,1700489129000,13,18900256,1700489146805
1700489128000,1700489129000,24,19016316,1700489146805
1700489128000,1700489129000,47,16798586,1700489146805
1700489128000,1700489129000,54,19588402,1700489146805
1700489128000,1700489129000,63,14280832,1700489146805
1700489128000,1700489129000,100,21819882,1700489146805
1700489129000,1700489130000,13,19636011,1700489148899
1700489129000,1700489130000,24,41120108,1700489148899
1700489129000,1700489130000,47,13179323,1700489148899
1700489129000,1700489130000,54,27015496,1700489148899
1700489129000,1700489130000,63,17103270,1700489148899
1700489129000,1700489130000,100,19712642,1700489148899
1700489130000,1700489131000,13,25081258,1700489150973
1700489130000,1700489131000,24,28405015,1700489150973
1700489130000,1700489131000,47,22677286,1700489150973
1700489130000,1700489131000,54,44651003,1700489150973
1700489130000,1700489131000,63,15031861,1700489150973
1700489130000,1700489131000,100,20793244,1700489150973
1700489131000,1700489132000,13,22026232,1700489153229
1700489131000,1700489132000,24,28701816,1700489153229
1700489131000,1700489132000,47,21661901,1700489153229
1700489131000,1700489132000,54,27326478,1700489153229
1700489131000,1700489132000,63,18298068,1700489153229
1700489131000,1700489132000,100,21048479,1700489153229
1700489132000,1700489133000,13,20394495,1700489155495
1700489132000,1700489133000,24,22352102,1700489155495
1700489132000,1700489133000,47,16535629,1700489155495
1700489132000,1700489133000,54,30628206,1700489155495
1700489132000,1700489133000,63,40075589,1700489155495
1700489132000,1700489133000,100,17956605,1700489155495
1700489133000,1700489134000,13,16535319,1700489157725
1700489133000,1700489134000,24,24864878,1700489157725
1700489133000,1700489134000,47,49008123,1700489157725
1700489133000,1700489134000,54,20148910,1700489157725
1700489133000,1700489134000,63,13784654,1700489157725
1700489133000,1700489134000,100,15752098,1700489157725
1700489134000,1700489135000,13,21399676,1700489160011
1700489134000,1700489135000,24,30080662,1700489160011
1700489134000,1700489135000,47,20299479,1700489160011
1700489134000,1700489135000,54,20176851,1700489160011
1700489134000,1700489135000,63,16709705,1700489160011
1700489134000,1700489135000,100,23272979,1700489160011
1700489135000,1700489136000,13,20276687,1700489162244
1700489135000,1700489136000,24,24525012,1700489162244
1700489135000,1700489136000,47,48511786,1700489162244
1700489135000,1700489136000,54,17354661,1700489162244
1700489135000,1700489136000,63,12745642,1700489162244
1700489135000,1700489136000,100,13555963,1700489162244
1700489136000,1700489137000,13,16157752,1700489164457
1700489136000,1700489137000,24,25925628,1700489164457
1700489136000,1700489137000,47,30125416,1700489164457
1700489136000,1700489137000,54,18042503,1700489164457
1700489136000,1700489137000,63,21561804,1700489164457
1700489136000,1700489137000,100,21359641,1700489164457
1700489137000,1700489138000,13,42840065,1700489166756
1700489137000,1700489138000,24,31050068,1700489166756
1700489137000,1700489138000,47,31680916,1700489166756
1700489137000,1700489138000,54,21734661,1700489166756
1700489137000,1700489138000,63,11596162,1700489166756
1700489137000,1700489138000,100,34086437,1700489166756
1700489138000,1700489139000,13,35196476,1700489169024
1700489138000,1700489139000,24,29641541,1700489169024
1700489138000,1700489139000,47,41994416,1700489169024
1700489138000,1700489139000,54,26443787,1700489169024
1700489138000,1700489139000,63,13125925,1700489169024
1700489138000,1700489139000,100,44305933,1700489169024
1700489139000,1700489140000,13,33119911,1700489171427
1700489139000,1700489140000,24,23999013,1700489171427
1700489139000,1700489140000,47,41905047,1700489171427
1700489139000,1700489140000,54,26429925,1700489171427
1700489139000,1700489140000,63,19680099,1700489171427
1700489139000,1700489140000,100,83595142,1700489171427
1700489140000,1700489141000,13,20818646,1700489173583
1700489140000,1700489141000,24,22559361,1700489173583
1700489140000,1700489141000,47,13860255,1700489173583
1700489140000,1700489141000,54,24735385,1700489173583
1700489140000,1700489141000,63,11959562,1700489173583
1700489140000,1700489141000,100,36025134,1700489173583
1700489141000,1700489142000,13,26876214,1700489175892
1700489141000,1700489142000,24,32354024,1700489175892
1700489141000,1700489142000,47,46963088,1700489175892
1700489141000,1700489142000,54,20534630,1700489175892
1700489141000,1700489142000,63,18177762,1700489175892
1700489141000,1700489142000,100,61018353,1700489175892
1700489142000,1700489143000,13,29710847,1700489178175
1700489142000,1700489143000,24,19532437,1700489178175
1700489142000,1700489143000,47,13571135,1700489178175
1700489142000,1700489143000,54,27607331,1700489178175
1700489142000,1700489143000,63,13452605,1700489178175
1700489142000,1700489143000,100,36537885,1700489178175
1700489143000,1700489144000,13,19081390,1700489180458
1700489143000,1700489144000,24,28438964,1700489180458
1700489143000,1700489144000,47,10639336,1700489180458
1700489143000,1700489144000,54,19780535,1700489180458
1700489143000,1700489144000,63,15197869,1700489180458
1700489143000,1700489144000,100,50936925,1700489180458
1700489144000,1700489145000,13,21001499,1700489182690
1700489144000,1700489145000,24,22217352,1700489182690
1700489144000,1700489145000,47,9074867,1700489182690
1700489144000,1700489145000,54,36180676,1700489182690
1700489144000,1700489145000,63,13408610,1700489182690
1700489144000,1700489145000,100,79364943,1700489182690
1700489145000,1700489146000,13,36066865,1700489184705
1700489145000,1700489146000,24,22647224,1700489184705
1700489145000,1700489146000,47,9999551,1700489184705
1700489145000,1700489146000,54,20030022,1700489184705
1700489145000,1700489146000,63,13373342,1700489184705
1700489145000,1700489146000,100,71649189,1700489184705
1700489146000,1700489147000,13,23143930,1700489186748
1700489146000,1700489147000,24,26527534,1700489186748
1700489146000,1700489147000,47,11690694,1700489186748
1700489146000,1700489147000,54,19778104,1700489186748
1700489146000,1700489147000,63,19073306,1700489186748
1700489146000,1700489147000,100,58855247,1700489186748
1700489147000,1700489148000,13,20532340,1700489188266
1700489147000,1700489148000,24,30131913,1700489188266
1700489147000,1700489148000,47,10554743,1700489188266
1700489147000,1700489148000,54,31673003,1700489188266
1700489147000,1700489148000,63,12699537,1700489188266
1700489147000,1700489148000,100,36776934,1700489188266
1700489148000,1700489149000,13,21000266,1700489189670
1700489148000,1700489149000,24,21196445,1700489189670
1700489148000,1700489149000,47,11087182,1700489189670
1700489148000,1700489149000,54,27299352,1700489189670
1700489148000,1700489149000,63,19205045,1700489189670
1700489148000,1700489149000,100,20483216,1700489189670
1700489149000,1700489150000,13,31978272,1700489191047
1700489149000,1700489150000,24,26736876,1700489191047
1700489149000,1700489150000,47,9597889,1700489191047
1700489149000,1700489150000,54,19766991,1700489191047
1700489149000,1700489150000,63,16070834,1700489191047
1700489149000,1700489150000,100,18744775,1700489191047
1700489150000,1700489151000,13,34262654,1700489192564
1700489150000,1700489151000,24,18156824,1700489192564
1700489150000,1700489151000,47,11611722,1700489192564
1700489150000,1700489151000,54,15669314,1700489192564
1700489150000,1700489151000,63,17144677,1700489192564
1700489150000,1700489151000,100,14078675,1700489192564
1700489151000,1700489152000,13,17570512,1700489194000
1700489151000,1700489152000,24,22418145,1700489194000
1700489151000,1700489152000,47,14097003,1700489194000
1700489151000,1700489152000,54,25811017,1700489194000
1700489151000,1700489152000,63,14394893,1700489194000
1700489151000,1700489152000,100,23026917,1700489194000
1700489152000,1700489153000,13,26467609,1700489195491
1700489152000,1700489153000,24,16578153,1700489195491
1700489152000,1700489153000,47,12938168,1700489195491
1700489152000,1700489153000,54,85198654,1700489195491
1700489152000,1700489153000,63,15035547,1700489195491
1700489152000,1700489153000,100,24931014,1700489195491
1700489153000,1700489154000,13,31241375,1700489197003
1700489153000,1700489154000,24,25456844,1700489197003
1700489153000,1700489154000,47,13425593,1700489197003
1700489153000,1700489154000,54,32235592,1700489197003
1700489153000,1700489154000,63,16458387,1700489197003
1700489153000,1700489154000,100,20141910,1700489197003
1700489154000,1700489155000,13,22308228,1700489198516
1700489154000,1700489155000,24,18662251,1700489198516
1700489154000,1700489155000,47,16131845,1700489198516
1700489154000,1700489155000,54,49334400,1700489198516
1700489154000,1700489155000,63,13506144,1700489198516
1700489154000,1700489155000,100,16391954,1700489198516
1700489155000,1700489156000,13,16070908,1700489200004
1700489155000,1700489156000,24,17937824,1700489200004
1700489155000,1700489156000,47,24836672,1700489200004
1700489155000,1700489156000,54,26911642,1700489200004
1700489155000,1700489156000,63,14020932,1700489200004
1700489155000,1700489156000,100,16431046,1700489200004
1700489156000,1700489157000,13,17426604,1700489201490
1700489156000,1700489157000,24,20171891,1700489201490
1700489156000,1700489157000,47,27967755,1700489201490
1700489156000,1700489157000,54,18211803,1700489201490
1700489156000,1700489157000,63,15089926,1700489201490
1700489156000,1700489157000,100,25324520,1700489201490
1700489157000,1700489158000,13,21818972,1700489203010
1700489157000,1700489158000,24,34839686,1700489203010
1700489157000,1700489158000,47,22287310,1700489203010
1700489157000,1700489158000,54,34499619,1700489203010
1700489157000,1700489158000,63,16490354,1700489203010
1700489157000,1700489158000,100,33307230,1700489203010
1700489158000,1700489159000,13,22709580,1700489204497
1700489158000,1700489159000,24,30104192,1700489204497
1700489158000,1700489159000,47,15332392,1700489204497
1700489158000,1700489159000,54,44377827,1700489204497
1700489158000,1700489159000,63,17820826,1700489204497
1700489158000,1700489159000,100,38119608,1700489204497
1700489159000,1700489160000,13,25045528,1700489205957
1700489159000,1700489160000,24,27269297,1700489205957
1700489159000,1700489160000,47,28270371,1700489205957
1700489159000,1700489160000,54,24715560,1700489205957
1700489159000,1700489160000,63,20630660,1700489205957
1700489159000,1700489160000,100,34573625,1700489205957
1700489160000,1700489161000,13,26640671,1700489207414
1700489160000,1700489161000,24,39043362,1700489207414
1700489160000,1700489161000,47,24103827,1700489207414
1700489160000,1700489161000,54,22291585,1700489207414
1700489160000,1700489161000,63,20042815,1700489207414
1700489160000,1700489161000,100,24556514,1700489207414
1700489161000,1700489162000,13,36070684,1700489208952
1700489161000,1700489162000,24,38653703,1700489208952
1700489161000,1700489162000,47,20792184,1700489208952
1700489161000,1700489162000,54,25304330,1700489208952
1700489161000,1700489162000,63,26544544,1700489208952
1700489161000,1700489162000,100,20239435,1700489208952
1700489162000,1700489163000,13,32128142,1700489210426
1700489162000,1700489163000,24,33727331,1700489210426
1700489162000,1700489163000,47,22676923,1700489210426
1700489162000,1700489163000,54,28993833,1700489210426
1700489162000,1700489163000,63,61690732,1700489210426
1700489162000,1700489163000,100,22480458,1700489210426
1700489163000,1700489164000,13,20690960,1700489211832
1700489163000,1700489164000,24,30687696,1700489211832
1700489163000,1700489164000,47,17321776,1700489211832
1700489163000,1700489164000,54,16451911,1700489211832
1700489163000,1700489164000,63,79582545,1700489211832
1700489163000,1700489164000,100,18320710,1700489211832
1700489164000,1700489165000,13,36041467,1700489213187
1700489164000,1700489165000,24,20542757,1700489213187
1700489164000,1700489165000,47,19278411,1700489213187
1700489164000,1700489165000,54,18857807,1700489213187
1700489164000,1700489165000,63,57811815,1700489213187
1700489164000,1700489165000,100,25944035,1700489213187
1700489165000,1700489166000,13,23156630,1700489214646
1700489165000,1700489166000,24,34426219,1700489214646
1700489165000,1700489166000,47,13572839,1700489214646
1700489165000,1700489166000,54,19927704,1700489214646
1700489165000,1700489166000,63,110947392,1700489214646
1700489165000,1700489166000,100,16545218,1700489214646
1700489166000,1700489167000,13,38909691,1700489216176
1700489166000,1700489167000,24,22739344,1700489216176
1700489166000,1700489167000,47,14784901,1700489216176
1700489166000,1700489167000,54,20851023,1700489216176
1700489166000,1700489167000,63,26301346,1700489216176
1700489166000,1700489167000,100,25643402,1700489216176
1700489167000,1700489168000,13,27585661,1700489217606
1700489167000,1700489168000,24,36323314,1700489217606
1700489167000,1700489168000,47,10506898,1700489217606
1700489167000,1700489168000,54,60147988,1700489217606
1700489167000,1700489168000,63,34483776,1700489217606
1700489167000,1700489168000,100,19059482,1700489217606
1700489168000,1700489169000,13,30201284,1700489219098
1700489168000,1700489169000,24,24787254,1700489219098
1700489168000,1700489169000,47,9950370,1700489219098
1700489168000,1700489169000,54,23497767,1700489219098
1700489168000,1700489169000,63,18890544,1700489219098
1700489168000,1700489169000,100,16312678,1700489219098
1700489169000,1700489170000,13,30995052,1700489220453
1700489169000,1700489170000,24,22639500,1700489220453
1700489169000,1700489170000,47,16128701,1700489220453
1700489169000,1700489170000,54,33648549,1700489220453
1700489169000,1700489170000,63,17733882,1700489220453
1700489169000,1700489170000,100,22971784,1700489220453
1700489170000,1700489171000,13,23302941,1700489221913
1700489170000,1700489171000,24,29559561,1700489221913
1700489170000,1700489171000,47,10421137,1700489221913
1700489170000,1700489171000,54,34621089,1700489221913
1700489170000,1700489171000,63,12255305,1700489221913
1700489170000,1700489171000,100,18465485,1700489221913
1700489171000,1700489172000,13,20020105,1700489223450
1700489171000,1700489172000,24,28062945,1700489223450
1700489171000,1700489172000,47,15680675,1700489223450
1700489171000,1700489172000,54,61379211,1700489223450
1700489171000,1700489172000,63,20649158,1700489223450
1700489171000,1700489172000,100,23585069,1700489223450
1700489172000,1700489173000,13,23129994,1700489224854
1700489172000,1700489173000,24,18209984,1700489224854
1700489172000,1700489173000,47,14219962,1700489224854
1700489172000,1700489173000,54,25055842,1700489224854
1700489172000,1700489173000,63,15214756,1700489224854
1700489172000,1700489173000,100,18359250,1700489224854
1700489173000,1700489174000,13,29594607,1700489226283
1700489173000,1700489174000,24,29962077,1700489226283
1700489173000,1700489174000,47,14883647,1700489226283
1700489173000,1700489174000,54,25329470,1700489226283
1700489173000,1700489174000,63,18217335,1700489226283
1700489173000,1700489174000,100,18477703,1700489226283
1700489174000,1700489175000,13,44251212,1700489227776
1700489174000,1700489175000,24,22514276,1700489227776
1700489174000,1700489175000,47,14700505,1700489227776
1700489174000,1700489175000,54,31176282,1700489227776
1700489174000,1700489175000,63,12460239,1700489227776
1700489174000,1700489175000,100,21389920,1700489227776
1700489175000,1700489176000,13,27252694,1700489229130
1700489175000,1700489176000,24,22142742,1700489229130
1700489175000,1700489176000,47,15006900,1700489229130
1700489175000,1700489176000,54,41634818,1700489229130
1700489175000,1700489176000,63,12713190,1700489229130
1700489175000,1700489176000,100,24164277,1700489229130
1700489176000,1700489177000,13,23366482,1700489230595
1700489176000,1700489177000,24,22806468,1700489230595
1700489176000,1700489177000,47,14667613,1700489230595
1700489176000,1700489177000,54,61873176,1700489230595
1700489176000,1700489177000,63,16835602,1700489230595
1700489176000,1700489177000,100,37960082,1700489230595
1700489177000,1700489178000,13,27435304,1700489232033
1700489177000,1700489178000,24,24238560,1700489232033
1700489177000,1700489178000,47,12952026,1700489232033
1700489177000,1700489178000,54,129716257,1700489232033
1700489177000,1700489178000,63,22410154,1700489232033
1700489177000,1700489178000,100,73605068,1700489232033
1700489178000,1700489179000,13,24220440,1700489233464
1700489178000,1700489179000,24,38670360,1700489233464
1700489178000,1700489179000,47,13731316,1700489233464
1700489178000,1700489179000,54,114285274,1700489233464
1700489178000,1700489179000,63,101134695,1700489233464
1700489178000,1700489179000,100,75195457,1700489233464
1700489179000,1700489180000,13,24019350,1700489234952
1700489179000,1700489180000,24,25074837,1700489234952
1700489179000,1700489180000,47,27211005,1700489234952
1700489179000,1700489180000,54,221180313,1700489234952
1700489179000,1700489180000,63,151564017,1700489234952
1700489179000,1700489180000,100,92887430,1700489234952
1700489180000,1700489181000,13,24181915,1700489236411
1700489180000,1700489181000,24,58574397,1700489236411
1700489180000,1700489181000,47,35719451,1700489236411
1700489180000,1700489181000,54,214016546,1700489236411
1700489180000,1700489181000,63,113510689,1700489236411
1700489180000,1700489181000,100,37961021,1700489236411
1700489181000,1700489182000,13,36197867,1700489237921
1700489181000,1700489182000,24,113620528,1700489237921
1700489181000,1700489182000,47,157013861,1700489237921
1700489181000,1700489182000,54,188564387,1700489237921
1700489181000,1700489182000,63,249398514,1700489237921
1700489181000,1700489182000,100,98187804,1700489237921
1700489182000,1700489183000,13,36212073,1700489239405
1700489182000,1700489183000,24,188813949,1700489239405
1700489182000,1700489183000,47,54695715,1700489239405
1700489182000,1700489183000,54,128029411,1700489239405
1700489182000,1700489183000,63,164673929,1700489239405
1700489182000,1700489183000,100,29817357,1700489239405
1700489183000,1700489184000,13,38163346,1700489240888
1700489183000,1700489184000,24,126785792,1700489240888
1700489183000,1700489184000,47,180064564,1700489240888
1700489183000,1700489184000,54,122704160,1700489240888
1700489183000,1700489184000,63,81688809,1700489240888
1700489183000,1700489184000,100,88254252,1700489240888
1700489184000,1700489185000,13,228802014,1700489242430
1700489184000,1700489185000,24,80184593,1700489242430
1700489184000,1700489185000,47,183965291,1700489242430
1700489184000,1700489185000,54,124178144,1700489242430
1700489184000,1700489185000,63,36627331,1700489242430
1700489184000,1700489185000,100,59652062,1700489242430
1700489185000,1700489186000,13,78145657,1700489243836
1700489185000,1700489186000,24,208049326,1700489243836
1700489185000,1700489186000,47,75867513,1700489243836
1700489185000,1700489186000,54,57730697,1700489243836
1700489185000,1700489186000,63,32594343,1700489243836
1700489185000,1700489186000,100,73017148,1700489243836
1700489186000,1700489187000,13,260040240,1700489245374
1700489186000,1700489187000,24,193852617,1700489245374
1700489186000,1700489187000,47,191118028,1700489245374
1700489186000,1700489187000,54,48428925,1700489245374
1700489186000,1700489187000,63,77177247,1700489245374
1700489186000,1700489187000,100,63741596,1700489245374
1700489187000,1700489188000,13,245844850,1700489246835
1700489187000,1700489188000,24,91513689,1700489246835
1700489187000,1700489188000,47,81507344,1700489246835
1700489187000,1700489188000,54,59447293,1700489246835
1700489187000,1700489188000,63,59184023,1700489246835
1700489187000,1700489188000,100,79615815,1700489246835
1700489188000,1700489189000,13,206203020,1700489248339
1700489188000,1700489189000,24,161373804,1700489248339
1700489188000,1700489189000,47,43969760,1700489248339
1700489188000,1700489189000,54,97232098,1700489248339
1700489188000,1700489189000,63,27901055,1700489248339
1700489188000,1700489189000,100,88005831,1700489248339
1700489189000,1700489190000,13,62917693,1700489249913
1700489189000,1700489190000,24,38948801,1700489249913
1700489189000,1700489190000,47,31972894,1700489249913
1700489189000,1700489190000,54,33381486,1700489249913
1700489189000,1700489190000,63,34263617,1700489249913
1700489189000,1700489190000,100,49687602,1700489249913
1700489190000,1700489191000,13,143663926,1700489251398
1700489190000,1700489191000,24,61147503,1700489251398
1700489190000,1700489191000,47,120488988,1700489251398
1700489190000,1700489191000,54,31151747,1700489251398
1700489190000,1700489191000,63,38151138,1700489251398
1700489190000,1700489191000,100,56456636,1700489251398
1700489191000,1700489192000,13,36585452,1700489252967
1700489191000,1700489192000,24,24739725,1700489252967
1700489191000,1700489192000,47,48122413,1700489252967
1700489191000,1700489192000,54,155097398,1700489252967
1700489191000,1700489192000,63,17967439,1700489252967
1700489191000,1700489192000,100,67183339,1700489252967
1700489192000,1700489193000,13,29697830,1700489254401
1700489192000,1700489193000,24,22295117,1700489254401
1700489192000,1700489193000,47,15610471,1700489254401
1700489192000,1700489193000,54,174875867,1700489254401
1700489192000,1700489193000,63,17537562,1700489254401
1700489192000,1700489193000,100,36051832,1700489254401
1700489193000,1700489194000,13,38849258,1700489255913
1700489193000,1700489194000,24,36988915,1700489255913
1700489193000,1700489194000,47,18982656,1700489255913
1700489193000,1700489194000,54,119623452,1700489255913
1700489193000,1700489194000,63,16314215,1700489255913
1700489193000,1700489194000,100,31606646,1700489255913
1700489194000,1700489195000,13,42217728,1700489257343
1700489194000,1700489195000,24,76292768,1700489257343
1700489194000,1700489195000,47,62439216,1700489257343
1700489194000,1700489195000,54,54129460,1700489257343
1700489194000,1700489195000,63,82009640,1700489257343
1700489194000,1700489195000,100,141070596,1700489257343
1700489195000,1700489196000,13,38103419,1700489258618
1700489195000,1700489196000,24,201386477,1700489258618
1700489195000,1700489196000,47,25037824,1700489258618
1700489195000,1700489196000,54,22194737,1700489258618
1700489195000,1700489196000,63,68086496,1700489258618
1700489195000,1700489196000,100,40734309,1700489258618
1700489196000,1700489197000,13,45856660,1700489260156
1700489196000,1700489197000,24,132065663,1700489260156
1700489196000,1700489197000,47,36240511,1700489260156
1700489196000,1700489197000,54,22037139,1700489260156
1700489196000,1700489197000,63,31609579,1700489260156
1700489196000,1700489197000,100,123532958,1700489260156
1700489197000,1700489198000,13,55869517,1700489261619
1700489197000,1700489198000,24,160382891,1700489261619
1700489197000,1700489198000,47,94318707,1700489261619
1700489197000,1700489198000,54,36276067,1700489261619
1700489197000,1700489198000,63,19725939,1700489261619
1700489197000,1700489198000,100,74475620,1700489261619
1700489198000,1700489199000,13,38569274,1700489263133
1700489198000,1700489199000,24,18340137,1700489263133
1700489198000,1700489199000,47,33266889,1700489263133
1700489198000,1700489199000,54,152827803,1700489263133
1700489198000,1700489199000,63,26911212,1700489263133
1700489198000,1700489199000,100,94194305,1700489263133
1700489199000,1700489200000,13,26974895,1700489264617
1700489199000,1700489200000,24,20411874,1700489264617
1700489199000,1700489200000,47,42597287,1700489264617
1700489199000,1700489200000,54,78100734,1700489264617
1700489199000,1700489200000,63,27838041,1700489264617
1700489199000,1700489200000,100,64062315,1700489264617
1700489200000,1700489201000,13,24485708,1700489266105
1700489200000,1700489201000,24,66093740,1700489266105
1700489200000,1700489201000,47,73074842,1700489266105
1700489200000,1700489201000,54,97940606,1700489266105
1700489200000,1700489201000,63,38206338,1700489266105
1700489200000,1700489201000,100,46786347,1700489266105
1700489201000,1700489202000,13,19687952,1700489267537
1700489201000,1700489202000,24,68889678,1700489267537
1700489201000,1700489202000,47,54548215,1700489267537
1700489201000,1700489202000,54,66027332,1700489267537
1700489201000,1700489202000,63,20202925,1700489267537
1700489201000,1700489202000,100,36775238,1700489267537
1700489202000,1700489203000,13,22979418,1700489268974
1700489202000,1700489203000,24,154755455,1700489268974
1700489202000,1700489203000,47,77060756,1700489268974
1700489202000,1700489203000,54,85704131,1700489268974
1700489202000,1700489203000,63,24786707,1700489268974
1700489202000,1700489203000,100,28167393,1700489268974
1700489203000,1700489204000,13,23574712,1700489270410
1700489203000,1700489204000,24,96047554,1700489270410
1700489203000,1700489204000,47,28442836,1700489270410
1700489203000,1700489204000,54,112428976,1700489270410
1700489203000,1700489204000,63,20840576,1700489270410
1700489203000,1700489204000,100,27363404,1700489270410
1700489204000,1700489205000,13,30572667,1700489271919
1700489204000,1700489205000,24,67727251,1700489271919
1700489204000,1700489205000,47,79726214,1700489271919
1700489204000,1700489205000,54,51423557,1700489271919
1700489204000,1700489205000,63,18169491,1700489271919
1700489204000,1700489205000,100,73810574,1700489271919
1700489205000,1700489206000,13,32321077,1700489273431
1700489205000,1700489206000,24,70896834,1700489273431
1700489205000,1700489206000,47,62601224,1700489273431
1700489205000,1700489206000,54,56664674,1700489273431
1700489205000,1700489206000,63,16264671,1700489273431
1700489205000,1700489206000,100,131632898,1700489273431
1700489206000,1700489207000,13,35000671,1700489274887
1700489206000,1700489207000,24,69907729,1700489274887
1700489206000,1700489207000,47,23193998,1700489274887
1700489206000,1700489207000,54,34935685,1700489274887
1700489206000,1700489207000,63,17944644,1700489274887
1700489206000,1700489207000,100,32265037,1700489274887
1700489207000,1700489208000,13,34770813,1700489276293
1700489207000,1700489208000,24,38648734,1700489276293
1700489207000,1700489208000,47,57645356,1700489276293
1700489207000,1700489208000,54,31619598,1700489276293
1700489207000,1700489208000,63,15253992,1700489276293
1700489207000,1700489208000,100,63446671,1700489276293
1700489208000,1700489209000,13,21283158,1700489277781
1700489208000,1700489209000,24,124725542,1700489277781
1700489208000,1700489209000,47,17432826,1700489277781
1700489208000,1700489209000,54,34184150,1700489277781
1700489208000,1700489209000,63,14643739,1700489277781
1700489208000,1700489209000,100,108552853,1700489277781
1700489209000,1700489210000,13,32608852,1700489279264
1700489209000,1700489210000,24,59611986,1700489279264
1700489209000,1700489210000,47,22953162,1700489279264
1700489209000,1700489210000,54,71307469,1700489279264
1700489209000,1700489210000,63,14309461,1700489279264
1700489209000,1700489210000,100,213536603,1700489279264
1700489210000,1700489211000,13,22021080,1700489280592
1700489210000,1700489211000,24,178435794,1700489280592
1700489210000,1700489211000,47,53673935,1700489280592
1700489210000,1700489211000,54,52370349,1700489280592
1700489210000,1700489211000,63,50820171,1700489280592
1700489210000,1700489211000,100,346346023,1700489280592
1700489211000,1700489212000,13,26208175,1700489281764
1700489211000,1700489212000,24,48078387,1700489281764
1700489211000,1700489212000,47,18308861,1700489281764
1700489211000,1700489212000,54,54762154,1700489281764
1700489211000,1700489212000,63,36606541,1700489281764
1700489211000,1700489212000,100,469495774,1700489281764
1700489212000,1700489213000,13,111214474,1700489283150
1700489212000,1700489213000,24,82562206,1700489283150
1700489212000,1700489213000,47,22092579,1700489283150
1700489212000,1700489213000,54,22972059,1700489283150
1700489212000,1700489213000,63,152736078,1700489283150
1700489212000,1700489213000,100,785354396,1700489283150
1700489213000,1700489214000,13,26211279,1700489284477
1700489213000,1700489214000,24,26097427,1700489284477
1700489213000,1700489214000,47,26255319,1700489284477
1700489213000,1700489214000,54,22854232,1700489284477
1700489213000,1700489214000,63,106151659,1700489284477
1700489213000,1700489214000,100,727131471,1700489284477
1700489214000,1700489215000,13,32077713,1700489285778
1700489214000,1700489215000,24,45270541,1700489285778
1700489214000,1700489215000,47,20793498,1700489285778
1700489214000,1700489215000,54,20663455,1700489285778
1700489214000,1700489215000,63,126321664,1700489285778
1700489214000,1700489215000,100,704683790,1700489285778
1700489215000,1700489216000,13,25203210,1700489287291
1700489215000,1700489216000,24,31367813,1700489287291
1700489215000,1700489216000,47,16773218,1700489287291
1700489215000,1700489216000,54,23892212,1700489287291
1700489215000,1700489216000,63,103016387,1700489287291
1700489215000,1700489216000,100,876408373,1700489287291
1700489216000,1700489217000,13,21786413,1700489288721
1700489216000,1700489217000,24,21618671,1700489288721
1700489216000,1700489217000,47,21582489,1700489288721
1700489216000,1700489217000,54,42704033,1700489288721
1700489216000,1700489217000,63,71226163,1700489288721
1700489216000,1700489217000,100,756280507,1700489288721
1700489217000,1700489218000,13,33813822,1700489290073
1700489217000,1700489218000,24,29502983,1700489290073
1700489217000,1700489218000,47,25019294,1700489290073
1700489217000,1700489218000,54,101763276,1700489290073
1700489217000,1700489218000,63,20941573,1700489290073
1700489217000,1700489218000,100,882391533,1700489290073
1700489218000,1700489219000,13,34722903,1700489291432
1700489218000,1700489219000,24,21841593,1700489291432
1700489218000,1700489219000,47,19691871,1700489291432
1700489218000,1700489219000,54,391264727,1700489291432
1700489218000,1700489219000,63,24355872,1700489291432
1700489218000,1700489219000,100,454560135,1700489291432
1700489219000,1700489220000,13,41136313,1700489292600
1700489219000,1700489220000,24,35069089,1700489292600
1700489219000,1700489220000,47,30866679,1700489292600
1700489219000,1700489220000,54,508333045,1700489292600
1700489219000,1700489220000,63,155502846,1700489292600
1700489219000,1700489220000,100,294055017,1700489292600
1700489220000,1700489221000,13,25178753,1700489293554
1700489220000,1700489221000,24,76084749,1700489293554
1700489220000,1700489221000,47,83609395,1700489293554
1700489220000,1700489221000,54,455251227,1700489293554
1700489220000,1700489221000,63,138911439,1700489293554
1700489220000,1700489221000,100,281879204,1700489293554
1700489221000,1700489222000,13,32267571,1700489294478
1700489221000,1700489222000,24,35134230,1700489294478
1700489221000,1700489222000,47,79384485,1700489294478
1700489221000,1700489222000,54,261923474,1700489294478
1700489221000,1700489222000,63,173867920,1700489294478
1700489221000,1700489222000,100,223691969,1700489294478
1700489222000,1700489223000,13,43122551,1700489295516
1700489222000,1700489223000,24,148124252,1700489295516
1700489222000,1700489223000,47,239683218,1700489295516
1700489222000,1700489223000,54,246916694,1700489295516
1700489222000,1700489223000,63,248366937,1700489295516
1700489222000,1700489223000,100,268558422,1700489295516
1700489223000,1700489224000,13,44348004,1700489296502
1700489223000,1700489224000,24,155511670,1700489296502
1700489223000,1700489224000,47,251260041,1700489296502
1700489223000,1700489224000,54,242661257,1700489296502
1700489223000,1700489224000,63,273333022,1700489296502
1700489223000,1700489224000,100,178960330,1700489296502
1700489224000,1700489225000,13,158603616,1700489297483
1700489224000,1700489225000,24,54994348,1700489297483
1700489224000,1700489225000,47,237988858,1700489297483
1700489224000,1700489225000,54,164576482,1700489297483
1700489224000,1700489225000,63,185205442,1700489297483
1700489224000,1700489225000,100,217388710,1700489297483
1700489225000,1700489226000,13,316975098,1700489298706
1700489225000,1700489226000,24,116099893,1700489298706
1700489225000,1700489226000,47,249736682,1700489298706
1700489225000,1700489226000,54,140402600,1700489298706
1700489225000,1700489226000,63,197517552,1700489298706
1700489225000,1700489226000,100,108543712,1700489298706
1700489226000,1700489227000,13,300115564,1700489300143
1700489226000,1700489227000,24,120120125,1700489300143
1700489226000,1700489227000,47,186931088,1700489300143
1700489226000,1700489227000,54,77578927,1700489300143
1700489226000,1700489227000,63,89321754,1700489300143
1700489226000,1700489227000,100,115978409,1700489300143
1700489227000,1700489228000,13,265126424,1700489301707
1700489227000,1700489228000,24,111428509,1700489301707
1700489227000,1700489228000,47,232601826,1700489301707
1700489227000,1700489228000,54,141320253,1700489301707
1700489227000,1700489228000,63,138783299,1700489301707
1700489227000,1700489228000,100,143895960,1700489301707
1700489228000,1700489229000,13,161337845,1700489303171
1700489228000,1700489229000,24,166860509,1700489303171
1700489228000,1700489229000,47,167465417,1700489303171
1700489228000,1700489229000,54,128026353,1700489303171
1700489228000,1700489229000,63,150302828,1700489303171
1700489228000,1700489229000,100,128750796,1700489303171
1700489229000,1700489230000,13,251801637,1700489304658
1700489229000,1700489230000,24,71897015,1700489304658
1700489229000,1700489230000,47,219065211,1700489304658
1700489229000,1700489230000,54,77663074,1700489304658
1700489229000,1700489230000,63,83284886,1700489304658
1700489229000,1700489230000,100,209866504,1700489304658
1700489230000,1700489231000,13,328510167,1700489306192
1700489230000,1700489231000,24,98723186,1700489306192
1700489230000,1700489231000,47,128691540,1700489306192
1700489230000,1700489231000,54,111695497,1700489306192
1700489230000,1700489231000,63,81246676,1700489306192
1700489230000,1700489231000,100,237564847,1700489306192
1700489231000,1700489232000,13,317581262,1700489307626
1700489231000,1700489232000,24,40501118,1700489307626
1700489231000,1700489232000,47,126257160,1700489307626
1700489231000,1700489232000,54,91150050,1700489307626
1700489231000,1700489232000,63,48342802,1700489307626
1700489231000,1700489232000,100,105686277,1700489307626
1700489232000,1700489233000,13,282118341,1700489309058
1700489232000,1700489233000,24,148930567,1700489309058
1700489232000,1700489233000,47,156555898,1700489309058
1700489232000,1700489233000,54,63881099,1700489309058
1700489232000,1700489233000,63,85524570,1700489309058
1700489232000,1700489233000,100,319462440,1700489309058
1700489233000,1700489234000,13,422971159,1700489310411
1700489233000,1700489234000,24,27314516,1700489310411
1700489233000,1700489234000,47,60944393,1700489310411
1700489233000,1700489234000,54,114078380,1700489310411
1700489233000,1700489234000,63,52386732,1700489310411
1700489233000,1700489234000,100,266397442,1700489310411
1700489234000,1700489235000,13,258410919,1700489311821
1700489234000,1700489235000,24,50424095,1700489311821
1700489234000,1700489235000,47,91582996,1700489311821
1700489234000,1700489235000,54,79172772,1700489311821
1700489234000,1700489235000,63,126650410,1700489311821
1700489234000,1700489235000,100,272096078,1700489311821
1700489235000,1700489236000,13,235428853,1700489313377
1700489235000,1700489236000,24,66985149,1700489313377
1700489235000,1700489236000,47,20490977,1700489313377
1700489235000,1700489236000,54,71998188,1700489313377
1700489235000,1700489236000,63,45523065,1700489313377
1700489235000,1700489236000,100,144480237,1700489313377
1700489236000,1700489237000,13,154003341,1700489314725
1700489236000,1700489237000,24,26940579,1700489314725
1700489236000,1700489237000,47,16113335,1700489314725
1700489236000,1700489237000,54,58052136,1700489314725
1700489236000,1700489237000,63,132357031,1700489314725
1700489236000,1700489237000,100,196976233,1700489314725
1700489237000,1700489238000,13,38866563,1700489316238
1700489237000,1700489238000,24,151657909,1700489316238
1700489237000,1700489238000,47,14328258,1700489316238
1700489237000,1700489238000,54,134357153,1700489316238
1700489237000,1700489238000,63,91851341,1700489316238
1700489237000,1700489238000,100,226134962,1700489316238
1700489238000,1700489239000,13,20897871,1700489317213
1700489238000,1700489239000,24,32722819,1700489317213
1700489238000,1700489239000,47,87681560,1700489317213
1700489238000,1700489239000,54,123659072,1700489317213
1700489238000,1700489239000,63,87051979,1700489317213
1700489238000,1700489239000,100,251126977,1700489317213
1700489239000,1700489240000,13,199695187,1700489318315
1700489239000,1700489240000,24,35516593,1700489318315
1700489239000,1700489240000,47,54844382,1700489318315
1700489239000,1700489240000,54,148367913,1700489318315
1700489239000,1700489240000,63,188079690,1700489318315
1700489239000,1700489240000,100,220806057,1700489318315
1700489240000,1700489241000,13,94034330,1700489319477
1700489240000,1700489241000,24,67126591,1700489319477
1700489240000,1700489241000,47,177870266,1700489319477
1700489240000,1700489241000,54,417731338,1700489319477
1700489240000,1700489241000,63,462211581,1700489319477
1700489240000,1700489241000,100,133152180,1700489319477
1700489241000,1700489242000,13,182199207,1700489320584
1700489241000,1700489242000,24,159559549,1700489320584
1700489241000,1700489242000,47,190654923,1700489320584
1700489241000,1700489242000,54,536334137,1700489320584
1700489241000,1700489242000,63,419927561,1700489320584
1700489241000,1700489242000,100,258588565,1700489320584
1700489242000,1700489243000,13,138134501,1700489321871
1700489242000,1700489243000,24,105333619,1700489321871
1700489242000,1700489243000,47,110944593,1700489321871
1700489242000,1700489243000,54,547360745,1700489321871
1700489242000,1700489243000,63,355691363,1700489321871
1700489242000,1700489243000,100,284212447,1700489321871
1700489243000,1700489244000,13,41390596,1700489323137
1700489243000,1700489244000,24,171438519,1700489323137
1700489243000,1700489244000,47,359382804,1700489323137
1700489243000,1700489244000,54,539805551,1700489323137
1700489243000,1700489244000,63,276671332,1700489323137
1700489243000,1700489244000,100,213388137,1700489323137
1700489244000,1700489245000,13,35964363,1700489324415
1700489244000,1700489245000,24,100470297,1700489324415
1700489244000,1700489245000,47,293188334,1700489324415
1700489244000,1700489245000,54,346247547,1700489324415
1700489244000,1700489245000,63,380120987,1700489324415
1700489244000,1700489245000,100,113791676,1700489324415
1700489245000,1700489246000,13,149224380,1700489325710
1700489245000,1700489246000,24,316190407,1700489325710
1700489245000,1700489246000,47,179840359,1700489325710
1700489245000,1700489246000,54,498918698,1700489325710
1700489245000,1700489246000,63,419217372,1700489325710
1700489245000,1700489246000,100,182776205,1700489325710
1700489246000,1700489247000,13,34456324,1700489326922
1700489246000,1700489247000,24,457907252,1700489326922
1700489246000,1700489247000,47,286278051,1700489326922
1700489246000,1700489247000,54,531306342,1700489326922
1700489246000,1700489247000,63,346442135,1700489326922
1700489246000,1700489247000,100,129674335,1700489326922
1700489247000,1700489248000,13,87666573,1700489328227
1700489247000,1700489248000,24,510560193,1700489328227
1700489247000,1700489248000,47,401888460,1700489328227
1700489247000,1700489248000,54,520512875,1700489328227
1700489247000,1700489248000,63,355229970,1700489328227
1700489247000,1700489248000,100,165339560,1700489328227
1700489248000,1700489249000,13,51009893,1700489329449
1700489248000,1700489249000,24,437413253,1700489329449
1700489248000,1700489249000,47,407196663,1700489329449
1700489248000,1700489249000,54,690127513,1700489329449
1700489248000,1700489249000,63,246289070,1700489329449
1700489248000,1700489249000,100,164467701,1700489329449
1700489249000,1700489250000,13,57139127,1700489330534
1700489249000,1700489250000,24,543144150,1700489330534
1700489249000,1700489250000,47,429233717,1700489330534
1700489249000,1700489250000,54,256649161,1700489330534
1700489249000,1700489250000,63,203880698,1700489330534
1700489249000,1700489250000,100,135668357,1700489330534
1700489250000,1700489251000,13,278927659,1700489331755
1700489250000,1700489251000,24,455629191,1700489331755
1700489250000,1700489251000,47,661910083,1700489331755
1700489250000,1700489251000,54,613717274,1700489331755
1700489250000,1700489251000,63,80470481,1700489331755
1700489250000,1700489251000,100,160764969,1700489331755
1700489251000,1700489252000,13,112608760,1700489333085
1700489251000,1700489252000,24,541931570,1700489333085
1700489251000,1700489252000,47,457154437,1700489333085
1700489251000,1700489252000,54,646705795,1700489333085
1700489251000,1700489252000,63,256661070,1700489333085
1700489251000,1700489252000,100,212977273,1700489333085
1700489252000,1700489253000,13,101989964,1700489334623
1700489252000,1700489253000,24,433994856,1700489334623
1700489252000,1700489253000,47,851452210,1700489334623
1700489252000,1700489253000,54,913813477,1700489334623
1700489252000,1700489253000,63,284532588,1700489334623
1700489252000,1700489253000,100,285520536,1700489334623
1700489253000,1700489254000,13,52849555,1700489336076
1700489253000,1700489254000,24,503679134,1700489336076
1700489253000,1700489254000,47,467833355,1700489336076
1700489253000,1700489254000,54,414321570,1700489336076
1700489253000,1700489254000,63,157225977,1700489336076
1700489253000,1700489254000,100,243764593,1700489336076
1700489254000,1700489255000,13,226430525,1700489337586
1700489254000,1700489255000,24,418378809,1700489337586
1700489254000,1700489255000,47,299975526,1700489337586
1700489254000,1700489255000,54,118826136,1700489337586
1700489254000,1700489255000,63,196091248,1700489337586
1700489254000,1700489255000,100,216384160,1700489337586
1700489255000,1700489256000,13,201403091,1700489339038
1700489255000,1700489256000,24,366678409,1700489339038
1700489255000,1700489256000,47,447256953,1700489339038
1700489255000,1700489256000,54,503677408,1700489339038
1700489255000,1700489256000,63,235147966,1700489339038
1700489255000,1700489256000,100,75194037,1700489339038
1700489256000,1700489257000,13,122873870,1700489340228
1700489256000,1700489257000,24,666350244,1700489340228
1700489256000,1700489257000,47,685953848,1700489340228
1700489256000,1700489257000,54,612315771,1700489340228
1700489256000,1700489257000,63,705399252,1700489340228
1700489256000,1700489257000,100,209694135,1700489340228
1700489257000,1700489258000,13,221591063,1700489341557
1700489257000,1700489258000,24,735212260,1700489341557
1700489257000,1700489258000,47,628016001,1700489341557
1700489257000,1700489258000,54,722581654,1700489341557
1700489257000,1700489258000,63,637634442,1700489341557
1700489257000,1700489258000,100,313661177,1700489341557
1700489258000,1700489259000,13,39398453,1700489342749
1700489258000,1700489259000,24,941644020,1700489342749
1700489258000,1700489259000,47,470656283,1700489342749
1700489258000,1700489259000,54,701314428,1700489342749
1700489258000,1700489259000,63,581147474,1700489342749
1700489258000,1700489259000,100,557451357,1700489342749
1700489259000,1700489260000,13,119672827,1700489344013
1700489259000,1700489260000,24,637887179,1700489344013
1700489259000,1700489260000,47,413823626,1700489344013
1700489259000,1700489260000,54,451056574,1700489344013
1700489259000,1700489260000,63,417709656,1700489344013
1700489259000,1700489260000,100,485921405,1700489344013
1700489260000,1700489261000,13,245477026,1700489345255
1700489260000,1700489261000,24,323424911,1700489345255
1700489260000,1700489261000,47,749885834,1700489345255
1700489260000,1700489261000,54,588819275,1700489345255
1700489260000,1700489261000,63,371689192,1700489345255
1700489260000,1700489261000,100,297048498,1700489345255
1700489261000,1700489262000,13,113473358,1700489346473
1700489261000,1700489262000,24,634007919,1700489346473
1700489261000,1700489262000,47,683723761,1700489346473
1700489261000,1700489262000,54,451287741,1700489346473
1700489261000,1700489262000,63,561725261,1700489346473
1700489261000,1700489262000,100,193008106,1700489346473
1700489262000,1700489263000,13,249111512,1700489347768
1700489262000,1700489263000,24,845724581,1700489347768
1700489262000,1700489263000,47,753374053,1700489347768
1700489262000,1700489263000,54,397618371,1700489347768
1700489262000,1700489263000,63,470241019,1700489347768
1700489262000,1700489263000,100,146291663,1700489347768
1700489263000,1700489264000,13,254869097,1700489348962
1700489263000,1700489264000,24,672900645,1700489348962
1700489263000,1700489264000,47,606608177,1700489348962
1700489263000,1700489264000,54,398876641,1700489348962
1700489263000,1700489264000,63,487044256,1700489348962
1700489263000,1700489264000,100,165478614,1700489348962
1700489264000,1700489265000,13,184028380,1700489350228
1700489264000,1700489265000,24,727053933,1700489350228
1700489264000,1700489265000,47,485637855,1700489350228
1700489264000,1700489265000,54,550065799,1700489350228
1700489264000,1700489265000,63,484452977,1700489350228
1700489264000,1700489265000,100,115689944,1700489350228
1700489265000,1700489266000,13,115450499,1700489351469
1700489265000,1700489266000,24,398862532,1700489351469
1700489265000,1700489266000,47,396339499,1700489351469
1700489265000,1700489266000,54,440580742,1700489351469
1700489265000,1700489266000,63,453256023,1700489351469
1700489265000,1700489266000,100,73030259,1700489351469
1700489266000,1700489267000,13,273543790,1700489352713
1700489266000,1700489267000,24,575751482,1700489352713
1700489266000,1700489267000,47,493237741,1700489352713
1700489266000,1700489267000,54,1055633808,1700489352713
1700489266000,1700489267000,63,534602030,1700489352713
1700489266000,1700489267000,100,106206638,1700489352713
1700489267000,1700489268000,13,308240005,1700489353958
1700489267000,1700489268000,24,242188877,1700489353958
1700489267000,1700489268000,47,398037743,1700489353958
1700489267000,1700489268000,54,1178708109,1700489353958
1700489267000,1700489268000,63,657597937,1700489353958
1700489267000,1700489268000,100,114989272,1700489353958
1700489268000,1700489269000,13,153764637,1700489355174
1700489268000,1700489269000,24,213132210,1700489355174
1700489268000,1700489269000,47,592373533,1700489355174
1700489268000,1700489269000,54,791487774,1700489355174
1700489268000,1700489269000,63,521383860,1700489355174
1700489268000,1700489269000,100,139064545,1700489355174
1700489269000,1700489270000,13,216955677,1700489356449
1700489269000,1700489270000,24,635450504,1700489356449
1700489269000,1700489270000,47,483151386,1700489356449
1700489269000,1700489270000,54,438478796,1700489356449
1700489269000,1700489270000,63,590720447,1700489356449
1700489269000,1700489270000,100,308862149,1700489356449
1700489270000,1700489271000,13,299787620,1700489357639
1700489270000,1700489271000,24,582546873,1700489357639
1700489270000,1700489271000,47,508970125,1700489357639
1700489270000,1700489271000,54,905550122,1700489357639
1700489270000,1700489271000,63,591339969,1700489357639
1700489270000,1700489271000,100,216358525,1700489357639
1700489271000,1700489272000,13,147423940,1700489358803
1700489271000,1700489272000,24,612905125,1700489358803
1700489271000,1700489272000,47,785144429,1700489358803
1700489271000,1700489272000,54,546398815,1700489358803
1700489271000,1700489272000,63,989791496,1700489358803
1700489271000,1700489272000,100,149467409,1700489358803
1700489272000,1700489273000,13,234558501,1700489360021
1700489272000,1700489273000,24,776980355,1700489360021
1700489272000,1700489273000,47,732807514,1700489360021
1700489272000,1700489273000,54,859698408,1700489360021
1700489272000,1700489273000,63,1159181079,1700489360021
1700489272000,1700489273000,100,201536227,1700489360021
1700489273000,1700489274000,13,353227461,1700489361106
1700489273000,1700489274000,24,708926626,1700489361106
1700489273000,1700489274000,47,427672473,1700489361106
1700489273000,1700489274000,54,598113307,1700489361106
1700489273000,1700489274000,63,1046426564,1700489361106
1700489273000,1700489274000,100,231154275,1700489361106
1700489274000,1700489275000,13,406632276,1700489362240
1700489274000,1700489275000,24,1156461180,1700489362240
1700489274000,1700489275000,47,261813531,1700489362240
1700489274000,1700489275000,54,722350783,1700489362240
1700489274000,1700489275000,63,1050955125,1700489362240
1700489274000,1700489275000,100,321405943,1700489362240
1700489275000,1700489276000,13,366810117,1700489363483
1700489275000,1700489276000,24,782822917,1700489363483
1700489275000,1700489276000,47,620122244,1700489363483
1700489275000,1700489276000,54,796575635,1700489363483
1700489275000,1700489276000,63,1021174327,1700489363483
1700489275000,1700489276000,100,244519509,1700489363483
1700489276000,1700489277000,13,417385546,1700489364571
1700489276000,1700489277000,24,918738883,1700489364571
1700489276000,1700489277000,47,703248892,1700489364571
1700489276000,1700489277000,54,470398581,1700489364571
1700489276000,1700489277000,63,754957045,1700489364571
1700489276000,1700489277000,100,243546006,1700489364571
1700489277000,1700489278000,13,488835894,1700489365655
1700489277000,1700489278000,24,243317579,1700489365655
1700489277000,1700489278000,47,430881099,1700489365655
1700489277000,1700489278000,54,562726927,1700489365655
1700489277000,1700489278000,63,494598347,1700489365655
1700489277000,1700489278000,100,204854352,1700489365655
1700489278000,1700489279000,13,379626991,1700489366712
1700489278000,1700489279000,24,771804598,1700489366712
1700489278000,1700489279000,47,595306180,1700489366712
1700489278000,1700489279000,54,424210408,1700489366712
1700489278000,1700489279000,63,371757404,1700489366712
1700489278000,1700489279000,100,164619792,1700489366712
1700489279000,1700489280000,13,32072963,1700489367747
1700489279000,1700489280000,24,696938243,1700489367747
1700489279000,1700489280000,47,602685693,1700489367747
1700489279000,1700489280000,54,297752611,1700489367747
1700489279000,1700489280000,63,278471002,1700489367747
1700489279000,1700489280000,100,198616033,1700489367747
1700489280000,1700489281000,13,128646446,1700489368911
1700489280000,1700489281000,24,695926632,1700489368911
1700489280000,1700489281000,47,496686756,1700489368911
1700489280000,1700489281000,54,320902517,1700489368911
1700489280000,1700489281000,63,207269794,1700489368911
1700489280000,1700489281000,100,169799913,1700489368911
1700489281000,1700489282000,13,46409551,1700489370150
1700489281000,1700489282000,24,445574708,1700489370150
1700489281000,1700489282000,47,705996605,1700489370150
1700489281000,1700489282000,54,296425198,1700489370150
1700489281000,1700489282000,63,245730458,1700489370150
1700489281000,1700489282000,100,233917618,1700489370150
1700489282000,1700489283000,13,350323273,1700489371397
1700489282000,1700489283000,24,353575568,1700489371397
1700489282000,1700489283000,47,517098360,1700489371397
1700489282000,1700489283000,54,358324364,1700489371397
1700489282000,1700489283000,63,55739639,1700489371397
1700489282000,1700489283000,100,195415755,1700489371397
1700489283000,1700489284000,13,373153944,1700489372667
1700489283000,1700489284000,24,348898340,1700489372667
1700489283000,1700489284000,47,321809199,1700489372667
1700489283000,1700489284000,54,260373567,1700489372667
1700489283000,1700489284000,63,47701505,1700489372667
1700489283000,1700489284000,100,222182832,1700489372667
1700489284000,1700489285000,13,324975191,1700489373884
1700489284000,1700489285000,24,326171212,1700489373884
1700489284000,1700489285000,47,305912295,1700489373884
1700489284000,1700489285000,54,150287139,1700489373884
1700489284000,1700489285000,63,150904580,1700489373884
1700489284000,1700489285000,100,185629690,1700489373884
1700489285000,1700489286000,13,201024305,1700489375128
1700489285000,1700489286000,24,306870409,1700489375128
1700489285000,1700489286000,47,329467475,1700489375128
1700489285000,1700489286000,54,167735624,1700489375128
1700489285000,1700489286000,63,476908825,1700489375128
1700489285000,1700489286000,100,122427576,1700489375128
1700489286000,1700489287000,13,212529695,1700489376317
1700489286000,1700489287000,24,272448707,1700489376317
1700489286000,1700489287000,47,379022708,1700489376317
1700489286000,1700489287000,54,56445231,1700489376317
1700489286000,1700489287000,63,438757550,1700489376317
1700489286000,1700489287000,100,141438015,1700489376317
1700489287000,1700489288000,13,322201153,1700489377327
1700489287000,1700489288000,24,258248994,1700489377327
1700489287000,1700489288000,47,301544877,1700489377327
1700489287000,1700489288000,54,58204068,1700489377327
1700489287000,1700489288000,63,537232481,1700489377327
1700489287000,1700489288000,100,156750488,1700489377327
1700489288000,1700489289000,13,221884429,1700489378333
1700489288000,1700489289000,24,257370486,1700489378333
1700489288000,1700489289000,47,280523429,1700489378333
1700489288000,1700489289000,54,114104905,1700489378333
1700489288000,1700489289000,63,561942531,1700489378333
1700489288000,1700489289000,100,126512319,1700489378333
1700489289000,1700489290000,13,304033162,1700489379341
1700489289000,1700489290000,24,338621428,1700489379341
1700489289000,1700489290000,47,314160469,1700489379341
1700489289000,1700489290000,54,297747954,1700489379341
1700489289000,1700489290000,63,393044826,1700489379341
1700489289000,1700489290000,100,127028512,1700489379341
1700489290000,1700489291000,13,122766462,1700489380326
1700489290000,1700489291000,24,296315205,1700489380326
1700489290000,1700489291000,47,380561006,1700489380326
1700489290000,1700489291000,54,275420370,1700489380326
1700489290000,1700489291000,63,377447094,1700489380326
1700489290000,1700489291000,100,195001360,1700489380326
1700489291000,1700489292000,13,237451087,1700489381332
1700489291000,1700489292000,24,304691994,1700489381332
1700489291000,1700489292000,47,530049842,1700489381332
1700489291000,1700489292000,54,130934543,1700489381332
1700489291000,1700489292000,63,553551682,1700489381332
1700489291000,1700489292000,100,311443726,1700489381332
1700489292000,1700489293000,13,297713211,1700489382339
1700489292000,1700489293000,24,251635104,1700489382339
1700489292000,1700489293000,47,348975102,1700489382339
1700489292000,1700489293000,54,204889129,1700489382339
1700489292000,1700489293000,63,897368355,1700489382339
1700489292000,1700489293000,100,242662878,1700489382339
1700489293000,1700489294000,13,204270498,1700489383347
1700489293000,1700489294000,24,276435185,1700489383347
1700489293000,1700489294000,47,359670331,1700489383347
1700489293000,1700489294000,54,173547957,1700489383347
1700489293000,1700489294000,63,840703090,1700489383347
1700489293000,1700489294000,100,241951108,1700489383347
1700489294000,1700489295000,13,132760353,1700489384329
1700489294000,1700489295000,24,314444661,1700489384329
1700489294000,1700489295000,47,559379370,1700489384329
1700489294000,1700489295000,54,311534893,1700489384329
1700489294000,1700489295000,63,496114802,1700489384329
1700489294000,1700489295000,100,154773403,1700489384329
1700489295000,1700489296000,13,273905804,1700489385312
1700489295000,1700489296000,24,474489669,1700489385312
1700489295000,1700489296000,47,556952925,1700489385312
1700489295000,1700489296000,54,245832796,1700489385312
1700489295000,1700489296000,63,293137095,1700489385312
1700489295000,1700489296000,100,94468849,1700489385312
1700489296000,1700489297000,13,322599702,1700489386346
1700489296000,1700489297000,24,561697950,1700489386346
1700489296000,1700489297000,47,442269781,1700489386346
1700489296000,1700489297000,54,220221861,1700489386346
1700489296000,1700489297000,63,509007853,1700489386346
1700489296000,1700489297000,100,190148443,1700489386346
1700489297000,1700489298000,13,90485638,1700489387327
1700489297000,1700489298000,24,272715668,1700489387327
1700489297000,1700489298000,47,325631046,1700489387327
1700489297000,1700489298000,54,387209642,1700489387327
1700489297000,1700489298000,63,429200228,1700489387327
1700489297000,1700489298000,100,190211738,1700489387327
1700489298000,1700489299000,13,267100367,1700489388205
1700489298000,1700489299000,24,492163100,1700489388205
1700489298000,1700489299000,47,321542623,1700489388205
1700489298000,1700489299000,54,588732399,1700489388205
1700489298000,1700489299000,63,356223482,1700489388205
1700489298000,1700489299000,100,163829506,1700489388205
1700489299000,1700489300000,13,133383936,1700489388951
1700489299000,1700489300000,24,560711081,1700489388951
1700489299000,1700489300000,47,323153462,1700489388951
1700489299000,1700489300000,54,532130229,1700489388951
1700489299000,1700489300000,63,406949522,1700489388951
1700489299000,1700489300000,100,173102965,1700489388951
1700489300000,1700489301000,13,219948450,1700489389671
1700489300000,1700489301000,24,693503045,1700489389671
1700489300000,1700489301000,47,746746993,1700489389671
1700489300000,1700489301000,54,583985564,1700489389671
1700489300000,1700489301000,63,317588081,1700489389671
1700489300000,1700489301000,100,115289213,1700489389671
1700489301000,1700489302000,13,111058454,1700489390466
1700489301000,1700489302000,24,446781616,1700489390466
1700489301000,1700489302000,47,1002508339,1700489390466
1700489301000,1700489302000,54,401504015,1700489390466
1700489301000,1700489302000,63,197556929,1700489390466
1700489301000,1700489302000,100,179105638,1700489390466
1700489302000,1700489303000,13,214744085,1700489391185
1700489302000,1700489303000,24,465594409,1700489391185
1700489302000,1700489303000,47,828353126,1700489391185
1700489302000,1700489303000,54,321595327,1700489391185
1700489302000,1700489303000,63,28988039,1700489391185
1700489302000,1700489303000,100,147098302,1700489391185
1700489303000,1700489304000,13,175002826,1700489391955
1700489303000,1700489304000,24,497151114,1700489391955
1700489303000,1700489304000,47,198178442,1700489391955
1700489303000,1700489304000,54,224040672,1700489391955
1700489303000,1700489304000,63,76895085,1700489391955
1700489303000,1700489304000,100,249549642,1700489391955
1700489304000,1700489305000,13,509948253,1700489392703
1700489304000,1700489305000,24,885887887,1700489392703
1700489304000,1700489305000,47,198977206,1700489392703
1700489304000,1700489305000,54,320518146,1700489392703
1700489304000,1700489305000,63,239373231,1700489392703
1700489304000,1700489305000,100,147571242,1700489392703
1700489305000,1700489306000,13,260707547,1700489393417
1700489305000,1700489306000,24,722854968,1700489393417
1700489305000,1700489306000,47,328242487,1700489393417
1700489305000,1700489306000,54,226903682,1700489393417
1700489305000,1700489306000,63,309721578,1700489393417
1700489305000,1700489306000,100,151391753,1700489393417
1700489306000,1700489307000,13,350886536,1700489394216
1700489306000,1700489307000,24,561371794,1700489394216
1700489306000,1700489307000,47,354230653,1700489394216
1700489306000,1700489307000,54,176520032,1700489394216
1700489306000,1700489307000,63,379581037,1700489394216
1700489306000,1700489307000,100,179861028,1700489394216
1700489307000,1700489308000,13,232785208,1700489394853
1700489307000,1700489308000,24,394946454,1700489394853
1700489307000,1700489308000,47,338084202,1700489394853
1700489307000,1700489308000,54,117103573,1700489394853
1700489307000,1700489308000,63,807241132,1700489394853
1700489307000,1700489308000,100,201215505,1700489394853
1700489308000,1700489309000,13,366170850,1700489395357
1700489308000,1700489309000,24,284198242,1700489395357
1700489308000,1700489309000,47,335574742,1700489395357
1700489308000,1700489309000,54,142978805,1700489395357
1700489308000,1700489309000,63,707082991,1700489395357
1700489308000,1700489309000,100,311384202,1700489395357
1700489309000,1700489310000,13,253027342,1700489395867
1700489309000,1700489310000,24,411329823,1700489395867
1700489309000,1700489310000,47,356870465,1700489395867
1700489309000,1700489310000,54,51354478,1700489395867
1700489309000,1700489310000,63,805467465,1700489395867
1700489309000,1700489310000,100,375578703,1700489395867
1700489310000,1700489311000,13,318445012,1700489396345
1700489310000,1700489311000,24,476538130,1700489396345
1700489310000,1700489311000,47,216413548,1700489396345
1700489310000,1700489311000,54,546723939,1700489396345
1700489310000,1700489311000,63,358619250,1700489396345
1700489310000,1700489311000,100,301538498,1700489396345
1700489311000,1700489312000,13,189515629,1700489396876
1700489311000,1700489312000,24,647819103,1700489396876
1700489311000,1700489312000,47,420797730,1700489396876
1700489311000,1700489312000,54,324776941,1700489396876
1700489311000,1700489312000,63,360179429,1700489396876
1700489311000,1700489312000,100,134217646,1700489396876
1700489312000,1700489313000,13,182857125,1700489397361
1700489312000,1700489313000,24,413644919,1700489397361
1700489312000,1700489313000,47,409369736,1700489397361
1700489312000,1700489313000,54,689448810,1700489397361
1700489312000,1700489313000,63,557679997,1700489397361
1700489312000,1700489313000,100,179038646,1700489397361
1700489313000,1700489314000,13,81179690,1700489397889
1700489313000,1700489314000,24,376529669,1700489397889
1700489313000,1700489314000,47,332846104,1700489397889
1700489313000,1700489314000,54,673551358,1700489397889
1700489313000,1700489314000,63,583146730,1700489397889
1700489313000,1700489314000,100,237727566,1700489397889
1700489314000,1700489315000,13,139382975,1700489398397
1700489314000,1700489315000,24,253994024,1700489398397
1700489314000,1700489315000,47,410191511,1700489398397
1700489314000,1700489315000,54,382303034,1700489398397
1700489314000,1700489315000,63,617297257,1700489398397
1700489314000,1700489315000,100,112348208,1700489398397
1700489315000,1700489316000,13,98645498,1700489398982
1700489315000,1700489316000,24,249450124,1700489398982
1700489315000,1700489316000,47,562739378,1700489398982
1700489315000,1700489316000,54,323983599,1700489398982
1700489315000,1700489316000,63,531000044,1700489398982
1700489315000,1700489316000,100,131527308,1700489398982
1700489316000,1700489317000,13,235906863,1700489399489
1700489316000,1700489317000,24,539136194,1700489399489
1700489316000,1700489317000,47,606671162,1700489399489
1700489316000,1700489317000,54,487289111,1700489399489
1700489316000,1700489317000,63,413389061,1700489399489
1700489316000,1700489317000,100,121229006,1700489399489
1700489317000,1700489318000,13,41483609,1700489399965
1700489317000,1700489318000,24,758862079,1700489399965
1700489317000,1700489318000,47,309828307,1700489399965
1700489317000,1700489318000,54,759534726,1700489399965
1700489317000,1700489318000,63,588673571,1700489399965
1700489317000,1700489318000,100,185727720,1700489399965
1700489318000,1700489319000,13,136041134,1700489400501
1700489318000,1700489319000,24,721220562,1700489400501
1700489318000,1700489319000,47,433662726,1700489400501
1700489318000,1700489319000,54,586518435,1700489400501
1700489318000,1700489319000,63,485836239,1700489400501
1700489318000,1700489319000,100,272234886,1700489400501
1700489319000,1700489320000,13,121514880,1700489400978
1700489319000,1700489320000,24,715865897,1700489400978
1700489319000,1700489320000,47,561232682,1700489400978
1700489319000,1700489320000,54,747696456,1700489400978
1700489319000,1700489320000,63,316168658,1700489400978
1700489319000,1700489320000,100,264729341,1700489400978
1700489320000,1700489321000,13,69821385,1700489401512
1700489320000,1700489321000,24,436821344,1700489401512
1700489320000,1700489321000,47,647532382,1700489401512
1700489320000,1700489321000,54,758945745,1700489401512
1700489320000,1700489321000,63,345566792,1700489401512
1700489320000,1700489321000,100,227884068,1700489401512
1700489321000,1700489322000,13,261317094,1700489401993
1700489321000,1700489322000,24,478928913,1700489401993
1700489321000,1700489322000,47,366906500,1700489401993
1700489321000,1700489322000,54,571059620,1700489401993
1700489321000,1700489322000,63,398598856,1700489401993
1700489321000,1700489322000,100,178323424,1700489401993
1700489322000,1700489323000,13,211798851,1700489402473
1700489322000,1700489323000,24,786443919,1700489402473
1700489322000,1700489323000,47,529086506,1700489402473
1700489322000,1700489323000,54,490030925,1700489402473
1700489322000,1700489323000,63,240986419,1700489402473
1700489322000,1700489323000,100,173002414,1700489402473
1700489323000,1700489324000,13,370098387,1700489403003
1700489323000,1700489324000,24,904712549,1700489403003
1700489323000,1700489324000,47,623222453,1700489403003
1700489323000,1700489324000,54,698048934,1700489403003
1700489323000,1700489324000,63,278362843,1700489403003
1700489323000,1700489324000,100,187780073,1700489403003
1700489324000,1700489325000,13,317160386,1700489403488
1700489324000,1700489325000,24,825608797,1700489403488
1700489324000,1700489325000,47,348059492,1700489403488
1700489324000,1700489325000,54,539295415,1700489403488
1700489324000,1700489325000,63,219640529,1700489403488
1700489324000,1700489325000,100,184051838,1700489403488
1700489325000,1700489326000,13,270492598,1700489404017
1700489325000,1700489326000,24,1134369211,1700489404017
1700489325000,1700489326000,47,213219211,1700489404017
1700489325000,1700489326000,54,664545655,1700489404017
1700489325000,1700489326000,63,413011258,1700489404017
1700489325000,1700489326000,100,230569823,1700489404017
1700489326000,1700489327000,13,192227908,1700489404499
1700489326000,1700489327000,24,925050458,1700489404499
1700489326000,1700489327000,47,293511742,1700489404499
1700489326000,1700489327000,54,493252729,1700489404499
1700489326000,1700489327000,63,175332531,1700489404499
1700489326000,1700489327000,100,231636673,1700489404499
1700489327000,1700489328000,13,234541408,1700489405035
1700489327000,1700489328000,24,293472406,1700489405035
1700489327000,1700489328000,47,290989555,1700489405035
1700489327000,1700489328000,54,303695882,1700489405035
1700489327000,1700489328000,63,290833440,1700489405035
1700489327000,1700489328000,100,252698955,1700489405035
1700489328000,1700489329000,13,261692291,1700489405515
1700489328000,1700489329000,24,251754591,1700489405515
1700489328000,1700489329000,47,291547952,1700489405515
1700489328000,1700489329000,54,158607472,1700489405515
1700489328000,1700489329000,63,170709427,1700489405515
1700489328000,1700489329000,100,193167025,1700489405515
1700489329000,1700489330000,13,275874248,1700489405993
1700489329000,1700489330000,24,245232958,1700489405993
1700489329000,1700489330000,47,213560052,1700489405993
1700489329000,1700489330000,54,256874416,1700489405993
1700489329000,1700489330000,63,433349374,1700489405993
1700489329000,1700489330000,100,170870483,1700489405993
1700489330000,1700489331000,13,258074960,1700489406715
1700489330000,1700489331000,24,339151866,1700489406715
1700489330000,1700489331000,47,251400451,1700489406715
1700489330000,1700489331000,54,191736856,1700489406715
1700489330000,1700489331000,63,564562654,1700489406715
1700489330000,1700489331000,100,167612555,1700489406715
1700489331000,1700489332000,13,229284090,1700489407427
1700489331000,1700489332000,24,350443182,1700489407427
1700489331000,1700489332000,47,240525459,1700489407427
1700489331000,1700489332000,54,188115588,1700489407427
1700489331000,1700489332000,63,756224199,1700489407427
1700489331000,1700489332000,100,146158060,1700489407427
1700489332000,1700489333000,13,203169006,1700489408229
1700489332000,1700489333000,24,562736684,1700489408229
1700489332000,1700489333000,47,361859033,1700489408229
1700489332000,1700489333000,54,199768716,1700489408229
1700489332000,1700489333000,63,857776780,1700489408229
1700489332000,1700489333000,100,91896479,1700489408229
1700489333000,1700489334000,13,133794197,1700489408947
1700489333000,1700489334000,24,389802453,1700489408947
1700489333000,1700489334000,47,544692629,1700489408947
1700489333000,1700489334000,54,242185900,1700489408947
1700489333000,1700489334000,63,751403227,1700489408947
1700489333000,1700489334000,100,194606819,1700489408947
1700489334000,1700489335000,13,257379090,1700489409663
1700489334000,1700489335000,24,327317783,1700489409663
1700489334000,1700489335000,47,410565054,1700489409663
1700489334000,1700489335000,54,469759504,1700489409663
1700489334000,1700489335000,63,286726593,1700489409663
1700489334000,1700489335000,100,243228082,1700489409663
1700489335000,1700489336000,13,350591738,1700489410460
1700489335000,1700489336000,24,271972858,1700489410460
1700489335000,1700489336000,47,430819767,1700489410460
1700489335000,1700489336000,54,257930302,1700489410460
1700489335000,1700489336000,63,419744136,1700489410460
1700489335000,1700489336000,100,486461345,1700489410460
1700489336000,1700489337000,13,207690442,1700489411182
1700489336000,1700489337000,24,243128019,1700489411182
1700489336000,1700489337000,47,506407095,1700489411182
1700489336000,1700489337000,54,607306500,1700489411182
1700489336000,1700489337000,63,321063911,1700489411182
1700489336000,1700489337000,100,568921771,1700489411182
1700489337000,1700489338000,13,255913558,1700489411979
1700489337000,1700489338000,24,449557822,1700489411979
1700489337000,1700489338000,47,459695954,1700489411979
1700489337000,1700489338000,54,558182737,1700489411979
1700489337000,1700489338000,63,144223989,1700489411979
1700489337000,1700489338000,100,578508190,1700489411979
1700489338000,1700489339000,13,379421124,1700489412671
1700489338000,1700489339000,24,455538750,1700489412671
1700489338000,1700489339000,47,794996742,1700489412671
1700489338000,1700489339000,54,372680170,1700489412671
1700489338000,1700489339000,63,258359803,1700489412671
1700489338000,1700489339000,100,67696671,1700489412671
