debs$start:INTEGER(64 bits),debs$end:INTEGER(64 bits),debs$sid:INTEGER(64 bits),debs$absolute_v:INTEGER(64 bits),timestamp
10634000,10635000,54,1700224169260,1700224169500
10634000,10635000,63,1700224169254,1700224169500
10634000,10635000,13,1700224169263,1700224169528
10634000,10635000,100,1700224169279,1700224169528
10634000,10635000,24,1700224169255,1700224169529
10634000,10635000,47,1700224169276,1700224169529
10635000,10636000,54,1700224169260,1700224170563
10635000,10636000,63,1700224169468,1700224170563
10635000,10636000,13,1700224169478,1700224170685
10635000,10636000,100,1700224169490,1700224170685
10635000,10636000,24,1700224169468,1700224170697
10635000,10636000,47,1700224169492,1700224170697
10636000,10637000,54,1700224170219,1700224171628
10636000,10637000,63,1700224170531,1700224171628
10636000,10637000,24,1700224170636,1700224171765
10636000,10637000,47,1700224170660,1700224171765
10636000,10637000,13,1700224170651,1700224171856
10636000,10637000,100,1700224170556,1700224171856
10637000,10638000,54,1700224171389,1700224172694
10637000,10638000,63,1700224171597,1700224172694
10637000,10638000,24,1700224171705,1700224172933
10637000,10638000,47,1700224171725,1700224172933
10637000,10638000,13,1700224171823,1700224173029
10637000,10638000,100,1700224171518,1700224173029
10638000,10639000,54,1700224172458,1700224173762
10638000,10639000,63,1700224172663,1700224173762
10638000,10639000,24,1700224172664,1700224173999
10638000,10639000,47,1700224172895,1700224173999
10638000,10639000,13,1700224172991,1700224174094
10638000,10639000,100,1700224172585,1700224174094
10639000,10640000,54,1700224173521,1700224174936
10639000,10640000,63,1700224173731,1700224174936
10639000,10640000,24,1700224173835,1700224175062
10639000,10640000,47,1700224173961,1700224175062
10639000,10640000,13,1700224174059,1700224175263
10639000,10640000,100,1700224173650,1700224175263
10640000,10641000,54,1700224174694,1700224175997
10640000,10641000,63,1700224174903,1700224175997
10640000,10641000,24,1700224175004,1700224176231
10640000,10641000,47,1700224175026,1700224176231
10640000,10641000,13,1700224175228,1700224176432
10640000,10641000,100,1700224174709,1700224176432
10641000,10642000,54,1700224175755,1700224177063
10641000,10642000,63,1700224175967,1700224177063
10641000,10642000,24,1700224176176,1700224177304
10641000,10642000,47,1700224176194,1700224177304
10641000,10642000,13,1700224176399,1700224177600
10641000,10642000,100,1700224175671,1700224177600
10642000,10643000,54,1700224176817,1700224178128
10642000,10643000,63,1700224177031,1700224178128
10642000,10643000,24,1700224177241,1700224178472
10642000,10643000,47,1700224177259,1700224178472
10642000,10643000,13,1700224177566,1700224178775
10642000,10643000,100,1700224176734,1700224178775
10643000,10644000,54,1700224177988,1700224179302
10643000,10644000,63,1700224178097,1700224179302
10643000,10644000,24,1700224178412,1700224179619
10643000,10644000,47,1700224178432,1700224179619
10643000,10644000,13,1700224178739,1700224179948
10643000,10644000,100,1700224177793,1700224179948
10644000,10645000,54,1700224179050,1700224180369
10644000,10645000,63,1700224179268,1700224180369
10644000,10645000,24,1700224179584,1700224180786
10644000,10645000,47,1700224179500,1700224180786
10644000,10645000,13,1700224179913,1700224181118
10644000,10645000,100,1700224178854,1700224181118
10645000,10646000,54,1700224180113,1700224181433
10645000,10646000,63,1700224180335,1700224181433
10645000,10646000,24,1700224180749,1700224181958
10645000,10646000,47,1700224180669,1700224181958
10645000,10646000,13,1700224181085,1700224182292
10645000,10646000,100,1700224179813,1700224182292
10646000,10647000,54,1700224181284,1700224182499
10646000,10647000,63,1700224181400,1700224182499
10646000,10647000,24,1700224181920,1700224183022
10646000,10647000,47,1700224181736,1700224183022
10646000,10647000,13,1700224182256,1700224183458
10646000,10647000,100,1700224180877,1700224183458
10647000,10648000,54,1700224182346,1700224183562
10647000,10648000,63,1700224182467,1700224183562
10647000,10648000,24,1700224182987,1700224184195
10647000,10648000,47,1700224182804,1700224184195
10647000,10648000,13,1700224183424,1700224184627
10647000,10648000,100,1700224181945,1700224184627
10648000,10649000,54,1700224183410,1700224184728
10648000,10649000,63,1700224183532,1700224184728
10648000,10649000,24,1700224184161,1700224185371
10648000,10649000,47,1700224183973,1700224185371
10648000,10649000,13,1700224184592,1700224185801
10648000,10649000,100,1700224183007,1700224185801
10649000,10650000,54,1700224184582,1700224185813
10649000,10650000,63,1700224184696,1700224185813
10649000,10650000,24,1700224185334,1700224186544
10649000,10650000,47,1700224185041,1700224186544
10650000,10651000,54,1700224185647,1700224186879
10650000,10651000,63,1700224185756,1700224186879
10649000,10650000,13,1700224185764,1700224186966
10649000,10650000,100,1700224183968,1700224186966
10650000,10651000,24,1700224186506,1700224187602
10650000,10651000,47,1700224186211,1700224187602
10651000,10652000,54,1700224186817,1700224187917
10651000,10652000,63,1700224186818,1700224187917
10650000,10651000,13,1700224186933,1700224188143
10650000,10651000,100,1700224185028,1700224188143
10651000,10652000,24,1700224187567,1700224188559
10651000,10652000,47,1700224187278,1700224188559
10652000,10653000,54,1700224187882,1700224189116
10652000,10653000,63,1700224187885,1700224189116
10651000,10652000,13,1700224188107,1700224189318
10651000,10652000,100,1700224186091,1700224189318
10652000,10653000,24,1700224188521,1700224189626
10652000,10653000,47,1700224188445,1700224189626
10653000,10654000,54,1700224188948,1700224190176
10653000,10654000,63,1700224189055,1700224190176
10652000,10653000,13,1700224189281,1700224190490
10652000,10653000,100,1700224187153,1700224190490
10653000,10654000,24,1700224189590,1700224190798
10653000,10654000,47,1700224189510,1700224190798
10654000,10655000,54,1700224190116,1700224191241
10654000,10655000,63,1700224190115,1700224191241
10653000,10654000,13,1700224190453,1700224191662
10653000,10654000,100,1700224188111,1700224191662
10654000,10655000,24,1700224190761,1700224191971
10654000,10655000,47,1700224190676,1700224191971
10655000,10656000,54,1700224191182,1700224192306
10655000,10656000,63,1700224191180,1700224192306
10654000,10655000,13,1700224191628,1700224192729
10654000,10655000,100,1700224189177,1700224192729
10655000,10656000,24,1700224191933,1700224193143
10655000,10656000,47,1700224191743,1700224193143
10655000,10656000,13,1700224192693,1700224193897
10655000,10656000,100,1700224190238,1700224193897
10656000,10657000,24,1700224193106,1700224194211
10656000,10657000,47,1700224192809,1700224194211
10656000,10657000,13,1700224193865,1700224195066
10656000,10657000,100,1700224191301,1700224195066
10657000,10658000,24,1700224194175,1700224195382
10657000,10658000,47,1700224193977,1700224195382
10657000,10658000,13,1700224195030,1700224196233
10657000,10658000,100,1700224192262,1700224196233
10658000,10659000,24,1700224195346,1700224196254
10658000,10659000,47,1700224195046,1700224196254
10659000,10660000,24,1700224196091,1700224197316
10659000,10660000,47,1700224196216,1700224197316
10658000,10659000,13,1700224196197,1700224197401
10658000,10659000,100,1700224193326,1700224197401
10660000,10661000,24,1700224197258,1700224198485
10660000,10661000,47,1700224197280,1700224198485
10659000,10660000,13,1700224197366,1700224198570
10659000,10660000,100,1700224194390,1700224198570
10661000,10662000,24,1700224198322,1700224199554
10661000,10662000,47,1700224198447,1700224199554
10660000,10661000,13,1700224198535,1700224199741
10660000,10661000,100,1700224195453,1700224199741
10662000,10663000,24,1700224199494,1700224200715
10662000,10663000,47,1700224199513,1700224200715
10661000,10662000,13,1700224199705,1700224200914
10661000,10662000,100,1700224196412,1700224200914
10663000,10664000,24,1700224200346,1700224201781
10663000,10664000,47,1700224200679,1700224201781
10662000,10663000,13,1700224200879,1700224202087
10662000,10663000,100,1700224197480,1700224202087
10664000,10665000,24,1700224201516,1700224202843
10664000,10665000,47,1700224201744,1700224202843
10663000,10664000,13,1700224202051,1700224203261
10663000,10664000,100,1700224198544,1700224203261
10665000,10666000,24,1700224202685,1700224204013
10665000,10666000,47,1700224202807,1700224204013
10664000,10665000,13,1700224203225,1700224204433
10664000,10665000,100,1700224199608,1700224204433
10666000,10667000,24,1700224203854,1700224205077
10666000,10667000,47,1700224203975,1700224205077
10665000,10666000,13,1700224204397,1700224205601
10665000,10666000,100,1700224200569,1700224205601
10667000,10668000,24,1700224205026,1700224206246
10667000,10668000,47,1700224205042,1700224206246
10666000,10667000,13,1700224205568,1700224206775
10666000,10667000,100,1700224201635,1700224206775
10668000,10669000,24,1700224205981,1700224207303
10668000,10669000,47,1700224206208,1700224207303
10667000,10668000,13,1700224206738,1700224207945
10667000,10668000,100,1700224202695,1700224207945
10669000,10670000,24,1700224207047,1700224208475
10669000,10670000,47,1700224207270,1700224208475
10668000,10669000,13,1700224207910,1700224209115
10668000,10669000,100,1700224203757,1700224209115
10670000,10671000,24,1700224208218,1700224209540
10670000,10671000,47,1700224208438,1700224209540
10669000,10670000,13,1700224209081,1700224210291
10669000,10670000,100,1700224204718,1700224210291
10671000,10672000,24,1700224209388,1700224210604
10671000,10672000,47,1700224209505,1700224210604
10670000,10671000,13,1700224210254,1700224211466
10670000,10671000,100,1700224205781,1700224211466
10672000,10673000,24,1700224210553,1700224211777
10672000,10673000,47,1700224210570,1700224211777
10671000,10672000,13,1700224211428,1700224212526
10671000,10672000,100,1700224206843,1700224212526
10673000,10674000,24,1700224211723,1700224212842
10673000,10674000,47,1700224211740,1700224212842
10672000,10673000,13,1700224212491,1700224213697
10672000,10673000,100,1700224207910,1700224213697
10674000,10675000,24,1700224212789,1700224214024
10674000,10675000,47,1700224212806,1700224214024
10673000,10674000,13,1700224213662,1700224214870
10673000,10674000,100,1700224208871,1700224214870
10675000,10676000,24,1700224213961,1700224215166
10675000,10676000,47,1700224213974,1700224215166
10674000,10675000,13,1700224214835,1700224216040
10674000,10675000,100,1700224209937,1700224216040
10676000,10677000,24,1700224215129,1700224216334
10676000,10677000,47,1700224215040,1700224216334
10675000,10676000,13,1700224216003,1700224217211
10675000,10676000,100,1700224210999,1700224217211
10677000,10678000,24,1700224216297,1700224217312
10677000,10678000,47,1700224216210,1700224217312
10676000,10677000,13,1700224217176,1700224218381
10676000,10677000,100,1700224212063,1700224218381
10678000,10679000,24,1700224217253,1700224218483
10678000,10679000,47,1700224217275,1700224218483
10679000,10680000,24,1700224218319,1700224219548
10679000,10680000,47,1700224218447,1700224219548
10677000,10678000,13,1700224218344,1700224219552
10677000,10678000,100,1700224213024,1700224219552
10680000,10681000,24,1700224219488,1700224220690
10680000,10681000,47,1700224219512,1700224220690
10678000,10679000,13,1700224219516,1700224220724
10678000,10679000,100,1700224214086,1700224220724
10681000,10682000,24,1700224220658,1700224221862
10681000,10682000,47,1700224220581,1700224221862
10679000,10680000,13,1700224220687,1700224221890
10679000,10680000,100,1700224215149,1700224221890
10682000,10683000,24,1700224221828,1700224223036
10682000,10683000,47,1700224221751,1700224223036
10680000,10681000,13,1700224221859,1700224223064
10680000,10681000,100,1700224216210,1700224223064
10683000,10684000,24,1700224223001,1700224224102
10683000,10684000,47,1700224222813,1700224224102
10681000,10682000,13,1700224223027,1700224224233
10681000,10682000,100,1700224217171,1700224224233
10684000,10685000,24,1700224224066,1700224225272
10684000,10685000,47,1700224223981,1700224225272
10682000,10683000,13,1700224224200,1700224225407
10682000,10683000,100,1700224218233,1700224225407
10685000,10686000,24,1700224225235,1700224226442
10685000,10686000,47,1700224225044,1700224226442
10683000,10684000,13,1700224225372,1700224226580
10683000,10684000,100,1700224219294,1700224226580
10686000,10687000,24,1700224226404,1700224227611
10686000,10687000,47,1700224226216,1700224227611
10684000,10685000,13,1700224226545,1700224227750
10684000,10685000,100,1700224220360,1700224227750
10687000,10688000,24,1700224227574,1700224228674
10687000,10688000,47,1700224227284,1700224228674
10685000,10686000,13,1700224227713,1700224228923
10685000,10686000,100,1700224220681,1700224228923
10688000,10689000,24,1700224228639,1700224229843
10688000,10689000,47,1700224228454,1700224229843
10686000,10687000,13,1700224228887,1700224230091
10686000,10687000,100,1700224221107,1700224230091
10689000,10690000,24,1700224229807,1700224231013
10689000,10690000,47,1700224229518,1700224231013
10687000,10688000,13,1700224230055,1700224231150
10687000,10688000,100,1700224222172,1700224231150
10690000,10691000,24,1700224230979,1700224232186
10690000,10691000,47,1700224230581,1700224232186
10688000,10689000,13,1700224231118,1700224232324
10688000,10689000,100,1700224223235,1700224232324
10691000,10692000,24,1700224232148,1700224233359
10691000,10692000,47,1700224231751,1700224233359
10689000,10690000,13,1700224232291,1700224233499
10689000,10690000,100,1700224224300,1700224233499
10692000,10693000,24,1700224233322,1700224234420
10692000,10693000,47,1700224232816,1700224234420
10690000,10691000,13,1700224233463,1700224234667
10690000,10691000,100,1700224225260,1700224234667
10693000,10694000,24,1700224234386,1700224235587
10693000,10694000,47,1700224233986,1700224235587
10691000,10692000,13,1700224234633,1700224235839
10691000,10692000,100,1700224226322,1700224235839
10694000,10695000,24,1700224235555,1700224236765
10694000,10695000,47,1700224235053,1700224236765
10692000,10693000,13,1700224235804,1700224237009
10692000,10693000,100,1700224227385,1700224237009
10695000,10696000,24,1700224236727,1700224237938
10695000,10696000,47,1700224236226,1700224237938
10693000,10694000,13,1700224236974,1700224238181
10693000,10694000,100,1700224228448,1700224238181
10696000,10697000,24,1700224237899,1700224239000
10696000,10697000,47,1700224237290,1700224239000
10694000,10695000,13,1700224238145,1700224239354
10694000,10695000,100,1700224229408,1700224239354
10697000,10698000,24,1700224238965,1700224240175
10697000,10698000,47,1700224238460,1700224240175
10695000,10696000,13,1700224239319,1700224240526
10695000,10696000,100,1700224230474,1700224240526
10698000,10699000,24,1700224240139,1700224241344
10698000,10699000,47,1700224239527,1700224241344
10696000,10697000,13,1700224240490,1700224241700
10696000,10697000,100,1700224231535,1700224241700
10699000,10700000,24,1700224241308,1700224242514
10699000,10700000,47,1700224240592,1700224242514
10697000,10698000,13,1700224241663,1700224242873
10697000,10698000,100,1700224232598,1700224242873
10700000,10701000,24,1700224242476,1700224243681
10700000,10701000,47,1700224241762,1700224243681
10698000,10699000,13,1700224242837,1700224244045
10698000,10699000,100,1700224233555,1700224244045
10701000,10702000,24,1700224243645,1700224244751
10701000,10702000,47,1700224242828,1700224244751
10699000,10700000,13,1700224244008,1700224244792
10699000,10700000,100,1700224234622,1700224244792
10700000,10701000,13,1700224244755,1700224245748
10700000,10701000,100,1700224235688,1700224245748
10702000,10703000,24,1700224244715,1700224245922
10702000,10703000,47,1700224243999,1700224245922
10701000,10702000,13,1700224245711,1700224246921
10701000,10702000,100,1700224236006,1700224246921
10703000,10704000,24,1700224245885,1700224247094
10703000,10704000,47,1700224245067,1700224247094
10702000,10703000,13,1700224246884,1700224248084
10702000,10703000,100,1700224236963,1700224248084
10704000,10705000,24,1700224247058,1700224248262
10704000,10705000,47,1700224246240,1700224248262
10703000,10704000,13,1700224248049,1700224249256
10703000,10704000,100,1700224237920,1700224249256
10705000,10706000,24,1700224248224,1700224249326
10705000,10706000,47,1700224247305,1700224249326
10704000,10705000,13,1700224249219,1700224250424
10704000,10705000,100,1700224238983,1700224250424
10706000,10707000,24,1700224249291,1700224250492
10706000,10707000,47,1700224248375,1700224250492
10705000,10706000,13,1700224250387,1700224251491
10705000,10706000,100,1700224239620,1700224251491
10707000,10708000,24,1700224250455,1700224251659
10707000,10708000,47,1700224249543,1700224251659
10706000,10707000,13,1700224251455,1700224252664
10706000,10707000,100,1700224240582,1700224252664
10708000,10709000,24,1700224251623,1700224252830
10708000,10709000,47,1700224250604,1700224252830
10707000,10708000,13,1700224252629,1700224253838
10707000,10708000,100,1700224241642,1700224253838
10709000,10710000,24,1700224252793,1700224254003
10709000,10710000,47,1700224251772,1700224254003
10708000,10709000,13,1700224253802,1700224255009
10708000,10709000,100,1700224242387,1700224255009
10710000,10711000,24,1700224253965,1700224255066
10710000,10711000,47,1700224252837,1700224255066
10711000,10712000,24,1700224255029,1700224255100
10711000,10712000,47,1700224254002,1700224255100
10709000,10710000,13,1700224254974,1700224256183
10709000,10710000,100,1700224243443,1700224256183
10712000,10713000,24,1700224255030,1700224256273
10712000,10713000,47,1700224255068,1700224256273
10710000,10711000,13,1700224256148,1700224257355
10710000,10711000,100,1700224244406,1700224257355
10713000,10714000,24,1700224256197,1700224257405
10713000,10714000,47,1700224256237,1700224257405
10711000,10712000,13,1700224257318,1700224258521
10711000,10712000,100,1700224245467,1700224258521
10714000,10715000,24,1700224257371,1700224258578
10714000,10715000,47,1700224257305,1700224258578
10712000,10713000,13,1700224258486,1700224259694
10712000,10713000,100,1700224246104,1700224259694
10715000,10716000,24,1700224258543,1700224259750
10715000,10716000,47,1700224258369,1700224259750
10716000,10717000,24,1700224259712,1700224260818
10716000,10717000,47,1700224259539,1700224260818
10713000,10714000,13,1700224259657,1700224260866
10713000,10714000,100,1700224247168,1700224260866
10717000,10718000,24,1700224260781,1700224261989
10717000,10718000,47,1700224260602,1700224261989
10714000,10715000,13,1700224260829,1700224262034
10714000,10715000,100,1700224247913,1700224262034
10718000,10719000,24,1700224261952,1700224263158
10718000,10719000,47,1700224261773,1700224263158
10715000,10716000,13,1700224261999,1700224263207
10715000,10716000,100,1700224248871,1700224263207
10719000,10720000,24,1700224263121,1700224264331
10719000,10720000,47,1700224262837,1700224264331
10716000,10717000,13,1700224263171,1700224264381
10716000,10717000,100,1700224249614,1700224264381
10720000,10721000,24,1700224264294,1700224265397
10720000,10721000,47,1700224264009,1700224265397
10717000,10718000,13,1700224264344,1700224265550
10717000,10718000,100,1700224250681,1700224265550
10721000,10722000,24,1700224265361,1700224266565
10721000,10722000,47,1700224265074,1700224266565
10718000,10719000,13,1700224265513,1700224266723
10718000,10719000,100,1700224251640,1700224266723
10722000,10723000,24,1700224266528,1700224267730
10722000,10723000,47,1700224266246,1700224267730
10719000,10720000,13,1700224266687,1700224267892
10719000,10720000,100,1700224252704,1700224267892
10723000,10724000,24,1700224267695,1700224268898
10723000,10724000,47,1700224267310,1700224268898
10720000,10721000,13,1700224267855,1700224269066
10720000,10721000,100,1700224253768,1700224269066
10724000,10725000,24,1700224268863,1700224270066
10724000,10725000,47,1700224268379,1700224270066
10721000,10722000,13,1700224269028,1700224270129
10721000,10722000,100,1700224254406,1700224270129
10725000,10726000,24,1700224270030,1700224271133
10725000,10726000,47,1700224269551,1700224271133
10722000,10723000,13,1700224270094,1700224271302
10722000,10723000,100,1700224255467,1700224271302
10726000,10727000,24,1700224271097,1700224272303
10726000,10727000,47,1700224270617,1700224272303
10723000,10724000,13,1700224271267,1700224272475
10723000,10724000,100,1700224256528,1700224272475
10727000,10728000,24,1700224272267,1700224273475
10727000,10728000,47,1700224271790,1700224273475
10724000,10725000,13,1700224272440,1700224273644
10724000,10725000,100,1700224257594,1700224273644
10728000,10729000,24,1700224273438,1700224274644
10728000,10729000,47,1700224272857,1700224274644
10725000,10726000,13,1700224273608,1700224274815
10725000,10726000,100,1700224258555,1700224274815
10729000,10730000,24,1700224274608,1700224275705
10729000,10730000,47,1700224274027,1700224275705
10726000,10727000,13,1700224274781,1700224275988
10726000,10727000,100,1700224259617,1700224275988
10730000,10731000,24,1700224275670,1700224276868
10730000,10731000,47,1700224275092,1700224276868
10727000,10728000,13,1700224275953,1700224277160
10727000,10728000,100,1700224260679,1700224277160
10731000,10732000,24,1700224276834,1700224278039
10731000,10732000,47,1700224276157,1700224278039
10728000,10729000,13,1700224277125,1700224278328
10728000,10729000,100,1700224261742,1700224278328
10732000,10733000,24,1700224278003,1700224279211
10732000,10733000,47,1700224277329,1700224279211
10729000,10730000,13,1700224278294,1700224279502
10729000,10730000,100,1700224262697,1700224279502
10733000,10734000,24,1700224279173,1700224280380
10733000,10734000,47,1700224278393,1700224280380
10730000,10731000,13,1700224279465,1700224280675
10730000,10731000,100,1700224263760,1700224280675
10734000,10735000,24,1700224280342,1700224281446
10734000,10735000,47,1700224279565,1700224281446
10731000,10732000,13,1700224280640,1700224281847
10731000,10732000,100,1700224264822,1700224281847
10735000,10736000,24,1700224281411,1700224282618
10735000,10736000,47,1700224280631,1700224282618
10732000,10733000,13,1700224281811,1700224283019
10732000,10733000,100,1700224265881,1700224283019
10736000,10737000,24,1700224282582,1700224283787
10736000,10737000,47,1700224281802,1700224283787
10733000,10734000,13,1700224282983,1700224284188
10733000,10734000,100,1700224266840,1700224284188
10737000,10738000,24,1700224283750,1700224284958
10737000,10738000,47,1700224282867,1700224284958
10734000,10735000,13,1700224284155,1700224285365
10734000,10735000,100,1700224267476,1700224285365
10738000,10739000,24,1700224284921,1700224286026
10738000,10739000,47,1700224284038,1700224286026
10735000,10736000,13,1700224285328,1700224286537
10735000,10736000,100,1700224268224,1700224286537
10739000,10740000,24,1700224285989,1700224287193
10739000,10740000,47,1700224285104,1700224287193
10736000,10737000,13,1700224286501,1700224287707
10736000,10737000,100,1700224269285,1700224287707
10740000,10741000,24,1700224287159,1700224288364
10740000,10741000,47,1700224286165,1700224288364
10737000,10738000,13,1700224287670,1700224288872
10737000,10738000,100,1700224270350,1700224288872
10741000,10742000,24,1700224288327,1700224289534
10741000,10742000,47,1700224287334,1700224289534
10738000,10739000,13,1700224288839,1700224289941
10738000,10739000,100,1700224271413,1700224289941
10742000,10743000,24,1700224289496,1700224290595
10742000,10743000,47,1700224288398,1700224290595
10739000,10740000,13,1700224289906,1700224290794
10739000,10740000,100,1700224272371,1700224290794
10740000,10741000,13,1700224290756,1700224291646
10740000,10741000,100,1700224273430,1700224291646
10743000,10744000,24,1700224290560,1700224291765
10743000,10744000,47,1700224289566,1700224291765
10741000,10742000,13,1700224291612,1700224292817
10741000,10742000,100,1700224273854,1700224292817
10744000,10745000,24,1700224291728,1700224292935
10744000,10745000,47,1700224290630,1700224292935
10742000,10743000,13,1700224292781,1700224293988
10742000,10743000,100,1700224274811,1700224293988
10745000,10746000,24,1700224292899,1700224294106
10745000,10746000,47,1700224291801,1700224294106
10743000,10744000,13,1700224293955,1700224295159
10743000,10744000,100,1700224275875,1700224295159
10746000,10747000,24,1700224294070,1700224295274
10746000,10747000,47,1700224292864,1700224295274
10744000,10745000,13,1700224295123,1700224296329
10744000,10745000,100,1700224276089,1700224296329
10747000,10748000,24,1700224295237,1700224296338
10747000,10748000,47,1700224294032,1700224296338
10745000,10746000,13,1700224296293,1700224297494
10745000,10746000,100,1700224276833,1700224297494
10748000,10749000,24,1700224296302,1700224297511
10748000,10749000,47,1700224295098,1700224297511
10746000,10747000,13,1700224297460,1700224298663
10746000,10747000,100,1700224277261,1700224298663
10749000,10750000,24,1700224297475,1700224298681
10749000,10750000,47,1700224296165,1700224298681
10747000,10748000,13,1700224298628,1700224299834
10747000,10748000,100,1700224278322,1700224299834
10750000,10751000,24,1700224298645,1700224299853
10750000,10751000,47,1700224297335,1700224299853
10751000,10752000,24,1700224299814,1700224300918
10751000,10752000,47,1700224298402,1700224300918
10748000,10749000,13,1700224299797,1700224301005
10748000,10749000,100,1700224279386,1700224301005
10752000,10753000,24,1700224300882,1700224302089
10752000,10753000,47,1700224299570,1700224302089
10749000,10750000,13,1700224300970,1700224302179
10749000,10750000,100,1700224280342,1700224302179
10753000,10754000,24,1700224302053,1700224303257
10753000,10754000,47,1700224300635,1700224303257
10750000,10751000,13,1700224302144,1700224303350
10750000,10751000,100,1700224281407,1700224303350
10754000,10755000,24,1700224303220,1700224304426
10754000,10755000,47,1700224301808,1700224304426
10751000,10752000,13,1700224303314,1700224304519
10751000,10752000,100,1700224282261,1700224304519
10755000,10756000,24,1700224304388,1700224305600
10755000,10756000,47,1700224302874,1700224305600
10752000,10753000,13,1700224304482,1700224305690
10752000,10753000,100,1700224283223,1700224305690
10753000,10754000,13,1700224305656,1700224306541
10753000,10754000,100,1700224284290,1700224306541
10756000,10757000,24,1700224305562,1700224306662
10756000,10757000,47,1700224303941,1700224306662
10757000,10758000,24,1700224306627,1700224307616
10757000,10758000,47,1700224305117,1700224307616
10754000,10755000,13,1700224306505,1700224307712
10754000,10755000,100,1700224285350,1700224307712
10758000,10759000,24,1700224307580,1700224308573
10758000,10759000,47,1700224306186,1700224308573
10755000,10756000,13,1700224307677,1700224308882
10755000,10756000,100,1700224286415,1700224308882
10759000,10760000,24,1700224308537,1700224309743
10759000,10760000,47,1700224307356,1700224309743
10756000,10757000,13,1700224308846,1700224310050
10756000,10757000,100,1700224287374,1700224310050
10760000,10761000,24,1700224309706,1700224310913
10760000,10761000,47,1700224308420,1700224310913
10757000,10758000,13,1700224310016,1700224311223
10757000,10758000,100,1700224288221,1700224311223
10761000,10762000,24,1700224310876,1700224312085
10761000,10762000,47,1700224309590,1700224312085
10758000,10759000,13,1700224311187,1700224312396
10758000,10759000,100,1700224289287,1700224312396
10762000,10763000,24,1700224312047,1700224313258
10762000,10763000,47,1700224310654,1700224313258
10759000,10760000,13,1700224312359,1700224313567
10759000,10760000,100,1700224289819,1700224313567
10763000,10764000,24,1700224313221,1700224314322
10763000,10764000,47,1700224311824,1700224314322
10760000,10761000,13,1700224313531,1700224314737
10760000,10761000,100,1700224290670,1700224314737
10764000,10765000,24,1700224314286,1700224315491
10764000,10765000,47,1700224312887,1700224315491
10761000,10762000,13,1700224314700,1700224315907
10761000,10762000,100,1700224291630,1700224315907
10765000,10766000,24,1700224315456,1700224316659
10765000,10766000,47,1700224313956,1700224316659
10762000,10763000,13,1700224315871,1700224317084
10762000,10763000,100,1700224292690,1700224317084
10766000,10767000,24,1700224316623,1700224317833
10766000,10767000,47,1700224314699,1700224317833
10763000,10764000,13,1700224317046,1700224318255
10763000,10764000,100,1700224293750,1700224318255
10767000,10768000,24,1700224317796,1700224318897
10767000,10768000,47,1700224315765,1700224318897
10764000,10765000,13,1700224318218,1700224319320
10764000,10765000,100,1700224294809,1700224319320
10768000,10769000,24,1700224318863,1700224320067
10768000,10769000,47,1700224316934,1700224320067
10765000,10766000,13,1700224319285,1700224320487
10765000,10766000,100,1700224295768,1700224320487
10766000,10767000,13,1700224320455,1700224321233
10766000,10767000,100,1700224296407,1700224321233
10769000,10770000,24,1700224320031,1700224321239
10769000,10770000,47,1700224317997,1700224321239
10770000,10771000,24,1700224321203,1700224322402
10770000,10771000,47,1700224319063,1700224322402
10767000,10768000,13,1700224321199,1700224322404
10767000,10768000,100,1700224297469,1700224322404
10771000,10772000,24,1700224322369,1700224323572
10771000,10772000,47,1700224320235,1700224323572
10768000,10769000,13,1700224322369,1700224323579
10768000,10769000,100,1700224298428,1700224323579
10772000,10773000,24,1700224323535,1700224324630
10772000,10773000,47,1700224321303,1700224324630
10769000,10770000,13,1700224323542,1700224324751
10769000,10770000,100,1700224299493,1700224324751
10773000,10774000,24,1700224324595,1700224325375
10773000,10774000,47,1700224322475,1700224325375
10770000,10771000,13,1700224324715,1700224325919
10770000,10771000,100,1700224300557,1700224325919
10774000,10775000,24,1700224325339,1700224326538
10774000,10775000,47,1700224323545,1700224326538
10771000,10772000,13,1700224325884,1700224327090
10771000,10772000,100,1700224301619,1700224327090
10775000,10776000,24,1700224326504,1700224327709
10775000,10776000,47,1700224324713,1700224327709
10772000,10773000,13,1700224327057,1700224328265
10772000,10773000,100,1700224302578,1700224328265
10776000,10777000,24,1700224327674,1700224328880
10776000,10777000,47,1700224325780,1700224328880
10773000,10774000,13,1700224328229,1700224329333
10773000,10774000,100,1700224303641,1700224329333
10777000,10778000,24,1700224328844,1700224330046
10777000,10778000,47,1700224326951,1700224330046
10774000,10775000,13,1700224329297,1700224330496
10774000,10775000,100,1700224304701,1700224330496
10778000,10779000,24,1700224330011,1700224331116
10778000,10779000,47,1700224328011,1700224331116
10775000,10776000,13,1700224330465,1700224331672
10775000,10776000,100,1700224305763,1700224331672
10779000,10780000,24,1700224331080,1700224332286
10779000,10780000,47,1700224328758,1700224332286
10776000,10777000,13,1700224331637,1700224332845
10776000,10777000,100,1700224306725,1700224332845
10780000,10781000,24,1700224332250,1700224333450
10780000,10781000,47,1700224329393,1700224333450
10777000,10778000,13,1700224332811,1700224333906
10777000,10778000,100,1700224307791,1700224333906
10781000,10782000,24,1700224333415,1700224334619
10781000,10782000,47,1700224329711,1700224334619
10778000,10779000,13,1700224333869,1700224334973
10778000,10779000,100,1700224308857,1700224334973
10779000,10780000,13,1700224334937,1700224335611
10779000,10780000,100,1700224309601,1700224335611
10782000,10783000,24,1700224334585,1700224335685
10782000,10783000,47,1700224330669,1700224335685
10780000,10781000,13,1700224335575,1700224336781
10780000,10781000,100,1700224310564,1700224336781
10783000,10784000,24,1700224335648,1700224336854
10783000,10784000,47,1700224331735,1700224336854
10784000,10785000,24,1700224336818,1700224337707
10784000,10785000,47,1700224332798,1700224337707
10781000,10782000,13,1700224336744,1700224337955
10781000,10782000,100,1700224311630,1700224337955
10785000,10786000,24,1700224337671,1700224338559
10785000,10786000,47,1700224333970,1700224338559
10782000,10783000,13,1700224337918,1700224339128
10782000,10783000,100,1700224312695,1700224339128
10786000,10787000,24,1700224338522,1700224339623
10786000,10787000,47,1700224335038,1700224339623
10783000,10784000,13,1700224339091,1700224340193
10783000,10784000,100,1700224313655,1700224340193
10787000,10788000,24,1700224339588,1700224340796
10787000,10788000,47,1700224336208,1700224340796
10784000,10785000,13,1700224340157,1700224341361
10784000,10785000,100,1700224314721,1700224341361
10788000,10789000,24,1700224340759,1700224341755
10788000,10789000,47,1700224337276,1700224341755
10785000,10786000,13,1700224341327,1700224342526
10785000,10786000,100,1700224315786,1700224342526
10789000,10790000,24,1700224341718,1700224342929
10789000,10790000,47,1700224338448,1700224342929
10786000,10787000,13,1700224342494,1700224343696
10786000,10787000,100,1700224316319,1700224343696
10790000,10791000,24,1700224342890,1700224343994
10790000,10791000,47,1700224339512,1700224343994
10787000,10788000,13,1700224343663,1700224344869
10787000,10788000,100,1700224317279,1700224344869
10791000,10792000,24,1700224343957,1700224345162
10791000,10792000,47,1700224340685,1700224345162
10788000,10789000,13,1700224344836,1700224345937
10788000,10789000,100,1700224318340,1700224345937
10792000,10793000,24,1700224345127,1700224346333
10792000,10793000,47,1700224341753,1700224346333
10789000,10790000,13,1700224345901,1700224347001
10793000,10794000,24,1700224346295,1700224347504
10793000,10794000,47,1700224342821,1700224347504
10790000,10791000,13,1700224346964,1700224348174
10790000,10791000,100,1700224319087,1700224348174
10794000,10795000,24,1700224347469,1700224348569
10794000,10795000,47,1700224343993,1700224348569
10791000,10792000,13,1700224348137,1700224349349
10791000,10792000,100,1700224319724,1700224349349
10795000,10796000,24,1700224348534,1700224349739
10795000,10796000,47,1700224345060,1700224349739
10792000,10793000,13,1700224349312,1700224350410
10792000,10793000,100,1700224320257,1700224350410
10796000,10797000,24,1700224349703,1700224350910
10796000,10797000,47,1700224346232,1700224350910
10793000,10794000,13,1700224350379,1700224351585
10793000,10794000,100,1700224321317,1700224351585
10797000,10798000,24,1700224350874,1700224352081
10797000,10798000,47,1700224347295,1700224352081
10794000,10795000,13,1700224351551,1700224352757
10794000,10795000,100,1700224322381,1700224352757
10798000,10799000,24,1700224352043,1700224353254
10798000,10799000,47,1700224348463,1700224353254
10795000,10796000,13,1700224352722,1700224353926
10795000,10796000,100,1700224323449,1700224353926
10799000,10800000,24,1700224353217,1700224354321
10799000,10800000,47,1700224349527,1700224354321
10796000,10797000,13,1700224353892,1700224355098
10800000,10801000,24,1700224354284,1700224355491
10800000,10801000,47,1700224350594,1700224355491
10797000,10798000,13,1700224355063,1700224356268
10801000,10802000,24,1700224355455,1700224356663
10801000,10802000,47,1700224351765,1700224356663
10798000,10799000,13,1700224356233,1700224357441
10798000,10799000,100,1700224324192,1700224357441
10802000,10803000,24,1700224356625,1700224357722
10802000,10803000,47,1700224352829,1700224357722
10799000,10800000,13,1700224357405,1700224358292
10799000,10800000,100,1700224324513,1700224358292
10803000,10804000,24,1700224357688,1700224358787
10803000,10804000,47,1700224354000,1700224358787
10800000,10801000,13,1700224358256,1700224359358
10800000,10801000,100,1700224325578,1700224359358
10804000,10805000,24,1700224358751,1700224359531
10804000,10805000,47,1700224355065,1700224359531
10805000,10806000,24,1700224359493,1700224360272
10805000,10806000,47,1700224356235,1700224360272
10801000,10802000,13,1700224359323,1700224360527
10801000,10802000,100,1700224326428,1700224360527
10806000,10807000,24,1700224360239,1700224361443
10806000,10807000,47,1700224357298,1700224361443
10802000,10803000,13,1700224360491,1700224361697
10802000,10803000,100,1700224326958,1700224361697
10803000,10804000,13,1700224361662,1700224362551
10803000,10804000,100,1700224327919,1700224362551
10807000,10808000,24,1700224361409,1700224362622
10807000,10808000,47,1700224358465,1700224362622
10808000,10809000,24,1700224362584,1700224363689
10808000,10809000,47,1700224359533,1700224363689
10804000,10805000,13,1700224362513,1700224363720
10804000,10805000,100,1700224328876,1700224363720
10805000,10806000,13,1700224363682,1700224364782
10805000,10806000,100,1700224329939,1700224364782
10809000,10810000,24,1700224363653,1700224364861
10809000,10810000,47,1700224360592,1700224364861
10806000,10807000,13,1700224364748,1700224365953
10806000,10807000,100,1700224330896,1700224365953
10810000,10811000,24,1700224364824,1700224366029
10810000,10811000,47,1700224361762,1700224366029
10807000,10808000,13,1700224365918,1700224367120
10807000,10808000,100,1700224331959,1700224367120
10811000,10812000,24,1700224365994,1700224367202
10811000,10812000,47,1700224362829,1700224367202
10812000,10813000,24,1700224367166,1700224368161
10812000,10813000,47,1700224364001,1700224368161
10808000,10809000,13,1700224367085,1700224368290
10808000,10809000,100,1700224333021,1700224368290
10813000,10814000,24,1700224368124,1700224369335
10813000,10814000,47,1700224365065,1700224369335
10809000,10810000,13,1700224368256,1700224369463
10809000,10810000,100,1700224334085,1700224369463
10814000,10815000,24,1700224369297,1700224370396
10814000,10815000,47,1700224366237,1700224370396
10810000,10811000,13,1700224369427,1700224370631
10810000,10811000,100,1700224335047,1700224370631
10815000,10816000,24,1700224370362,1700224371351
10815000,10816000,47,1700224367301,1700224371351
10811000,10812000,13,1700224370594,1700224371793
10811000,10812000,100,1700224336114,1700224371793
10816000,10817000,24,1700224371315,1700224372521
10816000,10817000,47,1700224368469,1700224372521
10812000,10813000,13,1700224371760,1700224372961
10812000,10813000,100,1700224336967,1700224372961
10817000,10818000,24,1700224372484,1700224373688
10817000,10818000,47,1700224369534,1700224373688
10813000,10814000,13,1700224372926,1700224374126
10813000,10814000,100,1700224337928,1700224374126
10818000,10819000,24,1700224373654,1700224374754
10818000,10819000,47,1700224370595,1700224374754
10814000,10815000,13,1700224374091,1700224375187
10814000,10815000,100,1700224338991,1700224375187
10819000,10820000,24,1700224374718,1700224375923
10819000,10820000,47,1700224371764,1700224375923
10815000,10816000,13,1700224375152,1700224376357
10815000,10816000,100,1700224339948,1700224376357
10820000,10821000,24,1700224375887,1700224377097
10820000,10821000,47,1700224372828,1700224377097
10816000,10817000,13,1700224376319,1700224377415
10816000,10817000,100,1700224341014,1700224377415
10821000,10822000,24,1700224377060,1700224378263
10821000,10822000,47,1700224373998,1700224378263
10817000,10818000,13,1700224377384,1700224378590
10817000,10818000,100,1700224341976,1700224378590
10822000,10823000,24,1700224378226,1700224379430
10822000,10823000,47,1700224375066,1700224379430
10818000,10819000,13,1700224378557,1700224379759
10818000,10819000,100,1700224343042,1700224379759
10823000,10824000,24,1700224379392,1700224380493
10823000,10824000,47,1700224376239,1700224380493
10819000,10820000,13,1700224379727,1700224380937
10819000,10820000,100,1700224344107,1700224380937
10824000,10825000,24,1700224380459,1700224381666
10824000,10825000,47,1700224377301,1700224381666
10820000,10821000,13,1700224380900,1700224382109
10820000,10821000,100,1700224345175,1700224382109
10825000,10826000,24,1700224381630,1700224382832
10825000,10826000,47,1700224378472,1700224382832
10821000,10822000,13,1700224382073,1700224383276
10821000,10822000,100,1700224346137,1700224383276
10826000,10827000,24,1700224382796,1700224384006
10826000,10827000,47,1700224379537,1700224384006
10822000,10823000,13,1700224383242,1700224384232
10822000,10823000,100,1700224346562,1700224384232
10827000,10828000,24,1700224383969,1700224385068
10827000,10828000,47,1700224380607,1700224385068
10823000,10824000,13,1700224384198,1700224385188
10823000,10824000,100,1700224347624,1700224385188
10828000,10829000,24,1700224385032,1700224386243
10828000,10829000,47,1700224381773,1700224386243
10824000,10825000,13,1700224385153,1700224386361
10824000,10825000,100,1700224348687,1700224386361
10829000,10830000,24,1700224386206,1700224387414
10829000,10830000,47,1700224382836,1700224387414
10825000,10826000,13,1700224386323,1700224387530
10825000,10826000,100,1700224349751,1700224387530
10830000,10831000,24,1700224387378,1700224388583
10830000,10831000,47,1700224383582,1700224388583
10826000,10827000,13,1700224387495,1700224388700
10826000,10827000,100,1700224350709,1700224388700
10831000,10832000,24,1700224388546,1700224389753
10831000,10832000,47,1700224384222,1700224389753
10827000,10828000,13,1700224388663,1700224389872
10827000,10828000,100,1700224351774,1700224389872
10832000,10833000,24,1700224389715,1700224390821
10832000,10833000,47,1700224385289,1700224390821
10828000,10829000,13,1700224389835,1700224391045
10828000,10829000,100,1700224352834,1700224391045
10833000,10834000,24,1700224390784,1700224391882
10833000,10834000,47,1700224386458,1700224391882
10829000,10830000,13,1700224391008,1700224392109
10829000,10830000,100,1700224353895,1700224392109
10834000,10835000,24,1700224391845,1700224393053
10834000,10835000,47,1700224387522,1700224393053
10830000,10831000,13,1700224392074,1700224393279
10830000,10831000,100,1700224354856,1700224393279
10835000,10836000,24,1700224393016,1700224394226
10835000,10836000,47,1700224388588,1700224394226
10831000,10832000,13,1700224393243,1700224394450
10831000,10832000,100,1700224355917,1700224394450
10836000,10837000,24,1700224394190,1700224395292
10836000,10837000,47,1700224389760,1700224395292
10832000,10833000,13,1700224394416,1700224395620
10832000,10833000,100,1700224356977,1700224395620
10837000,10838000,24,1700224395257,1700224396465
10837000,10838000,47,1700224390503,1700224396465
10833000,10834000,13,1700224395587,1700224396792
10833000,10834000,100,1700224358043,1700224396792
10838000,10839000,24,1700224396428,1700224397642
10838000,10839000,47,1700224391461,1700224397642
10834000,10835000,13,1700224396759,1700224397965
10834000,10835000,100,1700224359000,1700224397965
10839000,10840000,24,1700224397604,1700224398814
10839000,10840000,47,1700224392628,1700224398814
10835000,10836000,13,1700224397929,1700224399134
10835000,10836000,100,1700224360061,1700224399134
10840000,10841000,24,1700224398776,1700224399879
10840000,10841000,47,1700224393690,1700224399879
10836000,10837000,13,1700224399098,1700224400300
10836000,10837000,100,1700224361127,1700224400300
10841000,10842000,24,1700224399843,1700224401050
10841000,10842000,47,1700224394861,1700224401050
10837000,10838000,13,1700224400264,1700224401468
10837000,10838000,100,1700224362187,1700224401468
10842000,10843000,24,1700224401014,1700224402218
10842000,10843000,47,1700224395500,1700224402218
10838000,10839000,13,1700224401433,1700224402639
10838000,10839000,100,1700224363148,1700224402639
10843000,10844000,24,1700224402184,1700224403393
10843000,10844000,47,1700224396564,1700224403393
10839000,10840000,13,1700224402602,1700224403810
10839000,10840000,100,1700224364211,1700224403810
10844000,10845000,24,1700224403357,1700224404570
10844000,10845000,47,1700224397735,1700224404570
10840000,10841000,13,1700224403775,1700224404981
10840000,10841000,100,1700224365275,1700224404981
10845000,10846000,24,1700224404532,1700224405634
10845000,10846000,47,1700224398803,1700224405634
10841000,10842000,13,1700224404944,1700224406154
10841000,10842000,100,1700224366336,1700224406154
10846000,10847000,24,1700224405599,1700224406801
10846000,10847000,47,1700224399975,1700224406801
10842000,10843000,13,1700224406117,1700224407326
10842000,10843000,100,1700224367293,1700224407326
10847000,10848000,24,1700224406763,1700224407968
10847000,10848000,47,1700224401042,1700224407968
10843000,10844000,13,1700224407289,1700224408490
10843000,10844000,100,1700224368356,1700224408490
10848000,10849000,24,1700224407932,1700224409140
10848000,10849000,47,1700224402107,1700224409140
10844000,10845000,13,1700224408457,1700224409664
10844000,10845000,100,1700224369421,1700224409664
10849000,10850000,24,1700224409102,1700224410204
10849000,10850000,47,1700224403278,1700224410204
10845000,10846000,13,1700224409627,1700224410725
10845000,10846000,100,1700224370484,1700224410725
10850000,10851000,24,1700224410168,1700224411377
10850000,10851000,47,1700224404130,1700224411377
10846000,10847000,13,1700224410690,1700224411900
10846000,10847000,100,1700224371441,1700224411900
10851000,10852000,24,1700224411340,1700224412546
10851000,10852000,47,1700224405303,1700224412546
10847000,10848000,13,1700224411865,1700224413073
10847000,10848000,100,1700224372506,1700224413073
10852000,10853000,24,1700224412511,1700224413718
10852000,10853000,47,1700224406367,1700224413718
10848000,10849000,13,1700224413037,1700224414242
10848000,10849000,100,1700224373567,1700224414242
10853000,10854000,24,1700224413680,1700224414891
10853000,10854000,47,1700224407537,1700224414891
10849000,10850000,13,1700224414207,1700224415412
10849000,10850000,100,1700224374204,1700224415412
10854000,10855000,24,1700224414854,1700224415957
10854000,10855000,47,1700224408605,1700224415957
10850000,10851000,13,1700224415380,1700224416587
10850000,10851000,100,1700224375165,1700224416587
10855000,10856000,24,1700224415921,1700224417126
10855000,10856000,47,1700224409674,1700224417126
10851000,10852000,13,1700224416551,1700224417756
10851000,10852000,100,1700224376230,1700224417756
10856000,10857000,24,1700224417090,1700224418298
10856000,10857000,47,1700224410843,1700224418298
10852000,10853000,13,1700224417719,1700224418928
10852000,10853000,100,1700224377297,1700224418928
10857000,10858000,24,1700224418261,1700224419464
10857000,10858000,47,1700224411910,1700224419464
10853000,10854000,13,1700224418891,1700224420098
10853000,10854000,100,1700224378359,1700224420098
10858000,10859000,24,1700224419428,1700224420532
10858000,10859000,47,1700224413078,1700224420532
10854000,10855000,13,1700224420062,1700224421267
10854000,10855000,100,1700224379323,1700224421267
10859000,10860000,24,1700224420498,1700224421701
10859000,10860000,47,1700224414146,1700224421701
10855000,10856000,13,1700224421232,1700224422438
10855000,10856000,100,1700224380387,1700224422438
10860000,10861000,24,1700224421665,1700224422873
10860000,10861000,47,1700224415317,1700224422873
10856000,10857000,13,1700224422402,1700224423610
10856000,10857000,100,1700224381449,1700224423610
10861000,10862000,24,1700224422835,1700224424047
10861000,10862000,47,1700224416383,1700224424047
10857000,10858000,13,1700224423573,1700224424783
10857000,10858000,100,1700224382512,1700224424783
10862000,10863000,24,1700224424010,1700224425209
10862000,10863000,47,1700224417557,1700224425209
10858000,10859000,13,1700224424746,1700224425953
10858000,10859000,100,1700224383468,1700224425953
10863000,10864000,24,1700224425174,1700224426271
10863000,10864000,47,1700224418623,1700224426271
10859000,10860000,13,1700224425916,1700224426592
10859000,10860000,100,1700224384532,1700224426592
10864000,10865000,24,1700224426235,1700224427441
10864000,10865000,47,1700224419691,1700224427441
10860000,10861000,13,1700224426557,1700224427658
10860000,10861000,100,1700224385595,1700224427658
10865000,10866000,24,1700224427406,1700224428611
10865000,10866000,47,1700224420860,1700224428611
10861000,10862000,13,1700224427621,1700224428827
10861000,10862000,100,1700224386663,1700224428827
10866000,10867000,24,1700224428576,1700224429785
10866000,10867000,47,1700224421928,1700224429785
10862000,10863000,13,1700224428794,1700224429999
10862000,10863000,100,1700224387620,1700224429999
10867000,10868000,24,1700224429747,1700224430847
10867000,10868000,47,1700224423098,1700224430847
10863000,10864000,13,1700224429963,1700224431171
10863000,10864000,100,1700224388684,1700224431171
10868000,10869000,24,1700224430811,1700224432014
10868000,10869000,47,1700224424168,1700224432014
10864000,10865000,13,1700224431137,1700224432344
10864000,10865000,100,1700224389746,1700224432344
10869000,10870000,24,1700224431979,1700224433186
10869000,10870000,47,1700224425341,1700224433186
10865000,10866000,13,1700224432308,1700224433517
10865000,10866000,100,1700224390812,1700224433517
10870000,10871000,24,1700224433149,1700224434352
10870000,10871000,47,1700224426404,1700224434352
10866000,10867000,13,1700224433483,1700224434690
10866000,10867000,100,1700224391767,1700224434690
10871000,10872000,24,1700224434316,1700224435098
10871000,10872000,47,1700224427575,1700224435098
10867000,10868000,13,1700224434654,1700224435860
10867000,10868000,100,1700224392834,1700224435860
10872000,10873000,24,1700224435061,1700224436270
10872000,10873000,47,1700224428644,1700224436270
10868000,10869000,13,1700224435823,1700224437033
10868000,10869000,100,1700224393892,1700224437033
10873000,10874000,24,1700224436232,1700224437118
10873000,10874000,47,1700224429710,1700224437118
10869000,10870000,13,1700224436996,1700224438201
10869000,10870000,100,1700224394960,1700224438201
10874000,10875000,24,1700224437082,1700224438292
10874000,10875000,47,1700224430877,1700224438292
10870000,10871000,13,1700224438164,1700224439369
10875000,10876000,24,1700224438254,1700224439464
10875000,10876000,47,1700224431947,1700224439464
10871000,10872000,13,1700224439332,1700224440431
10871000,10872000,100,1700224395812,1700224440431
10876000,10877000,24,1700224439427,1700224440634
10876000,10877000,47,1700224433116,1700224440634
10872000,10873000,13,1700224440396,1700224441598
10872000,10873000,100,1700224396450,1700224441598
10877000,10878000,24,1700224440598,1700224441805
10877000,10878000,47,1700224434184,1700224441805
10873000,10874000,13,1700224441566,1700224442771
10873000,10874000,100,1700224397411,1700224442771
10878000,10879000,24,1700224441767,1700224442864
10878000,10879000,47,1700224435351,1700224442864
10874000,10875000,13,1700224442736,1700224443937
10874000,10875000,100,1700224398476,1700224443937
10879000,10880000,24,1700224442832,1700224444038
10879000,10880000,47,1700224436415,1700224444038
10875000,10876000,13,1700224443904,1700224445111
10875000,10876000,100,1700224399540,1700224445111
10880000,10881000,24,1700224444002,1700224445207
10880000,10881000,47,1700224437481,1700224445207
10876000,10877000,13,1700224445075,1700224446276
10876000,10877000,100,1700224400607,1700224446276
10881000,10882000,24,1700224445172,1700224446378
10881000,10882000,47,1700224438652,1700224446378
10882000,10883000,24,1700224446340,1700224447439
10882000,10883000,47,1700224439719,1700224447439
10877000,10878000,13,1700224446242,1700224447449
10877000,10878000,100,1700224401568,1700224447449
10883000,10884000,24,1700224447403,1700224448608
10883000,10884000,47,1700224440885,1700224448608
10878000,10879000,13,1700224447415,1700224448618
10878000,10879000,100,1700224401995,1700224448618
10884000,10885000,24,1700224448572,1700224449780
10884000,10885000,47,1700224441952,1700224449780
10879000,10880000,13,1700224448583,1700224449790
10879000,10880000,100,1700224403059,1700224449790
10885000,10886000,24,1700224449743,1700224450953
10885000,10886000,47,1700224443123,1700224450953
10880000,10881000,13,1700224449754,1700224450956
10880000,10881000,100,1700224404117,1700224450956
10886000,10887000,24,1700224450916,1700224452125
10886000,10887000,47,1700224444187,1700224452125
10881000,10882000,13,1700224450922,1700224452127
10881000,10882000,100,1700224405076,1700224452127
10887000,10888000,24,1700224452087,1700224453188
10887000,10888000,47,1700224445357,1700224453188
10882000,10883000,13,1700224452091,1700224453297
10882000,10883000,100,1700224406142,1700224453297
10888000,10889000,24,1700224453151,1700224454356
10888000,10889000,47,1700224446422,1700224454356
10883000,10884000,13,1700224453261,1700224454469
10883000,10884000,100,1700224407206,1700224454469
10889000,10890000,24,1700224454320,1700224455528
10889000,10890000,47,1700224447489,1700224455528
10884000,10885000,13,1700224454433,1700224455639
10884000,10885000,100,1700224408269,1700224455639
10890000,10891000,24,1700224455491,1700224456700
10890000,10891000,47,1700224448662,1700224456700
10885000,10886000,13,1700224455604,1700224456809
10885000,10886000,100,1700224409226,1700224456809
10891000,10892000,24,1700224456662,1700224457761
10891000,10892000,47,1700224449728,1700224457761
10886000,10887000,13,1700224456772,1700224457980
10886000,10887000,100,1700224410294,1700224457980
10892000,10893000,24,1700224457724,1700224458927
10892000,10893000,47,1700224450898,1700224458927
10887000,10888000,13,1700224457942,1700224459045
10887000,10888000,100,1700224411355,1700224459045
10893000,10894000,24,1700224458890,1700224460096
10893000,10894000,47,1700224451965,1700224460096
10888000,10889000,13,1700224459010,1700224460210
10888000,10889000,100,1700224412420,1700224460210
10894000,10895000,24,1700224460060,1700224461270
10894000,10895000,47,1700224453132,1700224461270
10889000,10890000,13,1700224460176,1700224461385
10889000,10890000,100,1700224413380,1700224461385
10895000,10896000,24,1700224461232,1700224462330
10895000,10896000,47,1700224454197,1700224462330
10890000,10891000,13,1700224461349,1700224462553
10890000,10891000,100,1700224414443,1700224462553
10896000,10897000,24,1700224462294,1700224463495
10896000,10897000,47,1700224455364,1700224463495
10891000,10892000,13,1700224462518,1700224463721
10891000,10892000,100,1700224415508,1700224463721
10897000,10898000,24,1700224463459,1700224464666
10897000,10898000,47,1700224456433,1700224464666
10892000,10893000,13,1700224463686,1700224464891
10892000,10893000,100,1700224416571,1700224464891
10898000,10899000,24,1700224464631,1700224465838
10898000,10899000,47,1700224457483,1700224465838
10893000,10894000,13,1700224464857,1700224466061
10893000,10894000,100,1700224417530,1700224466061
10899000,10900000,24,1700224465801,1700224467003
10899000,10900000,47,1700224458628,1700224467003
10894000,10895000,13,1700224466025,1700224467233
10894000,10895000,100,1700224418591,1700224467233
10900000,10901000,24,1700224466969,1700224468066
10900000,10901000,47,1700224459669,1700224468066
10895000,10896000,13,1700224467197,1700224468404
10895000,10896000,100,1700224419656,1700224468404
10901000,10902000,24,1700224468031,1700224469234
10901000,10902000,47,1700224460837,1700224469234
10896000,10897000,13,1700224468370,1700224469576
10896000,10897000,100,1700224420722,1700224469576
