debs$start:INTEGER(64 bits),debs$end:INTEGER(64 bits),debs$sid:INTEGER(64 bits),debs$absolute_v:INTEGER(64 bits),timestamp
1700471630000,1700471631000,13,19679755,1700471631103
1700471630000,1700471631000,100,23860124,1700471631103
1700471630000,1700471631000,24,26725009,1700471631105
1700471630000,1700471631000,47,17288700,1700471631105
1700471630000,1700471631000,54,21033803,1700471631112
1700471630000,1700471631000,63,12972908,1700471631112
1700471631000,1700471632000,24,23048274,1700471632061
1700471631000,1700471632000,47,16518696,1700471632061
1700471631000,1700471632000,54,31820090,1700471632062
1700471631000,1700471632000,63,16141882,1700471632062
1700471631000,1700471632000,13,24705311,1700471632162
1700471631000,1700471632000,100,25163020,1700471632162
1700471632000,1700471633000,13,24074109,1700471633114
1700471632000,1700471633000,100,62310166,1700471633114
1700471632000,1700471633000,54,25011348,1700471633124
1700471632000,1700471633000,63,13114302,1700471633124
1700471632000,1700471633000,24,27245050,1700471633124
1700471632000,1700471633000,47,20023380,1700471633124
1700471633000,1700471634000,13,19909895,1700471634069
1700471633000,1700471634000,100,42633267,1700471634069
1700471633000,1700471634000,54,20532520,1700471634081
1700471633000,1700471634000,63,15820108,1700471634081
1700471633000,1700471634000,24,25041500,1700471634083
1700471633000,1700471634000,47,39347544,1700471634083
1700471634000,1700471635000,13,19434254,1700471635133
1700471634000,1700471635000,100,66470765,1700471635133
1700471634000,1700471635000,54,26016675,1700471635143
1700471634000,1700471635000,63,16513939,1700471635143
1700471634000,1700471635000,24,18122336,1700471635153
1700471634000,1700471635000,47,37286431,1700471635153
1700471635000,1700471636000,13,17772297,1700471636083
1700471635000,1700471636000,100,49407880,1700471636083
1700471635000,1700471636000,54,30665864,1700471636102
1700471635000,1700471636000,63,10651665,1700471636102
1700471635000,1700471636000,24,19986518,1700471636114
1700471635000,1700471636000,47,18867947,1700471636114
1700471636000,1700471637000,54,26072569,1700471637063
1700471636000,1700471637000,63,16351232,1700471637063
1700471636000,1700471637000,24,21202953,1700471637074
1700471636000,1700471637000,47,19220538,1700471637074
1700471636000,1700471637000,13,20817910,1700471637122
1700471636000,1700471637000,100,58478558,1700471637122
1700471637000,1700471638000,13,18062636,1700471638107
1700471637000,1700471638000,100,20403879,1700471638107
1700471637000,1700471638000,54,33442033,1700471638126
1700471637000,1700471638000,63,14822309,1700471638126
1700471637000,1700471638000,24,25505473,1700471638132
1700471637000,1700471638000,47,17672777,1700471638132
1700471638000,1700471639000,54,22260026,1700471639085
1700471638000,1700471639000,63,17375454,1700471639085
1700471638000,1700471639000,24,22088524,1700471639090
1700471638000,1700471639000,47,15919043,1700471639090
1700471638000,1700471639000,13,16977030,1700471639135
1700471638000,1700471639000,100,21131087,1700471639135
1700471639000,1700471640000,13,30083927,1700471640127
1700471639000,1700471640000,100,14180318,1700471640127
1700471639000,1700471640000,54,29605237,1700471640147
1700471639000,1700471640000,63,12636611,1700471640147
1700471639000,1700471640000,24,27897271,1700471640151
1700471639000,1700471640000,47,17409296,1700471640151
1700471640000,1700471641000,13,18115186,1700471641086
1700471640000,1700471641000,100,17405336,1700471641086
1700471640000,1700471641000,54,27728269,1700471641107
1700471640000,1700471641000,63,18085074,1700471641107
1700471640000,1700471641000,24,19912605,1700471641114
1700471640000,1700471641000,47,14902505,1700471641114
1700471641000,1700471642000,54,29050800,1700471642068
1700471641000,1700471642000,63,17168082,1700471642068
1700471641000,1700471642000,24,28556343,1700471642076
1700471641000,1700471642000,47,17561287,1700471642076
1700471641000,1700471642000,13,21526718,1700471642107
1700471641000,1700471642000,100,18195484,1700471642107
1700471642000,1700471643000,13,21282204,1700471643113
1700471642000,1700471643000,100,15423212,1700471643113
1700471642000,1700471643000,54,19726490,1700471643134
1700471642000,1700471643000,63,16012884,1700471643134
1700471642000,1700471643000,24,39880219,1700471643139
1700471642000,1700471643000,47,14896433,1700471643139
1700471643000,1700471644000,54,22361206,1700471644088
1700471643000,1700471644000,63,12954571,1700471644088
1700471643000,1700471644000,24,32155005,1700471644095
1700471643000,1700471644000,47,17290432,1700471644095
1700471643000,1700471644000,13,19975826,1700471644121
1700471643000,1700471644000,100,24543750,1700471644121
1700471644000,1700471645000,24,46802187,1700471645124
1700471644000,1700471645000,47,17503675,1700471645124
1700471644000,1700471645000,13,22497762,1700471645134
1700471644000,1700471645000,100,17618047,1700471645134
1700471644000,1700471645000,54,22719640,1700471645150
1700471644000,1700471645000,63,13219505,1700471645150
1700471645000,1700471646000,54,23314445,1700471646104
1700471645000,1700471646000,63,14655351,1700471646104
1700471645000,1700471646000,24,18969938,1700471646114
1700471645000,1700471646000,47,15320319,1700471646114
1700471645000,1700471646000,13,17789734,1700471646133
1700471645000,1700471646000,100,21506324,1700471646133
1700471646000,1700471647000,54,18193656,1700471647042
1700471646000,1700471647000,63,16095358,1700471647042
1700471646000,1700471647000,24,22840123,1700471647074
1700471646000,1700471647000,47,14037979,1700471647074
1700471646000,1700471647000,13,17367739,1700471647091
1700471646000,1700471647000,100,17681344,1700471647091
1700471647000,1700471648000,13,21791930,1700471648098
1700471647000,1700471648000,100,21960698,1700471648098
1700471647000,1700471648000,54,23767953,1700471648128
1700471647000,1700471648000,63,15293882,1700471648128
1700471647000,1700471648000,24,38197533,1700471648138
1700471647000,1700471648000,47,15693304,1700471648138
1700471648000,1700471649000,54,39129719,1700471649083
1700471648000,1700471649000,63,15911821,1700471649083
1700471648000,1700471649000,24,27200174,1700471649096
1700471648000,1700471649000,47,13429437,1700471649096
1700471648000,1700471649000,13,20686817,1700471649114
1700471648000,1700471649000,100,22853166,1700471649114
1700471649000,1700471650000,13,28160261,1700471650114
1700471649000,1700471650000,100,17310715,1700471650114
1700471649000,1700471650000,24,30935681,1700471650132
1700471649000,1700471650000,47,28447549,1700471650132
1700471649000,1700471650000,54,38468135,1700471650146
1700471649000,1700471650000,63,13900507,1700471650146
1700471650000,1700471651000,54,28975289,1700471651103
1700471650000,1700471651000,63,38278044,1700471651103
1700471650000,1700471651000,24,20119340,1700471651121
1700471650000,1700471651000,47,15697718,1700471651121
1700471650000,1700471651000,13,17842707,1700471651131
1700471650000,1700471651000,100,23466875,1700471651131
1700471651000,1700471652000,54,18774053,1700471652065
1700471651000,1700471652000,63,19881556,1700471652065
1700471651000,1700471652000,24,27476941,1700471652076
1700471651000,1700471652000,47,46664309,1700471652076
1700471651000,1700471652000,13,18977386,1700471652132
1700471651000,1700471652000,100,15131114,1700471652132
1700471652000,1700471653000,13,20003327,1700471653089
1700471652000,1700471653000,100,20601668,1700471653089
1700471652000,1700471653000,54,21808817,1700471653124
1700471652000,1700471653000,63,16519702,1700471653124
1700471652000,1700471653000,24,31688721,1700471653139
1700471652000,1700471653000,47,21054465,1700471653139
1700471653000,1700471654000,54,15988352,1700471654081
1700471653000,1700471654000,63,13203678,1700471654081
1700471653000,1700471654000,24,20544382,1700471654096
1700471653000,1700471654000,47,42059200,1700471654096
1700471653000,1700471654000,13,19981882,1700471654108
1700471653000,1700471654000,100,16733984,1700471654108
1700471654000,1700471655000,13,17355238,1700471655112
1700471654000,1700471655000,100,16534100,1700471655112
1700471654000,1700471655000,24,30840213,1700471655128
1700471654000,1700471655000,47,31925240,1700471655128
1700471654000,1700471655000,54,21091193,1700471655151
1700471654000,1700471655000,63,20191134,1700471655151
1700471655000,1700471656000,54,16467381,1700471656105
1700471655000,1700471656000,63,13888337,1700471656105
1700471655000,1700471656000,24,22679926,1700471656117
1700471655000,1700471656000,47,30038091,1700471656117
1700471655000,1700471656000,13,40208095,1700471656130
1700471655000,1700471656000,100,24791591,1700471656130
1700471656000,1700471657000,24,33844589,1700471657079
1700471656000,1700471657000,47,41001372,1700471657079
1700471656000,1700471657000,13,25231121,1700471657136
1700471656000,1700471657000,100,46452024,1700471657136
1700471656000,1700471657000,54,30466350,1700471657166
1700471656000,1700471657000,63,13571080,1700471657166
1700471657000,1700471658000,13,37368067,1700471658092
1700471657000,1700471658000,100,64214019,1700471658092
1700471657000,1700471658000,54,23843352,1700471658123
1700471657000,1700471658000,63,16205352,1700471658123
1700471657000,1700471658000,24,24602930,1700471658137
1700471657000,1700471658000,47,51796907,1700471658137
1700471658000,1700471659000,54,25702895,1700471659076
1700471658000,1700471659000,63,15499659,1700471659076
1700471658000,1700471659000,24,21379166,1700471659095
1700471658000,1700471659000,47,14867265,1700471659095
1700471658000,1700471659000,13,27014387,1700471659097
1700471658000,1700471659000,100,49710270,1700471659097
1700471659000,1700471660000,13,19981630,1700471660114
1700471659000,1700471660000,100,73888161,1700471660114
1700471659000,1700471660000,24,33150082,1700471660117
1700471659000,1700471660000,47,21746780,1700471660117
1700471659000,1700471660000,54,20868607,1700471660138
1700471659000,1700471660000,63,14524156,1700471660138
1700471660000,1700471661000,54,22356422,1700471661098
1700471660000,1700471661000,63,16229996,1700471661098
1700471660000,1700471661000,24,23052635,1700471661114
1700471660000,1700471661000,47,41157120,1700471661114
1700471660000,1700471661000,13,26061020,1700471661114
1700471660000,1700471661000,100,37677518,1700471661114
1700471661000,1700471662000,24,27921555,1700471662126
1700471661000,1700471662000,47,8275797,1700471662126
1700471661000,1700471662000,13,31102496,1700471662134
1700471661000,1700471662000,100,35911024,1700471662134
1700471661000,1700471662000,54,29247653,1700471662162
1700471661000,1700471662000,63,12096567,1700471662162
1700471662000,1700471663000,54,23891030,1700471663117
1700471662000,1700471663000,63,15827275,1700471663117
1700471662000,1700471663000,13,19252498,1700471663127
1700471662000,1700471663000,100,82477537,1700471663127
1700471662000,1700471663000,24,21940515,1700471663136
1700471662000,1700471663000,47,10770943,1700471663136
1700471663000,1700471664000,54,27710221,1700471664073
1700471663000,1700471664000,63,12208084,1700471664073
1700471663000,1700471664000,13,26804972,1700471664087
1700471663000,1700471664000,100,75637271,1700471664087
1700471663000,1700471664000,24,21606283,1700471664092
1700471663000,1700471664000,47,10651427,1700471664092
1700471664000,1700471665000,24,27838508,1700471665103
1700471664000,1700471665000,47,10068409,1700471665103
1700471664000,1700471665000,13,34193664,1700471665107
1700471664000,1700471665000,100,52371635,1700471665107
1700471664000,1700471665000,54,21350353,1700471665135
1700471664000,1700471665000,63,19815456,1700471665135
1700471665000,1700471666000,54,27700297,1700471666089
1700471665000,1700471666000,63,13355711,1700471666089
1700471665000,1700471666000,13,18946624,1700471666102
1700471665000,1700471666000,100,52108289,1700471666102
1700471665000,1700471666000,24,23661569,1700471666115
1700471665000,1700471666000,47,10437514,1700471666115
1700471666000,1700471667000,24,28491019,1700471667122
1700471666000,1700471667000,47,11470095,1700471667122
1700471666000,1700471667000,13,20225153,1700471667128
1700471666000,1700471667000,100,19318790,1700471667128
1700471666000,1700471667000,54,30942764,1700471667151
1700471666000,1700471667000,63,18206353,1700471667151
1700471667000,1700471668000,54,19951056,1700471668108
1700471667000,1700471668000,63,17176172,1700471668108
1700471667000,1700471668000,13,28133323,1700471668117
1700471667000,1700471668000,100,21516588,1700471668117
1700471667000,1700471668000,24,25601821,1700471668142
1700471667000,1700471668000,47,9180801,1700471668142
1700471668000,1700471669000,13,32948854,1700471669070
1700471668000,1700471669000,100,14884528,1700471669070
1700471668000,1700471669000,24,18524380,1700471669099
1700471668000,1700471669000,47,11696600,1700471669099
1700471668000,1700471669000,54,17855912,1700471669137
1700471668000,1700471669000,63,14799138,1700471669137
1700471669000,1700471670000,24,23305214,1700471670100
1700471669000,1700471670000,47,13107111,1700471670100
1700471669000,1700471670000,54,23049904,1700471670133
1700471669000,1700471670000,63,16359964,1700471670133
1700471669000,1700471670000,13,24600893,1700471670133
1700471669000,1700471670000,100,24083540,1700471670133
1700471670000,1700471671000,13,24992762,1700471671091
1700471670000,1700471671000,100,19706013,1700471671091
1700471670000,1700471671000,54,49050467,1700471671092
1700471670000,1700471671000,63,13672013,1700471671092
1700471670000,1700471671000,24,15203863,1700471671120
1700471670000,1700471671000,47,13344429,1700471671120
1700471671000,1700471672000,54,63946969,1700471672113
1700471671000,1700471672000,63,16003948,1700471672113
1700471671000,1700471672000,24,23827926,1700471672123
1700471671000,1700471672000,47,13545000,1700471672123
1700471671000,1700471672000,13,30559126,1700471672123
1700471671000,1700471672000,100,23459214,1700471672123
1700471672000,1700471673000,24,22761705,1700471673080
1700471672000,1700471673000,47,14267801,1700471673080
1700471672000,1700471673000,13,24087968,1700471673113
1700471672000,1700471673000,100,17800266,1700471673113
1700471672000,1700471673000,54,31317341,1700471673113
1700471672000,1700471673000,63,17009631,1700471673113
1700471673000,1700471674000,13,15340367,1700471674064
1700471673000,1700471674000,100,14760473,1700471674064
1700471673000,1700471674000,24,15429635,1700471674100
1700471673000,1700471674000,47,19212136,1700471674100
1700471673000,1700471674000,54,50272731,1700471674131
1700471673000,1700471674000,63,9968596,1700471674131
1700471674000,1700471675000,24,20745786,1700471675096
1700471674000,1700471675000,47,33470423,1700471675096
1700471674000,1700471675000,13,19116291,1700471675130
1700471674000,1700471675000,100,26955758,1700471675130
1700471674000,1700471675000,54,18290370,1700471675132
1700471674000,1700471675000,63,16970769,1700471675132
1700471675000,1700471676000,13,15707384,1700471676085
1700471675000,1700471676000,100,23874552,1700471676085
1700471675000,1700471676000,54,19215603,1700471676087
1700471675000,1700471676000,63,14330416,1700471676087
1700471675000,1700471676000,24,32738885,1700471676120
1700471675000,1700471676000,47,24904918,1700471676120
1700471676000,1700471677000,54,55885745,1700471677107
1700471676000,1700471677000,63,16701319,1700471677107
1700471676000,1700471677000,24,31254503,1700471677117
1700471676000,1700471677000,47,15261107,1700471677117
1700471676000,1700471677000,13,27037407,1700471677143
1700471676000,1700471677000,100,44548670,1700471677143
1700471677000,1700471678000,13,26105573,1700471678099
1700471677000,1700471678000,100,30951038,1700471678099
1700471677000,1700471678000,54,27056027,1700471678106
1700471677000,1700471678000,63,21533384,1700471678106
1700471677000,1700471678000,24,23067658,1700471678139
1700471677000,1700471678000,47,21078065,1700471678139
1700471678000,1700471679000,54,20199649,1700471679121
1700471678000,1700471679000,63,19580192,1700471679121
1700471678000,1700471679000,24,39019379,1700471679141
1700471678000,1700471679000,47,30859134,1700471679141
1700471678000,1700471679000,13,28014029,1700471679159
1700471678000,1700471679000,100,31369338,1700471679159
1700471679000,1700471680000,24,38796118,1700471680099
1700471679000,1700471680000,47,14272926,1700471680099
1700471679000,1700471680000,13,26264163,1700471680111
1700471679000,1700471680000,100,19765887,1700471680111
1700471679000,1700471680000,54,30623193,1700471680121
1700471679000,1700471680000,63,23617646,1700471680121
1700471680000,1700471681000,13,41390468,1700471681068
1700471680000,1700471681000,100,14688931,1700471681068
1700471680000,1700471681000,24,34402983,1700471681119
1700471680000,1700471681000,47,28746009,1700471681119
1700471680000,1700471681000,54,23917968,1700471681137
1700471680000,1700471681000,63,33680102,1700471681137
1700471681000,1700471682000,24,37222915,1700471682114
1700471681000,1700471682000,47,17301267,1700471682114
1700471681000,1700471682000,13,18768950,1700471682132
1700471681000,1700471682000,100,27922810,1700471682132
1700471681000,1700471682000,54,20119663,1700471682140
1700471681000,1700471682000,63,61681605,1700471682140
1700471682000,1700471683000,24,17198563,1700471683070
1700471682000,1700471683000,47,19225474,1700471683070
1700471682000,1700471683000,13,32029480,1700471683085
1700471682000,1700471683000,100,22284387,1700471683085
1700471682000,1700471683000,54,16839405,1700471683099
1700471682000,1700471683000,63,105497546,1700471683099
1700471683000,1700471684000,54,18689458,1700471684115
1700471683000,1700471684000,63,80013243,1700471684115
1700471683000,1700471684000,24,33472998,1700471684130
1700471683000,1700471684000,47,14800648,1700471684130
1700471683000,1700471684000,13,29270894,1700471684143
1700471683000,1700471684000,100,16890896,1700471684143
1700471684000,1700471685000,24,23837978,1700471685087
1700471684000,1700471685000,47,13185624,1700471685087
1700471684000,1700471685000,13,25361102,1700471685098
1700471684000,1700471685000,100,26536549,1700471685098
1700471684000,1700471685000,54,20784301,1700471685121
1700471684000,1700471685000,63,54769709,1700471685121
1700471685000,1700471686000,54,45167813,1700471686134
1700471685000,1700471686000,63,33816826,1700471686134
1700471685000,1700471686000,24,30335217,1700471686150
1700471685000,1700471686000,47,12364802,1700471686150
1700471685000,1700471686000,13,40052644,1700471686164
1700471685000,1700471686000,100,18431279,1700471686164
1700471686000,1700471687000,54,40062533,1700471687092
1700471686000,1700471687000,63,25982623,1700471687092
1700471686000,1700471687000,24,28088385,1700471687108
1700471686000,1700471687000,47,10063894,1700471687108
1700471686000,1700471687000,13,27261082,1700471687118
1700471686000,1700471687000,100,18067116,1700471687118
1700471687000,1700471688000,24,22429649,1700471688068
1700471687000,1700471688000,47,12401567,1700471688068
1700471687000,1700471688000,13,28840549,1700471688076
1700471687000,1700471688000,100,20164131,1700471688076
1700471687000,1700471688000,54,24597144,1700471688099
1700471687000,1700471688000,63,16292497,1700471688099
1700471688000,1700471689000,54,35507886,1700471689112
1700471688000,1700471689000,63,14798949,1700471689112
1700471688000,1700471689000,24,33390918,1700471689133
1700471688000,1700471689000,47,13301386,1700471689133
1700471688000,1700471689000,13,30496994,1700471689140
1700471688000,1700471689000,100,20315322,1700471689140
1700471689000,1700471690000,24,21147552,1700471690092
1700471689000,1700471690000,47,15589609,1700471690092
1700471689000,1700471690000,13,19813996,1700471690095
1700471689000,1700471690000,100,21713958,1700471690095
1700471689000,1700471690000,54,41819555,1700471690124
1700471689000,1700471690000,63,21388053,1700471690124
1700471690000,1700471691000,54,56647621,1700471691122
1700471690000,1700471691000,63,12266962,1700471691122
1700471690000,1700471691000,13,24084048,1700471691152
1700471690000,1700471691000,100,17715221,1700471691152
1700471690000,1700471691000,24,28337668,1700471691155
1700471690000,1700471691000,47,13440201,1700471691155
1700471691000,1700471692000,54,21346890,1700471692079
1700471691000,1700471692000,63,17342020,1700471692079
1700471691000,1700471692000,13,22958954,1700471692111
1700471691000,1700471692000,100,20482448,1700471692111
1700471691000,1700471692000,24,25915198,1700471692112
1700471691000,1700471692000,47,16571220,1700471692112
1700471692000,1700471693000,24,25501604,1700471693068
1700471692000,1700471693000,47,11591852,1700471693068
1700471692000,1700471693000,54,30166402,1700471693109
1700471692000,1700471693000,63,15181120,1700471693109
1700471692000,1700471693000,13,49519266,1700471693137
1700471692000,1700471693000,100,20306736,1700471693137
1700471693000,1700471694000,54,26745615,1700471694098
1700471693000,1700471694000,63,12000929,1700471694098
1700471693000,1700471694000,24,22538418,1700471694132
1700471693000,1700471694000,47,17003366,1700471694132
1700471693000,1700471694000,13,26250453,1700471694133
1700471693000,1700471694000,100,25695095,1700471694133
1700471694000,1700471695000,13,21006230,1700471695089
1700471694000,1700471695000,100,26433781,1700471695089
1700471694000,1700471695000,24,19148164,1700471695091
1700471694000,1700471695000,47,13553770,1700471695091
1700471694000,1700471695000,54,67341982,1700471695134
1700471694000,1700471695000,63,14859012,1700471695134
1700471695000,1700471696000,13,31528480,1700471696116
1700471695000,1700471696000,100,50944743,1700471696116
1700471695000,1700471696000,54,118872820,1700471696118
1700471695000,1700471696000,63,19082890,1700471696118
1700471695000,1700471696000,24,26469283,1700471696150
1700471695000,1700471696000,47,15995558,1700471696150
1700471696000,1700471697000,54,110538005,1700471697076
1700471696000,1700471697000,63,38936858,1700471697076
1700471696000,1700471697000,24,30744206,1700471697108
1700471696000,1700471697000,47,12450320,1700471697108
1700471696000,1700471697000,13,20273913,1700471697111
1700471696000,1700471697000,100,85494639,1700471697111
1700471697000,1700471698000,24,28543727,1700471698068
1700471697000,1700471698000,47,22038968,1700471698068
1700471697000,1700471698000,54,221026476,1700471698136
1700471697000,1700471698000,63,104065354,1700471698136
1700471697000,1700471698000,13,28173283,1700471698137
1700471697000,1700471698000,100,87520999,1700471698137
1700471698000,1700471699000,54,177846485,1700471699091
1700471698000,1700471699000,63,206018283,1700471699091
1700471698000,1700471699000,24,41411549,1700471699132
1700471698000,1700471699000,47,25778397,1700471699132
1700471698000,1700471699000,13,24276004,1700471699133
1700471698000,1700471699000,100,61924943,1700471699133
1700471699000,1700471700000,24,118482088,1700471700090
1700471699000,1700471700000,47,139566284,1700471700090
1700471699000,1700471700000,13,29503768,1700471700092
1700471699000,1700471700000,100,95636600,1700471700092
1700471699000,1700471700000,54,158200426,1700471700152
1700471699000,1700471700000,63,204328209,1700471700152
1700471700000,1700471701000,54,200404788,1700471701108
1700471700000,1700471701000,63,123113031,1700471701108
1700471700000,1700471701000,13,36894787,1700471701116
1700471700000,1700471701000,100,36045596,1700471701116
1700471700000,1700471701000,24,150729674,1700471701153
1700471700000,1700471701000,47,66962894,1700471701153
1700471701000,1700471702000,54,129385809,1700471702065
1700471701000,1700471702000,63,168797649,1700471702065
1700471701000,1700471702000,24,91704571,1700471702107
1700471701000,1700471702000,47,179139178,1700471702107
1700471701000,1700471702000,13,27171830,1700471702112
1700471701000,1700471702000,100,61556365,1700471702112
1700471702000,1700471703000,24,155507775,1700471703068
1700471702000,1700471703000,47,80277230,1700471703068
1700471702000,1700471703000,54,85423313,1700471703127
1700471702000,1700471703000,63,49175245,1700471703127
1700471702000,1700471703000,13,216226223,1700471703133
1700471702000,1700471703000,100,82452852,1700471703133
1700471703000,1700471704000,54,105865856,1700471704086
1700471703000,1700471704000,63,36644518,1700471704086
1700471703000,1700471704000,24,200035837,1700471704105
1700471703000,1700471704000,47,185290543,1700471704105
1700471703000,1700471704000,13,82946007,1700471704136
1700471703000,1700471704000,100,62078466,1700471704136
1700471704000,1700471705000,13,249548811,1700471705091
1700471704000,1700471705000,100,59711637,1700471705091
1700471704000,1700471705000,24,92461809,1700471705092
1700471704000,1700471705000,47,194723329,1700471705092
1700471704000,1700471705000,54,51468411,1700471705150
1700471704000,1700471705000,63,52984283,1700471705150
1700471705000,1700471706000,13,268793430,1700471706108
1700471705000,1700471706000,100,80625958,1700471706108
1700471705000,1700471706000,54,27907196,1700471706111
1700471705000,1700471706000,63,52283385,1700471706111
1700471705000,1700471706000,24,194347549,1700471706156
1700471705000,1700471706000,47,64341845,1700471706156
1700471706000,1700471707000,54,104395618,1700471707047
1700471706000,1700471707000,63,58119805,1700471707047
1700471706000,1700471707000,24,171074036,1700471707111
1700471706000,1700471707000,47,70651872,1700471707111
1700471706000,1700471707000,13,156774387,1700471707115
1700471706000,1700471707000,100,80326690,1700471707115
1700471707000,1700471708000,24,35046257,1700471708066
1700471707000,1700471708000,47,23662897,1700471708066
1700471707000,1700471708000,54,56702979,1700471708110
1700471707000,1700471708000,63,24675508,1700471708110
1700471707000,1700471708000,13,120038416,1700471708127
1700471707000,1700471708000,100,67680671,1700471708127
1700471708000,1700471709000,54,30828808,1700471709089
1700471708000,1700471709000,63,49846181,1700471709089
1700471708000,1700471709000,24,62047381,1700471709128
1700471708000,1700471709000,47,66710092,1700471709128
1700471708000,1700471709000,13,132862042,1700471709132
1700471708000,1700471709000,100,55700063,1700471709132
1700471709000,1700471710000,24,37821919,1700471710082
1700471709000,1700471710000,47,108581679,1700471710082
1700471709000,1700471710000,13,46964553,1700471710089
1700471709000,1700471710000,100,65427228,1700471710089
1700471709000,1700471710000,54,152349873,1700471710145
1700471709000,1700471710000,63,21667009,1700471710145
1700471710000,1700471711000,54,84940708,1700471711104
1700471710000,1700471711000,63,15452314,1700471711104
1700471710000,1700471711000,13,33655400,1700471711106
1700471710000,1700471711000,100,41561592,1700471711106
1700471710000,1700471711000,24,24336237,1700471711149
1700471710000,1700471711000,47,19308870,1700471711149
1700471711000,1700471712000,24,32724356,1700471712104
1700471711000,1700471712000,47,14511226,1700471712104
1700471711000,1700471712000,13,33228788,1700471712110
1700471711000,1700471712000,100,28258827,1700471712110
1700471711000,1700471712000,54,182213328,1700471712161
1700471711000,1700471712000,63,16536712,1700471712161
1700471712000,1700471713000,54,87781045,1700471713122
1700471712000,1700471713000,63,26265851,1700471713122
1700471712000,1700471713000,13,45723394,1700471713129
1700471712000,1700471713000,100,129956720,1700471713129
1700471712000,1700471713000,24,57214921,1700471713167
1700471712000,1700471713000,47,36188694,1700471713167
1700471713000,1700471714000,54,20650543,1700471714074
1700471713000,1700471714000,63,105722921,1700471714074
1700471713000,1700471714000,13,32523794,1700471714120
1700471713000,1700471714000,100,54113306,1700471714120
1700471713000,1700471714000,24,90659326,1700471714122
1700471713000,1700471714000,47,50521891,1700471714122
1700471714000,1700471715000,13,49458030,1700471715077
1700471714000,1700471715000,100,112431266,1700471715077
1700471714000,1700471715000,24,238349893,1700471715078
1700471714000,1700471715000,47,33867434,1700471715078
1700471714000,1700471715000,54,22942004,1700471715132
1700471714000,1700471715000,63,43028536,1700471715132
1700471715000,1700471716000,54,29897587,1700471716091
1700471715000,1700471716000,63,24899211,1700471716091
1700471715000,1700471716000,13,55528354,1700471716139
1700471715000,1700471716000,100,83751328,1700471716139
1700471715000,1700471716000,24,165563922,1700471716145
1700471715000,1700471716000,47,88927078,1700471716145
1700471716000,1700471717000,13,42891130,1700471717095
1700471716000,1700471717000,100,93631133,1700471717095
1700471716000,1700471717000,24,39266456,1700471717101
1700471716000,1700471717000,47,37059398,1700471717101
1700471716000,1700471717000,54,108575653,1700471717153
1700471716000,1700471717000,63,21277351,1700471717153
1700471717000,1700471718000,54,104820283,1700471718107
1700471717000,1700471718000,63,25046048,1700471718107
1700471717000,1700471718000,13,26559206,1700471718119
1700471717000,1700471718000,100,57227388,1700471718119
1700471717000,1700471718000,24,22487449,1700471718164
1700471717000,1700471718000,47,32072642,1700471718164
1700471718000,1700471719000,54,112685809,1700471719063
1700471718000,1700471719000,63,32404172,1700471719063
1700471718000,1700471719000,13,25528877,1700471719117
1700471718000,1700471719000,100,48574405,1700471719117
1700471718000,1700471719000,24,49739682,1700471719118
1700471718000,1700471719000,47,80232794,1700471719118
1700471719000,1700471720000,24,42257484,1700471720078
1700471719000,1700471720000,47,52771058,1700471720078
1700471719000,1700471720000,54,53385591,1700471720125
1700471719000,1700471720000,63,36370170,1700471720125
1700471719000,1700471720000,13,22788631,1700471720138
1700471719000,1700471720000,100,47536499,1700471720138
1700471720000,1700471721000,54,97489673,1700471721081
1700471720000,1700471721000,63,22597021,1700471721081
1700471720000,1700471721000,13,19914584,1700471721134
1700471720000,1700471721000,100,33696292,1700471721134
1700471720000,1700471721000,24,183641473,1700471721140
1700471720000,1700471721000,47,79077666,1700471721140
1700471721000,1700471722000,13,22633064,1700471722089
1700471721000,1700471722000,100,21027071,1700471722089
1700471721000,1700471722000,24,50823986,1700471722095
1700471721000,1700471722000,47,36679803,1700471722095
1700471721000,1700471722000,54,89112309,1700471722117
1700471721000,1700471722000,63,20211795,1700471722117
1700471722000,1700471723000,54,79051862,1700471723101
1700471722000,1700471723000,63,20278406,1700471723101
1700471722000,1700471723000,13,25266309,1700471723154
1700471722000,1700471723000,100,36493448,1700471723154
1700471722000,1700471723000,24,125510629,1700471723163
1700471722000,1700471723000,47,28212916,1700471723163
1700471723000,1700471724000,13,39033978,1700471724109
1700471723000,1700471724000,100,132505129,1700471724109
1700471723000,1700471724000,24,24970528,1700471724114
1700471723000,1700471724000,47,111773501,1700471724114
1700471723000,1700471724000,54,61558034,1700471724138
1700471723000,1700471724000,63,15640230,1700471724138
1700471724000,1700471725000,13,35006708,1700471725068
1700471724000,1700471725000,100,63910861,1700471725068
1700471724000,1700471725000,24,98813044,1700471725073
1700471724000,1700471725000,47,24863218,1700471725073
1700471724000,1700471725000,54,31508564,1700471725130
1700471724000,1700471725000,63,17146889,1700471725130
1700471725000,1700471726000,54,32089386,1700471726091
1700471725000,1700471726000,63,18098209,1700471726091
1700471725000,1700471726000,13,31259016,1700471726133
1700471725000,1700471726000,100,49021241,1700471726133
1700471725000,1700471726000,24,46624439,1700471726141
1700471725000,1700471726000,47,60828842,1700471726141
1700471726000,1700471727000,13,24818076,1700471727085
1700471726000,1700471727000,100,101537468,1700471727085
1700471726000,1700471727000,24,44690802,1700471727096
1700471726000,1700471727000,47,17065781,1700471727096
1700471726000,1700471727000,54,29327624,1700471727116
1700471726000,1700471727000,63,13494275,1700471727116
1700471727000,1700471728000,54,66041511,1700471728106
1700471727000,1700471728000,63,14003292,1700471728106
1700471727000,1700471728000,13,29949201,1700471728149
1700471727000,1700471728000,100,138619223,1700471728149
1700471727000,1700471728000,24,149720663,1700471728160
1700471727000,1700471728000,47,19145757,1700471728160
1700471728000,1700471729000,13,24458997,1700471729105
1700471728000,1700471729000,100,361420106,1700471729105
1700471728000,1700471729000,24,98841655,1700471729117
1700471728000,1700471729000,47,51504087,1700471729117
1700471728000,1700471729000,54,52997738,1700471729136
1700471728000,1700471729000,63,30540950,1700471729136
1700471729000,1700471730000,24,123298529,1700471730073
1700471729000,1700471730000,47,26026587,1700471730073
1700471729000,1700471730000,54,67156075,1700471730130
1700471729000,1700471730000,63,41070049,1700471730130
1700471729000,1700471730000,13,27513329,1700471730141
1700471729000,1700471730000,100,419351251,1700471730141
1700471730000,1700471731000,54,24366899,1700471731087
1700471730000,1700471731000,63,85885978,1700471731087
1700471730000,1700471731000,13,103841836,1700471731127
1700471730000,1700471731000,100,654653709,1700471731127
1700471730000,1700471731000,24,50465106,1700471731138
1700471730000,1700471731000,47,20086490,1700471731138
1700471731000,1700471732000,13,33067529,1700471732081
1700471731000,1700471732000,100,753424211,1700471732081
1700471731000,1700471732000,24,59788191,1700471732097
1700471731000,1700471732000,47,23467213,1700471732097
1700471731000,1700471732000,54,21192167,1700471732109
1700471731000,1700471732000,63,121246833,1700471732109
1700471732000,1700471733000,13,27924459,1700471733109
1700471732000,1700471733000,100,746678065,1700471733109
1700471732000,1700471733000,54,22146680,1700471733110
1700471732000,1700471733000,63,156929045,1700471733110
1700471732000,1700471733000,24,28677329,1700471733126
1700471732000,1700471733000,47,23520092,1700471733126
1700471733000,1700471734000,13,27821212,1700471734103
1700471733000,1700471734000,100,768465429,1700471734103
1700471733000,1700471734000,24,48970266,1700471734120
1700471733000,1700471734000,47,16508388,1700471734120
1700471733000,1700471734000,54,24237593,1700471734127
1700471733000,1700471734000,63,69901965,1700471734127
1700471734000,1700471735000,24,20771940,1700471735081
1700471734000,1700471735000,47,21933286,1700471735081
1700471734000,1700471735000,13,24457757,1700471735124
1700471734000,1700471735000,100,784971568,1700471735124
1700471734000,1700471735000,54,36177024,1700471735129
1700471734000,1700471735000,63,134187459,1700471735129
1700471735000,1700471736000,54,92425921,1700471736087
1700471735000,1700471736000,63,22912365,1700471736087
1700471735000,1700471736000,24,27186924,1700471736098
1700471735000,1700471736000,47,22862244,1700471736098
1700471735000,1700471736000,13,31053740,1700471736122
1700471735000,1700471736000,100,891641093,1700471736122
1700471736000,1700471737000,24,24013053,1700471737101
1700471736000,1700471737000,47,21173630,1700471737101
1700471736000,1700471737000,54,299567167,1700471737101
1700471736000,1700471737000,63,23827530,1700471737101
1700471736000,1700471737000,13,30355638,1700471737141
1700471736000,1700471737000,100,683149778,1700471737141
1700471737000,1700471738000,54,375775574,1700471738105
1700471737000,1700471738000,63,53173285,1700471738105
1700471737000,1700471738000,24,25030773,1700471738120
1700471737000,1700471738000,47,20905694,1700471738120
1700471737000,1700471738000,13,43855186,1700471738138
1700471737000,1700471738000,100,292889991,1700471738138
1700471738000,1700471739000,13,27669217,1700471739094
1700471738000,1700471739000,100,243496093,1700471739094
1700471738000,1700471739000,54,606678393,1700471739114
1700471738000,1700471739000,63,145233283,1700471739114
1700471738000,1700471739000,24,62926187,1700471739120
1700471738000,1700471739000,47,57703309,1700471739120
1700471739000,1700471740000,13,34284767,1700471740119
1700471739000,1700471740000,100,221570376,1700471740119
1700471739000,1700471740000,54,308197843,1700471740122
1700471739000,1700471740000,63,229036108,1700471740122
1700471739000,1700471740000,24,50513150,1700471740139
1700471739000,1700471740000,47,100409435,1700471740139
1700471740000,1700471741000,24,89405978,1700471741094
1700471740000,1700471741000,47,232741506,1700471741094
1700471740000,1700471741000,13,38291655,1700471741108
1700471740000,1700471741000,100,268756287,1700471741108
1700471740000,1700471741000,54,274754968,1700471741134
1700471740000,1700471741000,63,209985794,1700471741134
1700471741000,1700471742000,54,244759671,1700471742084
1700471741000,1700471742000,63,188542328,1700471742084
1700471741000,1700471742000,24,164805212,1700471742109
1700471741000,1700471742000,47,245866286,1700471742109
1700471741000,1700471742000,13,44342016,1700471742140
1700471741000,1700471742000,100,199155469,1700471742140
1700471742000,1700471743000,54,111566704,1700471743108
1700471742000,1700471743000,63,241852717,1700471743108
1700471742000,1700471743000,24,98515458,1700471743109
1700471742000,1700471743000,47,172349828,1700471743109
1700471742000,1700471743000,13,159158899,1700471743130
1700471742000,1700471743000,100,236107834,1700471743130
1700471743000,1700471744000,13,312792930,1700471744087
1700471743000,1700471744000,100,94080131,1700471744087
1700471743000,1700471744000,54,131128752,1700471744096
1700471743000,1700471744000,63,152550674,1700471744096
1700471743000,1700471744000,24,101274814,1700471744125
1700471743000,1700471744000,47,201105370,1700471744125
1700471744000,1700471745000,13,283998195,1700471745117
1700471744000,1700471745000,100,151092102,1700471745117
1700471744000,1700471745000,24,85323526,1700471745124
1700471744000,1700471745000,47,222962536,1700471745124
1700471744000,1700471745000,54,143559876,1700471745161
1700471744000,1700471745000,63,189778270,1700471745161
1700471745000,1700471746000,24,165624865,1700471746080
1700471745000,1700471746000,47,290707533,1700471746080
1700471745000,1700471746000,13,163460590,1700471746105
1700471745000,1700471746000,100,109945769,1700471746105
1700471745000,1700471746000,54,146578574,1700471746122
1700471745000,1700471746000,63,173644262,1700471746122
1700471746000,1700471747000,54,91694317,1700471747080
1700471746000,1700471747000,63,83577045,1700471747080
1700471746000,1700471747000,24,141238139,1700471747141
1700471746000,1700471747000,47,199340297,1700471747141
1700471746000,1700471747000,13,238283486,1700471747169
1700471746000,1700471747000,100,148570291,1700471747169
1700471747000,1700471748000,24,65854596,1700471748098
1700471747000,1700471748000,47,181081148,1700471748098
1700471747000,1700471748000,13,298672388,1700471748128
1700471747000,1700471748000,100,193086340,1700471748128
1700471747000,1700471748000,54,84627650,1700471748140
1700471747000,1700471748000,63,119344640,1700471748140
1700471748000,1700471749000,13,322882095,1700471749087
1700471748000,1700471749000,100,219934835,1700471749087
1700471748000,1700471749000,54,141324510,1700471749098
1700471748000,1700471749000,63,85791097,1700471749098
1700471748000,1700471749000,24,130159531,1700471749124
1700471748000,1700471749000,47,101083866,1700471749124
1700471749000,1700471750000,24,37167701,1700471750117
1700471749000,1700471750000,47,196404336,1700471750117
1700471749000,1700471750000,13,316852517,1700471750147
1700471749000,1700471750000,100,146516167,1700471750147
1700471749000,1700471750000,54,50672257,1700471750164
1700471749000,1700471750000,63,88274752,1700471750164
1700471750000,1700471751000,24,130790387,1700471751072
1700471750000,1700471751000,47,152196591,1700471751072
1700471750000,1700471751000,13,269177144,1700471751104
1700471750000,1700471751000,100,277105085,1700471751104
1700471750000,1700471751000,54,108556964,1700471751122
1700471750000,1700471751000,63,38563694,1700471751122
1700471751000,1700471752000,54,49266413,1700471752083
1700471751000,1700471752000,63,83499733,1700471752083
1700471751000,1700471752000,24,61784939,1700471752134
1700471751000,1700471752000,47,43814722,1700471752134
1700471751000,1700471752000,13,365321876,1700471752165
1700471751000,1700471752000,100,239338263,1700471752165
1700471752000,1700471753000,24,26778798,1700471753087
1700471752000,1700471753000,47,124941569,1700471753087
1700471752000,1700471753000,13,250280159,1700471753119
1700471752000,1700471753000,100,289001347,1700471753119
1700471752000,1700471753000,54,143178274,1700471753151
1700471752000,1700471753000,63,115363086,1700471753151
1700471753000,1700471754000,13,319173347,1700471754076
1700471753000,1700471754000,100,185314512,1700471754076
1700471753000,1700471754000,54,38000766,1700471754107
1700471753000,1700471754000,63,54397072,1700471754107
1700471753000,1700471754000,24,68317032,1700471754119
1700471753000,1700471754000,47,22100106,1700471754119
1700471754000,1700471755000,54,78167159,1700471755042
1700471754000,1700471755000,63,88763766,1700471755042
1700471754000,1700471755000,24,44466666,1700471755108
1700471754000,1700471755000,47,15580360,1700471755108
1700471754000,1700471755000,13,155534293,1700471755140
1700471754000,1700471755000,100,213960544,1700471755140
1700471755000,1700471756000,13,38828277,1700471756104
1700471755000,1700471756000,100,188618852,1700471756104
1700471755000,1700471756000,54,142133097,1700471756128
1700471755000,1700471756000,63,92026936,1700471756128
1700471755000,1700471756000,24,112130319,1700471756136
1700471755000,1700471756000,47,16908487,1700471756136
1700471756000,1700471757000,13,22831791,1700471757061
1700471756000,1700471757000,100,241612799,1700471757061
1700471756000,1700471757000,54,69017894,1700471757083
1700471756000,1700471757000,63,137745606,1700471757083
1700471756000,1700471757000,24,73006661,1700471757128
1700471756000,1700471757000,47,40883609,1700471757128
1700471757000,1700471758000,24,31806165,1700471758084
1700471757000,1700471758000,47,87529225,1700471758084
1700471757000,1700471758000,13,125783545,1700471758127
1700471757000,1700471758000,100,261282019,1700471758127
1700471757000,1700471758000,54,120226847,1700471758152
1700471757000,1700471758000,63,98803709,1700471758152
1700471758000,1700471759000,13,131855722,1700471759082
1700471758000,1700471759000,100,119593825,1700471759082
1700471758000,1700471759000,54,286406538,1700471759108
1700471758000,1700471759000,63,283702967,1700471759108
1700471758000,1700471759000,24,60542286,1700471759111
1700471758000,1700471759000,47,187591148,1700471759111
1700471759000,1700471760000,54,535386902,1700471760064
1700471759000,1700471760000,63,411683870,1700471760064
1700471759000,1700471760000,24,81170486,1700471760099
1700471759000,1700471760000,47,102003499,1700471760099
1700471759000,1700471760000,13,217051509,1700471760143
1700471759000,1700471760000,100,245571511,1700471760143
1700471760000,1700471761000,13,77020075,1700471761101
1700471760000,1700471761000,100,258108158,1700471761101
1700471760000,1700471761000,54,534876645,1700471761127
1700471760000,1700471761000,63,537850621,1700471761127
1700471760000,1700471761000,24,178134962,1700471761132
1700471760000,1700471761000,47,152444266,1700471761132
1700471761000,1700471762000,54,595050774,1700471762083
1700471761000,1700471762000,63,239926126,1700471762083
1700471761000,1700471762000,24,139258145,1700471762124
1700471761000,1700471762000,47,261361809,1700471762124
1700471761000,1700471762000,13,102943299,1700471762165
1700471761000,1700471762000,100,238178525,1700471762165
1700471762000,1700471763000,24,76886129,1700471763081
1700471762000,1700471763000,47,355923341,1700471763081
1700471762000,1700471763000,13,33975998,1700471763119
1700471762000,1700471763000,100,144126709,1700471763119
1700471762000,1700471763000,54,505966579,1700471763143
1700471762000,1700471763000,63,287815806,1700471763143
1700471763000,1700471764000,13,134791341,1700471764077
1700471763000,1700471764000,100,159679615,1700471764077
1700471763000,1700471764000,54,319955124,1700471764105
1700471763000,1700471764000,63,420683918,1700471764105
1700471763000,1700471764000,24,330800299,1700471764110
1700471763000,1700471764000,47,225498372,1700471764110
1700471764000,1700471765000,54,502505946,1700471765063
1700471764000,1700471765000,63,337566462,1700471765063
1700471764000,1700471765000,24,422033041,1700471765094
1700471764000,1700471765000,47,261294565,1700471765094
1700471764000,1700471765000,13,43785352,1700471765133
1700471764000,1700471765000,100,154062479,1700471765133
1700471765000,1700471766000,13,93510788,1700471766091
1700471765000,1700471766000,100,150079809,1700471766091
1700471765000,1700471766000,54,632370359,1700471766121
1700471765000,1700471766000,63,363027217,1700471766121
1700471765000,1700471766000,24,345671396,1700471766159
1700471765000,1700471766000,47,374677736,1700471766159
1700471766000,1700471767000,54,486498599,1700471767082
1700471766000,1700471767000,63,296832669,1700471767082
1700471766000,1700471767000,24,547377830,1700471767112
1700471766000,1700471767000,47,380106380,1700471767112
1700471766000,1700471767000,13,38394419,1700471767156
1700471766000,1700471767000,100,150909197,1700471767156
1700471767000,1700471768000,24,475547696,1700471768074
1700471767000,1700471768000,47,445118547,1700471768074
1700471767000,1700471768000,13,67500553,1700471768113
1700471767000,1700471768000,100,179433247,1700471768113
1700471767000,1700471768000,54,562599206,1700471768144
1700471767000,1700471768000,63,230766699,1700471768144
1700471768000,1700471769000,13,277479879,1700471769067
1700471768000,1700471769000,100,120519607,1700471769067
1700471768000,1700471769000,54,347171233,1700471769101
1700471768000,1700471769000,63,207430810,1700471769101
1700471768000,1700471769000,24,586458482,1700471769131
1700471768000,1700471769000,47,499667941,1700471769131
1700471769000,1700471770000,24,455677462,1700471770092
1700471769000,1700471770000,47,591681524,1700471770092
1700471769000,1700471770000,13,86525433,1700471770130
1700471769000,1700471770000,100,216314069,1700471770130
1700471769000,1700471770000,54,846481655,1700471770164
1700471769000,1700471770000,63,201487582,1700471770164
1700471770000,1700471771000,13,131510641,1700471771085
1700471770000,1700471771000,100,240884400,1700471771085
1700471770000,1700471771000,54,691958835,1700471771119
1700471770000,1700471771000,63,249056504,1700471771119
1700471770000,1700471771000,24,445401103,1700471771158
1700471770000,1700471771000,47,662549027,1700471771158
1700471771000,1700471772000,54,607567180,1700471772079
1700471771000,1700471772000,63,233766358,1700471772079
1700471771000,1700471772000,24,393253574,1700471772114
1700471771000,1700471772000,47,759494438,1700471772114
1700471771000,1700471772000,13,34450502,1700471772120
1700471771000,1700471772000,100,254403170,1700471772120
1700471772000,1700471773000,24,561293384,1700471773074
1700471772000,1700471773000,47,127111950,1700471773074
1700471772000,1700471773000,13,244845403,1700471773109
1700471772000,1700471773000,100,235961658,1700471773109
1700471772000,1700471773000,54,173526186,1700471773138
1700471772000,1700471773000,63,119457799,1700471773138
1700471773000,1700471774000,54,303885856,1700471774095
1700471773000,1700471774000,63,173767968,1700471774095
1700471773000,1700471774000,24,431693398,1700471774133
1700471773000,1700471774000,47,605923913,1700471774133
1700471773000,1700471774000,13,159184179,1700471774167
1700471773000,1700471774000,100,115608621,1700471774167
1700471774000,1700471775000,24,430811854,1700471775097
1700471774000,1700471775000,47,610083197,1700471775097
1700471774000,1700471775000,13,165970405,1700471775126
1700471774000,1700471775000,100,184483398,1700471775126
1700471774000,1700471775000,54,753639577,1700471775160
1700471774000,1700471775000,63,453199058,1700471775160
1700471775000,1700471776000,13,209450608,1700471776083
1700471775000,1700471776000,100,293838003,1700471776083
1700471775000,1700471776000,54,635722390,1700471776115
1700471775000,1700471776000,63,675536521,1700471776115
1700471775000,1700471776000,24,863647731,1700471776159
1700471775000,1700471776000,47,601009276,1700471776159
1700471776000,1700471777000,54,605116824,1700471777073
1700471776000,1700471777000,63,535948473,1700471777073
1700471776000,1700471777000,24,711642003,1700471777118
1700471776000,1700471777000,47,454283061,1700471777118
1700471776000,1700471777000,13,51487771,1700471777118
1700471776000,1700471777000,100,457093552,1700471777118
1700471777000,1700471778000,24,851366629,1700471778073
1700471777000,1700471778000,47,495337379,1700471778073
1700471777000,1700471778000,13,114737891,1700471778103
1700471777000,1700471778000,100,506474567,1700471778103
1700471777000,1700471778000,54,674582560,1700471778133
1700471777000,1700471778000,63,572866753,1700471778133
1700471778000,1700471779000,54,571313710,1700471779092
1700471778000,1700471779000,63,379814307,1700471779092
1700471778000,1700471779000,24,299865555,1700471779135
1700471778000,1700471779000,47,594369530,1700471779135
1700471778000,1700471779000,13,208661179,1700471779137
1700471778000,1700471779000,100,381958305,1700471779137
1700471779000,1700471780000,24,621360115,1700471780092
1700471779000,1700471780000,47,741593613,1700471780092
1700471779000,1700471780000,13,116340965,1700471780122
1700471779000,1700471780000,100,243259651,1700471780122
1700471779000,1700471780000,54,419528388,1700471780149
1700471779000,1700471780000,63,507580056,1700471780149
1700471780000,1700471781000,13,286426765,1700471781081
1700471780000,1700471781000,100,143930478,1700471781081
1700471780000,1700471781000,54,318122032,1700471781105
1700471780000,1700471781000,63,524913763,1700471781105
1700471780000,1700471781000,24,704607106,1700471781151
1700471780000,1700471781000,47,675174931,1700471781151
1700471781000,1700471782000,54,350995929,1700471782062
1700471781000,1700471782000,63,491568879,1700471782062
1700471781000,1700471782000,24,855593567,1700471782110
1700471781000,1700471782000,47,710767522,1700471782110
1700471781000,1700471782000,13,259145147,1700471782143
1700471781000,1700471782000,100,156953185,1700471782143
1700471782000,1700471783000,24,730808309,1700471783067
1700471782000,1700471783000,47,560959078,1700471783067
1700471782000,1700471783000,13,179127537,1700471783096
1700471782000,1700471783000,100,101188415,1700471783096
1700471782000,1700471783000,54,712153350,1700471783125
1700471782000,1700471783000,63,419478989,1700471783125
1700471783000,1700471784000,54,413375112,1700471784084
1700471783000,1700471784000,63,530224913,1700471784084
1700471783000,1700471784000,24,427419174,1700471784128
1700471783000,1700471784000,47,429835548,1700471784128
1700471783000,1700471784000,13,92364464,1700471784129
1700471783000,1700471784000,100,85366770,1700471784129
1700471784000,1700471785000,24,581985830,1700471785087
1700471784000,1700471785000,47,369963645,1700471785087
1700471784000,1700471785000,13,294049269,1700471785117
1700471784000,1700471785000,100,125001705,1700471785117
1700471784000,1700471785000,54,881920221,1700471785119
1700471784000,1700471785000,63,491244965,1700471785119
1700471785000,1700471786000,13,311537955,1700471786077
1700471785000,1700471786000,100,90075288,1700471786077
1700471785000,1700471786000,54,1008631350,1700471786107
1700471785000,1700471786000,63,466536234,1700471786107
1700471785000,1700471786000,24,355639135,1700471786148
1700471785000,1700471786000,47,534875501,1700471786148
1700471786000,1700471787000,24,88644809,1700471787105
1700471786000,1700471787000,47,398304430,1700471787105
1700471786000,1700471787000,13,128708276,1700471787136
1700471786000,1700471787000,100,145740832,1700471787136
1700471786000,1700471787000,54,1165160592,1700471787137
1700471786000,1700471787000,63,713875569,1700471787137
1700471787000,1700471788000,13,241599662,1700471788089
1700471787000,1700471788000,100,260290518,1700471788089
1700471787000,1700471788000,54,406695729,1700471788134
1700471787000,1700471788000,63,564328208,1700471788134
1700471787000,1700471788000,24,601790886,1700471788167
1700471787000,1700471788000,47,526466817,1700471788167
1700471788000,1700471789000,54,707958199,1700471789094
1700471788000,1700471789000,63,457142750,1700471789094
1700471788000,1700471789000,13,261226857,1700471789120
1700471788000,1700471789000,100,221920170,1700471789120
1700471788000,1700471789000,24,696566058,1700471789122
1700471788000,1700471789000,47,556638307,1700471789122
1700471789000,1700471790000,24,421269489,1700471790077
1700471789000,1700471790000,47,599826619,1700471790077
1700471789000,1700471790000,13,139857692,1700471790110
1700471789000,1700471790000,100,189254007,1700471790110
1700471789000,1700471790000,54,813136230,1700471790111
1700471789000,1700471790000,63,879301203,1700471790111
1700471790000,1700471791000,54,572118422,1700471791114
1700471790000,1700471791000,63,1057498011,1700471791114
1700471790000,1700471791000,13,286951650,1700471791140
1700471790000,1700471791000,100,167590799,1700471791140
1700471790000,1700471791000,24,725907235,1700471791144
1700471790000,1700471791000,47,837648880,1700471791144
1700471791000,1700471792000,24,887752494,1700471792099
1700471791000,1700471792000,47,621458214,1700471792099
1700471791000,1700471792000,54,878211691,1700471792131
1700471791000,1700471792000,63,945733080,1700471792131
1700471791000,1700471792000,13,348728833,1700471792133
1700471791000,1700471792000,100,235834004,1700471792133
1700471792000,1700471793000,13,382030541,1700471793089
1700471792000,1700471793000,100,301309195,1700471793089
1700471792000,1700471793000,54,631129522,1700471793126
1700471792000,1700471793000,63,1166988504,1700471793126
1700471792000,1700471793000,24,854516061,1700471793159
1700471792000,1700471793000,47,250885998,1700471793159
1700471793000,1700471794000,54,658329422,1700471794081
1700471793000,1700471794000,63,1136874814,1700471794081
1700471793000,1700471794000,24,1023801574,1700471794112
1700471793000,1700471794000,47,465580681,1700471794112
1700471793000,1700471794000,13,378546232,1700471794151
1700471793000,1700471794000,100,263127743,1700471794151
1700471794000,1700471795000,24,790141681,1700471795065
1700471794000,1700471795000,47,643449068,1700471795065
1700471794000,1700471795000,54,713341816,1700471795108
1700471794000,1700471795000,63,835268931,1700471795108
1700471794000,1700471795000,13,423725556,1700471795111
1700471794000,1700471795000,100,251945461,1700471795111
1700471795000,1700471796000,13,460533934,1700471796070
1700471795000,1700471796000,100,201743240,1700471796070
1700471795000,1700471796000,54,435381519,1700471796107
1700471795000,1700471796000,63,661370083,1700471796107
1700471795000,1700471796000,24,505007957,1700471796135
1700471795000,1700471796000,47,643980505,1700471796135
1700471796000,1700471797000,24,568825043,1700471797093
1700471796000,1700471797000,47,431356381,1700471797093
1700471796000,1700471797000,54,455094205,1700471797123
1700471796000,1700471797000,63,528277367,1700471797123
1700471796000,1700471797000,13,407620773,1700471797132
1700471796000,1700471797000,100,179994482,1700471797132
1700471797000,1700471798000,13,41404772,1700471798089
1700471797000,1700471798000,100,173570182,1700471798089
1700471797000,1700471798000,54,308062342,1700471798129
1700471797000,1700471798000,63,319865950,1700471798129
1700471797000,1700471798000,24,861411625,1700471798154
1700471797000,1700471798000,47,624359448,1700471798154
1700471798000,1700471799000,54,289170766,1700471799087
1700471798000,1700471799000,63,256821466,1700471799087
1700471798000,1700471799000,24,567312468,1700471799109
1700471798000,1700471799000,47,631028200,1700471799109
1700471798000,1700471799000,13,112414064,1700471799156
1700471798000,1700471799000,100,168211941,1700471799156
1700471799000,1700471800000,24,521923320,1700471800065
1700471799000,1700471800000,47,534272270,1700471800065
1700471799000,1700471800000,54,324724260,1700471800096
1700471799000,1700471800000,63,132493675,1700471800096
1700471799000,1700471800000,13,54054832,1700471800116
1700471799000,1700471800000,100,229370361,1700471800116
1700471800000,1700471801000,13,357051307,1700471801070
1700471800000,1700471801000,100,229542427,1700471801070
1700471800000,1700471801000,54,311597187,1700471801108
1700471800000,1700471801000,63,202324051,1700471801108
1700471800000,1700471801000,24,471334997,1700471801126
1700471800000,1700471801000,47,581522389,1700471801126
1700471801000,1700471802000,24,273969752,1700471802082
1700471801000,1700471802000,47,380985159,1700471802082
1700471801000,1700471802000,54,329702658,1700471802114
1700471801000,1700471802000,63,57896736,1700471802114
1700471801000,1700471802000,13,363588019,1700471802137
1700471801000,1700471802000,100,212387137,1700471802137
1700471802000,1700471803000,13,265293859,1700471803089
1700471802000,1700471803000,100,172944555,1700471803089
1700471802000,1700471803000,54,233228172,1700471803127
1700471802000,1700471803000,63,45434545,1700471803127
1700471802000,1700471803000,24,408170703,1700471803147
1700471802000,1700471803000,47,297287748,1700471803147
1700471803000,1700471804000,24,240317988,1700471804097
1700471803000,1700471804000,47,311710365,1700471804097
1700471803000,1700471804000,54,187129399,1700471804125
1700471803000,1700471804000,63,298771190,1700471804125
1700471803000,1700471804000,13,218494064,1700471804158
1700471803000,1700471804000,100,160173466,1700471804158
1700471804000,1700471805000,54,51974295,1700471805086
1700471804000,1700471805000,63,411599666,1700471805086
1700471804000,1700471805000,13,258867790,1700471805109
1700471804000,1700471805000,100,142050743,1700471805109
1700471804000,1700471805000,24,234230361,1700471805161
1700471804000,1700471805000,47,324476403,1700471805161
1700471805000,1700471806000,13,327682271,1700471806071
1700471805000,1700471806000,100,120260074,1700471806071
1700471805000,1700471806000,54,43512785,1700471806103
1700471805000,1700471806000,63,540676088,1700471806103
1700471805000,1700471806000,24,240953729,1700471806117
1700471805000,1700471806000,47,357327485,1700471806117
1700471806000,1700471807000,24,335164569,1700471807070
1700471806000,1700471807000,47,242008821,1700471807070
1700471806000,1700471807000,54,126217503,1700471807096
1700471806000,1700471807000,63,558360084,1700471807096
1700471806000,1700471807000,13,218039261,1700471807138
1700471806000,1700471807000,100,175697140,1700471807138
1700471807000,1700471808000,13,253442930,1700471808091
1700471807000,1700471808000,100,110681684,1700471808091
1700471807000,1700471808000,54,249283084,1700471808127
1700471807000,1700471808000,63,498007501,1700471808127
1700471807000,1700471808000,24,342959730,1700471808133
1700471807000,1700471808000,47,327738849,1700471808133
1700471808000,1700471809000,24,351747952,1700471809088
1700471808000,1700471809000,47,470068845,1700471809088
1700471808000,1700471809000,54,287088478,1700471809112
1700471808000,1700471809000,63,347253467,1700471809112
1700471808000,1700471809000,13,143888237,1700471809157
1700471808000,1700471809000,100,169442205,1700471809157
1700471809000,1700471810000,54,123073321,1700471810072
1700471809000,1700471810000,63,380713796,1700471810072
1700471809000,1700471810000,13,270434116,1700471810109
1700471809000,1700471810000,100,296822333,1700471810109
1700471809000,1700471810000,24,303325510,1700471810121
1700471809000,1700471810000,47,468087264,1700471810121
1700471810000,1700471811000,13,290465547,1700471811068
1700471810000,1700471811000,100,237383663,1700471811068
1700471810000,1700471811000,24,254513197,1700471811108
1700471810000,1700471811000,47,384523685,1700471811108
1700471810000,1700471811000,54,211232206,1700471811138
1700471810000,1700471811000,63,808727064,1700471811138
1700471811000,1700471812000,24,259182623,1700471812066
1700471811000,1700471812000,47,358582230,1700471812066
1700471811000,1700471812000,54,208541535,1700471812098
1700471811000,1700471812000,63,759468142,1700471812098
1700471811000,1700471812000,13,156105458,1700471812127
1700471811000,1700471812000,100,245042208,1700471812127
1700471812000,1700471813000,13,184825696,1700471813083
1700471812000,1700471813000,100,177282137,1700471813083
1700471812000,1700471813000,54,251946732,1700471813116
1700471812000,1700471813000,63,805301444,1700471813116
1700471812000,1700471813000,24,282376068,1700471813132
1700471812000,1700471813000,47,426142129,1700471813132
1700471813000,1700471814000,24,447337619,1700471814091
1700471813000,1700471814000,47,637979686,1700471814091
1700471813000,1700471814000,54,213625685,1700471814120
1700471813000,1700471814000,63,352826767,1700471814120
1700471813000,1700471814000,13,278404127,1700471814139
1700471813000,1700471814000,100,133187928,1700471814139
1700471814000,1700471815000,13,280290885,1700471815099
1700471814000,1700471815000,100,146389731,1700471815099
1700471814000,1700471815000,24,493246301,1700471815126
1700471814000,1700471815000,47,529386574,1700471815126
1700471814000,1700471815000,54,260988173,1700471815141
1700471814000,1700471815000,63,428501863,1700471815141
1700471815000,1700471816000,24,273362912,1700471816106
1700471815000,1700471816000,47,285106445,1700471816106
1700471815000,1700471816000,54,330341205,1700471816138
1700471815000,1700471816000,63,403057984,1700471816138
1700471815000,1700471816000,13,135792048,1700471816161
1700471815000,1700471816000,100,173240186,1700471816161
1700471816000,1700471817000,54,539988623,1700471817098
1700471816000,1700471817000,63,495644331,1700471817098
1700471816000,1700471817000,13,262814043,1700471817115
1700471816000,1700471817000,100,199069853,1700471817115
1700471816000,1700471817000,24,540171859,1700471817142
1700471816000,1700471817000,47,307812558,1700471817142
1700471817000,1700471818000,13,88606821,1700471818072
1700471817000,1700471818000,100,153483158,1700471818072
1700471817000,1700471818000,54,649932930,1700471818121
1700471817000,1700471818000,63,443376324,1700471818121
1700471817000,1700471818000,24,447549770,1700471818124
1700471817000,1700471818000,47,375739614,1700471818124
1700471818000,1700471819000,24,666887298,1700471819086
1700471818000,1700471819000,47,456294762,1700471819086
1700471818000,1700471819000,54,541349741,1700471819116
1700471818000,1700471819000,63,339391930,1700471819116
1700471818000,1700471819000,13,256749412,1700471819134
1700471818000,1700471819000,100,152250387,1700471819134
1700471819000,1700471820000,54,369039272,1700471820071
1700471819000,1700471820000,63,186930982,1700471820071
1700471819000,1700471820000,13,121073882,1700471820091
1700471819000,1700471820000,100,155128207,1700471820091
1700471819000,1700471820000,24,479337404,1700471820113
1700471819000,1700471820000,47,878188207,1700471820113
1700471820000,1700471821000,24,470002040,1700471821110
1700471820000,1700471821000,47,1133394839,1700471821110
1700471820000,1700471821000,54,316637531,1700471821134
1700471820000,1700471821000,63,163316327,1700471821134
1700471820000,1700471821000,13,216991134,1700471821155
1700471820000,1700471821000,100,144496675,1700471821155
1700471821000,1700471822000,54,287630460,1700471822094
1700471821000,1700471822000,63,33499026,1700471822094
1700471821000,1700471822000,13,115167993,1700471822113
1700471821000,1700471822000,100,200869312,1700471822113
1700471821000,1700471822000,24,655425261,1700471822138
1700471821000,1700471822000,47,307699964,1700471822138
1700471822000,1700471823000,13,487156529,1700471823068
1700471822000,1700471823000,100,207845872,1700471823068
1700471822000,1700471823000,54,247315208,1700471823124
1700471822000,1700471823000,63,119973020,1700471823124
1700471822000,1700471823000,24,586889477,1700471823127
1700471822000,1700471823000,47,158228059,1700471823127
1700471823000,1700471824000,24,797009585,1700471824079
1700471823000,1700471824000,47,386913465,1700471824079
1700471823000,1700471824000,54,303980330,1700471824109
1700471823000,1700471824000,63,309865093,1700471824109
1700471823000,1700471824000,13,314190032,1700471824130
1700471823000,1700471824000,100,139839021,1700471824130
1700471824000,1700471825000,54,238738651,1700471825067
1700471824000,1700471825000,63,205078166,1700471825067
1700471824000,1700471825000,13,365709675,1700471825089
1700471824000,1700471825000,100,171448703,1700471825089
1700471824000,1700471825000,24,767670371,1700471825114
1700471824000,1700471825000,47,235802809,1700471825114
1700471825000,1700471826000,24,385318344,1700471826108
1700471825000,1700471826000,47,396152555,1700471826108
1700471825000,1700471826000,54,119115184,1700471826131
1700471825000,1700471826000,63,683757954,1700471826131
1700471825000,1700471826000,13,247106141,1700471826151
1700471825000,1700471826000,100,179467304,1700471826151
1700471826000,1700471827000,54,103013886,1700471827088
1700471826000,1700471827000,63,723028512,1700471827088
1700471826000,1700471827000,13,349441770,1700471827107
1700471826000,1700471827000,100,283686172,1700471827107
1700471826000,1700471827000,24,315069345,1700471827133
1700471826000,1700471827000,47,374459120,1700471827133
1700471827000,1700471828000,13,210348483,1700471828065
1700471827000,1700471828000,100,365308359,1700471828065
1700471827000,1700471828000,24,285631369,1700471828134
1700471827000,1700471828000,47,383116524,1700471828134
1700471827000,1700471828000,54,78803372,1700471828158
1700471827000,1700471828000,63,721342403,1700471828158
1700471828000,1700471829000,24,500346815,1700471829092
1700471828000,1700471829000,47,181711993,1700471829092
1700471828000,1700471829000,54,510820420,1700471829117
1700471828000,1700471829000,63,802465159,1700471829117
1700471828000,1700471829000,13,303185706,1700471829125
1700471828000,1700471829000,100,349758570,1700471829125
1700471829000,1700471830000,54,226328725,1700471830072
1700471829000,1700471830000,63,154712908,1700471830072
1700471829000,1700471830000,13,202949557,1700471830078
1700471829000,1700471830000,100,163946747,1700471830078
1700471829000,1700471830000,24,655353279,1700471830111
1700471829000,1700471830000,47,270520080,1700471830111
1700471830000,1700471831000,13,244090442,1700471831114
1700471830000,1700471831000,100,153369764,1700471831114
1700471830000,1700471831000,24,498303704,1700471831121
1700471830000,1700471831000,47,528816670,1700471831121
1700471830000,1700471831000,54,788213541,1700471831137
1700471830000,1700471831000,63,500649611,1700471831137
1700471831000,1700471832000,54,593406704,1700471832095
1700471831000,1700471832000,63,482462853,1700471832095
1700471831000,1700471832000,13,78654260,1700471832104
1700471831000,1700471832000,100,235731169,1700471832104
1700471831000,1700471832000,24,387864279,1700471832129
1700471831000,1700471832000,47,362673144,1700471832129
1700471832000,1700471833000,24,243172601,1700471833086
1700471832000,1700471833000,47,409655644,1700471833086
1700471832000,1700471833000,13,141908405,1700471833137
1700471832000,1700471833000,100,151492894,1700471833137
1700471832000,1700471833000,54,488327336,1700471833163
1700471832000,1700471833000,63,738578600,1700471833163
1700471833000,1700471834000,54,335042225,1700471834097
1700471833000,1700471834000,63,499959283,1700471834097
1700471833000,1700471834000,24,225245099,1700471834100
1700471833000,1700471834000,47,476999126,1700471834100
1700471833000,1700471834000,13,98645498,1700471834121
1700471833000,1700471834000,100,113630000,1700471834121
1700471834000,1700471835000,54,364329173,1700471835076
1700471834000,1700471835000,63,438952940,1700471835076
1700471834000,1700471835000,13,230951709,1700471835078
1700471834000,1700471835000,100,117701348,1700471835078
1700471834000,1700471835000,24,411258098,1700471835102
1700471834000,1700471835000,47,490085772,1700471835102
1700471835000,1700471836000,24,652456422,1700471836121
1700471835000,1700471836000,47,434774425,1700471836121
1700471835000,1700471836000,54,747910037,1700471836135
1700471835000,1700471836000,63,605858591,1700471836135
1700471835000,1700471836000,13,46438763,1700471836141
1700471835000,1700471836000,100,167688846,1700471836141
1700471836000,1700471837000,54,678073724,1700471837094
1700471836000,1700471837000,63,449648722,1700471837094
1700471836000,1700471837000,13,134185930,1700471837096
1700471836000,1700471837000,100,243723417,1700471837096
1700471836000,1700471837000,24,907593464,1700471837120
1700471836000,1700471837000,47,498970479,1700471837120
1700471837000,1700471838000,24,614516822,1700471838139
1700471837000,1700471838000,47,476044294,1700471838139
1700471837000,1700471838000,54,678477679,1700471838151
1700471837000,1700471838000,63,495049862,1700471838151
1700471837000,1700471838000,13,123370084,1700471838160
1700471837000,1700471838000,100,263751259,1700471838160
1700471838000,1700471839000,24,567715675,1700471839099
1700471838000,1700471839000,47,613267119,1700471839099
1700471838000,1700471839000,54,804164818,1700471839105
1700471838000,1700471839000,63,357616948,1700471839105
1700471838000,1700471839000,13,69821385,1700471839119
1700471838000,1700471839000,100,256385770,1700471839119
1700471839000,1700471840000,54,624478842,1700471840062
1700471839000,1700471840000,63,308189174,1700471840062
1700471839000,1700471840000,13,243975439,1700471840076
1700471839000,1700471840000,100,197245550,1700471840076
1700471839000,1700471840000,24,494505255,1700471840096
1700471839000,1700471840000,47,479648435,1700471840096
1700471840000,1700471841000,54,448509958,1700471841119
1700471840000,1700471841000,63,332314203,1700471841119
1700471840000,1700471841000,24,604295303,1700471841120
1700471840000,1700471841000,47,429203887,1700471841120
1700471840000,1700471841000,13,229140506,1700471841136
1700471840000,1700471841000,100,187479617,1700471841136
1700471841000,1700471842000,54,543797959,1700471842076
1700471841000,1700471842000,63,268951172,1700471842076
1700471841000,1700471842000,13,365850159,1700471842093
1700471841000,1700471842000,100,169380973,1700471842093
1700471841000,1700471842000,24,939379991,1700471842111
1700471841000,1700471842000,47,632618121,1700471842111
1700471842000,1700471843000,54,750603248,1700471843113
1700471842000,1700471843000,63,206188040,1700471843113
1700471842000,1700471843000,13,321408614,1700471843128
1700471842000,1700471843000,100,150368225,1700471843128
1700471842000,1700471843000,24,876347297,1700471843137
1700471842000,1700471843000,47,436780899,1700471843137
1700471843000,1700471844000,54,552486636,1700471844095
1700471843000,1700471844000,63,366580154,1700471844095
1700471843000,1700471844000,13,270492598,1700471844116
1700471843000,1700471844000,100,235234027,1700471844116
1700471843000,1700471844000,24,994899424,1700471844127
1700471843000,1700471844000,47,271561179,1700471844127
1700471844000,1700471845000,13,144493313,1700471845076
1700471844000,1700471845000,100,256899698,1700471845076
1700471844000,1700471845000,24,1019790779,1700471845088
1700471844000,1700471845000,47,196625533,1700471845088
1700471844000,1700471845000,54,584949477,1700471845128
1700471844000,1700471845000,63,335757342,1700471845128
1700471845000,1700471846000,54,289235817,1700471846114
1700471845000,1700471846000,63,164496779,1700471846114
1700471845000,1700471846000,24,464105411,1700471846118
1700471845000,1700471846000,47,308832235,1700471846118
1700471845000,1700471846000,13,282276003,1700471846140
1700471845000,1700471846000,100,249066656,1700471846140
1700471846000,1700471847000,13,247561264,1700471847096
1700471846000,1700471847000,100,209174517,1700471847096
1700471846000,1700471847000,24,169944705,1700471847109
1700471846000,1700471847000,47,264466317,1700471847109
1700471846000,1700471847000,54,168061004,1700471847141
1700471846000,1700471847000,63,265453322,1700471847141
1700471847000,1700471848000,13,290005275,1700471848120
1700471847000,1700471848000,100,143716849,1700471848120
1700471847000,1700471848000,24,242557859,1700471848134
1700471847000,1700471848000,47,256790902,1700471848134
1700471847000,1700471848000,54,185151258,1700471848141
1700471847000,1700471848000,63,281081347,1700471848141
1700471848000,1700471849000,54,246914865,1700471849095
1700471848000,1700471849000,63,401942854,1700471849095
1700471848000,1700471849000,13,258074960,1700471849110
1700471848000,1700471849000,100,207641351,1700471849110
1700471848000,1700471849000,24,317846947,1700471849131
1700471848000,1700471849000,47,189561399,1700471849131
1700471849000,1700471850000,24,323693855,1700471850091
1700471849000,1700471850000,47,238663564,1700471850091
1700471849000,1700471850000,54,240977771,1700471850115
1700471849000,1700471850000,63,581628893,1700471850115
1700471849000,1700471850000,13,229284090,1700471850136
1700471849000,1700471850000,100,132344485,1700471850136
1700471850000,1700471851000,24,497788663,1700471851113
1700471850000,1700471851000,47,409687981,1700471851113
1700471850000,1700471851000,54,196808586,1700471851117
1700471850000,1700471851000,63,815320218,1700471851117
1700471850000,1700471851000,13,203169006,1700471851126
1700471850000,1700471851000,100,101758336,1700471851126
1700471851000,1700471852000,13,130815392,1700471852080
1700471851000,1700471852000,100,146112635,1700471852080
1700471851000,1700471852000,24,601183366,1700471852114
1700471851000,1700471852000,47,469965123,1700471852114
1700471851000,1700471852000,54,195288094,1700471852133
1700471851000,1700471852000,63,907160694,1700471852133
1700471852000,1700471853000,24,312667971,1700471853135
1700471852000,1700471853000,47,555626714,1700471853135
1700471852000,1700471853000,54,450559109,1700471853140
1700471852000,1700471853000,63,565566475,1700471853140
1700471852000,1700471853000,13,260357895,1700471853144
1700471852000,1700471853000,100,237684926,1700471853144
1700471853000,1700471854000,54,295829206,1700471854091
1700471853000,1700471854000,63,354945748,1700471854091
1700471853000,1700471854000,13,350591738,1700471854097
1700471853000,1700471854000,100,401807964,1700471854097
1700471853000,1700471854000,24,227470182,1700471854127
1700471853000,1700471854000,47,388863686,1700471854127
1700471854000,1700471855000,24,181407263,1700471855086
1700471854000,1700471855000,47,341206382,1700471855086
1700471854000,1700471855000,54,526373327,1700471855114
1700471854000,1700471855000,63,317101601,1700471855114
1700471854000,1700471855000,13,207690442,1700471855161
1700471854000,1700471855000,100,555322830,1700471855161
1700471855000,1700471856000,54,513115497,1700471856110
1700471855000,1700471856000,63,307856607,1700471856110
1700471855000,1700471856000,13,255913558,1700471856117
1700471855000,1700471856000,100,632010535,1700471856117
1700471855000,1700471856000,24,383068547,1700471856119
1700471855000,1700471856000,47,457513476,1700471856119
1700471856000,1700471857000,13,339781707,1700471857074
1700471856000,1700471857000,100,183600659,1700471857074
1700471856000,1700471857000,24,604613981,1700471857103
1700471856000,1700471857000,47,820418354,1700471857103
1700471856000,1700471857000,54,466912008,1700471857137
1700471856000,1700471857000,63,237189417,1700471857137
1700471857000,1700471858000,24,480385125,1700471858065
1700471857000,1700471858000,47,670841894,1700471858065
1700471857000,1700471858000,54,248332561,1700471858133
1700471857000,1700471858000,63,290554640,1700471858133
1700471857000,1700471858000,13,350630224,1700471858139
1700471857000,1700471858000,100,64470689,1700471858139
1700471858000,1700471859000,54,255623673,1700471859095
1700471858000,1700471859000,63,256215035,1700471859095
1700471858000,1700471859000,13,747170542,1700471859096
1700471858000,1700471859000,100,32152022,1700471859096
1700471858000,1700471859000,24,268470538,1700471859125
1700471858000,1700471859000,47,293465384,1700471859125
1700471859000,1700471860000,24,736560654,1700471860085
1700471859000,1700471860000,47,258258763,1700471860085
1700471859000,1700471860000,54,574837540,1700471860117
1700471859000,1700471860000,63,582283135,1700471860117
1700471859000,1700471860000,13,570550150,1700471860156
1700471859000,1700471860000,100,107122907,1700471860156
1700471860000,1700471861000,54,318173390,1700471861112
1700471860000,1700471861000,63,558511324,1700471861112
1700471860000,1700471861000,13,391412072,1700471861112
1700471860000,1700471861000,100,220711327,1700471861112
1700471860000,1700471861000,24,672338420,1700471861151
1700471860000,1700471861000,47,399220509,1700471861151
1700471861000,1700471862000,13,341238862,1700471862072
1700471861000,1700471862000,100,148988188,1700471862072
1700471861000,1700471862000,24,1026462998,1700471862108
1700471861000,1700471862000,47,64065366,1700471862108
1700471861000,1700471862000,54,279588298,1700471862137
1700471861000,1700471862000,63,468230093,1700471862137
1700471862000,1700471863000,24,782683505,1700471863067
1700471862000,1700471863000,47,152505376,1700471863067
1700471862000,1700471863000,13,306021365,1700471863133
1700471862000,1700471863000,100,223396552,1700471863133
1700471862000,1700471863000,54,217235874,1700471863133
1700471862000,1700471863000,63,306776882,1700471863133
1700471863000,1700471864000,54,170945869,1700471864090
1700471863000,1700471864000,63,195021616,1700471864090
1700471863000,1700471864000,13,321224949,1700471864095
1700471863000,1700471864000,100,250818925,1700471864095
1700471863000,1700471864000,24,588677808,1700471864132
1700471863000,1700471864000,47,222592097,1700471864132
1700471864000,1700471865000,24,282397004,1700471865089
1700471864000,1700471865000,47,408018196,1700471865089
1700471864000,1700471865000,54,242352209,1700471865115
1700471864000,1700471865000,63,244362955,1700471865115
1700471864000,1700471865000,13,280347042,1700471865157
1700471864000,1700471865000,100,269017772,1700471865157
1700471865000,1700471866000,13,158860000,1700471866114
1700471865000,1700471866000,100,290176426,1700471866114
1700471865000,1700471866000,54,301985388,1700471866120
1700471865000,1700471866000,63,310400193,1700471866120
1700471865000,1700471866000,24,535167956,1700471866152
1700471865000,1700471866000,47,576015578,1700471866152
1700471866000,1700471867000,13,297329751,1700471867070
1700471866000,1700471867000,100,211400768,1700471867070
1700471866000,1700471867000,24,723467674,1700471867105
1700471866000,1700471867000,47,392561184,1700471867105
1700471866000,1700471867000,54,546106970,1700471867132
1700471866000,1700471867000,63,278873546,1700471867132
1700471867000,1700471868000,54,468782143,1700471868091
1700471867000,1700471868000,63,325203034,1700471868091
1700471867000,1700471868000,13,361706371,1700471868129
1700471867000,1700471868000,100,204659616,1700471868129
1700471867000,1700471868000,24,447634180,1700471868169
1700471867000,1700471868000,47,340191952,1700471868169
1700471868000,1700471869000,13,104047352,1700471869085
1700471868000,1700471869000,100,139901215,1700471869085
1700471868000,1700471869000,54,103759160,1700471869110
1700471868000,1700471869000,63,585333593,1700471869110
1700471868000,1700471869000,24,356608734,1700471869124
1700471868000,1700471869000,47,542808845,1700471869124
1700471869000,1700471870000,24,600102418,1700471870083
1700471869000,1700471870000,47,280151853,1700471870083
1700471869000,1700471870000,54,227734402,1700471870101
1700471869000,1700471870000,63,455883402,1700471870101
1700471869000,1700471870000,13,157657425,1700471870139
1700471869000,1700471870000,100,161751017,1700471870139
1700471870000,1700471871000,13,195186082,1700471871100
1700471870000,1700471871000,100,184259486,1700471871100
1700471870000,1700471871000,54,242523908,1700471871135
1700471870000,1700471871000,63,222126261,1700471871135
1700471870000,1700471871000,24,547062408,1700471871150
1700471870000,1700471871000,47,416786405,1700471871150
1700471871000,1700471872000,24,596057476,1700471872104
1700471871000,1700471872000,47,483246418,1700471872104
1700471871000,1700471872000,54,468615468,1700471872122
1700471871000,1700471872000,63,180932829,1700471872122
1700471871000,1700471872000,13,281226545,1700471872160
1700471871000,1700471872000,100,120150481,1700471872160
1700471872000,1700471873000,54,693376970,1700471873083
1700471872000,1700471873000,63,263945755,1700471873083
1700471872000,1700471873000,13,113901988,1700471873116
1700471872000,1700471873000,100,109603626,1700471873116
1700471872000,1700471873000,24,529227030,1700471873168
1700471872000,1700471873000,47,373026419,1700471873168
1700471873000,1700471874000,13,91069426,1700471874073
1700471873000,1700471874000,100,127583616,1700471874073
1700471873000,1700471874000,24,831310589,1700471874126
1700471873000,1700471874000,47,86888950,1700471874126
1700471873000,1700471874000,54,665058695,1700471874145
1700471873000,1700471874000,63,212627575,1700471874145
1700471874000,1700471875000,24,622453961,1700471875082
1700471874000,1700471875000,47,228605203,1700471875082
1700471874000,1700471875000,54,211192614,1700471875103
1700471874000,1700471875000,63,440349553,1700471875103
1700471874000,1700471875000,13,261954194,1700471875136
1700471874000,1700471875000,100,140602236,1700471875136
1700471875000,1700471876000,54,293290955,1700471876064
1700471875000,1700471876000,63,582336740,1700471876064
1700471875000,1700471876000,13,58591802,1700471876090
1700471875000,1700471876000,100,161622030,1700471876090
1700471875000,1700471876000,24,306256977,1700471876146
1700471875000,1700471876000,47,351923534,1700471876146
1700471876000,1700471877000,24,311042230,1700471877101
1700471876000,1700471877000,47,441343378,1700471877101
1700471876000,1700471877000,54,424387322,1700471877124
1700471876000,1700471877000,63,978735606,1700471877124
1700471876000,1700471877000,13,154638274,1700471877156
1700471876000,1700471877000,100,274277284,1700471877156
1700471877000,1700471878000,54,318336994,1700471878082
1700471877000,1700471878000,63,1017906632,1700471878082
1700471877000,1700471878000,13,336642811,1700471878114
1700471877000,1700471878000,100,256313147,1700471878114
1700471877000,1700471878000,24,472745589,1700471878163
1700471877000,1700471878000,47,284100841,1700471878163
1700471878000,1700471879000,13,309979341,1700471879070
1700471878000,1700471879000,100,177337388,1700471879070
1700471878000,1700471879000,24,714534652,1700471879117
1700471878000,1700471879000,47,235515994,1700471879117
1700471878000,1700471879000,54,371243256,1700471879148
1700471878000,1700471879000,63,1376147595,1700471879148
1700471879000,1700471880000,24,497381943,1700471880079
1700471879000,1700471880000,47,255786949,1700471880079
1700471879000,1700471880000,54,463259711,1700471880108
1700471879000,1700471880000,63,1068937868,1700471880108
1700471879000,1700471880000,13,132091342,1700471880129
1700471879000,1700471880000,100,111791834,1700471880129
1700471880000,1700471881000,13,140651397,1700471881085
1700471880000,1700471881000,100,191517358,1700471881085
1700471880000,1700471881000,24,787304706,1700471881140
1700471880000,1700471881000,47,654429235,1700471881140
1700471880000,1700471881000,54,453706891,1700471881166
1700471880000,1700471881000,63,1148938175,1700471881166
1700471881000,1700471882000,24,588388248,1700471882101
1700471881000,1700471882000,47,538995543,1700471882101
1700471881000,1700471882000,54,371230767,1700471882124
1700471881000,1700471882000,63,518076554,1700471882124
1700471881000,1700471882000,13,219563758,1700471882147
1700471881000,1700471882000,100,175579823,1700471882147
1700471882000,1700471883000,54,355193346,1700471883078
1700471882000,1700471883000,63,739196208,1700471883078
1700471882000,1700471883000,13,260501860,1700471883105
1700471882000,1700471883000,100,221974439,1700471883105
1700471882000,1700471883000,24,325631214,1700471883161
1700471882000,1700471883000,47,710324515,1700471883161
1700471883000,1700471884000,13,168370123,1700471884065
1700471883000,1700471884000,100,230263843,1700471884065
1700471883000,1700471884000,24,277638323,1700471884117
1700471883000,1700471884000,47,871816480,1700471884117
1700471883000,1700471884000,54,584001525,1700471884146
1700471883000,1700471884000,63,747764545,1700471884146
1700471884000,1700471885000,24,219471382,1700471885075
1700471884000,1700471885000,47,1032063173,1700471885075
1700471884000,1700471885000,54,597773383,1700471885079
1700471884000,1700471885000,63,430403911,1700471885079
1700471884000,1700471885000,13,313167948,1700471885132
1700471884000,1700471885000,100,207438870,1700471885132
1700471885000,1700471886000,13,365531565,1700471886086
1700471885000,1700471886000,100,181226940,1700471886086
1700471885000,1700471886000,24,507374309,1700471886138
1700471885000,1700471886000,47,1382802213,1700471886138
1700471885000,1700471886000,54,524596701,1700471886167
1700471885000,1700471886000,63,628869989,1700471886167
1700471886000,1700471887000,24,695950560,1700471887096
1700471886000,1700471887000,47,1250795151,1700471887096
1700471886000,1700471887000,54,658048277,1700471887122
1700471886000,1700471887000,63,536542601,1700471887122
1700471886000,1700471887000,13,295575255,1700471887151
1700471886000,1700471887000,100,371355416,1700471887151
1700471887000,1700471888000,54,427838252,1700471888076
1700471887000,1700471888000,63,518314834,1700471888076
1700471887000,1700471888000,13,226994420,1700471888104
1700471887000,1700471888000,100,315350084,1700471888104
1700471887000,1700471888000,24,259053942,1700471888129
1700471887000,1700471888000,47,1451415241,1700471888129
1700471888000,1700471889000,13,47683590,1700471889066
1700471888000,1700471889000,100,171499207,1700471889066
1700471888000,1700471889000,24,553269171,1700471889118
1700471888000,1700471889000,47,1008544987,1700471889118
1700471888000,1700471889000,54,325195829,1700471889137
1700471888000,1700471889000,63,865143806,1700471889137
1700471889000,1700471890000,24,538059236,1700471890073
1700471889000,1700471890000,47,434289763,1700471890073
1700471889000,1700471890000,54,306349418,1700471890094
1700471889000,1700471890000,63,655931568,1700471890094
1700471889000,1700471890000,13,203705467,1700471890122
1700471889000,1700471890000,100,272794403,1700471890122
1700471890000,1700471891000,13,168435220,1700471891084
1700471890000,1700471891000,100,234657665,1700471891084
1700471890000,1700471891000,24,832562539,1700471891137
1700471890000,1700471891000,47,492011985,1700471891137
1700471890000,1700471891000,54,343905152,1700471891153
1700471890000,1700471891000,63,990854422,1700471891153
1700471891000,1700471892000,24,694343266,1700471892093
1700471891000,1700471892000,47,463887350,1700471892093
1700471891000,1700471892000,54,501723415,1700471892105
1700471891000,1700471892000,63,788026203,1700471892105
1700471891000,1700471892000,13,62073138,1700471892144
1700471891000,1700471892000,100,292788771,1700471892144
1700471892000,1700471893000,13,205597654,1700471893098
1700471892000,1700471893000,100,279649255,1700471893098
1700471892000,1700471893000,54,684777810,1700471893141
1700471892000,1700471893000,63,727216816,1700471893141
1700471892000,1700471893000,24,560870231,1700471893152
1700471892000,1700471893000,47,1082205748,1700471893152
1700471893000,1700471894000,24,692167580,1700471894111
1700471893000,1700471894000,47,1149362612,1700471894111
1700471893000,1700471894000,54,486272904,1700471894122
1700471893000,1700471894000,63,487370647,1700471894122
1700471893000,1700471894000,13,251527383,1700471894165
1700471893000,1700471894000,100,353362885,1700471894165
1700471894000,1700471895000,24,641095007,1700471895068
1700471894000,1700471895000,47,936471760,1700471895068
1700471894000,1700471895000,54,467039219,1700471895078
1700471894000,1700471895000,63,153062948,1700471895078
1700471894000,1700471895000,13,133844993,1700471895120
1700471894000,1700471895000,100,373802522,1700471895120
1700471895000,1700471896000,13,242320181,1700471896081
1700471895000,1700471896000,100,287540479,1700471896081
1700471895000,1700471896000,54,449111389,1700471896115
1700471895000,1700471896000,63,225382177,1700471896115
1700471895000,1700471896000,24,503933430,1700471896134
1700471895000,1700471896000,47,615055974,1700471896134
1700471896000,1700471897000,24,635346971,1700471897094
1700471896000,1700471897000,47,616954168,1700471897094
1700471896000,1700471897000,54,567631606,1700471897103
1700471896000,1700471897000,63,391656974,1700471897103
1700471896000,1700471897000,13,308195430,1700471897143
1700471896000,1700471897000,100,129053341,1700471897143
1700471897000,1700471898000,13,235023854,1700471898100
1700471897000,1700471898000,100,154053997,1700471898100
1700471897000,1700471898000,24,508410458,1700471898119
1700471897000,1700471898000,47,659538284,1700471898119
1700471897000,1700471898000,54,469320428,1700471898131
1700471897000,1700471898000,63,252620290,1700471898131
1700471898000,1700471899000,24,934232632,1700471899117
1700471898000,1700471899000,47,457760448,1700471899117
1700471898000,1700471899000,54,516714463,1700471899118
1700471898000,1700471899000,63,270133816,1700471899118
1700471898000,1700471899000,13,151414710,1700471899162
1700471898000,1700471899000,100,190347306,1700471899162
1700471899000,1700471900000,24,795963649,1700471900073
1700471899000,1700471900000,47,437793675,1700471900073
1700471899000,1700471900000,54,356121773,1700471900078
1700471899000,1700471900000,63,197193533,1700471900078
1700471899000,1700471900000,13,256308376,1700471900120
1700471899000,1700471900000,100,215874183,1700471900120
1700471900000,1700471901000,13,133790224,1700471901075
1700471900000,1700471901000,100,233089453,1700471901075
1700471900000,1700471901000,24,699240994,1700471901140
1700471900000,1700471901000,47,521949098,1700471901140
1700471900000,1700471901000,54,360992922,1700471901141
1700471900000,1700471901000,63,179967818,1700471901141
1700471901000,1700471902000,54,368919029,1700471902098
1700471901000,1700471902000,63,215502667,1700471902098
1700471901000,1700471902000,24,607260805,1700471902104
1700471901000,1700471902000,47,468525412,1700471902104
1700471901000,1700471902000,13,202393649,1700471902135
1700471901000,1700471902000,100,294642020,1700471902135
1700471902000,1700471903000,13,188424151,1700471903090
1700471902000,1700471903000,100,251375033,1700471903090
1700471902000,1700471903000,24,700127792,1700471903116
1700471902000,1700471903000,47,396048572,1700471903116
1700471902000,1700471903000,54,328623887,1700471903123
1700471902000,1700471903000,63,268461319,1700471903123
1700471903000,1700471904000,24,568585805,1700471904123
1700471903000,1700471904000,47,225570514,1700471904123
1700471903000,1700471904000,54,271898152,1700471904123
1700471903000,1700471904000,63,331649979,1700471904123
1700471903000,1700471904000,13,104462229,1700471904149
1700471903000,1700471904000,100,171623375,1700471904149
1700471904000,1700471905000,54,441606060,1700471905085
1700471904000,1700471905000,63,252429208,1700471905085
1700471904000,1700471905000,13,270516448,1700471905107
1700471904000,1700471905000,100,257888021,1700471905107
1700471904000,1700471905000,24,544535605,1700471905137
1700471904000,1700471905000,47,216830225,1700471905137
1700471905000,1700471906000,54,638640590,1700471906098
1700471905000,1700471906000,63,111522549,1700471906098
1700471905000,1700471906000,24,651550648,1700471906138
1700471905000,1700471906000,47,168251765,1700471906138
1700471905000,1700471906000,13,76385361,1700471906139
1700471905000,1700471906000,100,372731140,1700471906139
1700471906000,1700471907000,24,461631892,1700471907086
1700471906000,1700471907000,47,290078419,1700471907086
1700471906000,1700471907000,54,326477424,1700471907108
1700471906000,1700471907000,63,250846869,1700471907108
1700471906000,1700471907000,13,168535789,1700471907131
1700471906000,1700471907000,100,415659948,1700471907131
1700471907000,1700471908000,13,328753886,1700471908089
1700471907000,1700471908000,100,297733148,1700471908089
1700471907000,1700471908000,24,600011766,1700471908113
1700471907000,1700471908000,47,201565573,1700471908113
1700471907000,1700471908000,54,333376965,1700471908114
1700471907000,1700471908000,63,292575533,1700471908114
1700471908000,1700471909000,24,913333946,1700471909113
1700471908000,1700471909000,47,126027880,1700471909113
1700471908000,1700471909000,13,282523216,1700471909114
1700471908000,1700471909000,100,263095864,1700471909114
1700471908000,1700471909000,54,192023809,1700471909134
1700471908000,1700471909000,63,314899726,1700471909134
1700471909000,1700471910000,13,459960038,1700471910109
1700471909000,1700471910000,100,120341663,1700471910109
1700471909000,1700471910000,54,157946506,1700471910129
1700471909000,1700471910000,63,329501159,1700471910129
1700471909000,1700471910000,24,374841363,1700471910138
1700471909000,1700471910000,47,251760929,1700471910138
1700471910000,1700471911000,54,177197378,1700471911088
1700471910000,1700471911000,63,312138035,1700471911088
1700471910000,1700471911000,13,213646732,1700471911129
1700471910000,1700471911000,100,241847248,1700471911129
1700471910000,1700471911000,24,664790610,1700471911132
1700471910000,1700471911000,47,538139814,1700471911132
1700471911000,1700471912000,24,682551911,1700471912085
1700471911000,1700471912000,47,672472157,1700471912085
1700471911000,1700471912000,13,160005806,1700471912132
1700471911000,1700471912000,100,271381458,1700471912132
1700471911000,1700471912000,54,170935422,1700471912144
1700471911000,1700471912000,63,319438558,1700471912144
1700471912000,1700471913000,13,202090169,1700471913089
1700471912000,1700471913000,100,283454580,1700471913089
1700471912000,1700471913000,54,305419864,1700471913096
1700471912000,1700471913000,63,378354340,1700471913096
1700471912000,1700471913000,24,502193059,1700471913151
1700471912000,1700471913000,47,561466860,1700471913151
1700471913000,1700471914000,13,132025752,1700471914105
1700471913000,1700471914000,100,205428322,1700471914105
1700471913000,1700471914000,24,290758131,1700471914111
1700471913000,1700471914000,47,185903082,1700471914111
1700471913000,1700471914000,54,314956711,1700471914133
1700471913000,1700471914000,63,638818426,1700471914133
1700471914000,1700471915000,24,199281049,1700471915067
1700471914000,1700471915000,47,348514629,1700471915067
1700471914000,1700471915000,13,197799212,1700471915111
1700471914000,1700471915000,100,237311214,1700471915111
1700471914000,1700471915000,54,335290963,1700471915121
1700471914000,1700471915000,63,462893992,1700471915121
1700471915000,1700471916000,54,367280030,1700471916076
1700471915000,1700471916000,63,196346971,1700471916076
1700471915000,1700471916000,13,295976839,1700471916117
1700471915000,1700471916000,100,206620045,1700471916117
1700471915000,1700471916000,24,416615220,1700471916127
1700471915000,1700471916000,47,153214831,1700471916127
1700471916000,1700471917000,24,339794595,1700471917084
1700471916000,1700471917000,47,49272499,1700471917084
1700471916000,1700471917000,13,319268809,1700471917134
1700471916000,1700471917000,100,274159559,1700471917134
1700471916000,1700471917000,54,503508555,1700471917141
1700471916000,1700471917000,63,307445621,1700471917141
1700471917000,1700471918000,54,304637568,1700471918101
1700471917000,1700471918000,63,415095201,1700471918101
1700471917000,1700471918000,13,274192077,1700471918135
1700471917000,1700471918000,100,294103159,1700471918135
1700471917000,1700471918000,24,302522504,1700471918152
1700471917000,1700471918000,47,350529445,1700471918152
1700471918000,1700471919000,13,151954956,1700471919091
1700471918000,1700471919000,100,286558714,1700471919091
1700471918000,1700471919000,24,219309550,1700471919110
1700471918000,1700471919000,47,418897234,1700471919110
1700471918000,1700471919000,54,124669111,1700471919165
1700471918000,1700471919000,63,473334928,1700471919165
1700471919000,1700471920000,24,324527338,1700471920064
1700471919000,1700471920000,47,386790116,1700471920064
1700471919000,1700471920000,13,252158463,1700471920104
1700471919000,1700471920000,100,285752942,1700471920104
1700471919000,1700471920000,54,605175596,1700471920123
1700471919000,1700471920000,63,355930181,1700471920123
1700471920000,1700471921000,54,581829951,1700471921079
1700471920000,1700471921000,63,375334493,1700471921079
1700471920000,1700471921000,13,140315115,1700471921111
1700471920000,1700471921000,100,185594389,1700471921111
1700471920000,1700471921000,24,318088967,1700471921132
1700471920000,1700471921000,47,333992608,1700471921132
1700471921000,1700471922000,24,241475283,1700471922093
1700471921000,1700471922000,47,295818950,1700471922093
1700471921000,1700471922000,13,170262349,1700471922125
1700471921000,1700471922000,100,168989903,1700471922125
1700471921000,1700471922000,54,944954163,1700471922139
1700471921000,1700471922000,63,451144370,1700471922139
1700471922000,1700471923000,54,1053116347,1700471923098
1700471922000,1700471923000,63,586470271,1700471923098
1700471922000,1700471923000,13,222162541,1700471923131
1700471922000,1700471923000,100,113240959,1700471923131
1700471922000,1700471923000,24,400898344,1700471923157
1700471922000,1700471923000,47,331832251,1700471923157
1700471923000,1700471924000,13,76777674,1700471924085
1700471923000,1700471924000,100,75664347,1700471924085
1700471923000,1700471924000,24,428887877,1700471924119
1700471923000,1700471924000,47,313162392,1700471924119
1700471923000,1700471924000,54,666288211,1700471924159
1700471923000,1700471924000,63,755377791,1700471924159
1700471924000,1700471925000,24,551350922,1700471925078
1700471924000,1700471925000,47,314194196,1700471925078
1700471924000,1700471925000,13,229868033,1700471925103
1700471924000,1700471925000,100,68486978,1700471925103
1700471924000,1700471925000,54,741280567,1700471925118
1700471924000,1700471925000,63,708665617,1700471925118
1700471925000,1700471926000,54,431926994,1700471926077
1700471925000,1700471926000,63,402479134,1700471926077
1700471925000,1700471926000,13,58196296,1700471926109
1700471925000,1700471926000,100,49485244,1700471926109
1700471925000,1700471926000,24,747135015,1700471926138
1700471925000,1700471926000,47,298867885,1700471926138
1700471926000,1700471927000,24,505916063,1700471927096
1700471926000,1700471927000,47,328277947,1700471927096
1700471926000,1700471927000,13,159874222,1700471927120
1700471926000,1700471927000,100,117645054,1700471927120
1700471926000,1700471927000,54,409479952,1700471927143
1700471926000,1700471927000,63,404225489,1700471927143
1700471927000,1700471928000,54,464647605,1700471928096
1700471927000,1700471928000,63,779174249,1700471928096
1700471927000,1700471928000,13,49703354,1700471928127
1700471927000,1700471928000,100,207114266,1700471928127
1700471927000,1700471928000,24,573181503,1700471928151
1700471927000,1700471928000,47,431361338,1700471928151
1700471928000,1700471929000,13,170238983,1700471929081
1700471928000,1700471929000,100,86389286,1700471929081
1700471928000,1700471929000,24,737101230,1700471929107
1700471928000,1700471929000,47,326804008,1700471929107
1700471928000,1700471929000,54,308062279,1700471929152
1700471928000,1700471929000,63,789076538,1700471929152
1700471929000,1700471930000,13,275623593,1700471930099
1700471929000,1700471930000,100,218438165,1700471930099
1700471929000,1700471930000,54,370503120,1700471930107
1700471929000,1700471930000,63,907726815,1700471930107
1700471929000,1700471930000,24,611700282,1700471930168
1700471929000,1700471930000,47,538231041,1700471930168
