debs$start:INTEGER(64 bits),debs$end:INTEGER(64 bits),debs$sid:INTEGER(64 bits),debs$absolute_v:INTEGER(64 bits),timestamp
1700492082000,1700492083000,13,8462223,1700492083318
1700492082000,1700492083000,100,8337268,1700492083331
1700492082000,1700492083000,47,7972933,1700492083341
1700492082000,1700492083000,54,10986211,1700492083419
1700492082000,1700492083000,24,12272884,1700492083421
1700492082000,1700492083000,63,5976893,1700492083602
1700492083000,1700492084000,100,24875632,1700492084081
1700492083000,1700492084000,24,25355887,1700492084154
1700492083000,1700492084000,54,27885168,1700492084279
1700492083000,1700492084000,47,18197415,1700492084328
1700492083000,1700492084000,13,24101246,1700492084382
1700492083000,1700492084000,63,12293769,1700492084728
1700492084000,1700492085000,100,34439564,1700492085127
1700492084000,1700492085000,54,29867071,1700492085137
1700492084000,1700492085000,13,26621465,1700492085191
1700492084000,1700492085000,47,16011275,1700492085244
1700492084000,1700492085000,24,29068245,1700492085318
1700492084000,1700492085000,63,17598706,1700492085749
1700492085000,1700492086000,24,25753921,1700492086092
1700492085000,1700492086000,54,20375627,1700492086093
1700492085000,1700492086000,47,33644278,1700492086129
1700492085000,1700492086000,100,61199091,1700492086270
1700492085000,1700492086000,13,21387079,1700492086307
1700492085000,1700492086000,63,12861514,1700492086817
1700492086000,1700492087000,100,54912529,1700492087114
1700492086000,1700492087000,54,22174139,1700492087122
1700492086000,1700492087000,24,18629395,1700492087169
1700492086000,1700492087000,47,49880858,1700492087182
1700492086000,1700492087000,13,18999132,1700492087503
1700492086000,1700492087000,63,17153245,1700492087538
1700492087000,1700492088000,47,14859106,1700492088108
1700492087000,1700492088000,24,20375565,1700492088124
1700492087000,1700492088000,54,27595638,1700492088196
1700492087000,1700492088000,100,67707270,1700492088294
1700492087000,1700492088000,63,15036994,1700492088365
1700492087000,1700492088000,13,20903916,1700492088384
1700492088000,1700492089000,54,31700813,1700492089103
1700492088000,1700492089000,47,21714410,1700492089144
1700492088000,1700492089000,100,59478686,1700492089157
1700492088000,1700492089000,63,12463497,1700492089178
1700492088000,1700492089000,24,22920639,1700492089288
1700492088000,1700492089000,13,19127637,1700492089358
1700492089000,1700492090000,100,29446562,1700492090108
1700492089000,1700492090000,54,32942539,1700492090142
1700492089000,1700492090000,24,22241481,1700492090233
1700492089000,1700492090000,63,15422860,1700492090234
1700492089000,1700492090000,47,18264942,1700492090307
1700492089000,1700492090000,13,18975695,1700492090346
1700492090000,1700492091000,13,16148317,1700492091082
1700492090000,1700492091000,24,28013453,1700492091168
1700492090000,1700492091000,63,18852364,1700492091209
1700492090000,1700492091000,100,20131238,1700492091296
1700492090000,1700492091000,47,16980194,1700492091300
1700492090000,1700492091000,54,27020203,1700492091323
1700492091000,1700492092000,24,21696603,1700492092140
1700492091000,1700492092000,63,14815092,1700492092185
1700492091000,1700492092000,100,17994991,1700492092185
1700492091000,1700492092000,54,23790293,1700492092255
1700492091000,1700492092000,47,17380840,1700492092275
1700492091000,1700492092000,13,29809884,1700492092298
1700492092000,1700492093000,63,15684166,1700492093142
1700492092000,1700492093000,100,18306089,1700492093267
1700492092000,1700492093000,47,16289517,1700492093271
1700492092000,1700492093000,54,30708741,1700492093281
1700492092000,1700492093000,24,24340018,1700492093291
1700492092000,1700492093000,13,21416901,1700492093342
1700492093000,1700492094000,54,29746364,1700492094087
1700492093000,1700492094000,47,16601013,1700492094096
1700492093000,1700492094000,13,20368491,1700492094107
1700492093000,1700492094000,24,21225441,1700492094129
1700492093000,1700492094000,63,19537447,1700492094247
1700492093000,1700492094000,100,16844216,1700492094363
1700492094000,1700492095000,54,22988062,1700492095139
1700492094000,1700492095000,13,21962937,1700492095156
1700492094000,1700492095000,47,16035303,1700492095176
1700492094000,1700492095000,63,15855292,1700492095251
1700492094000,1700492095000,24,42302085,1700492095277
1700492094000,1700492095000,100,18449723,1700492095364
1700492095000,1700492096000,13,18708887,1700492096088
1700492095000,1700492096000,54,18476499,1700492096208
1700492095000,1700492096000,47,17326038,1700492096209
1700492095000,1700492096000,100,20051336,1700492096260
1700492095000,1700492096000,24,35862859,1700492096358
1700492095000,1700492096000,63,14622006,1700492096363
1700492096000,1700492097000,54,25283410,1700492097099
1700492096000,1700492097000,24,47345609,1700492097110
1700492096000,1700492097000,13,24427961,1700492097149
1700492096000,1700492097000,47,18230232,1700492097314
1700492096000,1700492097000,100,21705268,1700492097315
1700492096000,1700492097000,63,13150972,1700492097391
1700492097000,1700492098000,24,21235355,1700492098133
1700492097000,1700492098000,54,24987241,1700492098157
1700492097000,1700492098000,63,13150894,1700492098225
1700492097000,1700492098000,47,15661834,1700492098240
1700492097000,1700492098000,13,17986450,1700492098252
1700492097000,1700492098000,100,21787785,1700492098332
1700492098000,1700492099000,63,18082512,1700492099137
1700492098000,1700492099000,100,16894283,1700492099234
1700492098000,1700492099000,54,17339151,1700492099238
1700492098000,1700492099000,13,18427895,1700492099259
1700492098000,1700492099000,47,14518083,1700492099260
1700492098000,1700492099000,24,22909761,1700492099320
1700492099000,1700492100000,100,22571193,1700492100130
1700492099000,1700492100000,54,23486048,1700492100148
1700492099000,1700492100000,13,19981949,1700492100209
1700492099000,1700492100000,24,28826926,1700492100232
1700492099000,1700492100000,47,15928036,1700492100272
1700492099000,1700492100000,63,15302354,1700492100405
1700492100000,1700492101000,63,17011631,1700492101084
1700492100000,1700492101000,13,22351920,1700492101109
1700492100000,1700492101000,100,23578955,1700492101162
1700492100000,1700492101000,24,35136477,1700492101164
1700492100000,1700492101000,54,40326581,1700492101199
1700492100000,1700492101000,47,14693416,1700492101367
1700492101000,1700492102000,24,29400792,1700492102086
1700492101000,1700492102000,47,28447549,1700492102096
1700492101000,1700492102000,13,28271129,1700492102166
1700492101000,1700492102000,63,12276633,1700492102171
1700492101000,1700492102000,100,17192813,1700492102256
1700492101000,1700492102000,54,39239323,1700492102265
1700492102000,1700492103000,13,19004352,1700492103097
1700492102000,1700492103000,100,23136631,1700492103121
1700492102000,1700492103000,47,15697718,1700492103162
1700492102000,1700492103000,54,28536441,1700492103235
1700492102000,1700492103000,63,40826648,1700492103247
1700492102000,1700492103000,24,24562164,1700492103285
1700492103000,1700492104000,54,22178622,1700492104106
1700492103000,1700492104000,24,28803232,1700492104162
1700492103000,1700492104000,100,16419769,1700492104164
1700492103000,1700492104000,63,19881556,1700492104249
1700492103000,1700492104000,13,18790841,1700492104258
1700492103000,1700492104000,47,47978636,1700492104395
1700492104000,1700492105000,100,17488597,1700492105087
1700492104000,1700492105000,47,19740138,1700492105102
1700492104000,1700492105000,24,28023835,1700492105109
1700492104000,1700492105000,54,20405843,1700492105152
1700492104000,1700492105000,13,21298414,1700492105161
1700492104000,1700492105000,63,16519702,1700492105302
1700492105000,1700492106000,54,15682246,1700492106081
1700492105000,1700492106000,13,19981882,1700492106134
1700492105000,1700492106000,47,45682486,1700492106155
1700492105000,1700492106000,100,19902964,1700492106163
1700492105000,1700492106000,63,15131761,1700492106163
1700492105000,1700492106000,24,24102696,1700492106186
1700492106000,1700492107000,54,22611482,1700492107152
1700492106000,1700492107000,47,32925559,1700492107184
1700492106000,1700492107000,63,18263051,1700492107194
1700492106000,1700492107000,100,18152428,1700492107195
1700492106000,1700492107000,24,27729022,1700492107228
1700492106000,1700492107000,13,17355238,1700492107361
1700492107000,1700492108000,47,30496517,1700492108113
1700492107000,1700492108000,24,20458025,1700492108115
1700492107000,1700492108000,100,19801899,1700492108116
1700492107000,1700492108000,54,17691807,1700492108314
1700492107000,1700492108000,63,15384734,1700492108319
1700492107000,1700492108000,13,40208095,1700492108415
1700492108000,1700492109000,54,26109193,1700492109087
1700492108000,1700492109000,13,25231121,1700492109145
1700492108000,1700492109000,24,39043745,1700492109272
1700492108000,1700492109000,47,40732214,1700492109277
1700492108000,1700492109000,100,51441716,1700492109294
1700492108000,1700492109000,63,13342473,1700492109306
1700492109000,1700492110000,13,37368067,1700492110111
1700492109000,1700492110000,24,22385812,1700492110154
1700492109000,1700492110000,54,28200509,1700492110157
1700492109000,1700492110000,63,17873144,1700492110199
1700492109000,1700492110000,100,77240951,1700492110279
1700492109000,1700492110000,47,52063429,1700492110371
1700492110000,1700492111000,24,24313922,1700492111091
1700492110000,1700492111000,13,28636006,1700492111123
1700492110000,1700492111000,47,12739548,1700492111210
1700492110000,1700492111000,100,36683338,1700492111249
1700492110000,1700492111000,63,14895225,1700492111266
1700492110000,1700492111000,54,28036771,1700492111358
1700492111000,1700492112000,54,18534731,1700492112079
1700492111000,1700492112000,47,45896236,1700492112128
1700492111000,1700492112000,63,14548474,1700492112140
1700492111000,1700492112000,100,76955613,1700492112140
1700492111000,1700492112000,24,29139292,1700492112185
1700492111000,1700492112000,13,21652966,1700492112189
1700492112000,1700492113000,13,26826981,1700492113115
1700492112000,1700492113000,54,24815425,1700492113159
1700492112000,1700492113000,24,26982688,1700492113229
1700492112000,1700492113000,47,16772927,1700492113348
1700492112000,1700492113000,100,36839680,1700492113372
1700492112000,1700492113000,63,16335847,1700492113372
1700492113000,1700492114000,13,28233114,1700492114129
1700492113000,1700492114000,24,26294571,1700492114129
1700492113000,1700492114000,47,10017098,1700492114217
1700492113000,1700492114000,63,13857386,1700492114328
1700492113000,1700492114000,54,27940972,1700492114358
1700492113000,1700492114000,100,39339612,1700492114426
1700492114000,1700492115000,54,28204556,1700492115132
1700492114000,1700492115000,24,24801311,1700492115149
1700492114000,1700492115000,47,9697105,1700492115158
1700492114000,1700492115000,13,23779138,1700492115171
1700492114000,1700492115000,63,14133639,1700492115220
1700492114000,1700492115000,100,81193339,1700492115341
1700492115000,1700492116000,13,32054188,1700492116078
1700492115000,1700492116000,24,21606283,1700492116118
1700492115000,1700492116000,47,9999551,1700492116235
1700492115000,1700492116000,54,26522288,1700492116263
1700492115000,1700492116000,63,15288876,1700492116285
1700492115000,1700492116000,100,83165703,1700492116369
1700492116000,1700492117000,63,17044035,1700492117120
1700492116000,1700492117000,47,11690694,1700492117123
1700492116000,1700492117000,13,27402289,1700492117148
1700492116000,1700492117000,100,57035284,1700492117196
1700492116000,1700492117000,54,21361644,1700492117354
1700492116000,1700492117000,24,27838508,1700492117367
1700492117000,1700492118000,47,11318454,1700492118152
1700492117000,1700492118000,13,20801890,1700492118171
1700492117000,1700492118000,100,41223571,1700492118228
1700492117000,1700492118000,63,14899215,1700492118238
1700492117000,1700492118000,54,28929445,1700492118255
1700492117000,1700492118000,24,23661569,1700492118291
1700492118000,1700492119000,13,18969347,1700492119103
1700492118000,1700492119000,54,29776373,1700492119184
1700492118000,1700492119000,63,17925221,1700492119193
1700492118000,1700492119000,47,10323471,1700492119231
1700492118000,1700492119000,24,28491019,1700492119256
1700492118000,1700492119000,100,21907682,1700492119287
1700492119000,1700492120000,100,17047438,1700492120108
1700492119000,1700492120000,13,35698091,1700492120147
1700492119000,1700492120000,47,10695262,1700492120152
1700492119000,1700492120000,54,19598336,1700492120168
1700492119000,1700492120000,24,27356296,1700492120187
1700492119000,1700492120000,63,18069193,1700492120197
1700492120000,1700492121000,54,16433401,1700492121092
1700492120000,1700492121000,13,34262654,1700492121153
1700492120000,1700492121000,47,13332799,1700492121182
1700492120000,1700492121000,24,18832206,1700492121304
1700492120000,1700492121000,63,13734204,1700492121315
1700492120000,1700492121000,100,15776012,1700492121315
1700492121000,1700492122000,24,21242913,1700492122092
1700492121000,1700492122000,13,17570512,1700492122095
1700492121000,1700492122000,54,24965882,1700492122124
1700492121000,1700492122000,63,15337021,1700492122173
1700492121000,1700492122000,100,24481116,1700492122182
1700492121000,1700492122000,47,12209141,1700492122241
1700492122000,1700492123000,100,23476815,1700492123077
1700492122000,1700492123000,13,27730549,1700492123161
1700492122000,1700492123000,54,79076297,1700492123175
1700492122000,1700492123000,47,14983282,1700492123187
1700492122000,1700492123000,63,16845163,1700492123201
1700492122000,1700492123000,24,17204419,1700492123266
1700492123000,1700492124000,47,12909858,1700492124126
1700492123000,1700492124000,24,23019288,1700492124170
1700492123000,1700492124000,54,38302697,1700492124212
1700492123000,1700492124000,13,29978435,1700492124263
1700492123000,1700492124000,100,22041328,1700492124277
1700492123000,1700492124000,63,16405883,1700492124286
1700492124000,1700492125000,63,14194369,1700492125079
1700492124000,1700492125000,24,23189019,1700492125102
1700492124000,1700492125000,100,16097053,1700492125164
1700492124000,1700492125000,13,23659095,1700492125261
1700492124000,1700492125000,54,43525428,1700492125310
1700492124000,1700492125000,47,16014615,1700492125345
1700492125000,1700492126000,100,16493358,1700492126115
1700492125000,1700492126000,63,12636061,1700492126134
1700492125000,1700492126000,24,18450173,1700492126144
1700492125000,1700492126000,47,29788006,1700492126147
1700492125000,1700492126000,13,14720041,1700492126193
1700492125000,1700492126000,54,35777982,1700492126335
1700492126000,1700492127000,13,19016744,1700492127115
1700492126000,1700492127000,47,30501895,1700492127156
1700492126000,1700492127000,63,14783624,1700492127165
1700492126000,1700492127000,100,30167544,1700492127178
1700492126000,1700492127000,54,18211803,1700492127259
1700492126000,1700492127000,24,21823202,1700492127314
1700492127000,1700492128000,100,31943508,1700492128098
1700492127000,1700492128000,54,34499619,1700492128113
1700492127000,1700492128000,47,17755592,1700492128115
1700492127000,1700492128000,13,23619445,1700492128192
1700492127000,1700492128000,63,19211925,1700492128215
1700492127000,1700492128000,24,31187940,1700492128240
1700492128000,1700492129000,24,30202038,1700492129101
1700492128000,1700492129000,13,20975131,1700492129106
1700492128000,1700492129000,47,14666732,1700492129153
1700492128000,1700492129000,54,44377827,1700492129224
1700492128000,1700492129000,100,37633836,1700492129285
1700492128000,1700492129000,63,15490129,1700492129302
1700492129000,1700492130000,47,33522032,1700492130097
1700492129000,1700492130000,54,24715560,1700492130130
1700492129000,1700492130000,13,30058204,1700492130140
1700492129000,1700492130000,63,22961357,1700492130161
1700492129000,1700492130000,24,30085524,1700492130162
1700492129000,1700492130000,100,37821174,1700492130174
1700492130000,1700492131000,24,38843994,1700492131087
1700492130000,1700492131000,100,19129433,1700492131090
1700492130000,1700492131000,54,25922670,1700492131169
1700492130000,1700492131000,13,23532879,1700492131176
1700492130000,1700492131000,63,20042815,1700492131194
1700492130000,1700492131000,47,19066959,1700492131269
1700492131000,1700492132000,54,24970611,1700492132102
1700492131000,1700492132000,24,38006921,1700492132115
1700492131000,1700492132000,13,43914757,1700492132160
1700492131000,1700492132000,63,26544544,1700492132239
1700492131000,1700492132000,47,26722997,1700492132304
1700492131000,1700492132000,100,21974743,1700492132324
1700492132000,1700492133000,24,38591630,1700492133151
1700492132000,1700492133000,13,26795568,1700492133198
1700492132000,1700492133000,63,66683436,1700492133226
1700492132000,1700492133000,47,20021707,1700492133237
1700492132000,1700492133000,54,27261958,1700492133284
1700492132000,1700492133000,100,23478433,1700492133354
1700492133000,1700492134000,24,29383641,1700492134162
1700492133000,1700492134000,54,19258281,1700492134195
1700492133000,1700492134000,13,17709622,1700492134294
1700492133000,1700492134000,47,18209915,1700492134314
1700492133000,1700492134000,63,91768758,1700492134358
1700492133000,1700492134000,100,22736875,1700492134460
1700492134000,1700492135000,54,16350027,1700492135134
1700492134000,1700492135000,13,41489499,1700492135146
1700492134000,1700492135000,24,21846812,1700492135152
1700492134000,1700492135000,47,17278431,1700492135323
1700492134000,1700492135000,63,46700510,1700492135327
1700492134000,1700492135000,100,20363450,1700492135424
1700492135000,1700492136000,24,34426219,1700492136085
1700492135000,1700492136000,13,23932074,1700492136180
1700492135000,1700492136000,47,13434272,1700492136276
1700492135000,1700492136000,54,22667494,1700492136289
1700492135000,1700492136000,63,107659463,1700492136304
1700492135000,1700492136000,100,24935189,1700492136544
1700492136000,1700492137000,13,39821752,1700492137097
1700492136000,1700492137000,54,21935488,1700492137285
1700492136000,1700492137000,47,12111617,1700492137331
1700492136000,1700492137000,24,22739344,1700492137333
1700492136000,1700492137000,100,23745705,1700492137401
1700492136000,1700492137000,63,29562841,1700492137511
1700492137000,1700492138000,13,27087766,1700492138112
1700492137000,1700492138000,54,63544573,1700492138254
1700492137000,1700492138000,47,11253296,1700492138265
1700492137000,1700492138000,100,16445249,1700492138356
1700492137000,1700492138000,24,39521833,1700492138367
1700492137000,1700492138000,63,30323729,1700492138449
1700492138000,1700492139000,24,21588735,1700492139082
1700492138000,1700492139000,47,12552981,1700492139115
1700492138000,1700492139000,54,25710438,1700492139139
1700492138000,1700492139000,13,34132594,1700492139189
1700492138000,1700492139000,63,20181358,1700492139431
1700492138000,1700492139000,100,20051734,1700492139442
1700492139000,1700492140000,13,30076674,1700492140130
1700492139000,1700492140000,24,26702767,1700492140135
1700492139000,1700492140000,47,13633503,1700492140145
1700492139000,1700492140000,54,31592382,1700492140180
1700492139000,1700492140000,100,19518090,1700492140182
1700492139000,1700492140000,63,18074841,1700492140395
1700492140000,1700492141000,54,34801829,1700492141113
1700492140000,1700492141000,13,23135638,1700492141123
1700492140000,1700492141000,47,16426710,1700492141179
1700492140000,1700492141000,100,23728528,1700492141229
1700492140000,1700492141000,63,13381781,1700492141238
1700492140000,1700492141000,24,30281900,1700492141337
1700492141000,1700492142000,47,12312770,1700492142107
1700492141000,1700492142000,63,20960233,1700492142159
1700492141000,1700492142000,100,19486061,1700492142159
1700492141000,1700492142000,13,21592365,1700492142177
1700492141000,1700492142000,24,26243277,1700492142235
1700492141000,1700492142000,54,66696299,1700492142253
1700492142000,1700492143000,13,22667704,1700492143105
1700492142000,1700492143000,47,17698651,1700492143122
1700492142000,1700492143000,24,20885054,1700492143136
1700492142000,1700492143000,54,24938980,1700492143167
1700492142000,1700492143000,63,17508552,1700492143242
1700492142000,1700492143000,100,20258857,1700492143357
1700492143000,1700492144000,47,11591852,1700492144087
1700492143000,1700492144000,54,22017620,1700492144105
1700492143000,1700492144000,63,14969615,1700492144132
1700492143000,1700492144000,13,39870554,1700492144148
1700492143000,1700492144000,24,26449735,1700492144224
1700492143000,1700492144000,100,19318106,1700492144247
1700492144000,1700492145000,47,17003366,1700492145108
1700492144000,1700492145000,54,30232983,1700492145146
1700492144000,1700492145000,24,25570947,1700492145157
1700492144000,1700492145000,13,37306137,1700492145291
1700492144000,1700492145000,100,25500470,1700492145329
1700492144000,1700492145000,63,12157406,1700492145342
1700492145000,1700492146000,13,23675014,1700492146148
1700492145000,1700492146000,100,29404161,1700492146151
1700492145000,1700492146000,47,15506423,1700492146153
1700492145000,1700492146000,63,15755810,1700492146158
1700492145000,1700492146000,24,23853519,1700492146183
1700492145000,1700492146000,54,69760493,1700492146279
1700492146000,1700492147000,54,73300069,1700492147096
1700492146000,1700492147000,24,20379424,1700492147098
1700492146000,1700492147000,13,22429891,1700492147101
1700492146000,1700492147000,63,19257900,1700492147166
1700492146000,1700492147000,100,50944743,1700492147272
1700492146000,1700492147000,47,14919643,1700492147298
1700492147000,1700492148000,47,13112115,1700492148125
1700492147000,1700492148000,24,33500504,1700492148137
1700492147000,1700492148000,54,146065615,1700492148149
1700492147000,1700492148000,63,35218762,1700492148202
1700492147000,1700492148000,13,28591286,1700492148265
1700492147000,1700492148000,100,85494639,1700492148315
1700492148000,1700492149000,54,202375091,1700492149091
1700492148000,1700492149000,13,27422946,1700492149160
1700492148000,1700492149000,24,32035501,1700492149186
1700492148000,1700492149000,100,87520999,1700492149221
1700492148000,1700492149000,63,104952161,1700492149234
1700492148000,1700492149000,47,23448513,1700492149262
1700492149000,1700492150000,13,24123723,1700492150080
1700492149000,1700492150000,24,37516715,1700492150112
1700492149000,1700492150000,54,178924407,1700492150115
1700492149000,1700492150000,100,61924943,1700492150128
1700492149000,1700492150000,47,34968599,1700492150182
1700492149000,1700492150000,63,209924082,1700492150251
1700492150000,1700492151000,13,32397879,1700492151131
1700492150000,1700492151000,24,111150824,1700492151143
1700492150000,1700492151000,54,190789312,1700492151184
1700492150000,1700492151000,63,169143358,1700492151213
1700492150000,1700492151000,47,158629048,1700492151252
1700492150000,1700492151000,100,100218834,1700492151335
1700492151000,1700492152000,24,69544173,1700492152110
1700492151000,1700492152000,54,195853173,1700492152244
1700492151000,1700492152000,13,36894787,1700492152249
1700492151000,1700492152000,63,158297882,1700492152267
1700492151000,1700492152000,100,32570356,1700492152267
1700492151000,1700492152000,47,50024471,1700492152303
1700492152000,1700492153000,24,177713884,1700492153097
1700492152000,1700492153000,54,133937424,1700492153117
1700492152000,1700492153000,13,27171830,1700492153118
1700492152000,1700492153000,100,71803071,1700492153142
1700492152000,1700492153000,47,190274874,1700492153191
1700492152000,1700492153000,63,181310698,1700492153218
1700492153000,1700492154000,63,36662196,1700492154082
1700492153000,1700492154000,54,85423313,1700492154165
1700492153000,1700492154000,47,157029093,1700492154270
1700492153000,1700492154000,100,77717609,1700492154299
1700492153000,1700492154000,24,164674332,1700492154310
1700492153000,1700492154000,13,216226223,1700492154341
1700492154000,1700492155000,24,146651200,1700492155080
1700492154000,1700492155000,54,105865856,1700492155110
1700492154000,1700492155000,13,82946007,1700492155131
1700492154000,1700492155000,47,102803711,1700492155178
1700492154000,1700492155000,63,41829435,1700492155254
1700492154000,1700492155000,100,66067128,1700492155254
1700492155000,1700492156000,47,188029620,1700492156075
1700492155000,1700492156000,24,117804797,1700492156135
1700492155000,1700492156000,100,63609613,1700492156143
1700492155000,1700492156000,54,51468411,1700492156151
1700492155000,1700492156000,13,255461651,1700492156159
1700492155000,1700492156000,63,62798420,1700492156417
1700492156000,1700492157000,13,262880590,1700492157098
1700492156000,1700492157000,24,218394879,1700492157148
1700492156000,1700492157000,54,37064860,1700492157168
1700492156000,1700492157000,100,90555585,1700492157185
1700492156000,1700492157000,47,84595752,1700492157265
1700492156000,1700492157000,63,49230739,1700492157398
1700492157000,1700492158000,54,106176105,1700492158096
1700492157000,1700492158000,100,80261550,1700492158130
1700492157000,1700492158000,13,193185306,1700492158146
1700492157000,1700492158000,47,47352386,1700492158147
1700492157000,1700492158000,24,177861608,1700492158182
1700492157000,1700492158000,63,49800794,1700492158442
1700492158000,1700492159000,47,28590268,1700492159110
1700492158000,1700492159000,24,35046257,1700492159118
1700492158000,1700492159000,54,49775133,1700492159125
1700492158000,1700492159000,100,57431883,1700492159148
1700492158000,1700492159000,13,86883955,1700492159198
1700492158000,1700492159000,63,28465412,1700492159369
1700492159000,1700492160000,24,62047381,1700492160128
1700492159000,1700492160000,13,141456842,1700492160176
1700492159000,1700492160000,100,56456636,1700492160244
1700492159000,1700492160000,47,130539964,1700492160259
1700492159000,1700492160000,54,32535438,1700492160269
1700492159000,1700492160000,63,47318088,1700492160449
1700492160000,1700492161000,54,152648273,1700492161113
1700492160000,1700492161000,13,39831322,1700492161126
1700492160000,1700492161000,24,40506038,1700492161169
1700492160000,1700492161000,47,39608774,1700492161173
1700492160000,1700492161000,100,67183339,1700492161267
1700492160000,1700492161000,63,19044531,1700492161357
1700492161000,1700492162000,54,156592727,1700492162122
1700492161000,1700492162000,24,21652118,1700492162135
1700492161000,1700492162000,13,31338907,1700492162160
1700492161000,1700492162000,47,15761305,1700492162245
1700492161000,1700492162000,100,39814317,1700492162324
1700492161000,1700492162000,63,19586059,1700492162462
1700492162000,1700492163000,24,32724356,1700492163063
1700492162000,1700492163000,47,23101137,1700492163127
1700492162000,1700492163000,54,132543492,1700492163180
1700492162000,1700492163000,13,39370775,1700492163200
1700492162000,1700492163000,63,15298506,1700492163286
1700492162000,1700492163000,100,27844161,1700492163294
1700492163000,1700492164000,54,63213846,1700492164096
1700492163000,1700492164000,24,57214921,1700492164125
1700492163000,1700492164000,13,40134075,1700492164137
1700492163000,1700492164000,47,62476469,1700492164175
1700492163000,1700492164000,100,149188017,1700492164360
1700492163000,1700492164000,63,56106032,1700492164479
1700492164000,1700492165000,54,24795366,1700492165115
1700492164000,1700492165000,47,27317911,1700492165135
1700492164000,1700492165000,24,119960024,1700492165149
1700492164000,1700492165000,13,42682227,1700492165162
1700492164000,1700492165000,63,87906156,1700492165694
1700492164000,1700492165000,100,43889380,1700492165870
1700492165000,1700492166000,13,43088748,1700492166063
1700492165000,1700492166000,54,18990876,1700492166073
1700492165000,1700492166000,24,215197586,1700492166255
1700492165000,1700492166000,47,42966077,1700492166301
1700492165000,1700492166000,63,36338602,1700492166397
1700492165000,1700492166000,100,125592802,1700492166471
1700492166000,1700492167000,47,88219745,1700492167097
1700492166000,1700492167000,24,173757685,1700492167153
1700492166000,1700492167000,54,39322330,1700492167265
1700492166000,1700492167000,63,21759584,1700492167281
1700492166000,1700492167000,13,58637429,1700492167292
1700492166000,1700492167000,100,85216600,1700492167436
1700492167000,1700492168000,24,25944369,1700492168095
1700492167000,1700492168000,47,32721951,1700492168160
1700492167000,1700492168000,54,152827803,1700492168162
1700492167000,1700492168000,13,42490548,1700492168353
1700492167000,1700492168000,63,26124060,1700492168380
1700492167000,1700492168000,100,76571290,1700492168494
1700492168000,1700492169000,13,23053621,1700492169081
1700492168000,1700492169000,54,78100734,1700492169128
1700492168000,1700492169000,47,52787526,1700492169244
1700492168000,1700492169000,24,23056434,1700492169273
1700492168000,1700492169000,100,64982438,1700492169275
1700492168000,1700492169000,63,27775553,1700492169282
1700492169000,1700492170000,100,51170229,1700492170122
1700492169000,1700492170000,13,26893068,1700492170125
1700492169000,1700492170000,54,103014132,1700492170152
1700492169000,1700492170000,24,61156217,1700492170178
1700492169000,1700492170000,63,40641712,1700492170239
1700492169000,1700492170000,47,75269044,1700492170491
1700492170000,1700492171000,13,19606567,1700492171111
1700492170000,1700492171000,63,19973142,1700492171135
1700492170000,1700492171000,100,33933391,1700492171135
1700492170000,1700492171000,54,79189414,1700492171199
1700492170000,1700492171000,24,39226368,1700492171251
1700492170000,1700492171000,47,57147611,1700492171365
1700492171000,1700492172000,47,65441984,1700492172073
1700492171000,1700492172000,54,72719655,1700492172100
1700492171000,1700492172000,24,187684633,1700492172134
1700492171000,1700492172000,13,23810029,1700492172145
1700492171000,1700492172000,63,26811074,1700492172201
1700492171000,1700492172000,100,28762298,1700492172201
1700492172000,1700492173000,54,123247904,1700492173127
1700492172000,1700492173000,24,94379542,1700492173176
1700492172000,1700492173000,47,28476993,1700492173178
1700492172000,1700492173000,13,24890830,1700492173289
1700492172000,1700492173000,100,25634424,1700492173302
1700492172000,1700492173000,63,20840576,1700492173302
1700492173000,1700492174000,47,109712543,1700492174095
1700492173000,1700492174000,13,32700701,1700492174104
1700492173000,1700492174000,63,18169491,1700492174128
1700492173000,1700492174000,100,102187909,1700492174138
1700492173000,1700492174000,54,38465127,1700492174139
1700492173000,1700492174000,24,72679862,1700492174224
1700492174000,1700492175000,24,55998987,1700492175117
1700492174000,1700492175000,47,29335572,1700492175134
1700492174000,1700492175000,54,60158465,1700492175152
1700492174000,1700492175000,63,16264671,1700492175171
1700492174000,1700492175000,100,105583440,1700492175171
1700492174000,1700492175000,13,33936313,1700492175184
1700492175000,1700492176000,54,32081286,1700492176104
1700492175000,1700492176000,13,33692060,1700492176113
1700492175000,1700492176000,47,53943734,1700492176151
1700492175000,1700492176000,24,88520299,1700492176156
1700492175000,1700492176000,63,17944644,1700492176264
1700492175000,1700492176000,100,37367886,1700492176274
1700492176000,1700492177000,24,30317636,1700492177107
1700492176000,1700492177000,47,25485405,1700492177112
1700492176000,1700492177000,100,100199551,1700492177164
1700492176000,1700492177000,54,34090983,1700492177173
1700492176000,1700492177000,13,31845702,1700492177187
1700492176000,1700492177000,63,16488093,1700492177401
1700492177000,1700492178000,54,34931441,1700492178127
1700492177000,1700492178000,24,133056640,1700492178155
1700492177000,1700492178000,47,21702968,1700492178173
1700492177000,1700492178000,63,14325516,1700492178220
1700492177000,1700492178000,13,25760892,1700492178260
1700492177000,1700492178000,100,130678526,1700492178285
1700492178000,1700492179000,13,29945559,1700492179167
1700492178000,1700492179000,47,39982217,1700492179174
1700492178000,1700492179000,24,63751619,1700492179183
1700492178000,1700492179000,100,302791029,1700492179221
1700492178000,1700492179000,63,14893637,1700492179221
1700492178000,1700492179000,54,76092392,1700492179294
1700492179000,1700492180000,13,21907895,1700492180090
1700492179000,1700492180000,24,174296161,1700492180120
1700492179000,1700492180000,54,69266788,1700492180153
1700492179000,1700492180000,47,36980037,1700492180195
1700492179000,1700492180000,63,50798892,1700492180219
1700492179000,1700492180000,100,448093774,1700492180346
1700492180000,1700492181000,54,29021246,1700492181127
1700492180000,1700492181000,13,48413370,1700492181127
1700492180000,1700492181000,24,53440901,1700492181160
1700492180000,1700492181000,47,17563572,1700492181265
1700492180000,1700492181000,63,55994168,1700492181287
1700492180000,1700492181000,100,639674744,1700492181396
1700492181000,1700492182000,13,94171017,1700492182148
1700492181000,1700492182000,54,26334720,1700492182168
1700492181000,1700492182000,24,81000503,1700492182184
1700492181000,1700492182000,63,148491351,1700492182191
1700492181000,1700492182000,47,23585306,1700492182194
1700492181000,1700492182000,100,717126344,1700492182328
1700492182000,1700492183000,13,25236212,1700492183096
1700492182000,1700492183000,54,20137564,1700492183117
1700492182000,1700492183000,47,25206940,1700492183164
1700492182000,1700492183000,63,112038515,1700492183197
1700492182000,1700492183000,24,25272781,1700492183256
1700492182000,1700492183000,100,856444511,1700492183272
1700492183000,1700492184000,47,16426324,1700492184087
1700492183000,1700492184000,13,30243471,1700492184132
1700492183000,1700492184000,54,23879096,1700492184143
1700492183000,1700492184000,63,113571240,1700492184217
1700492183000,1700492184000,24,50212179,1700492184266
1700492183000,1700492184000,100,768465429,1700492184332
1700492184000,1700492185000,100,784971568,1700492185113
1700492184000,1700492185000,13,26034383,1700492185173
1700492184000,1700492185000,54,32049848,1700492185174
1700492184000,1700492185000,24,26854694,1700492185189
1700492184000,1700492185000,63,126840491,1700492185208
1700492184000,1700492185000,47,22329559,1700492185280
1700492185000,1700492186000,24,25793721,1700492186110
1700492185000,1700492186000,54,76722488,1700492186117
1700492185000,1700492186000,13,25628968,1700492186130
1700492185000,1700492186000,63,40214662,1700492186139
1700492185000,1700492186000,100,891641093,1700492186150
1700492185000,1700492186000,47,25366628,1700492186301
1700492186000,1700492187000,13,30235742,1700492187090
1700492186000,1700492187000,47,18798515,1700492187104
1700492186000,1700492187000,100,683149778,1700492187136
1700492186000,1700492187000,54,246857335,1700492187149
1700492186000,1700492187000,63,24425099,1700492187240
1700492186000,1700492187000,24,26617493,1700492187289
1700492187000,1700492188000,63,31137373,1700492188073
1700492187000,1700492188000,47,23280809,1700492188151
1700492187000,1700492188000,100,292889991,1700492188162
1700492187000,1700492188000,54,413286815,1700492188219
1700492187000,1700492188000,24,23869080,1700492188219
1700492187000,1700492188000,13,48367574,1700492188231
1700492188000,1700492189000,100,243496093,1700492189096
1700492188000,1700492189000,24,51972945,1700492189131
1700492188000,1700492189000,54,434271986,1700492189158
1700492188000,1700492189000,13,30502527,1700492189165
1700492188000,1700492189000,63,166336313,1700492189193
1700492188000,1700492189000,47,53244303,1700492189253
1700492189000,1700492190000,13,33971702,1700492190091
1700492189000,1700492190000,47,104868441,1700492190107
1700492189000,1700492190000,100,254678161,1700492190143
1700492189000,1700492190000,24,60621454,1700492190193
1700492189000,1700492190000,63,210747182,1700492190376
1700492189000,1700492190000,54,491957166,1700492190386
1700492190000,1700492191000,63,194930123,1700492191068
1700492190000,1700492191000,13,31304838,1700492191097
1700492190000,1700492191000,24,67553701,1700492191111
1700492190000,1700492191000,47,241151925,1700492191159
1700492190000,1700492191000,100,269075281,1700492191178
1700492190000,1700492191000,54,249389308,1700492191303
1700492191000,1700492192000,24,148325630,1700492192150
1700492191000,1700492192000,13,44736167,1700492192175
1700492191000,1700492192000,100,181342613,1700492192203
1700492191000,1700492192000,63,225907128,1700492192203
1700492191000,1700492192000,47,238481265,1700492192233
1700492191000,1700492192000,54,238082800,1700492192271
1700492192000,1700492193000,54,124000495,1700492193093
1700492192000,1700492193000,47,212404392,1700492193118
1700492192000,1700492193000,100,229108063,1700492193121
1700492192000,1700492193000,13,157856899,1700492193126
1700492192000,1700492193000,24,127875647,1700492193253
1700492192000,1700492193000,63,241852717,1700492193258
1700492193000,1700492194000,54,160481741,1700492194105
1700492193000,1700492194000,24,94140790,1700492194257
1700492193000,1700492194000,47,213675060,1700492194274
1700492193000,1700492194000,63,175172416,1700492194291
1700492193000,1700492194000,100,127590057,1700492194298
1700492193000,1700492194000,13,263356416,1700492194304
1700492194000,1700492195000,100,129210969,1700492195065
1700492194000,1700492195000,47,184644996,1700492195078
1700492194000,1700492195000,24,78330991,1700492195099
1700492194000,1700492195000,13,169341471,1700492195107
1700492194000,1700492195000,54,165051277,1700492195166
1700492194000,1700492195000,63,167156528,1700492195189
1700492195000,1700492196000,47,288942316,1700492196101
1700492195000,1700492196000,100,128171295,1700492196132
1700492195000,1700492196000,54,101444246,1700492196211
1700492195000,1700492196000,63,181891459,1700492196243
1700492195000,1700492196000,13,246590709,1700492196266
1700492195000,1700492196000,24,157760693,1700492196290
1700492196000,1700492197000,100,137857713,1700492197077
1700492196000,1700492197000,63,97309611,1700492197092
1700492196000,1700492197000,13,308190486,1700492197163
1700492196000,1700492197000,24,132247052,1700492197180
1700492196000,1700492197000,54,112383807,1700492197230
1700492196000,1700492197000,47,200537603,1700492197283
1700492197000,1700492198000,24,107751421,1700492198077
1700492197000,1700492198000,13,318136703,1700492198114
1700492197000,1700492198000,54,100924320,1700492198167
1700492197000,1700492198000,100,208248593,1700492198267
1700492197000,1700492198000,63,109674115,1700492198267
1700492197000,1700492198000,47,227081434,1700492198354
1700492198000,1700492199000,54,148657406,1700492199116
1700492198000,1700492199000,24,128141414,1700492199144
1700492198000,1700492199000,100,257207723,1700492199161
1700492198000,1700492199000,63,90856900,1700492199173
1700492198000,1700492199000,47,91977864,1700492199271
1700492198000,1700492199000,13,323912147,1700492199284
1700492199000,1700492200000,54,55064107,1700492200122
1700492199000,1700492200000,63,75394018,1700492200139
1700492199000,1700492200000,47,162970836,1700492200141
1700492199000,1700492200000,13,299072352,1700492200149
1700492199000,1700492200000,24,41114434,1700492200182
1700492199000,1700492200000,100,105686277,1700492200205
1700492200000,1700492201000,24,118351688,1700492201093
1700492200000,1700492201000,54,105199029,1700492201107
1700492200000,1700492201000,100,319462440,1700492201146
1700492200000,1700492201000,47,154923494,1700492201154
1700492200000,1700492201000,13,210856795,1700492201214
1700492200000,1700492201000,63,57071663,1700492201259
1700492201000,1700492202000,100,266397442,1700492202086
1700492201000,1700492202000,47,43642765,1700492202109
1700492201000,1700492202000,13,363549930,1700492202124
1700492201000,1700492202000,63,70143697,1700492202130
1700492201000,1700492202000,54,52624348,1700492202303
1700492201000,1700492202000,24,75971416,1700492202346
1700492202000,1700492203000,63,132991966,1700492203179
1700492202000,1700492203000,54,143178274,1700492203196
1700492202000,1700492203000,47,110517028,1700492203234
1700492202000,1700492203000,100,272096078,1700492203260
1700492202000,1700492203000,13,335370305,1700492203333
1700492202000,1700492203000,24,30122133,1700492203369
1700492203000,1700492204000,54,38000766,1700492204133
1700492203000,1700492204000,47,20490977,1700492204162
1700492203000,1700492204000,63,34544672,1700492204175
1700492203000,1700492204000,100,168626891,1700492204175
1700492203000,1700492204000,13,319173347,1700492204225
1700492203000,1700492204000,24,68317032,1700492204268
1700492204000,1700492205000,47,16113335,1700492205093
1700492204000,1700492205000,24,44466666,1700492205128
1700492204000,1700492205000,63,132131422,1700492205142
1700492204000,1700492205000,100,195381949,1700492205143
1700492204000,1700492205000,13,155534293,1700492205273
1700492204000,1700492205000,54,81496687,1700492205366
1700492205000,1700492206000,24,129641314,1700492206160
1700492205000,1700492206000,47,16256836,1700492206165
1700492205000,1700492206000,63,60434573,1700492206171
1700492205000,1700492206000,13,41177609,1700492206174
1700492205000,1700492206000,100,231645380,1700492206182
1700492205000,1700492206000,54,142586268,1700492206531
1700492206000,1700492207000,13,21385298,1700492207102
1700492206000,1700492207000,63,139081271,1700492207108
1700492206000,1700492207000,100,252549489,1700492207109
1700492206000,1700492207000,24,55495666,1700492207115
1700492206000,1700492207000,47,85752982,1700492207130
1700492206000,1700492207000,54,91003440,1700492207523
1700492207000,1700492208000,47,54844382,1700492208071
1700492207000,1700492208000,24,33448027,1700492208142
1700492207000,1700492208000,13,174161014,1700492208142
1700492207000,1700492208000,63,150158344,1700492208268
1700492207000,1700492208000,100,198177692,1700492208268
1700492207000,1700492208000,54,135057948,1700492208544
1700492208000,1700492209000,24,66591879,1700492209116
1700492208000,1700492209000,13,121574105,1700492209158
1700492208000,1700492209000,47,177870266,1700492209256
1700492208000,1700492209000,100,171125784,1700492209327
1700492208000,1700492209000,63,291015803,1700492209333
1700492208000,1700492209000,54,378995794,1700492209553
1700492209000,1700492210000,100,273016783,1700492210099
1700492209000,1700492210000,24,73479031,1700492210110
1700492209000,1700492210000,13,186538649,1700492210193
1700492209000,1700492210000,47,190654923,1700492210256
1700492209000,1700492210000,54,584539235,1700492210288
1700492209000,1700492210000,63,583457912,1700492210305
1700492210000,1700492211000,13,133795059,1700492211124
1700492210000,1700492211000,47,124214205,1700492211137
1700492210000,1700492211000,54,533529101,1700492211139
1700492210000,1700492211000,24,181195021,1700492211141
1700492210000,1700492211000,100,289084063,1700492211155
1700492210000,1700492211000,63,384507926,1700492211172
1700492211000,1700492212000,54,598313844,1700492212147
1700492211000,1700492212000,13,44191979,1700492212147
1700492211000,1700492212000,47,352660672,1700492212158
1700492211000,1700492212000,100,191593074,1700492212172
1700492211000,1700492212000,63,248459505,1700492212303
1700492211000,1700492212000,24,156026786,1700492212360
1700492212000,1700492213000,13,38165497,1700492213094
1700492212000,1700492213000,24,62807591,1700492213116
1700492212000,1700492213000,100,124038101,1700492213134
1700492212000,1700492213000,47,291737946,1700492213164
1700492212000,1700492213000,63,387254515,1700492213240
1700492212000,1700492213000,54,346247547,1700492213261
1700492213000,1700492214000,100,166698123,1700492214097
1700492213000,1700492214000,63,410614917,1700492214107
1700492213000,1700492214000,13,146728348,1700492214124
1700492213000,1700492214000,47,187250641,1700492214173
1700492213000,1700492214000,54,498918698,1700492214277
1700492213000,1700492214000,24,350980743,1700492214299
1700492214000,1700492215000,24,438182990,1700492215154
1700492214000,1700492215000,13,65047809,1700492215166
1700492214000,1700492215000,63,383597098,1700492215171
1700492214000,1700492215000,100,152621853,1700492215171
1700492214000,1700492215000,54,554117064,1700492215172
1700492214000,1700492215000,47,339390728,1700492215205
1700492215000,1700492216000,24,401298960,1700492216105
1700492215000,1700492216000,63,340105438,1700492216148
1700492215000,1700492216000,47,393128827,1700492216152
1700492215000,1700492216000,100,139955781,1700492216162
1700492215000,1700492216000,54,497702153,1700492216213
1700492215000,1700492216000,13,59839375,1700492216273
1700492216000,1700492217000,100,168984432,1700492217090
1700492216000,1700492217000,54,768597392,1700492217133
1700492216000,1700492217000,13,67324109,1700492217141
1700492216000,1700492217000,63,269215717,1700492217195
1700492216000,1700492217000,47,350336245,1700492217213
1700492216000,1700492217000,24,574009905,1700492217290
1700492217000,1700492218000,47,524403851,1700492218141
1700492217000,1700492218000,63,156703790,1700492218179
1700492217000,1700492218000,54,265764066,1700492218189
1700492217000,1700492218000,24,429524320,1700492218230
1700492217000,1700492218000,100,125307667,1700492218260
1700492217000,1700492218000,13,131549371,1700492218329
1700492218000,1700492219000,54,561307631,1700492219100
1700492218000,1700492219000,63,116818522,1700492219150
1700492218000,1700492219000,100,190581934,1700492219150
1700492218000,1700492219000,24,594905885,1700492219158
1700492218000,1700492219000,47,618748449,1700492219202
1700492218000,1700492219000,13,188412113,1700492219218
1700492219000,1700492220000,47,435977664,1700492220125
1700492219000,1700492220000,54,886328623,1700492220142
1700492219000,1700492220000,63,277852843,1700492220201
1700492219000,1700492220000,100,240941589,1700492220218
1700492219000,1700492220000,24,408778546,1700492220230
1700492219000,1700492220000,13,186180659,1700492220243
1700492220000,1700492221000,24,523228731,1700492221126
1700492220000,1700492221000,63,271389162,1700492221135
1700492220000,1700492221000,47,961513238,1700492221150
1700492220000,1700492221000,54,730789290,1700492221179
1700492220000,1700492221000,100,270148377,1700492221246
1700492220000,1700492221000,13,29150490,1700492221315
1700492221000,1700492222000,47,362409039,1700492222174
1700492221000,1700492222000,24,556037268,1700492222176
1700492221000,1700492222000,13,172936216,1700492222233
1700492221000,1700492222000,54,342601576,1700492222245
1700492221000,1700492222000,63,170369403,1700492222283
1700492221000,1700492222000,100,271564095,1700492222294
1700492222000,1700492223000,63,188085815,1700492223215
1700492222000,1700492223000,24,408187182,1700492223236
1700492222000,1700492223000,54,283236970,1700492223255
1700492222000,1700492223000,13,121612645,1700492223264
1700492222000,1700492223000,100,155637568,1700492223304
1700492222000,1700492223000,47,310806025,1700492223304
1700492223000,1700492224000,100,132734156,1700492224087
1700492223000,1700492224000,24,376870036,1700492224121
1700492223000,1700492224000,54,459266963,1700492224182
1700492223000,1700492224000,63,243153399,1700492224225
1700492223000,1700492224000,13,280423615,1700492224283
1700492223000,1700492224000,47,659282427,1700492224512
1700492224000,1700492225000,13,72351846,1700492225114
1700492224000,1700492225000,100,272893924,1700492225146
1700492224000,1700492225000,63,770732396,1700492225173
1700492224000,1700492225000,24,755888098,1700492225183
1700492224000,1700492225000,54,638950243,1700492225274
1700492224000,1700492225000,47,709383702,1700492225754
1700492225000,1700492226000,63,572301298,1700492226116
1700492225000,1700492226000,100,405146866,1700492226116
1700492225000,1700492226000,13,192048546,1700492226128
1700492225000,1700492226000,24,645674406,1700492226267
1700492225000,1700492226000,54,845336513,1700492226271
1700492225000,1700492226000,47,495355108,1700492226314
1700492226000,1700492227000,54,598524061,1700492227159
1700492226000,1700492227000,13,85126657,1700492227159
1700492226000,1700492227000,63,643153370,1700492227252
1700492226000,1700492227000,24,1061114446,1700492227328
1700492226000,1700492227000,100,565498333,1700492227371
1700492226000,1700492227000,47,411536060,1700492227479
1700492227000,1700492228000,54,507913835,1700492228102
1700492227000,1700492228000,100,364954821,1700492228103
1700492227000,1700492228000,63,383079661,1700492228191
1700492227000,1700492228000,13,103337790,1700492228322
1700492227000,1700492228000,24,529144394,1700492228359
1700492227000,1700492228000,47,714537437,1700492228531
1700492228000,1700492229000,24,323374763,1700492229085
1700492228000,1700492229000,54,570394273,1700492229113
1700492228000,1700492229000,13,230790924,1700492229130
1700492228000,1700492229000,63,398608661,1700492229161
1700492228000,1700492229000,100,308879813,1700492229182
1700492228000,1700492229000,47,572501321,1700492229301
1700492229000,1700492230000,24,763513625,1700492230125
1700492229000,1700492230000,47,848714661,1700492230145
1700492229000,1700492230000,54,374315543,1700492230156
1700492229000,1700492230000,63,565597559,1700492230167
1700492229000,1700492230000,100,154148773,1700492230167
1700492229000,1700492230000,13,311371337,1700492230168
1700492230000,1700492231000,54,317998996,1700492231092
1700492230000,1700492231000,47,594456410,1700492231113
1700492230000,1700492231000,24,819575157,1700492231184
1700492230000,1700492231000,13,265279184,1700492231193
1700492230000,1700492231000,100,141131703,1700492231214
1700492230000,1700492231000,63,549611327,1700492231215
1700492231000,1700492232000,13,120128417,1700492232113
1700492231000,1700492232000,63,431181780,1700492232140
1700492231000,1700492232000,100,116509547,1700492232140
1700492231000,1700492232000,54,625037622,1700492232141
1700492231000,1700492232000,47,606315956,1700492232156
1700492231000,1700492232000,24,695699808,1700492232250
1700492232000,1700492233000,13,127765634,1700492233135
1700492232000,1700492233000,47,379337135,1700492233190
1700492232000,1700492233000,63,489261258,1700492233207
1700492232000,1700492233000,54,461229558,1700492233281
1700492232000,1700492233000,100,97318680,1700492233318
1700492232000,1700492233000,24,697891959,1700492233340
1700492233000,1700492234000,100,114253107,1700492234101
1700492233000,1700492234000,63,531382385,1700492234101
1700492233000,1700492234000,54,732296404,1700492234110
1700492233000,1700492234000,13,309411192,1700492234133
1700492233000,1700492234000,47,562730792,1700492234137
1700492233000,1700492234000,24,343561921,1700492234223
1700492234000,1700492235000,13,268441284,1700492235113
1700492234000,1700492235000,47,460669232,1700492235142
1700492234000,1700492235000,54,1248349034,1700492235156
1700492234000,1700492235000,24,656699182,1700492235156
1700492234000,1700492235000,100,100823886,1700492235262
1700492234000,1700492235000,63,463797662,1700492235330
1700492235000,1700492236000,54,933107097,1700492236086
1700492235000,1700492236000,63,764414421,1700492236206
1700492235000,1700492236000,47,480994361,1700492236242
1700492235000,1700492236000,100,145740832,1700492236299
1700492235000,1700492236000,13,148463866,1700492236305
1700492235000,1700492236000,24,140089435,1700492236335
1700492236000,1700492237000,24,361976514,1700492237090
1700492236000,1700492237000,54,629642871,1700492237111
1700492236000,1700492237000,13,267836585,1700492237126
1700492236000,1700492237000,63,530464515,1700492237135
1700492236000,1700492237000,47,499207884,1700492237170
1700492236000,1700492237000,100,260290518,1700492237236
1700492237000,1700492238000,54,705105533,1700492238099
1700492237000,1700492238000,24,683978639,1700492238136
1700492237000,1700492238000,47,523058290,1700492238137
1700492237000,1700492238000,63,491006443,1700492238150
1700492237000,1700492238000,100,255428406,1700492238151
1700492237000,1700492238000,13,208812397,1700492238282
1700492238000,1700492239000,13,165680260,1700492239091
1700492238000,1700492239000,54,803272078,1700492239141
1700492238000,1700492239000,47,646836658,1700492239165
1700492238000,1700492239000,100,166197639,1700492239176
1700492238000,1700492239000,24,591436222,1700492239314
1700492238000,1700492239000,63,918557969,1700492239394
1700492239000,1700492240000,47,814176762,1700492240091
1700492239000,1700492240000,100,180255201,1700492240109
1700492239000,1700492240000,13,318617760,1700492240150
1700492239000,1700492240000,54,620049278,1700492240167
1700492239000,1700492240000,24,625869841,1700492240230
1700492239000,1700492240000,63,1018241245,1700492240302
1700492240000,1700492241000,24,830433183,1700492241179
1700492240000,1700492241000,100,244490860,1700492241251
1700492240000,1700492241000,47,646776944,1700492241260
1700492240000,1700492241000,13,352983993,1700492241331
1700492240000,1700492241000,54,878211691,1700492241351
1700492240000,1700492241000,63,1148132830,1700492241360
1700492241000,1700492242000,54,631129522,1700492242131
1700492241000,1700492242000,47,262593317,1700492242172
1700492241000,1700492242000,24,934917104,1700492242235
1700492241000,1700492242000,13,382030541,1700492242235
1700492241000,1700492242000,100,326585739,1700492242316
1700492241000,1700492242000,63,1122253601,1700492242433
1700492242000,1700492243000,24,904923057,1700492243113
1700492242000,1700492243000,13,378546232,1700492243151
1700492242000,1700492243000,63,1087984835,1700492243189
1700492242000,1700492243000,47,477238879,1700492243244
1700492242000,1700492243000,100,254102707,1700492243286
1700492242000,1700492243000,54,778715647,1700492243304
1700492243000,1700492244000,13,423725556,1700492244104
1700492243000,1700492244000,63,807554978,1700492244130
1700492243000,1700492244000,100,246921324,1700492244142
1700492243000,1700492244000,24,1022994892,1700492244161
1700492243000,1700492244000,47,667341581,1700492244172
1700492243000,1700492244000,54,624959998,1700492244195
1700492244000,1700492245000,54,435364955,1700492245113
1700492244000,1700492245000,24,514011652,1700492245129
1700492244000,1700492245000,100,222441745,1700492245135
1700492244000,1700492245000,13,499860132,1700492245143
1700492244000,1700492245000,47,643980505,1700492245170
1700492244000,1700492245000,63,754353930,1700492245274
1700492245000,1700492246000,63,433059319,1700492246113
1700492245000,1700492246000,100,149158038,1700492246114
1700492245000,1700492246000,13,369078310,1700492246114
1700492245000,1700492246000,24,485057396,1700492246130
1700492245000,1700492246000,47,431356381,1700492246262
1700492245000,1700492246000,54,502655732,1700492246286
1700492246000,1700492247000,47,624359448,1700492247161
1700492246000,1700492247000,63,270768672,1700492247175
1700492246000,1700492247000,54,359986419,1700492247184
1700492246000,1700492247000,24,948524175,1700492247191
1700492246000,1700492247000,100,214077787,1700492247246
1700492246000,1700492247000,13,42621644,1700492247260
1700492247000,1700492248000,24,528258312,1700492248124
1700492247000,1700492248000,54,259539769,1700492248128
1700492247000,1700492248000,63,278630502,1700492248160
1700492247000,1700492248000,100,197079094,1700492248174
1700492247000,1700492248000,13,128646446,1700492248176
1700492247000,1700492248000,47,660583213,1700492248348
1700492248000,1700492249000,47,540529465,1700492249117
1700492248000,1700492249000,100,206638437,1700492249138
1700492248000,1700492249000,54,357787946,1700492249204
1700492248000,1700492249000,13,46409551,1700492249229
1700492248000,1700492249000,63,201568182,1700492249254
1700492248000,1700492249000,24,612462464,1700492249288
1700492249000,1700492250000,13,355198665,1700492250120
1700492249000,1700492250000,54,299009580,1700492250122
1700492249000,1700492250000,47,626359543,1700492250306
1700492249000,1700492250000,24,471334997,1700492250326
1700492249000,1700492250000,100,214558229,1700492250331
1700492249000,1700492250000,63,92973293,1700492250432
1700492250000,1700492251000,13,368278552,1700492251111
1700492250000,1700492251000,24,273969752,1700492251136
1700492250000,1700492251000,63,59033325,1700492251176
1700492250000,1700492251000,54,319688351,1700492251178
1700492250000,1700492251000,47,343487481,1700492251245
1700492250000,1700492251000,100,203040358,1700492251301
1700492251000,1700492252000,100,204322066,1700492252104
1700492251000,1700492252000,63,104018447,1700492252107
1700492251000,1700492252000,13,352629649,1700492252122
1700492251000,1700492252000,47,317092402,1700492252123
1700492251000,1700492252000,24,408170703,1700492252124
1700492251000,1700492252000,54,150287139,1700492252142
1700492252000,1700492253000,47,314802869,1700492253129
1700492252000,1700492253000,54,162615135,1700492253162
1700492252000,1700492253000,13,238842863,1700492253162
1700492252000,1700492253000,100,140646327,1700492253170
1700492252000,1700492253000,63,391007582,1700492253173
1700492252000,1700492253000,24,240317988,1700492253282
1700492253000,1700492254000,100,111842412,1700492254098
1700492253000,1700492254000,54,55001048,1700492254112
1700492253000,1700492254000,13,172413587,1700492254114
1700492253000,1700492254000,47,327767433,1700492254123
1700492253000,1700492254000,24,234230361,1700492254259
1700492253000,1700492254000,63,467321415,1700492254283
1700492254000,1700492255000,54,47805981,1700492255125
1700492254000,1700492255000,13,307316556,1700492255143
1700492254000,1700492255000,47,349123317,1700492255160
1700492254000,1700492255000,63,593482813,1700492255166
1700492254000,1700492255000,24,275455982,1700492255175
1700492254000,1700492255000,100,186927637,1700492255269
1700492255000,1700492256000,24,313531890,1700492256113
1700492255000,1700492256000,13,226606645,1700492256155
1700492255000,1700492256000,54,131067664,1700492256163
1700492255000,1700492256000,63,564892397,1700492256209
1700492255000,1700492256000,47,252286335,1700492256257
1700492255000,1700492256000,100,108715471,1700492256321
1700492256000,1700492257000,13,319318344,1700492257120
1700492256000,1700492257000,63,361746336,1700492257146
1700492256000,1700492257000,100,133373195,1700492257147
1700492256000,1700492257000,54,297747954,1700492257165
1700492256000,1700492257000,24,340804375,1700492257273
1700492256000,1700492257000,47,338781203,1700492257364
1700492257000,1700492258000,100,269343051,1700492258177
1700492257000,1700492258000,54,275420370,1700492258184
1700492257000,1700492258000,24,355530589,1700492258277
1700492257000,1700492258000,13,197385227,1700492258298
1700492257000,1700492258000,63,381609818,1700492258323
1700492257000,1700492258000,47,439658202,1700492258356
1700492258000,1700492259000,54,130934543,1700492259132
1700492258000,1700492259000,13,162430002,1700492259155
1700492258000,1700492259000,47,530049842,1700492259188
1700492258000,1700492259000,24,294288188,1700492259202
1700492258000,1700492259000,100,267962854,1700492259235
1700492258000,1700492259000,63,615283344,1700492259235
1700492259000,1700492260000,13,278788745,1700492260110
1700492259000,1700492260000,63,849354986,1700492260137
1700492259000,1700492260000,100,245010805,1700492260137
1700492259000,1700492260000,54,173830216,1700492260239
1700492259000,1700492260000,24,264181151,1700492260253
1700492259000,1700492260000,47,348975102,1700492260306
1700492260000,1700492261000,13,296169747,1700492261144
1700492260000,1700492261000,24,284931027,1700492261151
1700492260000,1700492261000,54,204606870,1700492261158
1700492260000,1700492261000,63,911136039,1700492261192
1700492260000,1700492261000,100,232966205,1700492261272
1700492260000,1700492261000,47,359670331,1700492261303
1700492261000,1700492262000,100,143357223,1700492262092
1700492261000,1700492262000,24,304612526,1700492262109
1700492261000,1700492262000,47,650429490,1700492262162
1700492261000,1700492262000,54,311534893,1700492262249
1700492261000,1700492262000,63,496114802,1700492262302
1700492261000,1700492262000,13,170340587,1700492262327
1700492262000,1700492263000,47,478922672,1700492263097
1700492262000,1700492263000,100,126919779,1700492263114
1700492262000,1700492263000,13,150987856,1700492263123
1700492262000,1700492263000,63,293137095,1700492263129
1700492262000,1700492263000,24,484321804,1700492263154
1700492262000,1700492263000,54,245832796,1700492263178
1700492263000,1700492264000,100,192708076,1700492264146
1700492263000,1700492264000,47,479994836,1700492264148
1700492263000,1700492264000,24,561697950,1700492264156
1700492263000,1700492264000,13,351649046,1700492264157
1700492263000,1700492264000,63,509007853,1700492264378
1700492263000,1700492264000,54,288385871,1700492264383
1700492264000,1700492265000,13,223684354,1700492265118
1700492264000,1700492265000,100,188990853,1700492265240
1700492264000,1700492265000,24,272715668,1700492265246
1700492264000,1700492265000,63,462009102,1700492265250
1700492264000,1700492265000,47,299259707,1700492265296
1700492264000,1700492265000,54,319045632,1700492265402
1700492265000,1700492266000,100,169945537,1700492266098
1700492265000,1700492266000,47,351057829,1700492266121
1700492265000,1700492266000,13,97556656,1700492266164
1700492265000,1700492266000,24,516083672,1700492266287
1700492265000,1700492266000,63,368255851,1700492266323
1700492265000,1700492266000,54,628082991,1700492266338
1700492266000,1700492267000,54,573952794,1700492267090
1700492266000,1700492267000,47,411144831,1700492267136
1700492266000,1700492267000,100,162670239,1700492267158
1700492266000,1700492267000,24,651620327,1700492267174
1700492266000,1700492267000,13,295334331,1700492267271
1700492266000,1700492267000,63,398348936,1700492267379
1700492267000,1700492268000,24,588608861,1700492268075
1700492267000,1700492268000,13,101086521,1700492268140
1700492267000,1700492268000,47,702244747,1700492268160
1700492267000,1700492268000,54,589084102,1700492268169
1700492267000,1700492268000,100,143722598,1700492268252
1700492267000,1700492268000,63,304923629,1700492268355
1700492268000,1700492269000,100,161605726,1700492269145
1700492268000,1700492269000,47,1081175197,1700492269218
1700492268000,1700492269000,63,177637472,1700492269250
1700492268000,1700492269000,24,456482148,1700492269280
1700492268000,1700492269000,54,385337619,1700492269289
1700492268000,1700492269000,13,89324329,1700492269290
1700492269000,1700492270000,63,32257283,1700492270154
1700492269000,1700492270000,47,716732935,1700492270154
1700492269000,1700492270000,24,543151199,1700492270166
1700492269000,1700492270000,100,186342286,1700492270174
1700492269000,1700492270000,13,235541620,1700492270221
1700492269000,1700492270000,54,310225438,1700492270268
1700492270000,1700492271000,24,524718564,1700492271082
1700492270000,1700492271000,100,226979459,1700492271094
1700492270000,1700492271000,13,449594513,1700492271110
1700492270000,1700492271000,54,260422318,1700492271260
1700492270000,1700492271000,47,149948892,1700492271273
1700492270000,1700492271000,63,76464532,1700492271309
1700492271000,1700492272000,24,950819649,1700492272143
1700492271000,1700492272000,13,287551756,1700492272163
1700492271000,1700492272000,47,284161401,1700492272271
1700492271000,1700492272000,100,134296075,1700492272280
1700492271000,1700492272000,54,321880173,1700492272361
1700492271000,1700492272000,63,332460865,1700492272378
1700492272000,1700492273000,13,315871629,1700492273102
1700492272000,1700492273000,100,191206952,1700492273146
1700492272000,1700492273000,47,388244776,1700492273167
1700492272000,1700492273000,24,654398377,1700492273179
1700492272000,1700492273000,54,225129361,1700492273321
1700492272000,1700492273000,63,232905393,1700492273390
1700492273000,1700492274000,13,241696699,1700492274137
1700492273000,1700492274000,24,591933497,1700492274211
1700492273000,1700492274000,100,167839623,1700492274217
1700492273000,1700492274000,47,231169172,1700492274259
1700492273000,1700492274000,54,126946847,1700492274327
1700492273000,1700492274000,63,605348631,1700492274435
1700492274000,1700492275000,24,400375151,1700492275142
1700492274000,1700492275000,100,295313853,1700492275164
1700492274000,1700492275000,13,459912596,1700492275190
1700492274000,1700492275000,47,397860838,1700492275194
1700492274000,1700492275000,54,87406800,1700492275360
1700492274000,1700492275000,63,801437835,1700492275365
1700492275000,1700492276000,54,145025443,1700492276107
1700492275000,1700492276000,47,394811012,1700492276153
1700492275000,1700492276000,24,230023845,1700492276166
1700492275000,1700492276000,63,721342403,1700492276190
1700492275000,1700492276000,100,419323852,1700492276191
1700492275000,1700492276000,13,163853777,1700492276255
1700492276000,1700492277000,24,371979927,1700492277068
1700492276000,1700492277000,63,802465159,1700492277129
1700492276000,1700492277000,100,295743077,1700492277129
1700492276000,1700492277000,47,325348251,1700492277149
1700492276000,1700492277000,13,290412216,1700492277153
1700492276000,1700492277000,54,157612262,1700492277273
1700492277000,1700492278000,47,257597265,1700492278121
1700492277000,1700492278000,100,172755517,1700492278154
1700492277000,1700492278000,13,295670512,1700492278226
1700492277000,1700492278000,63,204829767,1700492278262
1700492277000,1700492278000,54,517124499,1700492278286
1700492277000,1700492278000,24,704115106,1700492278308
1700492278000,1700492279000,54,463499003,1700492279087
1700492278000,1700492279000,13,276889148,1700492279122
1700492278000,1700492279000,24,672865911,1700492279139
1700492278000,1700492279000,100,185059013,1700492279183
1700492278000,1700492279000,47,353524114,1700492279245
1700492278000,1700492279000,63,462944282,1700492279381
1700492279000,1700492280000,100,219004981,1700492280096
1700492279000,1700492280000,24,230312016,1700492280108
1700492279000,1700492280000,63,579139993,1700492280115
1700492279000,1700492280000,54,859366440,1700492280157
1700492279000,1700492280000,47,477580744,1700492280185
1700492279000,1700492280000,13,81142217,1700492280248
1700492280000,1700492281000,47,392254367,1700492281106
1700492280000,1700492281000,63,681496968,1700492281135
1700492280000,1700492281000,100,147638197,1700492281135
1700492280000,1700492281000,24,313096540,1700492281139
1700492280000,1700492281000,13,63856389,1700492281150
1700492280000,1700492281000,54,552980014,1700492281342
1700492281000,1700492282000,47,559391242,1700492282150
1700492281000,1700492282000,13,176612297,1700492282165
1700492281000,1700492282000,63,613725097,1700492282203
1700492281000,1700492282000,100,131745469,1700492282261
1700492281000,1700492282000,54,322829198,1700492282292
1700492281000,1700492282000,24,305838327,1700492282349
1700492282000,1700492283000,100,112006818,1700492283108
1700492282000,1700492283000,13,224473380,1700492283254
1700492282000,1700492283000,63,420781119,1700492283299
1700492282000,1700492283000,24,430625355,1700492283311
1700492282000,1700492283000,54,411437592,1700492283314
1700492282000,1700492283000,47,473073653,1700492283315
1700492283000,1700492284000,24,546214821,1700492284123
1700492283000,1700492284000,100,202495176,1700492284135
1700492283000,1700492284000,13,44387985,1700492284135
1700492283000,1700492284000,54,556480179,1700492284168
1700492283000,1700492284000,47,415873308,1700492284271
1700492283000,1700492284000,63,508314084,1700492284345
1700492284000,1700492285000,63,579631749,1700492285167
1700492284000,1700492285000,100,272234886,1700492285167
1700492284000,1700492285000,13,145635096,1700492285177
1700492284000,1700492285000,54,754865677,1700492285248
1700492284000,1700492285000,24,940712698,1700492285266
1700492284000,1700492285000,47,502697753,1700492285288
1700492285000,1700492286000,100,264729341,1700492286099
1700492285000,1700492286000,63,441842472,1700492286109
1700492285000,1700492286000,13,87772000,1700492286170
1700492285000,1700492286000,24,701195775,1700492286190
1700492285000,1700492286000,54,685487086,1700492286294
1700492285000,1700492286000,47,531288938,1700492286301
1700492286000,1700492287000,13,102569178,1700492287086
1700492286000,1700492287000,100,227884068,1700492287119
1700492286000,1700492287000,47,522967938,1700492287125
1700492286000,1700492287000,24,520776035,1700492287132
1700492286000,1700492287000,63,347857074,1700492287238
1700492286000,1700492287000,54,855109593,1700492287282
1700492287000,1700492288000,54,661397646,1700492288096
1700492287000,1700492288000,24,541444895,1700492288144
1700492287000,1700492288000,47,587281558,1700492288148
1700492287000,1700492288000,100,197046575,1700492288177
1700492287000,1700492288000,13,246825730,1700492288267
1700492287000,1700492288000,63,305188720,1700492288384
1700492288000,1700492289000,47,401151829,1700492289091
1700492288000,1700492289000,24,633146578,1700492289174
1700492288000,1700492289000,13,229140506,1700492289195
1700492288000,1700492289000,100,167902196,1700492289208
1700492288000,1700492289000,63,280240376,1700492289313
1700492288000,1700492289000,54,487566685,1700492289337
1700492289000,1700492290000,13,365850159,1700492290082
1700492289000,1700492290000,100,186661702,1700492290116
1700492289000,1700492290000,47,660670179,1700492290137
1700492289000,1700492290000,54,559938808,1700492290181
1700492289000,1700492290000,24,910528716,1700492290240
1700492289000,1700492290000,63,339078243,1700492290339
1700492290000,1700492291000,54,695059211,1700492291091
1700492290000,1700492291000,24,925468323,1700492291148
1700492290000,1700492291000,13,321408614,1700492291175
1700492290000,1700492291000,47,436780899,1700492291190
1700492290000,1700492291000,63,249932259,1700492291202
1700492290000,1700492291000,100,223932056,1700492291295
1700492291000,1700492292000,13,270492598,1700492292083
1700492291000,1700492292000,47,271561179,1700492292112
1700492291000,1700492292000,54,608030673,1700492292130
1700492291000,1700492292000,24,1117474839,1700492292171
1700492291000,1700492292000,100,209769114,1700492292273
1700492291000,1700492292000,63,364040630,1700492292381
1700492292000,1700492293000,24,903919547,1700492293114
1700492292000,1700492293000,13,192227908,1700492293118
1700492292000,1700492293000,100,252253095,1700492293130
1700492292000,1700492293000,63,224530999,1700492293134
1700492292000,1700492293000,54,584949477,1700492293195
1700492292000,1700492293000,47,255960794,1700492293319
1700492293000,1700492294000,47,249496974,1700492294070
1700492293000,1700492294000,24,453510920,1700492294136
1700492293000,1700492294000,13,299791930,1700492294164
1700492293000,1700492294000,63,225866269,1700492294206
1700492293000,1700492294000,54,289235817,1700492294276
1700492293000,1700492294000,100,272096249,1700492294332
1700492294000,1700492295000,24,177743517,1700492295085
1700492294000,1700492295000,100,143208285,1700492295093
1700492294000,1700492295000,47,319434592,1700492295150
1700492294000,1700492295000,13,196441769,1700492295282
1700492294000,1700492295000,54,168061004,1700492295292
1700492294000,1700492295000,63,183136712,1700492295386
1700492295000,1700492296000,100,207541125,1700492296117
1700492295000,1700492296000,13,279979850,1700492296125
1700492295000,1700492296000,47,243657525,1700492296174
1700492295000,1700492296000,63,420593479,1700492296237
1700492295000,1700492296000,24,281701993,1700492296304
1700492295000,1700492296000,54,241265151,1700492296333
1700492296000,1700492297000,63,585620704,1700492297066
1700492296000,1700492297000,47,194056670,1700492297100
1700492296000,1700492297000,100,143699806,1700492297155
1700492296000,1700492297000,24,336929020,1700492297162
1700492296000,1700492297000,13,292597159,1700492297191
1700492296000,1700492297000,54,209693217,1700492297221
1700492297000,1700492298000,13,214100589,1700492298093
1700492297000,1700492298000,24,320323813,1700492298107
1700492297000,1700492298000,47,287487775,1700492298136
1700492297000,1700492298000,63,681185115,1700492298188
1700492297000,1700492298000,100,150523149,1700492298198
1700492297000,1700492298000,54,227919450,1700492298259
1700492298000,1700492299000,24,656141150,1700492299122
1700492298000,1700492299000,100,104891167,1700492299129
1700492298000,1700492299000,54,199768716,1700492299186
1700492298000,1700492299000,63,922203155,1700492299220
1700492298000,1700492299000,47,415573652,1700492299332
1700492298000,1700492299000,13,240443096,1700492299335
1700492299000,1700492300000,24,380492779,1700492300216
1700492299000,1700492300000,47,514755516,1700492300247
1700492299000,1700492300000,63,832181008,1700492300274
1700492299000,1700492300000,100,240581054,1700492300274
1700492299000,1700492300000,54,242185900,1700492300290
1700492299000,1700492300000,13,81232079,1700492300512
1700492300000,1700492301000,24,336627457,1700492301105
1700492300000,1700492301000,63,286726593,1700492301170
1700492300000,1700492301000,100,353837249,1700492301182
1700492300000,1700492301000,47,440502167,1700492301236
1700492300000,1700492301000,13,284968004,1700492301277
1700492300000,1700492301000,54,469759504,1700492301290
1700492301000,1700492302000,54,257930302,1700492302105
1700492301000,1700492302000,13,333592973,1700492302141
1700492301000,1700492302000,24,271972858,1700492302143
1700492301000,1700492302000,100,548938835,1700492302149
1700492301000,1700492302000,63,419744136,1700492302238
1700492301000,1700492302000,47,462388528,1700492302313
1700492302000,1700492303000,24,243128019,1700492303115
1700492302000,1700492303000,54,740618637,1700492303149
1700492302000,1700492303000,63,321063911,1700492303164
1700492302000,1700492303000,100,606252766,1700492303174
1700492302000,1700492303000,47,474838334,1700492303273
1700492302000,1700492303000,13,201549464,1700492303328
1700492303000,1700492304000,13,329089512,1700492304130
1700492303000,1700492304000,54,489257392,1700492304182
1700492303000,1700492304000,100,310940477,1700492304218
1700492303000,1700492304000,63,144223989,1700492304309
1700492303000,1700492304000,24,449557822,1700492304343
1700492303000,1700492304000,47,583981177,1700492304445
1700492304000,1700492305000,54,353026902,1700492305123
1700492304000,1700492305000,100,64047699,1700492305257
1700492304000,1700492305000,24,455538750,1700492305264
1700492304000,1700492305000,13,322553399,1700492305279
1700492304000,1700492305000,63,307688200,1700492305335
1700492304000,1700492305000,47,684657153,1700492305375
1700492305000,1700492306000,54,286206022,1700492306123
1700492305000,1700492306000,24,496192946,1700492306149
1700492305000,1700492306000,63,231487060,1700492306161
1700492305000,1700492306000,100,37646876,1700492306174
1700492305000,1700492306000,13,421349308,1700492306192
1700492305000,1700492306000,47,549090979,1700492306283
1700492306000,1700492307000,100,90739196,1700492307089
1700492306000,1700492307000,13,834939497,1700492307098
1700492306000,1700492307000,54,325984246,1700492307117
1700492306000,1700492307000,47,283293383,1700492307249
1700492306000,1700492307000,63,672394855,1700492307303
1700492306000,1700492307000,24,464396150,1700492307352
1700492307000,1700492308000,100,212607130,1700492308100
1700492307000,1700492308000,24,667929383,1700492308113
1700492307000,1700492308000,47,370662913,1700492308154
1700492307000,1700492308000,63,509176742,1700492308229
1700492307000,1700492308000,54,465686073,1700492308316
1700492307000,1700492308000,13,521886194,1700492308334
1700492308000,1700492309000,47,230841717,1700492309127
1700492308000,1700492309000,100,177046913,1700492309138
1700492308000,1700492309000,24,997416655,1700492309166
1700492308000,1700492309000,63,511056668,1700492309283
1700492308000,1700492309000,54,240508533,1700492309336
1700492308000,1700492309000,13,530652269,1700492309373
1700492309000,1700492310000,24,719491650,1700492310100
1700492309000,1700492310000,63,335657318,1700492310190
1700492309000,1700492310000,100,223396552,1700492310203
1700492309000,1700492310000,47,131171303,1700492310203
1700492309000,1700492310000,13,230163132,1700492310262
1700492309000,1700492310000,54,261978200,1700492310293
1700492310000,1700492311000,100,250818925,1700492311104
1700492310000,1700492311000,47,126828319,1700492311118
1700492310000,1700492311000,24,874263838,1700492311120
1700492310000,1700492311000,13,200789034,1700492311127
1700492310000,1700492311000,54,242315123,1700492311133
1700492310000,1700492311000,63,205227337,1700492311228
1700492311000,1700492312000,100,289450656,1700492312126
1700492311000,1700492312000,13,260424487,1700492312165
1700492311000,1700492312000,47,292353703,1700492312167
1700492311000,1700492312000,24,472834088,1700492312303
1700492311000,1700492312000,54,297021817,1700492312309
1700492311000,1700492312000,63,244362955,1700492312382
1700492312000,1700492313000,47,616346208,1700492313069
1700492312000,1700492313000,24,428931109,1700492313095
1700492312000,1700492313000,13,349062671,1700492313104
1700492312000,1700492313000,54,296917717,1700492313123
1700492312000,1700492313000,63,310400193,1700492313180
1700492312000,1700492313000,100,285869981,1700492313180
1700492313000,1700492314000,47,469878904,1700492314121
1700492313000,1700492314000,24,537773083,1700492314140
1700492313000,1700492314000,13,337281960,1700492314150
1700492313000,1700492314000,100,217878171,1700492314158
1700492313000,1700492314000,63,294572119,1700492314260
1700492313000,1700492314000,54,352135586,1700492314281
1700492314000,1700492315000,13,283975549,1700492315167
1700492314000,1700492315000,54,451200990,1700492315170
1700492314000,1700492315000,47,403634011,1700492315172
1700492314000,1700492315000,63,349762853,1700492315213
1700492314000,1700492315000,24,597017090,1700492315275
1700492314000,1700492315000,100,196778100,1700492315330
1700492315000,1700492316000,47,284418461,1700492316073
1700492315000,1700492316000,13,141206852,1700492316110
1700492315000,1700492316000,54,340941393,1700492316162
1700492315000,1700492316000,24,397108805,1700492316192
1700492315000,1700492316000,63,620672493,1700492316242
1700492315000,1700492316000,100,139502287,1700492316243
1700492316000,1700492317000,13,91354411,1700492317116
1700492316000,1700492317000,24,516756600,1700492317127
1700492316000,1700492317000,100,158962105,1700492317135
1700492316000,1700492317000,54,187606879,1700492317230
1700492316000,1700492317000,63,441365203,1700492317235
1700492316000,1700492317000,47,445593992,1700492317291
1700492317000,1700492318000,24,647397051,1700492318133
1700492317000,1700492318000,54,283655347,1700492318149
1700492317000,1700492318000,63,163805783,1700492318193
1700492317000,1700492318000,100,204397975,1700492318198
1700492317000,1700492318000,47,502315867,1700492318297
1700492317000,1700492318000,13,301017283,1700492318298
1700492318000,1700492319000,24,508090658,1700492319088
1700492318000,1700492319000,100,102663478,1700492319137
1700492318000,1700492319000,54,292699450,1700492319199
1700492318000,1700492319000,47,440749569,1700492319214
1700492318000,1700492319000,63,218242925,1700492319238
1700492318000,1700492319000,13,274559917,1700492319242
1700492319000,1700492320000,24,710491325,1700492320106
1700492319000,1700492320000,54,534201065,1700492320120
1700492319000,1700492320000,63,235360655,1700492320206
1700492319000,1700492320000,47,320720865,1700492320262
1700492319000,1700492320000,13,108117488,1700492320277
1700492319000,1700492320000,100,123569363,1700492320298
1700492320000,1700492321000,13,109811125,1700492321144
1700492320000,1700492321000,54,829898410,1700492321166
1700492320000,1700492321000,47,224157253,1700492321178
1700492320000,1700492321000,63,268837038,1700492321264
1700492320000,1700492321000,100,148197329,1700492321264
1700492320000,1700492321000,24,645402388,1700492321292
1700492321000,1700492322000,54,365828045,1700492322103
1700492321000,1700492322000,47,256751625,1700492322142
1700492321000,1700492322000,63,485785288,1700492322206
1700492321000,1700492322000,13,234657237,1700492322305
1700492321000,1700492322000,100,123907976,1700492322342
1700492321000,1700492322000,24,804594981,1700492322381
1700492322000,1700492323000,24,336031773,1700492323102
1700492322000,1700492323000,13,67204073,1700492323139
1700492322000,1700492323000,47,324855442,1700492323155
1700492322000,1700492323000,54,292636211,1700492323165
1700492322000,1700492323000,63,648148971,1700492323296
1700492322000,1700492323000,100,197215123,1700492323297
1700492323000,1700492324000,47,372216942,1700492324103
1700492323000,1700492324000,100,274242496,1700492324113
1700492323000,1700492324000,13,169522332,1700492324145
1700492323000,1700492324000,54,313466066,1700492324168
1700492323000,1700492324000,63,1055755200,1700492324218
1700492323000,1700492324000,24,318100064,1700492324276
1700492324000,1700492325000,13,339217023,1700492325073
1700492324000,1700492325000,47,383786720,1700492325146
1700492324000,1700492325000,54,296684220,1700492325167
1700492324000,1700492325000,24,483749080,1700492325170
1700492324000,1700492325000,63,1128548685,1700492325260
1700492324000,1700492325000,100,236251208,1700492325342
1700492325000,1700492326000,13,315641637,1700492326097
1700492325000,1700492326000,47,176740110,1700492326106
1700492325000,1700492326000,24,653002782,1700492326125
1700492325000,1700492326000,54,396493168,1700492326129
1700492325000,1700492326000,63,1324498335,1700492326212
1700492325000,1700492326000,100,179840983,1700492326301
1700492326000,1700492327000,100,125020659,1700492327123
1700492326000,1700492327000,47,242065232,1700492327139
1700492326000,1700492327000,13,132091342,1700492327146
1700492326000,1700492327000,24,558913813,1700492327167
1700492326000,1700492327000,54,516708118,1700492327171
1700492326000,1700492327000,63,1335851789,1700492327216
1700492327000,1700492328000,13,159569929,1700492328094
1700492327000,1700492328000,54,381256209,1700492328098
1700492327000,1700492328000,47,710754935,1700492328156
1700492327000,1700492328000,24,787304706,1700492328178
1700492327000,1700492328000,100,201912045,1700492328244
1700492327000,1700492328000,63,718302742,1700492328254
1700492328000,1700492329000,54,463321127,1700492329102
1700492328000,1700492329000,100,177814023,1700492329105
1700492328000,1700492329000,47,494915396,1700492329194
1700492328000,1700492329000,63,684109372,1700492329213
1700492328000,1700492329000,24,588388248,1700492329256
1700492328000,1700492329000,13,200645226,1700492329259
1700492329000,1700492330000,47,699022556,1700492330105
1700492329000,1700492330000,24,348775293,1700492330130
1700492329000,1700492330000,13,262991654,1700492330140
1700492329000,1700492330000,54,398139892,1700492330164
1700492329000,1700492330000,100,248892009,1700492330294
1700492329000,1700492330000,63,859249885,1700492330294
1700492330000,1700492331000,47,951751265,1700492331148
1700492330000,1700492331000,13,238110459,1700492331197
1700492330000,1700492331000,54,449584506,1700492331243
1700492330000,1700492331000,100,218222743,1700492331311
1700492330000,1700492331000,24,295356004,1700492331311
1700492330000,1700492331000,63,578302480,1700492331398
1700492331000,1700492332000,47,1032063173,1700492332078
1700492331000,1700492332000,24,193473740,1700492332083
1700492331000,1700492332000,54,612457995,1700492332149
1700492331000,1700492332000,100,202312329,1700492332260
1700492331000,1700492332000,63,498429980,1700492332261
1700492331000,1700492332000,13,245527144,1700492332295
1700492332000,1700492333000,47,1382802213,1700492333123
1700492332000,1700492333000,13,381469376,1700492333132
1700492332000,1700492333000,24,576343178,1700492333149
1700492332000,1700492333000,54,563371897,1700492333169
1700492332000,1700492333000,100,290683834,1700492333266
1700492332000,1700492333000,63,513145261,1700492333278
1700492333000,1700492334000,54,605803540,1700492334079
1700492333000,1700492334000,13,286974496,1700492334169
1700492333000,1700492334000,24,664757847,1700492334187
1700492333000,1700492334000,63,649133920,1700492334197
1700492333000,1700492334000,100,357379029,1700492334275
1700492333000,1700492334000,47,1491148147,1700492334300
1700492334000,1700492335000,47,1211062245,1700492335120
1700492334000,1700492335000,100,257571055,1700492335165
1700492334000,1700492335000,54,593873746,1700492335202
1700492334000,1700492335000,13,232885531,1700492335241
1700492334000,1700492335000,24,345003145,1700492335260
1700492334000,1700492335000,63,644038330,1700492335291
1700492335000,1700492336000,54,340391506,1700492336112
1700492335000,1700492336000,47,1080041484,1700492336138
1700492335000,1700492336000,24,475510272,1700492336160
1700492335000,1700492336000,63,922737553,1700492336168
1700492335000,1700492336000,100,201709638,1700492336247
1700492335000,1700492336000,13,127366509,1700492336332
1700492336000,1700492337000,54,309286659,1700492337154
1700492336000,1700492337000,47,370288298,1700492337154
1700492336000,1700492337000,13,117467013,1700492337176
1700492336000,1700492337000,100,259450043,1700492337176
1700492336000,1700492337000,63,873531127,1700492337195
1700492336000,1700492337000,24,794021802,1700492337313
1700492337000,1700492338000,24,665233459,1700492338102
1700492337000,1700492338000,13,179203385,1700492338111
1700492337000,1700492338000,100,254091206,1700492338120
1700492337000,1700492338000,47,532281139,1700492338173
1700492337000,1700492338000,54,341539647,1700492338185
1700492337000,1700492338000,63,896193661,1700492338317
1700492338000,1700492339000,47,479194821,1700492339117
1700492338000,1700492339000,24,654878617,1700492339127
1700492338000,1700492339000,100,322468618,1700492339150
1700492338000,1700492339000,13,121938189,1700492339183
1700492338000,1700492339000,54,425696627,1700492339284
1700492338000,1700492339000,63,673149068,1700492339374
1700492339000,1700492340000,13,135658333,1700492340143
1700492339000,1700492340000,54,753611499,1700492340150
1700492339000,1700492340000,47,1089266901,1700492340168
1700492339000,1700492340000,63,613255128,1700492340198
1700492339000,1700492340000,100,345896928,1700492340210
1700492339000,1700492340000,24,798167614,1700492340337
1700492340000,1700492341000,24,619664195,1700492341099
1700492340000,1700492341000,63,219057256,1700492341105
1700492340000,1700492341000,47,1256890276,1700492341105
1700492340000,1700492341000,100,349626745,1700492341122
1700492340000,1700492341000,13,292218754,1700492341173
1700492340000,1700492341000,54,504754061,1700492341196
1700492341000,1700492342000,13,237482409,1700492342083
1700492341000,1700492342000,54,467039219,1700492342118
1700492341000,1700492342000,47,801830245,1700492342138
1700492341000,1700492342000,24,563581164,1700492342159
1700492341000,1700492342000,63,214050680,1700492342166
1700492341000,1700492342000,100,355208995,1700492342268
1700492342000,1700492343000,24,536744677,1700492343081
1700492342000,1700492343000,100,163538810,1700492343183
1700492342000,1700492343000,63,374842738,1700492343287
1700492342000,1700492343000,54,449111389,1700492343310
1700492342000,1700492343000,13,158096436,1700492343311
1700492342000,1700492343000,47,775067213,1700492343316
1700492343000,1700492344000,13,264689561,1700492344111
1700492343000,1700492344000,47,607548104,1700492344121
1700492343000,1700492344000,24,665560610,1700492344122
1700492343000,1700492344000,100,127915235,1700492344126
1700492343000,1700492344000,54,567631606,1700492344216
1700492343000,1700492344000,63,281396895,1700492344350
1700492344000,1700492345000,47,521807504,1700492345132
1700492344000,1700492345000,54,469320428,1700492345139
1700492344000,1700492345000,13,312633694,1700492345147
1700492344000,1700492345000,24,623495434,1700492345156
1700492344000,1700492345000,63,274325265,1700492345243
1700492344000,1700492345000,100,216646792,1700492345335
1700492345000,1700492346000,100,185034254,1700492346097
1700492345000,1700492346000,47,502628186,1700492346152
1700492345000,1700492346000,13,238508126,1700492346160
1700492345000,1700492346000,54,591327852,1700492346167
1700492345000,1700492346000,63,203581328,1700492346211
1700492345000,1700492346000,24,933551525,1700492346221
1700492346000,1700492347000,13,77938090,1700492347105
1700492346000,1700492347000,24,908786798,1700492347139
1700492346000,1700492347000,100,252418844,1700492347151
1700492346000,1700492347000,47,532316464,1700492347233
1700492346000,1700492347000,54,342038690,1700492347252
1700492346000,1700492347000,63,168082759,1700492347317
1700492347000,1700492348000,13,281040497,1700492348135
1700492347000,1700492348000,54,357297337,1700492348149
1700492347000,1700492348000,24,583139152,1700492348166
1700492347000,1700492348000,47,525050404,1700492348182
1700492347000,1700492348000,100,299211745,1700492348353
1700492347000,1700492348000,63,227387726,1700492348438
1700492348000,1700492349000,54,387297509,1700492349093
1700492348000,1700492349000,100,254592943,1700492349099
1700492348000,1700492349000,63,294627805,1700492349207
1700492348000,1700492349000,47,394864280,1700492349254
1700492348000,1700492349000,24,576211629,1700492349257
1700492348000,1700492349000,13,84161699,1700492349383
1700492349000,1700492350000,13,235487879,1700492350117
1700492349000,1700492350000,54,268859100,1700492350120
1700492349000,1700492350000,63,305483493,1700492350151
1700492349000,1700492350000,100,194962857,1700492350151
1700492349000,1700492350000,24,735319839,1700492350154
1700492349000,1700492350000,47,295904622,1700492350304
1700492350000,1700492351000,54,294344664,1700492351093
1700492350000,1700492351000,24,587165556,1700492351120
1700492350000,1700492351000,47,290757315,1700492351144
1700492350000,1700492351000,100,257888021,1700492351181
1700492350000,1700492351000,63,258786973,1700492351275
1700492350000,1700492351000,13,90995693,1700492351322
1700492351000,1700492352000,100,372731140,1700492352095
1700492351000,1700492352000,47,226663124,1700492352127
1700492351000,1700492352000,63,109233299,1700492352215
1700492351000,1700492352000,24,494504663,1700492352268
1700492351000,1700492352000,54,523567554,1700492352272
1700492351000,1700492352000,13,245894971,1700492352524
1700492352000,1700492353000,100,415659948,1700492353167
1700492352000,1700492353000,54,553888658,1700492353169
1700492352000,1700492353000,63,254354347,1700492353171
1700492352000,1700492353000,47,307075066,1700492353219
1700492352000,1700492353000,24,590153000,1700492353287
1700492352000,1700492353000,13,175153960,1700492353439
1700492353000,1700492354000,54,375777089,1700492354084
1700492353000,1700492354000,63,292118551,1700492354106
1700492353000,1700492354000,100,297733148,1700492354118
1700492353000,1700492354000,47,222669156,1700492354196
1700492353000,1700492354000,24,652393222,1700492354213
1700492353000,1700492354000,13,297122586,1700492354297
1700492354000,1700492355000,47,111226856,1700492355109
1700492354000,1700492355000,100,277167991,1700492355130
1700492354000,1700492355000,24,709147888,1700492355160
1700492354000,1700492355000,13,261302455,1700492355178
1700492354000,1700492355000,63,326539700,1700492355239
1700492354000,1700492355000,54,262112549,1700492355241
1700492355000,1700492356000,13,307281785,1700492356095
1700492355000,1700492356000,54,211711611,1700492356167
1700492355000,1700492356000,47,192834667,1700492356172
1700492355000,1700492356000,100,124480202,1700492356191
1700492355000,1700492356000,24,646330412,1700492356263
1700492355000,1700492356000,63,326958324,1700492356310
1700492356000,1700492357000,100,256626223,1700492357119
1700492356000,1700492357000,54,213155910,1700492357149
1700492356000,1700492357000,13,318857912,1700492357264
1700492356000,1700492357000,47,337108687,1700492357327
1700492356000,1700492357000,24,482273979,1700492357343
1700492356000,1700492357000,63,347200870,1700492357546
1700492357000,1700492358000,54,159970388,1700492358106
1700492357000,1700492358000,47,720220529,1700492358113
1700492357000,1700492358000,100,264203080,1700492358146
1700492357000,1700492358000,13,269061466,1700492358170
1700492357000,1700492358000,24,735212529,1700492358344
1700492357000,1700492358000,63,372879076,1700492358344
1700492358000,1700492359000,13,171008246,1700492359124
1700492358000,1700492359000,54,145337359,1700492359126
1700492358000,1700492359000,47,622396486,1700492359131
1700492358000,1700492359000,24,677051731,1700492359183
1700492358000,1700492359000,100,312024454,1700492359203
1700492358000,1700492359000,63,432573675,1700492359308
1700492359000,1700492360000,54,336852867,1700492360184
1700492359000,1700492360000,100,205638978,1700492360239
1700492359000,1700492360000,13,99807078,1700492360315
1700492359000,1700492360000,24,281352516,1700492360328
1700492359000,1700492360000,63,525496488,1700492360330
1700492359000,1700492360000,47,366155837,1700492360383
1700492360000,1700492361000,47,207534424,1700492361084
1700492360000,1700492361000,13,259483825,1700492361107
1700492360000,1700492361000,100,234589493,1700492361144
1700492360000,1700492361000,24,202346198,1700492361183
1700492360000,1700492361000,54,302033324,1700492361255
1700492360000,1700492361000,63,515169297,1700492361365
1700492361000,1700492362000,13,300652824,1700492362133
1700492361000,1700492362000,100,204430990,1700492362143
1700492361000,1700492362000,54,433734872,1700492362159
1700492361000,1700492362000,24,335816474,1700492362241
1700492361000,1700492362000,63,129832825,1700492362336
1700492361000,1700492362000,47,277335938,1700492362397
1700492362000,1700492363000,13,236049874,1700492363069
1700492362000,1700492363000,24,422494036,1700492363145
1700492362000,1700492363000,54,454811485,1700492363206
1700492362000,1700492363000,100,252319084,1700492363225
1700492362000,1700492363000,63,396841373,1700492363225
1700492362000,1700492363000,47,59552571,1700492363336
1700492363000,1700492364000,47,276750588,1700492364086
1700492363000,1700492364000,100,320734658,1700492364100
1700492363000,1700492364000,13,317799604,1700492364263
1700492363000,1700492364000,63,437649926,1700492364327
1700492363000,1700492364000,24,321183397,1700492364341
1700492363000,1700492364000,54,317822689,1700492364423
1700492364000,1700492365000,24,202138977,1700492365112
1700492364000,1700492365000,13,187214458,1700492365116
1700492364000,1700492365000,47,371614600,1700492365146
1700492364000,1700492365000,100,301132381,1700492365163
1700492364000,1700492365000,63,451563611,1700492365290
1700492364000,1700492365000,54,294594494,1700492365477
1700492365000,1700492366000,13,255550497,1700492366085
1700492365000,1700492366000,63,343324068,1700492366219
1700492365000,1700492366000,24,341697911,1700492366303
1700492365000,1700492366000,100,275941589,1700492366324
1700492365000,1700492366000,47,480829775,1700492366331
1700492365000,1700492366000,54,452264527,1700492366345
1700492366000,1700492367000,13,102259206,1700492367150
1700492366000,1700492367000,24,318088967,1700492367157
1700492366000,1700492367000,100,178324571,1700492367244
1700492366000,1700492367000,54,394896997,1700492367246
1700492366000,1700492367000,47,361789127,1700492367250
1700492366000,1700492367000,63,529203504,1700492367423
1700492367000,1700492368000,47,312193464,1700492368118
1700492367000,1700492368000,24,241475283,1700492368135
1700492367000,1700492368000,63,417221644,1700492368159
1700492367000,1700492368000,100,160893430,1700492368159
1700492367000,1700492368000,54,872455047,1700492368273
1700492367000,1700492368000,13,214366763,1700492368303
1700492368000,1700492369000,13,173468497,1700492369074
1700492368000,1700492369000,54,896565028,1700492369088
1700492368000,1700492369000,100,92864495,1700492369114
1700492368000,1700492369000,47,331472442,1700492369157
1700492368000,1700492369000,24,443921123,1700492369159
1700492368000,1700492369000,63,724241269,1700492369208
1700492369000,1700492370000,13,125471718,1700492370136
1700492369000,1700492370000,54,1104349733,1700492370264
1700492369000,1700492370000,100,72211939,1700492370277
1700492369000,1700492370000,47,314975897,1700492370331
1700492369000,1700492370000,24,429568985,1700492370346
1700492369000,1700492370000,63,817766352,1700492370389
1700492370000,1700492371000,24,617062285,1700492371134
1700492370000,1700492371000,100,68199535,1700492371177
1700492370000,1700492371000,13,234896584,1700492371289
1700492370000,1700492371000,54,629392724,1700492371355
1700492370000,1700492371000,63,489806270,1700492371405
1700492370000,1700492371000,47,318549715,1700492371569
1700492371000,1700492372000,13,53167745,1700492372070
1700492371000,1700492372000,24,683580853,1700492372145
1700492371000,1700492372000,54,594490060,1700492372218
1700492371000,1700492372000,100,89781660,1700492372243
1700492371000,1700492372000,47,293222868,1700492372490
1700492371000,1700492372000,63,455698434,1700492372518
1700492372000,1700492373000,13,165135644,1700492373145
1700492372000,1700492373000,100,164083300,1700492373155
1700492372000,1700492373000,54,451742896,1700492373267
1700492372000,1700492373000,63,529797900,1700492373273
1700492372000,1700492373000,24,586071946,1700492373363
1700492372000,1700492373000,47,333922964,1700492373385
1700492373000,1700492374000,100,161201768,1700492374174
1700492373000,1700492374000,24,644033713,1700492374241
1700492373000,1700492374000,63,933848702,1700492374273
1700492373000,1700492374000,54,413336869,1700492374288
1700492373000,1700492374000,47,431361338,1700492374347
1700492373000,1700492374000,13,69395789,1700492374478
1700492374000,1700492375000,13,150781900,1700492375101
1700492374000,1700492375000,47,326804008,1700492375106
1700492374000,1700492375000,100,121664090,1700492375118
1700492374000,1700492375000,24,590646112,1700492375135
1700492374000,1700492375000,54,433943530,1700492375182
1700492374000,1700492375000,63,784452111,1700492375219
1700492375000,1700492376000,54,318263173,1700492376096
1700492375000,1700492376000,13,298157654,1700492376111
1700492375000,1700492376000,100,240548621,1700492376124
1700492375000,1700492376000,47,538231041,1700492376141
1700492375000,1700492376000,24,765016040,1700492376185
1700492375000,1700492376000,63,814034519,1700492376338
1700492376000,1700492377000,24,605063096,1700492377079
1700492376000,1700492377000,47,344245554,1700492377154
1700492376000,1700492377000,13,269648277,1700492377167
1700492376000,1700492377000,54,347056092,1700492377179
1700492376000,1700492377000,63,557524781,1700492377192
1700492376000,1700492377000,100,240473879,1700492377295
1700492377000,1700492378000,100,170510508,1700492378084
1700492377000,1700492378000,13,344954534,1700492378091
1700492377000,1700492378000,54,361413487,1700492378096
1700492377000,1700492378000,47,613765224,1700492378242
1700492377000,1700492378000,24,139009878,1700492378334
1700492377000,1700492378000,63,603810452,1700492378420
1700492378000,1700492379000,24,229482987,1700492379057
1700492378000,1700492379000,47,932192422,1700492379118
1700492378000,1700492379000,13,380980473,1700492379142
1700492378000,1700492379000,100,150614395,1700492379147
1700492378000,1700492379000,54,585586459,1700492379191
1700492378000,1700492379000,63,801138182,1700492379378
1700492379000,1700492380000,13,349257268,1700492380168
1700492379000,1700492380000,54,322700937,1700492380238
1700492379000,1700492380000,24,350112509,1700492380276
1700492379000,1700492380000,47,999824775,1700492380346
1700492379000,1700492380000,100,112534416,1700492380410
1700492379000,1700492380000,63,731709955,1700492380478
1700492380000,1700492381000,63,794789861,1700492381097
1700492380000,1700492381000,100,140529793,1700492381111
1700492380000,1700492381000,54,179275227,1700492381127
1700492380000,1700492381000,13,83966082,1700492381222
1700492380000,1700492381000,47,512976988,1700492381235
1700492380000,1700492381000,24,468979712,1700492381330
1700492381000,1700492382000,54,399709814,1700492382106
1700492381000,1700492382000,47,523845484,1700492382138
1700492381000,1700492382000,63,520292911,1700492382183
1700492381000,1700492382000,13,284088132,1700492382276
1700492381000,1700492382000,100,88322538,1700492382292
1700492381000,1700492382000,24,630598015,1700492382460
